Duration	Worker	LocalStep	GlobalStep	Loss	ExamplesPerSec
35.0354290009	0	10	16	4.52347	36.5344463163
53.4592039585	0	20	63	4.56377	23.9434915827
57.2705259323	0	30	117	4.44741	22.3500653986
49.423635006	0	40	155	4.36178	25.8985402398
29.5094730854	0	50	193	4.03849	43.3759015722
119.49740696	0	60	233	4.02338	10.7115295015
66.000672102	0	70	266	4.12161	19.3937419004
40.9938540459	0	80	304	3.91832	31.2241927428
162.976312876	0	90	342	3.85946	7.85390206352
136.586189985	0	100	389	3.60938	9.37137202625
65.4307141304	0	110	425	3.57854	19.5626781247
208.005668879	0	120	485	3.8633	6.15367844012
167.595798016	0	130	552	3.9453	7.63742298528
89.9247319698	0	140	592	3.53828	14.234126385
55.809139967	0	150	656	3.6344	22.9353113264
48.6443731785	0	160	701	3.22649	26.3134236575
57.1715729237	0	170	737	3.03933	22.3887490678
110.849756956	0	180	796	3.10633	11.5471610868
120.35819912	0	190	837	2.88612	10.634921504
129.557979822	0	200	880	3.01002	9.87974651779
127.095613956	0	210	921	3.01005	10.0711579271
131.620669127	0	220	960	2.91879	9.72491637138
23.4032509327	0	230	999	2.93053	54.6932562353
65.9893989563	0	240	1037	2.69066	19.3970549853
28.3745400906	0	250	1081	2.7631	45.1108633273
72.1814529896	0	260	1113	2.8783	17.7330871988
100.250741005	0	270	1148	2.63778	12.767985425
33.255343914	0	280	1180	2.59732	38.49005451
96.5752241611	0	290	1216	2.95045	13.2539169452
9.12048983574	0	300	1247	2.68228	140.343339344
59.608314991	0	310	1285	2.50067	21.4735142269
140.032862186	0	320	1321	2.48868	9.14071154452
79.1350989342	0	330	1362	2.3966	16.1748707873
147.474450111	0	340	1401	2.2951	8.6794695558
115.984290838	0	350	1439	2.39295	11.0359772927
58.5333521366	0	360	1496	2.49383	21.8678745241
10.3835258484	0	370	1535	2.47256	123.272192769
54.6915810108	0	380	1583	2.23023	23.4039677834
31.0233790874	0	390	1620	2.44642	41.2592063679
22.3596110344	0	400	1660	2.39293	57.2460763307
142.991797924	0	410	1699	2.07346	8.95156238738
76.6539230347	0	420	1735	2.18411	16.6984278081
31.1904828548	0	430	1769	2.2181	41.0381591704
129.632428169	0	440	1812	2.12039	9.87407254556
118.295889854	0	450	1854	2.17967	10.8203252165
45.2830910683	0	460	1922	1.93299	28.2666215977
90.5520269871	0	470	1977	2.2239	14.1355201268
33.6620149612	0	480	2016	2.22914	38.0250558819
90.3053619862	0	490	2054	2.11289	14.174130659
240.458623171	0	500	2098	2.35264	5.32316114565
30.5752959251	0	510	2150	1.95597	41.8638630067
115.659502029	0	520	2188	1.72914	11.0669679321
109.74633193	0	530	2226	2.22935	11.6632599695
55.4802670479	0	540	2261	1.7878	23.0712660214
118.748960972	0	550	2303	2.13468	10.7790416819
126.774730921	0	560	2349	1.93203	10.0966493141
153.000108004	0	570	2387	1.82296	8.36600716628
95.9905970097	0	580	2435	1.73246	13.3346394321
187.001043081	0	590	2478	1.90963	6.84488160552
106.02105689	0	600	2519	1.98741	12.0730733832
70.2803280354	0	610	2564	1.67695	18.2127778253
31.0336940289	0	620	2614	1.97421	41.2454926832
22.8222620487	0	630	2650	1.76675	56.0855885919
30.7782928944	0	640	2685	1.83202	41.5877516142
92.788339138	0	650	2740	1.93636	13.7948368501
38.0876619816	0	660	2780	1.75828	33.6066834614
91.2648320198	0	670	2816	1.68067	14.02511758
53.7566659451	0	680	2854	1.5399	23.8110005057
66.1483359337	0	690	2900	1.63046	19.3504489861
133.023571014	0	700	2948	1.59344	9.62235482207
76.7118980885	0	710	2987	1.76001	16.6858079632
32.2731108665	0	720	3017	1.5912	39.6615004142
61.3595430851	0	730	3072	2.16116	20.8606507748
50.7070660591	0	740	3128	1.54437	25.2430302023
24.3041079044	0	750	3166	1.59971	52.665993956
25.2745070457	0	760	3211	1.50557	50.6439155345
83.3697619438	0	770	3248	1.74764	15.3532884124
206.989923	0	780	3314	1.49556	6.18387591747
37.0473361015	0	790	3358	1.4071	34.5503924086
10.1080698967	0	800	3401	1.94529	126.631494744
19.0715680122	0	810	3429	1.64816	67.1156141529
151.508757114	0	820	3473	1.78978	8.44835654637
229.284240007	0	830	3515	1.77591	5.58259041249
46.1680119038	0	840	3546	1.4823	27.7248239034
29.699146986	0	850	3591	1.62469	43.098880941
29.5391170979	0	860	3639	1.55884	43.3323716399
28.2146470547	0	870	3676	1.48128	45.3665075987
109.377411842	0	880	3718	1.45235	11.7025990873
67.278865099	0	890	3757	1.49988	19.0252911983
199.725615978	0	900	3811	1.44517	6.4087923511
121.497217894	0	910	3854	1.47086	10.5352206593
51.762925148	0	920	3888	1.42286	24.7281233883
44.4729149342	0	930	3928	1.3985	28.7815629332
103.970055103	0	940	3964	2.10818	12.3112371031
8.27891683578	0	950	4005	1.55818	154.609597534
56.0577230453	0	960	4043	1.3984	22.8336066908
139.945523977	0	970	4077	1.507	9.14641614553
163.939865112	0	980	4112	1.4427	7.80774096113
8.454818964	0	990	4146	1.2424	151.392951812
73.7090449333	0	1000	4186	1.42246	17.3655757059
125.514006138	0	1010	4227	1.31865	10.1980650557
118.003777981	0	1020	4265	1.36259	10.8471103375
58.3593428135	0	1030	4300	1.42084	21.9330776923
100.711916208	0	1040	4340	1.4342	12.7095188751
36.0152339935	0	1050	4377	1.28454	35.5405160003
168.536611795	0	1060	4419	1.29297	7.59478896819
169.82653904	0	1070	4460	1.29334	7.5371023118
172.61542511	0	1080	4502	7.254	7.41532802868
49.8548870087	0	1090	4535	2.92905	25.6745141109
32.6955199242	0	1100	4560	3.02162	39.1490945233
131.895085096	0	1110	4593	2.69381	9.70468307492
66.9411978722	0	1120	4630	3.15017	19.1212592647
107.956858158	0	1130	4677	2.76792	11.8565881023
93.0680568218	0	1140	4721	2.74648	13.753376225
116.945261002	0	1150	4759	2.77717	10.9452917462
179.75733614	0	1160	4797	2.85204	7.12071077314
102.013188839	0	1170	4826	2.70942	12.5473972
120.187973022	0	1180	4858	2.73341	10.6499840859
97.9917271137	0	1190	4892	2.73875	13.062327175
195.009187937	0	1200	4932	2.49361	6.56379329375
238.000705957	0	1210	4971	2.52871	5.37813530784
18.4948379993	0	1220	5012	2.34172	69.2085002337
141.503149033	0	1230	5049	2.47735	9.04573508612
170.168729067	0	1240	5098	2.27934	7.5219460533
196.858013868	0	1250	5136	2.24638	6.50214829891
131.973359108	0	1260	5179	2.01446	9.69892718236
161.016261101	0	1270	5216	2.01378	7.94950765376
24.7153480053	0	1280	5270	2.09785	51.7896814451
21.109459877	0	1290	5317	2.13374	60.6363216992
7.50398993492	0	1300	5346	1.78617	170.575921756
65.0476679802	0	1310	5381	2.22107	19.6778768516
13.0110461712	0	1320	5424	1.87572	98.3779461819
20.9765708447	0	1330	5454	2.57132	61.0204598969
22.8355951309	0	1340	5492	2.01466	56.0528417438
30.0344810486	0	1350	5543	1.88991	42.6176832531
126.748780966	0	1360	5585	1.77432	10.0987164551
153.550674915	0	1370	5627	1.6509	8.33601025008
107.866943121	0	1380	5674	1.69973	11.8664714413
94.7362627983	0	1390	5718	1.73742	13.5111937308
183.867962122	0	1400	5750	1.86257	6.9615173042
81.9649579525	0	1410	5794	1.66897	15.6164296545
303.01413393	0	1420	5836	1.71369	4.22422539635
100.007837057	0	1430	5873	1.5958	12.7989969353
133.022447109	0	1440	5910	1.68046	9.62243612124
76.9454498291	0	1450	5944	1.89706	16.6351617002
76.6345930099	0	1460	5980	1.66298	16.7026397574
8.30953717232	0	1470	6009	1.53462	154.039866897
32.3127369881	0	1480	6049	1.56881	39.6128622739
61.7613799572	0	1490	6097	1.49274	20.7249255261
60.9915549755	0	1500	6142	1.67775	20.9865119936
177.020037889	0	1510	6183	1.59654	7.23081982843
282.996927023	0	1520	6218	1.60066	4.52301731141
185.614503145	0	1530	6261	1.67073	6.89601285627
161.596854925	0	1540	6305	1.60982	7.92094623743
159.507189035	0	1550	6357	1.30226	8.02471667729
147.55871892	0	1560	6414	1.57771	8.67451282697
20.5422141552	0	1570	6456	1.53195	62.3107124835
42.607033968	0	1580	6495	1.53456	30.0419879253
120.580921888	0	1590	6530	1.40659	10.6152779391
199.033442974	0	1600	6576	1.31778	6.43108002793
76.956444025	0	1610	6623	1.54733	16.6327851581
98.9902150631	0	1620	6659	1.49974	12.9305709578
76.2624208927	0	1630	6696	1.33456	16.7841511588
55.8247401714	0	1640	6732	1.56458	22.9289020615
121.27967	0	1650	6774	1.30074	10.5541184273
23.8803589344	0	1660	6805	1.43716	53.6005343771
127.256227016	0	1670	6840	1.68384	10.0584468832
45.0648229122	0	1680	6880	1.33934	28.4035289009
101.443598986	0	1690	6917	3.85927	12.6178488618
65.8350820541	0	1700	6957	1.96168	19.4425215259
38.6398940086	0	1710	6994	1.62123	33.1263848631
149.906672955	0	1720	7049	1.54129	8.53864591063
34.6551611423	0	1730	7086	1.51221	36.9353353961
58.9596178532	0	1740	7127	1.58232	21.7097743609
59.989287138	0	1750	7164	1.33982	21.3371430312
190.556768894	0	1760	7214	1.70753	6.71715839552
11.6894340515	0	1770	7245	1.42413	109.500596381
25.7723879814	0	1780	7292	1.31032	49.6655568325
102.983114004	0	1790	7327	1.30449	12.4292221339
81.6298499107	0	1800	7378	1.55007	15.6805384476
187.424067974	0	1810	7430	1.28355	6.8294323874
160.521018982	0	1820	7468	1.64955	7.97403360705
40.7927122116	0	1830	7507	1.29998	31.3781538565
111.28587079	0	1840	7551	1.21183	11.5019093701
156.138696194	0	1850	7587	1.17313	8.19783968487
101.230108023	0	1860	7660	1.67384	12.6444594894
82.9895968437	0	1870	7703	1.19493	15.4236199317
72.5188691616	0	1880	7735	1.16513	17.6505785983
7.61544084549	0	1890	7757	1.16871	168.079567023
82.6193189621	0	1900	7793	1.32163	15.4927445067
178.220592976	0	1910	7858	1.08893	7.18211054418
24.8069951534	0	1920	7896	1.18096	51.5983492593
32.6668150425	0	1930	7952	1.23823	39.1834954934
20.4607930183	0	1940	7986	1.14286	62.5586700795
42.0863759518	0	1950	8029	1.09338	30.4136426825
53.9944758415	0	1960	8080	1.23588	23.7061288225
71.9789180756	0	1970	8172	1.15549	17.7829847158
11.5454609394	0	1980	8222	0.974413	110.866080334
10.7101700306	0	1990	8288	1.05447	119.512575089
8.09017205238	0	2000	8342	1.23793	158.216659882
4.70202207565	0	2010	8399	1.17208	272.223307208
4.53739595413	0	2020	8422	1.09796	282.10013253
4.5960688591	0	2030	8462	1.145	278.498873546
4.59332323074	0	2040	8496	1.20223	278.665344392
5.47273683548	0	2050	8567	0.931399	233.886634508
5.53570914268	0	2060	8595	1.04678	231.226021275
4.52651691437	0	2070	8647	1.13359	282.77813255
16.4461638927	0	2080	8657	1.00339	77.8296998831
3.58223700523	0	2090	8770	1.27763	357.318624683
5.16696000099	0	2100	8797	1.02805	247.727870886
2.84036111832	0	2110	8821	0.978725	450.646923641
2.88597202301	0	2120	8841	0.96025	443.524743066
10.5513598919	0	2130	8883	1.15783	121.311377217
7.60521697998	0	2140	8940	1.07327	168.305520193
4.76734519005	0	2150	8972	1.07503	268.493249172
2.73512291908	0	2160	8988	0.975887	467.986279911
7.2218849659	0	2170	9042	1.11948	177.239045768
8.9460940361	0	2180	9086	0.993178	143.07920248
10.3140320778	0	2190	9154	1.21721	124.102774778
4.70075488091	0	2200	9197	1.26245	272.296691155
2.66734409332	0	2210	9227	1.17455	479.87809417
9.04192090034	0	2220	9265	1.03998	141.562839811
3.97686004639	0	2230	9292	1.18381	321.861967751
4.39095592499	0	2240	9346	0.968645	291.508277894
8.40784811974	0	2250	9421	1.16554	152.238715754
6.84788393974	0	2260	9468	1.21103	186.919055764
16.6556010246	0	2270	9546	1.14361	76.8510243556
3.25589895248	0	2280	9576	1.03037	393.132593695
5.38729095459	0	2290	9619	1.08102	237.596226153
4.25996613503	0	2300	9649	0.941527	300.471872177
4.81140494347	0	2310	9668	0.944747	266.034560599
2.70625901222	0	2320	9696	0.946778	472.977639693
8.30817294121	0	2330	9733	1.08329	154.065160783
6.29437994957	0	2340	9781	1.04843	203.356011276
5.59766316414	0	2350	9806	1.02712	228.666849445
5.68250989914	0	2360	9847	1.10579	225.252577245
3.85314393044	0	2370	9886	1.03003	332.196259239
3.55696296692	0	2380	9906	0.945155	359.857555984
5.07864117622	0	2390	9944	1.01464	252.035919764
8.34024190903	0	2400	9997	1.03463	153.472766613
7.42097902298	0	2410	10049	1.19786	172.483980353
2.78953504562	0	2420	10084	1.09489	458.857830809
2.93206191063	0	2430	10113	0.969823	436.552855641
2.6858150959	0	2440	10137	1.25786	476.577855994
10.8055899143	0	2450	10188	1.05269	118.457206885
4.59255099297	0	2460	10234	0.893889	278.71220199
15.3357441425	0	2470	10268	1.06118	83.4651379225
11.5808978081	0	2480	10408	1.03707	110.526836625
2.7767829895	0	2490	10426	0.985441	460.965082557
3.81612014771	0	2500	10455	1.16674	335.419208635
8.09901094437	0	2510	10511	1.02513	158.04398942
2.66064190865	0	2520	10529	0.996233	481.086912087
7.08369898796	0	2530	10576	1.17757	180.696554466
6.44028806686	0	2540	10617	1.18315	198.748873763
4.67896294594	0	2550	10647	1.05463	273.564893501
8.42865419388	0	2560	10697	1.12388	151.862915545
2.6777908802	0	2570	10717	1.11601	478.005959862
13.304336071	0	2580	10763	1.04077	96.2092353326
3.17355704308	0	2590	10787	0.977087	403.332910871
2.95891880989	0	2600	10817	1.00946	432.590443415
22.3496310711	0	2610	10880	1.06628	57.2716388887
29.1535959244	0	2620	11022	0.995051	43.9053900356
2.71802806854	0	2630	11094	1.08402	470.929647421
2.78513813019	0	2640	11121	0.969477	459.58223261
3.96863079071	0	2650	11164	1.15065	322.52937285
7.36145305634	0	2660	11207	0.942631	173.878715276
4.63823795319	0	2670	11264	1.04999	275.966867789
3.88410520554	0	2680	11280	0.967403	329.548231128
3.57671499252	0	2690	11299	1.19863	357.870281159
3.22955393791	0	2700	11331	1.0495	396.339564103
3.84593892097	0	2710	11356	1.11775	332.818598085
7.83486509323	0	2720	11376	1.01221	163.372308874
11.584717989	0	2730	11476	1.16525	110.490389254
3.4145128727	0	2740	11505	1.05576	374.870456701
3.37987112999	0	2750	11549	1.04707	378.712664114
7.42242598534	0	2760	11587	1.20767	172.450355521
11.7407839298	0	2770	11643	1.05117	109.021680976
2.74149298668	0	2780	11663	1.11497	466.898878173
3.45374298096	0	2790	11680	1.18922	370.612407193
5.79858398438	0	2800	11725	1.09475	220.74354764
3.35402107239	0	2810	11763	1.06958	381.631472306
2.75833797455	0	2820	11790	1.08668	464.047557555
17.7895870209	0	2830	11902	1.05378	71.9522043147
2.8694589138	0	2840	11927	1.19282	446.077131073
7.87867212296	0	2850	11988	1.05268	162.463925396
3.10106492043	0	2860	12019	1.15109	412.761432877
4.54746413231	0	2870	12052	1.08022	281.475557093
2.76646900177	0	2880	12076	1.03858	462.68365891
3.08493185043	0	2890	12097	1.07275	414.920024836
8.31507515907	0	2900	12144	1.10371	153.937273628
2.86013197899	0	2910	12172	1.13345	447.531795527
2.68769788742	0	2920	12188	1.00122	476.244002717
11.0593490601	0	2930	12275	1.13902	115.739180765
4.6622300148	0	2940	12307	1.00687	274.546728912
4.12724494934	0	2950	12324	1.16402	310.134245898
3.46405410767	0	2960	12355	0.980049	369.509239815
3.98912382126	0	2970	12393	1.01021	320.872466575
9.47847318649	0	2980	12477	1.0208	135.042846545
4.23469781876	0	2990	12501	0.875315	302.264778925
4.40746212006	0	3000	12541	1.00286	290.416562896
2.80356001854	0	3010	12568	1.06514	456.562367681
4.59859085083	0	3020	12609	0.984857	278.346137224
13.8723402023	0	3030	12683	1.00405	92.2699401349
15.5845928192	0	3040	12786	1.13206	82.1323992772
3.59176802635	0	3050	12820	0.965628	356.370453384
3.94840717316	0	3060	12862	1.01525	324.181358169
2.83060693741	0	3070	12889	0.893666	452.199838517
2.96134996414	0	3080	12923	0.945738	432.235303324
2.76499795914	0	3090	12946	1.06959	462.929817279
6.22023200989	0	3100	12990	1.22906	205.780105624
3.59256505966	0	3110	13026	1.06569	356.291390342
4.60301494598	0	3120	13060	1.15204	278.078610437
2.7581319809	0	3130	13077	1.04449	464.082215378
2.77284002304	0	3140	13109	1.01775	461.620572901
19.9786040783	0	3150	13199	0.984029	64.0685402736
11.7030808926	0	3160	13267	1.01937	109.372908873
5.46828913689	0	3170	13306	0.984706	234.076869009
2.73319888115	0	3180	13345	1.0663	468.315719294
12.2290630341	0	3190	13376	0.999572	104.66868937
2.85355591774	0	3200	13428	1.0743	448.563139079
2.80441713333	0	3210	13461	1.10466	456.422828397
5.17042899132	0	3220	13497	1.00101	247.561663094
4.04666900635	0	3230	13528	1.00222	316.309537052
17.049038887	0	3240	13625	1.03919	75.077545924
13.353372097	0	3250	13717	1.03076	95.8559374142
5.87240505219	0	3260	13770	1.09059	217.968615691
11.122481823	0	3270	13836	1.13509	115.082228982
7.36703014374	0	3280	13905	0.989956	173.747083292
2.75752997398	0	3290	13944	1.08781	464.183530941
5.6117579937	0	3300	13977	1.10936	228.092516006
8.99603390694	0	3310	14019	1.17404	142.284923917
2.82911705971	0	3320	14052	1.09289	452.437977286
2.82181406021	0	3330	14079	1.15624	453.608909973
5.46561193466	0	3340	14106	1.20172	234.191526091
7.79174590111	0	3350	14164	1.04838	164.276404319
3.94190120697	0	3360	14193	1.15478	324.716407843
2.60051083565	0	3370	14225	1.02378	492.210985032
3.96946716309	0	3380	14258	0.905467	322.461415452
3.14088892937	0	3390	14296	1.07848	407.527941543
3.7109940052	0	3400	14339	0.969038	344.921063792
2.72390389442	0	3410	14366	0.999169	469.913789036
5.11010217667	0	3420	14407	1.04349	250.48422825
5.91122198105	0	3430	14469	0.988871	216.537291968
3.59797501564	0	3440	14502	1.15974	355.755666572
13.3613638878	0	3450	14583	0.987578	95.7986034023
3.62813901901	0	3460	14614	1.10548	352.797947734
5.55561900139	0	3470	14649	1.13706	230.397368804
7.53868198395	0	3480	14706	1.06869	169.79095321
4.30427789688	0	3490	14752	1.05465	297.378568639
7.99921417236	0	3500	14795	1.04756	160.015718097
7.84225296974	0	3510	14863	1.21059	163.21840228
3.31053805351	0	3520	14891	1.14873	386.644098122
3.92154598236	0	3530	14916	1.10354	326.401884807
7.63587999344	0	3540	14972	0.847181	167.629664308
2.82065987587	0	3550	14990	1.02806	453.794521966
5.84109401703	0	3560	15017	1.1241	219.137030883
3.94586610794	0	3570	15061	1.01225	324.390125003
2.82074189186	0	3580	15092	1.01253	453.781327421
8.76875805855	0	3590	15149	1.05321	145.972781032
3.66358494759	0	3600	15178	1.16897	349.384555923
6.02782511711	0	3610	15241	1.17661	212.348562729
4.9292948246	0	3620	15275	1.06143	259.672031304
8.72181105614	0	3630	15335	1.02229	146.758510562
2.71552395821	0	3640	15354	1.1373	471.363913447
13.1932060719	0	3650	15417	1.04814	97.0196321522
7.83162903786	0	3660	15491	1.0068	163.43981486
6.40897488594	0	3670	15545	1.22846	199.719927567
3.42429208755	0	3680	15566	1.04581	373.799888348
8.25931191444	0	3690	15618	1.16048	154.976590454
6.34206199646	0	3700	15661	0.922794	201.827103033
6.51725912094	0	3710	15731	1.09535	196.401581746
3.3726079464	0	3720	15764	1.12252	379.528252422
9.40468907356	0	3730	15806	1.20207	136.10231981
3.24673295021	0	3740	15825	1.09637	394.242464542
8.31298089027	0	3750	15879	1.06341	153.976054666
12.2394521236	0	3760	15945	0.926315	104.579844512
5.79262495041	0	3770	15990	0.909262	220.970632651
8.60850095749	0	3780	16049	1.03371	148.690231472
2.91652917862	0	3790	16075	0.926943	438.877831013
6.34801483154	0	3800	16112	1.01414	201.63784017
4.32605314255	0	3810	16139	1.15998	295.881709684
7.76833581924	0	3820	16173	0.87215	164.771455532
2.82871818542	0	3830	16205	1.10592	452.501775043
3.30533099174	0	3840	16238	1.17718	387.253198907
4.82743597031	0	3850	16279	1.05562	265.151108761
17.7549729347	0	3860	16376	1.13339	72.0924782429
2.99102210999	0	3870	16418	1.0798	427.947354761
6.41197085381	0	3880	16445	0.976186	199.626609226
11.5957140923	0	3890	16508	1.05433	110.385612289
7.58513998985	0	3900	16568	1.07306	168.751005481
3.7422940731	0	3910	16601	1.23205	342.03618823
5.66836380959	0	3920	16624	1.05943	225.814722378
6.06486701965	0	3930	16700	1.09164	211.05161842
7.08340907097	0	3940	16770	0.953055	180.703950199
4.97896289825	0	3950	16805	0.957883	257.081650568
7.13770508766	0	3960	16861	0.99552	179.329348058
8.733492136	0	3970	16931	1.06941	146.56222048
5.5655977726	0	3980	16986	1.12205	229.984280629
16.0174469948	0	3990	17092	1.19727	79.9128600467
3.02413415909	0	4000	17108	1.06774	423.261645372
5.70730686188	0	4010	17147	1.18586	224.273905535
7.61898517609	0	4020	17206	0.99079	168.001376879
2.76223301888	0	4030	17247	0.944559	463.39320081
7.8009519577	0	4040	17297	0.909037	164.082538508
2.91392803192	0	4050	17316	1.09186	439.269599653
3.60177302361	0	4060	17326	1.02611	355.380528315
2.76221084595	0	4070	17343	1.02406	463.396920578
3.47068405151	0	4080	17362	1.15892	368.803377375
3.88709497452	0	4090	17386	1.22361	329.294758268
5.29890990257	0	4100	17431	0.954947	241.559117542
3.56545305252	0	4110	17463	1.16364	359.000660265
3.43199396133	0	4120	17500	1.1551	372.961029192
11.1695799828	0	4130	17559	1.05187	114.596968013
10.4056861401	0	4140	17609	1.02109	123.00966825
2.837900877	0	4150	17673	1.09429	451.037599789
5.58242702484	0	4160	17728	1.00244	229.290950747
3.63257908821	0	4170	17759	1.14423	352.366725931
5.35354804993	0	4180	17786	1.11925	239.09377259
3.39814782143	0	4190	17825	1.05314	376.675785535
2.80738711357	0	4200	17854	1.16021	455.939971304
6.96579289436	0	4210	17922	1.0878	183.755104324
2.8005092144	0	4220	17947	0.864675	457.059735214
2.81474280357	0	4230	17964	1.1072	454.748475909
23.0542621613	0	4240	18089	1.17004	55.5211869739
5.5789680481	0	4250	18130	1.00151	229.433111817
2.94078588486	0	4260	18158	1.01347	435.257801865
8.24185299873	0	4270	18177	0.960854	155.304881099
12.5746679306	0	4280	18260	1.11938	101.791952445
5.53402400017	0	4290	18304	1.08027	231.296430944
6.02728104591	0	4300	18351	1.0505	212.36773103
2.81286692619	0	4310	18377	1.03122	455.051743856
15.0542759895	0	4320	18474	1.14182	85.0256764849
8.01740503311	0	4330	18516	1.00144	159.652655032
4.44110608101	0	4340	18568	1.07094	288.216488562
2.71933794022	0	4350	18599	1.04303	470.702806396
6.86867403984	0	4360	18634	1.15241	186.353289234
7.53650307655	0	4370	18682	0.951428	169.840042125
4.97790598869	0	4380	18725	0.988426	257.136234173
3.70939183235	0	4390	18759	1.12801	345.070043244
14.1992111206	0	4400	18847	1.03139	90.1458531131
4.74225306511	0	4410	18882	0.903679	269.913895869
4.39256000519	0	4420	18921	0.875389	291.40182456
6.86035490036	0	4430	18969	1.02392	186.579268652
3.48612308502	0	4440	18996	0.926352	367.170053605
8.79649591446	0	4450	19049	1.03463	145.512487296
6.76238799095	0	4460	19088	0.983596	189.282247885
4.04808712006	0	4470	19123	1.12388	316.198728446
3.73079991341	0	4480	19158	1.03219	343.089961861
5.52523708344	0	4490	19204	1.13406	231.664267193
6.44925498962	0	4500	19235	1.04177	198.47253707
4.61577701569	0	4510	19273	0.943519	277.30975644
2.86734890938	0	4520	19305	0.950903	446.405387155
3.49843788147	0	4530	19330	1.13978	365.877584044
2.89765620232	0	4540	19354	0.987917	441.736324336
8.39345598221	0	4550	19414	1.32345	152.499757277
2.76135396957	0	4560	19449	1.06247	463.540717381
6.50146389008	0	4570	19513	0.986067	196.878737103
4.25451207161	0	4580	19556	0.997118	300.857061505
4.91507697105	0	4590	19589	1.05631	260.423185138
5.24906396866	0	4600	19645	1.10401	243.853000772
2.65628910065	0	4610	19669	1.22408	481.87525962
9.75360989571	0	4620	19706	1.02059	131.233462655
3.44100403786	0	4630	19732	1.33166	371.984451607
8.41723299026	0	4640	19792	1.04978	152.068975812
2.69129109383	0	4650	19813	0.963137	475.608158083
5.80646085739	0	4660	19846	1.02224	220.444093474
2.85642814636	0	4670	19862	1.09923	448.112094691
3.76602387428	0	4680	19897	0.963105	339.881010511
5.5	0	4690	19934	1.17151	232.727272727
2.71558403969	0	4700	19964	0.988571	471.353484662
5.18640899658	0	4710	19988	1.08042	246.798893192
Training elapsed time: 19489.103987 s
