Duration	Worker	LocalStep	GlobalStep	Loss	ExamplesPerSec
25.7077441216	0	10	11	4.60357	49.7904442314
10.9026010036	0	20	42	4.42105	117.403177423
99.2528738976	0	30	78	4.4894	12.8963520121
26.132750988	0	40	110	4.50052	48.9806833038
24.740334034	0	50	147	4.39297	51.7373774438
8.22774004936	0	60	181	4.12761	155.571273803
15.778676033	0	70	239	3.98791	81.1221421443
26.8468658924	0	80	283	3.91672	47.6778185256
36.8391540051	0	90	315	3.93501	34.7456404624
9.51113200188	0	100	346	3.74187	134.579143655
11.9226489067	0	110	388	3.77221	107.358692688
55.8949840069	0	120	424	3.50547	22.9000870604
43.5968921185	0	130	457	3.42126	29.3598909877
59.9962160587	0	140	497	3.79837	21.3346788195
8.12154889107	0	150	530	3.69098	157.605404729
9.77923989296	0	160	566	3.36163	130.889518409
79.4951431751	0	170	597	3.23726	16.1016126127
128.000077963	0	180	633	3.64703	9.99999390915
140.00155592	0	190	667	3.14311	9.14275553291
57.0304069519	0	200	704	3.08475	22.4441673909
31.1901180744	0	210	738	3.07656	41.0386391275
19.8392579556	0	220	781	3.48227	64.5185421182
19.4108371735	0	230	813	3.21688	65.9425448043
17.0403039455	0	240	846	3.21313	75.1160310339
87.4939608574	0	250	881	3.11824	14.6295811443
39.9854981899	0	260	918	2.87226	32.0116056556
13.6060938835	0	270	952	2.74173	94.0754937426
58.2940039635	0	280	993	2.70294	21.9576613883
74.763502121	0	290	1031	2.76692	17.1206533093
40.5379798412	0	300	1068	2.81876	31.5753277547
13.645596981	0	310	1098	2.68404	93.8031514325
9.48704004288	0	320	1127	2.64265	134.920902011
11.2575230598	0	330	1165	2.57403	113.701743554
7.76910090446	0	340	1193	2.47702	164.755229175
34.6560480595	0	350	1234	2.55005	36.9343901475
18.3101811409	0	360	1276	2.66581	69.9064629754
22.1821119785	0	370	1314	2.48921	57.7041537451
15.4919259548	0	380	1355	2.50726	82.6236843458
11.1556339264	0	390	1389	2.38787	114.740229775
35.8577411175	0	400	1425	2.22824	35.6966155734
71.5146410465	0	410	1476	2.26798	17.8984328421
53.8695509434	0	420	1529	2.32735	23.7611039555
9.39092993736	0	430	1564	2.53948	136.301730344
101.41535902	0	440	1614	2.07511	12.6213624087
7.57250595093	0	450	1644	2.12426	169.032551218
8.41615700722	0	460	1678	2.22551	152.088417422
16.5498249531	0	470	1737	2.11557	77.3422077653
13.4614911079	0	480	1771	1.94114	95.0860487695
37.7284250259	0	490	1824	2.19733	33.9266746258
62.1356699467	0	500	1863	1.97468	20.6000836733
61.9170930386	0	510	1901	1.98735	20.6728051526
11.1764819622	0	520	1933	1.81293	114.526199239
118.611037016	0	530	1984	1.88039	10.791575828
15.2599289417	0	540	2031	1.90926	83.8798139158
7.77469205856	0	550	2069	2.10292	164.636745785
9.97111487389	0	560	2104	1.88521	128.370800677
14.9217290878	0	570	2140	2.02106	85.780943513
12.9387719631	0	580	2176	1.79828	98.9274719153
10.4768619537	0	590	2209	1.76361	122.173987369
11.8680400848	0	600	2261	1.7609	107.852685941
8.56963396072	0	610	2290	2.15304	149.364605987
19.0554449558	0	620	2324	1.81748	67.172401535
7.97363615036	0	630	2349	1.95079	160.529020369
71.0159568787	0	640	2387	1.77795	18.0241181878
8.53059005737	0	650	2422	1.71073	150.048237155
80.8719398975	0	660	2477	1.74569	15.8274922256
68.2002060413	0	670	2535	1.76387	18.7682717443
57.035036087	0	680	2600	1.722	22.4423457548
62.7813870907	0	690	2638	1.62084	20.3882083419
69.3140618801	0	700	2669	1.7551	18.4666713403
9.62135100365	0	710	2704	1.57838	133.03744968
143.068299055	0	720	2754	1.62627	8.94677582982
53.6550309658	0	730	2792	1.53427	23.8561040216
64.3902330399	0	740	2834	1.5516	19.8787912323
83.7749669552	0	750	2876	1.55299	15.2790272145
9.31384706497	0	760	2907	1.61692	137.429785036
10.1766149998	0	770	2947	1.64415	125.778561931
8.13686299324	0	780	2989	1.59213	157.308781168
11.4888999462	0	790	3026	1.49776	111.411885036
32.1685569286	0	800	3061	1.67741	39.7904078458
41.7727849483	0	810	3117	1.35943	30.6419598689
8.73347115517	0	820	3149	1.42436	146.562572574
63.3821280003	0	830	3182	1.38176	20.1949672626
31.7863900661	0	840	3222	2.74224	40.2688067861
16.1999249458	0	850	3262	2.49981	79.0127117428
23.9699409008	0	860	3300	2.38929	53.4002150985
13.6946809292	0	870	3350	2.35658	93.4669457886
19.8777661324	0	880	3380	2.39276	64.3935536557
104.043278933	0	890	3438	1.93871	12.302572671
87.1376371384	0	900	3483	1.93017	14.6894045103
24.9637629986	0	910	3531	1.9911	51.2743211059
72.4028089046	0	920	3572	2.06704	17.6788721234
36.6153409481	0	930	3610	1.81849	34.958024884
59.2252001762	0	940	3642	1.83887	21.6124216751
7.89292097092	0	950	3674	1.74159	162.170634258
13.5379109383	0	960	3710	1.83078	94.5492998024
30.6681540012	0	970	3769	1.78579	41.7371061835
34.2011399269	0	980	3807	1.65844	37.425653143
24.1337320805	0	990	3843	1.76072	53.0377977071
52.6740958691	0	1000	3880	1.6729	24.3003696387
7.78869104385	0	1010	3917	1.68517	164.340836322
9.12697696686	0	1020	3955	1.4829	140.243588282
43.5820729733	0	1030	3996	1.64512	29.3698741862
23.8037590981	0	1040	4031	1.75694	53.7730194096
104.380682945	0	1050	4076	2.20338	12.2628053763
17.3716371059	0	1060	4124	1.97144	73.6833259982
107.884719849	0	1070	4169	1.77903	11.8645161409
52.1903870106	0	1080	4209	1.63412	24.5255893531
33.2655191422	0	1090	4265	1.84003	38.4782812055
81.627423048	0	1100	4303	1.83311	15.6810046453
97.5138549805	0	1110	4341	1.62903	13.1263398443
88.0835168362	0	1120	4380	1.7866	14.5316631985
102.371532202	0	1130	4420	1.6664	12.5034760394
19.4193739891	0	1140	4453	1.4715	65.9135562618
78.6886518002	0	1150	4502	1.52951	16.2666403696
69.8369040489	0	1160	4540	1.35529	18.3284184405
12.38697505	0	1170	4587	1.66801	103.334348768
17.7740769386	0	1180	4620	1.82322	72.0149915194
41.8847000599	0	1190	4662	1.75673	30.5600851425
18.6868081093	0	1200	4736	1.36882	68.497519347
35.9355969429	0	1210	4788	1.73059	35.6192775101
26.7141740322	0	1220	4824	1.55292	47.9146388152
11.5880138874	0	1230	4872	1.31298	110.458963239
7.60718798637	0	1240	4900	1.39322	168.261912588
103.449124098	0	1250	4947	1.5819	12.3732318776
156.295973063	0	1260	4983	1.80046	8.18959039647
46.7037918568	0	1270	5060	1.33366	27.406768254
230.957688093	0	1280	5104	1.354	5.54214068632
11.2130379677	0	1290	5141	1.67056	114.152828492
22.8379180431	0	1300	5180	1.2728	56.0471404435
56.5924208164	0	1310	5216	1.4449	22.6178696994
56.4088120461	0	1320	5257	1.43193	22.6914900983
78.078122139	0	1330	5295	1.45523	16.3938369025
74.1656038761	0	1340	5330	1.38367	17.258674279
43.7639429569	0	1350	5363	1.30062	29.2478216887
46.5447361469	0	1360	5403	1.48367	27.500424451
14.309623003	0	1370	5442	1.86338	89.4502950728
43.1490609646	0	1380	5480	1.57693	29.6646084848
44.9878840446	0	1390	5507	1.36229	28.4521049874
187.783756971	0	1400	5544	1.65064	6.81635100205
9.67136907578	0	1410	5581	1.28126	132.349410923
8.08481478691	0	1420	5612	1.12629	158.32149947
9.65163207054	0	1430	5639	1.22935	132.620057483
9.22970104218	0	1440	5672	1.34778	138.68271509
77.906899929	0	1450	5709	1.30927	16.4298669459
45.4296970367	0	1460	5760	1.70255	28.1754025118
102.404228926	0	1470	5815	1.30947	12.499483795
52.3476421833	0	1480	5855	1.41319	24.4519131448
7.73736381531	0	1490	5888	1.29342	165.431021541
57.6687371731	0	1500	5925	1.45972	22.1957348599
61.5359508991	0	1510	5962	1.24296	20.8008486307
134.587516069	0	1520	6003	1.26215	9.51054033377
11.0821390152	0	1530	6044	1.28453	115.501167983
59.1991848946	0	1540	6083	1.40455	21.6219193268
9.15515804291	0	1550	6120	1.16083	139.811895546
12.0736000538	0	1560	6154	1.37606	106.016432075
7.45818185806	0	1570	6181	1.4008	171.623597327
9.82017803192	0	1580	6220	1.03842	130.343869107
12.9511749744	0	1590	6261	1.27829	98.8327315881
12.2187991142	0	1600	6290	1.13621	104.756612171
112.94557786	0	1610	6327	1.24644	11.3328916834
54.551005125	0	1620	6369	1.39575	23.464278927
12.2386848927	0	1630	6407	1.27955	104.586400518
84.2782721519	0	1640	6446	1.16758	15.187781706
132.712754011	0	1650	6509	1.20952	9.64489064776
83.5568590164	0	1660	6581	1.14929	15.3189099622
8.15421199799	0	1670	6605	1.19194	156.974089013
18.5698919296	0	1680	6644	1.29784	68.9287802455
80.9984278679	0	1690	6685	1.51131	15.8027758525
60.9870080948	0	1700	6722	1.39857	20.988076641
182.998278141	0	1710	6764	1.2819	6.99460133179
25.05286479	0	1720	6805	1.68825	51.0919613677
39.9127140045	0	1730	6852	1.14364	32.0699815065
13.7253911495	0	1740	6896	1.18582	93.2578158288
92.0057239532	0	1750	6929	1.30633	13.9121779059
62.3227000237	0	1760	6967	1.38152	20.5382629365
65.6157488823	0	1770	6997	1.06137	19.5075118673
27.0108389854	0	1780	7072	1.1028	47.3883836296
7.91948604584	0	1790	7114	1.11681	161.626650087
9.18357110023	0	1800	7145	1.14605	139.37933142
7.94251394272	0	1810	7175	1.07468	161.158042558
10.3170909882	0	1820	7219	1.06795	124.065979593
79.9922959805	0	1830	7261	1.0716	16.0015409523
66.401196003	0	1840	7299	1.4854	19.2767612189
43.4618399143	0	1850	7339	1.3347	29.4511231582
18.1241722107	0	1860	7381	1.18855	70.6239151295
14.0929298401	0	1870	7426	1.09261	90.8256845471
166.94770813	0	1880	7469	1.43066	7.66707141019
57.0054359436	0	1890	7507	0.969216	22.4539989707
79.2393710613	0	1900	7562	1.03346	16.1535860628
26.7393870354	0	1910	7625	1.26457	47.8694593226
7.77618598938	0	1920	7661	1.12528	164.605116409
24.2466518879	0	1930	7715	1.20661	52.7907937936
41.7226340771	0	1940	7752	1.28012	30.6787916994
72.2765579224	0	1950	7785	1.26539	17.7097531592
67.7628889084	0	1960	7844	1.23908	18.8893953699
40.0325322151	0	1970	7880	1.19433	31.9739953776
10.3325579166	0	1980	7912	0.95313	123.880263757
37.6024329662	0	1990	7935	1.28966	34.0403505579
10.8050091267	0	2000	7969	1.05859	118.463574162
8.06643199921	0	2010	8003	1.31565	158.682302178
22.4656708241	0	2020	8068	1.06509	56.975819241
14.4741311073	0	2030	8105	1.29819	88.4336331147
80.6815068722	0	2040	8152	1.41957	15.8648499467
48.7466800213	0	2050	8185	0.987418	26.2581984956
33.4657800198	0	2060	8222	1.09613	38.2480252737
24.5405550003	0	2070	8281	1.15646	52.1585595755
87.8575229645	0	2080	8317	1.07744	14.5690426592
80.2802970409	0	2090	8355	1.15128	15.9441363221
7.44371294975	0	2100	8389	1.37521	171.957195104
36.2648739815	0	2110	8447	1.87219	35.2958623448
9.03143906593	0	2120	8483	1.48894	141.7271368
14.9639840126	0	2130	8511	1.52929	85.5387174246
28.3512709141	0	2140	8558	1.32838	45.1478878629
17.749931097	0	2150	8601	1.16369	72.1129559886
58.1491599083	0	2160	8662	1.28077	22.0123558452
89.9058229923	0	2170	8690	1.1026	14.2371201041
41.4211251736	0	2180	8733	1.21983	30.9021059818
35.57031703	0	2190	8773	1.25119	35.9850602097
46.0461108685	0	2200	8810	1.28041	27.798221736
34.964869976	0	2210	8866	1.15105	36.6081727424
164.991491079	0	2220	8906	1.28357	7.75797583031
148.569356918	0	2230	8964	1.12799	8.61550474842
14.6957540512	0	2240	9006	1.10379	87.0999878972
13.2901859283	0	2250	9053	1.36951	96.311669897
8.29615020752	0	2260	9085	1.04508	154.288431138
30.8775098324	0	2270	9124	1.09565	41.4541200682
17.3819420338	0	2280	9173	1.01499	73.639642654
24.0941159725	0	2290	9211	1.06417	53.1250036922
7.66018605232	0	2300	9246	1.04691	167.097769069
25.8245470524	0	2310	9283	1.12045	49.5652449355
22.3442800045	0	2320	9338	1.13213	57.2853544505
15.9250919819	0	2330	9386	1.36149	80.3763018421
34.8321430683	0	2340	9423	1.05241	36.7476671616
11.4120278358	0	2350	9460	1.20401	112.162362239
110.830000162	0	2360	9520	1.29962	11.5492195085
94.9115729332	0	2370	9588	1.09293	13.4862373517
8.50699687004	0	2380	9623	1.00585	150.464378858
92.0773961544	0	2390	9707	1.05446	13.9013487942
9.10871195793	0	2400	9741	1.07408	140.524808108
19.2077319622	0	2410	9786	1.70086	66.6398303828
28.1037070751	0	2420	9822	1.08515	45.5455928493
14.2420098782	0	2430	9867	1.11554	89.874955217
49.4730250835	0	2440	9906	1.0956	25.8726851216
24.8092839718	0	2450	9942	1.07182	51.5935889748
65.2046909332	0	2460	9978	1.12449	19.630489489
7.73019003868	0	2470	9999	0.860617	165.584544959
17.2232830524	0	2480	10048	1.23933	74.3180029093
124.450725079	0	2490	10088	1.11243	10.2851951983
7.67048978806	0	2500	10119	0.995347	166.873307359
32.4851431847	0	2510	10155	1.30861	39.4026276173
14.8338718414	0	2520	10193	1.07423	86.2890022027
8.0430700779	0	2530	10220	1.21609	159.143211187
15.9036850929	0	2540	10258	0.993587	80.4844910171
132.310005903	0	2550	10297	1.13615	9.6742494361
31.2218270302	0	2560	10331	0.996315	40.9969601959
14.3120610714	0	2570	10380	1.01327	89.4350571602
12.4117548466	0	2580	10418	1.34912	103.128044005
79.8748631477	0	2590	10459	1.56095	16.0250665799
84.9430849552	0	2600	10509	1.28961	15.0689135046
10.9266068935	0	2610	10548	1.20578	117.145241196
64.9870109558	0	2620	10583	1.05295	19.6962436212
28.5270290375	0	2630	10617	1.03504	44.8697268236
18.9801781178	0	2640	10664	1.46475	67.4387770262
37.971914053	0	2650	10706	1.21356	33.7091250711
13.0054748058	0	2660	10743	1.14384	98.4200899321
47.7718100548	0	2670	10779	1.04294	26.7940444068
20.7453830242	0	2680	10831	1.18293	61.7004756435
73.1322340965	0	2690	10870	1.25841	17.502542016
7.6592040062	0	2700	10903	0.906311	167.119193974
29.1022629738	0	2710	10947	1.82833	43.9828339519
19.1040229797	0	2720	10979	1.39369	67.0015944473
25.5419368744	0	2730	11012	1.14333	50.1136623387
27.8829159737	0	2740	11047	1.09358	45.9062460041
13.0844650269	0	2750	11077	1.09171	97.825933072
67.7533531189	0	2760	11110	1.01054	18.8920539143
12.8645579815	0	2770	11139	0.99435	99.4981717865
11.0194780827	0	2780	11168	1.03145	116.157951438
17.0141367912	0	2790	11199	0.969341	75.2315568933
8.27163720131	0	2800	11234	1.10593	154.745665078
11.3885338306	0	2810	11283	1.29551	112.393747873
14.2887461185	0	2820	11332	1.05136	89.5809883793
10.8591609001	0	2830	11373	1.16826	117.872827539
42.7968051434	0	2840	11409	0.986388	29.9087746319
18.4116008282	0	2850	11449	1.17873	69.5213855626
92.0458581448	0	2860	11488	1.05969	13.9061118642
18.6387219429	0	2870	11551	0.846913	68.6742365663
24.1313049793	0	2880	11596	0.952297	53.0431321927
104.886474133	0	2890	11642	1.09173	12.2036707839
9.9260699749	0	2900	11679	0.981068	128.953352458
34.1959688663	0	2910	11716	0.886669	37.4313125913
72.8343501091	0	2920	11752	0.977188	17.5741253692
7.34574198723	0	2930	11779	0.837178	174.250606981
17.2199409008	0	2940	11839	1.11218	74.3324270027
35.1217551231	0	2950	11884	1.06419	36.4446479258
29.1406209469	0	2960	11920	1.26387	43.9249390853
8.87565302849	0	2970	11961	0.935261	144.214740695
69.4401350021	0	2980	11992	0.894693	18.4331438866
53.0194079876	0	2990	12041	1.00425	24.1421028371
18.8776919842	0	3000	12079	1.25434	67.8048990879
87.1154520512	0	3010	12123	0.940695	14.693145359
84.7144749165	0	3020	12158	0.986416	15.1095783957
25.5156140327	0	3030	12193	0.985818	50.1653614276
75.0901970863	0	3040	12233	1.14274	17.0461664727
39.8607289791	0	3050	12283	1.06671	32.1118061005
18.3674128056	0	3060	12321	1.11004	69.6886389798
84.4718821049	0	3070	12361	0.794409	15.1529712385
13.4909050465	0	3080	12390	1.05257	94.8787346432
22.710960865	0	3090	12431	0.973647	56.3604511323
46.9481291771	0	3100	12471	1.01631	27.2641321909
13.9977948666	0	3110	12516	1.00339	91.4429745686
90.9893419743	0	3120	12561	1.15023	14.0675816774
15.6341300011	0	3130	12607	1.12659	81.8721604536
85.772133112	0	3140	12644	0.918744	14.9232618283
7.74522185326	0	3150	12675	1.02895	165.263180868
8.83692407608	0	3160	12707	1.10888	144.84678028
16.2178020477	0	3170	12750	0.830133	78.9256149651
7.80687403679	0	3180	12782	0.96952	163.958070025
12.0261950493	0	3190	12816	0.972616	106.434328959
42.7475309372	0	3200	12845	0.976081	29.9432498658
10.2118039131	0	3210	12869	0.977607	125.345140867
56.3797631264	0	3220	12916	1.2436	22.7031815854
7.93731689453	0	3230	12948	1.07911	161.263562613
68.7898569107	0	3240	12993	1.17862	18.6073944253
34.9758210182	0	3250	13044	0.904092	36.5967106057
77.9775230885	0	3260	13088	0.871997	16.4149866436
11.6577920914	0	3270	13124	0.90074	109.797806477
7.65756297112	0	3280	13149	0.937695	167.15500804
34.543735981	0	3290	13183	1.02342	37.054474962
38.4342160225	0	3300	13231	1.0687	33.3036583666
163.262115955	0	3310	13267	1.01177	7.84015319482
14.2261168957	0	3320	13311	1.18922	89.9753607669
75.957005024	0	3330	13346	1.06109	16.8516386289
30.0583841801	0	3340	13379	1.05119	42.5837926727
163.871826887	0	3350	13419	0.939221	7.81098267051
33.3441290855	0	3360	13470	1.31469	38.3875673201
8.17260289192	0	3370	13501	0.907738	156.620848575
21.369797945	0	3380	13538	1.11396	59.8976182785
9.15829896927	0	3390	13576	0.87825	139.763945717
7.58408904076	0	3400	13599	1.12593	168.774389794
18.1914350986	0	3410	13631	0.960799	70.3627829832
16.8463439941	0	3420	13666	0.794083	75.9808775391
9.60736703873	0	3430	13701	0.920446	133.231091811
21.7974479198	0	3440	13783	1.15065	58.7224708464
51.8156580925	0	3450	13835	0.978038	24.7029575059
9.92589998245	0	3460	13872	1.30639	128.955560933
106.093554974	0	3470	13916	1.1009	12.0648233563
14.1110448837	0	3480	13954	1.32455	90.7090871404
108.018608093	0	3490	14013	1.1108	11.8498101632
18.5700719357	0	3500	14055	0.886743	68.9281120954
57.1814069748	0	3510	14093	0.99752	22.3848986536
11.078854084	0	3520	14135	0.948367	115.53541461
83.9009869099	0	3530	14177	0.987175	15.2560779932
17.1751711369	0	3540	14267	1.26131	74.5261860741
44.1850168705	0	3550	14305	1.08913	28.9690961022
71.7404150963	0	3560	14365	1.25394	17.8421047367
11.4985659122	0	3570	14413	0.964791	111.318229575
30.7486541271	0	3580	14447	1.0363	41.6278382367
33.5227589607	0	3590	14498	1.08939	38.1830147542
7.7169239521	0	3600	14529	1.01094	165.869199689
74.7692301273	0	3610	14562	0.98558	17.1193417108
22.9884359837	0	3620	14595	1.13312	55.6801689732
10.4062860012	0	3630	14622	0.900794	123.002577466
7.84026694298	0	3640	14651	0.836936	163.259747316
8.64255094528	0	3650	14684	0.975374	148.10442057
29.8710420132	0	3660	14719	1.67348	42.8508653778
7.54050898552	0	3670	14750	1.01209	169.749814297
38.9462020397	0	3680	14804	1.128	32.8658491191
8.01770997047	0	3690	14835	0.954898	159.646582966
17.9302110672	0	3700	14881	1.16688	71.3878936061
7.55865502357	0	3710	14922	1.02623	169.342296481
9.2751250267	0	3720	14943	0.981805	138.003530552
62.7976818085	0	3730	14980	1.00743	20.3829180176
18.0318729877	0	3740	15029	1.01653	70.9854157064
14.2323660851	0	3750	15069	1.28459	89.9358541195
9.09240603447	0	3760	15107	0.928032	140.776819155
14.8234939575	0	3770	15137	1.01704	86.3494128758
36.1682651043	0	3780	15172	1.06348	35.3901409512
9.10718894005	0	3790	15212	1.02254	140.548308422
18.8587760925	0	3800	15274	1.0785	67.8729093404
28.7544648647	0	3810	15320	1.07021	44.5148259939
52.1186411381	0	3820	15362	0.954913	24.559350974
71.0868039131	0	3830	15415	1.17711	18.0061548633
10.1004209518	0	3840	15449	0.917331	126.727391472
21.8893051147	0	3850	15490	0.90075	58.4760454153
112.078611851	0	3860	15530	1.62776	11.4205554375
48.8336100578	0	3870	15573	0.902003	26.2114555628
33.5400090218	0	3880	15611	0.888398	38.1633767352
10.4471509457	0	3890	15651	0.994558	122.521442129
25.0090830326	0	3900	15691	0.80929	51.1814047053
88.8128349781	0	3910	15731	0.94009	14.4123312843
7.37282800674	0	3920	15759	0.892892	173.610451624
7.74144697189	0	3930	15791	0.969708	165.343766436
46.0773780346	0	3940	15849	1.06201	27.7793584314
24.6645889282	0	3950	15886	0.949188	51.8962632511
9.25237703323	0	3960	15922	0.922047	138.342827514
83.075963974	0	3970	15960	0.988544	15.4075852842
16.8515720367	0	3980	16008	0.949555	75.9573051825
35.1695599556	0	3990	16047	0.951586	36.395109908
60.3986539841	0	4000	16082	2.44856	21.1925252562
101.031627178	0	4010	16135	3.06134	12.6693000573
7.75934195518	0	4020	16163	2.42874	164.962442356
9.1842250824	0	4030	16195	2.45796	139.36940662
124.197104931	0	4040	16248	2.09164	10.3061983668
10.2526040077	0	4050	16284	1.89191	124.846331628
50.3520328999	0	4060	16315	2.02588	25.4210192972
51.0581290722	0	4070	16370	1.88607	25.0694653968
52.0105218887	0	4080	16412	2.03591	24.6104048473
34.5170660019	0	4090	16451	1.85737	37.0831054971
28.768597126	0	4100	16488	1.62938	44.4929585685
54.4640338421	0	4110	16530	1.69206	23.501748029
23.8698341846	0	4120	16570	1.47315	53.624168065
86.1235308647	0	4130	16608	1.48102	14.862372538
67.8626701832	0	4140	16653	1.47948	18.8616215151
71.4390888214	0	4150	16687	1.43513	17.9173617849
46.7745320797	0	4160	16719	1.33305	27.3653191831
60.4231719971	0	4170	16753	1.36356	21.1839259293
23.1129200459	0	4180	16785	1.28015	55.3802807028
11.3035879135	0	4190	16828	1.73669	113.238381458
28.4661719799	0	4200	16867	1.24128	44.9656525965
9.60266399384	0	4210	16903	1.52528	133.296343684
76.0231640339	0	4220	16941	1.2267	16.8369735234
107.008431911	0	4230	16980	1.34757	11.9616742077
76.1691091061	0	4240	17027	1.5231	16.8047127638
60.6605200768	0	4250	17070	1.24933	21.1010390017
10.817209959	0	4260	17100	1.21723	118.329957988
134.062203884	0	4270	17135	1.39151	9.54780663688
100.056118011	0	4280	17199	1.36161	12.7928209233
41.3708291054	0	4290	17232	1.46614	30.9396748308
34.7010760307	0	4300	17272	1.14981	36.8864642372
15.4241900444	0	4310	17328	1.26832	82.9865293617
7.9919359684	0	4320	17352	1.25067	160.161443368
45.7714788914	0	4330	17387	1.1283	27.9650129514
18.3384549618	0	4340	17440	1.25897	69.7986827499
11.3711249828	0	4350	17479	1.1333	112.565819295
57.2603540421	0	4360	17513	1.96796	22.3540357271
81.4323999882	0	4370	17551	1.20669	15.7185591999
169.574427128	0	4380	17614	1.26876	7.5483079712
15.1492509842	0	4390	17652	1.22953	84.4926261593
44.893955946	0	4400	17696	1.11673	28.5116330924
42.4776899815	0	4410	17733	1.10773	30.1334653687
64.7106759548	0	4420	17775	1.21557	19.7803527952
67.1790621281	0	4430	17812	1.24947	19.0535556683
108.622954845	0	4440	17849	1.44439	11.7838812415
44.8829381466	0	4450	17891	1.33367	28.5186320873
74.0741789341	0	4460	17927	1.13138	17.2799755383
25.9480071068	0	4470	17960	0.992428	49.3294145763
14.9665877819	0	4480	18001	0.988885	85.5238360709
17.0752131939	0	4490	18038	1.30317	74.9624608176
26.0486979485	0	4500	18072	1.17667	49.1387324822
13.1397099495	0	4510	18123	1.47535	97.414631291
9.97605895996	0	4520	18160	1.05645	128.307180735
93.298992157	0	4530	18200	1.38335	13.719333622
88.6460058689	0	4540	18236	1.17362	14.439454857
30.904900074	0	4550	18276	1.5409	41.4173803162
7.48475599289	0	4560	18303	1.01395	171.014259011
21.4635539055	0	4570	18337	1.18199	59.6359766717
110.68364501	0	4580	18374	1.26494	11.5644908503
46.1064901352	0	4590	18420	1.36413	27.7618182656
24.8417799473	0	4600	18454	1.08586	51.5260984807
40.8999068737	0	4610	18505	1.00442	31.2959147793
23.2891561985	0	4620	18541	1.12862	54.961201217
77.7550368309	0	4630	18595	1.16272	16.4619560632
64.6768791676	0	4640	18629	1.02826	19.7906889831
10.5333628654	0	4650	18663	0.871834	121.518646642
12.2478840351	0	4660	18712	1.13273	104.50784775
21.5913419724	0	4670	18757	1.01579	59.2830219464
49.5082540512	0	4680	18791	1.21281	25.8542746968
106.719385862	0	4690	18830	1.08233	11.9940720203
25.9045460224	0	4700	18861	1.06134	49.4121764918
26.1955900192	0	4710	18897	0.992245	48.8631864776
7.48942708969	0	4720	18932	1.37276	170.907598762
7.61888504028	0	4730	18964	1.08168	168.003584938
28.5489020348	0	4740	19003	1.30631	44.83534948
52.4508378506	0	4750	19041	0.891045	24.4038046379
130.986118078	0	4760	19078	1.24999	9.77202789715
83.075676918	0	4770	19117	1.1446	15.4076385229
124.919280052	0	4780	19186	1.32771	10.246616851
81.8073730469	0	4790	19224	1.06425	15.6465114613
83.7137229443	0	4800	19260	1.45746	15.2902051776
12.9305889606	0	4810	19303	1.05826	98.9900772421
11.7003190517	0	4820	19350	0.954268	109.398726166
31.2230250835	0	4830	19382	0.874328	40.9953871086
16.0741360188	0	4840	19422	1.06541	79.6310295313
14.2114357948	0	4850	19466	1.05984	90.0683096683
47.9782550335	0	4860	19502	1.34015	26.6787526788
18.6774721146	0	4870	19569	0.971885	68.5317580532
71.9428830147	0	4880	19609	1.0699	17.7918919338
15.0728418827	0	4890	19656	1.13293	84.9209465581
15.9761381149	0	4900	19704	0.804798	80.1194876254
81.6877908707	0	4910	19751	1.0885	15.6694162782
24.0599939823	0	4920	19799	0.978901	53.2003458081
41.5630090237	0	4930	19841	0.903271	30.7966153093
62.3863511086	0	4940	19888	1.03914	20.5173083095
58.9993200302	0	4950	19930	1.14664	21.6951652891
94.0061340332	0	4960	19971	1.01061	13.6161327467
Training elapsed time: 20889.6676891 s
