Duration	Worker	LocalStep	GlobalStep	Loss	ExamplesPerSec
24.1554207802	0	10	11	4.59119	52.9901760623
11.6876921654	0	20	31	4.47209	109.516915905
17.8174288273	0	30	63	4.70976	71.8397706205
8.4606962204	0	40	83	4.13833	151.287786094
8.53022193909	0	50	103	4.1023	150.054712426
11.0530719757	0	60	122	4.12635	115.804909514
15.4620649815	0	70	145	4.05251	82.7832505901
18.1539800167	0	80	170	4.03535	70.5079546646
15.6927409172	0	90	195	3.93821	81.5663756098
12.2526390553	0	100	213	3.54308	104.467290208
9.11171102524	0	110	233	3.80517	140.478555175
9.12344288826	0	120	254	3.73306	140.297913373
8.49199414253	0	130	275	4.39952	150.730202885
13.0086948872	0	140	296	4.08455	98.3957277116
8.40508913994	0	150	315	3.9426	152.28868828
11.6957318783	0	160	336	3.71408	109.441633351
8.7830350399	0	170	357	3.54975	145.735499652
10.5721180439	0	180	371	3.56982	121.073184643
8.29689407349	0	190	393	3.54053	154.274598261
10.4943089485	0	200	415	3.60662	121.970870715
8.13748288155	0	210	435	3.31196	157.296797871
8.54311203957	0	220	452	3.39473	149.828305432
23.2333729267	0	230	478	3.13448	55.0931629272
8.40384912491	0	240	496	3.37906	152.311158967
12.8175449371	0	250	511	3.20558	99.8631178028
8.98604512215	0	260	532	3.36694	142.443086208
10.2352099419	0	270	550	3.75209	125.058499754
7.97454404831	0	280	566	3.1906	160.510744219
12.794864893	0	290	583	2.86882	100.040134125
10.0112359524	0	300	598	3.24963	127.856341224
26.9940071106	0	310	631	3.13419	47.4179322379
11.8254919052	0	320	655	3.18011	108.24074045
7.70007801056	0	330	674	3.14515	166.232082096
11.5284860134	0	340	690	2.93211	111.029323236
12.7445130348	0	350	713	2.95062	100.435379249
7.9767229557	0	360	730	2.85662	160.466899391
14.2630929947	0	370	742	2.69797	89.7421057604
12.6079721451	0	380	761	2.63493	101.523066935
20.8127799034	0	390	784	2.91294	61.5006743905
10.8861839771	0	400	802	2.56258	117.580228544
15.1453819275	0	410	827	2.99578	84.5142107428
10.354886055	0	420	848	2.73179	123.61314197
15.6265740395	0	430	875	2.87227	81.9117483313
13.3666450977	0	440	893	2.74889	95.7607530267
17.4478149414	0	450	913	2.6905	73.3616217445
10.7721090317	0	460	935	2.57968	118.825384726
13.1320140362	0	470	957	2.652	97.4717203678
9.47446584702	0	480	974	2.52549	135.099964543
17.3624141216	0	490	998	2.32864	73.7224668778
15.1392929554	0	500	1022	2.61668	84.5482020707
8.45535087585	0	510	1043	2.94231	151.383427937
11.521761179	0	520	1062	2.4006	111.094127028
11.3425858021	0	530	1086	2.62905	112.849047152
9.27232217789	0	540	1107	2.54087	138.045246427
13.5252189636	0	550	1131	2.36711	94.6380242303
11.708824873	0	560	1154	2.39623	109.319253972
18.9943211079	0	570	1172	2.50535	67.3885627568
8.46801805496	0	580	1186	2.34997	151.156975775
17.5514879227	0	590	1207	2.23287	72.9282899341
12.0304489136	0	600	1239	2.39874	106.396694687
15.6347661018	0	610	1260	2.42651	81.8688294831
8.11425590515	0	620	1275	2.20493	157.747058382
9.59138703346	0	630	1292	2.06742	133.45306529
8.13131403923	0	640	1308	2.20567	157.416131492
8.65889596939	0	650	1327	2.20333	147.824850249
10.4059591293	0	660	1348	2.23844	123.006441222
15.5786569118	0	670	1365	2.47784	82.1636940362
10.7610430717	0	680	1385	2.05821	118.947577058
8.65794086456	0	690	1399	2.17545	147.841157617
14.1186699867	0	700	1416	2.03852	90.6600976723
9.78339409828	0	710	1437	2.4476	130.833940363
9.9678800106	0	720	1458	2.2886	128.412460688
15.885144949	0	730	1479	1.81975	80.5784274624
12.7105350494	0	740	1501	1.86297	100.703864552
8.23477697372	0	750	1516	1.97679	155.438332342
8.35258293152	0	760	1533	2.0991	153.246009108
13.8964569569	0	770	1552	1.77319	92.1098092826
17.5732560158	0	780	1570	1.91839	72.8379532427
8.44947004318	0	790	1591	1.98283	151.48879083
7.95009112358	0	800	1605	1.9743	161.004443861
8.8096139431	0	810	1619	1.88278	145.295810721
15.569329977	0	820	1638	1.84153	82.212914871
14.3610210419	0	830	1656	2.0573	89.1301528121
8.06885790825	0	840	1679	1.88455	158.634594208
10.7537910938	0	850	1702	1.97601	119.027791114
19.018652916	0	860	1729	1.94363	67.3023481556
11.787735939	0	870	1752	1.77577	108.587434145
14.8149981499	0	880	1776	1.79584	86.3989308032
14.911575079	0	890	1803	2.03189	85.8393558844
14.44576478	0	900	1823	1.60883	88.607285214
10.7225861549	0	910	1849	1.83044	119.374186554
8.18662595749	0	920	1866	1.66727	156.352569013
8.11152410507	0	930	1882	1.83202	157.800184456
11.9439098835	0	940	1901	1.83237	107.167586869
8.08669400215	0	950	1922	1.6769	158.284708146
12.695982933	0	960	1942	1.66231	100.819291169
8.96018004417	0	970	1963	1.84414	142.854272313
13.2579870224	0	980	1977	1.55587	96.5455764768
13.9632639885	0	990	2004	1.60242	91.6691112518
10.0557010174	0	1000	2018	1.7441	127.290976312
9.93396401405	0	1010	2040	1.71821	128.850879487
15.8802139759	0	1020	2066	1.87099	80.6034479096
10.3762419224	0	1030	2082	1.68758	123.358727522
13.5468029976	0	1040	2105	1.6376	94.4872380759
13.0893270969	0	1050	2130	1.51759	97.7895953337
13.7539150715	0	1060	2147	1.57937	93.0644106312
9.48224782944	0	1070	2159	1.56285	134.989089404
8.20697712898	0	1080	2175	1.45906	155.964855255
11.9824240208	0	1090	2200	1.55268	106.823126755
8.07491183281	0	1100	2217	1.65321	158.515662648
8.60145521164	0	1110	2237	1.51908	148.812028721
9.05914282799	0	1120	2255	1.76651	141.293721084
10.8425221443	0	1130	2279	1.73409	118.053713238
9.74625992775	0	1140	2301	1.55889	131.332430028
8.54014205933	0	1150	2321	1.47121	149.880410783
17.1543028355	0	1160	2352	1.69656	74.6168475791
9.23220014572	0	1170	2369	1.54104	138.645174476
11.4911079407	0	1180	2386	1.57046	111.390477455
7.98667407036	0	1190	2408	1.39465	160.266963285
13.1640799046	0	1200	2425	1.6077	97.2342928089
20.3168830872	0	1210	2456	1.35735	63.0017899158
7.92621397972	0	1220	2475	1.7303	161.489458053
10.6278779507	0	1230	2492	1.40633	120.437965692
10.3196809292	0	1240	2516	1.41826	124.034842626
13.18927598	0	1250	2537	1.60186	97.0485417047
18.2296822071	0	1260	2567	1.55555	70.215157097
13.2524089813	0	1270	2587	1.34228	96.5862132541
7.95587182045	0	1280	2608	1.74952	160.887458834
8.77105617523	0	1290	2628	1.50466	145.934534499
8.4312069416	0	1300	2643	1.39349	151.816935448
12.2914619446	0	1310	2661	1.42476	104.137327665
14.5322449207	0	1320	2680	1.53922	88.0799908742
8.85906910896	0	1330	2703	1.41609	144.484706492
9.71685791016	0	1340	2722	1.57229	131.729825818
7.96952414513	0	1350	2739	1.30358	160.611847921
12.7039179802	0	1360	2758	1.45203	100.756318011
11.6751000881	0	1370	2777	1.34184	109.635034418
11.825483799	0	1380	2800	1.32031	108.240814647
13.8132581711	0	1390	2827	1.39833	92.6645968784
8.22712683678	0	1400	2842	1.38637	155.582869378
8.32987499237	0	1410	2862	1.376	153.663770605
12.2251410484	0	1420	2884	1.34381	104.702268459
9.14441895485	0	1430	2905	1.38857	139.976088838
14.8164830208	0	1440	2933	1.34378	86.3902721182
8.69739603996	0	1450	2949	1.27236	147.170485754
9.91258001328	0	1460	2972	1.30723	129.128844184
12.661041975	0	1470	2997	1.30457	101.0975244
10.5252759457	0	1480	3018	1.21389	121.612013462
9.90876603127	0	1490	3034	1.315	129.178547153
15.8113951683	0	1500	3061	1.30348	80.9542729389
11.3010079861	0	1510	3082	1.51652	113.264232852
9.37962079048	0	1520	3102	1.24124	136.466071347
9.91933321953	0	1530	3120	1.26466	129.040931651
17.0868198872	0	1540	3145	1.253	74.9115405004
8.17888593674	0	1550	3163	1.33241	156.500531967
9.70606708527	0	1560	3186	1.08023	131.876277874
11.9205000401	0	1570	3210	1.38042	107.378045862
14.1448800564	0	1580	3238	0.955765	90.4921070308
9.20690894127	0	1590	3258	1.21507	139.026030144
14.8048150539	0	1600	3276	1.70975	86.4583579961
8.18725895882	0	1610	3293	1.21133	156.340480549
11.7959039211	0	1620	3316	1.50806	108.512243619
9.57781791687	0	1630	3338	1.32924	133.64213134
12.126502037	0	1640	3358	1.1897	105.553934357
9.82070803642	0	1650	3380	1.1385	130.336834702
8.14617013931	0	1660	3397	1.47653	157.129053053
12.8983929157	0	1670	3418	1.34981	99.2371691856
14.6491849422	0	1680	3446	1.24867	87.3768748942
25.0237419605	0	1690	3485	1.38734	51.1514225978
8.94397616386	0	1700	3506	1.12395	143.113082655
11.0586349964	0	1710	3525	0.937855	115.746654123
11.8751378059	0	1720	3549	1.28164	107.788222833
22.4691560268	0	1730	3578	1.32487	56.9669816913
8.83119606972	0	1740	3600	1.16301	144.94072942
13.2241148949	0	1750	3620	1.09824	96.7928674377
8.0768840313	0	1760	3640	1.02792	158.476956589
18.2297391891	0	1770	3670	1.21702	70.2149376203
8.26562094688	0	1780	3687	1.35347	154.858298998
8.01277089119	0	1790	3706	1.17737	159.744989266
10.5427930355	0	1800	3727	1.04947	121.409952343
8.07146501541	0	1810	3747	0.964546	158.583354763
12.1553189754	0	1820	3765	1.30788	105.303694834
11.4241330624	0	1830	3788	1.09311	112.043512887
13.6812460423	0	1840	3809	0.968206	93.5587296688
10.8874738216	0	1850	3830	2.98396	117.566298755
7.92945504189	0	1860	3850	1.29879	161.423451327
18.1414380074	0	1870	3871	1.05298	70.5567000522
17.4339210987	0	1880	3902	1.17515	73.420086781
13.3744850159	0	1890	3921	1.1101	95.704619541
7.70497393608	0	1900	3940	1.08127	166.126454238
15.7303600311	0	1910	3959	1.20028	81.3713098408
14.7030060291	0	1920	3981	1.3629	87.0570274857
21.0958118439	0	1930	4014	1.16108	60.6755506483
11.9693901539	0	1940	4032	1.10473	106.939450009
19.9464769363	0	1950	4058	1.25465	64.1717333886
7.78872299194	0	1960	4077	1.32836	164.340162222
7.75725507736	0	1970	4092	1.20163	165.006821
7.89140701294	0	1980	4104	0.973976	162.20174652
18.8354218006	0	1990	4131	1.16067	67.9570658703
9.28704118729	0	2000	4148	1.33536	137.826458846
11.9664230347	0	2010	4175	1.19494	106.965966044
7.95364785194	0	2020	4193	1.06466	160.932445568
17.0281281471	0	2030	4212	1.13715	75.1697420257
9.98142385483	0	2040	4241	1.07993	128.238217174
12.7145850658	0	2050	4266	1.08482	100.671787036
8.6602370739	0	2060	4282	0.866893	147.801958431
11.2881410122	0	2070	4300	1.11596	113.393338958
7.54702997208	0	2080	4316	1.1078	169.603142526
13.0613529682	0	2090	4337	1.07364	97.9990360198
7.56852602959	0	2100	4353	1.09361	169.121437252
7.57403302193	0	2110	4370	1.11751	168.998470999
8.00194478035	0	2120	4387	1.08713	159.961113846
10.1494431496	0	2130	4407	1.12462	126.115293336
10.743596077	0	2140	4429	1.12751	119.140741222
13.5544109344	0	2150	4456	1.19072	94.4342034626
9.00557494164	0	2160	4476	0.969385	142.134178916
8.18578791618	0	2170	4496	1.34916	156.368576013
16.9385361671	0	2180	4519	0.957018	75.5673328185
11.0214970112	0	2190	4535	1.02009	116.136673512
7.70841503143	0	2200	4558	1.14052	166.05229412
12.6502249241	0	2210	4578	1.08104	101.183971643
11.1930248737	0	2220	4600	1.26976	114.356933397
15.784206152	0	2230	4628	1.12527	81.0937203732
16.7835068703	0	2240	4650	1.16535	76.2653484694
8.27408695221	0	2250	4664	1.18224	154.699848744
9.62727713585	0	2260	4682	0.942592	132.955557624
9.23869204521	0	2270	4706	1.41499	138.547750454
8.27366805077	0	2280	4725	0.93263	154.707681302
7.98613381386	0	2290	4745	1.00383	160.277805235
8.58766102791	0	2300	4761	1.42263	149.05106243
8.46692705154	0	2310	4781	1.05105	151.176453064
13.7369890213	0	2320	4805	1.1391	93.1790800746
14.835627079	0	2330	4831	1.18635	86.27879315
8.08509588242	0	2340	4851	1.05058	158.315995087
7.91611003876	0	2350	4870	1.07927	161.695579487
10.8244469166	0	2360	4893	0.981884	118.250845504
9.17672514915	0	2370	4913	1.08362	139.483310135
10.5534348488	0	2380	4930	0.827147	121.287525658
7.80341696739	0	2390	4946	0.895024	164.030706721
10.2759461403	0	2400	4967	1.16457	124.562739287
10.9333820343	0	2410	4988	1.02466	117.072649248
8.6134698391	0	2420	5004	1.1237	148.604456034
7.9964029789	0	2430	5024	0.960088	160.071972783
8.01869797707	0	2440	5041	1.09802	159.626912456
8.05837917328	0	2450	5061	1.10219	158.840875128
8.1743209362	0	2460	5081	1.31742	156.587930666
10.4579451084	0	2470	5098	1.06838	122.394981684
15.9777469635	0	2480	5123	0.957752	80.1114201473
7.62506389618	0	2490	5138	1.20755	167.867445759
15.010684967	0	2500	5156	1.11657	85.2725910117
8.18638300896	0	2510	5176	1.10472	156.357209112
12.1984300613	0	2520	5200	1.14916	104.931535744
9.37140607834	0	2530	5221	1.15141	136.585693684
8.19952297211	0	2540	5241	1.04525	156.106642344
15.0270149708	0	2550	5267	1.06931	85.1799244553
8.218708992	0	2560	5286	0.917253	155.742221953
7.80023288727	0	2570	5305	1.42373	164.097664582
14.1111199856	0	2580	5326	1.17801	90.7086043707
9.3309340477	0	2590	5339	1.14541	137.178121017
7.90959501266	0	2600	5356	1.17292	161.828765942
8.02461099625	0	2610	5376	0.880852	159.509289684
13.9770071507	0	2620	5403	1.15105	91.5789758282
18.9878599644	0	2630	5431	0.890094	67.4114935755
8.85267806053	0	2640	5442	1.05031	144.5890149
8.33390784264	0	2650	5458	1.36976	153.589411375
12.4497931004	0	2660	5476	0.968068	102.812953571
9.88884997368	0	2670	5492	0.867556	129.43871162
16.5006690025	0	2680	5520	1.04756	77.572612347
23.3901469707	0	2690	5546	0.95984	54.7238972718
11.7631130219	0	2700	5563	0.935347	108.814732769
9.02829003334	0	2710	5580	0.946779	141.776570677
14.0560669899	0	2720	5598	1.11163	91.0638801679
10.177355051	0	2730	5613	1.18351	125.769415883
7.86233878136	0	2740	5629	0.927381	162.801430413
7.86311221123	0	2750	5649	1.16669	162.785416972
8.00183796883	0	2760	5664	1.09878	159.963249067
18.615170002	0	2770	5695	1.30476	68.7611233131
11.5351920128	0	2780	5711	1.02038	110.964776189
14.9727408886	0	2790	5732	1.0216	85.4886897144
19.8961930275	0	2800	5765	1.19248	64.3339154496
18.5450870991	0	2810	5784	1.11346	69.0209753754
16.2575228214	0	2820	5808	0.879126	78.7327819902
10.389177084	0	2830	5827	1.02229	123.205138353
7.57709503174	0	2840	5846	1.10696	168.930176359
15.227684021	0	2850	5869	1.11848	84.0574310732
8.8226518631	0	2860	5887	0.901992	145.081095782
10.2065951824	0	2870	5906	0.979616	125.409108241
9.19945979118	0	2880	5927	1.07966	139.138604772
11.0908310413	0	2890	5951	1.27499	115.41064824
13.5092191696	0	2900	5974	1.0654	94.7501098271
7.89094281197	0	2910	5994	0.917387	162.211288372
9.25834512711	0	2920	6015	1.04594	138.253649267
12.5851800442	0	2930	6039	1.13695	101.706927951
11.3790009022	0	2940	6060	1.02155	112.487907419
9.32787799835	0	2950	6081	0.955781	137.223064048
10.997551918	0	2960	6099	0.960103	116.389539194
7.72549104691	0	2970	6114	0.896189	165.68526094
11.7792110443	0	2980	6138	0.955054	108.66602145
10.2481479645	0	2990	6160	1.06838	124.900616622
7.73781609535	0	3000	6175	1.01531	165.421351997
10.8086960316	0	3010	6198	0.998046	118.423165594
7.74778389931	0	3020	6216	1.09324	165.20853145
19.7310290337	0	3030	6252	1.04952	64.8724401457
7.46258306503	0	3040	6270	0.942447	171.522378893
13.7014148235	0	3050	6295	0.970975	93.4210091794
8.0011742115	0	3060	6309	0.983117	159.976519216
7.43193984032	0	3070	6328	1.24643	172.229596512
21.548691988	0	3080	6356	1.22801	59.4003571406
14.5961220264	0	3090	6379	0.886018	87.6945258255
8.46947193146	0	3100	6400	0.772076	151.131028045
13.5768191814	0	3110	6421	0.871955	94.2783418483
11.9396569729	0	3120	6447	1.14001	107.205760007
7.47616696358	0	3130	6461	1.12506	171.21072954
7.58650803566	0	3140	6477	1.01021	168.720575261
10.3453588486	0	3150	6495	1.01413	123.72697929
9.6296889782	0	3160	6517	1.21123	132.922257707
8.94615721703	0	3170	6532	0.868952	143.078192004
10.0465497971	0	3180	6553	1.23618	127.406923357
14.7330260277	0	3190	6578	0.775529	86.8796401768
8.31059908867	0	3200	6598	1.32228	154.020183905
7.56034493446	0	3210	6613	0.926225	169.304444585
10.1533949375	0	3220	6632	1.11478	126.066208187
7.55204415321	0	3230	6646	0.837614	169.490534487
8.24613904953	0	3240	6662	0.991364	155.224159126
7.99161601067	0	3250	6681	1.11155	160.167855699
10.4435298443	0	3260	6701	1.11951	122.563924179
8.24903702736	0	3270	6722	1.03177	155.169627164
14.8076560497	0	3280	6738	0.972514	86.441770102
13.4728620052	0	3290	6762	1.22658	95.0057975434
14.6547379494	0	3300	6786	1.16508	87.3437658471
8.84859991074	0	3310	6802	1.09457	144.655653201
8.79342103004	0	3320	6817	1.18677	145.563370118
9.50430202484	0	3330	6839	0.985509	134.675854855
8.07409095764	0	3340	6859	0.970474	158.531778588
9.21693205833	0	3350	6876	1.09672	138.874843809
15.6779429913	0	3360	6901	0.932681	81.6433635914
12.4720160961	0	3370	6925	0.980861	102.629758504
24.0455069542	0	3380	6956	1.00426	53.232398154
11.5732400417	0	3390	6980	1.26565	110.599969877
13.483850956	0	3400	7005	0.967636	94.9283705508
15.1402029991	0	3410	7026	1.03531	84.5431200675
7.87500095367	0	3420	7041	0.980288	162.539662856
11.379502058	0	3430	7059	0.862766	112.482953426
9.7430961132	0	3440	7080	1.04145	131.375076785
10.3437669277	0	3450	7100	0.966117	123.746021053
14.6536300182	0	3460	7120	1.15595	87.3503697314
13.1213748455	0	3470	7146	1.11983	97.5507532611
9.928399086	0	3480	7159	1.06761	128.923101188
14.4635910988	0	3490	7186	1.19193	88.498077086
8.20482492447	0	3500	7205	0.798167	156.005766337
14.316395998	0	3510	7226	1.04532	89.4079767128
10.4656600952	0	3520	7249	1.17225	122.304755587
8.23206877708	0	3530	7269	0.941019	155.489468645
12.0027711391	0	3540	7291	0.979064	106.642040006
8.82528996468	0	3550	7310	0.966986	145.037727386
11.28657794	0	3560	7327	1.02055	113.409042741
7.91816306114	0	3570	7347	1.23119	161.653655035
11.8479149342	0	3580	7364	1.00682	108.035887083
7.99233603477	0	3590	7379	1.30359	160.153426286
8.95328903198	0	3600	7400	1.03574	142.964221911
8.58162093163	0	3610	7418	1.00192	149.155970672
8.68324518204	0	3620	7434	0.794417	147.410325652
13.741989851	0	3630	7453	0.919881	93.1451713965
7.69049310684	0	3640	7473	1.14667	166.439262375
7.72037482262	0	3650	7489	0.949775	165.795059101
16.4197380543	0	3660	7517	1.10483	77.9549585851
9.13177013397	0	3670	7538	1.15845	140.169975943
8.72554302216	0	3680	7559	0.96528	146.695741085
11.8164858818	0	3690	7580	0.878187	108.323236942
10.6776540279	0	3700	7603	1.13959	119.876519379
7.99633193016	0	3710	7621	1.18982	160.073395049
8.68782615662	0	3720	7638	0.92293	147.332598158
13.6123509407	0	3730	7657	1.14295	94.0322509738
14.6191658974	0	3740	7679	0.961801	87.5562948657
15.5485241413	0	3750	7701	0.796032	82.3229258524
21.0125310421	0	3760	7730	1.02582	60.9160313641
8.04488682747	0	3770	7750	1.03996	159.107272414
10.6844201088	0	3780	7767	0.922518	119.800605645
12.9277288914	0	3790	7782	0.893044	99.0119773361
11.8191709518	0	3800	7802	1.0395	108.298628154
11.3324611187	0	3810	7822	0.977033	112.949869105
9.72791099548	0	3820	7841	0.887792	131.580151236
14.2071828842	0	3830	7862	0.84317	90.0952715561
14.6674931049	0	3840	7881	0.828406	87.2678099006
10.9287760258	0	3850	7904	1.02889	117.121990329
7.9891679287	0	3860	7924	0.957698	160.216935158
9.7221031189	0	3870	7943	0.956305	131.65875576
9.71917200089	0	3880	7968	1.11203	131.698461544
8.61537384987	0	3890	7989	0.838188	148.571614222
14.4439911842	0	3900	8008	0.819694	88.6181654138
11.3043158054	0	3910	8020	0.825174	113.231089969
8.22966599464	0	3920	8032	0.942914	155.534866279
7.60092520714	0	3930	8051	0.909745	168.400551922
16.566300869	0	3940	8076	1.0079	77.265287533
12.774739027	0	3950	8092	0.883672	100.197741597
7.58288407326	0	3960	8111	0.797727	168.801209096
8.66787791252	0	3970	8131	0.875928	147.671669227
13.8493340015	0	3980	8150	0.773579	92.4232168751
13.7445979118	0	3990	8170	1.11373	93.1274969418
8.13651418686	0	4000	8189	0.935719	157.31552488
7.84348487854	0	4010	8209	0.781714	163.192766968
11.5284841061	0	4020	8232	0.867521	111.029341605
9.66220593452	0	4030	8254	0.87696	132.474924326
10.2850599289	0	4040	8275	0.828131	124.452361858
13.2088270187	0	4050	8298	0.977046	96.904895354
8.0254881382	0	4060	8316	1.06092	159.491856191
7.72440981865	0	4070	8335	0.988525	165.708452821
15.0606880188	0	4080	8355	1.07164	84.9894771343
22.9988560677	0	4090	8393	0.937825	55.6549419777
8.43116593361	0	4100	8411	0.935301	151.817673864
14.4858090878	0	4110	8429	0.939832	88.3623408431
22.329928875	0	4120	8465	0.948193	57.3221709378
10.4654531479	0	4130	8489	0.989973	122.307174081
9.30371284485	0	4140	8503	0.945257	137.579482659
7.87043118477	0	4150	8523	1.19629	162.634037443
11.58157897	0	4160	8540	1.05583	110.520336072
19.0418300629	0	4170	8568	0.83951	67.2204297473
14.6274988651	0	4180	8589	1.00875	87.50641595
12.9410719872	0	4190	8609	1.04374	98.9098894799
10.3173811436	0	4200	8630	0.966957	124.062490489
16.5865838528	0	4210	8653	1.42022	77.1708033048
7.92190408707	0	4220	8669	1.03457	161.577316
7.64487099648	0	4230	8684	0.998496	167.432517905
15.1694960594	0	4240	8704	0.876797	84.3798630479
8.04332590103	0	4250	8720	0.920421	159.138149535
8.03794908524	0	4260	8735	0.893991	159.24460163
7.88575100899	0	4270	8749	1.04775	162.318084675
7.88840293884	0	4280	8766	1.03831	162.263516446
11.0393810272	0	4290	8782	0.913536	115.948529799
8.74595999718	0	4300	8799	0.788259	146.353287737
10.1722588539	0	4310	8817	0.930216	125.832425067
9.05420613289	0	4320	8838	0.918163	141.370759757
17.3123888969	0	4330	8867	0.96729	73.9354925319
9.31901812553	0	4340	8885	0.886073	137.353526172
8.45054388046	0	4350	8901	0.852522	151.469540672
9.49428915977	0	4360	8916	1.09243	134.817886675
8.05523777008	0	4370	8932	0.894126	158.902820318
8.01858901978	0	4380	8946	0.8509	159.629081481
8.64534306526	0	4390	8966	1.01494	148.056588424
8.03946399689	0	4400	8984	1.29449	159.214594467
20.0252161026	0	4410	9012	1.13083	63.9194100799
10.8741300106	0	4420	9035	0.865496	117.710566156
7.8028550148	0	4430	9051	0.982407	164.042520023
11.9678468704	0	4440	9069	1.04313	106.953240116
10.8330380917	0	4450	9092	0.766845	118.157066298
10.0623409748	0	4460	9115	1.11698	127.206979291
7.70035386086	0	4470	9133	0.88566	166.226127153
10.574324131	0	4480	9155	1.09393	121.047925536
11.3212108612	0	4490	9172	0.924322	113.062111084
18.0965130329	0	4500	9196	0.814886	70.7318585449
17.1976480484	0	4510	9221	0.841783	74.428782145
9.66303706169	0	4520	9242	0.8809	132.46353003
7.61404705048	0	4530	9257	1.06177	168.110334953
8.43146586418	0	4540	9274	0.894464	151.812273289
7.84566998482	0	4550	9289	1.00124	163.147315969
10.4751420021	0	4560	9309	0.838007	122.19404756
10.1048469543	0	4570	9328	0.842173	126.671883877
7.89558315277	0	4580	9344	0.840602	162.115954608
8.12516498566	0	4590	9364	1.02177	157.535262639
16.7717778683	0	4600	9386	0.950265	76.3186830909
28.8930130005	0	4610	9426	0.878763	44.3013679459
8.95482707024	0	4620	9444	0.900361	142.93966706
7.87257409096	0	4630	9458	0.976055	162.589768634
8.09180593491	0	4640	9472	0.956893	158.184713066
9.11994099617	0	4650	9491	0.869813	140.351785229
10.3245239258	0	4660	9513	0.852025	123.976660735
8.92518901825	0	4670	9534	0.907018	143.414329644
10.7433099747	0	4680	9552	0.88801	119.143914028
8.00483107567	0	4690	9570	0.835671	159.9034368
8.38191008568	0	4700	9588	0.804765	152.709822334
9.05508804321	0	4710	9606	0.77306	141.356991107
10.886428833	0	4720	9622	0.866786	117.577583947
8.38757610321	0	4730	9637	0.772173	152.606663027
16.8912360668	0	4740	9665	1.00152	75.7789421056
10.5620999336	0	4750	9683	0.758599	121.188022083
11.5041298866	0	4760	9702	0.818985	111.264390494
7.96104216576	0	4770	9720	0.875869	160.782969535
20.3730268478	0	4780	9751	0.954848	62.8281702842
8.6404440403	0	4790	9776	0.781126	148.14053468
14.9581580162	0	4800	9798	1.15891	85.5720335761
8.78916096687	0	4810	9822	1.01834	145.633923969
8.47252011299	0	4820	9845	0.869558	151.076655225
13.3794119358	0	4830	9868	0.831098	95.6693766618
10.100992918	0	4840	9917	0.928214	126.720215566
7.832020998	0	4850	9955	0.785705	163.431635376
23.0899021626	0	4860	10017	0.825764	55.4354882489
8.06997084618	0	4870	10031	0.949249	158.612716749
8.16866612434	0	4880	10052	0.920498	156.696329672
14.4566719532	0	4890	10073	1.10206	88.5404333821
8.73814988136	0	4900	10107	0.797625	146.484097593
14.1078350544	0	4910	10133	1.23389	90.7297253664
15.1444900036	0	4920	10190	0.799542	84.5191881468
9.5348751545	0	4930	10226	0.916308	134.244023048
15.7630548477	0	4940	10262	0.860469	81.2025341766
13.045552969	0	4950	10284	0.813999	98.117726634
8.65243911743	0	4960	10307	0.92817	147.935164019
17.0620028973	0	4970	10348	1.13201	75.0205006826
8.78784894943	0	4980	10387	0.914913	145.655666974
7.82206821442	0	4990	10414	0.81394	163.639585454
16.102782011	0	5000	10449	0.909166	79.4893701674
4.00960683823	0	5010	10470	0.940642	319.233294346
2.94624900818	0	5020	10490	0.805905	434.450719015
2.77940607071	0	5030	10503	0.952032	460.530043986
2.82368206978	0	5040	10520	0.735061	453.308824566
3.43959879875	0	5050	10534	0.90818	372.136424883
2.97922301292	0	5060	10552	0.919132	429.642223643
12.0578641891	0	5070	10583	0.745156	106.154786612
4.16548490524	0	5080	10594	0.884678	307.287153625
6.35679507256	0	5090	10607	0.809324	201.35933051
2.79324293137	0	5100	10623	0.623904	458.248720735
6.66563796997	0	5110	10644	0.828974	192.029631037
8.76105690002	0	5120	10664	0.931694	146.101094264
9.93838214874	0	5130	10679	0.952857	128.793598479
17.5258278847	0	5140	10730	0.854482	73.0350662133
4.48317599297	0	5150	10747	0.776475	285.511878634
4.55116200447	0	5160	10777	0.940942	281.246854922
6.04137396812	0	5170	10794	0.818766	211.872333471
3.46898317337	0	5180	10816	0.709591	368.984205466
6.24319291115	0	5190	10840	0.840532	205.023297889
2.90556001663	0	5200	10855	0.923966	440.534696469
2.85021209717	0	5210	10865	0.734147	449.089385759
2.7713599205	0	5220	10881	0.736051	461.867110992
2.72173905373	0	5230	10900	0.821053	470.287553191
12.7655389309	0	5240	10930	0.88758	100.269953891
11.6686389446	0	5250	10942	0.997845	109.695741386
17.8447911739	0	5260	11006	0.831892	71.7296149629
10.5502269268	0	5270	11047	0.883869	121.324404573
18.585283041	0	5280	11099	0.773839	68.8716979546
2.94301581383	0	5290	11126	0.841742	434.928006158
4.48217606544	0	5300	11148	0.807366	285.575573407
13.2088229656	0	5310	11174	1.04895	96.9049250892
3.37039113045	0	5320	11189	0.807608	379.777880507
2.79455590248	0	5330	11210	0.759744	458.033420932
7.89845299721	0	5340	11236	0.71442	162.057050976
2.81126403809	0	5350	11248	0.812488	455.31119904
9.05608201027	0	5360	11281	0.76345	141.341476209
6.19287395477	0	5370	11310	0.930756	206.689173613
8.56645393372	0	5380	11332	0.801253	149.420052907
9.86896800995	0	5390	11349	0.79189	129.699478072
2.80111503601	0	5400	11360	0.747727	456.960882914
24.3037731647	0	5410	11418	0.888349	52.666719333
4.25917196274	0	5420	11437	1.02098	300.527898662
6.11673903465	0	5430	11459	0.838576	209.261829342
11.6090278625	0	5440	11496	0.839959	110.259016961
6.30058097839	0	5450	11522	0.799722	203.155868386
4.47603607178	0	5460	11545	0.916227	285.967311137
3.51123595238	0	5470	11563	0.855433	364.544000278
6.07271313667	0	5480	11583	0.827779	210.778933764
2.72862482071	0	5490	11597	0.870621	469.100768374
3.72059416771	0	5500	11619	0.891079	344.031072002
2.93265485764	0	5510	11629	0.780872	436.464589983
3.58061408997	0	5520	11650	0.947397	357.480579543
15.4101860523	0	5530	11689	0.84533	83.0619432922
13.2322909832	0	5540	11732	0.793763	96.7330601802
2.85150504112	0	5550	11745	0.793968	448.88575736
28.9950048923	0	5560	11800	0.87951	44.1455348862
14.9274699688	0	5570	11829	0.79059	85.7479534493
14.308191061	0	5580	11893	0.833152	89.4592471222
5.79875588417	0	5590	11908	0.769524	220.737003862
2.70852398872	0	5600	11922	0.663259	472.582116802
2.71128606796	0	5610	11939	0.775461	472.100681343
2.852891922	0	5620	11957	0.932198	448.667539815
4.198168993	0	5630	11967	0.639424	304.894824895
2.73217821121	0	5640	11985	0.842956	468.490669733
2.68624401093	0	5650	12001	0.821413	476.501760374
6.12727689743	0	5660	12022	0.770124	208.901934975
5.17559790611	0	5670	12033	0.841979	247.314421101
6.53103709221	0	5680	12050	0.721792	195.9872501
6.08985900879	0	5690	12076	0.986266	210.185490034
4.07536387444	0	5700	12095	0.65931	314.082383669
7.1884701252	0	5710	12129	0.967746	178.062922667
3.24983501434	0	5720	12145	0.830246	393.866148389
28.5615429878	0	5730	12187	0.831908	44.8155059601
3.44435191154	0	5740	12222	0.867761	371.622886648
6.82443809509	0	5750	12249	0.858771	187.561229535
2.82479000092	0	5760	12269	0.818892	453.131029062
3.91608309746	0	5770	12293	1.13786	326.857211184
2.779088974	0	5780	12313	0.968163	460.582590905
9.78688979149	0	5790	12348	0.972623	130.787208937
2.94603013992	0	5800	12362	0.821896	434.482995491
8.32948493958	0	5810	12386	0.858024	153.670966367
6.16879892349	0	5820	12403	0.772603	207.495821452
12.7427780628	0	5830	12425	0.78443	100.449053863
8.83104395866	0	5840	12445	0.785439	144.943225964
2.88498306274	0	5850	12456	0.852862	443.676781514
3.54185199738	0	5860	12469	0.814635	361.392853498
9.57705211639	0	5870	12502	0.946794	133.652817636
2.6502737999	0	5880	12517	0.773683	482.968967225
6.14655208588	0	5890	12532	0.859682	208.246832064
3.68882393837	0	5900	12548	0.814353	346.994061355
3.80126905441	0	5910	12570	0.886886	336.729650461
2.70286893845	0	5920	12584	0.796455	473.57087197
3.41561603546	0	5930	12599	0.826398	374.749382457
8.2964861393	0	5940	12632	0.868762	154.282183868
2.80591797829	0	5950	12645	0.65619	456.178694426
6.8831319809	0	5960	12673	0.877765	185.961856253
2.90349006653	0	5970	12692	0.682772	440.848761549
4.10012888908	0	5980	12708	0.87551	312.185307981
2.80910301208	0	5990	12724	0.790505	455.661467199
7.17400193214	0	6000	12744	0.838491	178.422031679
10.0250720978	0	6010	12770	0.83127	127.679879757
5.81006288528	0	6020	12804	0.932747	220.307426145
5.74090099335	0	6030	12824	0.909792	222.961517971
6.38771414757	0	6040	12845	0.780489	200.384671328
3.36051297188	0	6050	12864	0.939978	380.894229753
2.8060529232	0	6060	12880	0.784905	456.156756495
2.59337306023	0	6070	12899	0.715119	493.565703921
3.11658501625	0	6080	12911	0.799769	410.705946838
9.64561891556	0	6090	12931	0.92056	132.702733874
2.79977297783	0	6100	12953	0.696011	457.179924993
3.88503503799	0	6110	12966	0.72204	329.469358058
2.65715408325	0	6120	12982	0.814352	481.718394905
2.69257998466	0	6130	12994	0.883693	475.380492795
9.17335295677	0	6140	13027	0.857403	139.534585231
5.62326312065	0	6150	13057	0.822787	227.625841533
4.02242088318	0	6160	13081	0.96392	318.216327225
10.8928890228	0	6170	13116	0.805783	117.507852813
2.81913590431	0	6180	13127	0.834389	454.039834703
3.98647117615	0	6190	13145	0.720073	321.085978913
4.67431092262	0	6200	13155	0.820888	273.837154008
2.86030387878	0	6210	13170	0.783531	447.504899565
5.80921912193	0	6220	13191	1.06588	220.339424823
3.4913918972	0	6230	13211	0.801845	366.615962254
2.81810498238	0	6240	13226	0.924091	454.205932002
9.34344601631	0	6250	13242	0.7318	136.994423446
2.82748413086	0	6260	13253	0.867616	452.699269301
2.69459295273	0	6270	13271	0.83696	475.025364667
3.72349309921	0	6280	13285	0.833091	343.763226061
2.79470801353	0	6290	13305	0.742355	458.008490977
3.90635895729	0	6300	13319	0.806933	327.670860255
3.66420888901	0	6310	13342	0.781395	349.325062728
2.79938697815	0	6320	13353	0.846975	457.24296426
2.79128408432	0	6330	13363	0.898695	458.57030719
12.6498599052	0	6340	13397	0.903533	101.186891364
9.33737516403	0	6350	13426	0.727972	137.083492685
7.11978602409	0	6360	13441	0.689716	179.780683811
2.78146195412	0	6370	13456	0.779993	460.189648866
5.15471792221	0	6380	13477	0.885038	248.316206496
2.9232981205	0	6390	13487	0.84576	437.861602628
3.00201296806	0	6400	13506	0.759548	426.380569843
4.25476789474	0	6410	13523	0.863667	300.838972105
14.2938969135	0	6420	13562	0.789915	89.5487079376
7.12404322624	0	6430	13583	0.877113	179.673250056
6.95181798935	0	6440	13607	0.827302	184.124498363
7.17281484604	0	6450	13629	0.976321	178.451560158
6.15165805817	0	6460	13649	0.912665	208.07398394
4.87182998657	0	6470	13670	0.926795	262.734948372
5.00455307961	0	6480	13688	0.870609	255.767094412
12.2892949581	0	6490	13727	0.862337	104.155690327
2.89501690865	0	6500	13744	0.720808	442.139041115
7.80970597267	0	6510	13763	0.946729	163.898615963
8.93499612808	0	6520	13791	0.867059	143.256917144
4.36250185966	0	6530	13812	0.714354	293.409617044
7.71202015877	0	6540	13830	0.693842	165.974669885
15.886248827	0	6550	13872	0.796453	80.5728283587
7.45597314835	0	6560	13897	0.83867	171.674438002
4.41243696213	0	6570	13917	0.841725	290.089130108
2.66124010086	0	6580	13935	0.726148	480.978773612
2.60389590263	0	6590	13950	0.836675	491.571110314
7.9739511013	0	6600	13961	0.758877	160.522679878
9.18718791008	0	6610	13984	0.840442	139.3244606
5.79067087173	0	6620	14019	0.860458	221.045199831
6.88485813141	0	6630	14042	0.75753	185.915232467
5.13998603821	0	6640	14054	0.733533	249.027913789
2.72653698921	0	6650	14075	0.806881	469.459979844
6.79053497314	0	6660	14090	0.701481	188.497666982
7.98164892197	0	6670	14117	0.796452	160.367865402
4.90771198273	0	6680	14140	0.943049	260.814001413
3.4454600811	0	6690	14156	0.924905	371.503360907
2.70615005493	0	6700	14167	0.771674	472.996683117
3.61539697647	0	6710	14184	0.954403	354.041342716
2.77850294113	0	6720	14194	0.753103	460.679735498
6.61965203285	0	6730	14217	0.868458	193.363638096
5.64398503304	0	6740	14229	0.953633	226.790112395
2.89636087418	0	6750	14244	0.847808	441.933880344
3.70632219315	0	6760	14254	0.856234	345.355836135
7.18631386757	0	6770	14269	0.804305	178.11635055
9.19400811195	0	6780	14304	0.699646	139.221108402
3.2064948082	0	6790	14319	0.723264	399.189793393
2.66895318031	0	6800	14329	0.876561	479.588780141
12.0716688633	0	6810	14369	0.755987	106.033392275
2.80047607422	0	6820	14385	0.88065	457.065143953
7.14280200005	0	6830	14415	0.726679	179.201383434
7.19382596016	0	6840	14435	0.741993	177.930354041
5.72237610817	0	6850	14446	0.755631	223.683304943
4.90633487701	0	6860	14478	0.8588	260.887206456
2.91312909126	0	6870	14493	0.738276	439.390071603
9.69918990135	0	6880	14525	0.949254	131.969784386
7.54718399048	0	6890	14543	0.642541	169.599681367
4.08580207825	0	6900	14565	0.91102	313.279981626
3.14553689957	0	6910	14587	0.769429	406.925762078
5.72485518456	0	6920	14617	0.794469	223.586441707
2.76533579826	0	6930	14632	0.857862	462.873261469
3.2470459938	0	6940	14644	0.789975	394.204456125
3.12025308609	0	6950	14659	0.927016	410.223134048
17.3945999146	0	6960	14707	0.741225	73.586055804
3.37082409859	0	6970	14723	0.90933	379.72909964
3.00204110146	0	6980	14744	0.896729	426.376574051
3.32501983643	0	6990	14759	0.694972	384.960109404
2.8229701519	0	7000	14770	0.903406	453.4231434
5.58866095543	0	7010	14793	0.856278	229.035185746
4.62310004234	0	7020	14816	0.745575	276.870495615
4.1557598114	0	7030	14837	0.813361	308.006251104
2.71828913689	0	7040	14856	1.04163	470.88441867
2.86299395561	0	7050	14866	0.83158	447.084422756
6.27739691734	0	7060	14888	0.988366	203.906175897
4.52928113937	0	7070	14907	0.702467	282.60555276
6.51123285294	0	7080	14935	0.75477	196.58335509
5.4838950634	0	7090	14951	0.755438	233.410739119
4.5401930809	0	7100	14977	0.902419	281.926335993
4.07058000565	0	7110	14995	0.727541	314.451502789
8.18587803841	0	7120	15016	0.942244	156.366854477
3.12629699707	0	7130	15038	1.03812	409.430070527
6.25867486	0	7140	15061	0.750627	204.516136184
6.28734898567	0	7150	15091	0.872223	203.583418531
9.97429418564	0	7160	15127	0.688902	128.329882413
3.66582679749	0	7170	15149	0.895154	349.17088851
11.0634770393	0	7180	15179	0.930557	115.695996426
2.56524705887	0	7190	15198	0.838896	498.977280015
2.96377706528	0	7200	15218	0.836081	431.881336487
2.83476996422	0	7210	15238	0.721717	451.535756395
6.85573792458	0	7220	15272	0.861728	186.704919891
14.792096138	0	7230	15296	0.764255	86.5326988182
17.3871018887	0	7240	15354	0.96455	73.6177891058
8.60602402687	0	7250	15381	0.647041	148.733026541
2.760420084	0	7260	15398	0.77871	463.697539161
10.0943808556	0	7270	15416	0.796921	126.803220357
3.41695308685	0	7280	15438	0.835626	374.602743282
2.79394197464	0	7290	15452	0.711898	458.13406707
5.15049004555	0	7300	15473	0.885074	248.520041526
2.90368890762	0	7310	15493	0.804221	440.818572761
4.28960800171	0	7320	15516	0.825018	298.395564231
2.742385149	0	7330	15526	0.928591	466.746984998
12.0041429996	0	7340	15551	0.778914	106.629852713
9.13374590874	0	7350	15577	0.9494	140.139654944
13.7161848545	0	7360	15621	0.786018	93.3204104186
7.27191400528	0	7370	15656	0.919435	176.019683273
9.72252202034	0	7380	15680	0.750518	131.653083153
2.91354012489	0	7390	15694	0.791929	439.328083751
3.15461587906	0	7400	15711	0.806509	405.754630381
2.75200104713	0	7410	15730	0.880761	465.116102093
6.40462398529	0	7420	15759	0.93588	199.855604785
2.72090601921	0	7430	15772	0.890593	470.431536761
2.7578690052	0	7440	15791	0.824411	464.126467785
5.58938598633	0	7450	15813	0.84553	229.005476296
3.06703305244	0	7460	15834	0.888442	417.341443054
4.41743206978	0	7470	15858	0.783278	289.761105498
2.85479187965	0	7480	15870	0.827239	448.368936847
3.69528102875	0	7490	15889	0.865859	346.387728035
3.67290902138	0	7500	15905	0.714557	348.497605726
9.86349797249	0	7510	15939	0.754124	129.771406003
2.79093194008	0	7520	15957	0.926941	458.628167036
2.79730010033	0	7530	15973	0.66062	457.584082541
6.27034687996	0	7540	15993	0.809038	204.135436923
4.49676299095	0	7550	16012	0.747746	284.649202677
10.3670091629	0	7560	16052	0.966525	123.468589628
2.69085001945	0	7570	16071	0.797772	475.686118047
2.93704104424	0	7580	16088	0.814141	435.812772352
12.7902679443	0	7590	16109	0.64375	100.076089537
2.85052895546	0	7600	16135	0.859846	449.039466008
2.96895694733	0	7610	16151	0.943887	431.12784143
14.188131094	0	7620	16168	0.76119	90.2162512823
9.84582400322	0	7630	16214	0.921703	130.004355103
5.90573096275	0	7640	16239	0.796906	216.738623563
7.61837387085	0	7650	16255	0.826258	168.014857462
10.8987941742	0	7660	16284	0.765559	117.444185067
2.88880181313	0	7670	16297	0.827126	443.090278531
2.69447207451	0	7680	16317	0.762089	475.046675046
3.42351794243	0	7690	16336	0.839385	373.884414081
3.06563305855	0	7700	16355	0.814012	417.532031902
15.6420619488	0	7710	16381	0.801988	81.8306438238
3.06326913834	0	7720	16406	1.00707	417.854240746
5.34122896194	0	7730	16429	0.940764	239.645221937
4.7026860714	0	7740	16445	0.874613	272.184870639
4.9050359726	0	7750	16460	0.758072	260.956292095
3.31743192673	0	7760	16480	0.832079	385.840622587
3.18826794624	0	7770	16498	0.876521	401.471903109
2.87555909157	0	7780	16512	0.87135	445.130828211
4.27603697777	0	7790	16537	0.711871	299.342593774
17.6146380901	0	7800	16574	0.841087	72.6668350181
3.01509284973	0	7810	16585	0.765939	424.530873109
2.61759805679	0	7820	16596	0.854887	488.997918026
6.67687010765	0	7830	16609	0.825588	191.706589968
24.4096000195	0	7840	16675	0.919103	52.438384856
6.58629798889	0	7850	16713	0.808804	194.342861826
5.06443190575	0	7860	16737	0.789034	252.743056639
6.62944793701	0	7870	16760	0.732754	193.077917221
3.99525594711	0	7880	16784	0.821472	320.379974886
3.33682107925	0	7890	16804	0.937868	383.598631631
8.95839214325	0	7900	16834	0.874951	142.882782929
5.92816185951	0	7910	16857	1.04937	215.91853096
8.4873919487	0	7920	16889	0.849966	150.81193466
22.0063960552	0	7930	16934	0.807095	58.1649079108
5.00831604004	0	7940	16963	0.715743	255.574925737
3.83901500702	0	7950	16984	0.711016	333.418858134
2.71941804886	0	7960	16998	0.914284	470.688940429
3.62908196449	0	7970	17009	0.805147	352.706280135
4.80327606201	0	7980	17025	0.783161	266.484787357
2.93552279472	0	7990	17044	0.775346	436.038174291
3.6527030468	0	8000	17067	0.811121	350.425420189
19.9649441242	0	8010	17134	0.818711	64.112375774
4.1276049614	0	8020	17153	0.744465	310.107195812
11.6230149269	0	8030	17201	0.784212	110.126331941
2.94202113152	0	8040	17211	0.983455	435.075053095
2.76488184929	0	8050	17228	0.80682	462.949257788
11.8410129547	0	8060	17254	0.8869	108.098859861
4.18616509438	0	8070	17273	0.659893	305.769115919
3.04069399834	0	8080	17285	0.932564	420.956531864
3.92971110344	0	8090	17297	0.915084	325.723689683
2.9955599308	0	8100	17320	0.699876	427.29907916
7.84996986389	0	8110	17351	0.842898	163.057950819
2.77290606499	0	8120	17366	0.93988	461.609578544
4.25346708298	0	8130	17377	0.997992	300.930975844
3.27455496788	0	8140	17387	0.815998	390.89281217
9.09508299828	0	8150	17423	0.817888	140.73538419
3.49025392532	0	8160	17444	0.787769	366.735494719
4.02477002144	0	8170	17455	0.972562	318.030593843
2.83038711548	0	8180	17466	0.84342	452.234958603
4.70005083084	0	8190	17484	0.708251	272.337480182
11.3301720619	0	8200	17517	0.837803	112.972688588
4.15486097336	0	8210	17536	0.819869	308.072883355
3.67038702965	0	8220	17559	0.778792	348.737064964
2.87392306328	0	8230	17573	0.840747	445.384226306
2.75095009804	0	8240	17586	0.723908	465.293791012
2.73877191544	0	8250	17602	0.744681	467.362759486
2.80727601051	0	8260	17612	0.908244	455.958015958
3.58597898483	0	8270	17633	0.944479	356.945761649
6.1224770546	0	8280	17650	0.723419	209.065707978
3.96096301079	0	8290	17665	0.742117	323.153737239
2.84489893913	0	8300	17675	1.01174	449.928109007
2.73842597008	0	8310	17691	0.921375	467.421801424
10.7527320385	0	8320	17721	0.830777	119.039514369
2.8682539463	0	8330	17732	0.749522	446.264530255
2.94298791885	0	8340	17746	0.808917	434.932128603
9.13387703896	0	8350	17782	0.73069	140.137643034
4.75124406815	0	8360	17802	0.821558	269.403125085
3.97250008583	0	8370	17816	0.809685	322.215222742
9.56800484657	0	8380	17853	0.777928	133.77919645
2.84949302673	0	8390	17873	0.880262	449.202713602
2.68580102921	0	8400	17892	0.746083	476.580352037
2.78939604759	0	8410	17905	0.757153	458.880696094
3.10809803009	0	8420	17916	0.868887	411.827422304
4.26101398468	0	8430	17927	0.698515	300.397981467
2.78762197495	0	8440	17947	0.906942	459.172732711
2.91950297356	0	8450	17967	0.719404	438.430791677
7.75583410263	0	8460	17988	0.897164	165.037052503
7.98024487495	0	8470	18009	0.74548	160.396080579
6.41357803345	0	8480	18050	0.926108	199.576584759
2.84636902809	0	8490	18060	0.731397	449.695730725
3.17334604263	0	8500	18076	0.881577	403.359729069
2.84769701958	0	8510	18097	0.708172	449.486020177
3.72413277626	0	8520	18111	0.814375	343.704179443
5.81332707405	0	8530	18132	0.770487	220.183723313
10.0066130161	0	8540	18160	0.649971	127.915409333
2.88643097878	0	8550	18181	0.736879	443.454220597
6.0743291378	0	8560	18208	0.88933	210.722858601
11.2163608074	0	8570	18223	1.04909	114.119010789
5.50830411911	0	8580	18246	0.757785	232.376421549
5.0590338707	0	8590	18264	0.85153	253.012735774
2.90039300919	0	8600	18285	0.848952	441.319502545
3.53913402557	0	8610	18305	0.887078	361.670394721
3.07528209686	0	8620	18324	0.950883	416.22197889
2.81987595558	0	8630	18335	0.927401	453.920676002
13.1822171211	0	8640	18360	0.874103	97.100509591
2.86293697357	0	8650	18371	0.882982	447.093321235
6.33070683479	0	8660	18394	0.950734	202.189113065
3.5343132019	0	8670	18407	0.752172	362.163715233
3.32280683517	0	8680	18422	0.872771	385.216494215
3.10181808472	0	8690	18439	0.949795	412.661208698
2.67274403572	0	8700	18449	0.990579	478.908560974
2.93736982346	0	8710	18460	0.836739	435.763991915
4.31965303421	0	8720	18480	0.929758	296.320095587
5.08593416214	0	8730	18501	0.682166	251.67451233
8.87443780899	0	8740	18522	0.740712	144.234488714
6.46459412575	0	8750	18547	0.959395	198.001603055
2.85862803459	0	8760	18567	0.884955	447.767245165
7.67860794067	0	8770	18588	0.802305	166.696881764
2.84689497948	0	8780	18608	0.874114	449.612651407
3.03932094574	0	8790	18627	0.846308	421.146704429
2.83758497238	0	8800	18648	0.734448	451.087813214
6.51707315445	0	8810	18676	0.752006	196.407186119
4.56310200691	0	8820	18701	0.776938	280.510932708
2.83785605431	0	8830	18715	0.842072	451.04472373
6.27529788017	0	8840	18734	0.796731	203.974380889
6.23332595825	0	8850	18753	0.73707	205.347836544
5.73549103737	0	8860	18767	0.839348	223.171824637
2.96666812897	0	8870	18780	0.650089	431.460461486
3.74445676804	0	8880	18791	0.859908	341.838637563
6.42394709587	0	8890	18822	0.762906	199.25444293
7.32676196098	0	8900	18845	0.671641	174.702004353
7.37776494026	0	8910	18862	0.846059	173.494277788
2.88799500465	0	8920	18874	0.781261	443.214063022
2.68383622169	0	8930	18894	0.908441	476.929251365
6.57149791718	0	8940	18904	0.751076	194.780553252
11.0173768997	0	8950	18950	0.94347	116.180104543
9.55662512779	0	8960	18976	0.798434	133.938496371
2.74857091904	0	8970	18993	0.908686	465.696552028
2.90701508522	0	8980	19008	0.875128	440.314192557
4.76883006096	0	8990	19026	0.940786	268.409648412
12.5218789577	0	9000	19043	0.826588	102.221080743
5.56275081635	0	9010	19061	0.71451	230.101984119
4.41739606857	0	9020	19082	0.839651	289.763467013
3.64171910286	0	9030	19099	0.77919	351.482353209
3.05027699471	0	9040	19116	0.842992	419.634020852
2.96496701241	0	9050	19136	0.779291	431.708007086
2.78694200516	0	9060	19151	0.803755	459.284763598
4.2097120285	0	9070	19172	0.876007	304.058802914
3.25924992561	0	9080	19193	0.695021	392.728397396
2.88835692406	0	9090	19213	0.935878	443.158527029
4.04514098167	0	9100	19224	0.762621	316.429020842
2.86861395836	0	9110	19236	0.748506	446.208523901
4.55048298836	0	9120	19260	0.92618	281.288822148
3.53374910355	0	9130	19277	0.963866	362.221528041
3.02711701393	0	9140	19289	0.826776	422.844572611
2.85705590248	0	9150	19306	0.884053	448.013634906
11.0099580288	0	9160	19332	0.813676	116.258390509
2.93914604187	0	9170	19348	0.883448	435.500646026
3.81605410576	0	9180	19368	1.02399	335.425013516
3.3825469017	0	9190	19382	0.758115	378.413082567
4.07969903946	0	9200	19406	0.937494	313.748633813
6.00763702393	0	9210	19431	0.879397	213.06213989
24.8741889	0	9220	19464	0.753573	51.4589643564
3.78733706474	0	9230	19483	0.924778	337.96833451
6.31291294098	0	9240	19503	0.977722	202.759013464
2.84419202805	0	9250	19524	0.901365	450.039936607
3.87579607964	0	9260	19539	0.993214	330.254733144
7.89274692535	0	9270	19568	0.812321	162.174210336
4.12015390396	0	9280	19590	0.71993	310.668006544
4.16166305542	0	9290	19614	0.7326	307.56934979
7.28040504456	0	9300	19645	0.786193	175.814393865
3.86122393608	0	9310	19667	0.869785	331.501104621
6.04936003685	0	9320	19683	0.782708	211.592629998
15.2963321209	0	9330	19724	0.932962	83.6801914265
6.44631695747	0	9340	19753	0.682761	198.562994722
2.75584888458	0	9350	19765	0.919827	464.46668653
8.09858417511	0	9360	19787	0.954084	158.052317828
6.75417089462	0	9370	19811	0.879271	189.512527884
2.92169308662	0	9380	19825	0.94962	438.102142165
4.54580593109	0	9390	19847	0.823759	281.57823264
4.16157603264	0	9400	19865	0.682211	307.575781377
8.55000400543	0	9410	19880	0.882981	149.707532205
6.26816892624	0	9420	19905	0.858882	204.206366335
2.75315308571	0	9430	19922	0.923315	464.921477358
3.40727090836	0	9440	19936	0.912256	375.667222956
5.02955102921	0	9450	19962	0.817138	254.495876981
6.14996600151	0	9460	19981	0.691352	208.131231894
2.739331007	0	9470	19999	0.945837	467.267371751
Training elapsed time: 8323.86318398 s
