Duration	Worker	LocalStep	GlobalStep	Loss	ExamplesPerSec
21.9598519802	1	10	23	5.43693	58.28818888
11.6063408852	1	20	43	4.52529	110.284542964
13.9514870644	1	30	66	4.28224	91.7464922624
17.2333741188	1	40	86	4.35629	74.2744857261
10.9659128189	1	50	104	4.15569	116.725348919
18.6943421364	1	60	134	4.06505	68.4699140875
8.13432598114	1	70	154	4.44804	157.357844149
24.3259370327	1	80	182	3.97231	52.6187335879
8.26775693893	1	90	198	3.79211	154.818291038
10.5042250156	1	100	218	4.11536	121.855729299
14.9233689308	1	110	239	3.8089	85.7715175396
10.4721870422	1	120	258	3.75134	122.228527321
11.5396199226	1	130	279	3.79982	110.922197488
12.9390711784	1	140	303	3.78516	98.9251842229
8.38072991371	1	150	321	3.63964	152.731326887
8.05858397484	1	160	339	3.72705	158.836838332
16.36084795	1	170	364	3.68349	78.2355537997
9.41863799095	1	180	376	3.50388	135.900753509
7.94316601753	1	190	387	3.43238	161.144812682
14.9447340965	1	200	410	3.41845	85.6488975804
25.1948900223	1	210	433	3.38004	50.8039526614
15.3679559231	1	220	455	3.3691	83.2901920338
12.6815640926	1	230	472	3.53335	100.933921924
8.51756882668	1	240	493	3.2229	150.277623351
10.2205700874	1	250	513	3.30059	125.237632446
10.9477579594	1	260	531	3.15185	116.918916618
9.96904206276	1	270	553	3.38681	128.39749215
22.8069150448	1	280	570	3.10754	56.123329152
8.42547893524	1	290	588	2.84641	151.920147191
12.6689469814	1	300	609	3.09223	101.034442869
7.81283307076	1	310	625	3.03975	163.833015298
12.4424278736	1	320	650	2.97016	102.873813134
11.4927489758	1	330	665	2.98172	111.37457215
16.2553792	1	340	690	3.01926	78.7431646013
21.3150448799	1	350	712	3.15864	60.0514804079
15.6161351204	1	360	736	2.74406	81.9665038841
8.22146391869	1	370	750	2.85148	155.690034361
13.2609889507	1	380	772	3.05305	96.5237211761
12.8012440205	1	390	794	2.74974	99.9902820346
19.9675679207	1	400	821	2.76621	64.1039512215
11.0778861046	1	410	841	2.90857	115.545510029
8.1282749176	1	420	865	2.82166	157.474988602
17.2507650852	1	430	894	2.56779	74.1996075929
8.08448791504	1	440	914	2.62639	158.327900722
33.5902061462	1	450	941	2.56061	38.1063454754
8.79549098015	1	460	960	2.76999	145.529112916
22.9229359627	1	470	994	2.73262	55.8392695458
20.505756855	1	480	1016	2.47079	62.4214950489
21.4176580906	1	490	1036	2.5659	59.7637703705
13.9998719692	1	500	1051	2.57948	91.4294075556
15.393761158	1	510	1068	2.56813	83.1505690431
8.72605895996	1	520	1079	2.58754	146.687067538
15.934032917	1	530	1103	2.34915	80.3312009374
12.3469340801	1	540	1120	2.3547	103.669460912
10.5083448887	1	550	1139	2.85503	121.807954874
12.911864996	1	560	1164	2.42694	99.1336263507
18.8665311337	1	570	1189	2.682	67.8450103483
8.05323290825	1	580	1207	2.25884	158.942379363
8.02275800705	1	590	1221	2.22637	159.546131003
9.35759806633	1	600	1236	2.45895	136.787238662
7.86860990524	1	610	1255	2.1306	162.671680947
13.1137340069	1	620	1269	2.14098	97.6075921113
11.5284941196	1	630	1286	2.08683	111.029245166
8.23014783859	1	640	1305	2.12539	155.525760303
14.7771751881	1	650	1326	2.69461	86.6200734382
24.9217188358	1	660	1351	2.03658	51.3608234019
22.7019979954	1	670	1381	2.03428	56.3827025384
12.7442851067	1	680	1401	1.96869	100.437175509
13.1332709789	1	690	1423	2.21125	97.4623916657
8.22916603088	1	700	1436	2.09739	155.544315815
10.0133719444	1	710	1449	2.33502	127.829067681
8.94667696953	1	720	1462	2.01634	143.069879952
15.3142299652	1	730	1478	2.11857	83.5823938199
16.7012150288	1	740	1492	2.0321	76.6411304684
14.1320641041	1	750	1515	2.19598	90.5741716548
8.0153028965	1	760	1531	1.90321	159.694526399
7.67613196373	1	770	1548	2.31836	166.750650725
23.2458200455	1	780	1568	2.00509	55.0636629509
11.7698540688	1	790	1589	2.53016	108.752410397
31.5939078331	1	800	1610	1.98471	40.5141398387
8.11475920677	1	810	1625	1.81775	157.737274438
25.2142939568	1	820	1641	2.03351	50.7648559264
9.71781587601	1	830	1663	2.26853	131.716840114
28.2758431435	1	840	1698	2.16444	45.2683229818
17.3360719681	1	850	1716	1.65816	73.834488133
9.72217297554	1	860	1737	1.76995	131.657809753
12.4072570801	1	870	1759	1.72154	103.16542905
11.2296359539	1	880	1777	1.73547	113.984104672
9.17901206017	1	890	1794	1.86586	139.448558473
7.88725495338	1	900	1814	2.31288	162.287133808
13.7511880398	1	910	1836	2.28985	93.082866462
14.0640089512	1	920	1862	1.86518	91.0124562948
9.8175740242	1	930	1876	2.01128	130.37844144
8.04632496834	1	940	1895	2.02858	159.078834752
12.9623360634	1	950	1913	1.79197	98.7476326598
11.7660529613	1	960	1925	1.77036	108.78754364
16.8597090244	1	970	1947	1.74266	75.9206459699
10.0326199532	1	980	1965	1.78558	127.58382217
17.7899229527	1	990	1987	1.78775	71.9508456224
8.0586309433	1	1000	2000	1.79481	158.835912577
13.9953839779	1	1010	2022	1.67153	91.4587268218
9.88205504417	1	1020	2042	1.81314	129.527714051
23.4666731358	1	1030	2060	1.78958	54.5454395088
20.9915289879	1	1040	2076	1.80767	60.976977939
13.9656150341	1	1050	2094	1.95974	91.6536791881
7.98294782639	1	1060	2109	1.54036	160.341771967
7.99908900261	1	1070	2125	1.68519	160.018222023
8.7785589695	1	1080	2146	1.49131	145.809808244
11.8954970837	1	1090	2167	1.60385	107.603742071
15.8428480625	1	1100	2195	1.46535	80.7935539714
23.1762669086	1	1110	2215	1.5466	55.228911759
26.2844519615	1	1120	2236	1.41363	48.6979908074
8.71620297432	1	1130	2256	1.61293	146.852936281
27.0369501114	1	1140	2278	1.51961	47.3426179627
8.04605388641	1	1150	2299	1.68267	159.084194323
19.1235961914	1	1160	2319	1.43357	66.9330175762
12.2844998837	1	1170	2348	1.60586	104.196345974
11.1368420124	1	1180	2370	1.42635	114.933838387
8.19462299347	1	1190	2387	1.49385	156.199986384
15.0645530224	1	1200	2409	1.50765	84.9676719978
8.31490802765	1	1210	2429	1.49038	153.9403678
25.5173048973	1	1220	2454	1.38514	50.1620372979
15.0657730103	1	1230	2478	1.43639	84.9607915325
32.0707221031	1	1240	2498	1.58719	39.9117923159
11.5213758945	1	1250	2517	1.57318	111.097842108
11.9778180122	1	1260	2536	1.53516	106.864205041
9.58544802666	1	1270	2553	1.43418	133.535750905
7.74156308174	1	1280	2570	1.69263	165.34128657
16.2865760326	1	1290	2595	1.38846	78.592332571
12.2701609135	1	1300	2613	1.41625	104.318110335
11.0330131054	1	1310	2628	1.51336	116.015451788
7.61706089973	1	1320	2640	1.46514	168.043818587
7.74949502945	1	1330	2655	1.50321	165.172052519
8.0419318676	1	1340	2671	1.55006	159.165735432
8.50588011742	1	1350	2687	1.35124	150.484133603
10.8500270844	1	1360	2705	1.45911	117.972055742
9.61743497849	1	1370	2718	1.60701	133.091619841
22.3337600231	1	1380	2730	1.63285	57.3123378542
7.91120195389	1	1390	2747	1.43974	161.795894917
20.4756669998	1	1400	2765	1.39574	62.5132260654
20.9090719223	1	1410	2785	1.48	61.2174468937
7.9702000618	1	1420	2811	1.49773	160.598227156
11.9398679733	1	1430	2830	1.44433	107.203865475
8.26477789879	1	1440	2847	1.34208	154.874095308
7.92341208458	1	1450	2862	1.35161	161.546564326
8.09345698357	1	1460	2882	1.37317	158.152443708
14.0032980442	1	1470	2903	1.39079	91.4070382534
15.6193768978	1	1480	2920	1.40401	81.9494918635
8.21481800079	1	1490	2933	1.35704	155.815990065
14.908698082	1	1500	2955	1.442	85.8559206822
8.79455304146	1	1510	2977	1.21542	145.544633589
34.2183599472	1	1520	3005	1.30726	37.406819087
15.3117530346	1	1530	3028	1.66315	83.5959146617
23.736520052	1	1540	3049	1.66493	53.9253436139
20.1579020023	1	1550	3084	1.49934	63.4986716302
26.7634539604	1	1560	3101	1.28212	47.8264129097
15.0113978386	1	1570	3120	1.25435	85.2685415284
8.0216691494	1	1580	3140	1.24982	159.567787721
23.2783498764	1	1590	3163	1.44917	54.9867154157
14.0384180546	1	1600	3180	1.60771	91.1783646151
13.2011940479	1	1610	3198	1.24996	96.9609260611
7.62008595467	1	1620	3216	1.2754	167.977107819
11.9661660194	1	1630	3236	1.24998	106.968263512
9.42024493217	1	1640	3263	1.41789	135.877571042
13.9636321068	1	1650	3278	1.4581	91.6666946115
7.89482903481	1	1660	3296	1.28631	162.131440004
8.17267203331	1	1670	3317	1.1893	156.619523552
15.5713768005	1	1680	3334	1.4018	82.2021081627
12.6982610226	1	1690	3349	1.24275	100.801204017
14.195882082	1	1700	3361	1.17758	90.1669929778
8.99474692345	1	1710	3383	1.25364	142.305282282
7.83754014969	1	1720	3400	1.30591	163.316547737
14.355563879	1	1730	3421	1.15897	89.1640349893
9.65204501152	1	1740	3443	1.30245	132.614383633
16.1744351387	1	1750	3460	1.34775	79.13723039
15.0942847729	1	1760	3479	1.33209	84.8003081471
19.0029850006	1	1770	3510	1.34792	67.3578387795
18.0048551559	1	1780	3536	1.38164	71.0919354204
16.8010759354	1	1790	3568	1.17987	76.1855969775
12.2819650173	1	1800	3589	1.26606	104.217850987
12.6984291077	1	1810	3609	1.26634	100.799869744
9.34752893448	1	1820	3625	1.16153	136.93458549
8.73490786552	1	1830	3644	1.28243	146.538466084
9.46511006355	1	1840	3665	1.04142	135.233504038
8.10134100914	1	1850	3682	1.01843	157.998533645
17.0404629707	1	1860	3708	1.07309	75.1153300352
12.0652320385	1	1870	3727	1.29983	106.089961297
8.99485707283	1	1880	3747	1.38502	142.303539638
9.13403201103	1	1890	3769	1.38556	140.135265396
7.95640492439	1	1900	3789	1.2867	160.876678872
8.24995708466	1	1910	3807	1.31546	155.152322232
14.6381499767	1	1920	3832	1.42066	87.4427439283
7.92528891563	1	1930	3852	1.20791	161.508307599
18.2179369926	1	1940	3874	1.2885	70.2604252346
8.30707001686	1	1950	3893	1.2802	154.085615915
8.2195250988	1	1960	3914	1.11648	155.726758494
20.4283218384	1	1970	3931	1.27421	62.6581081954
14.3008081913	1	1980	3951	1.08254	89.5054309433
20.9744918346	1	1990	3979	1.66222	61.0265082983
8.40885615349	1	2000	3998	0.987735	152.220465737
17.1540257931	1	2010	4025	1.16443	74.6180526624
14.523663044	1	2020	4042	1.14752	88.1320363963
9.50534701347	1	2030	4064	1.06274	134.661049006
13.8868391514	1	2040	4084	1.32395	92.1736030818
8.47686481476	1	2050	4103	1.21019	150.99922294
14.4746191502	1	2060	4124	1.07525	88.4306513851
7.78558588028	1	2070	4144	1.19188	164.406381187
10.3885090351	1	2080	4167	1.04793	123.213061246
18.0476019382	1	2090	4188	1.16981	70.923550086
24.3667080402	1	2100	4214	1.04227	52.5306905589
11.2015860081	1	2110	4245	1.12262	114.269532821
18.4181950092	1	2120	4273	1.3001	69.4964951429
25.366904974	1	2130	4298	1.15504	50.4594471148
18.0274009705	1	2140	4326	1.02064	71.0030249007
12.4507679939	1	2150	4347	1.23038	102.80490333
21.137565136	1	2160	4366	1.09253	60.5556974877
26.3891279697	1	2170	4391	1.02212	48.5048237088
9.00074505806	1	2180	4402	1.14965	142.21044944
16.4930968285	1	2190	4422	0.877939	77.6082268426
9.25482606888	1	2200	4439	1.07297	138.306218882
12.4661300182	1	2210	4459	1.1447	102.678216746
8.457062006	1	2220	4480	1.06981	151.3527983
9.95429110527	1	2230	4499	1.25318	128.587760441
7.73350596428	1	2240	4514	1.07598	165.513546626
10.0095639229	1	2250	4536	1.05205	127.877698755
8.77640199661	1	2260	4550	0.966588	145.845643863
10.2020931244	1	2270	4566	1.07353	125.464449735
14.6620099545	1	2280	4580	1.18665	87.3004454353
11.2220790386	1	2290	4602	1.32624	114.060861236
24.9281048775	1	2300	4623	1.09239	51.3476658692
31.9167001247	1	2310	4648	1.09995	40.1043966011
10.9310519695	1	2320	4664	1.06219	117.097604473
13.2178828716	1	2330	4687	1.20033	96.8385037476
13.4037389755	1	2340	4705	1.54577	95.4957420715
24.0529561043	1	2350	4725	0.920736	53.2159121919
7.93164396286	1	2360	4740	1.15814	161.378902784
9.20281410217	1	2370	4761	1.08658	139.087890485
15.3929319382	1	2380	4782	0.921174	83.1550483781
12.1621599197	1	2390	4805	1.04811	105.244463849
7.92725110054	1	2400	4825	0.937542	161.468330417
24.6626000404	1	2410	4847	1.23218	51.9004483672
9.85229086876	1	2420	4868	0.996043	129.919022596
9.75280404091	1	2430	4888	0.995606	131.244306215
9.49000310898	1	2440	4904	0.996884	134.878775623
17.9145100117	1	2450	4932	1.10567	71.4504610601
9.05822181702	1	2460	4951	1.26008	141.308087377
17.2806949615	1	2470	4970	1.02679	74.0710951063
21.4600400925	1	2480	4993	0.959009	59.6457413166
8.48225498199	1	2490	5008	1.08201	150.903268378
10.5424721241	1	2500	5029	1.04109	121.413648045
10.6416008472	1	2510	5049	1.04684	120.282654685
13.7603740692	1	2520	5073	0.885413	93.0207270211
7.44878387451	1	2530	5088	1.07201	171.840131431
11.52516222	1	2540	5108	1.01515	111.061343482
13.8083138466	1	2550	5126	1.31081	92.6977771668
11.4922261238	1	2560	5146	0.94739	111.379639263
9.84580993652	1	2570	5169	1.07598	130.00454084
7.68112206459	1	2580	5189	1.03609	166.642319864
23.5796678066	1	2590	5221	1.03152	54.2840556745
8.1026661396	1	2600	5242	1.08283	157.972694166
7.7966299057	1	2610	5262	0.874888	164.173497457
14.7029149532	1	2620	5282	1.10716	87.0575667527
11.1457300186	1	2630	5310	1.10509	114.842186009
7.78105306625	1	2640	5330	0.969847	164.502155313
20.5460739136	1	2650	5363	1.19292	62.2990068752
18.581248045	1	2660	5383	1.0023	68.886653733
19.9265730381	1	2670	5405	0.986344	64.2358320998
11.3197100163	1	2680	5429	0.96839	113.077101636
9.54072213173	1	2690	5449	0.943086	134.161752363
19.1886007786	1	2700	5474	1.67978	66.70627081
14.5253810883	1	2710	5496	1.15955	88.121612247
11.2587430477	1	2720	5516	1.08169	113.689422929
19.6168370247	1	2730	5537	1.01396	65.2500705587
8.04382491112	1	2740	5548	1.04542	159.128277175
10.93069911	1	2750	5568	1.15574	117.101384561
7.72063994408	1	2760	5583	1.00925	165.789365813
8.66712999344	1	2770	5594	0.985014	147.684412368
21.1150140762	1	2780	5613	1.10442	60.620371617
10.4962530136	1	2790	5633	0.993319	121.948279861
8.18782496452	1	2800	5651	1.43802	156.329673087
13.9056668282	1	2810	5672	0.961483	92.0488039745
19.413490057	1	2820	5690	1.04173	65.9335336533
10.0712120533	1	2830	5711	0.935683	127.094930901
10.563532114	1	2840	5733	0.949603	121.171591678
7.68778586388	1	2850	5750	1.0029	166.497873726
17.6020860672	1	2860	5772	1.18401	72.7186536365
11.0281898975	1	2870	5795	1.1124	116.06619145
8.93215799332	1	2880	5815	1.07891	143.302436092
7.77250099182	1	2890	5828	1.08163	164.683156856
12.3546950817	1	2900	5854	1.30228	103.604337585
11.476680994	1	2910	5874	1.20126	111.530502648
11.30915308	1	2920	5895	1.18846	113.182657529
8.31900596619	1	2930	5910	0.93473	153.864536845
13.267220974	1	2940	5927	0.965775	96.4783810047
11.6020128727	1	2950	5951	1.00795	110.325683487
22.9223270416	1	2960	5971	1.23036	55.8407528902
14.3193020821	1	2970	5999	1.19805	89.3898314781
8.47793793678	1	2980	6019	1.10984	150.980109732
9.77324509621	1	2990	6037	1.07384	130.969804543
11.9379270077	1	3000	6061	0.846222	107.221295555
12.5644519329	1	3010	6087	0.905596	101.8747182
8.21909689903	1	3020	6108	1.22046	155.734871571
20.1249861717	1	3030	6126	0.933457	63.6025281746
7.68045783043	1	3040	6142	0.972958	166.656731703
13.1828920841	1	3050	6159	1.0885	97.0955380528
11.8221230507	1	3060	6178	0.990969	108.271584935
11.9814989567	1	3070	6201	1.03154	106.831374324
11.7286729813	1	3080	6219	0.782306	109.134256028
10.767635107	1	3090	6241	0.999212	118.874756367
25.9171409607	1	3100	6263	0.96411	49.3881636845
10.8611910343	1	3110	6279	0.964753	117.85079518
12.463162899	1	3120	6302	1.09815	102.702661465
8.31282305717	1	3130	6315	1.10419	153.978978164
16.1011030674	1	3140	6338	0.898197	79.497658927
16.0032889843	1	3150	6358	1.06181	79.9835584583
11.7099208832	1	3160	6377	1.02602	109.309022048
29.035367012	1	3170	6402	0.897362	44.084168093
13.0992391109	1	3180	6424	1.02081	97.7155992924
11.9388129711	1	3190	6447	0.910009	107.213338805
22.1656210423	1	3200	6471	1.06106	57.7470848915
7.97046279907	1	3210	6491	1.29264	160.592933217
11.3697760105	1	3220	6514	0.933674	112.579174719
7.49633097649	1	3230	6530	0.950313	170.750198199
18.4013450146	1	3240	6558	0.917365	69.5601326417
12.1393311024	1	3250	6580	1.26201	105.442383044
8.81163597107	1	3260	6600	1.11474	145.262469331
7.70844006538	1	3270	6618	0.985795	166.051754848
13.6944849491	1	3280	6634	1.07557	93.4682833824
10.2584071159	1	3290	6654	1.38818	124.775706943
10.1540269852	1	3300	6675	0.987427	126.058361069
7.75918483734	1	3310	6694	0.841702	164.965782725
9.04529595375	1	3320	6708	1.04927	141.510018748
8.97585010529	1	3330	6726	0.967628	142.604876974
10.4564270973	1	3340	6747	1.04505	122.412750367
7.86082386971	1	3350	6767	1.04643	162.83280496
14.0737791061	1	3360	6790	0.921796	90.9492745585
10.417662859	1	3370	6807	0.881675	122.868249561
12.9694740772	1	3380	6833	1.08855	98.6932848918
14.2357668877	1	3390	6849	1.01113	89.9143692153
8.11263608932	1	3400	6869	1.00075	157.778555072
17.916809082	1	3410	6888	1.01471	71.4412925951
9.20233893394	1	3420	6906	1.08803	139.095072371
13.9500451088	1	3430	6929	0.901353	91.7559756988
17.8285398483	1	3440	6948	1.08853	71.7949989673
11.1382360458	1	3450	6967	0.934578	114.919453559
9.95356893539	1	3460	6986	1.09078	128.597089979
12.8720750809	1	3470	7004	0.91276	99.4400663419
8.00821304321	1	3480	7019	0.951951	159.835907598
15.1239638329	1	3490	7041	1.1193	84.6338971811
10.0770151615	1	3500	7063	0.901061	127.021740018
15.4638140202	1	3510	7086	0.948899	82.773887369
12.3949458599	1	3520	7103	1.01599	103.267897615
12.6435070038	1	3530	7126	0.969376	101.237734089
24.228053093	1	3540	7145	0.925203	52.8313189297
9.59589385986	1	3550	7164	0.822398	133.390387461
17.9152100086	1	3560	7182	1.01218	71.4476692924
10.020979166	1	3570	7198	0.98261	127.732028856
8.5912399292	1	3580	7218	0.864256	148.988971388
8.29142093658	1	3590	7233	0.993871	154.376434364
10.0212621689	1	3600	7244	0.944501	127.728421673
8.11997890472	1	3610	7265	1.00882	157.635877509
15.5681428909	1	3620	7281	1.12942	82.219183686
7.91893410683	1	3630	7300	1.05651	161.637915246
10.6732180119	1	3640	7323	1.00463	119.926342606
9.09100794792	1	3650	7344	1.08905	140.798468919
7.7241871357	1	3660	7359	0.951423	165.71323008
12.3140728474	1	3670	7381	0.89873	103.946112376
9.68613195419	1	3680	7396	0.966352	132.147693842
9.87394309044	1	3690	7407	1.06381	129.634127752
13.8202629089	1	3700	7428	0.913169	92.6176302458
14.9785611629	1	3710	7448	1.10126	85.4554710613
20.8764379025	1	3720	7484	1.28441	61.3131419249
17.4026429653	1	3730	7511	1.01018	73.5520462352
21.2820611	1	3740	7531	1.03288	60.144550567
8.05285787582	1	3750	7550	0.867876	158.949781523
14.2074730396	1	3760	7566	0.93372	90.0934315645
8.26287603378	1	3770	7580	0.999382	154.909742657
9.03836202621	1	3780	7598	0.97821	141.618580478
7.96703505516	1	3790	7616	0.887595	160.662026857
17.5713310242	1	3800	7637	1.03224	72.8459328573
8.96066904068	1	3810	7658	0.931199	142.846476551
11.228774786	1	3820	7677	1.05165	113.99284645
14.3929781914	1	3830	7695	0.943786	88.9322545328
19.0800218582	1	3840	7716	1.05535	67.0858770242
8.90903711319	1	3850	7734	1.03249	143.674336939
11.7091398239	1	3860	7750	1.05581	109.316313517
9.11483716965	1	3870	7767	0.845129	140.430374803
10.3980829716	1	3880	7779	0.948384	123.099613986
19.8471288681	1	3890	7799	1.18528	64.4929555558
8.30157208443	1	3900	7819	0.912854	154.18766313
12.7334051132	1	3910	7839	0.870227	100.522993545
16.6247699261	1	3920	7867	1.02283	76.9935467193
10.876611948	1	3930	7888	0.82168	117.683705746
13.1278269291	1	3940	7906	1.11674	97.5028088741
14.0713851452	1	3950	7936	0.987952	90.964747734
8.86605787277	1	3960	7957	1.05164	144.370814895
14.6207890511	1	3970	7972	0.897752	87.5465746431
15.3689479828	1	3980	7992	0.922663	83.2848156838
13.9116959572	1	3990	8021	0.963437	92.0089113462
7.8876349926	1	4000	8040	0.952985	162.279314548
15.6641080379	1	4010	8061	0.945033	81.7154731632
21.6032750607	1	4020	8089	0.92243	59.2502755442
20.968198061	1	4030	8119	0.781656	61.0448258967
11.5066180229	1	4040	8134	1.00532	111.240331212
18.6835198402	1	4050	8151	0.97422	68.5095747988
8.13700318336	1	4060	8169	0.999102	157.30607094
9.21349596977	1	4070	8184	0.926145	138.926635904
13.52242589	1	4080	8210	1.16952	94.6575718303
11.6407301426	1	4090	8230	1.35345	109.958738354
8.06051182747	1	4100	8251	0.836999	158.798848931
26.0996739864	1	4110	8271	0.919632	49.0427581841
10.9754080772	1	4120	8293	0.857336	116.624365216
11.2019379139	1	4130	8314	0.817205	114.265943075
10.9292621613	1	4140	8337	0.945646	117.116780723
16.563300848	1	4150	8363	0.877697	77.2792821761
10.0286509991	1	4160	8380	1.01519	127.634314936
19.2250130177	1	4170	8397	0.828549	66.5799289095
8.25632405281	1	4180	8414	1.02335	155.032674567
18.4260370731	1	4190	8436	1.07112	69.4669176513
12.6158049107	1	4200	8456	1.00292	101.460034383
8.26593112946	1	4210	8471	0.87115	154.852487875
24.6005368233	1	4220	8489	1.22262	52.0313848919
13.6374411583	1	4230	8513	0.774036	93.8592500706
7.93500995636	1	4240	8529	0.979607	161.310446621
8.18111491203	1	4250	8541	1.00886	156.457892813
12.871721983	1	4260	8564	0.781918	99.4427941883
9.24507594109	1	4270	8582	0.925059	138.45208067
7.87595319748	1	4280	8597	0.923387	162.520010963
8.24437999725	1	4290	8613	0.961117	155.257278343
36.9847910404	1	4300	8635	0.916902	34.6088206528
13.5744447708	1	4310	8657	0.846255	94.2948327988
12.3403761387	1	4320	8681	1.01095	103.724553094
12.6239418983	1	4330	8703	0.927729	101.394636502
12.4947571754	1	4340	8723	1.03539	102.44296724
11.3674278259	1	4350	8740	0.98822	112.602430348
14.0038011074	1	4360	8756	0.905738	91.403754608
7.9729449749	1	4370	8770	0.825773	160.542936648
12.0007879734	1	4380	8788	0.997548	106.659662919
11.3792390823	1	4390	8812	1.15103	112.485552921
11.6392359734	1	4400	8836	0.920544	109.97285414
8.04208397865	1	4410	8853	0.705753	159.16272491
15.5875139236	1	4420	8879	1.11889	82.1170076428
18.0016441345	1	4430	8904	1.02606	71.1046163581
7.86935687065	1	4440	8916	1.01601	162.656240026
8.82198309898	1	4450	8931	0.910815	145.092093879
8.02811384201	1	4460	8948	1.00579	159.43969221
16.2771100998	1	4470	8971	0.833771	78.6380378429
7.7757229805	1	4480	8993	0.944318	164.614917894
12.8328940868	1	4490	9015	1.08983	99.7436736669
8.21316599846	1	4500	9029	0.86238	155.84733101
17.734623909	1	4510	9048	1.04531	72.1751984462
15.3108739853	1	4520	9071	0.800129	83.6007141872
26.7151639462	1	4530	9088	0.984582	47.9128633678
13.0003421307	1	4540	9108	0.843813	98.4589472443
16.8080580235	1	4550	9138	0.965621	76.1539493863
56.3573439121	1	4560	9161	0.840363	22.7122130169
8.74720811844	1	4570	9181	0.958553	146.332404885
9.07780694962	1	4580	9202	1.08828	141.003218851
10.7964589596	1	4590	9216	0.883123	118.557390418
7.98656392097	1	4600	9235	0.801744	160.26917366
18.4379651546	1	4610	9257	0.93556	69.4219773855
18.9495749474	1	4620	9281	1.26436	67.5476892519
11.18501091	1	4630	9302	0.832161	114.438869152
7.83192801476	1	4640	9321	0.870928	163.43357569
11.16386199	1	4650	9344	1.0119	114.65566317
15.1070401669	1	4660	9368	1.00437	84.7287083282
7.72651696205	1	4670	9393	0.953256	165.663261504
8.15069794655	1	4680	9406	1.33268	157.041766042
7.88685107231	1	4690	9426	0.797408	162.295444438
11.9460659027	1	4700	9444	0.750412	107.148245324
10.7615799904	1	4710	9465	0.894855	118.941642504
36.1735930443	1	4720	9485	0.890999	35.3849284044
22.9121189117	1	4730	9507	0.947114	55.8656318488
19.1815140247	1	4740	9525	0.852694	66.7309159407
22.0247280598	1	4750	9548	1.05144	58.1164950835
8.54157710075	1	4760	9564	0.938038	149.855229883
11.321931839	1	4770	9576	0.905616	113.054911318
8.51083612442	1	4780	9592	0.846327	150.396504091
12.8164420128	1	4790	9608	0.894668	99.8717115657
22.9845089912	1	4800	9632	0.904922	55.6896821458
11.6019449234	1	4810	9657	0.853762	110.326329633
11.0293660164	1	4820	9677	1.11341	116.053814707
8.0078060627	1	4830	9697	0.802714	159.844030934
21.3929648399	1	4840	9724	0.80777	59.8327538785
8.59652400017	1	4850	9746	0.904361	148.897391547
17.2047159672	1	4860	9772	0.942475	74.3982058432
12.4525530338	1	4870	9798	0.854375	102.790166524
18.7504451275	1	4880	9819	1.07025	68.2650460454
7.94846391678	1	4890	9839	0.917469	161.037404636
8.15839314461	1	4900	9858	1.01095	156.893640367
25.5562589169	1	4910	9876	0.8452	50.0855780247
7.56541895866	1	4920	9892	1.04269	169.190894383
8.24617195129	1	4930	9908	0.815613	155.22353979
8.0038831234	1	4940	9927	0.804284	159.92237521
17.8553669453	1	4950	9953	0.930085	71.6871293614
16.7062621117	1	4960	9994	0.775376	76.6179766272
7.98980879784	1	4970	10019	0.856607	160.204084026
8.33003401756	1	4980	10054	1.01814	153.660837075
11.9618420601	1	4990	10082	0.916504	107.006930335
9.29655909538	1	5000	10108	0.884738	137.68535077
2.87054395676	1	5010	10128	0.861517	445.908517439
3.9914829731	1	5020	10139	0.763228	320.682816043
14.0623829365	1	5030	10180	0.867757	91.0229799446
2.75985598564	1	5040	10194	0.837654	463.792316215
11.4811720848	1	5050	10228	0.876681	111.486875255
6.55197691917	1	5060	10245	0.904792	195.360883561
4.42211699486	1	5070	10255	0.859629	289.45412378
2.6983730793	1	5080	10265	0.838418	474.359905907
4.14464688301	1	5090	10277	0.918482	308.832099846
5.95182204247	1	5100	10292	0.899782	215.060193478
4.19313597679	1	5110	10302	0.847309	305.260789797
3.11459898949	1	5120	10318	0.80721	410.967833843
2.95922517776	1	5130	10339	1.01244	432.54565743
5.76552581787	1	5140	10358	0.742099	222.009239128
5.44752120972	1	5150	10372	1.01112	234.969254955
6.69751000404	1	5160	10395	0.822283	191.115802623
6.06255078316	1	5170	10415	0.761923	211.132252047
2.68924713135	1	5180	10426	0.925848	475.969644098
8.9963350296	1	5190	10451	0.841515	142.280161398
10.6574480534	1	5200	10484	0.781954	120.103799108
22.6164209843	1	5210	10545	0.792463	56.5960458947
2.69216489792	1	5220	10565	0.906508	475.453788507
7.03612089157	1	5230	10589	0.823323	181.918420636
11.3928341866	1	5240	10638	0.768171	112.351323564
2.78084802628	1	5250	10650	0.992403	460.291244939
4.9384059906	1	5260	10673	0.713791	259.192946557
2.83437085152	1	5270	10693	0.689924	451.599337932
4.44298410416	1	5280	10712	0.892213	288.094661154
2.87330389023	1	5290	10730	0.844457	445.480202896
3.93214702606	1	5300	10747	0.884498	325.521907374
2.95566415787	1	5310	10761	0.803823	433.066793666
8.17651987076	1	5320	10792	0.862222	156.545819032
3.10509705544	1	5330	10802	0.6879	412.225440026
2.90817093849	1	5340	10818	0.75203	440.13918957
2.89701390266	1	5350	10831	0.878828	441.834262108
2.94334411621	1	5360	10846	0.869633	434.879494025
7.25111699104	1	5370	10873	0.747438	176.524527405
3.57035589218	1	5380	10886	0.772506	358.507677849
2.93214917183	1	5390	10902	0.779139	436.539863762
5.54564785957	1	5400	10918	0.757715	230.811626056
11.0298910141	1	5410	10956	0.725102	116.048290809
2.92384910583	1	5420	10966	0.811145	437.779089709
6.40815591812	1	5430	10992	0.712775	199.745451945
5.59463906288	1	5440	11015	0.793034	228.790452005
9.57750892639	1	5450	11035	0.913786	133.646442915
7.17706298828	1	5460	11068	0.744457	178.345933718
3.73435306549	1	5470	11090	0.865167	342.763519558
2.77591609955	1	5480	11101	0.796969	461.109037196
3.83988690376	1	5490	11115	0.670389	333.343151004
4.74794602394	1	5500	11126	0.810607	269.590259355
3.25391697884	1	5510	11136	0.75159	393.372052307
2.68635988235	1	5520	11146	0.786918	476.481207305
6.03448319435	1	5530	11160	0.849406	212.114270398
2.86397886276	1	5540	11178	0.82159	446.930672793
2.77305698395	1	5550	11197	0.696299	461.584456219
2.77407312393	1	5560	11217	0.824447	461.415378332
2.78682184219	1	5570	11234	0.80143	459.304567167
2.81611919403	1	5580	11250	0.76689	454.526215621
9.00353288651	1	5590	11272	0.788919	142.166415799
3.73747897148	1	5600	11291	0.838091	342.476843286
5.74265599251	1	5610	11308	0.690827	222.893379243
6.248939991	1	5620	11326	0.935617	204.834740267
19.538077116	1	5630	11380	0.829227	65.5131000047
2.70486903191	1	5640	11400	0.719486	473.220693831
5.26644396782	1	5650	11417	0.602602	243.04825188
2.85372591019	1	5660	11427	0.73637	448.536418803
5.09030795097	1	5670	11442	0.814864	251.458263887
5.80409502983	1	5680	11457	0.869312	220.533949465
4.27877616882	1	5690	11470	0.837921	299.150960344
7.74001193047	1	5700	11492	0.790297	165.374422094
13.1339988708	1	5710	11510	0.798134	97.4569902576
8.19869112968	1	5720	11534	0.6819	156.122480985
7.56492185593	1	5730	11546	0.961841	169.202012179
2.6169321537	1	5740	11560	0.731102	489.122348162
5.70532107353	1	5750	11572	0.773043	224.351966086
5.09303998947	1	5760	11604	0.866824	251.323375164
8.41529989243	1	5770	11631	0.782063	152.103907925
2.98639798164	1	5780	11648	0.883724	428.60998697
2.74900197983	1	5790	11661	0.873738	465.623527881
4.34127402306	1	5800	11675	0.814528	294.844322934
2.75467300415	1	5810	11692	0.730114	464.664952273
2.80432200432	1	5820	11710	0.765135	456.438311303
2.93205595016	1	5830	11720	0.794413	436.553743092
2.7150850296	1	5840	11731	0.734656	471.440115519
4.92695403099	1	5850	11742	0.781336	259.795401367
5.50380110741	1	5860	11753	0.851908	232.566543562
2.78870677948	1	5870	11766	0.745064	458.994114913
5.96639204025	1	5880	11789	0.843551	214.535014019
7.36250209808	1	5890	11820	0.813169	173.85394027
6.39141893387	1	5900	11837	0.715539	200.268518344
3.92917299271	1	5910	11853	0.740867	325.768298412
2.70617794991	1	5920	11863	0.834227	472.991807521
4.25221419334	1	5930	11879	0.843389	301.019643367
2.9860329628	1	5940	11894	0.793643	428.662381141
10.8894588947	1	5950	11915	0.903534	117.544867231
4.63072109222	1	5960	11956	0.837994	276.414833566
2.9401819706	1	5970	11967	0.691844	435.347203949
6.39695286751	1	5980	11978	0.818351	200.095268249
7.33209013939	1	5990	11988	0.815112	174.575049633
3.67899799347	1	6000	11998	0.708134	347.920820363
5.16842103004	1	6010	12016	0.728997	247.657842223
3.12932705879	1	6020	12035	0.834461	409.033627982
18.7202198505	1	6030	12064	0.901491	68.3752653665
2.81049108505	1	6040	12077	0.742656	455.436420634
3.34089183807	1	6050	12093	0.773052	383.131230234
2.82888913155	1	6060	12110	0.78748	452.474430944
3.01679897308	1	6070	12129	0.752326	424.290783516
2.8720870018	1	6080	12148	0.842476	445.668950557
6.71409201622	1	6090	12176	0.865093	190.643797688
5.69163107872	1	6100	12198	0.679417	224.891596503
14.0181930065	1	6110	12243	0.901601	91.3099141526
6.35463380814	1	6120	12266	0.912378	201.427814512
2.80072712898	1	6130	12283	0.750574	457.024173028
2.7876470089	1	6140	12303	0.817003	459.168609195
2.70625400543	1	6150	12320	0.765438	472.978514741
7.14251184464	1	6160	12354	0.810219	179.208663261
9.50324320793	1	6170	12389	0.828512	134.690859951
2.94973301888	1	6180	12399	0.618688	433.937577336
4.51994895935	1	6190	12410	0.747414	283.189038529
6.25169897079	1	6200	12420	0.707586	204.744343254
2.77619791031	1	6210	12432	0.77737	461.062230199
2.758852005	1	6220	12449	0.67444	463.96109602
2.77636194229	1	6230	12459	0.714807	461.034989892
4.76050615311	1	6240	12480	0.842955	268.878971864
5.20101189613	1	6250	12509	0.937304	246.105955065
2.72841405869	1	6260	12522	0.906914	469.13700504
8.58416700363	1	6270	12549	0.777183	149.111730871
2.78002500534	1	6280	12568	0.789319	460.427513257
2.90618491173	1	6290	12578	0.836081	440.439971605
2.7661280632	1	6300	12591	0.795644	462.740686893
2.77116394043	1	6310	12608	0.796816	461.899774793
2.69126296043	1	6320	12618	0.736083	475.613129902
7.52877521515	1	6330	12644	0.766161	170.014373311
4.81044077873	1	6340	12658	0.648024	266.087882354
2.7526910305	1	6350	12669	0.685224	464.999517133
7.10452103615	1	6360	12681	0.727793	180.166966005
11.0034749508	1	6370	12712	0.677824	116.326888163
4.81487512589	1	6380	12726	0.673507	265.84282386
8.0507478714	1	6390	12749	0.732914	158.991440354
23.6916720867	1	6400	12796	0.815159	54.0274234471
2.81083607674	1	6410	12809	0.788823	455.380522042
2.87756705284	1	6420	12822	0.758694	444.820216695
2.83096790314	1	6430	12839	0.677626	452.14218027
13.1770160198	1	6440	12893	0.808753	97.1388361428
5.74598002434	1	6450	12922	0.749776	222.764436106
7.23643803596	1	6460	12954	0.979342	176.882603518
9.77330088615	1	6470	12986	0.863059	130.969056914
2.80907607079	1	6480	13005	0.803617	455.665837359
3.50359988213	1	6490	13023	0.79923	365.338521254
9.76682496071	1	6500	13059	0.86712	131.055896379
11.1768231392	1	6510	13095	0.656857	114.522703282
6.57839584351	1	6520	13112	0.684444	194.57631168
9.25965213776	1	6530	13136	0.849577	138.234134604
4.4638209343	1	6540	13147	0.859901	286.749853733
2.89619994164	1	6550	13158	0.805555	441.958437192
5.09152507782	1	6560	13168	0.743989	251.398152898
3.43538212776	1	6570	13188	0.668326	372.593194118
2.72647285461	1	6580	13205	0.933675	469.471022913
4.55025815964	1	6590	13230	0.725829	281.302720657
4.70477986336	1	6600	13240	0.753032	272.063738831
2.81143808365	1	6610	13250	0.761185	455.283012436
2.72499084473	1	6620	13260	0.751428	469.726348797
6.44450497627	1	6630	13281	0.651377	198.618824054
3.92565703392	1	6640	13303	0.866879	326.060068147
2.94063615799	1	6650	13322	0.657653	435.279963664
13.1306848526	1	6660	13373	0.840645	97.4815871654
2.72152209282	1	6670	13392	0.728222	470.325044716
2.8848669529	1	6680	13409	0.976836	443.694638574
2.87653899193	1	6690	13426	0.811294	444.979193257
5.70316004753	1	6700	13446	0.809329	224.436976927
2.77531695366	1	6710	13462	0.70127	461.208583154
4.6700501442	1	6720	13487	0.824608	274.086992747
7.61775493622	1	6730	13508	0.610752	168.028508493
2.88921904564	1	6740	13518	0.682684	443.026291804
7.91333580017	1	6750	13531	0.777925	161.752266342
2.88859820366	1	6760	13559	0.858799	443.121510766
2.76374697685	1	6770	13571	0.975295	463.139357807
2.80596399307	1	6780	13581	0.698524	456.171213587
4.86691904068	1	6790	13600	0.859086	263.000060059
5.71571588516	1	6800	13615	0.82191	223.943951329
3.29631495476	1	6810	13625	0.733372	388.312408726
3.96400499344	1	6820	13640	0.857133	322.905748635
2.67200708389	1	6830	13650	0.680762	479.040646155
8.81236600876	1	6840	13665	0.79172	145.250435437
3.21739506721	1	6850	13681	0.841167	397.837372551
2.898665905	1	6860	13700	0.93195	441.582452739
6.03128695488	1	6870	13718	1.03115	212.226678912
2.66528105736	1	6880	13728	0.805297	480.249539337
4.07570004463	1	6890	13753	0.833358	314.056477656
2.86850881577	1	6900	13773	0.990579	446.22487927
2.77452921867	1	6910	13792	0.784337	461.33952794
3.96411991119	1	6920	13816	0.683624	322.896387767
2.825496912	1	6930	13830	0.960334	453.017660208
3.14998197556	1	6940	13847	0.712632	406.351531511
5.74204301834	1	6950	13866	0.768538	222.917173541
4.42809009552	1	6960	13895	0.679822	289.063675849
2.88262605667	1	6970	13915	0.82531	444.039557971
2.84795093536	1	6980	13934	0.854815	449.44594519
2.65602993965	1	6990	13945	0.82958	481.922278394
2.80431199074	1	7000	13960	0.865197	456.439941143
2.7671661377	1	7010	13976	0.87604	462.567094387
2.76739192009	1	7020	13993	0.883763	462.529355061
4.36978912354	1	7030	14012	0.845261	292.920313501
10.9757428169	1	7040	14046	0.858652	116.620808391
16.774394989	1	7050	14088	0.847741	76.3067759426
6.14539599419	1	7060	14108	0.745419	208.286008129
2.8531601429	1	7070	14127	0.750548	448.625361316
18.3631310463	1	7080	14153	0.796297	69.704888386
10.3721048832	1	7090	14183	0.733633	123.407930638
10.4966220856	1	7100	14208	0.730714	121.943992035
3.73716902733	1	7110	14222	0.714879	342.50524679
5.55212497711	1	7120	14241	0.806053	230.542360858
2.85996985435	1	7130	14255	0.875139	447.557165
3.67430615425	1	7140	14279	0.720327	348.365091602
2.71268081665	1	7150	14293	0.900141	471.857946627
2.99810314178	1	7160	14309	0.918098	426.93661274
5.56695485115	1	7170	14338	0.832695	229.928216453
2.86181902885	1	7180	14358	0.844219	447.267974353
3.7615480423	1	7190	14378	0.791087	340.285431851
5.80867195129	1	7200	14393	0.693357	220.36018056
2.7440841198	1	7210	14411	0.937306	466.458003516
7.51851391792	1	7220	14437	0.745184	170.246409593
2.71367907524	1	7230	14452	0.74274	471.684368162
11.9952149391	1	7240	14487	0.996886	106.709217509
5.49525809288	1	7250	14513	0.88911	232.928095162
9.010242939	1	7260	14548	0.693762	142.060542503
2.76483011246	1	7270	14567	0.89728	462.957920717
4.79469799995	1	7280	14578	0.808599	266.961547946
4.85720896721	1	7290	14605	0.996388	263.525824942
2.88164496422	1	7300	14625	0.744528	444.190736851
2.74433684349	1	7310	14645	0.697259	466.415047787
4.10038208961	1	7320	14664	0.728938	312.166030391
3.81561398506	1	7330	14681	0.888662	335.463703879
3.60472512245	1	7340	14699	0.925661	355.089488524
2.78925299644	1	7350	14709	0.79675	458.904230499
8.41529893875	1	7360	14735	0.61181	152.103925163
2.7824819088	1	7370	14755	0.868654	460.020960407
3.20414209366	1	7380	14775	0.643301	399.482907619
5.7299849987	1	7390	14794	0.871814	223.386274186
2.95422697067	1	7400	14817	0.629875	433.277474177
2.83163499832	1	7410	14829	0.787351	452.035661644
2.81283903122	1	7420	14843	0.81672	455.056256612
3.26732301712	1	7430	14861	0.744998	391.758021259
2.74060893059	1	7440	14881	0.93597	467.049488788
2.74669313431	1	7450	14895	1.04403	466.014926827
3.50143384933	1	7460	14917	0.775646	365.564524443
9.25958609581	1	7470	14945	0.699356	138.235120529
6.31305885315	1	7480	14978	0.771507	202.754327145
4.57833504677	1	7490	14993	0.688084	279.577616519
2.82908415794	1	7500	15009	0.835883	452.443239062
4.72479391098	1	7510	15022	0.959936	270.911287162
2.77781486511	1	7520	15041	0.940089	460.793847738
8.28290605545	1	7530	15052	0.82482	154.535134339
6.76668596268	1	7540	15066	0.722174	189.162022157
10.6930260658	1	7550	15095	0.785535	119.704187769
3.0123500824	1	7560	15105	0.886863	424.917411651
2.72408604622	1	7570	15124	0.957408	469.882367254
2.78357481956	1	7580	15144	0.724397	459.840343074
6.40032601357	1	7590	15157	0.918265	199.989812595
5.727216959	1	7600	15185	0.890486	223.494239726
2.90855002403	1	7610	15201	0.964494	440.081824079
3.23580908775	1	7620	15212	0.754225	395.573399199
2.83950805664	1	7630	15223	0.695616	450.782309635
6.5756919384	1	7640	15237	0.737035	194.656320885
2.74764490128	1	7650	15249	0.737349	465.853502178
9.21484708786	1	7660	15276	0.869549	138.90626592
5.04220604897	1	7670	15295	0.850986	253.857138635
2.88265800476	1	7680	15316	0.84987	444.034636744
2.76564097404	1	7690	15336	0.884061	462.82218553
4.24737787247	1	7700	15356	0.825278	301.362402507
11.1617240906	1	7710	15402	0.780986	114.677624139
2.92466807365	1	7720	15414	0.77768	437.65650247
2.81002998352	1	7730	15429	0.734524	455.511153798
10.9190058708	1	7740	15447	0.776626	117.226789247
12.997013092	1	7750	15490	0.774331	98.4841663954
6.33271408081	1	7760	15513	0.702523	202.125026279
2.70427703857	1	7770	15527	0.872363	473.324286581
5.33733487129	1	7780	15555	0.885158	239.820065794
2.78515195847	1	7790	15575	0.942549	459.579950785
4.21941304207	1	7800	15599	0.915328	303.359729716
6.50167608261	1	7810	15631	0.645812	196.872311653
2.72040390968	1	7820	15651	0.803846	470.518365102
7.39003300667	1	7830	15676	0.927074	173.206262928
4.68719506264	1	7840	15707	0.649603	273.084431711
6.24148583412	1	7850	15725	0.807886	205.079372768
5.09039711952	1	7860	15739	0.920629	251.453859089
6.20199799538	1	7870	15774	0.892197	206.385103793
5.98620295525	1	7880	15801	0.762523	213.825025575
11.8013949394	1	7890	15825	0.736747	108.461754443
11.2665522099	1	7900	15860	0.827962	113.610621613
3.82950186729	1	7910	15883	0.683605	334.247127788
8.44275903702	1	7920	15917	0.766519	151.609206705
4.02750301361	1	7930	15930	0.787605	317.814783918
7.71282887459	1	7940	15951	0.780178	165.957266888
2.85020709038	1	7950	15966	0.811026	449.090174648
13.4776089191	1	7960	16014	0.815414	94.9723357963
2.68887710571	1	7970	16031	0.709221	476.03514392
4.12790894508	1	7980	16047	0.823477	310.084359183
4.55314898491	1	7990	16070	0.760417	281.124119646
2.75528407097	1	8000	16087	0.836547	464.561898893
6.27226209641	1	8010	16115	0.687411	204.073104779
6.30466079712	1	8020	16151	0.723577	203.02440388
2.80068016052	1	8030	16171	0.777182	457.031837495
2.79461288452	1	8040	16188	0.904063	458.02408165
3.64959812164	1	8050	16204	0.814114	350.723547453
2.69209194183	1	8060	16214	0.900076	475.466673374
2.77237391472	1	8070	16233	0.985396	461.698183353
3.74197912216	1	8080	16255	0.993391	342.06497637
4.80612587929	1	8090	16280	0.850497	266.326773819
5.27155303955	1	8100	16308	0.824067	242.81269493
2.68944501877	1	8110	16320	0.756888	475.934622596
5.9211139679	1	8120	16333	0.878944	216.175538411
14.8128840923	1	8130	16365	0.673382	86.4112614412
5.93284487724	1	8140	16390	0.786224	215.748098338
6.89548397064	1	8150	16419	0.891105	185.628739832
16.9083640575	1	8160	16457	0.694297	75.7021788533
9.58334898949	1	8170	16490	0.800583	133.564999188
2.58301496506	1	8180	16506	0.840583	495.544941596
11.6281051636	1	8190	16539	0.850537	110.078123821
2.74525690079	1	8200	16559	0.889772	466.258731426
4.80423998833	1	8210	16586	0.968868	266.431319649
2.93270111084	1	8220	16599	0.75152	436.457706266
2.88890695572	1	8230	16614	0.927159	443.074152134
2.79730296135	1	8240	16627	0.78413	457.583614534
4.31801104546	1	8250	16646	0.738907	296.432775768
5.86277699471	1	8260	16659	0.793388	218.326571377
3.3564388752	1	8270	16670	0.845909	381.356564977
3.12211513519	1	8280	16683	0.711878	409.978474391
7.34228587151	1	8290	16699	0.807786	174.332629157
2.86923503876	1	8300	16712	0.857298	446.111936704
3.16411495209	1	8310	16730	0.69952	404.536503693
3.69703602791	1	8320	16745	0.811578	346.223296267
3.46121406555	1	8330	16762	0.929058	369.812434527
2.78786706924	1	8340	16782	0.669431	459.13236471
4.31891584396	1	8350	16803	0.801009	296.370674087
2.923402071	1	8360	16818	0.873562	437.846033119
6.7539460659	1	8370	16845	0.808787	189.518836471
3.08468794823	1	8380	16866	0.850953	414.952832015
6.06763911247	1	8390	16883	0.858505	210.955196292
3.73050189018	1	8400	16896	0.930416	343.117370713
2.74268603325	1	8410	16910	0.922579	466.695780882
8.54822301865	1	8420	16943	0.870994	149.738723148
4.4522600174	1	8430	16960	0.728176	287.494439902
4.56081604958	1	8440	16977	0.810654	280.651529482
7.46919894218	1	8450	17006	0.893783	171.370452161
2.88815283775	1	8460	17021	0.830367	443.189842057
3.11081910133	1	8470	17042	0.838324	411.467191857
2.98461699486	1	8480	17063	0.916405	428.865748002
2.66223692894	1	8490	17080	0.853665	480.798679519
6.63601303101	1	8500	17099	0.734798	192.886902726
8.26934194565	1	8510	17125	0.831186	154.788616605
5.56184411049	1	8520	17136	0.74638	230.139495925
4.83656096458	1	8530	17157	0.734683	264.65085613
6.45610499382	1	8540	17169	0.776449	198.261955347
3.54627799988	1	8550	17184	0.898151	360.941809989
3.54109406471	1	8560	17199	0.842885	361.470205707
2.64949703217	1	8570	17212	0.824367	483.110561914
4.26420402527	1	8580	17224	0.695911	300.173254473
3.37527680397	1	8590	17243	0.768668	379.228156486
2.78122901917	1	8600	17263	0.910241	460.228190911
5.60265517235	1	8610	17294	0.860483	228.46310555
2.75684380531	1	8620	17311	0.917071	464.29906458
5.73992919922	1	8630	17333	0.821299	222.999266293
2.91384482384	1	8640	17345	0.843813	439.282143486
3.43103599548	1	8650	17358	0.799422	373.065162151
2.75561118126	1	8660	17378	0.774941	464.506752152
7.47181797028	1	8670	17389	0.657847	171.310383242
2.75474691391	1	8680	17407	0.796079	464.652485329
5.419713974	1	8690	17421	0.709749	236.174825118
3.58992695808	1	8700	17442	0.748318	356.553215412
4.77926421165	1	8710	17465	0.933525	267.823653038
5.91069793701	1	8720	17493	0.868496	216.556490222
4.71178889275	1	8730	17507	0.819753	271.659029964
7.53740310669	1	8740	17532	0.729961	169.819761778
2.82629799843	1	8750	17547	0.660234	452.889256799
3.88079595566	1	8760	17562	0.840806	329.829244986
4.18143701553	1	8770	17578	0.81963	306.114858419
2.91366100311	1	8780	17590	0.729711	439.309857472
6.11245393753	1	8790	17600	0.745399	209.408531022
2.82717013359	1	8800	17610	0.87665	452.749547964
3.00321292877	1	8810	17623	0.802351	426.210205656
7.59447193146	1	8820	17640	0.694238	168.543647478
9.40174508095	1	8830	17680	0.918317	136.144937879
13.5748679638	1	8840	17724	0.733333	94.2918931819
5.94999504089	1	8850	17739	0.895621	215.12622972
2.73161196709	1	8860	17758	0.621206	468.587784584
3.52830505371	1	8870	17770	0.87927	362.78042304
3.00222802162	1	8880	17780	0.753916	426.35002764
2.75138998032	1	8890	17791	0.933231	465.219401523
6.26620793343	1	8900	17818	0.85822	204.270272164
2.87527108192	1	8910	17838	0.808678	445.175415997
3.19275403023	1	8920	17855	0.926735	400.907801817
5.42277479172	1	8930	17869	0.841761	236.041519179
4.45730805397	1	8940	17884	0.682103	287.168843728
2.73921108246	1	8950	17899	0.788595	467.287829038
2.93014287949	1	8960	17910	0.882228	436.83876611
10.9820799828	1	8970	17942	0.785993	116.553512814
7.48691916466	1	8980	17965	0.852365	170.964848404
3.82264089584	1	8990	17983	0.785527	334.847042889
4.26052308083	1	9000	17999	0.927348	300.432593772
5.20120692253	1	9010	18009	0.839387	246.096726984
2.70682191849	1	9020	18019	0.883172	472.879280036
3.87269616127	1	9030	18033	0.711293	330.519087142
3.31670689583	1	9040	18046	0.890096	385.924967205
7.49740099907	1	9050	18073	0.729309	170.725828878
2.8068010807	1	9060	18093	0.666415	456.035167152
3.95610499382	1	9070	18108	0.826416	323.550563496
11.2304148674	1	9080	18150	0.793003	113.97619902
4.16278100014	1	9090	18166	0.932142	307.486749833
4.25062417984	1	9100	18184	0.606606	301.132244547
3.61076688766	1	9110	18206	0.960168	354.495330167
2.84537696838	1	9120	18220	0.757121	449.852520149
4.10023498535	1	9130	18237	0.692851	312.177229981
7.18236613274	1	9140	18266	0.79338	178.214250895
2.82641291618	1	9150	18278	0.834742	452.870842994
3.47843408585	1	9160	18293	0.888629	367.98167463
3.50230193138	1	9170	18308	0.768022	365.473915464
11.1970980167	1	9180	18319	0.890347	114.315334034
3.27838301659	1	9190	18330	0.92396	390.436380839
6.40313792229	1	9200	18354	0.793567	199.901987984
2.8661441803	1	9210	18371	0.917789	446.593025152
18.4593708515	1	9220	18408	0.776747	69.3414748691
2.86175203323	1	9230	18432	0.931236	447.27844521
5.12987303734	1	9240	18450	0.821203	249.518845921
2.84639191628	1	9250	18472	0.67926	449.692114667
5.69134616852	1	9260	18492	0.741794	224.902854632
2.60643386841	1	9270	18508	0.734545	491.092452225
2.78341197968	1	9280	18518	0.830204	459.867245434
4.01869010925	1	9290	18531	0.874061	318.511745171
2.87951397896	1	9300	18541	0.708241	444.519460351
3.17286300659	1	9310	18555	0.783802	403.421136475
4.92281699181	1	9320	18581	0.702047	260.013728345
6.92672300339	1	9330	18600	0.781978	184.791567293
7.49895501137	1	9340	18634	0.777764	170.690449277
6.95594096184	1	9350	18662	0.816261	184.015362842
5.26331996918	1	9360	18682	0.945142	243.192511095
2.90908098221	1	9370	18696	0.690538	440.001501446
2.87176513672	1	9380	18707	0.795366	445.718900767
2.87881278992	1	9390	18717	0.867681	444.627731433
2.80123710632	1	9400	18729	0.684846	456.940969799
2.95369100571	1	9410	18746	0.83881	433.356094976
2.74349093437	1	9420	18764	0.711047	466.558858994
4.58268904686	1	9430	18783	0.936971	279.311990605
2.88485097885	1	9440	18803	0.80122	443.697095408
2.85337114334	1	9450	18824	0.707481	448.592186469
2.88174891472	1	9460	18838	0.982004	444.174713995
2.7586619854	1	9470	18849	0.84032	463.99305416
2.87148690224	1	9480	18859	0.772032	445.762088973
2.75892019272	1	9490	18870	0.726562	463.949629054
3.32542490959	1	9500	18880	0.836089	384.913217047
14.6441230774	1	9510	18920	0.879742	87.4070774491
6.71988987923	1	9520	18942	0.787936	190.479311864
8.5884950161	1	9530	18970	0.891597	149.036588785
5.23445510864	1	9540	18983	0.930532	244.533571008
2.77139282227	1	9550	18996	0.792945	461.861627741
2.73508095741	1	9560	19008	0.808963	467.993459766
2.93266320229	1	9570	19018	0.761072	436.463348059
3.73572182655	1	9580	19031	0.696662	342.637931685
2.67189598083	1	9590	19044	0.777032	479.060565674
5.60932517052	1	9600	19061	0.795222	228.191442124
7.6176378727	1	9610	19097	0.802135	168.03109066
4.10867595673	1	9620	19113	0.694486	311.535884913
6.00865006447	1	9630	19140	0.818428	213.026218246
8.22161412239	1	9640	19171	0.739109	155.687190003
3.46640181541	1	9650	19192	0.786912	369.258980395
2.87921714783	1	9660	19204	0.690937	444.565287813
2.78527784348	1	9670	19215	0.90462	459.559179347
14.6360521317	1	9680	19250	0.86185	87.4552774537
5.27384400368	1	9690	19264	0.83168	242.707216806
2.7957470417	1	9700	19274	0.805168	457.838273959
7.93398284912	1	9710	19286	0.723806	161.331329339
7.98339414597	1	9720	19313	0.900064	160.332807901
5.11900496483	1	9730	19327	0.717153	250.048595146
11.8957650661	1	9740	19348	0.795169	107.601318022
4.0888209343	1	9750	19392	0.928517	313.04868092
2.87625098228	1	9760	19411	0.842123	445.023750668
2.83855891228	1	9770	19421	0.765553	450.933040165
3.19796419144	1	9780	19435	0.838854	400.254638069
3.41579580307	1	9790	19459	1.0195	374.729660025
2.8418610096	1	9800	19470	0.762297	450.409079007
3.88280797005	1	9810	19481	0.794888	329.658332288
6.19821214676	1	9820	19511	0.752494	206.51116317
4.19631695747	1	9830	19528	0.724265	305.029389575
3.25435590744	1	9840	19548	0.848475	393.318996571
6.49798703194	1	9850	19564	0.938215	196.98408041
3.73633408546	1	9860	19576	0.817558	342.581784905
3.10065102577	1	9870	19596	0.772016	412.816530903
2.92623806	1	9880	19616	0.750422	437.421690838
2.86977601051	1	9890	19632	0.98514	446.027841654
6.08154582977	1	9900	19646	0.828792	210.472803433
3.45424604416	1	9910	19657	0.853927	370.558432618
3.65575408936	1	9920	19675	0.865021	350.132959908
5.7062458992	1	9930	19693	0.814516	224.315604797
2.9096159935	1	9940	19707	0.860737	439.920595316
2.79604101181	1	9950	19728	0.698165	457.790137767
6.47329306602	1	9960	19742	0.761912	197.735524554
2.77051186562	1	9970	19755	1.00545	462.008488715
3.63913607597	1	9980	19778	0.767808	351.731832302
2.91872096062	1	9990	19795	0.746347	438.548260444
12.8695709705	1	10000	19833	0.739123	99.4594149976
5.97876405716	1	10010	19845	0.774809	214.091070958
8.08686804771	1	10020	19856	0.871368	158.281301543
2.76869893074	1	10030	19866	0.627887	462.311010341
2.90293192863	1	10040	19876	0.718144	440.9335222
3.30200409889	1	10050	19896	0.920938	387.643371015
5.60132098198	1	10060	19919	1.0923	228.517523655
7.15538406372	1	10070	19937	0.720358	178.886274811
8.45124101639	1	10080	19959	0.833644	151.457046074
7.54204297066	1	10090	19975	0.960199	169.71528868
2.86836409569	1	10100	19989	0.933763	446.247393043
2.76357793808	1	10110	19999	0.715676	463.167686484
Training elapsed time: 9289.11754084 s
