Duration	Worker	LocalStep	GlobalStep	Loss	ExamplesPerSec
35.2266080379	1	10	35	4.45305	36.3361694836
9.75845885277	1	20	56	4.38687	131.168253032
7.90265321732	1	30	76	4.29022	161.970918475
23.1737549305	1	40	105	4.04174	55.2348984374
8.16068387032	1	50	121	4.13874	156.849599904
9.36184120178	1	60	142	4.15013	136.725241586
12.8378858566	1	70	157	3.92689	99.7048902206
21.5081601143	1	80	188	4.02282	59.5122964121
14.0399019718	1	90	200	4.09396	91.168727714
9.18119001389	1	100	221	3.86425	139.415478611
12.8598918915	1	110	242	3.99794	99.5342737561
11.772247076	1	120	260	3.7958	108.730303716
16.446475029	1	130	285	3.68621	77.8282274921
15.654706955	1	140	306	3.70699	81.764545557
7.79488801956	1	150	325	3.6765	164.210184519
13.5114459991	1	160	346	3.60442	94.7344940046
7.73149895668	1	170	360	3.41183	165.556512026
12.6924369335	1	180	373	3.72151	100.847457955
16.3251900673	1	190	395	3.45453	78.4064378255
24.3749759197	1	200	415	3.38302	52.5128723907
9.74199700356	1	210	443	3.33451	131.389898758
9.14113903046	1	220	459	3.48484	140.026313541
13.1278250217	1	230	479	3.11362	97.5028230404
9.31243896484	1	240	495	3.18743	137.450565296
8.20862197876	1	250	512	3.23273	155.933602901
8.09151601791	1	260	528	3.31821	158.190380785
11.3009600639	1	270	550	3.1858	113.264713153
13.5599689484	1	280	570	3.56661	94.3954963964
11.0713200569	1	290	590	3.0339	115.614036395
9.32840800285	1	300	608	3.10527	137.215267558
8.53256988525	1	310	629	3.14389	150.013421187
14.2808561325	1	320	644	3.07818	89.6304807025
14.1995699406	1	330	662	3.07636	90.1435751475
9.61950612068	1	340	680	2.91061	133.06296435
9.88840484619	1	350	697	2.84987	129.444538316
8.05098795891	1	360	709	2.70241	158.98669909
8.18974018097	1	370	725	2.9387	156.293114521
8.49334788322	1	380	745	2.74829	150.706178247
12.0111260414	1	390	762	2.8693	106.567860131
13.3482050896	1	400	784	3.05897	95.8930426534
8.43842792511	1	410	797	2.78098	151.687021725
14.7329599857	1	420	823	2.98155	86.8800296233
22.0026819706	1	430	856	2.75486	58.1747262316
10.2981441021	1	440	875	2.52694	124.294240526
10.7729039192	1	450	897	2.73642	118.816617098
23.1012380123	1	460	920	2.47538	55.4082858814
11.1806180477	1	470	938	2.66289	114.483832158
14.911744833	1	480	963	2.53472	85.8383786965
8.47170901299	1	490	982	2.55004	151.091119636
8.41557908058	1	500	1003	2.50998	152.098861854
14.0274350643	1	510	1020	2.8555	91.2497540806
12.6671490669	1	520	1040	2.48608	101.048783214
8.2460308075	1	530	1061	2.45163	155.226196686
19.9417350292	1	540	1081	2.60163	64.1869926626
11.451321125	1	550	1103	2.28906	111.777495891
11.1649889946	1	560	1126	2.59063	114.644089718
20.5194649696	1	570	1154	2.45407	62.3797941074
7.85460186005	1	580	1169	2.45896	162.961792693
14.4415831566	1	590	1189	2.3833	88.6329418403
11.340321064	1	600	1202	2.09467	112.871583862
10.5913169384	1	610	1219	2.34439	120.853715118
27.6351759434	1	620	1233	2.21909	46.3177800142
20.83335495	1	630	1254	2.19831	61.4399362501
12.5485761166	1	640	1273	2.16236	102.00360488
18.7980599403	1	650	1302	2.28493	68.0921331277
12.2454168797	1	660	1325	2.28339	104.528903555
17.8592572212	1	670	1346	2.1436	71.6715137782
12.1169378757	1	680	1376	2.1818	105.637250362
17.8978719711	1	690	1406	2.33213	71.5168821223
7.83646798134	1	700	1425	2.31671	163.338892349
7.9828851223	1	710	1443	2.49019	160.343031422
8.10436606407	1	720	1464	2.24869	157.939558737
13.9291877747	1	730	1489	1.86747	91.893369571
11.9488310814	1	740	1503	2.41235	107.123449255
15.2460360527	1	750	1529	1.99366	83.9562490588
11.9861049652	1	760	1549	2.03774	106.790321269
14.6239759922	1	770	1570	1.8861	87.5274959889
19.9808590412	1	780	1602	2.28636	64.0613097445
8.96285200119	1	790	1621	1.96154	142.811685369
12.9778249264	1	800	1644	1.98298	98.6297786618
11.5234429836	1	810	1663	2.13512	111.077913243
8.10865807533	1	820	1682	2.27516	157.855959409
13.1342549324	1	830	1707	2.64734	97.4550902649
20.3990809917	1	840	1736	2.1522	62.7479247971
8.0516731739	1	850	1754	2.29164	158.973168974
8.14719700813	1	860	1774	1.89607	157.109248582
10.1014428139	1	870	1794	1.74887	126.714571729
11.8131690025	1	880	1819	1.8162	108.353651736
8.15416002274	1	890	1835	1.82613	156.975089578
14.088727951	1	900	1854	1.83267	90.85277283
8.47832012177	1	910	1875	1.89232	150.973303864
11.6576290131	1	920	1893	1.90365	109.799342436
13.814440012	1	930	1912	1.80043	92.6566693178
16.9132709503	1	940	1928	2.03597	75.6802160717
12.1109631062	1	950	1945	1.72245	105.689364981
22.4938328266	1	960	1979	1.6229	56.9044862148
13.6461429596	1	970	1999	1.93394	93.7993983934
13.5400021076	1	980	2019	1.70557	94.5346972494
8.13201904297	1	990	2031	1.75748	157.402484332
10.8953239918	1	1000	2048	1.83635	117.481591274
21.0310590267	1	1010	2081	1.56702	60.8623654365
7.76947593689	1	1020	2091	1.62803	164.747276444
8.14764690399	1	1030	2108	2.00231	157.100573341
8.47161912918	1	1040	2122	1.72635	151.092722711
13.1484758854	1	1050	2141	1.89317	97.3496860896
8.56253218651	1	1060	2157	1.79026	149.488489166
15.2986409664	1	1070	2182	1.5595	83.6675625508
13.9125909805	1	1080	2199	1.64768	92.0029922386
8.44165492058	1	1090	2219	1.6001	151.629036254
12.2765479088	1	1100	2242	1.70722	104.263837808
8.17442822456	1	1110	2261	1.61066	156.585875469
13.8367807865	1	1120	2283	1.66214	92.5070664737
8.43142604828	1	1130	2294	1.41551	151.812990195
10.1744630337	1	1140	2311	1.5914	125.805164927
8.06480407715	1	1150	2327	1.44512	158.714333015
9.50723600388	1	1160	2343	1.49701	134.634293235
15.9899330139	1	1170	2360	1.54518	80.0503666204
8.63566303253	1	1180	2378	1.66944	148.222550507
15.3705058098	1	1190	2399	1.43706	83.2763746256
12.1479461193	1	1200	2421	1.54684	105.367605966
21.258245945	1	1210	2442	1.60261	60.2119292115
24.3998150826	1	1220	2461	1.60526	52.4594139615
19.1876969337	1	1230	2488	1.30763	66.7094130379
11.6389920712	1	1240	2507	1.42927	109.975158689
14.8319699764	1	1250	2529	1.38145	86.3000668175
16.6555500031	1	1260	2554	1.59322	76.8512597762
17.5203888416	1	1270	2581	1.49192	73.0577392757
12.362634182	1	1280	2601	1.4303	103.537804416
18.5616338253	1	1290	2630	1.52798	68.959446784
15.5076642036	1	1300	2646	1.56242	82.5398321237
18.1972899437	1	1310	2665	1.38678	70.3401442721
8.68219399452	1	1320	2683	1.46918	147.428173202
15.6931550503	1	1330	2702	1.49595	81.5642231214
17.5748758316	1	1340	2725	1.37451	72.8312400192
13.4070711136	1	1350	2745	1.65166	95.4720079543
8.33467888832	1	1360	2756	1.36623	153.575202734
11.853497982	1	1370	2775	1.65897	107.985001722
7.98170804977	1	1380	2791	1.46303	160.36667741
10.8940830231	1	1390	2807	1.50242	117.494973858
11.3086960316	1	1400	2826	1.43969	113.187231881
10.5973680019	1	1410	2850	1.50503	120.78470803
14.1860918999	1	1420	2869	1.13019	90.2292195084
35.2900590897	1	1430	2889	1.38619	36.2708375395
14.7774720192	1	1440	2911	1.34869	86.618333524
19.4308068752	1	1450	2932	1.4725	65.8747734059
11.8369581699	1	1460	2948	1.44376	108.135889443
12.635242939	1	1470	2967	1.59796	101.303948502
8.02870392799	1	1480	2988	1.34562	159.427973865
14.1858890057	1	1490	3006	1.19037	90.2305100152
10.933024168	1	1500	3031	1.32092	117.07648134
15.6256809235	1	1510	3056	1.26819	81.9164301556
17.4174540043	1	1520	3086	1.46962	73.489500801
8.19788002968	1	1530	3105	1.31241	156.137927777
19.5418069363	1	1540	3123	1.08569	65.5005959364
8.84729003906	1	1550	3139	1.20538	144.677069967
14.1802818775	1	1560	3155	1.15822	90.2661887159
7.81933903694	1	1570	3172	1.2882	163.696700444
21.9649231434	1	1580	3187	1.5785	58.2747315638
16.6770179272	1	1590	3211	1.31671	76.7523309977
13.5946669579	1	1600	3236	1.34583	94.154568403
21.6263399124	1	1610	3252	1.31194	59.1870841383
8.09038114548	1	1620	3268	1.19765	158.212570827
14.4328708649	1	1630	3291	1.07354	88.6864444354
19.2452261448	1	1640	3311	1.24664	66.5100004734
7.99627590179	1	1650	3329	1.37184	160.074516653
22.6857099533	1	1660	3347	1.24742	56.4231845789
24.0447690487	1	1670	3365	1.45528	53.2340317933
20.3897690773	1	1680	3393	1.39026	62.7765814879
7.94482898712	1	1690	3411	1.17529	161.111082702
10.1384570599	1	1700	3425	1.04767	126.251952584
8.59923696518	1	1710	3443	1.19566	148.850416052
26.3600418568	1	1720	3460	1.20529	48.558344746
16.3686881065	1	1730	3488	1.24489	78.1980810966
10.6172780991	1	1740	3505	1.31369	120.558205979
7.98915600777	1	1750	3522	1.09571	160.217174224
9.25509190559	1	1760	3537	1.26966	138.302246272
19.0365140438	1	1770	3566	1.23963	67.2392013083
22.057710886	1	1780	3585	1.27782	58.0295936698
9.33607506752	1	1790	3602	1.16218	137.102582267
10.5264060497	1	1800	3614	1.22037	121.598957322
8.02995204926	1	1810	3631	1.14516	159.403193462
9.75632786751	1	1820	3650	1.09784	131.196902911
10.7094979286	1	1830	3670	1.24906	119.520075407
17.8412261009	1	1840	3703	1.17084	71.7439481322
13.9433178902	1	1850	3716	1.11671	91.8002451126
9.19340515137	1	1860	3737	1.20314	139.230239386
8.17669200897	1	1870	3751	1.08843	156.542523382
20.8018929958	1	1880	3783	1.08743	61.5328614687
11.795167923	1	1890	3809	1.08482	108.519014596
17.868956089	1	1900	3827	1.16459	71.6326120912
7.98975396156	1	1910	3848	1.18631	160.205183559
10.0165748596	1	1920	3866	1.17831	127.788192864
20.8859260082	1	1930	3887	0.981182	61.2852884519
10.521392107	1	1940	3904	1.17457	121.656904997
10.8760750294	1	1950	3921	0.907102	117.689515431
9.25829005241	1	1960	3939	0.981267	138.254471695
9.75467991829	1	1970	3956	1.41741	131.219067229
9.05150699615	1	1980	3967	1.08535	141.412916163
15.9954431057	1	1990	3987	0.985681	80.0227909625
7.91627287865	1	2000	3997	1.03762	161.692253365
13.5870969296	1	2010	4016	1.24962	94.2070264632
8.01610302925	1	2020	4033	1.13737	159.678586382
16.4522149563	1	2030	4047	1.11048	77.8010744086
19.7407960892	1	2040	4072	1.10968	64.8403435311
10.1026890278	1	2050	4091	1.03429	126.698940894
14.1587369442	1	2060	4118	1.13094	90.4035441187
9.43873000145	1	2070	4141	1.15473	135.611464657
20.7742919922	1	2080	4162	1.22311	61.6146148558
20.7897679806	1	2090	4186	1.37674	61.5687486843
29.0428800583	1	2100	4218	1.12997	44.0727640451
28.7772340775	1	2110	4246	1.01477	44.4796048347
24.1655619144	1	2120	4272	1.00238	52.9679386116
14.8800239563	1	2130	4298	1.1412	86.0213668848
8.0953540802	1	2140	4319	1.29298	158.115381652
24.9654150009	1	2150	4339	1.01941	51.2709282002
9.42649698257	1	2160	4358	1.12492	135.787451305
11.1501948833	1	2170	4383	1.0445	114.796199833
10.6015920639	1	2180	4403	1.18063	120.736582985
15.7158739567	1	2190	4430	1.18796	81.446313678
7.62653613091	1	2200	4450	1.0512	167.835040447
13.4462349415	1	2210	4476	1.35516	95.1939338834
7.79766011238	1	2220	4491	1.02816	164.15180728
8.04807090759	1	2230	4512	1.12139	159.044324372
15.8217310905	1	2240	4536	0.939943	80.9013876342
7.98185992241	1	2250	4549	0.9777	160.363626077
26.4925279617	1	2260	4574	1.4221	48.3155100128
17.6051330566	1	2270	4605	0.970262	72.7060679338
23.5215640068	1	2280	4631	1.05834	54.4181500699
7.91287207603	1	2290	4645	1.06214	161.761745634
12.2981958389	1	2300	4666	1.07776	104.080307125
8.12836694717	1	2310	4683	1.11918	157.473205666
13.2100381851	1	2320	4700	1.1029	96.8960105991
8.11308479309	1	2330	4717	0.965385	157.769828942
7.86023116112	1	2340	4738	0.959241	162.84508353
13.1025729179	1	2350	4756	1.0934	97.6907366222
18.3573729992	1	2360	4775	2.01423	69.7267523004
13.1750900745	1	2370	4801	1.16368	97.1530359761
8.30880093575	1	2380	4813	1.06774	154.053516253
7.94913005829	1	2390	4832	1.19937	161.023909612
14.9637770653	1	2400	4859	1.35115	85.5399004153
26.1430439949	1	2410	4879	1.05014	48.9613986898
8.5042579174	1	2420	4895	1.08576	150.512838678
18.8196020126	1	2430	4911	1.1513	68.0141906901
12.9499740601	1	2440	4939	1.16412	98.8418968303
9.86027193069	1	2450	4962	0.938066	129.813864059
20.0140030384	1	2460	4986	0.966701	63.9552216288
11.0944340229	1	2470	5006	1.10048	115.373167965
7.9248688221	1	2480	5019	1.10512	161.516869078
8.09385800362	1	2490	5040	1.14262	158.144607853
22.64372015	1	2500	5074	1.34023	56.5278139599
14.2270009518	1	2510	5095	1.13858	89.9697697596
11.8311989307	1	2520	5117	1.15457	108.188528271
14.0871579647	1	2530	5142	1.23591	90.8628981947
12.5964250565	1	2540	5163	0.990017	101.616132693
8.02095603943	1	2550	5182	1.33678	159.581974232
18.5189390182	1	2560	5204	0.852404	69.1184305288
8.30664110184	1	2570	5223	0.977315	154.093572156
9.12571597099	1	2580	5246	1.00054	140.262967209
13.9020328522	1	2590	5263	1.10832	92.0728654299
11.8164470196	1	2600	5273	1.08371	108.323593198
18.6217081547	1	2610	5298	0.939638	68.7369810206
8.0002207756	1	2620	5311	1.24405	159.99558461
10.4332361221	1	2630	5329	0.918007	122.68484917
25.4029688835	1	2640	5353	0.972304	50.3878111991
8.01544499397	1	2650	5374	1.14655	159.691695341
23.5720980167	1	2660	5394	1.11608	54.3014881022
8.19099617004	1	2670	5420	1.01462	156.269148883
15.4805870056	1	2680	5441	1.13389	82.6842030949
15.718818903	1	2690	5460	1.07676	81.4310545787
13.1457300186	1	2700	5481	1.28402	97.3700203935
14.4332249165	1	2710	5510	0.843015	88.6842689287
15.382474184	1	2720	5533	1.18879	83.2115812246
43.3259119987	1	2730	5553	1.08437	29.5435212082
15.4094278812	1	2740	5567	0.877122	83.0660300866
8.71396803856	1	2750	5580	0.992664	146.890600738
7.97891592979	1	2760	5600	1.11178	160.422795686
13.2077391148	1	2770	5616	1.13929	96.9128772819
16.0277040005	1	2780	5637	1.085	79.8617194304
22.5444259644	1	2790	5662	0.936097	56.77678385
12.7218589783	1	2800	5677	0.98628	100.614226442
7.99134302139	1	2810	5697	1.02818	160.173327133
12.0966250896	1	2820	5718	0.990504	105.814637596
13.0912117958	1	2830	5739	1.06851	97.7755168861
18.4789412022	1	2840	5760	1.09263	69.2680379247
11.9878339767	1	2850	5786	1.03	106.774918845
20.4752168655	1	2860	5814	1.04505	62.5146003779
9.16690611839	1	2870	5834	1.09613	139.63271615
31.1929018497	1	2880	5856	1.07753	41.0349766805
7.75599718094	1	2890	5872	0.811856	165.033582419
20.2696290016	1	2900	5903	0.993056	63.1486644328
15.8303468227	1	2910	5921	0.967866	80.857356717
9.53591918945	1	2920	5939	1.02422	134.229325414
7.95793795586	1	2930	5960	1.18357	160.8456873
15.2135210037	1	2940	5985	1.09748	84.1356842829
14.223747015	1	2950	6007	0.9815	89.9903519551
7.86166286469	1	2960	6022	0.892154	162.815427478
20.6538341045	1	2970	6041	0.894942	61.9739653917
8.49843287468	1	2980	6059	1.00941	150.616004018
8.69812512398	1	2990	6071	0.891681	147.158149803
13.990803957	1	3000	6092	0.980323	91.4886666939
8.02338790894	1	3010	6109	0.931131	159.533605321
27.6954491138	1	3020	6147	1.10436	46.2169793578
14.1469619274	1	3030	6167	1.13273	90.478790186
14.2031040192	1	3040	6191	1.1446	90.121145228
19.9311950207	1	3050	6211	0.840984	64.2209360087
7.69258189201	1	3060	6229	0.952932	166.394068723
33.6166582108	1	3070	6248	1.01207	38.0763605941
12.3566198349	1	3080	6264	1.07953	103.588199451
17.3578310013	1	3090	6291	1.00992	73.7419323823
14.9631781578	1	3100	6305	0.844289	85.5433241856
12.8728628159	1	3110	6322	0.990379	99.4339812604
17.8548951149	1	3120	6338	0.939121	71.689023753
24.9343838692	1	3130	6375	0.890352	51.3347354687
21.7306730747	1	3140	6397	1.15067	58.9029155056
10.2695169449	1	3150	6412	1.10467	124.640721357
10.5791189671	1	3160	6432	1.12503	120.993062275
13.9938981533	1	3170	6448	0.774974	91.4684375988
7.86666893959	1	3180	6462	1.1347	162.711817394
11.423801899	1	3190	6480	1.14309	112.046760905
12.933409214	1	3200	6506	0.997421	98.9684915105
18.4391620159	1	3210	6530	1.14525	69.4174712981
12.788214922	1	3220	6552	0.89432	100.092155771
13.1450119019	1	3230	6574	1.03929	97.375339753
7.93043804169	1	3240	6586	0.99311	161.403442442
11.4590449333	1	3250	6607	1.22269	111.70215384
20.3620011806	1	3260	6627	0.892472	62.8621906385
18.5503408909	1	3270	6647	0.952395	69.0014273877
19.5696921349	1	3280	6672	1.05026	65.407262985
8.85501790047	1	3290	6699	1.1841	144.550808862
7.95228886604	1	3300	6715	0.957645	160.959947703
21.2958791256	1	3310	6735	1.00121	60.1055252263
10.1082150936	1	3320	6757	1.07838	126.629675778
16.746188879	1	3330	6779	0.829715	76.4353017422
20.981055975	1	3340	6813	1.12724	61.0074155242
8.66120409966	1	3350	6825	1.12203	147.785456303
14.9013209343	1	3360	6845	0.883369	85.8984250889
12.5217571259	1	3370	6866	0.943638	102.222075315
8.86806488037	1	3380	6884	0.925905	144.338141101
21.9689540863	1	3390	6902	0.98667	58.2640391059
9.85564088821	1	3400	6918	0.767933	129.874861972
11.4876630306	1	3410	6935	1.09057	111.423881131
9.8135368824	1	3420	6955	0.943081	130.432077174
12.7205500603	1	3430	6971	1.02154	100.624579435
18.3055930138	1	3440	6990	0.889113	69.9239843821
20.0299019814	1	3450	7024	1.21631	63.9044565067
13.2644410133	1	3460	7051	1.01601	96.4986009371
8.11499595642	1	3470	7072	0.97233	157.732672558
24.2938430309	1	3480	7099	1.04849	52.6882469097
16.3650000095	1	3490	7126	0.962849	78.2157042013
14.3422441483	1	3500	7147	0.956608	89.2468421796
9.59445095062	1	3510	7163	0.970575	133.410448038
15.4457099438	1	3520	7195	0.869289	82.8709074986
16.2300291061	1	3530	7214	0.860422	78.8661555459
9.30377793312	1	3540	7229	1.00771	137.578520167
8.74399590492	1	3550	7250	0.83898	146.386161878
8.05836606026	1	3560	7271	0.854786	158.841133603
9.08677697182	1	3570	7284	0.839977	140.864027363
8.13103413582	1	3580	7301	0.834585	157.421550398
7.96242594719	1	3590	7320	0.975711	160.755027235
26.6246039867	1	3600	7347	0.90418	48.0758324382
8.40840888023	1	3610	7368	0.878603	152.228562886
9.97850012779	1	3620	7388	1.17282	128.275791312
13.5650680065	1	3630	7408	0.933785	94.3600134835
15.4845950603	1	3640	7429	0.855162	82.6628009975
21.5892658234	1	3650	7471	0.918585	59.2887229456
9.71846914291	1	3660	7492	0.946893	131.707986225
7.77984499931	1	3670	7506	0.869889	164.527699474
8.76455903053	1	3680	7526	0.762896	146.042715388
9.03157496452	1	3690	7545	0.80708	141.725004224
8.24343490601	1	3700	7564	0.933246	155.27507824
14.3946180344	1	3710	7580	0.991236	88.9221233203
8.01767992973	1	3720	7601	1.01137	159.647181132
15.4338159561	1	3730	7621	0.997291	82.9347715199
19.4975450039	1	3740	7646	0.952624	65.6492907053
12.520581007	1	3750	7664	0.991448	102.23167753
18.044342041	1	3760	7687	1.02154	70.9363631597
7.75477313995	1	3770	7707	1.13404	165.059631907
9.12478590012	1	3780	7717	0.81759	140.277263928
11.1172950268	1	3790	7736	0.871454	115.135920826
24.1339519024	1	3800	7759	1.12513	53.0373146171
7.76364398003	1	3810	7777	0.968176	164.871032635
7.64152598381	1	3820	7797	1.18312	167.505810058
7.73981404305	1	3830	7811	0.886047	165.378650298
10.1630480289	1	3840	7834	0.894264	125.946467669
11.2145750523	1	3850	7858	0.956275	114.137182554
16.9745810032	1	3860	7889	0.974556	75.4068686443
25.3906168938	1	3870	7923	1.11367	50.412323787
12.1687650681	1	3880	7949	0.902445	105.18733765
10.7042701244	1	3890	7967	0.97071	119.57844721
11.0557029247	1	3900	7987	0.920505	115.777351175
8.01986193657	1	3910	8003	0.886415	159.603745067
12.2505860329	1	3920	8020	0.917373	104.484797426
16.8907809258	1	3930	8049	1.25444	75.7809840544
8.14196300507	1	3940	8067	1.109	157.210245146
9.45575404167	1	3950	8089	0.886468	135.367311201
8.071185112	1	3960	8110	1.11187	158.58885433
38.2393188477	1	3970	8131	0.97764	33.4733995943
14.9870290756	1	3980	8152	0.830303	85.4071873446
15.9028720856	1	3990	8181	0.834552	80.4886056501
14.5073258877	1	4000	8200	0.853152	88.2312846565
8.50787305832	1	4010	8221	1.23783	150.448883196
7.74446702003	1	4020	8241	1.00624	165.279288644
13.8597140312	1	4030	8262	0.908127	92.3539978615
8.06932997704	1	4040	8280	1.03049	158.625313829
13.8706598282	1	4050	8306	1.05467	92.2811182637
21.2682261467	1	4060	8339	1.22159	60.1836745186
16.827452898	1	4070	8359	1.02507	76.0661763701
18.325646162	1	4080	8386	0.963241	69.8474688795
16.8491709232	1	4090	8412	0.910522	75.9681295793
17.204777956	1	4100	8438	0.766035	74.3979377864
14.0520329475	1	4110	8463	0.957737	91.0900226877
11.0767300129	1	4120	8487	0.881508	115.557569654
13.2730360031	1	4130	8505	0.833124	96.4361130114
21.0306639671	1	4140	8535	1.14799	60.8635087318
14.9297821522	1	4150	8557	0.927156	85.7346736177
17.0738279819	1	4160	8581	0.926442	74.968542576
10.5816218853	1	4170	8601	1.11912	120.964443246
8.52762913704	1	4180	8616	1.07128	150.100336146
14.6249248981	1	4190	8637	0.90508	87.5218169607
12.8293969631	1	4200	8655	0.920096	99.7708624715
9.70750212669	1	4210	8676	0.883198	131.856782857
8.0011909008	1	4220	8694	0.768849	159.976185529
8.09739303589	1	4230	8712	0.895558	158.075567572
24.2423861027	1	4240	8732	0.964048	52.8000830685
15.4922049046	1	4250	8754	0.867799	82.6221966393
8.09546399117	1	4260	8772	0.75381	158.113234942
20.2950088978	1	4270	8799	0.954063	63.0696939551
11.5258641243	1	4280	8820	0.922983	111.054580047
27.2591199875	1	4290	8841	0.758055	46.9567616485
25.4193398952	1	4300	8862	1.03995	50.355359552
11.8453950882	1	4310	8881	0.808148	108.05886933
8.11143112183	1	4320	8904	0.85244	157.801993357
12.7002539635	1	4330	8922	0.911813	100.785386157
16.8012158871	1	4340	8944	0.933844	76.1849623625
7.83238196373	1	4350	8963	1.0397	163.424103412
7.92874217033	1	4360	8980	0.77586	161.437964875
8.35088586807	1	4370	8992	1.0414	153.277151696
8.67216801643	1	4380	9011	0.963663	147.598616352
9.37792396545	1	4390	9029	0.960539	136.490763277
8.00693702698	1	4400	9040	0.81913	159.861379662
11.2938849926	1	4410	9061	0.970655	113.335668004
14.8794751167	1	4420	9081	1.14174	86.0245398415
13.0285129547	1	4430	9103	1.01428	98.2460549757
12.1210749149	1	4440	9128	0.861157	105.601195355
23.5675830841	1	4450	9144	0.847202	54.3118908474
7.97805690765	1	4460	9160	0.920489	160.440068906
20.4507050514	1	4470	9175	0.864554	62.5895291522
12.9346010685	1	4480	9188	0.927667	98.9593720921
18.7577178478	1	4490	9215	1.01333	68.2385784019
8.83015203476	1	4500	9235	1.01185	144.957866519
19.9823379517	1	4510	9256	0.718883	64.0565685105
13.322728157	1	4520	9279	0.921898	96.0764180513
15.1508929729	1	4530	9293	0.808389	84.4834692111
14.6917068958	1	4540	9313	0.93106	87.1239815139
11.1810259819	1	4550	9337	0.880655	114.479655272
14.3839991093	1	4560	9359	0.949736	88.987769693
8.53338098526	1	4570	9378	0.912349	149.999162373
16.112071991	1	4580	9399	1.1419	79.4435377844
12.7535409927	1	4590	9423	0.942239	100.3642832
21.0558121204	1	4600	9452	0.785326	60.7908159837
8.03217196465	1	4610	9471	0.890609	159.359137931
15.6926279068	1	4620	9489	0.82394	81.5669630098
8.4113740921	1	4630	9508	0.823782	152.174898653
19.7940039635	1	4640	9523	1.17664	64.6660474739
18.3660168648	1	4650	9544	0.992975	69.693935785
10.6592721939	1	4660	9564	0.849519	120.083245527
14.2409148216	1	4670	9582	0.931109	89.8818661605
8.32829213142	1	4680	9602	1.00639	153.692975679
12.2400670052	1	4690	9622	0.950776	104.574590928
11.5695440769	1	4700	9642	0.780742	110.635301745
10.3810279369	1	4710	9657	0.822587	123.301854862
12.9153280258	1	4720	9683	0.908893	99.1070453218
19.998924017	1	4730	9711	1.13684	64.003443331
11.5967738628	1	4740	9729	0.987213	110.375524705
16.9465839863	1	4750	9756	1.07412	75.5314463986
18.1812000275	1	4760	9775	0.993025	70.402393575
8.64855313301	1	4770	9796	1.09648	148.001634529
8.06468486786	1	4780	9812	0.769267	158.716679073
9.13108301163	1	4790	9831	0.912638	140.180523862
8.11196994781	1	4800	9852	0.984101	157.791511585
12.3021860123	1	4810	9867	0.897417	104.046549022
16.4031610489	1	4820	9889	1.20792	78.0337397277
8.3240339756	1	4830	9900	0.897921	153.771597251
9.8473739624	1	4840	9921	0.853893	129.983892649
11.8199059963	1	4850	9940	0.904132	108.291893387
13.2757160664	1	4860	9962	0.987766	96.4166447672
31.4460980892	1	4870	9991	0.946823	40.7045731514
7.81901288033	1	4880	10009	0.979421	163.703528769
8.02972793579	1	4890	10025	0.905208	159.40764248
21.6010961533	1	4900	10043	1.03642	59.2562521327
8.34408593178	1	4910	10065	0.956627	153.402063505
12.2876729965	1	4920	10087	0.86427	104.169438783
7.58340096474	1	4930	10101	0.85453	168.789703453
19.3319261074	1	4940	10115	0.857022	66.2117159402
7.7041220665	1	4950	10137	1.22889	166.144823375
20.6432600021	1	4960	10165	1.00396	62.005710332
8.06494688988	1	4970	10177	0.785978	158.711522528
9.33762693405	1	4980	10199	0.96933	137.079796509
8.79883694649	1	4990	10219	0.890053	145.473772021
12.9009070396	1	5000	10237	1.03207	99.2178298833
8.04112505913	1	5010	10256	0.81945	159.181705369
8.32210707664	1	5020	10274	0.890027	153.807201495
15.4977869987	1	5030	10294	0.919042	82.5924372366
11.1322879791	1	5040	10305	0.841514	114.980855903
13.4453580379	1	5050	10323	0.792338	95.2001424125
13.4592599869	1	5060	10341	0.943604	95.1018110392
16.0365788937	1	5070	10369	0.798826	79.8175227078
12.9299521446	1	5080	10385	1.27553	98.994952625
7.96310591698	1	5090	10401	0.811939	160.74130036
8.56933498383	1	5100	10423	0.979923	149.369817193
17.7422380447	1	5110	10438	0.935817	72.1442242389
8.95696902275	1	5120	10458	0.80382	142.90548474
8.51759791374	1	5130	10478	0.66083	150.277110162
9.18858504295	1	5140	10496	0.891217	139.303276186
8.34010696411	1	5150	10512	0.74153	153.475249839
8.03777003288	1	5160	10529	0.892376	159.248149022
14.9191009998	1	5170	10554	0.764536	85.7960543343
8.24817705154	1	5180	10569	0.923382	155.185805542
11.5117180347	1	5190	10587	0.893595	111.191048646
10.2676379681	1	5200	10607	0.928666	124.663530598
9.79210996628	1	5210	10629	0.785992	130.717486263
22.5940089226	1	5220	10650	0.968664	56.6521861785
35.4295649529	1	5230	10671	0.984098	36.1280191192
19.9397711754	1	5240	10699	0.99278	64.1933143937
16.1289618015	1	5250	10725	1.12337	79.3603466702
8.3562271595	1	5260	10739	0.785578	153.179177106
8.59337186813	1	5270	10755	0.947455	148.952008553
8.76301002502	1	5280	10772	0.873107	146.06853083
14.7212231159	1	5290	10789	0.710177	86.9492969382
10.6209759712	1	5300	10810	0.8536	120.516231603
12.0667128563	1	5310	10830	0.977213	106.076942018
25.5966091156	1	5320	10847	0.929475	50.0066236984
15.2239239216	1	5330	10868	0.91001	84.0781921003
10.0021800995	1	5340	10889	0.943402	127.972100809
13.0150699615	1	5350	10909	0.853927	98.3475312681
7.72848892212	1	5360	10933	0.906181	165.620991749
23.399492979	1	5370	10954	1.15667	54.7020399607
27.579843998	1	5380	10972	0.768666	46.4107048646
7.73576211929	1	5390	10982	0.675988	165.465274172
7.74220299721	1	5400	10993	0.751205	165.327620635
14.8195619583	1	5410	11009	0.823187	86.3723235276
8.09923100471	1	5420	11024	0.999605	158.039695282
10.685557127	1	5430	11040	1.06259	119.787858021
11.6021978855	1	5440	11065	0.820323	110.323924194
14.2350671291	1	5450	11085	1.21678	89.9187891696
12.9667439461	1	5460	11104	1.01788	98.7140646351
12.5939998627	1	5470	11124	1.00791	101.635700648
7.87872004509	1	5480	11138	0.925528	162.462937212
8.12148499489	1	5490	11156	1.07074	157.606644697
17.8903090954	1	5500	11170	0.985724	71.5471148752
7.86787700653	1	5510	11186	0.788026	162.686833937
10.6634988785	1	5520	11201	1.06123	120.035648204
8.2423479557	1	5530	11222	0.973223	155.295554966
9.59302401543	1	5540	11245	0.930236	133.430292465
17.0007669926	1	5550	11263	0.845403	75.2907207398
14.5780441761	1	5560	11283	0.952947	87.8032735076
16.058549881	1	5570	11311	0.834427	79.7083179669
8.07768297195	1	5580	11327	1.06619	158.461282084
8.3918299675	1	5590	11341	0.815587	152.529305879
13.4672009945	1	5600	11368	1.01505	95.045733744
8.34110498428	1	5610	11387	0.76112	153.456886397
7.84696102142	1	5620	11400	0.89657	163.120473838
13.9176120758	1	5630	11423	0.769104	91.9698000654
22.2528679371	1	5640	11445	1.15668	57.5206756998
9.53367400169	1	5650	11466	0.821862	134.260936526
22.1679651737	1	5660	11488	0.965015	57.7409784781
9.7969558239	1	5670	11512	0.890753	130.652829614
9.95194101334	1	5680	11525	0.80519	128.618125679
11.4520130157	1	5690	11537	0.717934	111.770742684
9.89982795715	1	5700	11550	0.882865	129.295176193
15.2191181183	1	5710	11568	0.989903	84.1047418156
8.09180092812	1	5720	11589	0.9649	158.184810943
8.17423510551	1	5730	11606	1.15205	156.589574863
11.3447630405	1	5740	11626	0.95802	112.827389645
8.05864882469	1	5750	11639	1.02365	158.835560135
7.79513812065	1	5760	11655	0.893823	164.20491596
10.8747859001	1	5770	11667	0.944809	117.703466694
12.745196104	1	5780	11691	0.873867	100.42999649
7.89891386032	1	5790	11711	1.04962	162.047595737
11.9217050076	1	5800	11734	0.910882	107.367192796
16.0372681618	1	5810	11746	0.845828	79.8140922187
20.4572219849	1	5820	11764	1.05558	62.5695903846
16.4313440323	1	5830	11780	1.08988	77.8998965322
8.93090796471	1	5840	11793	0.846955	143.322493643
7.97930502892	1	5850	11810	0.82234	160.414972903
11.9330089092	1	5860	11830	0.747504	107.265485992
11.943420887	1	5870	11848	0.756139	107.171974605
16.9156172276	1	5880	11875	0.94734	75.6697188628
8.90247583389	1	5890	11897	0.803007	143.78022742
11.7611739635	1	5900	11922	0.843618	108.832672994
13.7055330276	1	5910	11937	1.1477	93.3929382694
41.6910400391	1	5920	11961	0.939281	30.7020405056
9.00944900513	1	5930	11981	0.914752	142.073061213
10.3328070641	1	5940	12003	0.811851	123.877276723
7.94495487213	1	5950	12019	0.907718	161.108529954
7.69804596901	1	5960	12035	0.826792	166.275962128
11.8807740211	1	5970	12056	1.06734	107.737088318
16.7839181423	1	5980	12075	0.85732	76.2634796682
8.51796197891	1	5990	12089	0.821238	150.270687187
9.48318791389	1	6000	12108	0.906695	134.975707707
21.328993082	1	6010	12133	0.903402	60.0122094407
7.92038798332	1	6020	12153	0.812288	161.608244785
12.5037019253	1	6030	12172	0.734438	102.369682807
16.8336379528	1	6040	12200	1.0133	76.0382279569
12.2608540058	1	6050	12218	0.757089	104.397295604
25.566917181	1	6060	12254	0.89549	50.0646984905
9.75160002708	1	6070	12266	0.965981	131.260510731
12.8794829845	1	6080	12291	1.07703	99.3828713106
14.1420969963	1	6090	12311	1.00647	90.5099152081
8.72001099586	1	6100	12332	0.870612	146.788805726
17.6652178764	1	6110	12353	0.953923	72.4587723148
8.74399709702	1	6120	12374	0.899692	146.386141921
24.3862600327	1	6130	12398	0.718544	52.4885734133
8.52456283569	1	6140	12413	0.969519	150.154327521
13.215692997	1	6150	12433	0.96836	96.8545501392
11.9210870266	1	6160	12457	0.783594	107.372758637
9.77174711227	1	6170	12475	0.86995	130.98988188
10.0776889324	1	6180	12494	0.941329	127.013247639
27.1701850891	1	6190	12512	0.828327	47.1104630242
7.87772798538	1	6200	12528	1.15484	162.483396529
9.16036391258	1	6210	12550	0.944725	139.732439913
23.5767071247	1	6220	12570	0.733674	54.2908724797
9.91681098938	1	6230	12590	0.853821	129.073751771
16.1850318909	1	6240	12611	0.900819	79.0854172318
15.3120141029	1	6250	12628	0.800125	83.5944893595
11.310256958	1	6260	12652	1.1563	113.171610933
21.9183619022	1	6270	12670	0.903182	58.3985247488
14.7189371586	1	6280	12694	0.786684	86.9628007925
10.7570469379	1	6290	12715	0.858125	118.991764876
17.2972838879	1	6300	12743	0.98896	74.0000573673
14.4674520493	1	6310	12765	0.778063	88.4744594723
8.31364011765	1	6320	12783	1.02811	153.963845185
13.6774909496	1	6330	12803	0.760172	93.5844157904
15.130740881	1	6340	12823	0.881354	84.5959897185
10.0829670429	1	6350	12846	0.811513	126.946760269
8.1516430378	1	6360	12866	0.886957	157.023558817
9.9491379261	1	6370	12888	0.833647	128.654362771
9.30486607552	1	6380	12908	0.840982	137.562431271
12.5542290211	1	6390	12927	0.963477	101.957674808
15.3530979156	1	6400	12943	0.985716	83.3707963717
17.0011191368	1	6410	12972	0.866458	75.2891612428
14.3411200047	1	6420	12998	0.884654	89.2538378861
15.8095829487	1	6430	13025	0.813988	80.9635525589
13.1150400639	1	6440	13044	0.983106	97.5978718912
9.14022493362	1	6450	13065	0.930176	140.040317311
32.3182349205	1	6460	13085	1.07076	39.6061233897
12.9238350391	1	6470	13106	0.92906	99.0418088844
12.0292580128	1	6480	13125	1.00974	106.407227997
11.42009902	1	6490	13146	0.708719	112.083091202
18.2259008884	1	6500	13172	0.792983	70.229724601
8.25295114517	1	6510	13190	0.810066	155.096035041
7.90588998795	1	6520	13204	0.719694	161.904605547
12.7390129566	1	6530	13222	0.873733	100.478742298
14.5605049133	1	6540	13249	0.780282	87.9090393925
8.01306200027	1	6550	13264	0.935261	159.739185839
8.03768515587	1	6560	13278	0.981599	159.249830664
13.505179882	1	6570	13305	0.801798	94.7784488011
13.0807230473	1	6580	13327	0.875697	97.8539179658
23.4129369259	1	6590	13351	0.94352	54.6706294922
7.92234802246	1	6600	13369	0.959248	161.56826188
14.660572052	1	6610	13389	0.870003	87.3090078245
9.7146089077	1	6620	13413	1.12607	131.760322228
27.3941249847	1	6630	13436	0.924456	46.7253471579
15.2831940651	1	6640	13456	0.882674	83.7521263257
25.2022390366	1	6650	13477	0.806702	50.7891381454
7.96330904961	1	6660	13489	0.737245	160.737200079
12.833701849	1	6670	13509	0.869712	99.7373957306
20.930961132	1	6680	13528	0.837192	61.1534268266
8.83989691734	1	6690	13545	1.00294	144.798068571
9.26109099388	1	6700	13564	0.732755	138.212657758
10.5991261005	1	6710	13582	0.983926	120.764673225
18.8036248684	1	6720	13606	0.861137	68.071981278
8.09487318993	1	6730	13621	0.902433	158.124774776
16.8545808792	1	6740	13647	0.859945	75.9437454525
11.2017390728	1	6750	13665	0.796681	114.2679714
11.8535020351	1	6760	13681	0.790878	107.984964798
9.32833099365	1	6770	13701	0.78331	137.216400326
13.019810915	1	6780	13725	0.829601	98.3117196062
9.22317004204	1	6790	13743	0.853059	138.780917425
8.67586302757	1	6800	13761	0.846904	147.535754764
9.51327991486	1	6810	13774	0.80389	134.54875831
17.6139321327	1	6820	13802	1.09453	72.6697474678
7.74868297577	1	6830	13821	0.922991	165.189362373
10.4136660099	1	6840	13836	0.853998	122.915407387
15.447537899	1	6850	13851	0.928954	82.8611011261
19.3566861153	1	6860	13868	0.910078	66.1270215562
7.72685194016	1	6870	13886	0.921926	165.656079593
12.3425350189	1	6880	13907	0.830038	103.706410234
21.7892599106	1	6890	13924	0.779098	58.7445376875
27.1813189983	1	6900	13950	0.980792	47.0911658142
17.0558860302	1	6910	13973	0.865724	75.0474057891
12.138354063	1	6920	13997	0.953135	105.450870304
11.4247980118	1	6930	14011	0.901425	112.036991698
8.58819103241	1	6940	14029	1.04468	149.041864016
17.1514849663	1	6950	14049	0.848319	74.629106606
8.01540803909	1	6960	14070	0.944377	159.692431596
15.9353928566	1	6970	14090	0.786739	80.3243454064
7.8419649601	1	6980	14109	0.922337	163.224396757
17.7860841751	1	6990	14139	1.18272	71.9663748017
15.386813879	1	7000	14165	0.952005	83.1881122411
10.253084898	1	7010	14180	0.881095	124.840476084
24.3266792297	1	7020	14213	0.891135	52.6171282119
14.4103729725	1	7030	14234	0.734571	88.8249042855
11.305505991	1	7040	14258	0.881677	113.219169582
14.7251608372	1	7050	14280	0.860218	86.926045437
20.3951489925	1	7060	14304	0.914466	62.7600220262
15.4281201363	1	7070	14323	0.949032	82.9653897361
12.4602949619	1	7080	14341	0.868667	102.726300133
17.7675559521	1	7090	14361	0.839151	72.041422211
13.840747118	1	7100	14384	0.959708	92.4805568
8.54802298546	1	7110	14405	0.998959	149.7422272
7.99807500839	1	7120	14416	0.844784	160.038509098
12.6294620037	1	7130	14433	1.14459	101.350318772
17.0369858742	1	7140	14460	1.15027	75.1306604028
24.3083240986	1	7150	14480	0.892462	52.6568592227
11.2586300373	1	7160	14496	0.856688	113.690564106
8.03887796402	1	7170	14517	0.925209	159.226201185
10.8930850029	1	7180	14537	1.00037	117.505738701
14.0530278683	1	7190	14561	0.869534	91.0835737322
8.7891201973	1	7200	14581	0.967378	145.634599512
13.3454329967	1	7210	14600	0.833146	95.9129614087
14.7309978008	1	7220	14623	0.975613	86.8916021376
11.1989929676	1	7230	14640	0.937967	114.29599105
13.5169861317	1	7240	14657	0.831054	94.6956657003
17.4539160728	1	7250	14677	0.814891	73.335977706
14.2732629776	1	7260	14700	1.07946	89.6781627305
9.05384683609	1	7270	14716	0.934772	141.376369975
12.3256781101	1	7280	14734	0.924855	103.848241741
9.13275098801	1	7290	14749	0.793967	140.154921741
9.33531999588	1	7300	14769	0.982441	137.113671579
8.03187990189	1	7310	14788	0.868515	159.364932698
12.419383049	1	7320	14814	0.910961	103.064700956
11.9199841022	1	7330	14836	0.950539	107.382693552
19.0240049362	1	7340	14862	0.915962	67.2834139968
7.94608807564	1	7350	14881	0.801476	161.085554026
9.39295887947	1	7360	14903	0.797146	136.272288256
8.20894312859	1	7370	14918	0.921471	155.927502475
21.2200989723	1	7380	14938	1.04859	60.3201710637
8.24247598648	1	7390	14959	0.84109	155.293142752
12.5372159481	1	7400	14979	0.87873	102.09603195
15.3649170399	1	7410	14991	0.790946	83.3066652217
13.7155530453	1	7420	15011	0.858977	93.3247092388
22.1759309769	1	7430	15037	0.948414	57.7202373752
8.34565401077	1	7440	15052	0.950307	153.373240533
20.2651920319	1	7450	15072	0.81041	63.1624905398
7.94259500504	1	7460	15086	0.785857	161.156397775
7.83141088486	1	7470	15107	0.810937	163.444367665
8.24280309677	1	7480	15125	0.868662	155.286980045
8.49785089493	1	7490	15146	0.880942	150.626319034
8.76076793671	1	7500	15164	1.0407	146.105913231
22.5566511154	1	7510	15182	0.768352	56.7460122272
11.4540269375	1	7520	15199	0.883544	111.751090423
8.77533006668	1	7530	15220	0.84747	145.863459297
11.5000839233	1	7540	15240	0.853945	111.303535568
15.7171730995	1	7550	15262	0.894964	81.4395815262
8.11256289482	1	7560	15279	0.838441	157.779978608
13.7668149471	1	7570	15305	0.935117	92.977206777
12.1204640865	1	7580	15329	0.98525	105.60651728
23.9938800335	1	7590	15349	0.86652	53.3469367278
11.2908680439	1	7600	15369	0.837435	113.365951583
8.93804097176	1	7610	15388	0.970388	143.208115072
23.8773999214	1	7620	15413	0.856713	53.6071768372
7.85487699509	1	7630	15436	0.79457	162.956084583
7.79069805145	1	7640	15451	1.0405	164.298499511
11.4859070778	1	7650	15470	0.867373	111.440915492
11.1025509834	1	7660	15494	0.657461	115.288819832
14.116838932	1	7670	15511	0.995035	90.6718569336
16.8281531334	1	7680	15534	0.828015	76.0630111845
9.66912579536	1	7690	15545	0.908169	132.380116578
19.7430930138	1	7700	15561	0.921095	64.8327999624
20.2470490932	1	7710	15591	0.85252	63.2190890685
9.1259829998	1	7720	15607	0.911634	140.258863076
7.85123991966	1	7730	15619	0.679714	163.031573751
11.2303199768	1	7740	15636	0.828133	113.977162062
8.91099715233	1	7750	15654	0.904431	143.642734715
8.18014192581	1	7760	15672	0.845815	156.476502683
17.1849300861	1	7770	15695	1.02762	74.4838642685
7.9939198494	1	7780	15716	0.952021	160.121695503
13.7202031612	1	7790	15736	0.94811	93.2930791882
10.0119018555	1	7800	15756	0.891239	127.847837352
9.61704707146	1	7810	15775	0.888003	133.096988139
12.7482540607	1	7820	15790	0.825253	100.405906087
9.20771598816	1	7830	15812	0.779128	139.013844654
7.93610596657	1	7840	15832	0.84	161.288168957
16.4531579018	1	7850	15848	0.797388	77.7966155581
9.61267709732	1	7860	15872	0.954073	133.157494738
13.5621409416	1	7870	15885	0.801628	94.3803788436
9.95017409325	1	7880	15903	0.816354	128.640965274
8.11318802834	1	7890	15915	0.825709	157.76782142
7.7377409935	1	7900	15925	0.787899	165.422957563
10.8939919472	1	7910	15941	0.850953	117.495956139
10.553237915	1	7920	15965	0.836212	121.289789002
8.26821994781	1	7930	15981	0.920904	154.809621427
18.755573988	1	7940	16012	1.09002	68.2463784271
9.35092020035	1	7950	16030	1.04257	136.884923898
15.2162058353	1	7960	16048	0.867436	84.1208389168
15.2865481377	1	7970	16074	0.921571	83.733749992
20.0524580479	1	7980	16093	0.844935	63.8325733905
13.4402549267	1	7990	16111	0.817299	95.2362888191
14.0911359787	1	8000	16130	0.684472	90.837247042
8.70988988876	1	8010	16148	0.882684	146.959377942
10.8879630566	1	8020	16172	0.805257	117.561016083
12.2643010616	1	8030	16192	1.11276	104.367953263
16.1412940025	1	8040	16214	0.745808	79.2997141245
13.7125918865	1	8050	16230	0.745481	93.3448621962
20.6241700649	1	8060	16251	0.913355	62.063103435
22.3586089611	1	8070	16273	0.820495	57.2486419986
21.0431761742	1	8080	16288	0.906929	60.8273194791
7.95067191124	1	8090	16309	0.756927	160.992682668
10.0966539383	1	8100	16331	0.792233	126.774672859
13.7965819836	1	8110	16349	0.87763	92.7766023153
11.9540960789	1	8120	16374	1.07093	107.076268382
11.4201159477	1	8130	16397	0.968555	112.082925065
19.1718120575	1	8140	16411	0.770734	66.7646853704
19.0000300407	1	8150	16437	0.670089	67.3683145372
13.0060229301	1	8160	16463	0.83165	98.4159421273
8.01345610619	1	8170	16483	0.754991	159.731329783
8.77493691444	1	8180	16498	0.677821	145.869994563
8.02548003197	1	8190	16517	0.948455	159.492017288
14.7862799168	1	8200	16536	0.720793	86.5667366779
13.2974591255	1	8210	16560	0.856184	96.2589911289
9.88711881638	1	8220	16576	0.932192	129.461375328
17.3703951836	1	8230	16595	0.731034	73.6885940978
17.7180969715	1	8240	16623	1.11935	72.2425214208
17.6531178951	1	8250	16643	0.861617	72.5084377504
7.88509511948	1	8260	16658	0.900124	162.331586443
7.9485938549	1	8270	16674	0.899134	161.034772108
7.8468170166	1	8280	16694	0.979869	163.123467425
11.4750750065	1	8290	16712	0.858636	111.546111836
8.22652816772	1	8300	16728	0.833725	155.594191608
20.0851848125	1	8310	16750	0.710995	63.7285647081
7.96381998062	1	8320	16768	0.853163	160.726887739
13.8551061153	1	8330	16793	0.961758	92.384712852
14.5973639488	1	8340	16810	0.829328	87.6870649035
10.1911280155	1	8350	16828	0.789471	125.599442775
8.07515192032	1	8360	16839	0.822398	158.510949717
8.17575907707	1	8370	16853	1.02841	156.560386373
15.7882111073	1	8380	16877	0.870645	81.0731495357
12.9766039848	1	8390	16896	0.994499	98.6390585315
12.3484799862	1	8400	16920	0.804624	103.656482533
9.49221992493	1	8410	16941	0.941689	134.847275993
11.5763459206	1	8420	16959	0.788646	110.570296429
32.7744731903	1	8430	16980	0.724588	39.0547848799
13.5216867924	1	8440	17001	0.982695	94.6627458286
15.7594811916	1	8450	17019	0.854833	81.2209478494
11.2000288963	1	8460	17037	0.71984	114.285419426
21.5435099602	1	8470	17067	0.866365	59.41464517
27.1924021244	1	8480	17095	0.735617	47.0719723158
20.9642348289	1	8490	17124	0.992527	61.0563662563
16.1831262112	1	8500	17143	0.858536	79.0947301095
8.29655885696	1	8510	17153	0.967767	154.280831616
11.1465511322	1	8520	17175	0.839116	114.833726129
13.3750879765	1	8530	17190	0.899646	95.7003050936
21.8608088493	1	8540	17214	0.881585	58.5522708159
14.3606231213	1	8550	17235	0.883929	89.1326225326
11.5913619995	1	8560	17252	0.854873	110.427057671
9.50054502487	1	8570	17274	0.858203	134.729112556
15.6543450356	1	8580	17298	0.731441	81.766435906
11.53647995	1	8590	17319	0.833852	110.952388038
8.06507897377	1	8600	17338	0.854132	158.708923268
15.0481629372	1	8610	17357	0.720513	85.0602166753
15.493085146	1	8620	17377	0.969397	82.6175024498
13.9208579063	1	8630	17400	0.829055	91.9483561007
9.83823204041	1	8640	17420	0.861337	130.10467681
17.1719789505	1	8650	17446	0.945849	74.5400401252
11.1025490761	1	8660	17464	0.812534	115.288839638
12.5547459126	1	8670	17477	0.726654	101.953477109
11.4931941032	1	8680	17493	0.87072	111.370258651
8.06253385544	1	8690	17514	0.883439	158.759023274
8.00963592529	1	8700	17530	0.764684	159.807513343
13.5594501495	1	8710	17546	0.922557	94.3991080674
12.9020879269	1	8720	17567	0.792669	99.2087487898
8.36684799194	1	8730	17586	1.03915	152.984732271
12.5702080727	1	8740	17613	1.00038	101.828067809
8.09343194962	1	8750	17633	1.01052	158.152932893
18.3710899353	1	8760	17666	0.673362	69.6746902066
12.8745400906	1	8770	17686	1.00886	99.4210271587
20.844794035	1	8780	17728	0.87282	61.4062195987
8.00817584991	1	8790	17745	0.755748	159.836649942
8.08470416069	1	8800	17763	0.825164	158.323665846
18.0099098682	1	8810	17788	0.747662	71.0719825565
18.9960911274	1	8820	17812	0.698661	67.3822836191
8.17460298538	1	8830	17826	0.906696	156.582527896
14.9375009537	1	8840	17847	0.761403	85.6903710982
8.14249610901	1	8850	17860	0.878764	157.199952307
11.8175368309	1	8860	17876	0.847366	108.313603614
8.39004302025	1	8870	17898	0.900356	152.561792223
9.16600799561	1	8880	17916	0.889042	139.646397932
18.0010950565	1	8890	17933	0.633352	71.106785225
16.0436410904	1	8900	17963	0.7742	79.7823880993
7.63569283485	1	8910	17980	0.903811	167.633773082
7.69964504242	1	8920	18000	0.758729	166.241429696
16.0503079891	1	8930	18023	0.757514	79.7492484797
12.9814031124	1	8940	18049	0.708811	98.6025924098
12.5695338249	1	8950	18077	0.784539	101.833530012
14.7969551086	1	8960	18102	0.967464	86.5042835233
16.6442909241	1	8970	18122	0.978488	76.9032460343
8.49033117294	1	8980	18143	0.877308	150.759725849
14.5209698677	1	8990	18164	0.853657	88.1483820751
7.70496106148	1	9000	18185	0.858412	166.126731827
9.26495504379	1	9010	18204	0.757185	138.155014671
7.98721289635	1	9020	18225	0.806489	160.256151503
21.790199995	1	9030	18245	1.09697	58.7420032992
11.9207191467	1	9040	18259	1.05889	107.376072219
8.00260996819	1	9050	18279	0.8388	159.947817661
8.91305494308	1	9060	18296	0.841723	143.609571373
20.3689129353	1	9070	18321	0.988185	62.8408596997
13.8721880913	1	9080	18339	0.891723	92.2709518915
11.9344089031	1	9090	18363	0.7319	107.252902962
12.9133961201	1	9100	18379	0.962474	99.1218722092
7.66894698143	1	9110	18400	1.03151	166.906878232
13.2722690105	1	9120	18418	0.844824	96.4416859682
7.91548705101	1	9130	18439	0.673366	161.708305724
8.31508088112	1	9140	18460	0.975328	153.937167696
8.0760409832	1	9150	18481	0.939909	158.493499805
20.2671089172	1	9160	18501	0.856592	63.1565165622
7.93952822685	1	9170	18515	0.823313	161.218647182
8.54686498642	1	9180	18535	0.816501	149.762515499
15.2849359512	1	9190	18556	0.903563	83.7425818521
12.6294050217	1	9200	18577	0.999729	101.35077605
13.4887828827	1	9210	18597	0.648677	94.8936617286
7.65043997765	1	9220	18616	0.770569	167.310638831
8.02856111526	1	9230	18637	0.937069	159.430809783
7.97703194618	1	9240	18657	0.974829	160.460683702
14.3177919388	1	9250	18677	0.879471	89.3992597094
7.77871894836	1	9260	18698	0.944086	164.55151658
8.2210650444	1	9270	18710	0.832997	155.697588218
7.60060596466	1	9280	18726	0.788313	168.407625122
9.22126603127	1	9290	18745	0.848856	138.809572965
8.17136406898	1	9300	18758	0.800948	156.644593142
11.3193171024	1	9310	18775	0.85497	113.081026745
10.2975788116	1	9320	18786	0.865697	124.301063717
9.51883816719	1	9330	18808	0.840546	134.470192425
17.2016780376	1	9340	18828	0.765461	74.4113450559
13.583922863	1	9350	18846	0.723571	94.2290392038
7.87643909454	1	9360	18859	0.748684	162.509985113
12.1940720081	1	9370	18875	1.00283	104.969037344
7.78538799286	1	9380	18889	0.655558	164.410560036
10.7292728424	1	9390	18903	0.848433	119.299790284
12.4815850258	1	9400	18926	0.805427	102.551078037
13.4286911488	1	9410	18955	0.789101	95.3182991418
10.5383570194	1	9420	18965	0.897377	121.461058649
11.9645829201	1	9430	18981	0.763738	106.982417068
14.2825379372	1	9440	19007	0.928453	89.6199264886
8.57899308205	1	9450	19022	0.859421	149.201658954
18.9887280464	1	9460	19046	0.756768	67.4084118152
8.05378985405	1	9470	19057	0.872714	158.93138798
13.5066690445	1	9480	19085	0.953193	94.7679991109
12.2853770256	1	9490	19109	0.948267	104.188906643
11.3468389511	1	9500	19130	0.995861	112.80674781
14.2267489433	1	9510	19152	0.813566	89.9713634576
9.58122301102	1	9520	19169	0.834261	133.594635938
18.5963730812	1	9530	19199	0.945125	68.8306259726
24.9135489464	1	9540	19226	0.947754	51.3776661348
12.1099939346	1	9550	19246	0.687191	105.697823377
7.78068900108	1	9560	19265	0.984678	164.509852511
14.7311382294	1	9570	19285	1.00049	86.89077382
10.0031139851	1	9580	19301	0.925007	127.960153399
15.849187851	1	9590	19327	0.853226	80.7612359723
8.0509750843	1	9600	19347	0.979032	158.986953331
20.4036989212	1	9610	19367	0.899195	62.7337231814
25.4431240559	1	9620	19389	0.820164	50.3082875039
8.15966296196	1	9630	19409	0.811084	156.869224375
7.62841892242	1	9640	19429	0.939492	167.793616609
16.5316281319	1	9650	19448	0.864568	77.4273404767
18.7361590862	1	9660	19475	0.875619	68.3170971227
8.63142490387	1	9670	19496	0.872146	148.29532948
15.2437269688	1	9680	19520	0.710286	83.9689665541
13.6250920296	1	9690	19545	1.05131	93.9443195849
20.5114409924	1	9700	19566	0.933662	62.4041967835
11.0991768837	1	9710	19582	0.831731	115.323867113
9.87967014313	1	9720	19600	0.821112	129.558981368
8.39272999763	1	9730	19619	0.975985	152.51294875
17.3777859211	1	9740	19641	0.719187	73.6572544864
16.1236970425	1	9750	19668	0.755385	79.3862596543
8.12151789665	1	9760	19685	0.821604	157.606006203
12.3845582008	1	9770	19703	0.870488	103.354514488
10.8077008724	1	9780	19720	0.867828	118.434069846
9.89482212067	1	9790	19741	0.729677	129.360587223
23.7451989651	1	9800	19766	0.929588	53.9056338034
13.9530189037	1	9810	19790	0.99522	91.7364198265
8.16150212288	1	9820	19807	0.845663	156.83387454
8.33074092865	1	9830	19819	0.832986	153.647798073
17.4924609661	1	9840	19860	0.6089	73.1743808078
7.8995950222	1	9850	19880	0.684019	162.033622787
21.6074960232	1	9860	19921	0.84319	59.2387011724
20.0251019001	1	9870	19932	0.825541	63.9197746102
15.4876821041	1	9880	19980	0.816083	82.64632444
Training elapsed time: 13132.3323669 s
