Duration	Worker	LocalStep	GlobalStep	Loss	ExamplesPerSec
21.2020061016	0	10	10	4.63498	60.3716456766
19.277203083	0	20	35	4.47501	66.3996739821
24.502478838	0	30	75	4.27564	52.2396125088
8.71233010292	0	40	95	4.21997	146.918216468
209.817184925	0	50	143	4.07586	6.10054891575
83.307737112	0	60	185	4.08294	15.3647193451
135.808278799	0	70	234	3.85322	9.42505133942
67.6360120773	0	80	271	4.08802	18.9248295499
73.907752037	0	90	317	4.01997	17.3188869194
8.13691592216	0	100	355	3.90195	157.307757908
64.409044981	0	110	379	3.66044	19.8729852364
30.7922019958	0	120	411	3.82564	41.5689660705
12.6625001431	0	130	438	3.54738	101.085882372
7.96492695808	0	140	480	4.02271	160.704549676
37.5752248764	0	150	505	3.74339	34.0649990575
69.8215332031	0	160	542	3.45578	18.3324533461
13.5356709957	0	170	584	3.65457	94.5649462376
48.8846478462	0	180	624	3.85779	26.1840896149
75.7509281635	0	190	679	3.30878	16.8974827244
18.3977270126	0	200	725	3.29987	69.573811978
5.96775388718	0	210	755	3.40191	214.486056932
21.9190890789	0	220	788	3.41792	58.3965873487
27.9620029926	0	230	823	3.4231	45.7764059441
48.5081930161	0	240	875	3.17705	26.38729502
57.287719965	0	250	903	3.23453	22.3433573684
5.5388250351	0	260	927	3.17687	231.095943975
25.4181108475	0	270	959	3.02407	50.3577943963
52.890663147	0	280	1004	3.21202	24.2008688082
84.0821728706	0	290	1042	3.06426	15.223203163
25.0083310604	0	300	1096	2.87717	51.1829436722
33.8123641014	0	310	1143	2.94777	37.8559747009
40.7713348866	0	320	1202	2.94119	31.3946061261
28.5420770645	0	330	1241	3.10157	44.8460704912
39.0207669735	0	340	1304	2.84013	32.8030456416
76.9794008732	0	350	1371	2.91697	16.6278249178
68.866820097	0	360	1409	2.87223	18.5865994422
5.12493395805	0	370	1442	2.73254	249.759316018
25.9681489468	0	380	1491	2.92806	49.2911528898
12.2159581184	0	390	1524	2.7414	104.780974819
32.7663249969	0	400	1568	2.58056	39.0644968613
11.7582669258	0	410	1607	2.85492	108.859580079
11.090626955	0	420	1640	2.90251	115.412771991
100.114646196	0	430	1674	2.78792	12.7853420916
95.5381867886	0	440	1712	2.65149	13.3977841011
67.3646130562	0	450	1751	3.09101	19.0010740347
17.6090221405	0	460	1788	2.57152	72.6900102565
17.0881378651	0	470	1844	2.63554	74.9057627055
5.18256115913	0	480	1868	2.74335	246.98213117
38.1139979362	0	490	1909	2.5379	33.5834619643
41.4711880684	0	500	1960	2.54401	30.8648017966
65.604752779	0	510	2054	2.50911	19.5107815483
71.0013790131	0	520	2101	2.80954	18.0278188648
20.2622601986	0	530	2149	2.32425	63.1716297913
51.8535058498	0	540	2183	2.39228	24.6849268728
5.25193095207	0	550	2200	2.16262	243.71988354
17.778290987	0	560	2232	2.28746	71.9979215626
7.44078612328	0	570	2262	2.1859	172.024834311
41.4225859642	0	580	2309	2.4391	30.9010162018
27.6483960152	0	590	2344	2.40801	46.2956331824
44.6162979603	0	600	2381	2.42605	28.6890678635
15.9686341286	0	610	2434	2.11341	80.1571374041
25.2688059807	0	620	2496	2.29906	50.6553416485
47.4890220165	0	630	2550	2.14545	26.9535978137
36.9795339108	0	640	2585	2.19404	34.6137407543
10.9587450027	0	650	2611	2.42258	116.801695785
12.6205439568	0	660	2666	2.23071	101.421935884
24.4441320896	0	670	2696	2.00051	52.3643054827
17.2848348618	0	680	2728	1.94862	74.053354298
13.2096631527	0	690	2788	2.22653	96.8987615508
20.8163888454	0	700	2845	2.06578	61.4900120047
44.1767530441	0	710	2905	2.08662	28.974515142
15.4854691029	0	720	2944	2.14166	82.6581352814
84.0288989544	0	730	2982	2.48655	15.2328546004
40.0041210651	0	740	3026	2.04961	31.9967034875
15.9820890427	0	750	3077	2.16934	80.0896551498
23.0088748932	0	760	3111	2.01166	55.6307079743
22.550896883	0	770	3152	2.12571	56.7604919059
5.81877708435	0	780	3188	1.92116	219.977493801
5.96156406403	0	790	3217	1.83789	214.708755329
88.6599628925	0	800	3264	1.93591	14.43718177
58.8701989651	0	810	3301	1.97754	21.7427496849
53.9740030766	0	820	3360	2.26509	23.715120744
11.0841491222	0	830	3390	2.24277	115.480221881
7.68793487549	0	840	3428	1.88586	166.494646577
30.2290890217	0	850	3465	1.96957	42.343320339
21.4947860241	0	860	3517	2.02908	59.549325058
19.7852299213	0	870	3555	2.05514	64.6947245541
30.869145155	0	880	3593	1.89645	41.4653529787
24.9962539673	0	890	3628	1.78769	51.2076730247
65.0122489929	0	900	3671	1.82595	19.688597454
16.2084648609	0	910	3727	1.94596	78.9710815295
58.7924370766	0	920	3771	1.7576	21.7715077593
79.9794180393	0	930	3821	2.23552	16.0041174515
36.5174939632	0	940	3893	1.75089	35.0516933415
10.6055519581	0	950	3935	1.66114	120.691502437
35.9114410877	0	960	3975	1.85373	35.6432368412
63.9947328568	0	970	4015	1.72479	20.0016461177
41.467662096	0	980	4063	2.01752	30.8674262136
30.5516090393	0	990	4107	1.84479	41.8963203658
24.9699099064	0	1000	4156	1.72723	51.2616987726
7.61105108261	0	1010	4191	1.6239	168.176508883
58.4571809769	0	1020	4219	1.81294	21.8963689082
36.3097310066	0	1030	4272	1.81677	35.2522578525
28.7941560745	0	1040	4309	1.71781	44.4534646783
24.9910788536	0	1050	4343	1.92576	51.2182770299
25.3229169846	0	1060	4430	1.52827	50.5470993243
28.383934021	0	1070	4474	1.72782	45.095933462
7.11886811256	0	1080	4513	1.57972	179.80386485
23.0664870739	0	1090	4553	1.79604	55.4917615283
22.5650939941	0	1100	4594	1.60893	56.7247803325
15.7402977943	0	1110	4632	1.80974	81.3199354119
13.7053980827	0	1120	4666	1.67123	93.3938578269
36.9823050499	0	1130	4704	1.59028	34.6111470952
57.9727058411	0	1140	4735	1.62935	22.079355818
53.9779040813	0	1150	4793	1.53335	23.7134068428
14.1264369488	0	1160	4837	1.42364	90.6102511653
35.941021204	0	1170	4860	1.60503	35.6139018069
41.2101168633	0	1180	4900	1.85093	31.0603341468
72.117372036	0	1190	4981	1.63831	17.7488441947
38.7537169456	0	1200	5026	1.79177	33.0290898753
34.8440499306	0	1210	5085	1.41743	36.7351097978
41.2064452171	0	1220	5140	1.88462	31.063101737
15.8087208271	0	1230	5186	1.60533	80.9679678703
18.270704031	0	1240	5218	1.54225	70.0575083384
56.7280020714	0	1250	5288	1.67942	22.5638124605
84.0488948822	0	1260	5328	1.73383	15.2292305782
54.0398449898	0	1270	5376	1.90795	23.6862263436
15.9109101295	0	1280	5418	1.52372	80.4479435543
72.8603239059	0	1290	5458	1.56684	17.5678604126
60.1820471287	0	1300	5512	1.4097	21.2688012633
14.4770898819	0	1310	5557	1.26001	88.4155593729
32.497013092	0	1320	5591	1.39336	39.3882353549
5.08103394508	0	1330	5614	1.41167	251.917230594
17.0563879013	0	1340	5653	1.68285	75.0451975768
8.57256603241	0	1350	5683	1.22796	149.313518865
28.8378181458	0	1360	5724	1.36979	44.3861596439
8.66526603699	0	1370	5767	1.43847	147.716180269
64.2890458107	0	1380	5818	1.48329	19.9100792967
32.4765150547	0	1390	5876	1.49767	39.4130958277
43.1721339226	0	1400	5934	1.35702	29.648754502
5.15115714073	0	1410	5961	1.42884	248.4878572
94.6584758759	0	1420	5995	1.496	13.5222967426
14.3272821903	0	1430	6034	1.25585	89.3400425145
5.13914299011	0	1440	6060	1.39971	249.068765446
49.5756649971	0	1450	6097	1.71561	25.8191191197
7.55522179604	0	1460	6138	1.48186	169.419248641
25.4113740921	0	1470	6190	1.13972	50.3711446442
7.30784296989	0	1480	6222	1.52765	175.154283593
57.6931071281	0	1490	6265	1.50146	22.1863592328
30.1131789684	0	1500	6315	1.87989	42.5063060045
5.11036992073	0	1510	6341	1.50708	250.471104804
52.7675700188	0	1520	6384	1.30099	24.257323192
50.022867918	0	1530	6417	1.46569	25.5882969785
18.4885220528	0	1540	6463	1.49946	69.2321428585
15.462788105	0	1550	6505	1.37006	82.7793791978
6.78517794609	0	1560	6538	1.467	188.646489476
23.7787249088	0	1570	6582	1.47548	53.829631526
44.422809124	0	1580	6635	1.21705	28.8140265157
31.0561199188	0	1590	6666	1.66776	41.21570896
29.8444571495	0	1600	6699	1.41444	42.8890360977
49.2031698227	0	1610	6730	1.43222	26.0145841134
29.9772181511	0	1620	6778	1.45145	42.6990921422
10.2970588207	0	1630	6811	1.78595	124.307340794
5.27182006836	0	1640	6837	1.23345	242.800395955
19.4065489769	0	1650	6875	1.65833	65.9571158954
11.9082620144	0	1660	6908	1.29107	107.488397421
62.0951449871	0	1670	6968	1.23968	20.6135278413
34.2430541515	0	1680	7039	1.24608	37.3798433497
49.7536900043	0	1690	7077	1.42387	25.7267350399
44.9918417931	0	1700	7118	1.49804	28.449602172
25.3000671864	0	1710	7168	1.27456	50.592751022
20.416025877	0	1720	7212	1.17035	62.6958452988
70.3884329796	0	1730	7266	1.08517	18.184806023
9.40673804283	0	1740	7321	1.33345	136.072674095
8.16901803017	0	1750	7353	1.31122	156.689579491
25.4575068951	0	1760	7396	1.42282	50.2798646103
12.5791230202	0	1770	7427	1.35201	101.755901262
10.0118510723	0	1780	7469	1.20394	127.848485835
31.8138170242	0	1790	7516	1.33221	40.2340907105
25.4826939106	0	1800	7541	1.33506	50.2301681483
22.0065600872	0	1810	7579	1.21889	58.1644743625
16.1224520206	0	1820	7615	1.48069	79.3923900881
26.8698768616	0	1830	7655	1.28575	47.6369879399
6.40449213982	0	1840	7688	1.41071	199.859719093
36.7227058411	0	1850	7721	1.38347	34.8558193271
15.413285017	0	1860	7767	1.30855	83.0452430217
45.0076391697	0	1870	7826	1.29168	28.4396165543
24.5092608929	0	1880	7869	0.996252	52.2251570782
46.4904870987	0	1890	7904	1.36273	27.5325142815
63.3463120461	0	1900	7956	1.17307	20.206385481
33.6819829941	0	1910	7996	1.15804	38.002513101
10.8703057766	0	1920	8030	1.14239	117.751977387
28.6362121105	0	1930	8066	1.48895	44.6986492159
15.219835043	0	1940	8110	1.3563	84.1007800931
28.6501839161	0	1950	8147	1.18298	44.6768510718
17.7617399693	0	1960	8193	1.05845	72.0650117734
53.3041660786	0	1970	8229	1.36156	24.0131324466
11.3064680099	0	1980	8257	1.06229	113.209536247
33.7054319382	0	1990	8289	1.47337	37.976074668
45.9471161366	0	2000	8325	1.43457	27.8581140152
5.54497694969	0	2010	8365	1.5937	230.839552917
53.4525940418	0	2020	8404	1.29273	23.946452421
11.0665178299	0	2030	8441	1.14894	115.664206183
34.9381899834	0	2040	8490	1.14498	36.6361279909
61.9060311317	0	2050	8532	1.66918	20.6764991488
5.36077690125	0	2060	8558	1.53383	238.77136161
35.6850821972	0	2070	8592	1.30825	35.8693302968
66.2357199192	0	2080	8632	1.36289	19.3249201724
23.1706929207	0	2090	8670	0.993734	55.2421977358
19.9048650265	0	2100	8698	1.34625	64.3058869426
7.318598032	0	2110	8724	1.11048	174.896885224
40.268378973	0	2120	8771	1.1319	31.7867277662
17.165348053	0	2130	8803	1.2593	74.5688346108
5.16122102737	0	2140	8827	1.19985	248.003329679
40.8548929691	0	2150	8867	1.14913	31.3303966055
39.4790308475	0	2160	8919	1.5993	32.4222751299
27.8842730522	0	2170	8955	1.13881	45.9040118279
66.6001091003	0	2180	8995	1.42553	19.2191877354
108.029469967	0	2190	9038	1.18158	11.8486187185
57.0112469196	0	2200	9076	1.14476	22.4517103056
59.422768116	0	2210	9119	1.42293	21.5405650154
6.20762395859	0	2220	9151	1.27056	206.198057186
39.328674078	0	2230	9202	1.23608	32.5462281658
35.9456868172	0	2240	9243	1.30205	35.6092792582
11.5502421856	0	2250	9276	0.984938	110.820187095
64.4083650112	0	2260	9338	1.30086	19.8731950388
45.1124799252	0	2270	9380	1.05273	28.3735232939
54.9857120514	0	2280	9418	1.77489	23.2787746534
39.0201089382	0	2290	9457	2.76118	32.8035988323
33.1334030628	0	2300	9496	1.58478	38.6317094436
57.0400748253	0	2310	9532	1.49408	22.4403632695
8.07968902588	0	2320	9570	1.22823	158.421938753
32.8931100368	0	2330	9605	1.23088	38.9139244835
5.44514513016	0	2340	9630	1.33976	235.071787694
13.0154209137	0	2350	9674	1.3705	98.3448793925
11.3804121017	0	2360	9719	1.16509	112.473958637
15.350661993	0	2370	9752	1.18438	83.3840260818
6.05516791344	0	2380	9781	1.15337	211.38967875
7.11078596115	0	2390	9824	1.28052	180.008230735
66.0874209404	0	2400	9887	1.10962	19.3682849442
18.9124600887	0	2410	9922	1.11368	67.6802485766
6.12105488777	0	2420	9950	1.20833	209.114282337
12.36860919	0	2430	9974	0.925648	103.487787538
14.2518649101	0	2440	10008	1.26043	89.8128075218
18.7207589149	0	2450	10048	1.16463	68.3732965002
18.2803311348	0	2460	10080	1.03087	70.020613443
7.8901848793	0	2470	10113	1.20144	162.226870419
12.1969430447	0	2480	10168	1.27116	104.944328699
15.5517239571	0	2490	10198	1.12792	82.3059876535
52.6938540936	0	2500	10242	1.11611	24.2912579089
74.4195370674	0	2510	10293	1.26989	17.199784498
8.59343791008	0	2520	10329	1.2117	148.950863833
24.4378840923	0	2530	10387	1.25831	52.3776933864
9.95786786079	0	2540	10423	1.3368	128.541573145
32.5217959881	0	2550	10466	1.12274	39.3582199602
68.8314809799	0	2560	10514	1.21358	18.5961420818
25.9354159832	0	2570	10559	1.37853	49.3533630164
47.2890861034	0	2580	10606	1.15854	27.0675562898
49.6630110741	0	2590	10656	0.999231	25.7737090909
15.6358690262	0	2600	10682	1.22805	81.8630546122
13.8513548374	0	2610	10731	1.11462	92.4097328402
18.1752851009	0	2620	10796	1.25813	70.4253051818
18.6708409786	0	2630	10831	1.23324	68.5560977926
5.97706198692	0	2640	10852	1.06131	214.152037038
10.4112689495	0	2650	10889	1.25157	122.943707074
35.0267231464	0	2660	10930	1.23638	36.5435269137
34.5930449963	0	2670	10970	1.18501	37.0016574181
49.0258529186	0	2680	11023	0.976097	26.108673767
23.5176661015	0	2690	11064	1.90647	54.4271695362
31.8777489662	0	2700	11104	2.79282	40.1533998325
89.0568919182	0	2710	11143	1.77018	14.3728348523
111.965013027	0	2720	11182	1.66996	11.4321426434
79.8023240566	0	2730	11242	1.31678	16.0396331201
10.1726038456	0	2740	11281	1.48634	125.828157611
8.26376700401	0	2750	11315	1.21509	154.893040835
13.6418421268	0	2760	11347	1.07864	93.8289703178
7.08179998398	0	2770	11380	1.45793	180.74500874
41.9998319149	0	2780	11428	1.29846	30.4763124432
47.1622951031	0	2790	11482	1.17253	27.1403246429
51.15574193	0	2800	11538	1.01886	25.0216290823
70.7183871269	0	2810	11589	1.22537	18.0999603074
38.4345529079	0	2820	11634	1.18737	33.3033664543
38.2799730301	0	2830	11680	1.12347	33.4378500997
14.7929389477	0	2840	11719	1.21305	86.5277687231
30.8730139732	0	2850	11754	1.65422	41.4601567929
39.8065679073	0	2860	11788	1.19592	32.1554976299
93.9487130642	0	2870	11832	1.25752	13.6244548568
51.0925290585	0	2880	11878	1.01823	25.0525864268
11.6435649395	0	2890	11934	1.23553	109.931967284
72.2495770454	0	2900	11983	1.30201	17.7163666881
10.6767499447	0	2910	12024	1.00386	119.886670254
17.3046841621	0	2920	12070	1.24537	73.9684115588
7.25034093857	0	2930	12111	1.00042	176.543422005
35.6225700378	0	2940	12156	1.08778	35.9322754827
7.24801898003	0	2950	12191	1.35639	176.599979046
6.04624795914	0	2960	12216	0.988911	211.70153931
13.7142169476	0	2970	12247	1.35914	93.3338013315
21.1553471088	0	2980	12294	1.32501	60.5047978374
13.7798268795	0	2990	12333	1.14603	92.8894108172
5.66771197319	0	3000	12361	1.07165	225.840693044
50.4056589603	0	3010	12402	0.964502	25.3939741371
24.5119831562	0	3020	12456	1.01609	52.2193570322
58.993129015	0	3030	12514	1.29231	21.6974420814
38.7295000553	0	3040	12567	1.3676	33.0497423972
8.6880338192	0	3050	12610	1.06824	147.329076594
31.1570169926	0	3060	12671	1.11877	41.0822384025
5.44053316116	0	3070	12701	1.00968	235.271059303
29.5443739891	0	3080	12741	1.27837	43.3246614219
14.055426836	0	3090	12777	1.07915	91.0680276689
29.5779061317	0	3100	12806	1.07287	43.2755447359
23.2944898605	0	3110	12845	1.11361	54.9486169332
6.32169008255	0	3120	12884	1.04305	202.477499416
10.9370961189	0	3130	12912	1.21644	117.032893017
30.8647367954	0	3140	12948	1.23392	41.4712754068
55.8916671276	0	3150	12979	0.990699	22.9014460613
6.45047593117	0	3160	13033	0.944627	198.434970328
5.2794611454	0	3170	13056	1.02366	242.448985748
38.7929430008	0	3180	13115	0.988862	32.9956920251
9.50557994843	0	3190	13151	1.17303	134.657749127
25.1680629253	0	3200	13195	1.34004	50.8581055204
17.638379097	0	3210	13232	0.941637	72.569026494
17.9407789707	0	3220	13271	1.48288	71.3458430143
58.206346035	0	3230	13318	0.87522	21.9907293138
12.4230258465	0	3240	13350	1.10299	103.034479346
52.9076220989	0	3250	13401	1.03101	24.1931114879
5.35056686401	0	3260	13432	1.06401	239.22698894
17.3113100529	0	3270	13473	1.04616	73.9401002056
5.4295361042	0	3280	13510	1.39355	235.747580536
32.7673959732	0	3290	13547	1.28865	39.0632200693
45.8312540054	0	3300	13580	1.08796	27.9285397656
6.50339698792	0	3310	13616	1.00392	196.820216016
28.471462965	0	3320	13664	0.981723	44.957296419
57.0054581165	0	3330	13704	1.32661	22.4539902369
56.8307249546	0	3340	13747	0.935247	22.5230278344
21.4166638851	0	3350	13780	0.896539	59.7665447273
6.29392695427	0	3360	13811	0.970988	203.370647499
47.806330204	0	3370	13876	1.24628	26.7746968767
51.6564350128	0	3380	13908	0.878766	24.7791006035
5.15127182007	0	3390	13936	1.06772	248.48232528
12.8360350132	0	3400	13972	0.849744	99.7192667895
9.43901205063	0	3410	14014	1.10435	135.607412421
14.5367751122	0	3420	14046	1.09628	88.0525419238
59.0092229843	0	3430	14092	0.870263	21.6915243968
15.0821988583	0	3440	14127	0.894144	84.8682617189
33.077903986	0	3450	14164	1.09206	38.696526858
48.2086210251	0	3460	14208	1.12143	26.5512676526
6.49068593979	0	3470	14246	0.971496	197.20565929
33.1820631027	0	3480	14290	1.21424	38.5750577364
12.9768679142	0	3490	14338	1.04293	98.637052366
56.0010790825	0	3500	14380	1.32408	22.8567024238
102.995698929	0	3510	14447	1.00115	12.4277034217
35.05458498	0	3520	14479	0.999189	36.51448165
14.5599851608	0	3530	14532	0.935299	87.9121775099
14.7277438641	0	3540	14577	1.0525	86.9107999035
99.6774661541	0	3550	14623	1.11547	12.8414179191
40.1489849091	0	3560	14660	1.16052	31.8812543555
38.9765949249	0	3570	14736	1.18718	32.8402212267
20.1183381081	0	3580	14783	1.2853	63.6235454999
49.8423888683	0	3590	14838	1.18209	25.6809520784
37.5558969975	0	3600	14882	1.07502	34.0825303703
18.5504832268	0	3610	14913	0.917294	69.0008979471
17.3317070007	0	3620	14950	1.17767	73.8530832506
5.50967788696	0	3630	14978	1.15393	232.318481454
25.8765239716	0	3640	15010	0.875443	49.465685631
37.0600340366	0	3650	15046	0.985725	34.5385543557
8.17575097084	0	3660	15071	1.10847	156.560541602
27.8650069237	0	3670	15114	1.29908	45.9357502945
5.2135682106	0	3680	15137	1.04371	245.513235522
5.30589199066	0	3690	15162	0.945876	241.241246948
58.5716068745	0	3700	15201	1.10148	21.8535920099
6.27104711533	0	3710	15224	1.07943	204.112642827
11.9122958183	0	3720	15258	0.982471	107.451999138
65.694601059	0	3730	15295	1.01784	19.4840973134
45.0093250275	0	3740	15336	1.05004	28.4385513273
10.457392931	0	3750	15387	1.49737	122.401444456
57.5782730579	0	3760	15422	1.14979	22.2306076931
5.49177289009	0	3770	15450	1.01476	233.075916579
12.0606150627	0	3780	15480	1.00763	106.13057405
43.6810669899	0	3790	15521	1.13118	29.3033134996
43.5102791786	0	3800	15558	1.11455	29.4183357166
23.5422358513	0	3810	15621	1.18225	54.3703668626
17.9937119484	0	3820	15650	1.16563	71.1359614776
37.441409111	0	3830	15700	1.42965	34.1867475181
9.46794390678	0	3840	15736	1.15946	135.193027399
37.9034981728	0	3850	15762	0.840911	33.7699701005
70.4776318073	0	3860	15804	0.967172	18.1617907296
18.4712910652	0	3870	15837	0.922125	69.2967262267
45.7404370308	0	3880	15879	0.965529	27.9839914765
49.2459359169	0	3890	15921	1.84074	25.9919925608
5.20848107338	0	3900	15950	1.52488	245.753028948
26.7349979877	0	3910	16010	0.962488	47.8773179855
34.2360999584	0	3920	16047	0.978423	37.3874361144
16.1189250946	0	3930	16092	1.24175	79.4097616614
46.5731048584	0	3940	16123	1.00777	27.4836733323
19.2823801041	0	3950	16158	1.17875	66.3818466959
35.4682199955	0	3960	16201	0.936088	36.0886449944
64.0826249123	0	3970	16239	1.60274	19.9742130063
25.8190820217	0	3980	16311	1.08509	49.5757362296
37.4162390232	0	3990	16353	1.15661	34.2097451111
32.4954719543	0	4000	16388	1.16607	39.3901033904
25.1316430569	0	4010	16423	1.11849	50.9318072481
38.5095341206	0	4020	16470	0.95463	33.2385220759
125.864341021	0	4030	16518	1.05738	10.1696794312
11.0898718834	0	4040	16552	0.941141	115.420630054
58.8881969452	0	4050	16590	1.45505	21.7361044556
14.0487961769	0	4060	16625	0.987313	91.111009362
20.9989359379	0	4070	16659	0.972391	60.9554695431
29.9941439629	0	4080	16685	0.958713	42.6749968789
14.8844509125	0	4090	16757	1.27298	85.9957822782
40.0818040371	0	4100	16795	1.1787	31.9346903352
28.0033800602	0	4110	16831	1.17412	45.7087679147
20.3434309959	0	4120	16869	0.921739	62.9195734119
21.6875128746	0	4130	16940	0.929351	59.0201378739
8.95635104179	0	4140	16971	1.19067	142.915345103
60.0319230556	0	4150	17021	1.04822	21.3219889493
25.0444691181	0	4160	17053	1.00008	51.1090889555
10.4492588043	0	4170	17096	1.0672	122.496726703
27.5403649807	0	4180	17131	1.11476	46.4772344483
40.5469901562	0	4190	17170	1.09023	31.5683111143
14.2431168556	0	4200	17204	1.05394	89.8679701202
42.1749901772	0	4210	17246	1.12252	30.349740323
6.48205685616	0	4220	17282	1.13642	197.468184622
27.647151947	0	4230	17318	1.60559	46.297716396
8.46992611885	0	4240	17346	1.15341	151.122923865
22.3593668938	0	4250	17379	1.00547	57.2467013973
22.6964390278	0	4260	17416	0.955816	56.3965121768
25.398099184	0	4270	17449	1.01536	50.3974722961
6.65539193153	0	4280	17480	0.913943	192.325262459
6.2882039547	0	4290	17509	0.848758	203.555738526
27.9594480991	0	4300	17548	1.50061	45.7805889251
18.110450983	0	4310	17584	0.984989	70.6774227322
40.4589078426	0	4320	17632	1.18191	31.63703788
60.5503380299	0	4330	17685	1.15163	21.1394360733
30.0208799839	0	4340	17729	1.20238	42.6369913436
25.4333291054	0	4350	17770	1.05253	50.3276623637
72.5428290367	0	4360	17809	1.15111	17.6447488607
26.7274808884	0	4370	17845	0.9439	47.8907834729
71.0969929695	0	4380	17900	0.974801	18.0035743642
13.1639480591	0	4390	17950	0.868475	97.2352666734
14.4940910339	0	4400	17993	1.35281	88.311850464
27.3702728748	0	4410	18041	1.05247	46.7660664493
6.58496904373	0	4420	18070	0.991777	194.38208312
20.0781011581	0	4430	18128	0.926514	63.7510484641
6.6636300087	0	4440	18162	0.963826	192.087495604
33.8372688293	0	4450	18198	0.854641	37.8281121463
5.48283910751	0	4460	18236	1.04621	233.45569237
26.7860529423	0	4470	18295	1.06253	47.786062499
43.6099200249	0	4480	18340	0.964069	29.3511200954
17.3268699646	0	4490	18382	1.01026	73.8737003634
34.6954219341	0	4500	18413	1.43952	36.8924753943
37.9344861507	0	4510	18467	1.07716	33.7423840385
78.0607390404	0	4520	18523	1.2851	16.3974875941
38.0739319324	0	4530	18558	0.999502	33.6188025516
41.7561509609	0	4540	18591	1.10365	30.6541664053
15.4274570942	0	4550	18629	0.772014	82.968955427
13.7581989765	0	4560	18648	0.8752	93.0354330668
51.0207118988	0	4570	18690	1.07464	25.0878506466
5.30806899071	0	4580	18725	0.923565	241.142306598
8.85758209229	0	4590	18756	1.12441	144.508962679
12.3372149467	0	4600	18816	0.825885	103.751130666
31.8147740364	0	4610	18851	0.992592	40.232880439
52.6721050739	0	4620	18924	1.06437	24.3012880955
37.0994977951	0	4630	18966	1.1473	34.5018147434
79.8868000507	0	4640	19010	0.992609	16.0226720708
65.9804301262	0	4650	19051	1.09036	19.3996916594
63.7629828453	0	4660	19109	0.992146	20.0743431829
19.2516160011	0	4670	19145	1.04772	66.4879249578
43.985574007	0	4680	19182	1.14574	29.1004500656
6.49068212509	0	4690	19216	1.03521	197.205775191
19.902700901	0	4700	19260	0.98612	64.3128792602
19.8844790459	0	4710	19295	1.01952	64.3718146725
42.9812159538	0	4720	19331	0.927374	29.7804511016
74.6848490238	0	4730	19362	0.921834	17.1386836384
30.1884419918	0	4740	19414	1.22917	42.4003332251
9.00740504265	0	4750	19454	1.10722	142.105300466
7.24391293526	0	4760	19494	1.22369	176.700080666
13.4944119453	0	4770	19550	0.95294	94.8540777608
32.2908480167	0	4780	19594	1.41977	39.6397146131
54.6394371986	0	4790	19633	1.09689	23.4263027883
35.2449448109	0	4800	19668	0.836044	36.3172649828
16.3038439751	0	4810	19728	1.02161	78.5090928224
27.2313210964	0	4820	19780	1.5972	47.0046971084
36.434967041	0	4830	19821	1.23513	35.1310870834
7.48580598831	0	4840	19856	1.07503	170.990271722
17.0987019539	0	4850	19916	0.954105	74.8594836878
39.2877371311	0	4860	19987	1.01746	32.5801406105
Training elapsed time: 15629.087707 s
