Duration	Worker	LocalStep	GlobalStep	Loss	ExamplesPerSec
22.2409338951	1	10	21	4.47333	57.5515401483
12.4702861309	1	20	44	4.55094	102.643996021
8.44572782516	1	30	64	4.61992	151.555914007
17.0639281273	1	40	82	4.38815	75.0120365283
14.9590799809	1	50	102	4.20628	85.5667595627
12.7894239426	1	60	125	4.13243	100.082693775
8.2755689621	1	70	140	4.27096	154.672144702
12.3613669872	1	80	164	4.21715	103.548418336
8.96548104286	1	90	184	3.85627	142.769807206
15.9098989964	1	100	207	4.14196	80.4530563201
15.8675780296	1	110	227	4.0166	80.667635452
12.3011291027	1	120	252	3.83374	104.055488672
13.8183579445	1	130	273	3.91622	92.6303982819
20.3760869503	1	140	297	3.71991	62.8187346826
7.61909794807	1	150	316	3.52085	167.998890252
14.9590210915	1	160	338	3.64138	85.5670964145
27.0632479191	1	170	361	3.6246	47.2966143542
8.44051003456	1	180	381	3.46607	151.649603491
13.9138250351	1	190	401	3.54464	91.9948322457
7.81538105011	1	200	420	3.30416	163.779602273
8.22526192665	1	210	440	3.65717	155.618144615
7.96115994453	1	220	460	3.35737	160.780590883
12.3706421852	1	230	480	3.39622	103.470780323
8.17122983932	1	240	500	3.16336	156.647166359
17.6272010803	1	250	522	3.24517	72.6150450186
8.74345207214	1	260	540	3.2676	146.395266931
11.6497759819	1	270	558	3.28446	109.873357392
10.4786179066	1	280	577	3.0489	122.153514081
24.0865240097	1	290	601	3.15286	53.1417484517
13.3612010479	1	300	620	3.09334	95.7997709496
11.6082890034	1	310	638	3.00564	110.266034868
9.487637043	1	320	654	3.04381	134.912412248
16.6256449223	1	330	686	3.39067	76.9894946022
16.6331651211	1	340	705	2.95407	76.9546860554
7.91436576843	1	350	725	2.86734	161.731216051
7.63142704964	1	360	742	3.049	167.727476352
7.64959096909	1	370	755	3.00429	167.329208212
8.58635807037	1	380	770	2.83331	149.073680542
21.3296971321	1	390	795	2.83765	60.0102285594
17.8851978779	1	400	822	2.77674	71.5675615523
14.9640009403	1	410	844	2.65296	85.5386206607
8.08253598213	1	420	855	2.81873	158.366136919
8.0514061451	1	430	867	2.78046	158.978441397
18.9124798775	1	440	896	3.10086	67.6801777605
14.6887030602	1	450	919	2.91519	87.1417983438
13.9103269577	1	460	935	2.7136	92.0179665001
9.31066608429	1	470	947	2.73859	137.476737799
8.09124994278	1	480	960	2.63279	158.195582766
8.03726196289	1	490	979	2.75036	159.258215784
9.01457500458	1	500	993	2.62549	141.992273551
15.6357350349	1	510	1013	2.45769	81.8637561419
8.01038503647	1	520	1029	2.33481	159.792568544
8.78233790398	1	530	1042	2.44359	145.747068035
12.0205101967	1	540	1062	2.45276	106.484664882
7.90050888062	1	550	1082	2.36915	162.014880224
10.0497429371	1	560	1099	2.38373	127.366441909
8.60390996933	1	570	1111	2.41705	148.769571574
21.8395709991	1	580	1127	2.60509	58.6092098627
11.0949211121	1	590	1143	2.37796	115.368102853
10.5889999866	1	600	1164	2.29564	120.880158808
17.9882490635	1	610	1195	2.43284	71.1575648904
8.07629203796	1	620	1212	2.37974	158.488572972
7.99665498734	1	630	1229	2.39038	160.066928238
13.4951498508	1	640	1251	2.31702	94.8488912051
8.06914114952	1	650	1267	2.19992	158.629025851
7.99131202698	1	660	1280	2.16799	160.173948368
8.32082080841	1	670	1298	2.46053	153.830977673
8.13393616676	1	680	1312	2.30775	157.365385437
8.08683085442	1	690	1331	2.20234	158.282029517
10.2919011116	1	700	1351	2.18942	124.369636486
8.83713984489	1	710	1374	2.05426	144.843243681
22.2851350307	1	720	1395	2.19162	57.4373903606
18.477741003	1	730	1424	2.03626	69.2725371456
16.0199451447	1	740	1446	2.38578	79.9003984372
12.9448308945	1	750	1472	2.25308	98.881168123
8.33069491386	1	760	1492	2.01237	153.64864675
8.29774522781	1	770	1506	2.02124	154.2587733
14.4917798042	1	780	1521	2.07115	88.3259349294
20.2414381504	1	790	1540	2.05342	63.2366134505
9.64083385468	1	800	1562	1.95232	132.768598577
8.0821480751	1	810	1582	2.06059	158.373737787
11.3524150848	1	820	1601	1.82713	112.75133885
17.8709390163	1	830	1621	2.20884	71.6246638651
12.8493099213	1	840	1642	1.95428	99.6162445955
8.5009739399	1	850	1663	2.02849	150.570982696
9.47297811508	1	860	1683	1.86445	135.121182003
9.11595892906	1	870	1695	1.9291	140.413094219
9.73562502861	1	880	1714	1.94089	131.47589356
14.5671069622	1	890	1732	1.95287	87.8691975916
12.1602909565	1	900	1754	1.66456	105.260639287
23.7301781178	1	910	1775	1.87233	53.9397552622
12.4240849018	1	920	1802	1.80869	103.025696469
9.42884993553	1	930	1820	1.9106	135.753565785
8.84361219406	1	940	1841	1.76134	144.737237671
9.95816898346	1	950	1859	1.80174	128.537686208
13.3678410053	1	960	1877	1.72667	95.7521861227
14.8781440258	1	970	1893	2.30345	86.0322361297
8.00252699852	1	980	1910	1.75959	159.949475989
13.70962286	1	990	1937	1.62318	93.3650774405
8.01157712936	1	1000	1957	1.66664	159.768792003
15.5457379818	1	1010	1985	1.86348	82.3376800445
17.0166928768	1	1020	2006	1.72345	75.2202563251
9.89822292328	1	1030	2021	1.67923	129.316141889
15.5188670158	1	1040	2041	1.83639	82.4802479906
12.1713202	1	1050	2062	1.73009	105.165255615
15.1192588806	1	1060	2091	1.7618	84.6602343479
13.8416941166	1	1070	2118	2.09331	92.4742296151
16.8813548088	1	1080	2140	1.73579	75.8232982185
9.02677202225	1	1090	2159	1.69505	141.80041291
9.19401812553	1	1100	2176	1.59485	139.22095677
13.3999838829	1	1110	2197	1.68675	95.5225029511
11.165375948	1	1120	2221	1.7841	114.64011655
13.2626390457	1	1130	2242	1.58324	96.5117120045
11.3034210205	1	1140	2260	1.52864	113.240053403
10.5297801495	1	1150	2280	1.83319	121.55999288
17.4453828335	1	1160	2301	1.37722	73.3718492863
15.064125061	1	1170	2315	1.6211	84.9700858705
11.4789669514	1	1180	2342	1.8418	111.508292116
19.6529049873	1	1190	2360	1.56804	65.1303204704
9.09942913055	1	1200	2380	1.50022	140.668165182
9.53736901283	1	1210	2397	1.84226	134.20892054
11.144933939	1	1220	2415	1.43224	114.850389155
16.7083160877	1	1230	2436	1.49937	76.608557875
15.1887209415	1	1240	2456	1.70117	84.2730605774
11.3146078587	1	1250	2472	1.50484	113.128092108
10.0968170166	1	1260	2483	1.49574	126.772625264
10.5161211491	1	1270	2505	1.58401	121.717882654
10.0380198956	1	1280	2525	1.60159	127.515188585
7.91776609421	1	1290	2544	1.65995	161.66175974
12.2517459393	1	1300	2566	1.52153	104.474905564
9.20715808868	1	1310	2585	1.40005	139.022268073
9.32440280914	1	1320	2607	2.83649	137.274206853
8.1099011898	1	1330	2625	1.48801	157.831762686
15.1856939793	1	1340	2647	1.3825	84.2898587149
16.6523098946	1	1350	2672	1.63537	76.8662130422
10.8094511032	1	1360	2690	1.41914	118.414893391
11.8875088692	1	1370	2715	1.61391	107.676050053
10.2127120495	1	1380	2733	1.40918	125.333994907
7.89966702461	1	1390	2747	1.17598	162.032145913
14.8926138878	1	1400	2770	1.62971	85.9486460634
8.21031618118	1	1410	2785	1.49724	155.901425932
13.7335510254	1	1420	2812	1.3682	93.2024061099
15.3666858673	1	1430	2837	1.42144	83.2970759637
7.57982206345	1	1440	2856	1.22546	168.869399477
7.7990090847	1	1450	2867	1.18678	164.123414411
10.6075348854	1	1460	2886	1.42153	120.668940883
7.98683094978	1	1470	2901	1.31443	160.263815279
15.7340500355	1	1480	2921	1.2947	81.3522263571
14.1614749432	1	1490	2942	1.45328	90.3860653737
7.93638801575	1	1500	2962	1.49482	161.28243698
22.0417699814	1	1510	2980	1.44509	58.0715614527
10.8532931805	1	1520	3000	1.07482	117.936554253
13.0162558556	1	1530	3020	1.51266	98.3385709534
7.66057896614	1	1540	3040	1.34405	167.089198565
11.9093630314	1	1550	3065	1.3961	107.478460152
12.2032589912	1	1560	3082	1.30398	104.890013473
10.7328650951	1	1570	3109	1.33531	119.259861058
13.9617350101	1	1580	3129	1.3273	91.6791501249
8.9345228672	1	1590	3147	1.13178	143.26450545
14.0263800621	1	1600	3161	1.48268	91.2566174831
8.01732802391	1	1610	3182	1.49582	159.65418855
12.595279932	1	1620	3203	1.43653	101.625371322
7.68940210342	1	1630	3217	1.38184	166.462877449
14.7399289608	1	1640	3237	1.30354	86.8389531187
7.58659410477	1	1650	3254	1.22698	168.718661144
9.51263689995	1	1660	3274	1.23535	134.55785325
8.89028406143	1	1670	3294	1.18166	143.977401752
8.22283697128	1	1680	3311	1.2458	155.664037177
11.0118639469	1	1690	3329	1.29633	116.238268668
7.83992290497	1	1700	3348	1.41374	163.266911616
7.85467219353	1	1710	3361	1.17654	162.960333476
8.32776999474	1	1720	3378	1.30918	153.702611961
7.89648580551	1	1730	3398	1.17783	162.097423022
8.52796411514	1	1740	3414	1.32757	150.094440211
7.81454801559	1	1750	3431	1.28717	163.797061256
7.89331793785	1	1760	3449	1.6336	162.162478451
17.6533329487	1	1770	3472	1.13437	72.50755445
21.5345861912	1	1780	3492	1.30926	59.4392661478
8.69972991943	1	1790	3508	1.2155	147.131004279
8.7233300209	1	1800	3525	1.19314	146.732955985
7.72319793701	1	1810	3546	1.20037	165.734454877
12.7335100174	1	1820	3566	1.259	100.522165393
13.1561870575	1	1830	3594	1.219	97.2926269903
9.36295294762	1	1840	3616	1.24188	136.709006994
24.4276900291	1	1850	3642	1.39064	52.3995514301
10.7240309715	1	1860	3659	1.38113	119.358103627
10.96585989	1	1870	3683	1.22096	116.725912317
16.6848602295	1	1880	3703	1.06129	76.7162554792
29.6794698238	1	1890	3723	1.24437	43.1274550252
7.75351810455	1	1900	3743	1.2026	165.086349543
14.9577188492	1	1910	3763	1.34286	85.5745460191
15.0032470226	1	1920	3780	1.20784	85.3148653801
7.95553708076	1	1930	3794	1.21491	160.894228385
13.8586289883	1	1940	3816	1.15826	92.3612285951
7.95236492157	1	1950	3830	1.08481	160.9584083
12.8736381531	1	1960	3853	1.02608	99.4279926762
18.2596578598	1	1970	3879	1.17404	70.0998895942
17.1455030441	1	1980	3896	1.13157	74.6551440751
8.61941313744	1	1990	3917	1.40753	148.501989589
13.1820819378	1	2000	3942	1.04534	97.1015053647
25.3462128639	1	2010	3964	1.08103	50.5006411361
7.91859006882	1	2020	3988	1.11091	161.644937909
11.0755450726	1	2030	4005	1.57637	115.569932822
14.2504479885	1	2040	4028	1.07309	89.8217376066
10.1725289822	1	2050	4050	1.03768	125.829083628
11.7507040501	1	2060	4068	1.13471	108.929643241
9.49887800217	1	2070	4087	1.27078	134.752757084
16.0104260445	1	2080	4112	0.99894	79.9479037251
13.7126309872	1	2090	4141	1.42757	93.3445960296
7.68582201004	1	2100	4158	1.19045	166.54041667
12.9982488155	1	2110	4180	1.1167	98.4748036574
8.61085605621	1	2120	4198	1.22649	148.649564183
10.0378439426	1	2130	4215	1.2802	127.517423793
20.471544981	1	2140	4236	1.23915	62.5258133271
10.1681580544	1	2150	4252	1.30499	125.883173054
21.397714138	1	2160	4273	1.12699	59.8194737879
18.5412538052	1	2170	4294	1.02519	69.0352450514
11.8944351673	1	2180	4319	1.01246	107.613348763
26.3973610401	1	2190	4342	1.13044	48.489695544
17.2196199894	1	2200	4366	1.15953	74.3338122902
18.1927340031	1	2210	4388	1.11332	70.3577593002
8.17494082451	1	2220	4407	1.16227	156.576056938
13.716078043	1	2230	4429	1.18531	93.3211371347
8.9866039753	1	2240	4441	1.23541	142.434228049
14.7084741592	1	2250	4464	1.23154	87.0246625273
16.3883109093	1	2260	4485	1.12582	78.10444939
10.8881568909	1	2270	4502	1.23082	117.558923225
21.7949621677	1	2280	4522	0.923864	58.729168243
11.162168026	1	2290	4546	1.07356	114.673063246
12.3138999939	1	2300	4565	1.3029	103.947571495
15.9833769798	1	2310	4585	1.12829	80.0832015422
9.70832800865	1	2320	4602	1.0892	131.845565875
8.5952630043	1	2330	4620	1.01451	148.919236021
19.4470999241	1	2340	4637	1.13674	65.8195826111
13.7274050713	1	2350	4659	0.950179	93.2441341503
19.7762668133	1	2360	4679	1.13092	64.7240458518
9.54196715355	1	2370	4699	1.44097	134.144247135
21.7407689095	1	2380	4716	1.07452	58.8755625586
16.8640270233	1	2390	4742	1.22585	75.9012066472
7.64513707161	1	2400	4760	1.25047	167.42669072
13.2750940323	1	2410	4781	1.28963	96.4211625836
8.10222887993	1	2420	4796	1.08678	157.981219609
13.4587891102	1	2430	4823	0.988001	95.1051383242
7.77527189255	1	2440	4840	1.12385	164.624468146
7.69513010979	1	2450	4855	1.06584	166.338967859
8.32540082932	1	2460	4876	0.882614	153.746351226
7.73299002647	1	2470	4896	1.34489	165.524589534
14.4228260517	1	2480	4913	1.13455	88.7482103307
9.03674912453	1	2490	4934	0.976324	141.643856918
13.911839962	1	2500	4952	1.21978	92.0079589397
8.0318608284	1	2510	4971	0.97594	159.365311146
16.0638771057	1	2520	4986	1.17108	79.6818844901
8.66810488701	1	2530	5009	1.01918	147.667802442
14.9720129967	1	2540	5028	0.985178	85.4928459042
12.736779213	1	2550	5045	0.948819	100.496364002
8.32474994659	1	2560	5065	1.14301	153.758372109
10.993847847	1	2570	5084	0.974985	116.42875341
9.78094315529	1	2580	5106	0.843154	130.86672519
12.1055450439	1	2590	5127	0.932515	105.736668225
22.5708599091	1	2600	5144	1.27513	56.710289513
7.71285390854	1	2610	5159	1.18528	165.956728233
9.65587997437	1	2620	5177	1.2394	132.561714043
7.54507613182	1	2630	5195	1.45631	169.647062221
12.7462720871	1	2640	5217	1.08358	100.421518641
20.8830418587	1	2650	5243	1.00164	61.2937525415
7.73458194733	1	2660	5261	0.904426	165.490521494
7.68009901047	1	2670	5277	1.15962	166.66451803
14.0819630623	1	2680	5294	1.1037	90.8964179453
22.5998749733	1	2690	5329	0.913927	56.6374814689
8.83042192459	1	2700	5344	2.01122	144.953436079
9.01737999916	1	2710	5360	1.10096	141.948104673
12.3426730633	1	2720	5380	0.983969	103.705250349
15.8643741608	1	2730	5401	0.956906	80.6839265784
9.61546278	1	2740	5422	1.12828	133.11891786
11.5165400505	1	2750	5441	0.895099	111.144492563
19.5074880123	1	2760	5465	0.997833	65.6158291212
13.2361559868	1	2770	5489	1.07857	96.7048137902
8.02249097824	1	2780	5507	1.22592	159.5514415
8.89036107063	1	2790	5522	1.30295	143.976154605
9.98293089867	1	2800	5539	1.08612	128.218858068
8.06813621521	1	2810	5558	0.913062	158.648784038
15.9231388569	1	2820	5574	1.19638	80.3861607629
9.0463719368	1	2830	5591	1.04639	141.493187428
13.5010020733	1	2840	5617	0.971711	94.8077774562
21.5888690948	1	2850	5634	1.14639	59.2898124666
9.58629798889	1	2860	5654	0.88161	133.523911053
9.27250695229	1	2870	5670	1.16457	138.042495583
18.582572937	1	2880	5694	1.01595	68.8817422829
18.5637800694	1	2890	5719	1.18579	68.951474065
9.21951699257	1	2900	5740	1.02243	138.835906592
11.5462019444	1	2910	5751	1.01193	110.85896524
18.4737451077	1	2920	5777	0.889312	69.2875208866
11.3033490181	1	2930	5800	1.05865	113.240774743
11.7689518929	1	2940	5814	0.939386	108.760747062
11.2965350151	1	2950	5835	0.90172	113.309080907
7.83602595329	1	2960	5849	0.979394	163.34810625
14.5027279854	1	2970	5869	1.03532	88.2592572439
11.2726039886	1	2980	5882	1.01002	113.549628931
7.84853005409	1	2990	5899	1.10687	163.087863737
12.1326310635	1	3000	5919	0.95276	105.500611805
7.99867892265	1	3010	5940	0.971393	160.026425911
14.9999949932	1	3020	5957	1.21115	85.3333618164
9.71802616119	1	3030	5982	0.915337	131.713989937
7.89270591736	1	3040	6001	0.949955	162.175052942
14.1687190533	1	3050	6019	0.832888	90.3398532491
7.93566083908	1	3060	6038	0.851422	161.297215942
13.7101330757	1	3070	6058	0.804454	93.3616029058
32.5858769417	1	3080	6081	0.942667	39.2808210223
19.6284511089	1	3090	6106	1.05593	65.2114623256
15.1866090298	1	3100	6129	0.904318	84.2847799328
21.3240058422	1	3110	6148	1.06851	60.0262450438
11.0044271946	1	3120	6170	0.922059	116.316822072
8.572660923	1	3130	6186	0.913338	149.311866117
8.23678588867	1	3140	6204	1.10831	155.400421633
9.03213405609	1	3150	6219	0.962889	141.716231408
13.848845005	1	3160	6238	0.959849	92.4264802974
16.6852641106	1	3170	6266	0.808316	76.7143984967
15.669919014	1	3180	6283	1.04122	81.685170093
7.81309485435	1	3190	6302	0.966678	163.82752595
7.99191999435	1	3200	6322	0.88407	160.161763494
9.80402994156	1	3210	6341	1.11011	130.558556801
16.2673501968	1	3220	6370	1.14308	78.6852182139
7.62403082848	1	3230	6386	1.00584	167.890192052
7.86725020409	1	3240	6407	1.00961	162.699795582
8.095941782	1	3250	6424	1.00986	158.103903717
10.6356360912	1	3260	6445	0.921459	120.350112492
11.7092750072	1	3270	6465	1.17741	109.315051462
18.2697360516	1	3280	6489	0.980037	70.0612201724
10.2314138412	1	3290	6512	0.960474	125.104899466
7.62711310387	1	3300	6532	1.13094	167.822344125
12.6051180363	1	3310	6553	0.92707	101.546054255
8.73895287514	1	3320	6574	0.979289	146.470637648
7.72710299492	1	3330	6591	1.00885	165.650697401
7.75015997887	1	3340	6607	0.966328	165.157881062
18.9591550827	1	3350	6632	0.994351	67.5135571399
13.6402840614	1	3360	6652	1.01323	93.8396879592
12.8261618614	1	3370	6669	1.19864	99.7960273564
23.8994350433	1	3380	6692	0.968644	53.5577513727
7.95814013481	1	3390	6703	0.893477	160.841600967
11.7292509079	1	3400	6714	0.842334	109.128878737
7.96876311302	1	3410	6728	0.89337	160.627186659
9.06256890297	1	3420	6744	1.14155	141.240305448
7.82901501656	1	3430	6762	0.815699	163.494385602
16.2214560509	1	3440	6790	1.04379	78.9078363857
14.8011748791	1	3450	6816	1.10689	86.4796214123
15.7025790215	1	3460	6840	0.780073	81.5152719978
18.253234148	1	3470	6863	0.827285	70.1245592764
7.76268792152	1	3480	6879	0.8971	164.891338276
13.3798730373	1	3490	6905	1.21991	95.6660796727
16.53292799	1	3500	6930	0.971037	77.4212529552
11.4934308529	1	3510	6952	1.05308	111.367964569
7.4549100399	1	3520	6974	0.991694	171.698919658
7.58079695702	1	3530	6993	1.06327	168.847682804
7.52738499641	1	3540	7008	0.803237	170.045772949
7.69980716705	1	3550	7025	0.892185	166.23792937
12.0288100243	1	3560	7044	0.860626	106.411190917
28.973017931	1	3570	7068	0.833242	44.179035924
7.78270697594	1	3580	7084	1.12615	164.46719682
13.1546618938	1	3590	7102	0.958543	97.3039071874
11.3369650841	1	3600	7122	1.01883	112.904996223
9.49862194061	1	3610	7141	1.0614	134.756389717
25.7670080662	1	3620	7163	1.03695	49.6759265458
10.5315299034	1	3630	7178	1.15145	121.539796377
8.1396420002	1	3640	7196	0.965673	157.255073377
11.8371460438	1	3650	7219	0.890178	108.134173158
10.4628510475	1	3660	7243	1.09129	122.337591751
13.3306560516	1	3670	7262	0.90344	96.0192802996
23.9825658798	1	3680	7276	0.824423	53.3721039865
13.7254910469	1	3690	7294	0.856581	93.2571370762
15.8840770721	1	3700	7313	0.891714	80.583844701
12.0621528625	1	3710	7336	1.11328	106.117043498
20.8045260906	1	3720	7368	1.23064	61.525073651
12.6013939381	1	3730	7387	0.960368	101.576064227
12.9965331554	1	3740	7404	0.95996	98.4878032234
19.1457660198	1	3750	7437	0.980154	66.8555125282
8.81704187393	1	3760	7458	0.88236	145.173406036
8.37694907188	1	3770	7476	0.972735	152.800260455
7.85268187523	1	3780	7490	1.1436	163.001636936
7.72410511971	1	3790	7509	1.04893	165.714989654
16.929954052	1	3800	7534	0.882151	75.6056393343
11.3828208447	1	3810	7561	0.912188	112.450157783
8.54116010666	1	3820	7582	1.04406	149.862546073
17.7428619862	1	3830	7599	0.906177	72.1416872317
14.3540630341	1	3840	7618	1.07706	89.1733578822
7.85427188873	1	3850	7638	0.986489	162.968638995
20.1672811508	1	3860	7657	0.862304	63.4691404571
14.4658470154	1	3870	7681	0.803912	88.4842760081
15.5372347832	1	3880	7707	0.915978	82.3827417081
14.1651990414	1	3890	7728	0.997834	90.3623024471
7.6140730381	1	3900	7745	0.868905	168.109761174
8.73366093636	1	3910	7765	1.23134	146.55938779
7.75502300262	1	3920	7783	0.941952	165.054313774
14.8386600018	1	3930	7798	0.874362	86.2611583424
22.6538910866	1	3940	7823	0.786207	56.5024346196
8.18143010139	1	3950	7843	0.920292	156.451865277
11.5333809853	1	3960	7863	1.03796	110.982200418
7.56588792801	1	3970	7876	0.910948	169.180407135
8.79693388939	1	3980	7893	1.04096	145.505242633
7.81126999855	1	3990	7913	0.996564	163.865799062
8.34329104424	1	4000	7933	0.931647	153.416678528
15.9670391083	1	4010	7954	1.03915	80.1651446658
14.5240199566	1	4020	7982	0.959484	88.1298706437
33.957627058	1	4030	8011	1.02408	37.6940355053
17.675536871	1	4040	8031	1.01392	72.4164708175
13.5289521217	1	4050	8049	0.860065	94.6119099604
17.174943924	1	4060	8070	1.07627	74.5271720052
9.12964296341	1	4070	8090	0.777034	140.202634991
14.838365078	1	4080	8118	0.997664	86.2628728484
13.1251459122	1	4090	8138	0.83532	97.5227253522
11.8650231361	1	4100	8157	0.9061	107.880109909
8.85076785088	1	4110	8178	1.03326	144.620220705
7.71412396431	1	4120	8198	0.841549	165.929405066
11.733259201	1	4130	8218	1.04951	109.091598342
7.92252993584	1	4140	8229	0.937668	161.564552026
21.0878720284	1	4150	8243	0.964519	60.6983956598
9.07275891304	1	4160	8259	0.810059	141.081672319
8.86254811287	1	4170	8280	0.929613	144.427988847
16.5811829567	1	4180	8303	0.794851	77.1959397193
17.9477610588	1	4190	8321	1.00957	71.3180878554
10.2363607883	1	4200	8338	1.06603	125.044439764
13.9469811916	1	4210	8363	1.03166	91.7761329432
13.0066328049	1	4220	8383	0.938371	98.4113274514
7.75157809258	1	4230	8400	0.927411	165.127666227
9.93414902687	1	4240	8420	0.897211	128.848479778
12.6487910748	1	4250	8445	0.973635	101.195441717
11.5406780243	1	4260	8466	0.859146	110.912027639
9.00679087639	1	4270	8487	0.971397	142.114990518
13.081056118	1	4280	8510	1.06743	97.8514264026
10.236964941	1	4290	8532	0.833086	125.037060044
8.19324398041	1	4300	8553	1.03252	156.226276559
14.8585720062	1	4310	8574	1.02052	86.1455595776
12.8046870232	1	4320	8596	0.903155	99.9633960349
24.0893678665	1	4330	8616	1.12479	53.1354748324
8.28856015205	1	4340	8632	1.05847	154.429717167
7.98457598686	1	4350	8646	0.850084	160.309076162
14.4616520405	1	4360	8664	0.902771	88.5099431529
13.5575249195	1	4370	8684	0.925693	94.4125131688
10.9838500023	1	4380	8701	1.19099	116.534730512
17.9085650444	1	4390	8723	0.834081	71.4741799148
10.9538550377	1	4400	8740	0.800754	116.853837813
19.9984059334	1	4410	8767	0.798694	64.0051014198
15.603910923	1	4420	8782	0.926437	82.0307169347
15.129322052	1	4430	8808	1.11371	84.6039231368
7.82396101952	1	4440	8824	1.47771	163.599997087
16.674259901	1	4450	8848	1.06268	76.7650263098
8.23244595528	1	4460	8864	0.853215	155.482344731
8.28757309914	1	4470	8884	0.965682	154.448109801
21.6445240974	1	4480	8902	0.862879	59.1373593726
7.52130794525	1	4490	8919	0.809962	170.183166188
15.6243748665	1	4500	8947	1.01095	81.9232776311
23.0264971256	1	4510	8963	0.891867	55.5881336626
11.0924968719	1	4520	8983	1.05103	115.393316291
11.4102292061	1	4530	9007	0.970257	112.180042739
20.2502918243	1	4540	9034	0.955613	63.2089656338
23.6904010773	1	4550	9052	0.776035	54.0303220627
13.1937019825	1	4560	9074	0.882054	97.0159854829
7.59655213356	1	4570	9092	0.948474	168.497494323
10.9633867741	1	4580	9113	0.830406	116.752243297
13.3194792271	1	4590	9135	1.08521	96.0998533185
11.7096438408	1	4600	9148	0.822724	109.311608227
10.7406311035	1	4610	9168	0.985502	119.17363027
8.22631001472	1	4620	9189	0.88995	155.598317801
12.2218229771	1	4630	9209	1.17157	104.730693809
7.89759588242	1	4640	9224	0.950114	162.074638796
8.11976313591	1	4650	9239	0.844483	157.640066413
18.2363538742	1	4660	9261	0.973352	70.1894692782
7.76473712921	1	4670	9281	0.902273	164.847821465
10.8837108612	1	4680	9301	1.16546	117.60694641
14.5247681141	1	4690	9317	0.904582	88.1253311547
14.3439600468	1	4700	9334	1.00525	89.2361660118
20.0370028019	1	4710	9350	1.00458	63.8818097025
7.86020302773	1	4720	9369	0.96798	162.845666389
8.71588611603	1	4730	9387	0.835986	146.858274989
7.58960795403	1	4740	9398	1.0692	168.651662609
13.9313540459	1	4750	9422	1.03078	91.8790805105
12.2092909813	1	4760	9447	1.0208	104.838192649
9.61505508423	1	4770	9469	1.16208	133.124562344
7.41046380997	1	4780	9482	0.854294	172.728729648
7.63039016724	1	4790	9495	0.90111	167.75026859
7.90531396866	1	4800	9514	0.787771	161.916402698
11.2974309921	1	4810	9536	0.844032	113.300094587
14.1569490433	1	4820	9556	1.0093	90.4149613089
28.0295248032	1	4830	9576	0.779495	45.6661327293
10.5912611485	1	4840	9596	0.927329	120.854351721
13.5219330788	1	4850	9622	1.06501	94.661021656
10.4038338661	1	4860	9642	0.905012	123.0315686
10.96905303	1	4870	9666	1.01518	116.691932886
17.2173309326	1	4880	9686	0.785423	74.3436950251
8.75652098656	1	4890	9702	1.07224	146.176775224
21.3024351597	1	4900	9726	0.844897	60.0870271593
9.14917087555	1	4910	9744	0.85131	139.903387685
7.65288209915	1	4920	9761	0.883132	167.257248108
7.88704800606	1	4930	9780	0.670255	162.291392041
7.57152581215	1	4940	9799	0.924343	169.054432588
20.5617790222	1	4950	9819	1.07359	62.2514228276
16.2570791245	1	4960	9849	0.979471	78.7349308078
25.1370780468	1	4970	9870	0.87225	50.9207950748
13.5041320324	1	4980	9888	0.83209	94.7858031104
8.88962984085	1	4990	9903	1.08789	143.987997579
14.4974169731	1	5000	9916	0.836555	88.2915903139
8.9601650238	1	5010	9944	0.757023	142.854511786
26.0085110664	1	5020	9969	0.919427	49.2146588757
9.78731799126	1	5030	9994	1.12169	130.781486935
21.9945158958	1	5040	10018	0.915661	58.196325214
24.7021541595	1	5050	10038	0.659296	51.8173432055
10.2630019188	1	5060	10050	0.936763	124.719844167
9.83443903923	1	5070	10067	0.967335	130.154856306
15.8789229393	1	5080	10093	0.831739	80.6100013769
9.10979795456	1	5090	10113	1.00615	140.508055874
16.1631131172	1	5100	10136	1.01863	79.1926648485
13.252589941	1	5110	10151	0.948302	96.5848944015
10.9620389938	1	5120	10181	0.94634	116.766597959
23.957349062	1	5130	10209	0.954494	53.4282819309
16.7182219028	1	5140	10234	0.854331	76.5631660734
14.4411251545	1	5150	10256	1.00822	88.6357528452
17.7034640312	1	5160	10283	0.97046	72.3022340567
7.7500128746	1	5170	10301	0.890553	165.161015951
9.75660610199	1	5180	10322	0.801907	131.193161497
22.3224649429	1	5190	10345	0.981046	57.3413376736
10.0760979652	1	5200	10366	0.946834	127.033302417
21.1140549183	1	5210	10385	1.06776	60.6231254467
9.91750001907	1	5220	10405	0.825403	129.064784224
10.7531759739	1	5230	10425	0.783637	119.034599927
8.00967502594	1	5240	10444	0.835087	159.806733214
11.2689080238	1	5250	10467	1.1211	113.586870821
11.5638871193	1	5260	10491	0.871219	110.689423616
8.59722089767	1	5270	10510	0.960339	148.885321807
12.1107909679	1	5280	10529	0.899907	105.69086721
9.06026506424	1	5290	10551	0.892554	141.276219948
9.87065005302	1	5300	10570	0.862616	129.677376173
13.8760478497	1	5310	10594	0.991881	92.2452858241
7.88568019867	1	5320	10614	0.953258	162.319542227
8.07166790962	1	5330	10635	0.822907	158.579368519
14.2462830544	1	5340	10652	0.883841	89.8479972016
16.2750868797	1	5350	10687	0.839015	78.6478136466
11.5373051167	1	5360	10705	0.975259	110.944452544
22.0595619678	1	5370	10728	0.818145	58.0247242382
9.83095192909	1	5380	10742	0.936041	130.20102318
8.20191001892	1	5390	10758	0.90381	156.061209773
24.2457270622	1	5400	10791	0.792567	52.7928074384
13.5239169598	1	5410	10808	1.02851	94.6471354274
21.2484440804	1	5420	10826	0.804023	60.2397048537
8.58654999733	1	5430	10847	0.974478	149.07034844
28.4725148678	1	5440	10877	1.04994	44.9556354942
7.8670899868	1	5450	10894	0.870626	162.703109046
11.9947111607	1	5460	10917	0.916529	106.713699301
7.92938184738	1	5470	10934	0.849774	161.424941393
7.90477395058	1	5480	10946	0.788692	161.927464087
18.1338272095	1	5490	10976	0.867246	70.5863128183
25.5829517841	1	5500	10996	0.892959	50.0333194856
14.231716156	1	5510	11022	0.903969	89.9399612787
13.8133659363	1	5520	11042	0.857488	92.663873954
8.98537707329	1	5530	11061	0.872626	142.45367663
10.559885025	1	5540	11083	0.97792	121.213440958
27.2748458385	1	5550	11116	0.844519	46.9296878001
19.9690041542	1	5560	11131	1.00673	64.0993406639
7.88230681419	1	5570	11149	0.753964	162.389009991
12.6069481373	1	5580	11171	1.04293	101.531313214
13.1844499111	1	5590	11196	0.818985	97.0840655946
7.85462713242	1	5600	11213	0.837843	162.961268361
16.1658689976	1	5610	11238	0.952231	79.1791644601
8.48558998108	1	5620	11254	0.848538	150.843960509
9.59464097023	1	5630	11271	1.05717	133.407805875
10.9422259331	1	5640	11293	0.811227	116.978026942
11.374076128	1	5650	11316	1.01101	112.536612697
14.4618308544	1	5660	11341	0.777695	88.5088487679
15.8486921787	1	5670	11358	0.888983	80.7637618023
11.3560597897	1	5680	11375	0.758191	112.715151532
7.71404910088	1	5690	11386	0.843456	165.93101538
8.13667106628	1	5700	11397	0.979244	157.312491752
11.4973928928	1	5710	11420	0.804977	111.329586797
7.67632007599	1	5720	11440	1.05978	166.746564412
7.99478197098	1	5730	11454	0.830723	160.104428694
22.9642739296	1	5740	11484	0.975627	55.7387533316
18.2620911598	1	5750	11517	0.847459	70.0905492585
10.4615449905	1	5760	11535	0.8592	122.352864817
29.3139019012	1	5770	11554	1.06728	43.6652890602
7.93686294556	1	5780	11573	0.894532	161.272786084
21.649971962	1	5790	11592	0.863284	59.1224784147
7.78495597839	1	5800	11608	0.930328	164.419683753
7.82076311111	1	5810	11628	0.918074	163.666893091
11.5349969864	1	5820	11649	1.00667	110.966652311
7.76339101791	1	5830	11664	0.881238	164.876404788
14.5727090836	1	5840	11689	0.919476	87.8354184291
15.0067210197	1	5850	11710	0.96516	85.2951153231
22.2120139599	1	5860	11728	0.769648	57.6264719765
17.3653178215	1	5870	11749	0.888836	73.7101395527
7.78410100937	1	5880	11764	0.838607	164.437742838
9.20167016983	1	5890	11780	1.16349	139.1051816
8.15460586548	1	5900	11797	0.789221	156.966507164
14.002603054	1	5910	11821	0.987585	91.4115750521
7.83338308334	1	5920	11837	0.865686	163.403217535
8.65466094017	1	5930	11852	0.864207	147.897186135
9.40811610222	1	5940	11871	0.920095	136.052742769
7.53113389015	1	5950	11884	0.907093	169.961126528
10.7453300953	1	5960	11900	0.841009	119.121514988
19.9708960056	1	5970	11917	1.02389	64.0932685063
7.76947879791	1	5980	11936	0.849102	164.747215778
38.6747381687	1	5990	11965	0.975877	33.0965395141
7.86637687683	1	6000	11985	0.968277	162.717858557
14.3650121689	1	6010	12010	0.75433	89.1053891881
14.3505837917	1	6020	12028	0.991999	89.1949776104
8.41855120659	1	6030	12043	0.898154	152.045164137
7.97832679749	1	6040	12056	0.904453	160.43464156
14.2362279892	1	6050	12076	0.854962	89.9114569513
8.34392499924	1	6060	12087	0.853476	153.405022231
10.0060610771	1	6070	12099	0.752256	127.922465207
8.03009200096	1	6080	12118	0.892192	159.400415319
7.70998811722	1	6090	12136	1.29814	166.018414106
8.90166592598	1	6100	12157	0.821274	143.7933091
8.88561296463	1	6110	12177	0.811556	144.053089539
14.0327320099	1	6120	12197	0.694565	91.2153099694
18.598608017	1	6130	12218	0.834372	68.8223548145
8.00294494629	1	6140	12237	0.787413	159.941122748
12.90320611	1	6150	12248	0.983023	99.2001514265
10.777215004	1	6160	12268	0.915316	118.76908826
7.91502904892	1	6170	12285	0.951147	161.717662953
13.2780737877	1	6180	12301	0.877007	96.3995245445
8.43217110634	1	6190	12324	0.666575	151.799576154
9.49436807632	1	6200	12341	0.76873	134.816766078
20.7878408432	1	6210	12361	0.903456	61.5744564168
7.6938521862	1	6220	12378	0.911215	166.366596215
16.7506577969	1	6230	12398	1.0103	76.4149095231
28.9948570728	1	6240	12420	0.944851	44.1457599458
15.0552060604	1	6250	12442	0.814826	85.0204238231
8.85114789009	1	6260	12458	0.841355	144.614011188
14.6007561684	1	6270	12487	1.03027	87.6666924124
16.3263728619	1	6280	12505	0.856734	78.4007575247
23.0079929829	1	6290	12528	0.969659	55.6328403331
8.89906811714	1	6300	12547	0.803362	143.835285128
15.1145880222	1	6310	12565	0.795986	84.6863968847
10.2019808292	1	6320	12577	0.880943	125.465830746
26.6672010422	1	6330	12593	1.02635	47.9990381434
7.99466395378	1	6340	12610	1.14164	160.106792155
16.1337211132	1	6350	12638	0.794593	79.3369360372
7.79836201668	1	6360	12655	1.06822	164.137032528
11.9785878658	1	6370	12676	0.804397	106.85733697
21.371680975	1	6380	12694	0.9672	59.8923407803
10.5419690609	1	6390	12712	0.974829	121.419441909
17.5040769577	1	6400	12735	1.02707	73.1258210926
7.89574718475	1	6410	12746	1.16149	162.112586694
11.9050400257	1	6420	12769	0.747552	107.517488159
12.4737899303	1	6430	12793	0.97312	102.615164048
8.16533088684	1	6440	12814	0.775834	156.760334362
17.8262610435	1	6450	12835	0.832482	71.8041768194
17.4721851349	1	6460	12856	0.822682	73.259296998
7.83612179756	1	6470	12871	0.962281	163.346108326
7.65338301659	1	6480	12888	0.928554	167.246301044
8.21701312065	1	6490	12905	0.889255	155.77436487
16.3629829884	1	6500	12925	0.89352	78.2253456421
8.51717305183	1	6510	12943	0.806439	150.284606431
15.9278569221	1	6520	12961	0.852744	80.3623492009
7.53034090996	1	6530	12981	0.941149	169.979024231
17.1025881767	1	6540	13002	0.790243	74.8424733598
17.1381518841	1	6550	13021	1.01449	74.6871663093
12.7947750092	1	6560	13038	0.726666	100.040836911
9.76456212997	1	6570	13061	0.748417	131.086267153
7.95826292038	1	6580	13074	1.01539	160.839119392
13.0965368748	1	6590	13099	0.870523	97.7357611588
12.4755210876	1	6600	13117	0.834355	102.600924723
9.34120106697	1	6610	13135	0.789022	137.027347
12.8895280361	1	6620	13157	1.01663	99.3054203702
9.14686894417	1	6630	13167	0.959002	139.938596236
12.366850853	1	6640	13186	0.930246	103.502501584
12.832100153	1	6650	13202	0.799502	99.7498449
31.8983860016	1	6660	13225	0.890547	40.127422119
13.195679903	1	6670	13246	1.00532	97.0014436093
16.4126181602	1	6680	13267	0.954766	77.9887759224
9.45301890373	1	6690	13286	0.812787	135.4064784
26.0695540905	1	6700	13306	0.845988	49.0994205561
14.0585010052	1	6710	13325	0.748288	91.0481138444
14.4322757721	1	6720	13352	0.839254	88.690101285
17.6570792198	1	6730	13375	1.05146	72.4921706509
12.9408738613	1	6740	13396	0.859141	98.9114037984
13.2928669453	1	6750	13423	0.983421	96.2922449514
9.42234396935	1	6760	13443	1.03989	135.847301283
15.236959219	1	6770	13471	0.699584	84.0062627723
13.0411579609	1	6780	13489	0.822938	98.1507933451
7.71464586258	1	6790	13513	0.912456	165.918179888
14.9422881603	1	6800	13534	0.73668	85.6629176379
18.4807269573	1	6810	13562	1.05782	69.2613446947
13.3273720741	1	6820	13581	0.895877	96.0429402646
8.99082684517	1	6830	13603	0.916036	142.367328616
11.996573925	1	6840	13621	0.836794	106.697129364
16.7743639946	1	6850	13648	0.969661	76.3069169366
14.1362640858	1	6860	13673	0.92969	90.5472614429
7.70346903801	1	6870	13693	1.01565	166.158907589
22.7851569653	1	6880	13715	0.75184	56.1769226322
24.9823150635	1	6890	13740	0.916395	51.2362443892
8.16602993011	1	6900	13761	0.757849	156.74691508
15.7362229824	1	6910	13791	0.80011	81.3409927802
7.679708004	1	6920	13807	0.774332	166.673003626
14.0158190727	1	6930	13833	1.08534	91.3253797982
7.83325886726	1	6940	13852	0.903067	163.405808705
16.1713900566	1	6950	13881	0.858025	79.1521319762
8.0450720787	1	6960	13898	0.873702	159.103608703
7.59118795395	1	6970	13916	0.858824	168.616560117
7.77772808075	1	6980	13931	1.24557	164.572480127
9.48956394196	1	6990	13950	1.00771	134.885017671
10.1265230179	1	7000	13970	0.973471	126.400739695
13.081182003	1	7010	13988	0.673894	97.8504847425
21.3494770527	1	7020	14008	0.916845	59.9546301224
21.6184258461	1	7030	14028	0.91857	59.2087513269
17.518460989	1	7040	14048	0.871672	73.0657790547
11.4612591267	1	7050	14069	0.739193	111.680574172
7.5885720253	1	7060	14079	0.872882	168.674685531
7.94461488724	1	7070	14098	1.13924	161.115424494
21.4593319893	1	7080	14114	0.810093	59.6477094739
7.66770100594	1	7090	14127	0.960774	166.934000036
20.5244431496	1	7100	14155	1.03567	62.3646639605
30.5063259602	1	7110	14170	0.869677	41.9585105618
11.5766210556	1	7120	14192	0.910685	110.567668567
9.04960799217	1	7130	14212	0.972793	141.442590785
8.68292999268	1	7140	14233	0.817712	147.41567663
7.70338487625	1	7150	14252	0.940203	166.160722924
12.8019380569	1	7160	14270	0.773047	99.9848612223
7.77254104614	1	7170	14285	0.980402	164.682308193
22.7017998695	1	7180	14303	1.00561	56.3831946082
13.0819721222	1	7190	14324	0.792485	97.8445748121
12.03697896	1	7200	14347	0.850428	106.338974609
12.5661380291	1	7210	14365	0.903507	101.861048879
27.4964079857	1	7220	14389	0.727545	46.5515350466
16.3374679089	1	7230	14411	0.888926	78.3475142623
8.63542914391	1	7240	14429	0.865981	148.226565081
11.5907688141	1	7250	14450	0.907683	110.43270904
18.7240431309	1	7260	14471	0.808822	68.3613037555
12.0448250771	1	7270	14496	1.23047	106.269704359
21.9743628502	1	7280	14518	0.971598	58.2496980107
7.61046409607	1	7290	14535	0.909441	168.189480148
21.1095600128	1	7300	14549	0.789788	60.6360340634
8.21860098839	1	7310	14568	0.833183	155.744268618
13.4028630257	1	7320	14588	0.893588	95.5019832366
10.9430990219	1	7330	14611	0.891977	116.968693917
7.81776380539	1	7340	14626	0.828977	163.729684327
13.5051031113	1	7350	14643	0.933517	94.7789875763
7.86638903618	1	7360	14660	0.99433	162.717607038
7.88198590279	1	7370	14680	0.913091	162.395621584
7.99697113037	1	7380	14699	1.02096	160.060600336
15.4485259056	1	7390	14715	0.78016	82.8558017652
15.0948700905	1	7400	14736	0.904954	84.7970199364
15.5832569599	1	7410	14761	0.878973	82.1394399959
13.768050909	1	7420	14774	0.984427	92.9688601863
7.84111809731	1	7430	14792	0.854689	163.24202545
20.9655280113	1	7440	14811	1.01097	61.0526002164
9.80816292763	1	7450	14827	0.826422	130.503541738
10.8854179382	1	7460	14846	0.985615	117.58850301
9.82778215408	1	7470	14868	0.896604	130.243017187
13.0230119228	1	7480	14894	0.919876	98.2875549515
7.75140500069	1	7490	14909	0.995239	165.131353592
23.3790838718	1	7500	14927	0.893786	54.7497928925
13.8552970886	1	7510	14955	0.81795	92.3834394754
7.87659692764	1	7520	14974	0.83471	162.5067287
8.61981320381	1	7530	14991	0.945784	148.495097253
7.66146492958	1	7540	15009	0.882094	167.069876553
16.0612318516	1	7550	15026	0.817181	79.6950079439
14.2111592293	1	7560	15046	0.706868	90.0700625015
10.0102889538	1	7570	15066	0.863698	127.868436756
10.052369833	1	7580	15089	0.723083	127.333158376
11.8836090565	1	7590	15114	0.976804	107.711385819
11.5236101151	1	7600	15135	0.907191	111.076302237
7.50540399551	1	7610	15149	0.860462	170.543784287
12.1402938366	1	7620	15169	0.844599	105.434021386
9.32290911674	1	7630	15194	1.10384	137.296200571
7.91965293884	1	7640	15215	1.07122	161.623244085
21.0196349621	1	7650	15235	0.904075	60.8954438224
33.2100980282	1	7660	15257	0.893442	38.5424938798
13.9940919876	1	7670	15275	0.911944	91.4671706555
8.97712802887	1	7680	15289	0.803851	142.584576702
7.99841809273	1	7690	15306	0.89721	160.031644403
9.90294289589	1	7700	15326	0.743805	129.254506812
15.2323150635	1	7710	15345	1.08651	84.0318753037
9.55161190033	1	7720	15367	0.919571	134.008794888
13.7529981136	1	7730	15384	0.894475	93.0706155432
7.73450994492	1	7740	15401	0.695779	165.492062085
8.12025499344	1	7750	15413	1.37808	157.630517888
13.3300309181	1	7760	15433	1.37674	96.0237832802
24.1120991707	1	7770	15458	0.959845	53.085382195
11.0745110512	1	7780	15480	0.934407	115.580723527
9.66881394386	1	7790	15498	0.920476	132.384386279
7.73933601379	1	7800	15514	0.921773	165.388865107
7.70789790154	1	7810	15528	0.918619	166.06343472
13.3155889511	1	7820	15551	1.06524	96.1279298047
7.69251418114	1	7830	15571	0.952205	166.395533354
14.3445339203	1	7840	15594	0.846327	89.2325959918
11.245169878	1	7850	15613	0.988456	113.826648587
7.85977602005	1	7860	15625	0.841927	162.854513505
8.82572507858	1	7870	15640	0.932857	145.030576933
7.89249300957	1	7880	15653	0.847802	162.179427774
10.7362890244	1	7890	15671	1.05462	119.221827681
13.6461119652	1	7900	15691	0.842023	93.79961144
10.0956509113	1	7910	15709	0.857823	126.787268225
12.0820190907	1	7920	15733	0.908244	105.942557316
8.57411503792	1	7930	15753	0.775843	149.286543782
10.3896698952	1	7940	15771	1.01276	123.199294387
13.4087660313	1	7950	15788	0.924727	95.4599399389
9.61535406113	1	7960	15802	0.583141	133.120423009
7.63463187218	1	7970	15817	0.9265	167.657068662
10.9012000561	1	7980	15833	0.869331	117.418265275
14.8301241398	1	7990	15853	0.930503	86.3108081858
8.72219395638	1	8000	15870	0.924183	146.752067932
8.00043201447	1	8010	15889	0.924083	159.991360177
13.6043770313	1	8020	15905	1.00099	94.0873659303
12.9162089825	1	8030	15923	0.843455	99.100285675
7.88962984085	1	8040	15942	0.907795	162.238283141
10.7926061153	1	8050	15960	1.00733	118.59971413
12.815664053	1	8060	15979	0.84251	99.8777741606
7.93527984619	1	8070	15995	0.84594	161.30496023
9.34592008591	1	8080	16010	1.01075	136.958158023
8.11179995537	1	8090	16029	0.912785	157.794818295
16.5223510265	1	8100	16051	0.942821	77.4708150156
11.4458220005	1	8110	16076	1.25058	111.831199187
17.1036760807	1	8120	16100	0.965997	74.8377128964
10.1605129242	1	8130	16121	0.751581	125.977892017
12.0452311039	1	8140	16135	0.996752	106.266122166
10.271021843	1	8150	16155	0.861406	124.622459145
14.6494150162	1	8160	16173	1.02768	87.3755026113
8.33703112602	1	8170	16190	0.75178	153.531872516
24.2037918568	1	8180	16215	0.783121	52.8842756364
10.6161940098	1	8190	16235	0.787035	120.570516969
12.6097280979	1	8200	16256	0.820801	101.50892946
10.121284008	1	8210	16272	0.82011	126.466167631
8.04884600639	1	8220	16290	0.896093	159.029008504
11.5014908314	1	8230	16310	1.07175	111.289920478
9.6556251049	1	8240	16324	0.824545	132.565213137
8.04698491096	1	8250	16346	1.04289	159.065788511
25.8000769615	1	8260	16366	0.946329	49.6122551072
25.9388921261	1	8270	16401	0.899377	49.3467490353
7.89392495155	1	8280	16417	0.987097	162.150008754
10.5213501453	1	8290	16439	0.837564	121.657390194
12.2861027718	1	8300	16458	0.92834	104.182752153
12.1311590672	1	8310	16477	0.78423	105.513413262
12.5326521397	1	8320	16491	0.823395	102.133210572
13.6599099636	1	8330	16506	0.906343	93.7048636053
7.96047687531	1	8340	16523	0.831485	160.794387076
11.1710190773	1	8350	16545	0.952021	114.582205181
9.09056210518	1	8360	16561	0.746406	140.80537432
9.96987199783	1	8370	16581	0.885189	128.38680379
7.79654788971	1	8380	16603	0.925419	164.175224485
17.9977989197	1	8390	16624	0.9849	71.1198078005
10.8086681366	1	8400	16644	1.08033	118.42347122
8.06649494171	1	8410	16664	1.03848	158.681063987
8.06964898109	1	8420	16679	0.996984	158.619043158
11.0049381256	1	8430	16698	0.836955	116.311421781
18.6253068447	1	8440	16725	0.72742	68.7236999998
7.4719171524	1	8450	16743	0.975398	171.30810927
8.17464280128	1	8460	16758	0.950086	156.581765236
19.0859811306	1	8470	16779	0.809377	67.0649306023
7.49119591713	1	8480	16801	0.742933	170.867243917
13.4941911697	1	8490	16824	0.911137	94.8556296483
14.8524448872	1	8500	16841	0.807236	86.1810974371
7.60228204727	1	8510	16860	0.904091	168.370496127
16.1392629147	1	8520	16888	0.862745	79.309693805
7.66672706604	1	8530	16907	0.964285	166.955206436
9.60220098495	1	8540	16925	0.749096	133.302771105
25.7289459705	1	8550	16944	0.78772	49.749414588
9.3056781292	1	8560	16962	0.942433	137.550426979
7.52053689957	1	8570	16980	0.823575	170.200614277
8.13370800018	1	8580	17001	1.06937	157.369799847
11.522865057	1	8590	17018	0.890872	111.08348433
7.78839588165	1	8600	17031	0.792635	164.34706446
15.6327011585	1	8610	17051	0.840978	81.8796436406
8.14939498901	1	8620	17071	0.939072	157.066874501
16.3685879707	1	8630	17091	0.849411	78.198559478
21.4131259918	1	8640	17112	1.23155	59.7764194022
21.6068658829	1	8650	17132	0.930843	59.2404288034
9.69040298462	1	8660	17152	1.11876	132.089449947
9.40086317062	1	8670	17175	0.806141	136.157709858
11.8917708397	1	8680	17194	0.798702	107.63745932
9.25290107727	1	8690	17209	0.73334	138.334992378
13.5829899311	1	8700	17224	0.889278	94.235511216
19.171708107	1	8710	17250	0.835695	66.7650473738
10.9073338509	1	8720	17268	0.790213	117.352234515
10.7295911312	1	8730	17288	0.847371	119.296251306
12.9556019306	1	8740	17313	0.662048	98.7989602378
7.67931413651	1	8750	17328	0.915614	166.681552186
10.0345637798	1	8760	17341	0.900983	127.559107509
19.7206451893	1	8770	17357	0.909955	64.9065985273
9.80389285088	1	8780	17376	0.838512	130.560382439
43.1661219597	1	8790	17396	0.836327	29.6528838332
24.6067280769	1	8800	17421	0.846942	52.0182933707
10.2983050346	1	8810	17436	0.793374	124.292298169
7.81965708733	1	8820	17456	0.906355	163.690042377
19.2975268364	1	8830	17488	0.975914	66.3297432283
7.89447808266	1	8840	17504	0.732726	162.138647622
8.92570304871	1	8850	17526	0.925638	143.406070426
7.72697401047	1	8860	17541	0.909045	165.653462567
14.9046049118	1	8870	17559	0.859945	85.8794988243
12.8935089111	1	8880	17585	0.789286	99.2747597898
15.0299170017	1	8890	17611	0.790821	85.1634776062
7.72852015495	1	8900	17631	0.898185	165.620322434
16.4839949608	1	8910	17655	0.762745	77.6510793072
9.89873099327	1	8920	17676	0.96193	129.309504508
9.08657503128	1	8930	17695	0.880513	140.867157933
20.2997870445	1	8940	17715	0.780524	63.0548486638
26.4198849201	1	8950	17739	0.790572	48.4483563751
10.5097830296	1	8960	17759	0.794391	121.79128688
15.2869699001	1	8970	17778	0.847175	83.7314398054
12.7334010601	1	8980	17794	0.909709	100.523025542
13.9326241016	1	8990	17822	0.895847	91.870705092
23.4162549973	1	9000	17847	0.818236	54.662882692
12.2052669525	1	9010	17866	0.986465	104.872757391
10.5368978977	1	9020	17887	0.775208	121.477878255
8.16994309425	1	9030	17911	0.991613	156.671837886
9.13105106354	1	9040	17929	0.973092	140.181014332
11.8021450043	1	9050	17946	0.834426	108.454861344
9.14405298233	1	9060	17965	1.23985	139.981691103
17.5563769341	1	9070	17990	0.924481	72.9079812314
20.1464910507	1	9080	18006	0.803424	63.5346372119
18.1688659191	1	9090	18025	0.998947	70.4501869131
17.8161599636	1	9100	18052	1.0196	71.844887036
16.0275039673	1	9110	18065	0.913919	79.8627161542
7.6739730835	1	9120	18085	0.821957	166.797561846
13.7892379761	1	9130	18105	0.876299	92.8260141874
11.3104839325	1	9140	18126	1.1375	113.169339848
13.3563981056	1	9150	18142	0.883699	95.8342204147
7.76150989532	1	9160	18154	1.00752	164.916365148
7.53877401352	1	9170	18170	0.884978	169.788880487
9.15543103218	1	9180	18186	1.01888	139.807726747
13.413875103	1	9190	18200	0.825714	95.4235811927
7.56683301926	1	9200	18223	0.798119	169.159276641
10.3222229481	1	9210	18240	0.82147	124.004296985
13.2149100304	1	9220	18263	0.730344	96.8602886481
7.99173784256	1	9230	18280	0.954778	160.165413983
8.97646903992	1	9240	18298	0.760749	142.595044255
9.44900012016	1	9250	18319	0.715183	135.464068549
7.71825790405	1	9260	18338	0.874192	165.840532399
8.0742559433	1	9270	18358	1.01082	158.528539223
28.1275761127	1	9280	18382	0.74616	45.5069428972
28.7357800007	1	9290	18408	0.903861	44.5437708658
11.6905770302	1	9300	18432	0.824143	109.489890593
28.24137187	1	9310	18453	0.859835	45.3235772642
10.4444310665	1	9320	18473	1.05587	122.553348464
27.8052000999	1	9330	18493	0.826195	46.0345545221
10.9156098366	1	9340	18521	0.895008	117.26326052
18.7225110531	1	9350	18542	0.841995	68.3668978147
17.7945530415	1	9360	18577	0.866554	71.9321242303
12.3233659267	1	9370	18603	0.808604	103.867726367
9.45902514458	1	9380	18619	0.975546	135.320498723
18.9766919613	1	9390	18638	0.870407	67.4511660205
19.8353309631	1	9400	18660	1.02614	64.5313154784
19.0221259594	1	9410	18681	0.839636	67.2900601506
24.6831390858	1	9420	18712	0.950733	51.8572615725
12.650621891	1	9430	18738	0.908674	101.180796567
18.0282981396	1	9440	18756	0.904764	70.9994914712
7.937281847	1	9450	18775	0.720335	161.264274682
7.7900531292	1	9460	18791	0.933516	164.312101442
13.7117278576	1	9470	18809	0.800492	93.3507442165
8.0000231266	1	9480	18820	1.00332	159.999537469
8.43836188316	1	9490	18833	0.889399	151.688208887
13.9010140896	1	9500	18846	0.851744	92.0796131671
8.18602800369	1	9510	18860	0.940405	156.363989889
16.3141539097	1	9520	18876	0.940341	78.4594780144
13.6708030701	1	9530	18904	0.874141	93.6301981266
11.2082059383	1	9540	18928	0.865465	114.202041526
28.6537511349	1	9550	18948	0.749375	44.671289074
9.84489583969	1	9560	18969	0.882727	130.016611739
13.810393095	1	9570	18994	0.712045	92.6838208872
20.6284608841	1	9580	19010	0.867821	62.0501940107
7.72977018356	1	9590	19028	0.900104	165.593538954
16.3783478737	1	9600	19051	0.959682	78.1519607394
10.8845441341	1	9610	19069	0.980951	117.597942939
7.73216295242	1	9620	19089	1.043	165.542294941
8.85420298576	1	9630	19111	0.837295	144.564112892
14.6867620945	1	9640	19131	0.844627	87.1533147854
10.1791629791	1	9650	19152	0.827522	125.747077891
14.4511067867	1	9660	19175	1.01197	88.5745305803
7.92230701447	1	9670	19194	0.859357	161.569098201
17.3106691837	1	9680	19213	0.919029	73.9428375884
9.04395389557	1	9690	19236	0.821419	141.531017825
14.0732209682	1	9700	19254	0.666829	90.9528815676
7.65066695213	1	9710	19270	0.811325	167.305675179
12.9104230404	1	9720	19294	0.902432	99.1446985119
8.06192708015	1	9730	19314	0.830734	158.77097216
13.2117259502	1	9740	19334	0.880238	96.8836323748
15.7406580448	1	9750	19357	0.755481	81.3180742734
11.2094929218	1	9760	19376	1.19893	114.188929769
13.1654360294	1	9770	19394	0.798936	97.2242770493
20.7274210453	1	9780	19413	0.873777	61.7539440726
7.67640709877	1	9790	19427	0.841924	166.744674107
10.2312958241	1	9800	19447	0.847353	125.106342541
10.5763289928	1	9810	19460	0.909831	121.024979543
11.8527841568	1	9820	19479	0.771283	107.991505039
13.8718810081	1	9830	19498	0.84798	92.2729945022
11.0444869995	1	9840	19521	0.749904	115.894925682
19.2350590229	1	9850	19544	1.0226	66.5451558259
14.7521569729	1	9860	19563	0.736133	86.7669726097
10.9163668156	1	9870	19582	0.975906	117.255129076
8.25666809082	1	9880	19604	0.792561	155.026214681
7.71181511879	1	9890	19624	0.775032	165.979082782
14.7569708824	1	9900	19647	0.74162	86.7386681318
11.0392329693	1	9910	19666	0.717011	115.950084898
10.0051469803	1	9920	19687	1.00425	127.934152544
16.2285330296	1	9930	19707	0.861048	78.8734260619
11.2343051434	1	9940	19731	0.85107	113.936730725
7.9856698513	1	9950	19751	0.88571	160.287117278
7.79382300377	1	9960	19767	0.796123	164.232623628
14.9522230625	1	9970	19793	1.01046	85.6059994991
7.8290040493	1	9980	19813	0.817883	163.494614633
14.2612099648	1	9990	19832	0.734974	89.7539551808
7.94956183434	1	10000	19850	0.81784	161.015163688
11.5225851536	1	10010	19866	0.992671	111.086182739
6.15658092499	1	10020	19880	0.813024	207.907605795
11.2584350109	1	10030	19895	0.76476	113.692533532
4.54639291763	1	10040	19906	0.828556	281.541877966
14.0497190952	1	10050	19927	0.869031	91.10502433
20.9919309616	1	10060	19953	0.912942	60.9758102931
10.7737240791	1	10070	19973	0.913433	118.807572071
5.77871704102	1	10080	19983	0.772896	221.502453038
3.19718289375	1	10090	19993	0.759465	400.352448557
Training elapsed time: 12844.4725831 s
