Duration	Worker	LocalStep	GlobalStep	Loss	ExamplesPerSec
22.6254370213	0	10	11	4.63247	56.5734928699
22.6252548695	0	20	35	4.36835	56.5739483327
9.30786514282	0	30	57	4.27225	137.518107575
20.6730108261	0	40	77	4.22597	61.9164770321
9.10173606873	0	50	97	4.02832	140.632511241
8.39127612114	0	60	116	4.18036	152.539373216
10.5798969269	0	70	135	4.25762	120.984165427
14.9050679207	0	80	157	4.01298	85.8768310759
19.3988909721	0	90	194	3.93887	65.9831534616
13.4345691204	0	100	219	3.76298	95.2765949193
10.1741969585	0	110	237	3.76512	125.808454978
9.19049191475	0	120	256	3.78232	139.27437311
8.04452896118	0	130	270	3.63705	159.114350408
8.09072518349	0	140	285	3.58305	158.205843231
7.93097782135	0	150	305	3.53802	161.392457378
18.6513311863	0	160	334	3.90909	68.6278093084
21.9038100243	0	170	356	3.53998	58.4373220267
12.385904789	0	180	381	3.40239	103.343277848
10.2251000404	0	190	400	3.28733	125.182149313
8.6041560173	0	200	413	3.46821	148.765317299
14.6818940639	0	210	435	3.52789	87.1822119425
9.14102387428	0	220	456	3.27509	140.028077555
7.7225060463	0	230	474	3.16475	165.749303701
7.72866106033	0	240	488	3.22777	165.617302921
10.3455359936	0	250	504	3.47312	123.724860732
11.0239450932	0	260	528	3.2082	116.110883099
8.65830492973	0	270	541	3.10267	147.834941179
14.6039118767	0	280	560	3.09913	87.647748823
28.6822960377	0	290	592	2.99987	44.6268317682
8.49283218384	0	300	613	3.1379	150.715329385
9.60790991783	0	310	633	2.97069	133.223563808
16.0207960606	0	320	656	3.03195	79.8961546705
11.2185590267	0	330	676	3.18279	114.096649753
13.4049589634	0	340	703	2.95393	95.4870509858
13.5949468613	0	350	718	2.86884	94.1526298751
8.1525080204	0	360	741	2.68584	157.006898588
7.80077600479	0	370	760	3.09102	164.086239525
23.33553195	0	380	792	2.73599	54.8519743515
7.87173700333	0	390	808	2.74612	162.607058577
7.933822155	0	400	828	2.88381	161.334596994
7.5400428772	0	410	846	2.8094	169.760307845
10.7338430882	0	420	862	2.97951	119.24899493
16.3388209343	0	430	890	2.72844	78.3410262679
8.68556213379	0	440	904	2.73427	147.371002623
8.12628698349	0	450	922	3.08596	157.513511718
8.61144995689	0	460	939	2.63548	148.639312358
10.1774120331	0	470	958	2.69249	125.768711716
7.69720101357	0	480	976	2.65219	166.294214968
11.4903929234	0	490	996	2.59846	111.397408995
11.2591540813	0	500	1019	2.7042	113.685272513
21.1592578888	0	510	1037	2.5398	60.4936149806
7.55873799324	0	520	1055	2.40035	169.340437669
14.0959219933	0	530	1076	2.58399	90.806404903
8.03223013878	0	540	1096	2.31533	159.357983758
8.58249783516	0	550	1115	2.40192	149.14073089
13.413175106	0	560	1141	2.6769	95.4285610886
7.83298897743	0	570	1159	2.24488	163.41143894
10.5228378773	0	580	1175	2.57033	121.640190121
10.367013216	0	590	1191	2.22252	123.468541356
7.80739688873	0	600	1205	2.37769	163.947089951
9.52593588829	0	610	1224	2.64648	134.369999443
7.77016210556	0	620	1242	2.27661	164.732727916
19.9289019108	0	630	1262	2.37025	64.2283255611
11.859142065	0	640	1286	2.57432	107.93360877
15.916697979	0	650	1307	2.14135	80.4186899626
11.6915819645	0	660	1329	2.1806	109.480479535
10.0816030502	0	670	1344	2.134	126.963935559
8.77413392067	0	680	1363	2.40841	145.883344336
7.66517400742	0	690	1378	2.51814	166.989033616
8.44153404236	0	700	1398	1.89631	151.631207501
11.4613580704	0	710	1417	2.10925	111.679610055
7.71709394455	0	720	1432	1.99546	165.865545916
16.3239121437	0	730	1456	2.21796	78.4125759029
7.71659398079	0	740	1474	2.19085	165.876292466
9.49723982811	0	750	1495	1.97802	134.776000519
7.59058308601	0	760	1513	2.01231	168.629996602
11.0749280453	0	770	1534	1.89306	115.576371672
11.4973800182	0	780	1555	1.88951	111.329711462
8.10212492943	0	790	1572	2.0865	157.983246512
15.0260410309	0	800	1591	1.79174	85.1854455454
18.9289579391	0	810	1620	2.07605	67.6212607221
22.2588131428	0	820	1649	2.10589	57.505312246
20.3523328304	0	830	1681	2.26275	62.8920532435
11.414427042	0	840	1695	1.82638	112.138786756
7.74409103394	0	850	1710	1.65251	165.287313177
19.7077019215	0	860	1727	1.72709	64.9492267085
7.93247413635	0	870	1745	2.06604	161.362013667
9.50138401985	0	880	1768	2.0373	134.717215653
16.1902580261	0	890	1791	1.85244	79.0598888501
10.0923819542	0	900	1815	2.08372	126.828335056
8.2035639286	0	910	1830	2.47349	156.029746478
7.33734512329	0	920	1848	1.93449	174.450019522
7.69972681999	0	930	1868	2.11099	166.239664072
10.6637599468	0	940	1887	1.92261	120.032709512
17.9582490921	0	950	1905	1.83304	71.2764364407
7.73239612579	0	960	1922	1.76053	165.537302949
8.62765479088	0	970	1934	1.76903	148.36013158
8.86837816238	0	980	1947	1.74963	144.33304225
7.41565585136	0	990	1959	1.75441	172.607794328
7.73810911179	0	1000	1978	1.7212	165.415088041
9.81568908691	0	1010	1998	1.82165	130.403478418
8.99940800667	0	1020	2016	1.71236	142.231577794
13.0397219658	0	1030	2043	1.65565	98.161602169
8.96557402611	0	1040	2063	1.8082	142.76832652
18.6934759617	0	1050	2081	1.80588	68.4730866867
13.2172758579	0	1060	2104	1.75633	96.8429511315
8.14595103264	0	1070	2121	1.55377	157.13327945
10.4167439938	0	1080	2144	1.74218	122.879087819
7.84197711945	0	1090	2160	1.64098	163.22414367
7.65528583527	0	1100	2176	1.48903	167.204729849
18.0934371948	0	1110	2199	1.60408	70.7438827801
10.5156497955	0	1120	2224	1.6776	121.723338537
31.7981760502	0	1130	2248	1.7637	40.2538811654
7.65876507759	0	1140	2267	1.71686	167.12877168
9.96691298485	0	1150	2283	1.59489	128.424919726
8.0795788765	0	1160	2298	1.57962	158.424098529
10.4418611526	0	1170	2317	1.42467	122.58351086
11.0284650326	0	1180	2340	1.56967	116.063295864
7.95450687408	0	1190	2356	1.38847	160.915066171
12.3426821232	0	1200	2379	1.68307	103.705174226
13.3407819271	0	1210	2398	1.6399	95.9464000681
9.27281188965	0	1220	2415	1.30968	138.037956041
12.157430172	0	1230	2434	1.59189	105.285408338
17.2664809227	0	1240	2449	1.4829	74.1320715976
7.66482710838	0	1250	2461	1.37959	166.9965913
7.90845394135	0	1260	2472	1.48878	161.852115406
7.57766103745	0	1270	2491	1.4091	168.917558291
8.54907798767	0	1280	2511	1.67441	149.723748204
8.09466600418	0	1290	2529	1.511	158.128822034
7.56098198891	0	1300	2544	1.52024	169.290179752
7.49311995506	0	1310	2562	1.4997	170.823369661
11.4949018955	0	1320	2580	1.28174	111.353712423
7.51629805565	0	1330	2593	1.32515	170.296599539
8.79816102982	0	1340	2611	1.29116	145.484948009
16.6150789261	0	1350	2637	1.70937	77.038454388
10.0589439869	0	1360	2657	1.49213	127.249938131
19.1875741482	0	1370	2674	1.6076	66.7098399264
7.73567795753	0	1380	2687	1.30533	165.467074383
11.6599280834	0	1390	2702	1.43296	109.777692525
11.2090218067	0	1400	2717	1.40257	114.193729129
7.22480916977	0	1410	2734	1.53177	177.167309187
14.0866758823	0	1420	2760	1.28302	90.8660077574
10.1635890007	0	1430	2778	1.45909	125.939763986
11.6981339455	0	1440	2802	1.33147	109.419160865
7.79964804649	0	1450	2821	1.51914	164.109969113
7.97004413605	0	1460	2840	1.57169	160.601369095
9.96804785728	0	1470	2860	1.30862	128.410298418
9.3113181591	0	1480	2878	1.25299	137.467110255
16.7063188553	0	1490	2898	1.37597	76.6177163915
9.13646912575	0	1500	2917	1.33038	140.097884903
12.9237699509	0	1510	2934	1.16111	99.0423076909
8.65574502945	0	1520	2957	1.39026	147.878662743
14.3374750614	0	1530	2981	1.28589	89.2765284345
14.0885848999	0	1540	3001	1.38863	90.853695321
15.8070070744	0	1550	3024	1.51424	80.9767461974
10.240238905	0	1560	3046	1.18554	124.997083748
7.4900829792	0	1570	3064	1.47072	170.892632772
7.16199707985	0	1580	3083	1.42396	178.721100516
10.2842140198	0	1590	3104	1.4687	124.462598458
9.65957593918	0	1600	3120	1.17878	132.510993035
12.2937479019	0	1610	3144	1.33858	104.11796388
9.88648915291	0	1620	3161	1.26856	129.469620631
7.41172289848	0	1630	3177	1.34015	172.699386841
16.9256839752	0	1640	3203	1.37227	75.6247134162
9.74286103249	0	1650	3222	1.41555	131.37824667
15.1233620644	0	1660	3237	1.28915	84.6372648193
10.8978629112	0	1670	3261	1.3545	117.45422111
10.6181311607	0	1680	3279	1.21748	120.548520321
7.66310596466	0	1690	3298	1.36242	167.034098955
7.38130092621	0	1700	3316	1.16239	173.411165971
7.80252599716	0	1710	3333	1.19153	164.049437383
12.3507370949	0	1720	3358	1.27352	103.637539215
7.53998494148	0	1730	3370	1.42185	169.761612249
10.0110359192	0	1740	3393	1.1693	127.858895956
11.4598491192	0	1750	3415	1.18006	111.694315229
16.818723917	0	1760	3437	1.34369	76.1056550019
8.58385300636	0	1770	3453	1.32847	149.117185377
9.18684411049	0	1780	3472	1.09238	139.329674544
11.1261668205	0	1790	3493	1.18407	115.044113633
24.1748840809	0	1800	3526	1.28353	52.947513449
13.2558479309	0	1810	3546	1.43172	96.5611560024
9.29576015472	0	1820	3564	1.14361	137.697184382
11.7907669544	0	1830	3583	1.17187	108.559519915
7.68511486053	0	1840	3599	1.08419	166.555740965
10.9664080143	0	1850	3613	1.12975	116.720078109
7.97172403336	0	1860	3628	1.29581	160.567525249
8.67420315742	0	1870	3644	1.25541	147.563986774
18.4879319668	0	1880	3659	1.27714	69.2343525658
9.55547499657	0	1890	3679	1.15294	133.954617689
7.7599170208	0	1900	3699	1.31534	164.950217453
7.1342959404	0	1910	3718	1.51307	179.415041189
10.9708929062	0	1920	3739	1.13381	116.672363038
7.38179206848	0	1930	3756	0.923027	173.399628183
9.23438096046	0	1940	3775	1.11958	138.612431681
12.898455143	0	1950	3795	1.21921	99.2366904262
7.83952689171	0	1960	3807	1.34544	163.275159035
9.04584693909	0	1970	3828	1.10536	141.501399329
11.0546660423	0	1980	3847	1.1789	115.788210616
7.45634913445	0	1990	3863	1.36831	171.665781325
12.160779953	0	2000	3884	1.37021	105.256406657
7.6662979126	0	2010	3901	1.26424	166.96455246
8.65759301186	0	2020	3922	1.13069	147.847097715
23.1179599762	0	2030	3957	1.18286	55.3682072864
16.6242289543	0	2040	3980	1.32696	76.9960521789
24.0113890171	0	2050	4014	1.13832	53.3080364109
10.3258709908	0	2060	4033	1.10351	123.960487318
7.50601696968	0	2070	4050	0.924052	170.529856936
14.6977050304	0	2080	4068	1.21437	87.08842621
11.8071510792	0	2090	4088	1.39871	108.408877926
12.2914469242	0	2100	4102	1.26291	104.137454922
10.3742229939	0	2110	4117	1.30911	123.382734375
20.5676109791	0	2120	4141	1.17642	62.2337714041
14.9927051067	0	2130	4167	1.13529	85.3748533629
12.3526768684	0	2140	4188	1.33683	103.621264737
15.4811620712	0	2150	4211	1.06813	82.6811316948
17.9202101231	0	2160	4235	1.04314	71.4277338943
8.13457393646	0	2170	4253	1.08856	157.353047621
8.96158409119	0	2180	4269	1.10648	142.831890766
14.8001079559	0	2190	4291	1.07363	86.485855631
8.78770494461	0	2200	4312	1.0272	145.658053845
16.6172759533	0	2210	4333	1.21109	77.028268869
11.5958499908	0	2220	4361	1.08444	110.384318615
10.7655861378	0	2230	4382	1.36672	118.897381306
8.82861495018	0	2240	4401	1.08957	144.983104057
9.41503787041	0	2250	4416	1.11032	135.952719216
8.14069914818	0	2260	4432	1.00763	157.234652295
13.2251608372	0	2270	4451	1.08179	96.7852123509
7.57494616508	0	2280	4469	0.912055	168.978098604
13.0065920353	0	2290	4488	1.09666	98.4116359248
13.1633269787	0	2300	4506	1.11659	97.2398544891
7.66338181496	0	2310	4524	1.09692	167.028086412
11.379199028	0	2320	4546	1.07452	112.485948866
11.0310881138	0	2330	4570	1.25675	116.035697186
17.9172570705	0	2340	4589	0.916939	71.4395063352
11.6372189522	0	2350	4606	1.06877	109.991915187
8.59741401672	0	2360	4620	1.0939	148.881977477
7.63894701004	0	2370	4636	1.15778	167.562361451
11.2568888664	0	2380	4656	0.967687	113.708149311
7.34803199768	0	2390	4674	1.09976	174.196301867
14.9452619553	0	2400	4700	1.18599	85.6458725067
13.7937071323	0	2410	4725	1.29979	92.7959385914
11.5962998867	0	2420	4747	1.02417	110.38003609
19.355533123	0	2430	4766	1.03802	66.1309606852
11.2862188816	0	2440	4788	0.943714	113.412650723
10.7940871716	0	2450	4804	0.977949	118.583441069
9.56111478806	0	2460	4822	0.881327	133.875602205
20.4965012074	0	2470	4840	1.15277	62.4496828532
13.1610867977	0	2480	4869	1.10654	97.256405924
13.2654340267	0	2490	4890	0.940578	96.4913773211
10.9995779991	0	2500	4909	0.9637	116.368100676
9.42676210403	0	2510	4930	1.12383	135.783632373
9.58364486694	0	2520	4949	0.996992	133.560875614
14.6024010181	0	2530	4972	1.06346	87.656817424
7.4985101223	0	2540	4990	0.936134	170.700576398
12.5533459187	0	2550	5008	1.25536	101.964847324
11.2581040859	0	2560	5029	0.999098	113.695875454
11.5700058937	0	2570	5048	1.18551	110.630885737
12.220965147	0	2580	5070	1.0897	104.738045204
7.90250396729	0	2590	5089	1.0248	161.973977526
33.908069849	0	2600	5115	0.95537	37.7491259662
8.41330718994	0	2610	5138	1.15886	152.139933929
7.23854494095	0	2620	5156	1.0252	176.831118746
7.17910289764	0	2630	5171	1.12197	178.295257534
8.99092698097	0	2640	5190	0.983086	142.365743011
7.23908209801	0	2650	5207	1.23711	176.817997457
10.9296779633	0	2660	5218	0.871796	117.112325203
11.788077116	0	2670	5239	0.943873	108.584291348
7.38318991661	0	2680	5256	1.12705	173.366798695
8.50661706924	0	2690	5277	1.03935	150.471096745
8.32424402237	0	2700	5296	1.21226	153.767717112
11.9967308044	0	2710	5318	1.11393	106.695734102
7.71958518028	0	2720	5338	1.01923	165.812018406
9.59536600113	0	2730	5356	1.19862	133.397725511
7.72319889069	0	2740	5376	0.873729	165.734434412
13.9143190384	0	2750	5396	0.903258	91.9915661319
8.75204706192	0	2760	5415	1.01162	146.251498757
7.44239497185	0	2770	5427	0.796608	171.9876471
9.72502708435	0	2780	5448	0.935553	131.619170713
15.1566228867	0	2790	5473	1.26042	84.4515305007
20.8885860443	0	2800	5495	0.850839	61.2774841382
15.4547998905	0	2810	5518	1.01772	82.8221658687
10.4017701149	0	2820	5540	1.13931	123.055978536
10.0914759636	0	2830	5561	1.04202	126.839721426
11.1515939236	0	2840	5580	1.00377	114.7817979
10.3580400944	0	2850	5599	1.09841	123.575501575
7.65726685524	0	2860	5615	1.05759	167.161472128
8.7192800045	0	2870	5628	1.01522	146.801111943
11.5269970894	0	2880	5650	1.16293	111.043664718
10.8584799767	0	2890	5670	1.26399	117.880219216
8.73716497421	0	2900	5685	0.96572	146.500610184
11.1344380379	0	2910	5707	0.846612	114.958653113
10.7271869183	0	2920	5729	1.03488	119.32298838
10.2836911678	0	2930	5751	1.30905	124.468926489
9.88462805748	0	2940	5770	0.910984	129.493997403
11.8537738323	0	2950	5787	0.843081	107.982488793
9.45233297348	0	2960	5805	1.09463	135.416304482
16.3072659969	0	2970	5833	1.01978	78.492617968
10.4617781639	0	2980	5853	1.13309	122.350137801
10.5788629055	0	2990	5876	0.922874	120.995990915
12.6207520962	0	3000	5898	1.16032	101.420263249
8.01017189026	0	3010	5914	0.888719	159.796820535
8.52236104012	0	3020	5935	0.80226	150.193120659
18.4367671013	0	3030	5962	1.00863	69.4264885469
7.30571579933	0	3040	5981	0.960913	175.205282433
17.2417011261	0	3050	6008	1.02547	74.238614313
11.1959750652	0	3060	6029	1.23372	114.326799814
14.8506298065	0	3070	6048	1.41699	86.1916307036
11.247038126	0	3080	6070	1.02386	113.807740817
7.86993098259	0	3090	6084	0.903514	162.644374243
19.1242029667	0	3100	6106	1.05189	66.9308939164
10.8079030514	0	3110	6135	1.06327	118.431854349
9.01295900345	0	3120	6153	0.932528	142.017732413
7.62999987602	0	3130	6172	0.887197	167.758849384
7.25470399857	0	3140	6184	0.822742	176.43724682
7.31685113907	0	3150	6197	0.893316	174.938641729
12.0363368988	0	3160	6215	1.12508	106.34464711
12.97498703	0	3170	6243	1.01229	98.6513510216
7.85754990578	0	3180	6264	1.03201	162.900651647
7.97840309143	0	3190	6283	1.13789	160.433107394
7.44292402267	0	3200	6301	1.13543	171.975422039
7.65137791634	0	3210	6320	1.03497	167.290129176
14.7653470039	0	3220	6345	1.0133	86.6894628117
11.4365911484	0	3230	6367	1.09192	111.921461858
8.13150382042	0	3240	6388	1.38425	157.412457556
18.4329340458	0	3250	6411	0.860647	69.4409255098
7.45708012581	0	3260	6427	0.886646	171.648953532
12.803344965	0	3270	6450	0.976178	99.9738742884
10.9896290302	0	3280	6469	1.12704	116.473449329
10.2452888489	0	3290	6492	1.16627	124.935472184
17.9596920013	0	3300	6512	0.856071	71.2707099823
9.3670361042	0	3310	6533	0.854193	136.649414581
9.44967007637	0	3320	6555	1.04044	135.454464511
7.62414193153	0	3330	6572	0.926306	167.887745466
15.5646848679	0	3340	6595	0.942224	82.2374504121
13.7885420322	0	3350	6619	1.15297	92.8306993594
7.58217811584	0	3360	6639	0.881854	168.816925749
15.8735358715	0	3370	6658	0.95403	80.6373583278
7.47273206711	0	3380	6673	0.91869	171.289427816
7.76358008385	0	3390	6687	1.07712	164.872389565
11.7854099274	0	3400	6706	0.948484	108.608865359
7.67812299728	0	3410	6723	0.987562	166.70741019
7.77335691452	0	3420	6741	1.02951	164.665023628
18.0783350468	0	3430	6766	0.872773	70.8029802904
13.4909760952	0	3440	6793	1.1006	94.8782349748
9.52225804329	0	3450	6809	0.767866	134.42189806
8.25081586838	0	3460	6826	1.1074	155.136173249
14.6513550282	0	3470	6845	1.07574	87.3639330656
21.5633399487	0	3480	6876	0.995608	59.3600065225
7.34151601791	0	3490	6891	0.723887	174.350910204
12.2367379665	0	3500	6915	1.00592	104.603040737
10.8526091576	0	3510	6934	1.19483	117.943987609
12.3381810188	0	3520	6960	0.800101	103.743007016
13.7517769337	0	3530	6978	1.03464	93.0788803639
14.2812640667	0	3540	6999	1.12323	89.6279204713
14.1895759106	0	3550	7023	0.855872	90.2070652476
17.5950570107	0	3560	7047	1.01833	72.7477040413
17.6225600243	0	3570	7075	0.86338	72.6341688289
11.7488548756	0	3580	7088	0.97959	108.946787883
8.27272510529	0	3590	7106	0.926944	154.725315263
7.67600989342	0	3600	7124	0.962627	166.753302533
9.93431997299	0	3610	7145	0.979278	128.846262601
7.38589406013	0	3620	7162	0.952741	173.303325173
11.0764231682	0	3630	7186	1.13619	115.560770888
7.61820578575	0	3640	7205	0.790166	168.018564475
17.4863271713	0	3650	7230	1.12536	73.20004867
7.35236692429	0	3660	7248	0.862635	174.093596413
16.7757790089	0	3670	7270	1.06756	76.3004805514
19.6669979095	0	3680	7306	1.11555	65.083649568
9.36349916458	0	3690	7319	0.969695	136.701032114
8.66239881516	0	3700	7339	1.18077	147.765073776
7.24280118942	0	3710	7356	1.04229	176.72720354
8.85211181641	0	3720	7374	1.18658	144.598263843
12.4473872185	0	3730	7399	0.816744	102.832825679
11.948912859	0	3740	7417	1.09642	107.122716109
15.1298661232	0	3750	7436	1.02929	84.600880773
7.2784538269	0	3760	7451	0.881679	175.861526423
8.21724104881	0	3770	7464	0.905467	155.770044033
24.1763710976	0	3780	7497	0.899647	52.9442568049
17.6662709713	0	3790	7518	0.971633	72.4544530127
16.1696209908	0	3800	7547	1.17488	79.1607917546
7.53106403351	0	3810	7567	1.22791	169.962703053
9.01883101463	0	3820	7583	0.965958	141.925267024
7.37154984474	0	3830	7602	0.909084	173.640554152
12.7818450928	0	3840	7622	0.857607	100.142036671
7.5209300518	0	3850	7638	0.879654	170.191717139
10.4145438671	0	3860	7655	0.831088	122.905046667
14.9895319939	0	3870	7679	1.02388	85.392926245
11.5401060581	0	3880	7702	0.924265	110.917524809
7.62986302376	0	3890	7720	0.766376	167.761858373
8.93579101562	0	3900	7740	0.904042	143.244173656
7.34111094475	0	3910	7759	0.899755	174.360530665
9.59014701843	0	3920	7778	1.07735	133.470320897
19.0002651215	0	3930	7798	0.876199	67.3674810229
12.6212739944	0	3940	7820	1.02874	101.416069453
7.41124796867	0	3950	7839	0.773404	172.710453814
14.2210969925	0	3960	7860	0.823418	90.0071211578
14.2924039364	0	3970	7881	1.08216	89.5580621495
23.3194179535	0	3980	7912	0.830137	54.8898777213
7.73054504395	0	3990	7928	0.976824	165.576940917
21.3543009758	0	4000	7957	0.925002	59.9410864093
18.103167057	0	4010	7979	0.917307	70.705860249
7.49710988998	0	4020	7997	0.983979	170.732458078
21.3875350952	0	4030	8027	0.91877	59.8479438749
14.6387820244	0	4040	8048	0.893375	87.4389684789
7.59576296806	0	4050	8065	1.00853	168.515000452
18.8303880692	0	4060	8084	0.828112	67.9752321248
7.41117286682	0	4070	8106	1.00103	172.712203993
7.44543194771	0	4080	8125	1.07642	171.917493705
19.9658060074	0	4090	8152	1.1743	64.1096081734
9.77207016945	0	4100	8166	0.929045	130.985551455
7.54990792274	0	4110	8179	1.01255	169.538491475
8.69396209717	0	4120	8199	0.995319	147.228615181
13.2623989582	0	4130	8225	1.04932	96.5134591437
18.2109239101	0	4140	8244	1.116	70.2874827393
7.93504595757	0	4150	8261	0.852545	161.309714757
7.58223819733	0	4160	8280	0.978476	168.815588048
8.21379089355	0	4170	8300	1.05356	155.835474337
7.27768206596	0	4180	8319	0.735218	175.880175638
7.8419508934	0	4190	8331	0.901781	163.224689545
20.6496360302	0	4200	8357	0.932438	61.9865647088
7.69849896431	0	4210	8369	1.02674	166.266178113
10.8389489651	0	4220	8392	0.871724	118.092630948
7.37796211243	0	4230	8407	0.948085	173.489641244
10.0930960178	0	4240	8424	0.803198	126.819362239
8.35530805588	0	4250	8440	0.937248	153.196027177
12.1065599918	0	4260	8457	0.892808	105.72780384
7.41827583313	0	4270	8471	0.86276	172.546832821
8.66143703461	0	4280	8486	1.00905	147.781481859
7.50234007835	0	4290	8502	0.970604	170.613433493
11.6024329662	0	4300	8517	0.691142	110.321688884
10.0539219379	0	4310	8536	0.937316	127.31350093
12.4324090481	0	4320	8555	0.963965	102.956715392
7.71365904808	0	4330	8571	0.997323	165.939405932
14.0937929153	0	4340	8587	0.856532	90.8201225666
8.30221199989	0	4350	8604	0.912814	154.175778698
7.3580019474	0	4360	8621	0.933821	173.960269262
20.5155360699	0	4370	8647	0.886949	62.3917403689
7.48311400414	0	4380	8663	1.00873	171.051783962
11.5568330288	0	4390	8687	0.704999	110.756986521
8.25693488121	0	4400	8706	1.08385	155.021205619
8.72447800636	0	4410	8727	1.05093	146.713648549
7.24617004395	0	4420	8742	0.980719	176.645040378
16.7983500957	0	4430	8765	0.948735	76.1979594844
11.0314478874	0	4440	8789	0.763255	116.031912861
12.9729959965	0	4450	8807	1.14022	98.6664915605
15.3240289688	0	4460	8830	1.05697	83.5289467675
9.54607009888	0	4470	8843	1.03999	134.086591314
19.7473258972	0	4480	8868	1.01579	64.8189029068
7.89809608459	0	4490	8891	1.06418	162.064374286
21.3680579662	0	4500	8918	1.04011	59.9024956794
22.3318350315	0	4510	8946	0.99038	57.3172781455
7.58939409256	0	4520	8965	0.859816	168.656415043
8.76040697098	0	4530	8981	0.805996	146.111933411
7.21459007263	0	4540	8995	0.936718	177.418257602
10.7824039459	0	4550	9011	0.898649	118.711931627
9.86577987671	0	4560	9029	0.849142	129.741390543
17.0818850994	0	4570	9055	0.958614	74.9331817039
18.595318079	0	4580	9085	0.827408	68.8345310665
20.6957638264	0	4590	9119	1.05305	61.8484058254
9.42316102982	0	4600	9135	1.09982	135.835522279
20.1341230869	0	4610	9160	0.901843	63.5736651889
9.0020608902	0	4620	9180	1.02379	142.189662524
7.24187612534	0	4630	9193	0.89938	176.749778351
11.6416540146	0	4640	9217	0.822058	109.95001212
14.1687920094	0	4650	9242	0.957564	90.339388083
10.8539288044	0	4660	9264	1.19645	117.929647694
10.423459053	0	4670	9286	0.817601	122.799925964
10.3580169678	0	4680	9309	1.06092	123.575777485
8.17714309692	0	4690	9327	1.0017	156.533887793
7.45907688141	0	4700	9345	1.01925	171.603004011
11.1860730648	0	4710	9361	0.825344	114.428002802
11.8198099136	0	4720	9374	1.06767	108.292773687
12.3546440601	0	4730	9399	0.866155	103.604765444
9.97081112862	0	4740	9420	1.03227	128.374711294
19.511590004	0	4750	9437	1.02075	65.6020344698
11.996901989	0	4760	9459	0.814801	106.694211654
12.8489789963	0	4770	9480	0.876692	99.6188102083
7.64557290077	0	4780	9493	0.801328	167.417146709
7.60791897774	0	4790	9510	0.846565	168.245745485
30.60988307	0	4800	9551	0.837272	41.8165596083
16.0649700165	0	4810	9574	1.35251	79.6764636776
14.9651069641	0	4820	9592	0.834383	85.5322987714
13.2467019558	0	4830	9612	0.995658	96.6278251199
9.40438199043	0	4840	9635	0.911228	136.106763985
7.66778612137	0	4850	9651	0.932956	166.932147003
15.5768709183	0	4860	9670	1.02719	82.1731146593
7.89749193192	0	4870	9687	0.833642	162.076772099
11.5571990013	0	4880	9706	0.93068	110.753479269
8.24682402611	0	4890	9724	0.792404	155.211266294
7.46220803261	0	4900	9739	1.05101	171.53099919
8.9210870266	0	4910	9754	0.947927	143.480272772
7.51613593102	0	4920	9771	0.877756	170.300272873
9.93432211876	0	4930	9790	0.882796	128.846234771
9.83188295364	0	4940	9807	0.922306	130.188693868
11.6072449684	0	4950	9827	1.02935	110.275952949
10.8545949459	0	4960	9842	0.91368	117.922410406
18.5114321709	0	4970	9869	0.819165	69.1464597761
10.8451089859	0	4980	9890	0.917093	118.025554346
7.6827750206	0	4990	9907	0.803764	166.606466618
17.533949852	0	5000	9931	0.842262	73.0012353637
7.21176195145	0	5010	9946	0.65376	177.487832879
2.75497913361	0	5020	9959	0.845848	464.613319348
9.66600608826	0	5030	9978	0.802992	132.422842311
10.6633958817	0	5040	9996	0.898413	120.036807618
3.27024698257	0	5050	10007	0.857208	391.407745904
2.66895294189	0	5060	10017	0.95396	479.588822983
9.50620698929	0	5070	10037	0.823105	134.648866939
2.73294210434	0	5080	10049	1.00973	468.359720452
6.34030294418	0	5090	10062	0.82994	201.883097901
9.31951594353	0	5100	10081	0.876666	137.346189197
4.33195304871	0	5110	10095	0.81777	295.478733405
2.86397695541	0	5120	10111	0.849418	446.93097044
7.68995499611	0	5130	10132	0.758821	166.450909095
3.44361114502	0	5140	10150	0.806972	371.70282767
7.32698488235	0	5150	10168	0.776034	174.696689095
2.33335709572	0	5160	10179	0.899487	548.565842043
7.11805486679	0	5170	10204	0.798124	179.824407644
4.94597005844	0	5180	10219	0.923952	258.796552522
2.65689015388	0	5190	10238	0.722496	481.766247704
8.6137509346	0	5200	10256	0.830956	148.599606573
2.69333195686	0	5210	10275	0.761826	475.247767635
3.03768110275	0	5220	10295	0.805404	421.374053662
12.3162767887	0	5230	10345	0.92668	103.927511695
7.47437620163	0	5240	10367	0.838274	171.251749373
4.27009701729	0	5250	10388	0.801152	299.758997235
5.22640299797	0	5260	10398	0.794414	244.910314129
2.78247380257	0	5270	10414	0.759775	460.022300594
2.69235515594	0	5280	10426	0.83222	475.420190079
4.46827793121	0	5290	10447	0.930628	286.463827834
2.55870509148	0	5300	10466	0.686432	500.253039815
3.48788189888	0	5310	10480	0.824233	366.984902904
3.42737603188	0	5320	10503	0.742887	373.46354415
2.47360110283	0	5330	10519	0.87546	517.464193615
6.69988679886	0	5340	10542	0.79124	191.048004008
6.68629717827	0	5350	10569	0.949819	191.43630112
11.3154268265	0	5360	10615	0.708545	113.119904324
3.46436500549	0	5370	10629	0.871597	369.476079446
3.49822497368	0	5380	10647	0.884195	365.899851962
3.96128106117	0	5390	10665	0.820315	323.127791296
3.47898101807	0	5400	10682	0.839722	367.92382406
13.4674091339	0	5410	10706	0.759372	95.0442648079
6.64335083961	0	5420	10744	0.791856	192.673852533
3.68406414986	0	5430	10761	1.05856	347.442375576
3.6834769249	0	5440	10783	0.934969	347.497765317
6.02321696281	0	5450	10800	0.71294	212.511023246
4.0997159481	0	5460	10820	1.01854	312.216752624
6.04779601097	0	5470	10840	0.825898	211.647350155
4.76377606392	0	5480	10850	0.758564	268.694410238
2.52822494507	0	5490	10869	0.898335	506.284064041
10.3015761375	0	5500	10887	0.741131	124.252831111
5.39729595184	0	5510	10915	0.638851	237.155792719
2.45554304123	0	5520	10933	0.827636	521.269624889
5.28023791313	0	5530	10960	0.893547	242.413319448
10.9087059498	0	5540	10995	0.875748	117.337473931
3.29659104347	0	5550	11013	0.815629	388.279887654
2.42346405983	0	5560	11031	0.805833	528.169582218
7.15223288536	0	5570	11060	0.790307	178.965089716
2.63513994217	0	5580	11075	0.870792	485.742703648
3.96954607964	0	5590	11091	0.880806	322.455004759
12.2453429699	0	5600	11120	0.861539	104.529534464
3.94652199745	0	5610	11140	0.779867	324.336213209
4.29430317879	0	5620	11156	0.875382	298.069313392
2.69912981987	0	5630	11175	0.886784	474.226912162
2.85677218437	0	5640	11195	0.683728	448.058129032
3.87347483635	0	5650	11214	0.667168	330.452643706
14.8481750488	0	5660	11255	0.909044	86.2058802372
6.07918000221	0	5670	11273	0.833829	210.554712895
4.61076998711	0	5680	11285	0.695609	277.610898739
5.25306510925	0	5690	11306	0.81464	243.66726347
3.45842981339	0	5700	11321	0.813931	370.110156651
13.0674300194	0	5710	11351	0.846196	97.9534612469
11.1733701229	0	5720	11385	0.605855	114.558095357
2.78071498871	0	5730	11400	0.863215	460.313266623
5.26166796684	0	5740	11424	0.659826	243.268866083
2.58317995071	0	5750	11444	0.734483	495.513291533
11.4310269356	0	5760	11462	0.797613	111.975941201
7.77776002884	0	5770	11484	0.758672	164.571804125
6.00146508217	0	5780	11509	0.893064	213.28125424
2.46324300766	0	5790	11529	0.836493	519.640163808
10.5303690434	0	5800	11558	0.876202	121.553194834
2.40429401398	0	5810	11569	0.709147	532.38081223
4.420596838	0	5820	11580	0.854682	289.553661397
2.58908319473	0	5830	11594	0.797699	494.383495518
2.51028299332	0	5840	11605	0.714083	509.902669702
5.2319560051	0	5850	11632	0.810713	244.650375262
2.31434392929	0	5860	11651	0.821934	553.072507418
4.53617405891	0	5870	11662	0.865268	282.176120972
13.2213549614	0	5880	11695	0.825571	96.8130727703
8.77443194389	0	5890	11710	0.747929	145.878389414
4.8303539753	0	5900	11731	0.719882	264.990931627
9.60883998871	0	5910	11765	0.874971	133.210668666
12.0727860928	0	5920	11806	0.810671	106.023579824
4.51348400116	0	5930	11826	0.712282	283.594668702
12.9267139435	0	5940	11868	0.829182	99.0197513147
2.59180307388	0	5950	11883	0.810473	493.864681657
2.76068687439	0	5960	11895	0.724917	463.652727832
3.70629000664	0	5970	11911	0.959687	345.358835306
5.28336405754	0	5980	11938	0.615979	242.269884502
8.48868393898	0	5990	11962	0.82709	150.78898086
2.59196996689	0	6000	11978	0.714324	493.832882461
9.36405205727	0	6010	11993	0.748523	136.692960715
5.81029009819	0	6020	12010	0.734977	220.298810966
11.4924719334	0	6030	12042	0.950803	111.377256992
3.62778091431	0	6040	12057	0.736304	352.832773047
5.8269469738	0	6050	12072	0.640277	219.669066109
4.04702305794	0	6060	12094	0.907262	316.281864886
3.23229193687	0	6070	12105	0.801077	396.003834121
4.96758913994	0	6080	12128	0.692257	257.670262967
2.51377105713	0	6090	12138	0.819178	509.195137867
4.77779388428	0	6100	12159	0.859588	267.906073599
3.41700005531	0	6110	12175	0.877838	374.59759417
3.2870759964	0	6120	12185	0.879386	389.403835324
7.49093198776	0	6130	12211	0.884456	170.873264113
6.77610301971	0	6140	12232	0.715219	188.899135134
4.41671800613	0	6150	12249	0.666636	289.807952018
13.1791980267	0	6160	12276	0.791937	97.1227534036
2.5854010582	0	6170	12289	0.856655	495.087598089
3.81604480743	0	6180	12300	0.844539	335.425830825
3.99063515663	0	6190	12316	0.841327	320.750945591
4.05469202995	0	6200	12330	0.79788	315.683655021
3.78989481926	0	6210	12343	0.773552	337.740243738
4.15867805481	0	6220	12357	0.828374	307.790115784
5.26858401299	0	6230	12372	0.883445	242.949528155
5.8205640316	0	6240	12392	0.858372	219.909959422
5.34120893478	0	6250	12413	0.66402	239.6461205
13.7000470161	0	6260	12455	0.783704	93.4303362968
2.52683806419	0	6270	12467	0.825844	506.56194322
2.57270288467	0	6280	12481	0.962729	497.531218092
5.78000402451	0	6290	12500	0.678059	221.453133004
8.26709294319	0	6300	12520	0.798277	154.830725721
3.70034313202	0	6310	12531	0.900796	345.913866453
7.24303793907	0	6320	12549	0.867145	176.721426944
2.69236397743	0	6330	12561	0.817144	475.418632373
5.57867002487	0	6340	12586	0.682735	229.445368572
4.29349899292	0	6350	12602	0.916003	298.125142712
4.52131414413	0	6360	12620	0.734869	283.103531229
2.50224685669	0	6370	12631	0.722967	511.540256941
12.1870501041	0	6380	12671	0.764263	105.029518141
16.0072000027	0	6390	12705	0.824258	79.9640161794
16.6595020294	0	6400	12743	1.01	76.8330288468
5.32677197456	0	6410	12755	0.851596	240.295624839
4.27473092079	0	6420	12768	0.788641	299.434051808
3.71762490273	0	6430	12786	0.742823	344.305849431
4.65916013718	0	6440	12804	0.783974	274.727625219
3.62445497513	0	6450	12818	0.862189	353.156545959
13.3145360947	0	6460	12843	0.854487	96.1355311893
6.40972399712	0	6470	12867	0.726756	199.696586089
6.35601878166	0	6480	12892	0.828356	201.383923486
6.50919604301	0	6490	12924	0.900834	196.644868512
10.6554851532	0	6500	12952	0.734666	120.125924029
6.79395580292	0	6510	12978	0.835563	188.402756381
7.69631814957	0	6520	13002	0.863979	166.313290995
9.26422190666	0	6530	13043	0.796674	138.165947761
2.63184595108	0	6540	13062	0.930843	486.350654177
5.02764701843	0	6550	13088	0.813821	254.592256638
6.15740418434	0	6560	13109	0.830739	207.879808062
6.20558381081	0	6570	13142	0.837147	206.265846861
8.74782800674	0	6580	13168	0.896371	146.322035483
2.56399703026	0	6590	13179	0.809233	499.220547019
6.36249399185	0	6600	13207	0.818252	201.1789719
5.69773101807	0	6610	13234	0.865717	224.650829592
14.3317370415	0	6620	13254	0.743237	89.3122722177
9.94912195206	0	6630	13291	0.766797	128.654569335
5.84921097755	0	6640	13314	0.840058	218.832934034
5.61736297607	0	6650	13334	0.610043	227.864926203
3.28017711639	0	6660	13348	0.935534	390.222830835
6.53121995926	0	6670	13375	0.656546	195.98176267
4.52582812309	0	6680	13390	0.7517	282.821168897
9.03709101677	0	6690	13416	0.872782	141.638498232
8.54988980293	0	6700	13448	0.806995	149.709531877
7.24271917343	0	6710	13474	0.864098	176.729204785
5.43534779549	0	6720	13486	0.916764	235.495509793
2.54849910736	0	6730	13506	0.773264	502.256405075
6.95502400398	0	6740	13527	0.836227	184.039623626
2.54367399216	0	6750	13543	0.981218	503.2091392
13.2639689445	0	6760	13579	0.850608	96.5020353524
10.2639570236	0	6770	13599	0.769612	124.708238456
2.57473111153	0	6780	13612	0.802401	497.139291272
7.67914581299	0	6790	13650	0.794704	166.685205773
10.4416720867	0	6800	13676	0.87265	122.585730463
7.01010394096	0	6810	13695	0.751406	182.593583602
8.17542409897	0	6820	13715	0.808697	156.566801245
8.82375597954	0	6830	13743	0.926633	145.062941787
9.14711093903	0	6840	13767	0.806584	139.934894037
7.79305505753	0	6850	13797	0.717247	164.248807503
3.78059005737	0	6860	13808	0.815736	338.571487671
3.55175185204	0	6870	13825	0.842319	360.385537426
6.12002420425	0	6880	13845	0.911893	209.149499623
6.26020598412	0	6890	13862	0.807421	204.466115532
4.05796003342	0	6900	13883	0.750844	315.429424997
8.42559981346	0	6910	13906	0.910829	151.917967663
9.77610206604	0	6920	13941	0.926318	130.931529904
3.56230092049	0	6930	13959	0.838657	359.318325029
18.5544610023	0	6940	14010	0.808149	68.9861052734
2.56648111343	0	6950	14030	1.01003	498.737354154
5.70206594467	0	6960	14043	0.775803	224.480041518
4.76278996468	0	6970	14058	0.754885	268.750041361
5.97323107719	0	6980	14069	0.715774	214.289382657
5.69200706482	0	6990	14092	0.852757	224.876741266
11.9059858322	0	7000	14122	0.909635	107.508947015
3.6885881424	0	7010	14144	0.833006	347.016243231
2.42851185799	0	7020	14159	0.773035	527.071752106
5.21696519852	0	7030	14170	0.698194	245.353371413
10.2251458168	0	7040	14197	0.684239	125.181588892
13.8458809853	0	7050	14222	0.77609	92.4462662479
5.55167007446	0	7060	14234	0.80946	230.561251449
8.13432312012	0	7070	14257	0.888555	157.357899496
3.99696779251	0	7080	14273	0.868877	320.242760624
4.45313119888	0	7090	14293	0.935408	287.438196369
3.81844782829	0	7100	14311	0.693216	335.214741057
2.54064512253	0	7110	14324	0.89854	503.809047808
5.47270083427	0	7120	14344	0.67827	233.888173091
6.01450419426	0	7130	14369	0.947669	212.818872289
5.46598482132	0	7140	14391	0.849758	234.175549666
5.88625502586	0	7150	14416	0.763847	217.455749772
8.35359811783	0	7160	14443	0.88476	153.227385606
9.27378487587	0	7170	14466	0.923525	138.023473386
4.31552100182	0	7180	14479	0.896424	296.603816657
4.5046069622	0	7190	14496	0.789211	284.153536755
2.56524014473	0	7200	14510	0.722873	498.978624917
6.75347900391	0	7210	14544	0.754732	189.531943352
2.56372189522	0	7220	14560	0.854964	499.274122668
5.67064905167	0	7230	14582	0.968201	225.723720219
7.62391996384	0	7240	14593	0.905435	167.892633458
3.07693099976	0	7250	14612	0.747962	415.998928836
3.41670298576	0	7260	14630	0.86277	374.63016403
7.53107905388	0	7270	14642	0.802561	169.962364071
6.67915391922	0	7280	14653	0.833199	191.641039491
8.11474514008	0	7290	14684	0.694885	157.737547872
5.2002799511	0	7300	14711	0.762152	246.140594744
3.24660992622	0	7310	14731	0.800542	394.257403595
4.74785804749	0	7320	14749	0.707203	269.595254786
2.65408611298	0	7330	14766	0.854379	482.275233551
4.15472197533	0	7340	14787	0.6666	308.083190067
4.81529188156	0	7350	14806	0.83865	265.819815597
9.60308098793	0	7360	14834	0.853091	133.290555563
4.47989416122	0	7370	14847	0.853157	285.721035796
3.26113080978	0	7380	14862	0.631431	392.501888044
2.64209604263	0	7390	14877	0.910595	484.463842096
6.58034300804	0	7400	14896	0.712415	194.518735336
6.53149414062	0	7410	14925	0.794445	195.973535678
9.28181290627	0	7420	14946	0.816701	137.904094052
3.12029409409	0	7430	14956	0.800873	410.217742753
6.50509095192	0	7440	14971	0.636379	196.768962872
12.0759358406	0	7450	14997	0.66694	105.995925856
11.9981510639	0	7460	15032	0.645846	106.683104187
4.06454515457	0	7470	15054	0.752395	314.918386024
2.63017582893	0	7480	15072	0.732867	486.659479537
2.60646700859	0	7490	15086	0.834214	491.086208182
7.07412600517	0	7500	15119	0.854531	180.94108008
4.20925807953	0	7510	15144	0.863445	304.091594247
2.57512187958	0	7520	15159	0.802973	497.063851677
4.15048003197	0	7530	15176	0.807028	308.398062427
2.69716715813	0	7540	15195	0.757538	474.571995341
2.47969484329	0	7550	15215	0.938769	516.192548233
2.98258900642	0	7560	15236	0.784821	429.157351966
2.468323946	0	7570	15255	0.801158	518.570506953
6.54821610451	0	7580	15267	0.821408	195.473084512
2.53229403496	0	7590	15289	0.813207	505.470526854
19.2608549595	0	7600	15334	0.860963	66.4560323357
5.31626605988	0	7610	15360	0.79691	240.770492971
3.39327692986	0	7620	15378	0.816268	377.216486146
5.44473409653	0	7630	15400	0.67361	235.089533723
8.13510584831	0	7640	15438	0.782238	157.342759131
10.4359781742	0	7650	15461	0.813829	122.65261374
3.01106095314	0	7660	15484	0.825329	425.099332069
2.4512629509	0	7670	15495	0.789532	522.179801042
3.29298305511	0	7680	15507	0.795206	388.705310224
5.47900104523	0	7690	15537	0.705897	233.619229023
2.88908886909	0	7700	15557	0.803202	443.04625368
4.13415503502	0	7710	15579	0.894701	309.615868093
6.25587105751	0	7720	15596	0.85117	204.607797736
5.01075196266	0	7730	15618	0.765467	255.450680764
3.67698502541	0	7740	15633	0.818753	348.111289863
2.56553483009	0	7750	15644	0.691885	498.92131067
17.233063221	0	7760	15675	0.871076	74.2758256954
8.24995779991	0	7770	15725	0.900626	155.152308781
4.16425800323	0	7780	15735	0.685978	307.377688656
4.84782004356	0	7790	15753	0.745641	264.036203592
5.73886799812	0	7800	15769	0.685436	223.040502137
9.8389980793	0	7810	15789	0.827047	130.094547197
2.61907601357	0	7820	15804	0.811854	488.721974227
7.65132904053	0	7830	15835	0.898439	167.291197806
3.76415801048	0	7840	15849	0.980265	340.04948688
2.5546939373	0	7850	15860	0.659753	501.038492835
2.61383199692	0	7860	15878	0.830741	489.702475717
17.9664418697	0	7870	15929	0.781784	71.2439340678
11.3003761768	0	7880	15981	0.77952	113.270565508
7.68545484543	0	7890	15992	0.894425	166.548372965
2.59379506111	0	7900	16011	0.745018	493.485402602
4.20729494095	0	7910	16035	0.740491	304.233484452
7.23989510536	0	7920	16053	0.773263	176.798141599
4.32369399071	0	7930	16064	0.848823	296.043152626
7.55427503586	0	7940	16091	0.770695	169.440481572
2.58763384819	0	7950	16104	0.791584	494.660402164
4.01424503326	0	7960	16119	0.684856	318.864441357
4.5105741024	0	7970	16139	0.739062	283.777623633
5.97173500061	0	7980	16154	0.699089	214.34306778
7.02062606812	0	7990	16187	0.675875	182.319922409
12.5534639359	0	8000	16226	0.738438	101.963888735
6.11234307289	0	8010	16243	0.696651	209.412329239
16.3669219017	0	8020	16292	0.707848	78.2065196918
7.94717288017	0	8030	16309	0.744812	161.063565535
5.26298499107	0	8040	16331	0.812351	243.207989795
9.03838610649	0	8050	16359	0.888289	141.618203175
2.97459411621	0	8060	16380	0.807017	430.310808801
4.27939581871	0	8070	16403	0.803963	299.107643748
4.68212413788	0	8080	16415	0.690125	273.380192901
2.68021202087	0	8090	16431	0.924408	477.574158324
3.47873497009	0	8100	16442	0.846197	367.949847
4.16322803497	0	8110	16457	0.823504	307.453732836
2.5681219101	0	8120	16474	0.781494	498.41870628
4.86932611465	0	8130	16490	0.673851	262.870050159
10.9766449928	0	8140	16524	0.717852	116.611223269
11.7597229481	0	8150	16551	0.893886	108.846101703
3.26304793358	0	8160	16569	0.793802	392.271283185
3.49480700493	0	8170	16588	0.877943	366.257706991
31.0442769527	0	8180	16655	0.674866	41.2314321879
8.30678701401	0	8190	16677	0.807619	154.090865438
5.61805009842	0	8200	16688	0.858783	227.837056911
17.2502629757	0	8210	16739	0.92397	74.2017673472
3.12697100639	0	8220	16757	0.791477	409.34181909
3.67065405846	0	8230	16768	0.904758	348.711695413
15.4922277927	0	8240	16805	0.806539	82.6220745734
8.99203705788	0	8250	16826	0.84979	142.348167802
7.70028805733	0	8260	16851	0.635181	166.227547654
3.31816005707	0	8270	16869	0.832329	385.755954501
7.41222190857	0	8280	16905	0.74638	172.687760268
2.59597301483	0	8290	16918	0.86326	493.071381207
5.8529291153	0	8300	16930	0.747079	218.693918
5.44912695885	0	8310	16953	0.917499	234.900014198
2.73239183426	0	8320	16963	0.637657	468.454042334
3.70967912674	0	8330	16977	0.743406	345.043319454
10.0227730274	0	8340	17005	0.865874	127.709167563
8.71541404724	0	8350	17035	0.88963	146.86622954
12.5563898087	0	8360	17055	0.826331	101.940129249
2.7773411274	0	8370	17087	0.819095	460.872446447
5.75296807289	0	8380	17110	0.702827	222.493847312
2.52537894249	0	8390	17122	0.78915	506.854626236
4.87966990471	0	8400	17143	0.821158	262.312825457
8.11457204819	0	8410	17176	0.804447	157.74091257
12.8865950108	0	8420	17206	0.948174	99.3280225639
23.9977231026	0	8430	17269	0.751221	53.3383935855
4.06918692589	0	8440	17293	0.908333	314.559154768
14.5551650524	0	8450	17343	0.774128	87.9412906271
2.68940496445	0	8460	17363	0.842843	475.94171087
19.4425878525	0	8470	17412	0.798306	65.834857464
6.03670716286	0	8480	17434	0.74523	212.036125899
7.46808290482	0	8490	17457	0.795801	171.396061923
2.68543791771	0	8500	17470	0.889601	476.644792851
2.65617203712	0	8510	17481	0.811088	481.896496955
3.33870410919	0	8520	17497	0.757006	383.382281909
2.45291090012	0	8530	17511	0.854978	521.828982838
2.60399007797	0	8540	17527	0.838792	491.55333226
11.0212879181	0	8550	17543	0.933728	116.138876828
7.42173600197	0	8560	17566	0.920028	172.466387872
7.09667396545	0	8570	17606	0.689855	180.366183684
2.57282114029	0	8580	17623	0.946837	497.508349864
5.18443894386	0	8590	17650	0.790225	246.89267515
4.71599793434	0	8600	17667	0.727113	271.416573506
10.9914801121	0	8610	17694	0.736254	116.453833965
2.39032196999	0	8620	17716	0.660352	535.492714401
8.61967492104	0	8630	17745	0.781125	148.497479514
10.2906270027	0	8640	17790	0.774133	124.385035009
2.81485795975	0	8650	17811	0.711802	454.729872094
9.3657181263	0	8660	17847	0.812557	136.668644384
5.50360393524	0	8670	17874	0.807126	232.574875493
2.55764603615	0	8680	17892	0.822559	500.46018171
8.97868490219	0	8690	17925	0.856371	142.559853023
7.12264108658	0	8700	17948	0.943214	179.70861994
6.59887313843	0	8710	17980	0.753569	193.972512147
10.7575159073	0	8720	17999	0.740101	118.98657748
14.8226809502	0	8730	18064	0.863188	86.3541490439
10.776663065	0	8740	18098	0.809148	118.775171153
5.45764303207	0	8750	18116	0.791975	234.533477634
4.7588968277	0	8760	18131	0.933772	268.96989919
11.1887030602	0	8770	18161	0.791552	114.401105572
2.62854409218	0	8780	18178	0.649066	486.961586001
7.88574504852	0	8790	18190	0.72697	162.318207363
6.78303980827	0	8800	18204	0.717921	188.705954289
8.54614806175	0	8810	18233	0.867086	149.775078872
12.1480751038	0	8820	18250	1.06992	105.366487206
2.54716682434	0	8830	18266	0.803613	502.519107806
3.90124106407	0	8840	18283	0.781106	328.100719483
7.56882596016	0	8850	18302	0.767798	169.114735461
11.0485591888	0	8860	18328	0.789638	115.852210059
9.88154983521	0	8870	18356	0.950957	129.534336349
12.0726439953	0	8880	18384	0.812478	106.024827743
7.09852409363	0	8890	18420	0.880991	180.319173833
8.13663601875	0	8900	18435	0.970264	157.313169355
7.76517105103	0	8910	18465	0.889651	164.838609683
4.2812128067	0	8920	18496	0.785143	298.98069958
3.21944713593	0	8930	18509	0.803778	397.583791862
2.61606693268	0	8940	18519	0.718235	489.284117318
10.1053159237	0	8950	18538	0.821803	126.666005266
2.76696014404	0	8960	18549	0.809085	462.601531416
2.37069296837	0	8970	18559	0.808569	539.926518144
6.95914697647	0	8980	18581	0.896476	183.930588667
7.02937507629	0	8990	18604	0.898521	182.093000602
2.65595793724	0	9000	18617	0.92145	481.935343197
3.97661209106	0	9010	18636	0.750499	321.882036942
6.12260079384	0	9020	18655	0.788816	209.06148271
18.1495962143	0	9030	18688	0.740903	70.5249849576
5.87727499008	0	9040	18728	0.912666	217.788005863
3.21212792397	0	9050	18738	0.941629	398.489733379
2.65353488922	0	9060	18749	0.844943	482.375417485
10.5580990314	0	9070	18775	0.971714	121.233945257
10.4345140457	0	9080	18813	0.804947	122.669823855
7.33091711998	0	9090	18849	0.830608	174.602983372
2.47911691666	0	9100	18860	0.804418	516.312881978
5.19569897652	0	9110	18873	0.752193	246.357613439
3.30823898315	0	9120	18899	0.843564	386.912797569
13.9755570889	0	9130	18920	0.699336	91.5884777875
6.82462191582	0	9140	18935	0.75409	187.556177586
2.60275411606	0	9150	18955	0.7583	491.786754693
3.37486481667	0	9160	18974	0.931355	379.27445084
17.1736521721	0	9170	19009	0.78615	74.532777721
3.7262969017	0	9180	19020	0.803322	343.504565998
5.62242794037	0	9190	19037	0.80606	227.659654081
3.6686630249	0	9200	19048	0.794076	348.900946015
10.2780890465	0	9210	19087	0.852903	124.536768869
8.2218940258	0	9220	19109	0.64681	155.68188984
6.22505998611	0	9230	19129	0.753042	205.620508534
3.41134190559	0	9240	19143	0.793782	375.218912505
2.61373209953	0	9250	19159	0.841022	489.721192248
2.58556294441	0	9260	19174	0.740395	495.056599866
2.63166713715	0	9270	19188	0.796026	486.383700253
4.06729888916	0	9280	19210	0.883839	314.705172863
2.96396303177	0	9290	19227	0.811339	431.854239166
2.44147491455	0	9300	19246	0.743783	524.273254815
2.44858598709	0	9310	19260	0.840864	522.75068417
2.62820196152	0	9320	19270	0.859598	487.024977054
5.03660917282	0	9330	19283	0.834721	254.139234568
5.88461494446	0	9340	19307	0.82473	217.516356139
2.72712898254	0	9350	19326	0.829447	469.358071508
10.6817378998	0	9360	19371	0.705199	119.830687853
12.8775660992	0	9370	19389	0.771352	99.3976649114
7.73105096817	0	9380	19427	0.949356	165.566105471
2.59292006493	0	9390	19443	0.839469	493.651932165
5.95424389839	0	9400	19454	0.828673	214.972718928
2.30049300194	0	9410	19467	0.793485	556.402475001
3.72288298607	0	9420	19482	0.737774	343.819562632
12.9874150753	0	9430	19505	0.864677	98.5569485982
7.97136902809	0	9440	19527	0.784495	160.57467613
4.40704798698	0	9450	19549	0.72432	290.443853523
2.46086812019	0	9460	19565	0.987064	520.141648184
4.14728689194	0	9470	19585	0.759536	308.635508792
12.976708889	0	9480	19611	0.879023	98.6382611299
18.492609024	0	9490	19639	0.727043	69.216842163
3.51453518867	0	9500	19650	0.911157	364.201788084
5.55957078934	0	9510	19679	0.814297	230.233600489
7.1827750206	0	9520	19695	0.893043	178.204105841
4.56014704704	0	9530	19719	0.759628	280.692702844
3.44670200348	0	9540	19731	0.952101	371.369500093
4.1719751358	0	9550	19741	0.745293	306.809115187
4.52578878403	0	9560	19758	0.8043	282.823627235
2.81352710724	0	9570	19779	0.908066	454.944968082
2.63742208481	0	9580	19798	0.865156	485.322393929
2.60331392288	0	9590	19816	0.724193	491.681002721
2.52600193024	0	9600	19832	0.828	506.729620701
2.69310116768	0	9610	19852	0.762282	475.288494677
13.5260148048	0	9620	19902	0.93759	94.6324559354
8.49005007744	0	9630	19931	0.739495	150.764717325
3.73213195801	0	9640	19949	0.948429	342.96750876
12.8185510635	0	9650	19987	0.717144	99.8552795597
Training elapsed time: 8687.66795492 s
