Duration	Worker	LocalStep	GlobalStep	Loss	ExamplesPerSec
20.5013840199	0	10	10	4.61897	62.4348092188
13.9630169868	0	20	23	4.49714	91.6707328513
8.32313990593	0	30	39	4.3723	153.788115359
9.01356101036	0	40	59	4.24581	142.008247188
11.8010981083	0	50	79	4.20004	108.464482564
11.0634970665	0	60	95	4.27803	115.695786993
12.4984898567	0	70	114	4.10511	102.412372589
8.86350297928	0	80	134	4.43051	144.412429599
17.0349931717	0	90	159	3.95429	75.1394489624
10.5688819885	0	100	173	4.11201	121.110255691
15.6225838661	0	110	187	3.86126	81.9326694591
13.6699450016	0	120	213	3.81462	93.6360753353
8.49723601341	0	130	232	3.67785	150.637218736
17.555052042	0	140	255	3.96407	72.9134836477
12.6721010208	0	150	274	4.13937	101.009295767
7.65527701378	0	160	289	3.76178	167.204922525
15.0505559444	0	170	309	3.58706	85.0466922767
8.78450393677	0	180	330	3.65149	145.711130556
14.9857540131	0	190	349	3.56911	85.4144542133
20.0594789982	0	200	380	3.48998	63.8102315676
15.3193099499	0	210	400	3.4792	83.5546773444
19.6078310013	0	220	418	3.33871	65.2800404041
7.47225809097	0	230	432	3.1791	171.300292952
13.0109610558	0	240	456	3.83081	98.3785897533
7.74199604988	0	250	476	3.35894	165.332039923
18.1064829826	0	260	501	3.56602	70.6929115515
15.7484948635	0	270	523	3.21954	81.2776085012
7.89319515228	0	280	546	3.29786	162.16500103
13.197108984	0	290	565	3.19615	96.9909395726
8.00959300995	0	300	582	3.02633	159.80836959
13.6255338192	0	310	607	3.04009	93.9412735666
7.70380306244	0	320	626	3.01913	166.151703208
18.4231939316	0	330	651	3.33973	69.4776380661
19.6399281025	0	340	675	3.03898	65.1733546742
15.2676019669	0	350	702	3.18303	83.8376585124
15.2241430283	0	360	730	3.01449	84.0769820425
11.1785368919	0	370	750	2.94873	114.5051461
12.3414440155	0	380	773	2.76031	103.715578047
16.2424821854	0	390	798	2.89641	78.8056890192
9.93009781837	0	400	816	2.71663	128.901046436
12.4821631908	0	410	833	2.67136	102.546327943
7.87515592575	0	420	845	2.77672	162.536464302
7.81897902489	0	430	859	3.02447	163.70423759
11.4220309258	0	440	879	2.62872	112.064133631
9.5020210743	0	450	899	2.7298	134.708183658
19.5850338936	0	460	917	2.45327	65.3560267986
11.0814681053	0	470	935	3.07519	115.508160817
10.1681070328	0	480	952	2.51051	125.883804712
11.3144929409	0	490	972	2.67296	113.129241115
7.8422369957	0	500	992	2.70511	163.218734744
13.007723093	0	510	1015	2.43699	98.4030787591
11.6859829426	0	520	1035	2.31878	109.532934139
12.1565899849	0	530	1054	2.43264	105.292685004
19.6225368977	0	540	1074	2.42127	65.2311169894
9.63187813759	0	550	1092	2.52425	132.892046776
8.16915297508	0	560	1111	2.78983	156.686991161
14.7615540028	0	570	1133	2.40494	86.7117377859
8.17500185966	0	580	1146	2.2747	156.574887929
12.2900819778	0	590	1166	2.51552	104.149020512
14.2222731113	0	600	1186	2.53525	89.9996779684
21.989356041	0	610	1216	2.27582	58.2099811207
31.78191185	0	620	1241	2.46957	40.2744808444
24.4667341709	0	630	1261	2.22488	52.3159319531
13.4540929794	0	640	1281	2.13373	95.1383346285
7.83050084114	0	650	1293	2.3296	163.463362813
9.89486813545	0	660	1313	2.21137	129.359985649
7.49810385704	0	670	1330	2.30518	170.709825364
13.4488830566	0	680	1348	2.10832	95.1751899849
7.6571791172	0	690	1360	2.09161	167.16338751
9.13107585907	0	700	1379	2.07088	140.180633669
7.5689330101	0	710	1391	2.20085	169.112343615
10.2340450287	0	720	1410	2.09432	125.072734819
8.18045210838	0	730	1430	2.03417	156.47056948
8.7021188736	0	740	1451	2.48133	147.090613056
7.44321513176	0	750	1470	2.08421	171.968695966
10.6644759178	0	760	1487	2.04304	120.024650987
16.7861640453	0	770	1509	1.93627	76.2532760042
7.59512090683	0	780	1523	2.01161	168.529246039
10.7877480984	0	790	1546	2.05893	118.653122814
13.9768428802	0	800	1567	1.98962	91.5800521596
11.5729811192	0	810	1579	2.0492	110.602444333
7.40132188797	0	820	1594	2.00206	172.942079722
11.0786759853	0	830	1613	1.83935	115.537271935
9.54664516449	0	840	1634	2.01542	134.078514279
14.2104740143	0	850	1651	1.99783	90.0744055908
8.37092399597	0	860	1671	2.2424	152.910240329
8.9510948658	0	870	1689	1.77873	142.99926648
9.91006112099	0	880	1708	2.19059	129.161665541
12.9941158295	0	890	1725	1.9475	98.5061251414
9.33082413673	0	900	1739	1.94494	137.179736885
8.79948687553	0	910	1760	1.92387	145.463027345
7.62802100182	0	920	1781	1.70244	167.80236967
7.74572300911	0	930	1798	1.96319	165.252488179
9.84927797318	0	940	1817	1.78274	129.958764844
15.6490240097	0	950	1841	1.66366	81.7942383631
10.4334440231	0	960	1861	1.96262	122.682404502
11.8419439793	0	970	1882	1.82352	108.090361029
12.8587760925	0	980	1904	1.74724	99.5429106775
22.9668109417	0	990	1927	1.72051	55.7325961906
15.037776947	0	1000	1949	1.86039	85.1189643595
10.9773881435	0	1010	1962	1.67847	116.603328885
8.1685090065	0	1020	1976	1.64081	156.69934366
14.064250946	0	1030	1996	1.64911	91.0108902998
12.9527919292	0	1040	2014	1.47101	98.8203938573
19.7001740932	0	1050	2047	1.60778	64.9740450994
9.6531329155	0	1060	2064	1.66375	132.599438048
7.74597716331	0	1070	2075	1.72599	165.247066059
19.7909359932	0	1080	2107	2.05628	64.6760719372
18.9232759476	0	1090	2134	1.72659	67.6415649989
11.7193520069	0	1100	2158	1.75581	109.221055844
11.4921550751	0	1110	2177	1.67488	111.380327853
13.7189109325	0	1120	2193	1.65766	93.3018667658
10.7409949303	0	1130	2216	1.59579	119.169593535
10.3153779507	0	1140	2237	1.58828	124.086582782
7.68161797523	0	1150	2252	1.5565	166.631561753
9.78448200226	0	1160	2272	1.62861	130.819393373
24.2547922134	0	1170	2305	2.06141	52.773076295
13.2190179825	0	1180	2331	1.56085	96.8301882709
15.8996648788	0	1190	2357	1.42889	80.5048414387
14.967441082	0	1200	2377	1.56337	85.5189603211
12.6319739819	0	1210	2396	1.75468	101.330164378
12.7519600391	0	1220	2414	1.4349	100.376726093
20.6948549747	0	1230	2434	1.67527	61.8511220089
8.57692193985	0	1240	2454	1.31525	149.237687946
25.7440710068	0	1250	2474	1.59434	49.7201860445
7.75546789169	0	1260	2487	1.39227	165.044845505
21.9546921253	0	1270	2508	1.32113	58.3018879378
8.55572009087	0	1280	2527	1.34616	149.607512448
8.60912489891	0	1290	2541	1.62118	148.679455233
11.1025910378	0	1300	2560	1.45433	115.288403909
7.73277807236	0	1310	2574	1.41439	165.529126534
12.53886199	0	1320	2594	1.53947	102.082629271
9.40864300728	0	1330	2610	1.32059	136.045123511
14.9636747837	0	1340	2625	1.74702	85.5404851082
17.9133410454	0	1350	2649	1.55721	71.4551236845
19.6391291618	0	1360	2671	1.63135	65.1760059956
19.0273318291	0	1370	2694	1.29375	67.2716496195
8.18842506409	0	1380	2711	1.38871	156.31821626
20.3072481155	0	1390	2731	1.25325	63.0316817285
15.0493819714	0	1400	2759	1.5048	85.0533266041
14.3028860092	0	1410	2780	1.56407	89.4924282537
17.6390500069	0	1420	2808	1.51158	72.5662662956
10.0317118168	0	1430	2829	1.47184	127.595371894
7.70265698433	0	1440	2845	1.51373	166.176424915
14.6737451553	0	1450	2865	1.29119	87.2306276585
21.6095569134	0	1460	2886	1.48025	59.2330516137
26.8109650612	0	1470	2907	1.1364	47.7416608122
7.53790092468	0	1480	2923	1.36154	169.808546542
29.9895780087	0	1490	2947	1.307	42.6814942054
9.72146010399	0	1500	2968	1.32963	131.667464178
7.66369104385	0	1510	2987	1.46774	167.021346852
11.6609899998	0	1520	3008	1.51466	109.767695541
7.69156885147	0	1530	3024	1.46155	166.41598414
10.3922970295	0	1540	3040	1.18656	123.16815006
14.5443489552	0	1550	3061	1.19277	88.0066893298
7.69729995728	0	1560	3073	1.24857	166.292077365
8.26567101479	0	1570	3090	1.29815	154.85736097
11.3233540058	0	1580	3110	1.22258	113.040712084
22.0835440159	0	1590	3136	1.38676	57.9617111764
19.4632019997	0	1600	3163	1.2705	65.7651295004
25.6497869492	0	1610	3188	1.49367	49.9029486107
7.68193101883	0	1620	3205	1.34856	166.62477141
14.9511971474	0	1630	3225	1.13761	85.6118735766
14.9324829578	0	1640	3239	1.15534	85.719166974
21.9568960667	0	1650	3267	1.38125	58.2960358383
7.85066795349	0	1660	3286	1.05604	163.043451536
12.4607310295	0	1670	3304	1.37404	102.72270519
18.6936049461	0	1680	3324	1.26349	68.4726142276
30.2247979641	0	1690	3352	1.18223	42.3493318804
23.210308075	0	1700	3370	1.52828	55.1479108277
13.0103478432	0	1710	3385	1.13797	98.3832266
8.81519913673	0	1720	3402	1.29429	145.203753216
16.2665798664	0	1730	3431	1.17869	78.6889444808
21.4415111542	0	1740	3453	1.10023	59.6972848973
18.2465109825	0	1750	3474	1.20201	70.1503975871
10.0646710396	0	1760	3487	1.31845	127.177529694
13.3990428448	0	1770	3513	1.1866	95.529211663
12.8786101341	0	1780	3538	1.27119	99.3896070049
8.82424998283	0	1790	3553	1.19696	145.054820805
13.4117150307	0	1800	3571	1.29634	95.4389499831
20.9693288803	0	1810	3590	1.2882	61.0415339139
20.5380749702	0	1820	3621	1.17005	62.3232704065
13.2601060867	0	1830	3645	1.3041	96.5301477701
9.16484308243	0	1840	3665	1.05894	139.664147928
7.85519385338	0	1850	3683	1.3409	162.949511354
8.91201305389	0	1860	3696	1.22794	143.626360538
19.0964560509	0	1870	3719	1.26969	67.0281436823
11.6302318573	0	1880	3741	1.27874	110.057995034
9.86629199982	0	1890	3760	1.13625	129.734656143
11.0761790276	0	1900	3772	1.10564	115.563318073
7.64110517502	0	1910	3791	1.22149	167.515034891
7.89015889168	0	1920	3807	1.06347	162.227404742
19.1517710686	0	1930	3828	1.14726	66.8345499441
7.45291996002	0	1940	3847	1.1147	171.744766731
10.9387359619	0	1950	3868	1.3407	117.015348433
23.9995229244	0	1960	3891	1.27328	53.3343935224
14.9046139717	0	1970	3914	1.05103	85.8794466217
8.91774916649	0	1980	3934	1.24049	143.533976579
21.9034628868	0	1990	3968	1.28147	58.4382481717
26.0744850636	0	2000	4000	1.04383	49.0901353135
8.33478593826	0	2010	4018	1.11043	153.573230252
26.7991890907	0	2020	4048	1.11208	47.7626392226
11.9252920151	0	2030	4064	1.13289	107.334897827
12.8951630592	0	2040	4082	1.1838	99.2620251578
11.8685228825	0	2050	4103	0.945643	107.848298619
7.41774201393	0	2060	4117	1.12174	172.559250186
7.685297966	0	2070	4135	1.05781	166.551772704
18.4430589676	0	2080	4154	0.938848	69.4028036374
13.0482120514	0	2090	4173	1.31779	98.0977313182
13.7928678989	0	2100	4189	0.970171	92.801584803
17.5922892094	0	2110	4204	1.24112	72.7591494641
7.6699488163	0	2120	4217	1.24666	166.885077157
20.3954110146	0	2130	4234	1.26377	62.7592157415
11.8924629688	0	2140	4249	1.05367	107.63119493
15.791367054	0	2150	4266	1.02441	81.056946851
9.34451913834	0	2160	4279	1.05358	136.978691043
12.1211209297	0	2170	4297	0.974863	105.600794466
7.86787986755	0	2180	4316	1.07579	162.686774779
21.333053112	0	2190	4336	1.03915	60.0007881328
13.3351759911	0	2200	4357	1.02346	95.9867346976
7.30793190002	0	2210	4372	0.984507	175.152152142
9.03220701218	0	2220	4390	1.04463	141.71508672
12.0206751823	0	2230	4411	1.04477	106.483203363
7.29241299629	0	2240	4427	1.23643	175.524891507
7.8078019619	0	2250	4445	1.34119	163.938584284
7.74093008041	0	2260	4462	1.04896	165.354807071
13.1128587723	0	2270	4484	1.21469	97.6141070554
7.46184921265	0	2280	4504	1.2824	171.539247648
7.84199500084	0	2290	4521	1.05904	163.223771485
13.7571280003	0	2300	4541	1.13741	93.042675766
13.2522618771	0	2310	4561	0.970438	96.5872853913
23.0739021301	0	2320	4578	1.07297	55.4739286308
7.49756598473	0	2330	4596	0.961064	170.722072017
7.42091393471	0	2340	4610	1.09978	172.485493197
7.42693805695	0	2350	4624	1.32444	172.34558713
28.3005788326	0	2360	4650	0.938242	45.2287568947
7.68279314041	0	2370	4669	1.11793	166.606073677
18.3466959	0	2380	4693	1.02667	69.7673306943
9.92775011063	0	2390	4718	1.0703	128.93152887
7.37769699097	0	2400	4737	1.17282	173.495875687
19.9295668602	0	2410	4759	0.930621	64.2261825848
13.9823741913	0	2420	4780	1.99023	91.543823852
7.82384896278	0	2430	4794	1.15093	163.602340241
16.1130418777	0	2440	4824	1.04878	79.4387558669
7.68034410477	0	2450	4839	1.06941	166.65919945
9.39956903458	0	2460	4856	0.907542	136.1764561
26.1734228134	0	2470	4876	1.21851	48.904570454
14.8555901051	0	2480	4900	1.08844	86.1628512195
15.5292079449	0	2490	4920	1.11082	82.425324237
9.44330096245	0	2500	4936	1.04897	135.545822916
7.54557108879	0	2510	4953	1.11945	169.635934105
17.6662418842	0	2520	4972	1.16726	72.4545723073
7.61494803429	0	2530	4989	1.07216	168.09044451
12.610063076	0	2540	5011	0.904374	101.506232941
11.4393489361	0	2550	5035	0.978639	111.894479935
10.4673371315	0	2560	5052	0.996432	122.285160392
9.07138991356	0	2570	5066	0.991518	141.102963515
7.79316496849	0	2580	5081	1.16646	164.246491018
13.4371359348	0	2590	5100	1.13536	95.2583948103
10.3197951317	0	2600	5118	1.16295	124.033470012
9.12363886833	0	2610	5133	1.09641	140.294899707
11.7314910889	0	2620	5156	1.08212	109.108040087
9.04253792763	0	2630	5172	0.964039	141.553180119
17.7752571106	0	2640	5193	1.07669	72.0102101498
7.51762104034	0	2650	5211	1.02871	170.266629979
8.14599895477	0	2660	5231	0.995405	157.13235505
14.4574460983	0	2670	5249	1.06644	88.535692355
25.3729360104	0	2680	5280	0.813485	50.447453124
10.5931198597	0	2690	5297	0.909789	120.833146132
15.3607029915	0	2700	5323	1.03218	83.329519535
15.6736860275	0	2710	5342	1.08856	81.66553788
16.6521339417	0	2720	5362	1.21006	76.8670252404
8.72049498558	0	2730	5383	1.01156	146.780658909
16.2430281639	0	2740	5398	0.963878	78.8030401156
9.62221598625	0	2750	5414	1.01035	133.025490368
14.1270179749	0	2760	5434	1.11939	90.6065244823
13.2954740524	0	2770	5454	1.20012	96.2733630221
16.413700819	0	2780	5475	0.920998	77.9836317302
7.35679912567	0	2790	5492	0.932457	173.988711413
7.51703286171	0	2800	5505	1.06532	170.279952682
7.28485703468	0	2810	5523	1.07793	175.706948524
18.5996670723	0	2820	5542	0.952524	68.8184361056
57.1227309704	0	2830	5575	0.858041	22.4078922393
7.86204910278	0	2840	5595	1.27497	162.807428861
16.0316009521	0	2850	5619	1.03758	79.8423066929
13.7349328995	0	2860	5638	1.1695	93.193028999
15.4059801102	0	2870	5653	1.10725	83.0846197935
22.1955678463	0	2880	5678	0.854261	57.6691711095
7.28478312492	0	2890	5698	0.998782	175.708731207
11.4459080696	0	2900	5717	0.985318	111.830358257
12.0433838367	0	2910	5736	1.12475	106.282421731
14.3195581436	0	2920	5755	1.02006	89.3882330141
7.3811109066	0	2930	5770	0.945899	173.415630275
10.7006011009	0	2940	5788	0.997751	119.619448284
15.3966169357	0	2950	5805	0.955958	83.1351462041
7.2728099823	0	2960	5820	0.983008	175.997998451
8.72279500961	0	2970	5840	1.14686	146.741955828
29.6575679779	0	2980	5858	1.10219	43.159304261
10.7575919628	0	2990	5881	1.28659	118.985736253
9.84994602203	0	3000	5893	1.03566	129.949950704
20.1613709927	0	3010	5917	0.931048	63.4877459705
10.5438330173	0	3020	5936	1.13892	121.397977177
7.61445808411	0	3030	5955	0.845069	168.101260242
8.621062994	0	3040	5976	0.89571	148.47357001
10.6346988678	0	3050	5990	0.914873	120.360718805
12.6659619808	0	3060	6008	0.927577	101.058253762
11.7889041901	0	3070	6033	1.06051	108.576673401
23.5314688683	0	3080	6056	0.927372	54.3952443924
19.9036779404	0	3090	6083	0.95354	64.309722245
7.55102801323	0	3100	6102	0.946228	169.513342787
12.1367821693	0	3110	6121	0.957847	105.464527759
7.50790596008	0	3120	6132	0.940207	170.486951595
17.6411030293	0	3130	6148	0.916975	72.5578212359
9.42206692696	0	3140	6168	1.06948	135.851295679
11.0337970257	0	3150	6185	0.999146	116.007209216
7.59874391556	0	3160	6202	0.929773	168.448892899
21.6077139378	0	3170	6226	0.932199	59.2381037479
34.0707650185	0	3180	6247	1.19308	37.5688658387
14.7324490547	0	3190	6270	0.941881	86.8830426799
12.9995970726	0	3200	6285	0.942884	98.4645903139
20.5626599789	0	3210	6310	1.131	62.2487558183
24.9816420078	0	3220	6335	0.942469	51.2376247966
7.47778701782	0	3230	6349	0.971798	171.173636926
12.4076290131	0	3240	6365	1.04987	103.162336547
8.3461959362	0	3250	6378	1.02563	153.363281881
25.6980021	0	3260	6398	0.953403	49.8093196125
10.5286388397	0	3270	6422	1.03568	121.573170045
19.1832079887	0	3280	6447	0.894382	66.7250232991
12.5519480705	0	3290	6473	0.796823	101.976202643
13.918366909	0	3300	6496	0.957729	91.9648122776
7.69044399261	0	3310	6509	1.16322	166.440325322
8.9324131012	0	3320	6525	1.09845	143.298343404
14.953412056	0	3330	6541	1.04061	85.5991926932
13.3415398598	0	3340	6562	0.862807	95.9409493547
15.3435401917	0	3350	6590	0.979553	83.4227293058
10.2198278904	0	3360	6608	1.10047	125.246727609
20.5101001263	0	3370	6628	0.974422	62.4082765135
17.964140892	0	3380	6648	0.916784	71.2530595086
8.05270695686	0	3390	6667	1.21061	158.952760464
11.2387349606	0	3400	6678	0.84153	113.891821855
7.7252061367	0	3410	6696	0.944216	165.691371512
24.638874054	0	3420	6720	1.09636	51.9504258676
7.68593883514	0	3430	6740	1.1491	166.53788528
12.2291619778	0	3440	6759	1.01162	104.667842517
7.91285300255	0	3450	6773	0.925759	161.762135552
11.9747641087	0	3460	6789	0.938474	106.891458436
9.63117694855	0	3470	6804	0.975595	132.90172186
15.9685630798	0	3480	6831	0.932048	80.1574940463
14.5254309177	0	3490	6851	1.22032	88.1213099459
14.0072579384	0	3500	6872	0.965842	91.3811972072
23.3304190636	0	3510	6892	1.03845	54.8639952207
15.081111908	0	3520	6913	0.863365	84.8743784816
11.9797260761	0	3530	6939	0.912548	106.847184307
17.669875145	0	3540	6964	0.914511	72.4396742761
18.1232099533	0	3550	6985	0.808271	70.6276649279
9.58915305138	0	3560	7003	1.07548	133.48415581
8.55963897705	0	3570	7016	0.952643	149.539017175
7.86468696594	0	3580	7031	1.0968	162.752822273
7.35959386826	0	3590	7045	1.02314	173.922640694
7.42147517204	0	3600	7063	0.878272	172.472449254
12.928016901	0	3610	7083	1.02227	99.0097715528
13.1152119637	0	3620	7095	0.870447	97.5965926854
11.3717269897	0	3630	7114	0.757222	112.559860183
7.57644510269	0	3640	7129	0.972406	168.944667671
14.0643260479	0	3650	7148	0.847875	91.0104043124
10.3920559883	0	3660	7169	0.914043	123.171006915
8.18634700775	0	3670	7183	1.09273	156.357896726
14.4677779675	0	3680	7201	0.969606	88.4724663925
11.1011929512	0	3690	7222	1.03269	115.302923355
11.8155150414	0	3700	7245	1.17365	108.332137492
7.89233589172	0	3710	7264	0.999347	162.182656385
17.1907911301	0	3720	7294	0.909212	74.4584696723
9.2688138485	0	3730	7315	1.03891	138.097497794
20.7906570435	0	3740	7333	0.973285	61.5661158435
7.38632702827	0	3750	7348	1.21746	173.293166563
9.82304811478	0	3760	7367	0.957214	130.305785439
7.87267494202	0	3770	7387	1.0774	162.587685815
16.0589399338	0	3780	7407	0.834738	79.7063819454
7.28469395638	0	3790	7427	1.0082	175.710881976
8.50602412224	0	3800	7439	0.916921	150.481585945
9.01984286308	0	3810	7452	1.07386	141.909345809
8.07398605347	0	3820	7465	1.46402	158.53383837
7.29612112045	0	3830	7484	1.04671	175.435684094
14.6655077934	0	3840	7510	0.824209	87.2796235923
8.43441104889	0	3850	7529	0.964468	151.759262452
10.0270180702	0	3860	7550	0.919693	127.655100553
17.3990049362	0	3870	7576	0.850704	73.5674255334
7.87255501747	0	3880	7594	0.979094	162.590162553
13.0298690796	0	3890	7614	0.918877	98.2358297065
8.82221984863	0	3900	7631	0.8002	145.088200245
18.516130209	0	3910	7649	1.04367	69.1289154674
18.8603608608	0	3920	7673	0.962927	67.867206224
8.96115398407	0	3930	7688	0.949696	142.838746246
18.5252799988	0	3940	7720	0.904486	69.0947721214
13.2150361538	0	3950	7739	1.08159	96.8593642199
19.2385439873	0	3960	7756	1.16521	66.5331015095
9.05340790749	0	3970	7778	1.00987	141.383224205
8.25083994865	0	3980	7799	1.05491	155.13572048
12.6790800095	0	3990	7822	0.97149	100.953696881
7.59593510628	0	4000	7842	0.882801	168.511181585
7.53824400902	0	4010	7857	0.86526	169.800818131
7.94335985184	0	4020	7876	0.918807	161.140880418
8.18034696579	0	4030	7887	0.919487	156.472580607
7.49748706818	0	4040	7903	0.836831	170.723868992
12.5763680935	0	4050	7916	1.08029	101.778191485
7.91651296616	0	4060	7929	1.03677	161.687349654
10.045279026	0	4070	7944	0.79815	127.423040881
8.7826218605	0	4080	7968	1.09924	145.742355794
13.0596241951	0	4090	7988	1.14008	98.0120086825
19.2002398968	0	4100	8015	1.17369	66.6658337022
7.75306797028	0	4110	8030	0.962975	165.095934269
10.0669081211	0	4120	8046	0.907524	127.149268137
9.37627601624	0	4130	8068	0.79077	136.514752529
7.38683891296	0	4140	8085	1.02443	173.281157892
8.19190692902	0	4150	8105	1.10937	156.251775208
12.330655098	0	4160	8124	1.26844	103.806325765
32.7037940025	0	4170	8143	0.937224	39.1391897803
13.9645218849	0	4180	8159	0.885021	91.6608538802
7.78083109856	0	4190	8175	0.798259	164.506848149
16.5920889378	0	4200	8195	1.04889	77.1451988235
7.32844591141	0	4210	8214	1.40852	174.661860847
7.52376317978	0	4220	8233	0.835139	170.127630205
13.8950810432	0	4230	8254	1.02444	92.1189301463
9.21329379082	0	4240	8273	0.87158	138.929684547
7.64997410774	0	4250	8289	1.00928	167.320827753
9.77226400375	0	4260	8309	0.78937	130.982953337
8.69939899445	0	4270	8320	0.860828	147.13660114
10.3138649464	0	4280	8337	1.10545	124.104785806
16.6637840271	0	4290	8356	0.921162	76.813285501
7.77384901047	0	4300	8375	0.989693	164.654600093
12.4495289326	0	4310	8389	1.06832	102.81513517
12.6294000149	0	4320	8406	0.889009	101.35081623
7.49019312859	0	4330	8421	0.890987	170.890119657
8.34661102295	0	4340	8437	0.79193	153.355654946
11.1402409077	0	4350	8453	0.996278	114.898771993
10.917509079	0	4360	8469	0.994317	117.242861054
8.57157897949	0	4370	8489	0.881532	149.330712937
14.7986810207	0	4380	8510	0.968955	86.4941948682
13.0796749592	0	4390	8525	1.0337	97.8617591029
7.2448849678	0	4400	8540	1.05178	176.67637315
14.0247349739	0	4410	8558	0.945018	91.2673217983
14.0095880032	0	4420	8575	1.13191	91.3659987511
7.88932299614	0	4430	8594	0.887315	162.244593183
15.9297299385	0	4440	8621	0.980503	80.3529002024
14.9918110371	0	4450	8641	1.00836	85.3799448803
11.7400801182	0	4460	8660	0.909352	109.028216768
9.44640493393	0	4470	8679	1.08595	135.50128424
11.3053679466	0	4480	8703	1.04541	113.220552046
20.5810191631	0	4490	8723	0.992934	62.1932271601
10.9316079617	0	4500	8742	1.08494	117.091648776
13.8350279331	0	4510	8760	0.975645	92.5187868205
17.0333740711	0	4520	8786	0.965964	75.1465913128
7.57049489021	0	4530	8797	0.845947	169.077453794
10.9708321095	0	4540	8815	0.967625	116.673009598
11.0080938339	0	4550	8833	1.22713	116.278078595
30.7758791447	0	4560	8853	0.886463	41.5910133382
18.0596170425	0	4570	8874	0.888969	70.8763644868
7.94429683685	0	4580	8889	0.783607	161.12187476
16.2408649921	0	4590	8913	1.0133	78.8135361398
9.93535709381	0	4600	8933	1.00104	128.832812743
14.1471040249	0	4610	8953	1.06897	90.4778813917
7.59154295921	0	4620	8972	0.976272	168.608675058
18.4356040955	0	4630	9004	0.994675	69.4308683009
10.7092988491	0	4640	9027	1.05828	119.522297214
16.174916029	0	4650	9054	1.11982	79.1348775911
15.9964859486	0	4660	9074	1.03189	80.017574117
8.48442816734	0	4670	9093	0.910561	150.864616301
10.8024368286	0	4680	9111	0.942761	118.491782947
12.5888020992	0	4690	9125	0.930571	101.677664794
26.1454949379	0	4700	9155	0.994391	48.9568089279
40.0192890167	0	4710	9180	0.840393	31.9845762244
9.01652002335	0	4720	9206	1.0534	141.961643371
8.81085705757	0	4730	9222	1.09172	145.275311089
13.8977439404	0	4740	9240	1.00327	92.1012795669
12.4784460068	0	4750	9259	0.977449	102.576875302
11.2135090828	0	4760	9276	0.883083	114.148032569
27.1572449207	0	4770	9303	1.27464	47.1329107108
7.46840190887	0	4780	9320	0.925114	171.388740941
7.73390412331	0	4790	9338	1.10606	165.505025611
13.3499419689	0	4800	9357	0.952517	95.8805665957
9.14576292038	0	4810	9377	1.09713	139.955519418
14.6782290936	0	4820	9396	0.788801	87.2039802514
9.72086000443	0	4830	9412	0.853376	131.675592429
13.544121027	0	4840	9431	0.953352	94.5059481859
8.75173306465	0	4850	9446	0.816503	146.256746012
7.45980596542	0	4860	9463	0.90389	171.586232394
16.1634538174	0	4870	9483	0.895609	79.1909955918
16.3857681751	0	4880	9506	1.16741	78.1165695938
19.0005369186	0	4890	9531	1.03247	67.3665173506
20.2727639675	0	4900	9553	0.849254	63.1388991679
7.49723315239	0	4910	9570	1.02404	170.729651057
17.1827068329	0	4920	9594	0.761472	74.4935016612
11.4261901379	0	4930	9613	0.860722	112.023341512
9.10871100426	0	4940	9632	0.714153	140.524822821
16.9361739159	0	4950	9658	0.887892	75.5778729221
8.16641902924	0	4960	9673	0.728579	156.73944668
14.0545370579	0	4970	9692	0.976497	91.0737930911
8.14352083206	0	4980	9705	0.912417	157.180171378
9.22189807892	0	4990	9726	0.932771	138.800059277
7.51990604401	0	5000	9741	0.959927	170.214892648
15.4790639877	0	5010	9759	0.940183	82.6923385687
18.9600999355	0	5020	9780	0.964692	67.5101926863
11.0792450905	0	5030	9799	0.832964	115.531337158
9.71270799637	0	5040	9825	0.923011	131.786109546
7.46376895905	0	5050	9843	1.01671	171.495126259
15.9670369625	0	5060	9868	1.14029	80.165155439
13.4644260406	0	5070	9887	0.971797	95.0653222154
18.4143850803	0	5080	9917	0.963607	69.5108739399
8.86440491676	0	5090	9934	0.936395	144.397735891
12.5702900887	0	5100	9953	0.848778	101.827403423
25.9284098148	0	5110	9970	1.08094	49.366698889
8.91392111778	0	5120	9986	1.06245	143.595616686
9.66005897522	0	5130	10005	1.19149	132.504367032
23.5427119732	0	5140	10030	0.986118	54.3692672899
9.169080019	0	5150	10050	0.982882	139.599610577
8.37486505508	0	5160	10070	0.827325	152.838283552
11.6317410469	0	5170	10089	0.760983	110.043715282
22.3518269062	0	5180	10118	1.05088	57.2660125444
11.2769470215	0	5190	10138	0.941736	113.505898144
14.4094400406	0	5200	10156	0.801384	88.830655209
13.8715648651	0	5210	10178	0.817957	92.2750974707
7.95160007477	0	5220	10196	0.868933	160.973890533
7.95365309715	0	5230	10215	0.984175	160.932339438
15.4478797913	0	5240	10238	1.06162	82.8592672455
11.411221981	0	5250	10262	0.999121	112.170283089
7.20563817024	0	5260	10281	0.964488	177.638672628
27.9176318645	0	5270	10312	0.972516	45.8491610682
20.3318181038	0	5280	10334	0.83857	62.9555110844
7.30958104134	0	5290	10351	0.846155	175.112635425
10.5718648434	0	5300	10366	0.793362	121.076084396
19.2184669971	0	5310	10390	0.960257	66.6026067631
7.18729114532	0	5320	10413	0.876214	178.09213153
17.5902099609	0	5330	10438	0.808451	72.7677499497
12.9892020226	0	5340	10457	0.928464	98.5433899463
7.75917601585	0	5350	10477	0.87195	164.965970276
14.5396649837	0	5360	10499	0.980805	88.0350407957
9.13686108589	0	5370	10524	1.24173	140.091874876
12.4054269791	0	5380	10543	0.798794	103.18064845
9.45296978951	0	5390	10560	1.02295	135.407181923
15.9675011635	0	5400	10588	0.895921	80.1628249088
9.95805883408	0	5410	10608	0.963969	128.539108006
7.53577613831	0	5420	10625	0.892844	169.856425736
22.4938249588	0	5430	10645	0.925195	56.9045061187
20.9330301285	0	5440	10664	0.830567	61.1473824928
27.2416088581	0	5450	10680	0.934159	46.9869458396
8.37181091309	0	5460	10697	0.869116	152.894040882
11.1066930294	0	5470	10714	0.907655	115.245824892
8.33963704109	0	5480	10729	0.860689	153.483897883
18.7256810665	0	5490	10762	0.90587	68.3553241911
16.7275540829	0	5500	10784	0.897501	76.5204520433
9.00242900848	0	5510	10805	0.885051	142.183848247
12.5110139847	0	5520	10823	1.1499	102.309852868
30.748705864	0	5530	10849	0.81274	41.627768195
14.2979879379	0	5540	10867	0.963084	89.5230857346
7.75364303589	0	5550	10886	0.925628	165.083689573
8.67595005035	0	5560	10906	0.81108	147.534274929
9.68447303772	0	5570	10920	0.7319	132.170330282
11.4335930347	0	5580	10941	0.943921	111.950809873
33.2235050201	0	5590	10961	1.13969	38.5269404665
34.9379138947	0	5600	11005	1.03111	36.6364174993
23.0004389286	0	5610	11037	0.893229	55.6511118754
7.80417299271	0	5620	11052	0.841329	164.014816329
7.3719420433	0	5630	11070	0.984102	173.63131621
20.6637589931	0	5640	11092	0.932533	61.9441990407
12.2272889614	0	5650	11112	0.891609	104.683875881
13.3566260338	0	5660	11135	0.974349	95.8325850228
8.47521615028	0	5670	11159	1.01038	151.028596475
33.3864028454	0	5680	11193	0.910346	38.3389611013
7.26682710648	0	5690	11214	1.11622	176.142899954
7.39806890488	0	5700	11233	0.823093	173.018123575
7.52426695824	0	5710	11250	1.02683	170.116239509
18.4455440044	0	5720	11272	0.869535	69.3934534916
8.90312314034	0	5730	11288	0.747862	143.7697738
7.34165692329	0	5740	11304	0.88162	174.347563959
23.9170160294	0	5750	11334	1.08681	53.5183819933
8.26505804062	0	5760	11349	0.954623	154.868845894
8.54015994072	0	5770	11367	0.852454	149.880096964
14.2388839722	0	5780	11394	0.900581	89.8946857424
9.70312404633	0	5790	11412	0.902503	131.916277056
8.27142095566	0	5800	11430	0.812346	154.749710704
22.0205819607	0	5810	11450	0.785787	58.1274374258
8.78904819489	0	5820	11469	0.94325	145.635792593
20.185218811	0	5830	11487	0.972606	63.4127383995
6.92623114586	0	5840	11505	0.944886	184.804690032
33.5441868305	0	5850	11546	1.20206	38.1586236228
16.2327120304	0	5860	11567	0.760234	78.853120637
7.18360900879	0	5870	11586	0.992298	178.183417059
10.5335581303	0	5880	11609	0.937271	121.516394002
11.6139979362	0	5890	11629	0.78779	110.211832913
27.9538300037	0	5900	11669	0.891135	45.7897898009
7.99954795837	0	5910	11685	0.894203	160.009041343
7.26495313644	0	5920	11704	0.754889	176.188335418
7.43790388107	0	5930	11720	0.788991	172.091495194
30.2594211102	0	5940	11753	0.85954	42.300875332
23.1831629276	0	5950	11775	0.902615	55.2124834733
21.9777400494	0	5960	11805	0.909708	58.240747098
10.510258913	0	5970	11826	0.931892	121.785772414
11.6037321091	0	5980	11843	0.708495	110.309337373
12.1081650257	0	5990	11861	1.08552	105.713788777
10.5882790089	0	6000	11880	0.878638	120.888389787
7.3762409687	0	6010	11898	1.01845	173.530122651
7.43363499641	0	6020	11914	0.918367	172.190321507
17.7543480396	0	6030	11938	0.842979	72.0950156628
34.2147109509	0	6040	11956	0.712078	37.4108085215
11.85004282	0	6050	11973	0.898915	108.01648732
7.87584209442	0	6060	11992	0.896863	162.522303603
13.8382349014	0	6070	12017	0.865088	92.4973458767
11.5094530582	0	6080	12040	0.86362	111.212930234
9.75559902191	0	6090	12059	0.846654	131.206704696
23.6644370556	0	6100	12083	0.889897	54.0896027652
14.0591709614	0	6110	12105	0.914468	91.043775164
12.9679059982	0	6120	12125	0.83268	98.7052188823
8.19290399551	0	6130	12142	0.810721	156.232759556
12.356771946	0	6140	12162	0.874155	103.586924287
11.5479099751	0	6150	12181	0.860127	110.842568289
8.03583312035	0	6160	12196	0.905316	159.28653331
13.3779349327	0	6170	12217	0.808881	95.6799391265
7.60490393639	0	6180	12230	0.921456	168.312448219
9.05964922905	0	6190	12241	0.991071	141.285823285
21.4889178276	0	6200	12271	1.31784	59.5655867954
8.21665716171	0	6210	12286	0.874123	155.781113269
13.6306419373	0	6220	12304	0.961988	93.9060688332
8.53127288818	0	6230	12324	0.94584	150.03622751
9.94858312607	0	6240	12343	0.788	128.661537405
14.6617388725	0	6250	12362	0.775919	87.3020595394
7.51012516022	0	6260	12379	0.815799	170.436573651
25.8563640118	0	6270	12396	0.759552	49.5042535531
8.37336397171	0	6280	12422	1.01828	152.865682696
9.23551392555	0	6290	12438	0.764837	138.595427425
12.1260070801	0	6300	12458	0.98928	105.558242837
12.4379189014	0	6310	12480	0.925528	102.911106765
10.0822179317	0	6320	12501	0.924881	126.956192443
32.1698060036	0	6330	12527	1.07755	39.7888628815
7.62602901459	0	6340	12546	0.889718	167.846201155
23.6540281773	0	6350	12566	0.874765	54.1134047194
9.68093299866	0	6360	12585	1.07342	132.218661174
10.2301049232	0	6370	12606	0.882784	125.120906345
20.451843977	0	6380	12627	0.796526	62.5860436566
10.6064729691	0	6390	12643	1.20405	120.681022215
22.9729530811	0	6400	12665	0.957341	55.7176953037
11.7494199276	0	6410	12685	1.02567	108.941548424
8.75245809555	0	6420	12701	0.93902	146.244630483
9.09653782845	0	6430	12720	0.947348	140.712876057
7.70451021194	0	6440	12736	0.957644	166.136453167
15.7502567768	0	6450	12750	0.848173	81.2685163257
10.6289620399	0	6460	12773	0.674893	120.425681754
13.523170948	0	6470	12792	0.853336	94.6523566787
15.5042750835	0	6480	12813	1.02517	82.5578747218
7.43685102463	0	6490	12832	0.819132	172.115858683
7.45739507675	0	6500	12849	0.67537	171.641704218
8.7697520256	0	6510	12868	0.899951	145.956236421
7.96574687958	0	6520	12887	0.845049	160.688008212
8.31380105019	0	6530	12907	0.813907	153.960864865
14.2985038757	0	6540	12928	0.962324	89.5198554425
15.0448951721	0	6550	12948	0.804066	85.0786918324
13.2820849419	0	6560	12965	0.827436	96.3704121456
7.68777894974	0	6570	12983	0.986336	166.498023469
9.81588292122	0	6580	12997	0.885776	130.400903339
7.49517512321	0	6590	13011	0.968597	170.776530095
11.1882090569	0	6600	13030	0.944244	114.40615683
13.5195229053	0	6610	13050	0.919269	94.6778972129
8.24351906776	0	6620	13070	0.85572	155.273492968
31.9897789955	0	6630	13089	0.821292	40.0127803377
17.6729009151	0	6640	13110	0.779305	72.4272719089
7.61940002441	0	6650	13130	0.643699	167.992229821
10.9161319733	0	6660	13149	1.0498	117.257651624
13.2538330555	0	6670	13164	0.948004	96.5758354312
7.59428191185	0	6680	13183	1.2037	168.547864677
17.2545311451	0	6690	13209	0.959686	74.1834124171
13.7938070297	0	6700	13233	1.15846	92.7952665455
7.60122489929	0	6710	13247	0.83421	168.393912423
16.7170350552	0	6720	13277	0.838845	76.5686017752
7.69975805283	0	6730	13295	0.975844	166.238989747
9.3965549469	0	6740	13310	0.803566	136.220136766
10.0068669319	0	6750	13328	0.817953	127.912163588
7.46199202538	0	6760	13343	0.960677	171.535964612
22.4648549557	0	6770	13366	0.835911	56.9778884629
14.2403249741	0	6780	13386	0.955737	89.8855891513
7.29137516022	0	6790	13403	0.944207	175.549875281
9.92911481857	0	6800	13422	0.858917	128.913807866
30.2406890392	0	6810	13442	0.868924	42.3270778764
7.35905098915	0	6820	13459	0.909255	173.935471012
30.6259529591	0	6830	13480	0.934193	41.7946178429
9.75419902802	0	6840	13506	1.10307	131.225536441
24.9858100414	0	6850	13527	0.918541	51.2290775395
13.6232850552	0	6860	13552	0.991279	93.9567802345
12.212323904	0	6870	13573	1.13853	104.812156151
13.4597010612	0	6880	13592	0.864668	95.0986945531
10.8727719784	0	6890	13610	0.87353	117.725268455
10.7560260296	0	6900	13633	0.852379	119.003058981
12.2550039291	0	6910	13648	1.01963	104.447130935
16.4892761707	0	6920	13674	0.776182	77.6262091038
13.0073049068	0	6930	13694	0.807685	98.4062424282
7.41078901291	0	6940	13711	0.870944	172.721149903
11.5132920742	0	6950	13732	0.897622	111.175847164
10.428593874	0	6960	13753	0.867748	122.739461855
16.3229470253	0	6970	13779	0.940569	78.4172121625
12.107446909	0	6980	13796	0.735304	105.720058872
8.25679802895	0	6990	13814	0.938525	155.023775017
13.7888641357	0	7000	13839	0.967646	92.8285308637
33.8976109028	0	7010	13867	0.888798	37.760773279
9.21185398102	0	7020	13889	0.945924	138.951399212
14.9806051254	0	7030	13908	0.887903	85.4438114671
19.9639968872	0	7040	13931	1.02917	64.1154177308
18.8202059269	0	7050	13945	0.859869	68.0120082093
13.8615820408	0	7060	13964	0.753594	92.341552085
13.7256779671	0	7070	13983	0.685033	93.2558670742
7.84773111343	0	7080	13998	0.967134	163.104466947
18.6861350536	0	7090	14026	0.82127	68.4999865583
14.3808808327	0	7100	14046	0.885005	89.0070653455
9.37261605263	0	7110	14064	0.857517	136.568060914
12.2167420387	0	7120	14085	0.934127	104.774251265
12.9408340454	0	7130	14106	0.80325	98.9117081255
9.59909486771	0	7140	14123	0.848418	133.345905801
8.63402700424	0	7150	14137	1.15461	148.250636623
7.39892911911	0	7160	14154	0.892743	172.998008143
17.1852090359	0	7170	14172	0.923844	74.4826552489
8.95471000671	0	7180	14192	1.15699	142.941535688
7.10572600365	0	7190	14203	0.859265	180.136413836
13.660820961	0	7200	14222	0.840444	93.6986147212
14.2726869583	0	7210	14241	0.823605	89.6817819755
7.37893104553	0	7220	14257	0.923916	173.466860186
7.47192502022	0	7230	14275	0.863403	171.307928885
23.3473598957	0	7240	14295	0.864904	54.8241859344
14.079885006	0	7250	14311	0.948085	90.9098333871
14.7689931393	0	7260	14333	1.00626	86.6680611149
12.3923509121	0	7270	14354	0.822438	103.289521825
12.9527680874	0	7280	14372	0.88316	98.8205757537
12.7979338169	0	7290	14390	0.875454	100.016144661
20.9989690781	0	7300	14424	0.931701	60.9553733444
7.48510599136	0	7310	14440	0.792979	171.0062625
13.3623409271	0	7320	14455	0.94919	95.7915987162
23.0057570934	0	7330	14473	0.847247	55.6382471919
15.4064888954	0	7340	14499	0.898695	83.0818759997
7.6719481945	0	7350	14518	0.886623	166.841585416
11.6909518242	0	7360	14539	1.0046	109.486380515
9.66396713257	0	7370	14555	0.895187	132.450781593
8.16837406158	0	7380	14574	0.876201	156.701932398
11.3273639679	0	7390	14596	0.911479	113.000694921
12.2352199554	0	7400	14614	0.859192	104.616018728
17.5212540627	0	7410	14635	0.948226	73.0541315949
19.1444690228	0	7420	14661	1.13601	66.860041847
13.833509922	0	7430	14678	0.738343	92.5289393086
7.69343304634	0	7440	14695	0.892671	166.375659902
18.1202578545	0	7450	14721	0.764294	70.6391713783
17.6744320393	0	7460	14745	0.919008	72.4209975832
8.68811798096	0	7470	14766	0.917121	147.327649418
9.16012597084	0	7480	14787	0.902119	139.736069577
7.35596108437	0	7490	14803	0.93433	174.008533395
7.79286289215	0	7500	14821	0.92424	164.252857738
10.9535009861	0	7510	14839	0.833116	116.857614896
14.2352170944	0	7520	14854	0.741269	89.9178418924
9.07403302193	0	7530	14875	0.85083	141.06186267
7.26277399063	0	7540	14892	0.829306	176.241199527
12.3246569633	0	7550	14914	0.975217	103.85684598
21.4264221191	0	7560	14937	0.879687	59.7393252538
7.13293099403	0	7570	14956	1.07216	179.449373767
12.5577998161	0	7580	14976	0.826013	101.928683268
27.872120142	0	7590	15006	0.821164	45.9240270736
7.3975288868	0	7600	15022	0.992881	173.030753862
21.081466198	0	7610	15042	0.883962	60.7168395206
8.89408588409	0	7620	15062	0.843662	143.915857872
24.8027620316	0	7630	15089	0.857198	51.6071556213
7.15038990974	0	7640	15108	0.882168	179.011217032
9.81120204926	0	7650	15130	0.813208	130.463116912
9.72171592712	0	7660	15152	0.894175	131.6639994
22.8653199673	0	7670	15171	0.803041	55.9799732447
11.7263050079	0	7680	15196	0.827616	109.156294258
11.9099760056	0	7690	15215	0.890903	107.472928527
11.5614991188	0	7700	15235	0.832882	110.712286257
13.4448540211	0	7710	15253	0.746579	95.2037112485
10.5275130272	0	7720	15276	0.677516	121.586171083
7.20047092438	0	7730	15293	1.11539	177.766150776
11.0012640953	0	7740	15311	0.769931	116.350265652
7.33626484871	0	7750	15325	0.852861	174.475707516
23.0302431583	0	7760	15346	0.687237	55.5790918576
13.2216999531	0	7770	15366	0.833699	96.8105466424
9.38640499115	0	7780	15387	1.00173	136.367437928
7.27082300186	0	7790	15401	0.946535	176.046095424
15.1005969048	0	7800	15418	0.75826	84.7648611557
10.698622942	0	7810	15438	0.950297	119.641565736
17.0065231323	0	7820	15465	0.842744	75.2652373469
7.61732506752	0	7830	15481	0.63453	168.03799085
16.0450949669	0	7840	15504	0.875317	79.7751588658
10.800287962	0	7850	15522	0.803747	118.515358526
24.5410380363	0	7860	15555	0.837971	52.1575329497
18.9652788639	0	7870	15572	0.806928	67.4917573944
11.9889001846	0	7880	15587	0.802996	106.76542304
18.8960318565	0	7890	15608	0.82416	67.7390898638
15.7528500557	0	7900	15640	0.960915	81.2551376719
10.6436080933	0	7910	15664	0.869873	120.259970941
10.0611999035	0	7920	15681	0.85743	127.221406222
11.8357770443	0	7930	15699	0.965706	108.146680629
7.43483495712	0	7940	15719	1.02367	172.162530491
14.7207920551	0	7950	15740	0.841013	86.9518430263
12.5683329105	0	7960	15759	0.69264	101.843260288
15.9189450741	0	7970	15785	1.06218	80.4073381775
7.53502106667	0	7980	15804	0.72699	169.87344676
8.50128078461	0	7990	15822	0.907233	150.565547996
16.9932880402	0	8000	15843	0.859501	75.3238571002
9.16343903542	0	8010	15866	0.759583	139.685547648
18.8222200871	0	8020	15889	0.813899	68.0047302646
30.5339779854	0	8030	15932	0.686821	41.9205123097
8.57052397728	0	8040	15950	1.02923	149.349095037
11.3722300529	0	8050	15974	0.825757	112.554880972
7.52714085579	0	8060	15992	0.763034	170.051288334
10.3951210976	0	8070	16005	0.878193	123.134688667
10.9992768764	0	8080	16027	0.85232	116.371286438
14.564866066	0	8090	16047	1.08004	87.8827168202
13.0458619595	0	8100	16061	0.955231	98.1154027214
8.86549901962	0	8110	16082	0.922668	144.379915577
25.1210000515	0	8120	16102	0.854307	50.9533855092
16.9830870628	0	8130	16125	0.707702	75.3691007568
9.97912883759	0	8140	16147	0.864652	128.26770962
7.39966797829	0	8150	16164	0.760136	172.980734238
12.847025156	0	8160	16184	0.892954	99.6339607384
7.20109391212	0	8170	16202	0.754115	177.750771705
23.6311850548	0	8180	16222	0.81807	54.1657135278
20.2188980579	0	8190	16244	0.963015	63.3071098302
8.59540295601	0	8200	16262	0.910616	148.916811294
36.7298009396	0	8210	16287	0.926951	34.8490862258
7.36128115654	0	8220	16306	0.935908	173.882775672
8.72297978401	0	8230	16324	0.788761	146.738847469
15.5675990582	0	8240	16346	0.813457	82.2220559008
7.40715694427	0	8250	16361	0.803891	172.805843002
8.39397311211	0	8260	16381	0.935544	152.490362181
8.88630700111	0	8270	16398	0.807935	144.041838735
18.5335700512	0	8280	16418	0.744278	69.06386608
14.2939798832	0	8290	16438	0.905538	89.5481881505
13.0304191113	0	8300	16453	0.929623	98.2316830389
9.14685487747	0	8310	16473	0.912901	139.938811444
13.1050820351	0	8320	16492	0.923064	97.6720326187
8.03711509705	0	8330	16518	0.802592	159.261125982
17.6526319981	0	8340	16540	0.95355	72.5104335796
7.52515482903	0	8350	16556	0.812907	170.096167997
18.3052611351	0	8360	16581	0.824565	69.9252521203
16.3035788536	0	8370	16600	0.905104	78.5103695019
8.83989405632	0	8380	16617	0.891645	144.798115435
7.42890405655	0	8390	16631	0.737421	172.299977259
24.9223079681	0	8400	16657	0.848053	51.3596092961
7.75830793381	0	8410	16681	0.828887	164.984428424
7.52409505844	0	8420	16700	0.802134	170.120126083
16.7862360477	0	8430	16727	0.929457	76.2529489255
13.2575559616	0	8440	16746	0.93205	96.5487155933
17.6812169552	0	8450	16764	0.928739	72.3932070538
7.3613910675	0	8460	16786	1.06476	173.880179475
12.6268289089	0	8470	16802	0.853888	101.371453532
22.4991071224	0	8480	16824	0.929564	56.8911465257
13.2317500114	0	8490	16862	1.19503	96.7370150504
12.92663908	0	8500	16878	0.817717	99.0203247784
13.7664408684	0	8510	16899	0.940837	92.9797332686
9.23050808907	0	8520	16915	0.800387	138.670589706
9.04562282562	0	8530	16935	0.883412	141.504905154
10.9836580753	0	8540	16954	0.712351	116.536766824
27.0477910042	0	8550	16975	0.853171	47.3236427996
13.7636580467	0	8560	16993	1.04207	92.9985324871
18.5135998726	0	8570	17016	0.774137	69.1383636251
17.698841095	0	8580	17039	0.823123	72.321119396
12.0578029156	0	8590	17055	0.943044	106.155326054
9.10335707664	0	8600	17068	0.859425	140.607469225
13.0850701332	0	8610	17086	0.907102	97.8214092068
14.0380048752	0	8620	17098	0.946854	91.1810482601
15.9167490005	0	8630	17113	0.802635	80.4184321783
7.4413049221	0	8640	17129	0.847085	172.012840946
25.7718031406	0	8650	17162	0.908659	49.6666838954
13.3786540031	0	8660	17180	0.936368	95.6747965602
11.8020908833	0	8670	17204	0.809411	108.455358687
21.6324281693	0	8680	17221	0.974505	59.1704264535
14.5508458614	0	8690	17242	0.824828	87.9673946236
11.4771220684	0	8700	17263	0.796676	111.526216448
11.7635719776	0	8710	17279	0.827479	108.810487362
7.94792890549	0	8720	17297	1.02685	161.048244797
11.2015311718	0	8730	17316	0.871542	114.270092219
8.8385078907	0	8740	17337	0.781071	144.820824491
16.0734961033	0	8750	17358	0.830426	79.6341997892
15.6301159859	0	8760	17378	0.849406	81.8931862794
8.40774488449	0	8770	17393	0.877878	152.24058503
13.0548491478	0	8780	17416	0.797461	98.0478583482
7.26763486862	0	8790	17431	0.908252	176.12332253
12.1823830605	0	8800	17448	0.956882	105.069754714
26.6582150459	0	8810	17479	1.01331	48.0152177404
11.1764478683	0	8820	17502	0.894394	114.526548603
7.76044201851	0	8830	17521	0.942846	164.93905849
19.2480590343	0	8840	17549	0.935538	66.5002116689
12.4737160206	0	8850	17568	0.730632	102.615772067
9.09962797165	0	8860	17589	0.729945	140.665091363
7.60044693947	0	8870	17603	0.889769	168.411148738
7.9498360157	0	8880	17622	0.880578	161.009610446
8.69396495819	0	8890	17640	0.882652	147.228566731
7.50791215897	0	8900	17654	0.883389	170.486810833
7.59647297859	0	8910	17669	1.02348	168.499250061
8.75531291962	0	8920	17688	0.851787	146.196944844
7.41864705086	0	8930	17699	0.727988	172.538198842
7.22429490089	0	8940	17715	0.744787	177.179921025
10.4754910469	0	8950	17727	0.871552	122.189976037
10.7695491314	0	8960	17753	0.81193	118.853629282
14.3633868694	0	8970	17772	0.791346	89.115471973
7.23383808136	0	8980	17787	0.80505	176.946177894
15.7350559235	0	8990	17801	1.08574	81.3470257892
13.8559100628	0	9000	17829	0.926426	92.3793525073
17.0534889698	0	9010	17852	0.795625	75.0579545492
15.6835560799	0	9020	17878	0.685126	81.6141437237
8.00506496429	0	9030	17897	0.874944	159.898764808
18.0324258804	0	9040	17924	0.897658	70.9832392207
8.75376796722	0	9050	17938	0.826128	146.222747141
8.66303420067	0	9060	17950	0.824638	147.754236028
13.5697369576	0	9070	17975	1.02566	94.3275469528
8.09953784943	0	9080	17995	0.890444	158.03370807
9.17283821106	0	9090	18012	0.990336	139.542415395
7.6004948616	0	9100	18028	0.626873	168.410086883
8.17990207672	0	9110	18046	0.937389	156.481090849
10.9805669785	0	9120	18061	0.831765	116.569572638
7.71335792542	0	9130	18078	0.954617	165.945884059
7.23267602921	0	9140	18092	0.961178	176.9746073
15.0594930649	0	9150	18115	0.919872	84.9962209541
13.1665649414	0	9160	18132	0.867116	97.2159409608
9.0708770752	0	9170	18152	0.877633	141.110941025
11.1821799278	0	9180	18170	0.943451	114.467841536
8.63064789772	0	9190	18191	0.92924	148.308680318
9.17507410049	0	9200	18210	0.729168	139.508410066
7.61464905739	0	9210	18230	0.837504	168.097044309
21.0772900581	0	9220	18248	0.765665	60.7288696255
17.1943099499	0	9230	18275	0.977555	74.4432317279
10.9697179794	0	9240	18297	0.901961	116.684859392
9.65064287186	0	9250	18315	0.807482	132.633651146
22.4340391159	0	9260	18335	0.984885	57.0561544173
7.54051589966	0	9270	18354	0.819257	169.749658648
11.7757019997	0	9280	18374	0.587651	108.698402867
12.2065191269	0	9290	18393	0.912704	104.861999289
10.7859869003	0	9300	18415	0.897304	118.672497179
11.1869931221	0	9310	18434	0.804698	114.418591844
7.43681001663	0	9320	18453	0.81997	172.116807763
7.52408480644	0	9330	18473	1.01519	170.120357881
19.9554100037	0	9340	18492	0.867409	64.143006822
13.1550261974	0	9350	18519	0.820799	97.3012125396
7.76849889755	0	9360	18538	0.712371	164.767996608
14.709813118	0	9370	18557	0.828872	87.0167411193
11.4909079075	0	9380	18575	1.13564	111.392416535
11.5912969112	0	9390	18593	0.852448	110.427677748
10.9042031765	0	9400	18617	0.800022	117.385927177
7.53190279007	0	9410	18636	0.929835	169.943775919
8.50606417656	0	9420	18656	1.05635	150.48087734
12.000191927	0	9430	18676	0.706707	106.664960677
7.5435590744	0	9440	18694	1.03648	169.681179318
18.3682608604	0	9450	18727	0.711939	69.6854214847
13.2243180275	0	9460	18748	0.93633	96.7913806473
25.1738870144	0	9470	18787	1.0331	50.8463392748
8.71783590317	0	9480	18806	0.855809	146.825429409
14.7087612152	0	9490	18824	0.677896	87.0229641553
19.0222568512	0	9500	18849	0.914703	67.2895971289
18.6957530975	0	9510	18878	0.867795	68.4647466899
20.2150988579	0	9520	18910	0.93332	63.3190076882
7.93772101402	0	9530	18927	0.797376	161.255352479
8.30106711388	0	9540	18943	0.798688	154.197042674
22.8143918514	0	9550	18973	0.938256	56.1049362322
7.2586312294	0	9560	18987	0.738533	176.341786702
16.0295598507	0	9570	19006	0.87586	79.8524733007
15.5853350163	0	9580	19029	0.975024	82.1284880091
17.5560429096	0	9590	19048	0.802099	72.9093683918
7.54717206955	0	9600	19069	0.741549	169.599949253
9.29049706459	0	9610	19089	0.912299	137.775190186
7.63332796097	0	9620	19105	0.774595	167.685707537
7.47263002396	0	9630	19123	0.855712	171.291766874
15.2810969353	0	9640	19143	0.788566	83.7636202049
10.1518011093	0	9650	19164	0.944265	126.086000525
11.640846014	0	9660	19182	0.974379	109.957643839
9.18164181709	0	9670	19194	0.716781	139.40861836
14.6221990585	0	9680	19211	0.841437	87.5381325939
12.7937030792	0	9690	19228	0.898338	100.049218907
11.7759599686	0	9700	19247	0.807733	108.696021676
14.9891240597	0	9710	19268	0.933159	85.395250243
12.4499430656	0	9720	19292	0.705143	102.811715142
12.3896698952	0	9730	19311	0.772987	103.31187278
7.89189505577	0	9740	19326	0.921719	162.191715799
7.65654087067	0	9750	19346	0.930523	167.17732219
21.0917460918	0	9760	19365	0.873463	60.6872467754
23.3013899326	0	9770	19384	0.915685	54.9323453966
8.16786408424	0	9780	19404	1.27408	156.711716404
7.59119606018	0	9790	19424	0.752917	168.616380061
14.7568209171	0	9800	19445	0.947633	86.7395496082
12.3046720028	0	9810	19464	0.835622	104.025527841
11.4821829796	0	9820	19478	0.894428	111.477059918
7.54605388641	0	9830	19497	1.0168	169.625080773
9.81299114227	0	9840	19511	0.692198	130.43933103
11.502327919	0	9850	19529	0.760632	111.281821299
8.65191912651	0	9860	19548	0.876341	147.944055103
19.6860818863	0	9870	19567	0.979429	65.0205565228
17.6644351482	0	9880	19595	0.841296	72.461983033
7.46072697639	0	9890	19612	0.680736	171.565050437
9.18246483803	0	9900	19632	0.74226	139.396123217
16.5874190331	0	9910	19652	0.777387	77.1669177374
7.94215798378	0	9920	19665	0.972276	161.165265488
19.1943011284	0	9930	19692	1.01631	66.6864602904
9.24663090706	0	9940	19712	0.888462	138.428797782
12.5664260387	0	9950	19733	1.1186	101.858714328
16.6848568916	0	9960	19750	0.858902	76.7162708265
11.4643239975	0	9970	19767	1.0471	111.650717502
10.8871910572	0	9980	19785	0.976436	117.569352212
14.3345849514	0	9990	19803	0.853273	89.2945281876
12.0636401176	0	10000	19834	0.922624	106.103960954
5.81384706497	0	10010	19844	0.787623	220.164030064
2.51540184021	0	10020	19855	0.833169	508.865016928
8.29840993881	0	10030	19876	0.75557	154.246417017
2.55480408669	0	10040	19888	0.927123	501.016890755
3.37771105766	0	10050	19898	0.791028	378.95485379
7.83313703537	0	10060	19913	0.834737	163.40835022
24.5564639568	0	10070	19937	0.930973	52.1247685436
6.81185603142	0	10080	19949	0.764888	187.907670699
8.50670194626	0	10090	19964	0.892906	150.469595395
2.7163040638	0	10100	19975	0.873628	471.22854067
7.64142203331	0	10110	19991	0.747077	167.508088733
Training elapsed time: 13131.57182 s
