Duration	Worker	LocalStep	GlobalStep	Loss	ExamplesPerSec
22.1582949162	0	10	12	4.61212	57.7661776253
8.38120913506	0	20	32	4.57838	152.722594005
12.4820928574	0	30	53	4.4037	102.546905765
10.9622020721	0	40	69	4.30699	116.76486089
17.30677104	0	50	89	4.29097	73.9594923307
14.8638279438	0	60	109	4.06858	86.1150979976
8.18840408325	0	70	126	4.09854	156.318616789
8.08623695374	0	80	141	3.9389	158.293654678
13.3146309853	0	90	161	4.17028	96.1348460515
13.1999590397	0	100	174	3.92743	96.9699978728
11.2998259068	0	110	197	3.91197	113.276081469
8.31585097313	0	120	217	4.09637	153.922912296
11.4381990433	0	130	236	3.87851	111.905728792
16.4204771519	0	140	257	3.80558	77.9514497759
8.20789194107	0	150	274	4.11125	155.947472163
11.1030819416	0	160	297	3.6934	115.283306629
8.43750309944	0	170	312	3.51723	151.703647977
12.1914739609	0	180	336	3.72388	104.991406626
7.89000606537	0	190	351	3.46822	162.230547023
26.7065169811	0	200	388	3.45169	47.9283764672
12.4775698185	0	210	406	3.58814	102.58407836
23.4190161228	0	220	424	3.66976	54.6564378831
8.38368391991	0	230	442	3.4514	152.677511727
14.8234570026	0	240	462	3.25751	86.3496281449
12.9761760235	0	250	482	3.52945	98.6423117013
10.0370800495	0	260	503	3.25382	127.527128775
8.7105910778	0	270	522	3.20693	146.947547941
12.1313719749	0	280	542	3.11239	105.511561482
25.0259578228	0	290	565	3.21967	51.1468935201
12.4545311928	0	300	585	3.16163	102.773840315
9.34896087646	0	310	606	2.94891	136.913611781
11.8752789497	0	320	630	2.96551	107.786941715
8.06869101524	0	330	645	2.88601	158.63787541
16.9344010353	0	340	669	3.01225	75.5857852505
10.9689791203	0	350	685	2.98333	116.692719164
10.7054128647	0	360	705	2.98865	119.56568291
17.3670530319	0	370	723	2.94674	73.7027748834
13.1729719639	0	380	740	2.76012	97.1686574229
15.8404901028	0	390	764	2.95982	80.8055806162
8.55213999748	0	400	784	2.66337	149.670141085
8.05913591385	0	410	798	2.73647	158.825960212
14.6948170662	0	420	812	3.17148	87.1055416501
10.1777908802	0	430	834	2.84561	125.764030237
7.96719813347	0	440	850	2.73531	160.658738311
8.77685499191	0	450	869	2.77458	145.838116407
9.02879405022	0	460	883	2.83785	141.768656244
8.10521101952	0	470	901	2.61599	157.923093787
12.9757390022	0	480	921	2.97268	98.645633962
18.3049638271	0	490	934	2.55002	69.9263878415
12.7536380291	0	500	954	2.59337	100.363519576
9.53816103935	0	510	969	2.43649	134.197776146
11.4204480648	0	520	987	2.55012	112.079665591
8.3195438385	0	530	1001	2.74121	153.854589248
18.9272780418	0	540	1019	2.43784	67.6272624712
25.368899107	0	550	1044	2.38227	50.4554807287
32.0864260197	0	560	1065	2.52734	39.8922584652
11.7418458462	0	570	1096	2.21969	109.011821205
14.2066690922	0	580	1113	2.88113	90.0985299013
12.2644529343	0	590	1136	2.41004	104.366660858
9.15412902832	0	600	1153	2.38713	139.827611785
8.0706679821	0	610	1171	2.252	158.599015947
14.5831871033	0	620	1186	2.28047	87.7723086823
9.93460893631	0	630	1208	2.37842	128.84251491
17.9775819778	0	640	1239	2.12077	71.1997865774
8.49967813492	0	650	1260	2.61828	150.593937756
25.0693228245	0	660	1289	2.18575	51.058419446
8.51011419296	0	670	1309	2.12497	150.409262552
13.9885318279	0	680	1329	2.50774	91.5035270138
20.6588690281	0	690	1345	2.16699	61.9588612648
9.83351993561	0	700	1359	2.15882	130.167021411
13.2577559948	0	710	1374	2.51833	96.5472588651
12.709015131	0	720	1397	2.1457	100.715908102
11.0777258873	0	730	1413	2.27993	115.547181165
21.8205430508	0	740	1446	1.99298	58.6603182617
26.1277410984	0	750	1475	1.96821	48.9900751534
20.4165759087	0	760	1500	2.06286	62.6941562447
13.0345780849	0	770	1522	2.01698	98.2003400232
11.9986519814	0	780	1547	2.139	106.678650401
22.5757629871	0	790	1567	2.10139	56.6979729868
10.6799309254	0	800	1586	2.16755	119.850962421
30.521212101	0	810	1604	2.03524	41.9380460961
23.0388748646	0	820	1634	1.66745	55.5582686882
18.6589171886	0	830	1655	1.9076	68.5999078649
15.2015318871	0	840	1672	1.90796	84.2020402621
8.00015592575	0	850	1686	1.87667	159.996881546
14.5822310448	0	860	1697	1.86049	87.7780633204
14.0869500637	0	870	1720	1.87619	90.8642391867
7.98412489891	0	880	1738	2.00766	160.318133322
7.85022616386	0	890	1753	2.0417	163.052627183
16.285394907	0	900	1778	1.70863	78.598032612
11.5349240303	0	910	1802	2.75035	110.967354153
9.10314106941	0	920	1823	1.94621	140.610805681
10.9897758961	0	930	1840	2.17299	116.471892794
8.54509902	0	940	1855	1.78968	149.793466056
15.4589390755	0	950	1880	1.92909	82.7999899444
8.72671580315	0	960	1901	1.93622	146.676026683
24.7043750286	0	970	1928	1.97355	51.8126849401
16.5225930214	0	980	1950	1.60558	77.4696803548
9.5916261673	0	990	1970	1.90809	133.449738102
21.9766058922	0	1000	1992	1.56396	58.243752756
11.9576020241	0	1010	2011	1.84486	107.044873832
8.70001888275	0	1020	2033	1.62967	147.126117454
17.4102602005	0	1030	2055	1.70753	73.5198661743
38.8316338062	0	1040	2079	1.70953	32.9628159965
10.8308391571	0	1050	2101	1.71441	118.181055173
14.5914318562	0	1060	2130	1.59021	87.7227137555
8.12377810478	0	1070	2149	1.61995	157.562156855
12.5209999084	0	1080	2168	1.64541	102.228257277
8.07038998604	0	1090	2181	1.41621	158.604479116
8.08751416206	0	1100	2200	1.58576	158.268656394
23.1198148727	0	1110	2219	1.6544	55.36376511
18.6657540798	0	1120	2238	1.43611	68.5747810952
18.1467218399	0	1130	2262	1.4554	70.5361558574
22.5478470325	0	1140	2277	1.70263	56.7681694023
7.85944199562	0	1150	2296	1.71171	162.861434783
15.2362620831	0	1160	2316	1.5811	84.010106483
8.65446090698	0	1170	2330	1.3655	147.900604527
7.66839718819	0	1180	2347	1.51409	166.918844784
10.0104379654	0	1190	2365	1.6755	127.866533355
10.0243508816	0	1200	2388	1.56027	127.689065868
14.1231491566	0	1210	2406	1.60613	90.6313447383
7.75207090378	0	1220	2426	1.43865	165.117168804
18.7336308956	0	1230	2444	1.40573	68.3263168327
10.77561903	0	1240	2459	1.39825	118.786679117
12.3155150414	0	1250	2477	1.46426	103.933939888
31.7747399807	0	1260	2497	1.36604	40.2835711882
12.7552671432	0	1270	2518	1.43204	100.350701057
12.9752600193	0	1280	2539	1.57155	98.6492754747
13.3935389519	0	1290	2565	1.60839	95.5684680949
10.3187348843	0	1300	2584	1.49563	124.04621442
12.9337489605	0	1310	2603	1.85694	98.9658917851
18.0083141327	0	1320	2623	1.49294	71.0782803192
20.3889069557	0	1330	2663	1.37184	62.7792359237
12.6327400208	0	1340	2688	1.52496	101.324019801
23.9746549129	0	1350	2717	1.41048	53.3897152909
27.7851731777	0	1360	2749	1.50864	46.0677351843
21.1866219044	0	1370	2770	1.64773	60.4154832128
15.5731670856	0	1380	2788	1.34992	82.192658241
7.83793783188	0	1390	2803	1.56336	163.308261364
13.5354959965	0	1400	2826	1.52608	94.5661688595
14.0516550541	0	1410	2849	1.21479	91.0924723865
8.1869161129	0	1420	2873	1.59846	156.347027666
13.0938010216	0	1430	2893	1.58381	97.7561823256
14.2629859447	0	1440	2912	1.54826	89.7427793141
22.849408865	0	1450	2942	1.44731	56.0189546944
7.68812513351	0	1460	2959	1.39906	166.490526334
13.9328360558	0	1470	2981	1.42959	91.8693075034
7.56797289848	0	1480	2995	1.3774	169.133798069
18.4977760315	0	1490	3008	1.45361	69.1975077339
19.8929769993	0	1500	3026	1.61243	64.3443160893
14.7890110016	0	1510	3047	1.41145	86.5507504094
10.3143219948	0	1520	3059	1.40789	124.099286473
7.58349490166	0	1530	3077	1.38821	168.787612651
11.2238550186	0	1540	3091	1.33602	114.042813087
29.3854939938	0	1550	3115	1.34156	43.5589069992
15.4514501095	0	1560	3136	1.30577	82.8401212139
21.235875845	0	1570	3155	1.30059	60.2753571054
13.6096839905	0	1580	3172	1.4262	94.0506775099
18.4996111393	0	1590	3195	1.41713	69.1906435417
8.17703604698	0	1600	3219	1.30958	156.535937062
7.7716448307	0	1610	3238	1.26455	164.701299131
7.66664910316	0	1620	3254	1.20947	166.956904219
17.7642579079	0	1630	3277	1.453	72.054797146
9.46443510056	0	1640	3299	1.49425	135.243148313
9.87988305092	0	1650	3321	1.23231	129.556189421
19.2446718216	0	1660	3341	1.2055	66.5119162263
24.2799010277	0	1670	3372	1.26997	52.7185015516
10.9390799999	0	1680	3395	1.12822	117.011668258
9.63043808937	0	1690	3414	1.15458	132.911918245
12.8860740662	0	1700	3433	1.39834	99.3320380923
7.478099823	0	1710	3452	1.11385	171.166476819
21.5333201885	0	1720	3476	1.22936	59.4427607445
13.92877388	0	1730	3493	1.22464	91.8961001899
9.23964905739	0	1740	3505	1.28219	138.533400138
7.67795395851	0	1750	3523	1.24347	166.711080441
12.9977259636	0	1760	3539	1.34142	98.4787649459
8.01081204414	0	1770	3550	1.07034	159.784050973
7.78325390816	0	1780	3567	1.27992	164.455639647
11.2422780991	0	1790	3586	1.16267	113.855927484
11.259912014	0	1800	3604	1.08728	113.677620074
14.328594923	0	1810	3630	1.15371	89.3318575113
9.6530520916	0	1820	3650	1.07751	132.600548288
7.95159602165	0	1830	3670	1.23126	160.973972585
10.852848053	0	1840	3690	1.06874	117.941391398
12.3576028347	0	1850	3707	1.50237	103.579959408
12.7668099403	0	1860	3728	1.29942	100.25997144
8.46695709229	0	1870	3748	1.32704	151.17591669
7.83779501915	0	1880	3767	1.22881	163.311237009
7.77225089073	0	1890	3786	1.60463	164.688456149
9.52377915382	0	1900	3808	1.1428	134.400428583
8.58447599411	0	1910	3823	1.0366	149.106363729
10.1067829132	0	1920	3843	1.15428	126.64761982
10.3924660683	0	1930	3864	1.17811	123.166146667
14.5373969078	0	1940	3880	1.39186	88.0487757277
8.82605600357	0	1950	3901	1.08536	145.025139143
11.3568589687	0	1960	3924	1.14817	112.707219798
19.3153321743	0	1970	3944	1.32499	66.2685988752
10.9024188519	0	1980	3959	1.18196	117.405138932
15.042522192	0	1990	3976	1.19176	85.0921131219
12.029558897	0	2000	3997	1.08087	106.404566531
11.4258069992	0	2010	4011	0.957604	112.027097962
14.0962300301	0	2020	4030	1.07481	90.8044205628
11.0840809345	0	2030	4052	1.42688	115.480932299
7.76169109344	0	2040	4070	1.07749	164.912515145
15.0538899899	0	2050	4092	1.31566	85.0278566445
14.2736439705	0	2060	4111	1.13867	89.675769036
7.53996896744	0	2070	4131	1.12632	169.761971903
7.7214179039	0	2080	4151	1.14193	165.772661955
8.01310110092	0	2090	4168	0.994983	159.738406377
17.541795969	0	2100	4187	1.09188	72.9685832774
13.0560259819	0	2110	4201	1.08569	98.0390205851
7.79645204544	0	2120	4218	1.08419	164.177242743
9.4359099865	0	2130	4232	1.36873	135.651993484
7.82320594788	0	2140	4250	1.16609	163.615787252
9.6034309864	0	2150	4265	1.11568	133.285697769
18.9046189785	0	2160	4282	1.13312	67.7083204616
11.8952929974	0	2170	4297	1.16843	107.605588217
7.98242402077	0	2180	4315	1.10623	160.352293573
12.1999640465	0	2190	4329	1.53342	104.918341982
13.2652249336	0	2200	4348	1.19576	96.4928982663
20.9224851131	0	2210	4370	1.02973	61.1782010157
15.7307798862	0	2220	4386	1.09512	81.3691380374
25.3459022045	0	2230	4410	1.03178	50.5012601119
16.8671958447	0	2240	4436	1.34943	75.8869471718
12.6334540844	0	2250	4456	1.21243	101.3182928
7.93994498253	0	2260	4475	0.912068	161.21018506
10.8734340668	0	2270	4496	1.15658	117.718100109
11.2898299694	0	2280	4520	0.98078	113.376375328
14.1492519379	0	2290	4545	1.04203	90.4641464878
19.8285830021	0	2300	4575	1.1634	64.5532764427
11.4260230064	0	2310	4593	1.10065	112.024980107
27.7954471111	0	2320	4613	1.08785	46.0507073292
15.9608738422	0	2330	4632	1.12442	80.1961103541
14.8090100288	0	2340	4647	0.971949	86.4338667816
18.5511000156	0	2350	4669	1.20914	68.9986037982
11.3249590397	0	2360	4688	1.22825	113.024691349
29.0062148571	0	2370	4710	1.20676	44.1284740634
13.6342802048	0	2380	4734	1.23042	93.8810102753
7.62079381943	0	2390	4754	1.10524	167.961505104
10.7205770016	0	2400	4771	1.08157	119.396558582
14.6278140545	0	2410	4794	1.30618	87.5045304262
7.88952112198	0	2420	4810	1.04999	162.240518811
9.01617884636	0	2430	4830	1.10975	141.967015275
22.4206321239	0	2440	4848	1.11266	57.090272608
8.85232996941	0	2450	4866	0.948222	144.594700426
11.8372380733	0	2460	4886	1.05045	108.133332461
8.61053800583	0	2470	4909	1.02476	148.655054903
8.03881692886	0	2480	4924	1.15794	159.227410119
13.4494669437	0	2490	4943	0.990419	95.1710581062
19.8642659187	0	2500	4962	1.2891	64.4373170011
12.7282152176	0	2510	4982	1.25146	100.563981526
18.4915947914	0	2520	5007	1.1786	69.2206385895
9.7300260067	0	2530	5027	1.22139	131.55154972
7.83000016212	0	2540	5046	0.924859	163.473815261
10.2039968967	0	2550	5059	1.01652	125.441041677
14.8867740631	0	2560	5087	0.925879	85.9823622347
11.486125946	0	2570	5107	1.06842	111.438791984
15.1779220104	0	2580	5129	1.36802	84.3330199695
11.7727220058	0	2590	5149	0.965523	108.725917368
7.85696792603	0	2600	5166	1.14167	162.912717991
7.45696616173	0	2610	5186	1.07987	171.651576826
13.5693969727	0	2620	5205	1.05314	94.3299103548
8.02212190628	0	2630	5216	0.936377	159.558781947
7.93586993217	0	2640	5233	1.05774	161.292966107
7.76306605339	0	2650	5253	1.01801	164.883306569
8.92277002335	0	2660	5275	0.822908	143.453209782
8.11447906494	0	2670	5288	1.05332	157.742720113
10.0817470551	0	2680	5305	1.15546	126.962122042
7.87732601166	0	2690	5325	0.947614	162.491687929
8.30153489113	0	2700	5341	0.944652	154.188353935
8.02396702766	0	2710	5356	0.953961	159.522091203
20.2598059177	0	2720	5372	1.13388	63.1792824273
15.4983460903	0	2730	5392	1.1571	82.5894577744
11.1067368984	0	2740	5409	1.00911	115.245369698
7.87465906143	0	2750	5426	0.93523	162.546719803
7.76955008507	0	2760	5446	0.984288	164.745704189
16.4668798447	0	2770	5464	0.953625	77.731787204
8.09824109077	0	2780	5481	1.93118	158.05901376
13.1076369286	0	2790	5499	1.03826	97.6529947371
8.27944302559	0	2800	5518	1.2154	154.599771512
29.3357539177	0	2810	5542	1.14664	43.6327630642
13.9440941811	0	2820	5567	1.1713	91.7951344404
17.1968548298	0	2830	5602	1.05287	74.4322152318
21.1670601368	0	2840	5621	1.11318	60.4713168351
12.6334788799	0	2850	5642	1.00005	101.318093944
11.9895250797	0	2860	5662	1.14957	106.759858417
16.8000090122	0	2870	5684	0.98011	76.1904353187
14.5005669594	0	2880	5704	0.972533	88.2724105606
9.13170003891	0	2890	5723	0.879061	140.17105189
7.45985794067	0	2900	5742	1.0709	171.585036897
13.1137161255	0	2910	5761	1.08104	97.6077252055
12.4536569118	0	2920	5782	1.24063	102.781055321
8.79555511475	0	2930	5800	0.948194	145.52805176
14.412927866	0	2940	5827	1.17388	88.8091588262
8.37609910965	0	2950	5841	1.05397	152.815765817
7.72474098206	0	2960	5861	0.978422	165.701348818
11.318146944	0	2970	5881	0.929219	113.092717945
10.5643539429	0	2980	5900	1.00996	121.162165422
20.1339530945	0	2990	5928	1.1165	63.574201946
7.6072499752	0	3000	5943	0.91473	168.26054148
21.9297480583	0	3010	5965	1.15759	58.3682036199
7.46624398232	0	3020	5982	0.981358	171.438276466
8.96065092087	0	3030	5995	0.839844	142.846765408
9.24671602249	0	3040	6016	1.14651	138.427523554
11.5831120014	0	3050	6038	0.988029	110.505708642
9.0428071022	0	3060	6056	0.964977	141.548966547
7.30084395409	0	3070	6070	1.1394	175.322196728
8.13703298569	0	3080	6088	0.863104	157.305494798
7.78967785835	0	3090	6107	1.00002	164.320017243
22.6877601147	0	3100	6131	0.937701	56.4180859428
17.6398410797	0	3110	6156	1.10976	72.5630120031
8.57221794128	0	3120	6177	0.910208	149.319582023
11.7417190075	0	3130	6193	0.994371	109.012998794
14.58613801	0	3140	6214	1.05513	87.7545515557
7.75763201714	0	3150	6235	1.10745	164.998803394
25.8965389729	0	3160	6254	1.18053	49.4274544309
14.4182050228	0	3170	6276	1.07283	88.7766540963
8.76795482635	0	3180	6297	0.946241	145.986153596
15.0702590942	0	3190	6320	0.947871	84.9355005774
13.6725959778	0	3200	6337	0.909649	93.6179202603
16.1665639877	0	3210	6357	0.940473	79.1757605989
11.9931299686	0	3220	6378	1.12266	106.727768593
25.3279750347	0	3230	6393	0.916818	50.5370049617
7.8608520031	0	3240	6413	1.00708	162.832222194
10.0716421604	0	3250	6429	1.04669	127.089503341
7.96663689613	0	3260	6448	0.979938	160.670056473
17.7171669006	0	3270	6463	1.13167	72.2463138254
12.6393589973	0	3280	6484	1.11447	101.270958461
8.02301216125	0	3290	6501	1.02259	159.541076877
8.72570586205	0	3300	6521	1.00504	146.693003436
13.1514689922	0	3310	6541	0.985371	97.327530541
9.23952198029	0	3320	6555	1.00799	138.535305477
10.5892241001	0	3330	6576	0.9621	120.877600464
8.93703603745	0	3340	6594	0.881949	143.224218257
14.9721829891	0	3350	6617	0.863789	85.4918752282
11.2128489017	0	3360	6641	0.945023	114.154753285
11.2721590996	0	3370	6660	1.09622	113.554110503
8.53200292587	0	3380	6680	1.06396	150.023389715
13.9404079914	0	3390	6701	1.16614	91.8194073508
12.5322589874	0	3400	6731	0.907935	102.136414615
7.75363612175	0	3410	6748	1.08432	165.083836783
7.73280882835	0	3420	6768	0.886279	165.528468169
11.9904801846	0	3430	6785	0.967101	106.751354433
13.1711440086	0	3440	6808	0.948414	97.1821429605
7.86125993729	0	3450	6827	0.960148	162.823772552
17.7560989857	0	3460	6846	0.935308	72.0879063038
7.7768599987	0	3470	6866	0.915471	164.590850319
18.3250908852	0	3480	6886	0.824308	69.8495853593
14.1364412308	0	3490	6911	0.891027	90.5461267871
8.567745924	0	3500	6926	0.961386	149.397520813
16.7063319683	0	3510	6947	0.851842	76.6176562532
16.4396619797	0	3520	6971	1.12077	77.860481656
8.02167701721	0	3530	6989	1.06464	159.567631214
14.2074189186	0	3540	7011	1.0691	90.0937747618
15.6674571037	0	3550	7036	1.00236	81.698005715
10.7135639191	0	3560	7054	1.04342	119.474715386
10.0866751671	0	3570	7070	0.91601	126.900091338
13.213465929	0	3580	7092	1.03419	96.8708745211
15.2112948895	0	3590	7113	0.920389	84.1479972154
12.1911180019	0	3600	7130	1.05033	104.994472188
20.9364249706	0	3610	7150	0.91943	61.1374674423
15.3120970726	0	3620	7172	0.918193	83.5940363969
19.3548350334	0	3630	7197	0.764141	66.1333458947
7.84969091415	0	3640	7217	0.852087	163.063745312
21.9404711723	0	3650	7251	1.10454	58.3396769352
18.7162268162	0	3660	7272	1.03187	68.389852964
8.67596817017	0	3670	7295	0.891952	147.533966803
7.92686986923	0	3680	7312	0.978138	161.476096002
7.81852793694	0	3690	7332	0.850921	163.713682464
12.0416212082	0	3700	7356	0.903058	106.29797914
10.1279549599	0	3710	7373	1.01808	126.382868513
24.017416954	0	3720	7409	0.932934	53.2946570586
12.4502980709	0	3730	7427	1.10113	102.80878359
9.68222594261	0	3740	7448	1.11867	132.201004974
8.35998797417	0	3750	7459	0.892947	153.110268096
7.82351994514	0	3760	7471	0.984201	163.609220527
16.967402935	0	3770	7490	1.03478	75.4387695572
7.78691720963	0	3780	7505	0.857809	164.378272626
8.62627196312	0	3790	7524	0.775422	148.383914334
21.2440049648	0	3800	7544	1.08306	60.2522924523
23.3034729958	0	3810	7570	1.05917	54.9274350751
10.7469890118	0	3820	7597	1.21417	119.103127267
13.1520860195	0	3830	7620	1.06966	97.3229644408
13.1948728561	0	3840	7638	0.930045	97.0073765739
7.87078499794	0	3850	7657	1.00146	162.626726602
12.233520031	0	3860	7678	0.99906	104.630555781
19.5394079685	0	3870	7703	0.869123	65.5086378289
17.0248401165	0	3880	7721	0.930585	75.1842596606
11.6602380276	0	3890	7741	1.11424	109.774774492
19.5946989059	0	3900	7769	0.878403	65.3237901814
24.1311430931	0	3910	7796	0.916009	53.0434880379
7.92210888863	0	3920	7816	1.12953	161.57313892
13.123085022	0	3930	7836	0.948104	97.5380406251
10.3962349892	0	3940	7853	0.900258	123.121495554
8.2154071331	0	3950	7869	0.995848	155.804816397
9.390873909	0	3960	7887	0.879806	136.302543555
11.0427339077	0	3970	7908	0.938605	115.913324608
8.7902200222	0	3980	7920	1.05563	145.616377834
9.1617000103	0	3990	7939	0.955998	139.712062015
13.7977039814	0	4000	7960	0.956504	92.7690579335
12.3075740337	0	4010	7981	1.04373	104.000999425
13.3473601341	0	4020	8000	0.904295	95.8991131683
9.49583983421	0	4030	8014	0.904687	134.79587086
7.87388920784	0	4040	8035	1.02431	162.562612479
15.778747797	0	4050	8055	1.05352	81.1217731893
7.67543697357	0	4060	8074	0.809458	166.765749547
9.73057103157	0	4070	8087	0.846677	131.544181307
8.63596916199	0	4080	8100	1.02436	148.217296286
15.6449878216	0	4090	8116	0.934343	81.8153401331
23.8149671555	0	4100	8143	0.825804	53.7477121696
16.104323864	0	4110	8165	1.05889	79.4817597318
13.663175106	0	4120	8191	1.04638	93.6824705872
7.86541104317	0	4130	8205	1.23383	162.737839507
12.2221708298	0	4140	8225	0.870089	104.72771309
7.82624411583	0	4150	8245	0.931353	163.552271186
20.5306429863	0	4160	8264	0.783887	62.3458311001
13.419878006	0	4170	8282	0.836183	95.3808968628
11.5289208889	0	4180	8303	0.90126	111.025135165
7.99782419205	0	4190	8321	0.966896	160.043527998
7.50117588043	0	4200	8338	0.92614	170.639913049
11.5711870193	0	4210	8354	0.946488	110.61959312
14.0882120132	0	4220	8375	0.95144	90.8561000357
24.3616120815	0	4230	8402	0.947599	52.5416789216
13.1341588497	0	4240	8420	1.02736	97.4558031958
13.4573199749	0	4250	8442	1.02956	95.1155209497
10.0072770119	0	4260	8459	0.931615	127.906921981
26.2951080799	0	4270	8486	0.938015	48.6782558988
10.2464950085	0	4280	8503	1.13467	124.920765485
12.2621870041	0	4290	8521	1.0851	104.385946779
20.4611279964	0	4300	8551	1.00693	62.5576459041
9.17340397835	0	4310	8571	0.82076	139.533809153
16.6609520912	0	4320	8602	0.878722	76.8263417956
9.62871789932	0	4330	8621	0.963783	132.93566323
33.9149880409	0	4340	8640	1.09292	37.7414256628
12.544508934	0	4350	8658	0.912691	102.036676504
8.95833516121	0	4360	8674	0.894237	142.883691776
8.3578979969	0	4370	8692	1.02559	153.148554873
13.9720687866	0	4380	8713	0.972089	91.6113439998
14.2230532169	0	4390	8734	0.883879	89.9947416688
22.5425949097	0	4400	8765	0.976017	56.7813956259
14.0561840534	0	4410	8787	0.871889	91.0631217644
7.57160186768	0	4420	8803	0.934144	169.052734464
7.81841611862	0	4430	8821	0.787906	163.716023883
11.4772820473	0	4440	8842	1.12403	111.524661913
7.98330378532	0	4450	8861	0.76416	160.33462266
10.2418961525	0	4460	8877	0.905197	124.976857892
7.6948299408	0	4470	8892	0.908156	166.345456605
24.0538539886	0	4480	8922	0.859647	53.2139257436
13.2647979259	0	4490	8947	1.11736	96.4960044733
7.86083006859	0	4500	8966	0.837549	162.832676553
7.91452312469	0	4510	8978	0.83691	161.728000517
10.8419098854	0	4520	9001	0.896142	118.060379908
16.8065180779	0	4530	9026	1.02996	76.1609272111
18.0187129974	0	4540	9047	1.16394	71.0372599964
13.5471529961	0	4550	9064	1.07491	94.4847969438
28.5882658958	0	4560	9087	0.926346	44.7736146244
13.1445159912	0	4570	9107	0.848603	97.3790134879
9.03793597221	0	4580	9121	0.952375	141.625256467
18.2640681267	0	4590	9137	1.02192	70.0829624113
31.1226630211	0	4600	9154	0.993507	41.1275860016
19.9488790035	0	4610	9173	1.03241	64.1640063972
9.48910903931	0	4620	9194	0.985569	134.891483984
15.6975839138	0	4630	9219	1.00533	81.5412108659
13.1758449078	0	4640	9244	0.893785	97.1474701593
15.3746070862	0	4650	9259	0.809507	83.2541601112
12.5006799698	0	4660	9274	0.886361	102.39442999
10.2130861282	0	4670	9294	0.739601	125.329404249
9.57038187981	0	4680	9315	0.947154	133.745969187
7.74798703194	0	4690	9332	0.88357	165.2042001
7.77655696869	0	4700	9350	0.852298	164.59726395
7.87798810005	0	4710	9367	1.07372	162.478031668
7.7493519783	0	4720	9381	0.954189	165.175101555
13.8951058388	0	4730	9408	1.09461	92.118765762
13.6500251293	0	4740	9431	0.783611	93.7727211396
7.98382091522	0	4750	9451	1.0684	160.324237429
24.4717960358	0	4760	9471	0.810203	52.3051106723
21.7991480827	0	4770	9490	1.11291	58.7178909534
21.7786488533	0	4780	9508	0.98342	58.7731593737
22.7271211147	0	4790	9529	0.891171	56.3203757105
19.4546470642	0	4800	9547	0.873155	65.7940488859
19.4527349472	0	4810	9579	0.901508	65.8005161472
17.4927020073	0	4820	9604	0.946367	73.1733724994
14.7863008976	0	4830	9625	0.774351	86.5666138451
8.46772408485	0	4840	9638	1.00282	151.162223423
17.7802169323	0	4850	9658	0.903255	71.9901227794
7.90507912636	0	4860	9678	0.958436	161.921212873
7.67512178421	0	4870	9698	0.653971	166.772598011
14.8853750229	0	4880	9717	0.886245	85.9904435079
8.32788610458	0	4890	9730	0.934782	153.700468994
7.84078097343	0	4900	9749	1.16776	163.249044239
12.1649799347	0	4910	9767	0.744641	105.220066689
8.2101380825	0	4920	9783	1.07825	155.904807829
7.57707095146	0	4930	9797	0.87917	168.930713227
17.0708060265	0	4940	9815	0.992979	74.9818138649
8.36236310005	0	4950	9836	0.803673	153.066780847
10.9600939751	0	4960	9858	1.18109	116.78731979
28.5576269627	0	4970	9883	0.766176	44.8216513814
11.2094368935	0	4980	9907	0.90638	114.189500522
8.65121197701	0	4990	9928	1.02821	147.956148041
15.6461951733	0	5000	9945	0.819114	81.8090267842
2.59329390526	0	5010	9959	0.821133	493.580769
3.57216405869	0	5020	9970	0.663788	358.326207579
6.65079808235	0	5030	9984	0.800257	192.458105651
7.28729486465	0	5040	10000	0.699175	175.648169008
5.52435398102	0	5050	10017	0.8225	231.70130017
2.84035611153	0	5060	10030	0.942179	450.647718012
2.78096795082	0	5070	10044	1.01199	460.271395656
5.27244091034	0	5080	10060	0.894307	242.771805653
4.08670115471	0	5090	10074	0.893105	313.211059861
11.7562158108	0	5100	10095	0.820147	108.878572885
3.09283399582	0	5110	10107	0.881649	413.859910273
4.07553720474	0	5120	10125	0.8647	314.069025921
6.11016392708	0	5130	10152	0.707017	209.487014633
5.67855000496	0	5140	10163	0.840522	225.409655437
5.25480294228	0	5150	10175	0.728893	243.586679474
6.20142102242	0	5160	10199	0.739556	206.404305622
2.80923604965	0	5170	10209	0.753357	455.639888346
6.04522705078	0	5180	10227	0.954485	211.73729113
17.7117059231	0	5190	10278	0.925061	72.2685892346
12.9063229561	0	5200	10317	0.679972	99.1761948276
2.69106006622	0	5210	10336	0.969816	475.64898906
6.01326990128	0	5220	10357	0.869071	212.862555817
9.15827202797	0	5230	10386	0.84198	139.764356867
5.26325106621	0	5240	10403	0.644029	243.195694809
8.75796985626	0	5250	10432	0.844736	146.152592554
2.84091806412	0	5260	10447	0.853997	450.558576879
3.65403294563	0	5270	10458	0.829974	350.297881558
2.84319019318	0	5280	10469	0.844	450.198514004
9.34763002396	0	5290	10490	0.834843	136.933104618
7.97206783295	0	5300	10502	0.794899	160.56060069
5.31548905373	0	5310	10516	0.90125	240.805688256
3.00707197189	0	5320	10526	0.760748	425.663240509
2.80589294434	0	5330	10537	0.857774	456.182764415
3.0980360508	0	5340	10550	1.02492	413.164979042
5.72531604767	0	5350	10575	0.774942	223.568443968
2.84552502632	0	5360	10586	0.768768	449.829113489
2.63143205643	0	5370	10599	0.904787	486.427151662
2.65273284912	0	5380	10610	0.700613	482.521261206
2.78695297241	0	5390	10623	0.789432	459.282956214
4.80698919296	0	5400	10634	0.76161	266.278942727
5.10243177414	0	5410	10664	0.797555	250.860777108
2.82996511459	0	5420	10682	1.07152	452.302395319
4.79205393791	0	5430	10703	0.875661	267.108846558
3.57895517349	0	5440	10725	0.748777	357.646278858
5.97453284264	0	5450	10752	0.751464	214.242692059
5.54989600182	0	5460	10777	0.790751	230.634952363
2.69306707382	0	5470	10787	0.82242	475.294511764
9.48197102547	0	5480	10815	0.754312	134.993030095
5.69806599617	0	5490	10851	0.67755	224.637622811
3.66085791588	0	5500	10862	0.802688	349.644818076
6.2185280323	0	5510	10891	0.786939	205.836492712
7.1212310791	0	5520	10913	0.810005	179.744202341
3.24151587486	0	5530	10929	0.842545	394.87698022
2.84190011024	0	5540	10939	0.851525	450.402881996
10.5096728802	0	5550	10975	0.897154	121.792563346
2.91407895088	0	5560	10985	0.743439	439.24685006
2.75614118576	0	5570	11003	0.83456	464.417427748
2.74578285217	0	5580	11018	0.888853	466.16942013
6.17827916145	0	5590	11038	0.700006	207.177430244
2.74144697189	0	5600	11048	0.883517	466.906715002
9.37363696098	0	5610	11060	0.756668	136.553186914
2.78730106354	0	5620	11085	0.725732	459.225598822
23.4763798714	0	5630	11155	0.714723	54.5228867063
3.72466897964	0	5640	11176	0.680774	343.654699785
2.70179605484	0	5650	11198	0.816695	473.758927032
2.71217989922	0	5660	11218	0.923958	471.945094929
3.81987309456	0	5670	11242	0.759264	335.089666152
8.73220896721	0	5680	11267	0.954016	146.583757307
3.63266515732	0	5690	11284	0.786681	352.358377271
7.65865898132	0	5700	11307	0.659866	167.131086933
10.04251194	0	5710	11329	0.798827	127.458150675
4.98857808113	0	5720	11342	0.883818	256.586141218
4.05420184135	0	5730	11353	0.931594	315.721823947
3.30026292801	0	5740	11363	1.01599	387.847886039
2.76680707932	0	5750	11375	0.819649	462.627123362
2.72855401039	0	5760	11395	0.808344	469.112942286
9.16990995407	0	5770	11429	0.869142	139.586975926
11.9344460964	0	5780	11463	0.810296	107.252568712
5.08834195137	0	5790	11482	0.798912	251.555420652
15.0138471127	0	5800	11503	0.814527	85.2546313011
4.73035287857	0	5810	11521	0.785672	270.592920414
15.0258820057	0	5820	11549	0.666208	85.1863470986
6.55034708977	0	5830	11578	0.7751	195.409492422
4.67550802231	0	5840	11591	0.932853	273.767041762
4.48211503029	0	5850	11609	0.899709	285.579462229
4.88376998901	0	5860	11624	0.651258	262.092605278
5.32862401009	0	5870	11644	0.777424	240.212106836
6.83925485611	0	5880	11682	0.877272	187.154891422
3.08887600899	0	5890	11703	0.792573	414.390217113
20.567606926	0	5900	11769	0.813739	62.2337836681
5.31072616577	0	5910	11786	0.759681	241.021653169
3.62062096596	0	5920	11802	0.811485	353.53051646
2.75311088562	0	5930	11813	0.892646	464.928603743
8.07467603683	0	5940	11839	0.876669	158.520291608
9.71638607979	0	5950	11874	0.767553	131.736222654
6.27968406677	0	5960	11905	0.729577	203.831910394
4.00687885284	0	5970	11918	0.713677	319.45063652
2.73068499565	0	5980	11928	0.862345	468.746853642
3.78314495087	0	5990	11942	0.977376	338.3428382
22.2037501335	0	6000	11974	0.789131	57.6479194867
6.11830306053	0	6010	12019	0.788732	209.208335602
3.87553095818	0	6020	12040	0.830555	330.277325562
2.92787790298	0	6030	12052	0.892245	437.176700126
19.3849480152	0	6040	12084	0.873323	66.0306129785
2.7988960743	0	6050	12102	0.724482	457.323160997
4.1213619709	0	6060	12126	0.843251	310.576942534
4.78238987923	0	6070	12147	0.850922	267.648609236
2.77448701859	0	6080	12166	0.855186	461.346544938
2.79341006279	0	6090	12179	0.808259	458.221303435
5.41923904419	0	6100	12194	0.995993	236.195522944
6.0632610321	0	6110	12215	0.705246	211.107520066
2.84963583946	0	6120	12226	0.7429	449.1802013
3.44386911392	0	6130	12237	0.818519	371.674984634
3.95679187775	0	6140	12249	0.667958	323.494396357
5.25485801697	0	6150	12272	0.724348	243.584126511
2.72099304199	0	6160	12292	0.917009	470.416491423
2.62610197067	0	6170	12311	0.700594	487.414431844
4.32062697411	0	6180	12333	0.766772	296.253300197
2.68311500549	0	6190	12343	0.735934	477.057449039
2.75212407112	0	6200	12361	0.772877	465.095310721
3.61436796188	0	6210	12375	0.813869	354.142138681
2.75944900513	0	6220	12386	0.729864	463.860719159
20.2256641388	0	6230	12443	0.847258	63.2859317359
8.23371195793	0	6240	12476	0.797379	155.458438009
2.55635094643	0	6250	12494	0.836286	500.713723125
2.63631105423	0	6260	12506	0.835928	485.526925188
7.58139896393	0	6270	12532	0.654908	168.834275322
3.81233096123	0	6280	12546	0.881291	335.752591529
6.92150807381	0	6290	12566	0.831414	184.930796345
7.33739805222	0	6300	12604	0.80087	174.448761113
3.65794897079	0	6310	12631	0.86335	349.922869406
10.0042798519	0	6320	12652	0.914254	127.945241331
7.66113114357	0	6330	12688	0.780875	167.077155581
8.92056202888	0	6340	12706	0.739345	143.48871695
8.6659078598	0	6350	12731	0.798521	147.705239971
6.87286996841	0	6360	12746	0.745181	186.239519427
3.05200219154	0	6370	12762	0.742268	419.396815489
4.52098584175	0	6380	12772	0.775787	283.12408948
7.68825912476	0	6390	12783	0.823489	166.487624731
11.1804168224	0	6400	12806	0.874289	114.48589264
5.1410779953	0	6410	12834	0.846047	248.975020642
3.67447805405	0	6420	12853	0.650587	348.348794352
3.54403305054	0	6430	12864	0.746149	361.170446705
2.8187289238	0	6440	12877	0.843715	454.105390977
2.78137803078	0	6450	12887	0.821203	460.203534304
2.71161103249	0	6460	12902	0.861256	472.044103917
2.91165995598	0	6470	12913	0.862461	439.611774504
2.60840606689	0	6480	12930	0.762328	490.721140487
4.23716688156	0	6490	12940	0.834212	302.088644554
2.61606121063	0	6500	12960	0.849072	489.285187517
2.80014586449	0	6510	12971	0.80779	457.119043773
5.97249913216	0	6520	12988	0.786251	214.315644369
4.57296299934	0	6530	13012	0.743175	279.906047826
3.36965680122	0	6540	13031	0.924959	379.860643237
2.80505919456	0	6550	13041	0.921439	456.318355948
5.05972099304	0	6560	13056	0.845881	252.978376033
2.75220990181	0	6570	13071	0.813431	465.080806213
2.80823707581	0	6580	13082	0.676991	455.80197307
8.04876899719	0	6590	13104	0.711579	159.030530066
9.46857500076	0	6600	13121	0.678589	135.184016591
16.7293088436	0	6610	13155	0.878158	76.5124257054
2.79279017448	0	6620	13187	0.737907	458.323010334
4.2939748764	0	6630	13210	0.663639	298.092102735
2.69920301437	0	6640	13224	0.658368	474.214052512
16.3233690262	0	6650	13277	0.65666	78.4151848768
3.70547199249	0	6660	13292	0.724505	345.435076177
3.38159513474	0	6670	13313	1.0014	378.519588833
2.83024978638	0	6680	13330	0.763574	452.256901904
2.72306704521	0	6690	13340	0.850731	470.058202295
4.29204297066	0	6700	13351	0.737496	298.226277964
2.92447519302	0	6710	13362	0.874267	437.685367636
3.23121500015	0	6720	13383	0.883786	396.135818861
2.692070961	0	6730	13403	0.660857	475.470378955
4.60374999046	0	6740	13429	0.729151	278.034211817
6.73369884491	0	6750	13453	0.771502	190.088691146
3.41479897499	0	6760	13475	0.942932	374.839048909
2.72205901146	0	6770	13488	0.788595	470.232274396
12.6346900463	0	6780	13503	0.70132	101.308381552
2.65226197243	0	6790	13538	0.864201	482.606926958
2.84692502022	0	6800	13548	0.839854	449.607907096
11.7998189926	0	6810	13592	0.694413	108.476240254
12.5481221676	0	6820	13635	0.717249	102.007295028
14.976238966	0	6830	13671	0.835745	85.4687216802
4.0612950325	0	6840	13696	0.796423	315.170404946
9.12295389175	0	6850	13711	1.07473	140.305433436
2.9113240242	0	6860	13743	0.764578	439.662500416
2.73196101189	0	6870	13762	0.814284	468.527916186
3.17623209953	0	6880	13783	0.981372	402.993219604
2.96866798401	0	6890	13802	0.910738	431.169806423
3.19957089424	0	6900	13819	0.725585	400.053645413
5.14002299309	0	6910	13848	0.820523	249.02612337
4.58883500099	0	6920	13868	0.743557	278.9379003
3.27222204208	0	6930	13883	0.823214	391.171498614
2.80111694336	0	6940	13900	0.781328	456.960571759
2.77307891846	0	6950	13920	0.773967	461.580805177
6.24184608459	0	6960	13952	0.925777	205.067536535
5.33308792114	0	6970	13979	0.857595	240.011044057
4.82750606537	0	6980	14006	0.668233	265.147258785
7.03303813934	0	6990	14022	0.885643	181.998159919
2.59598088264	0	7000	14036	0.795989	493.069886823
6.92410993576	0	7010	14055	0.731947	184.861305189
4.03777217865	0	7020	14066	0.78202	317.006493523
2.89961981773	0	7030	14077	0.864284	441.437181582
7.5535299778	0	7040	14087	0.89569	169.457194684
3.9366710186	0	7050	14107	0.827325	325.147820062
4.04141306877	0	7060	14128	0.78969	316.720903857
13.0017960072	0	7070	14141	0.74246	98.4479374461
7.43846201897	0	7080	14162	0.81691	172.078582473
2.78430509567	0	7090	14172	0.808285	459.719734734
4.78859400749	0	7100	14188	0.742657	267.301842252
10.9895708561	0	7110	14206	0.731899	116.47406589
5.65700101852	0	7120	14230	0.735981	226.268299371
6.26522994041	0	7130	14260	0.88289	204.302158448
2.60787296295	0	7140	14276	0.861087	490.821454183
5.83019518852	0	7150	14306	0.739467	219.546680447
2.87367200851	0	7160	14324	0.867898	445.423136742
2.89597201347	0	7170	14337	0.707344	441.993221635
2.81978988647	0	7180	14357	0.896771	453.934531129
3.82567596436	0	7190	14377	0.907344	334.581394746
7.19963812828	0	7200	14403	0.898971	177.786713331
6.0590839386	0	7210	14427	0.850894	211.253056233
2.97522497177	0	7220	14438	0.91522	430.219567308
4.55083990097	0	7230	14464	0.805395	281.266761269
2.80784320831	0	7240	14477	0.703033	455.865910251
2.76456689835	0	7250	14488	0.933173	463.00199889
5.42231988907	0	7260	14499	0.768399	236.061321756
6.8714401722	0	7270	14519	0.775908	186.278271792
3.73746705055	0	7280	14537	0.808708	342.477935641
2.79868292809	0	7290	14547	0.991958	457.357990487
7.61468601227	0	7300	14577	0.77799	168.096228517
2.77034091949	0	7310	14595	0.70591	462.036997321
2.95656609535	0	7320	14610	1.00263	432.934681221
2.86826682091	0	7330	14630	0.967442	446.262527137
3.41545605659	0	7340	14651	0.858324	374.766935598
4.41132307053	0	7350	14670	0.724987	290.162379752
5.11626386642	0	7360	14695	0.796313	250.182561615
9.0918970108	0	7370	14725	0.928892	140.784700759
3.57068419456	0	7380	14741	0.635016	358.47471528
3.17705988884	0	7390	14762	0.791623	402.888218915
2.73918509483	0	7400	14780	0.721943	467.292262365
3.85373187065	0	7410	14798	0.828878	332.145578095
4.76395201683	0	7420	14820	0.921813	268.684486216
6.17266201973	0	7430	14852	0.762901	207.365962353
3.76229190826	0	7440	14874	0.920211	340.218151916
4.38042020798	0	7450	14900	0.837063	292.209408967
5.71629786491	0	7460	14923	0.808304	223.92115146
4.47284507751	0	7470	14934	0.819384	286.171324474
2.63786888123	0	7480	14950	0.657812	485.240191091
2.79551315308	0	7490	14960	0.710813	457.876579329
2.64433789253	0	7500	14977	0.853617	484.053117272
5.45996212959	0	7510	15000	0.942551	234.433860459
8.39891195297	0	7520	15033	0.876971	152.400692752
16.6100349426	0	7530	15069	0.773542	77.061848721
3.6482770443	0	7540	15080	0.58257	350.850547932
10.7665359974	0	7550	15112	0.735684	118.886891783
2.66017103195	0	7560	15131	0.7911	481.172069249
8.82665395737	0	7570	15160	0.770933	145.015314544
2.70512890816	0	7580	15175	0.980088	473.175232478
3.08767795563	0	7590	15190	0.836931	414.551005123
17.2015910149	0	7600	15246	0.866497	74.4117215026
6.54589414597	0	7610	15259	0.905838	195.542422694
4.89836788177	0	7620	15283	0.844874	261.311528838
3.940128088	0	7630	15300	0.763044	324.862535281
2.65964102745	0	7640	15319	0.837077	481.267955633
3.21875286102	0	7650	15341	0.913277	397.669549439
3.66062712669	0	7660	15359	0.815263	349.666861906
4.08919787407	0	7670	15369	0.829446	313.019824283
2.76781821251	0	7680	15383	0.794318	462.45811745
2.62022590637	0	7690	15393	0.776351	488.507497345
6.11899399757	0	7700	15424	0.838101	209.184712472
6.24970889091	0	7710	15448	0.778036	204.809539507
9.53018307686	0	7720	15459	0.715913	134.310116571
2.7232530117	0	7730	15471	0.709524	470.026102789
4.71848607063	0	7740	15481	0.799521	271.273451026
6.3419649601	0	7750	15505	0.854353	201.830191124
4.48202705383	0	7760	15528	0.781642	285.585067789
2.79379796982	0	7770	15543	0.86521	458.157681346
3.06953287125	0	7780	15560	0.783779	417.001561374
3.24203896523	0	7790	15582	0.819448	394.813268357
2.73072099686	0	7800	15597	0.873434	468.74067379
2.69897723198	0	7810	15610	1.01717	474.253722793
3.16335487366	0	7820	15624	0.992336	404.633704128
2.64481401443	0	7830	15644	0.726058	483.965977575
2.7258939743	0	7840	15661	1.02895	469.57072141
3.18963694572	0	7850	15678	0.867829	401.299590449
4.71923518181	0	7860	15695	0.788978	271.230390241
2.74035286903	0	7870	15708	0.804435	467.093130401
8.3403840065	0	7880	15736	0.81008	153.470151854
3.80140209198	0	7890	15750	0.913931	336.717865942
3.39412999153	0	7900	15761	0.733047	377.121678661
2.79162597656	0	7910	15780	0.711623	458.514145787
2.95191788673	0	7920	15790	0.82203	433.616397581
7.04094099998	0	7930	15813	0.763294	181.793882381
6.42196512222	0	7940	15828	0.62603	199.315937667
7.28733897209	0	7950	15842	0.782987	175.647105878
3.39526200294	0	7960	15857	0.874513	376.995942843
3.27889585495	0	7970	15873	0.772699	390.37531432
2.73563313484	0	7980	15889	0.84723	467.898997017
4.3427760601	0	7990	15900	0.742896	294.742345054
3.05999088287	0	8000	15918	0.963116	418.301899906
7.62417912483	0	8010	15942	0.811776	167.886926454
7.54322981834	0	8020	15969	0.784496	169.688585768
3.81096315384	0	8030	15979	0.78375	335.873097779
3.63013601303	0	8040	15992	0.721464	352.603868121
3.59643888474	0	8050	16002	0.78871	355.907618904
2.71837806702	0	8060	16021	0.989805	470.869013965
6.08233094215	0	8070	16049	0.809651	210.445635427
2.85037207603	0	8080	16063	0.779271	449.064180344
4.33398890495	0	8090	16088	0.832099	295.339934659
2.81021213531	0	8100	16101	0.738918	455.481628563
2.73170685768	0	8110	16118	0.783406	468.571507371
2.71947097778	0	8120	16135	0.795323	470.679779434
2.9671061039	0	8130	16145	0.871391	431.396773549
2.98818898201	0	8140	16164	0.985157	428.353095372
3.64276790619	0	8150	16187	0.855945	351.381156572
7.66373419762	0	8160	16222	0.963794	167.02040637
3.40264678001	0	8170	16243	0.732953	376.177747134
2.67369008064	0	8180	16261	0.778757	478.739106401
2.76835513115	0	8190	16276	0.906372	462.368424339
3.61564993858	0	8200	16295	0.96353	354.016572882
2.66823291779	0	8210	16307	0.698445	479.718240289
13.7755739689	0	8220	16339	0.849837	92.9180884144
3.49873614311	0	8230	16355	0.926372	365.846393567
8.78310489655	0	8240	16370	0.937498	145.734340541
2.74742007256	0	8250	16385	0.82822	465.891624214
3.35743403435	0	8260	16402	0.756844	381.243529107
2.81060385704	0	8270	16414	0.876035	455.418146813
7.27597212791	0	8280	16430	0.752448	175.921509524
3.63299202919	0	8290	16444	0.792984	352.326674464
2.81483888626	0	8300	16458	0.893854	454.732953366
6.59828805923	0	8310	16473	0.825642	193.989711954
2.70410895348	0	8320	16485	0.758228	473.353708013
7.95293998718	0	8330	16509	0.921923	160.94676963
4.68130803108	0	8340	16523	0.900146	273.427852109
6.13940310478	0	8350	16533	0.668664	208.489323498
2.76623797417	0	8360	16556	0.758761	462.722300812
2.79731297493	0	8370	16573	0.714935	457.581976515
2.80072283745	0	8380	16589	0.843672	457.024873324
8.92779803276	0	8390	16630	0.861598	143.372418966
6.2457690239	0	8400	16649	0.807194	204.938734542
16.326485157	0	8410	16695	0.73637	78.4002182766
6.14916396141	0	8420	16725	0.742793	208.158378608
6.54918289185	0	8430	16754	0.750595	195.444228866
2.80566310883	0	8440	16773	0.807534	456.22013419
2.820499897	0	8450	16792	0.900686	453.82026121
5.89707708359	0	8460	16812	0.75054	217.056684499
4.46679186821	0	8470	16833	0.882479	286.55913187
2.74415707588	0	8480	16850	0.778892	466.445602276
2.6912920475	0	8490	16869	0.833414	475.607989549
11.5640389919	0	8500	16905	0.764582	110.687969912
5.00535392761	0	8510	16920	0.861629	255.726172117
2.68296003342	0	8520	16936	0.875625	477.085004643
2.84556007385	0	8530	16949	0.824977	449.823573138
7.77594900131	0	8540	16978	0.720861	164.610133089
3.66372489929	0	8550	16996	0.882676	349.37120968
5.23190712929	0	8560	17013	0.700257	244.652660754
3.36539793015	0	8570	17033	0.767766	380.341352366
2.64450907707	0	8580	17053	0.759945	484.021783513
2.65127491951	0	8590	17072	0.805667	482.78659847
7.63085198402	0	8600	17096	0.912829	167.740116396
3.39913105965	0	8610	17113	0.783671	376.56682768
12.1236128807	0	8620	17142	0.929654	105.579088725
3.82178115845	0	8630	17158	0.923056	334.92236916
11.731292963	0	8640	17192	0.882305	109.109882775
9.00109982491	0	8650	17229	0.765201	142.204844397
4.08475112915	0	8660	17252	0.796489	313.360584165
2.7667350769	0	8670	17272	0.711616	462.63916292
2.75469779968	0	8680	17286	0.999272	464.660769739
3.5528190136	0	8690	17305	0.818188	360.277288289
3.46977996826	0	8700	17320	1.08116	368.899472505
9.25453209877	0	8710	17357	0.859295	138.310612178
5.01219701767	0	8720	17377	0.823415	255.377032365
8.44580698013	0	8730	17408	0.901089	151.55449361
7.66534209251	0	8740	17434	0.766841	166.985371892
3.89043784142	0	8750	17450	0.83783	329.011811055
2.69912409782	0	8760	17470	0.847194	474.227917505
2.82332992554	0	8770	17485	0.901809	453.365364218
6.02813196182	0	8780	17508	0.680375	212.337753736
6.42817020416	0	8790	17526	0.818872	199.123538946
5.29457783699	0	8800	17549	0.81294	241.756763128
7.53185915947	0	8810	17577	0.801508	169.94476037
18.9679529667	0	8820	17635	0.953271	67.4822424037
5.83326601982	0	8830	17651	0.761726	219.431103545
2.69909191132	0	8840	17662	0.899248	474.233572645
3.93711590767	0	8850	17677	0.84568	325.111078774
4.81119799614	0	8860	17690	0.790349	266.046003724
2.9063270092	0	8870	17703	0.783093	440.418437412
4.62913918495	0	8880	17715	0.813692	276.509292302
7.40554881096	0	8890	17735	0.735792	172.843368219
3.98823404312	0	8900	17756	0.850796	320.944053473
11.7614660263	0	8910	17804	0.825788	108.829970442
2.77766013145	0	8920	17817	0.83908	460.81951694
2.83346700668	0	8930	17837	0.663219	451.743393158
5.74103593826	0	8940	17864	0.68387	222.956277188
8.46056103706	0	8950	17891	0.780959	151.290203379
7.41948699951	0	8960	17921	0.839884	172.518666059
7.28464794159	0	8970	17934	0.790616	175.711991885
2.70796203613	0	8980	17949	0.774306	472.680186399
7.77195501328	0	8990	17972	0.715466	164.69472582
5.3724489212	0	9000	17990	0.839265	238.252614175
16.1563789845	0	9010	18049	0.907479	79.2256731061
5.71667790413	0	9020	18064	0.819664	223.906265399
2.67690110207	0	9030	18082	0.741606	478.164844795
5.32247805595	0	9040	18102	0.834827	240.48948376
2.65840792656	0	9050	18122	0.87369	481.49119148
2.71039414406	0	9060	18133	1.06963	472.25603804
5.19137382507	0	9070	18145	0.739381	246.562864307
5.98519802094	0	9080	18169	0.84863	213.860927495
4.24571800232	0	9090	18191	0.767311	301.480220613
4.74607801437	0	9100	18215	0.816898	269.696367427
5.73942708969	0	9110	18239	0.779297	223.018775219
2.76768398285	0	9120	18249	0.853798	462.480546165
6.26740098	0	9130	18277	0.760137	204.231387793
12.6829230785	0	9140	18305	0.731085	100.923106769
13.3299129009	0	9150	18342	0.866206	96.0246334326
2.76358699799	0	9160	18360	0.727412	463.166168075
3.77418804169	0	9170	18384	0.859613	339.145793973
6.68998098373	0	9180	18396	0.821826	191.330887653
8.43717503548	0	9190	18407	0.765282	151.709546693
3.20913386345	0	9200	18423	0.861021	398.861516679
3.80286407471	0	9210	18439	1.03716	336.58841727
4.17258310318	0	9220	18463	0.807926	306.76441148
5.89607095718	0	9230	18486	0.765159	217.09372382
6.93733096123	0	9240	18504	0.825408	184.509000241
9.93516802788	0	9250	18559	0.747774	128.835264427
3.5394859314	0	9260	18574	0.795818	361.634436415
5.53232502937	0	9270	18594	0.842652	231.367461818
4.32918906212	0	9280	18610	0.691526	295.667382882
3.75208687782	0	9290	18621	0.754259	341.143486726
2.74040007591	0	9300	18640	0.830443	467.085084127
3.26365303993	0	9310	18650	0.751861	392.198553075
6.79790782928	0	9320	18673	0.735919	188.293226702
12.3780140877	0	9330	18726	0.863538	103.409156827
3.80655789375	0	9340	18749	0.930958	336.261797594
3.3406920433	0	9350	18771	1.04216	383.154143934
4.73061299324	0	9360	18792	0.807001	270.578041753
2.83737015724	0	9370	18812	0.815777	451.12196473
6.54661297798	0	9380	18831	0.885643	195.52095172
13.4590058327	0	9390	18891	0.748863	95.1036069018
7.33110499382	0	9400	18907	0.709983	174.59850883
2.8381690979	0	9410	18917	0.87472	450.994974523
2.70617198944	0	9420	18935	0.824732	472.992849307
3.56385803223	0	9430	18948	0.814817	359.161332585
4.73652791977	0	9440	18959	0.630228	270.240146724
20.4729959965	0	9450	19005	0.888613	62.5213818349
6.60892605782	0	9460	19055	0.893545	193.677458153
5.67121505737	0	9470	19071	0.729811	225.701192258
3.07753992081	0	9480	19081	0.84271	415.916619423
3.27292299271	0	9490	19100	0.851003	391.087722764
3.19939899445	0	9500	19118	0.760916	400.075139807
2.7030081749	0	9510	19132	0.827825	473.546477546
6.08388280869	0	9520	19149	0.824889	210.391955311
2.80039215088	0	9530	19160	0.798783	457.078841475
5.04073286057	0	9540	19183	0.879737	253.931330108
11.730255127	0	9550	19222	0.869136	109.119536289
2.75073099136	0	9560	19232	0.74921	465.330853515
2.79850792885	0	9570	19245	0.841576	457.386590477
18.1334910393	0	9580	19288	0.734031	70.5876213922
2.70823907852	0	9590	19299	1.09332	472.631833043
13.0721378326	0	9600	19329	0.846181	97.9181841859
5.6325750351	0	9610	19346	0.895392	227.249524778
2.97249603271	0	9620	19358	0.83268	430.614536037
2.81845998764	0	9630	19368	0.973395	454.148721505
2.74521708488	0	9640	19383	0.861595	466.26549392
3.02967190742	0	9650	19404	0.703618	422.487991806
7.38971996307	0	9660	19439	0.807395	173.213600298
2.8247730732	0	9670	19456	0.845933	453.133744493
9.52772188187	0	9680	19491	0.751949	134.344811474
2.74721097946	0	9690	19504	0.900996	465.927083711
5.02771902084	0	9700	19522	0.69851	254.588610599
5.13130116463	0	9710	19545	0.895644	249.449400636
9.38132786751	0	9720	19581	0.939182	136.441239244
2.70158410072	0	9730	19599	0.732629	473.796096023
2.77412605286	0	9740	19619	0.814783	461.40657476
13.0018208027	0	9750	19658	0.832977	98.4477496979
4.99097108841	0	9760	19680	0.804236	256.463116561
6.41588711739	0	9770	19708	0.782359	199.504756954
2.69298696518	0	9780	19727	0.952666	475.308650413
10.0163228512	0	9790	19760	0.760387	127.791407987
3.88007116318	0	9800	19777	0.788275	329.89085668
2.69334697723	0	9810	19800	0.827975	475.245117254
6.51215195656	0	9820	19814	0.794724	196.555609964
3.18499302864	0	9830	19824	0.875869	401.884710104
23.1865170002	0	9840	19880	0.837399	55.2044966473
2.72281599045	0	9850	19899	0.670099	470.101543582
4.69005990028	0	9860	19916	0.776095	272.917623061
6.07280707359	0	9870	19938	0.881962	210.77567334
6.99902701378	0	9880	19949	0.7491	182.882563173
11.5079228878	0	9890	19981	0.67132	111.22771785
Training elapsed time: 9292.98352909 s
