Duration	Worker	LocalStep	GlobalStep	Loss	ExamplesPerSec
39.0671248436	1	10	24	4.44733	32.7641208593
12.1026220322	1	20	43	4.39059	105.762205628
13.4838659763	1	30	60	4.26146	94.9282648053
8.18242120743	1	40	79	4.20224	156.432914849
8.15871286392	1	50	99	4.13551	156.887492102
8.24953913689	1	60	115	5.14063	155.16018274
11.6140458584	1	70	135	4.05492	110.211378154
8.50712108612	1	80	155	4.28212	150.462181864
8.02669882774	1	90	170	4.0795	159.467799586
17.2797710896	1	100	193	4.09296	74.0750553561
8.28752994537	1	110	208	3.86753	154.448914023
26.452684164	1	120	226	4.57313	48.3882842309
8.8026239872	1	130	246	3.84816	145.411186694
9.58296203613	1	140	263	3.78648	133.57039245
22.3978779316	1	150	282	3.75983	57.1482710956
8.19154500961	1	160	300	3.66041	156.258678735
13.0514068604	1	170	322	3.72271	98.0737183122
15.2362780571	1	180	336	3.95694	84.010018405
12.2695400715	1	190	358	3.68214	104.323388859
15.2234950066	1	200	379	3.54123	84.080560965
8.67659592628	1	210	403	3.38552	147.523292645
11.3243300915	1	220	419	3.35743	113.03096869
16.4779510498	1	230	440	3.32942	77.6795607737
20.6697998047	1	240	461	3.2685	61.9260956611
7.76544117928	1	250	480	3.50956	164.832875615
7.59775185585	1	260	499	3.17361	168.470887742
16.1816461086	1	270	515	3.38562	79.101964745
20.9445819855	1	280	535	3.40924	61.1136570254
22.3463499546	1	290	562	3.29344	57.2800480884
8.27285790443	1	300	579	2.87616	154.722831552
7.79059100151	1	310	599	3.06941	164.300757125
9.95024013519	1	320	617	3.0931	128.640111455
19.9808938503	1	330	644	3.40997	64.061198142
10.86927104	1	340	665	2.91361	117.763187181
22.2494270802	1	350	684	2.82119	57.5295712285
10.9910550117	1	360	707	3.16305	116.458338042
8.75332403183	1	370	726	2.87574	146.230163004
15.8344609737	1	380	749	2.65785	80.8363481474
7.36268997192	1	390	768	2.89078	173.849504037
11.7747569084	1	400	788	2.78955	108.707127455
8.60130906105	1	410	808	2.79514	148.814557286
9.08546304703	1	420	828	2.6355	140.884398888
23.6044409275	1	430	861	2.66213	54.2270839598
9.09323501587	1	440	877	2.82584	140.763985289
9.6113679409	1	450	890	2.65297	133.175632009
15.2817831039	1	460	913	2.67499	83.7598591273
17.9051959515	1	470	939	2.57004	71.4876287012
13.1393239498	1	480	959	2.90201	97.4174930833
18.6336231232	1	490	984	2.54467	68.6930282715
10.3807749748	1	500	1005	2.51232	123.304859522
21.561480999	1	510	1018	2.66045	59.3651243187
13.0992939472	1	520	1037	2.40242	97.7151902352
17.3994400501	1	530	1069	2.45409	73.5655858069
7.9369559288	1	540	1088	2.38573	161.270896737
8.00765895844	1	550	1107	2.44207	159.84696734
8.29561519623	1	560	1121	2.95091	154.298381702
9.26765298843	1	570	1141	2.38412	138.114795795
11.5401608944	1	580	1163	2.4928	110.916997754
15.2548749447	1	590	1188	2.34741	83.9076036114
13.7297101021	1	600	1213	2.11674	93.2284797336
10.1246869564	1	610	1231	2.49928	126.423661839
11.8631379604	1	620	1249	2.29814	107.897253178
10.3093760014	1	630	1266	2.1788	124.158823951
13.0390031338	1	640	1277	2.24924	98.1670137562
8.11312389374	1	650	1292	2.1549	157.769068581
9.29921412468	1	660	1307	3.0245	137.646040067
9.12285280228	1	670	1330	2.16556	140.306988147
20.5329241753	1	680	1351	2.14974	62.3389045357
14.3981208801	1	690	1378	2.21054	88.9004899081
20.9912381172	1	700	1407	2.08629	60.9778228827
17.9268319607	1	710	1430	2.22914	71.4013498206
21.6349999905	1	720	1454	2.02243	59.1633926769
10.1948618889	1	730	1477	2.08309	125.553441915
8.03359818459	1	740	1493	2.14832	159.330846601
9.70698094368	1	750	1510	2.12136	131.863862454
8.21064305305	1	760	1528	2.06832	155.895219379
12.344727993	1	770	1540	1.97447	103.687987352
8.12189102173	1	780	1552	2.26208	157.598765679
14.6319689751	1	790	1577	1.85819	87.4796824803
13.9202368259	1	800	1596	1.98289	91.9524585684
7.75048017502	1	810	1608	1.80588	165.151057882
20.5693619251	1	820	1627	1.81195	62.2284738175
8.08713102341	1	830	1638	1.74575	158.276154584
18.8518140316	1	840	1655	1.81332	67.8979751155
13.0827059746	1	850	1677	1.90844	97.8390863853
9.8958439827	1	860	1693	2.17805	129.347229225
10.6348280907	1	870	1709	1.82799	120.359256312
13.3857309818	1	880	1725	1.86756	95.6242137047
9.75167393684	1	890	1745	1.88167	131.259515883
12.5561349392	1	900	1763	1.90619	101.942198471
12.1502571106	1	910	1777	1.86315	105.34756494
8.47876286507	1	920	1788	1.84532	150.965420353
13.9181671143	1	930	1810	1.67565	91.9661324291
15.9053239822	1	940	1834	1.86962	80.4761978712
7.80622506142	1	950	1852	1.9108	163.971700781
9.11517286301	1	960	1871	1.756	140.425203036
10.3055701256	1	970	1891	1.76222	124.204676151
21.8082289696	1	980	1922	1.85477	58.6934409844
12.3793280125	1	990	1944	1.78026	103.398181122
9.55846881866	1	1000	1964	1.67412	133.912661566
16.9694530964	1	1010	1987	1.73817	75.4296554361
9.04248094559	1	1020	1998	1.70373	141.554072129
10.802175045	1	1030	2014	1.81218	118.494654518
10.415610075	1	1040	2027	1.7428	122.892465327
14.75831604	1	1050	2040	1.98024	86.7307622718
13.8366968632	1	1060	2063	1.61886	92.5076275543
8.69484210014	1	1070	2078	1.63625	147.213714206
8.13939499855	1	1080	2097	1.68256	157.259845508
13.5752439499	1	1090	2111	1.49746	94.2892816309
16.3385419846	1	1100	2134	1.88463	78.3423637929
12.7023029327	1	1110	2150	1.6413	100.769128777
8.6176970005	1	1120	2163	1.62074	148.531562426
12.8862299919	1	1130	2182	1.98663	99.3308361564
20.2051789761	1	1140	2208	1.75251	63.3500946226
11.2696502209	1	1150	2225	1.72972	113.579390213
11.9742178917	1	1160	2245	1.64999	106.896334406
7.90319705009	1	1170	2262	1.65387	161.959772974
9.06534004211	1	1180	2278	1.89381	141.197130395
20.8486478329	1	1190	2298	1.5661	61.3948688788
7.91550207138	1	1200	2317	1.55622	161.707998868
8.00701093674	1	1210	2328	1.47211	159.859904041
11.656042099	1	1220	2346	1.55401	109.814291089
9.33326601982	1	1230	2368	1.78596	137.143846246
21.0277900696	1	1240	2387	1.41137	60.8718270329
11.1853628159	1	1250	2411	1.44635	114.435268759
7.96921515465	1	1260	2429	1.5707	160.618075326
15.568354845	1	1270	2448	1.43793	82.2180643196
22.3138070107	1	1280	2463	1.55081	57.3635865628
20.1940710545	1	1290	2485	1.72609	63.3849408843
12.8373270035	1	1300	2511	1.39561	99.7092307186
11.1680049896	1	1310	2531	1.62519	114.613129309
20.0251209736	1	1320	2553	1.56247	63.919713728
8.0106959343	1	1330	2577	1.49729	159.78636694
7.90171599388	1	1340	2597	1.46127	161.990129864
8.2567691803	1	1350	2611	1.4685	155.024316661
9.59167981148	1	1360	2632	1.51515	133.448991747
15.9395291805	1	1370	2651	1.51005	80.3035011576
20.4214129448	1	1380	2669	1.3883	62.6793064447
14.5131759644	1	1390	2691	1.52119	88.1957197476
7.86397194862	1	1400	2710	1.52254	162.767620277
8.05117416382	1	1410	2722	1.39061	158.983022098
11.3874490261	1	1420	2739	1.32946	112.404454858
7.99700093269	1	1430	2758	1.31853	160.060003841
20.5449638367	1	1440	2777	1.51404	62.3023729891
18.7691440582	1	1450	2797	1.48147	68.1970363715
8.16308116913	1	1460	2812	1.50206	156.803536983
8.38369989395	1	1470	2833	1.52578	152.67722082
12.6678481102	1	1480	2853	1.3061	101.043207091
7.97909879684	1	1490	2865	1.46027	160.419119075
18.2099161148	1	1500	2880	1.8711	70.2913726746
22.4252619743	1	1510	2905	1.3811	57.0784859265
24.9303200245	1	1520	2930	1.32485	51.3431034476
20.7036578655	1	1530	2950	1.26965	61.8248238217
8.33084702492	1	1540	2969	1.41143	153.645841314
19.468350172	1	1550	2998	1.30201	65.7477386984
16.8217978477	1	1560	3025	1.54192	76.0917478372
8.36012506485	1	1570	3041	1.41414	153.107757369
8.09493589401	1	1580	3061	1.27476	158.123549928
8.13765621185	1	1590	3074	1.31403	157.293447484
18.8724009991	1	1600	3089	1.23146	67.8239085776
22.7177209854	1	1610	3111	1.3052	56.3436799326
26.723017931	1	1620	3132	1.04465	47.8987816161
12.1996159554	1	1630	3154	1.49847	104.921335613
9.66167712212	1	1640	3167	1.05261	132.482175074
10.6282479763	1	1650	3182	1.25903	120.433772608
10.2663059235	1	1660	3201	1.28747	124.679705587
10.0083260536	1	1670	3223	1.29827	127.893515174
7.90041995049	1	1680	3240	1.1123	162.016703925
8.93708300591	1	1690	3257	1.41312	143.223465548
17.6055729389	1	1700	3286	1.27861	72.7042513436
26.345539093	1	1710	3314	1.17269	48.5850752752
15.7203390598	1	1720	3334	1.23011	81.4231801953
20.3972578049	1	1730	3354	1.25439	62.7535334526
24.4718930721	1	1740	3377	1.59498	52.3049032712
17.7683861256	1	1750	3397	1.35326	72.0380562959
7.82743287086	1	1760	3417	1.24919	163.527432444
8.26004910469	1	1770	3432	1.38759	154.962759153
8.29140591621	1	1780	3453	1.34299	154.376714026
15.387775898	1	1790	3474	1.35759	83.1829114543
8.03552317619	1	1800	3496	1.24108	159.29267727
7.99754881859	1	1810	3516	1.39007	160.049038654
19.6235380173	1	1820	3536	1.20572	65.2277891415
7.67597603798	1	1830	3552	1.09095	166.75403801
7.65521812439	1	1840	3571	1.38748	167.206208785
10.6231489182	1	1850	3591	1.23796	120.491580214
7.56903290749	1	1860	3608	1.23649	169.110111641
12.527916193	1	1870	3626	1.489	102.17182014
13.283233881	1	1880	3644	1.25199	96.3620765446
13.111989975	1	1890	3660	0.839128	97.6205749427
19.2931511402	1	1900	3680	1.05863	66.3447868468
7.80063700676	1	1910	3700	1.29683	164.089163345
36.3757498264	1	1920	3721	1.2424	35.1882780728
14.6276760101	1	1930	3741	1.34348	87.5053562243
14.6778430939	1	1940	3761	1.51429	87.2062735522
7.57533788681	1	1950	3777	1.33893	168.969360724
15.3694250584	1	1960	3803	1.25522	83.2822304764
11.272685051	1	1970	3823	1.39474	113.548812391
11.0439510345	1	1980	3847	1.18988	115.900550084
7.97995495796	1	1990	3866	1.15042	160.401907873
13.3095190525	1	2000	3887	1.11648	96.1717696147
12.2353639603	1	2010	3911	1.04587	104.614787444
7.79102993011	1	2020	3929	1.2622	164.2915008
11.0264079571	1	2030	3950	1.11675	116.084948515
25.7096869946	1	2040	3975	1.20313	49.7866815831
15.5955810547	1	2050	3995	1.05879	82.0745309528
26.8234219551	1	2060	4013	1.11803	47.7194894127
8.30733013153	1	2070	4030	1.14085	154.080791269
7.69830799103	1	2080	4042	0.964327	166.270302707
20.602504015	1	2090	4069	1.19905	62.1283703704
11.0948050022	1	2100	4094	1.05194	115.369310208
13.9495990276	1	2110	4121	1.08127	91.7589098772
13.9432468414	1	2120	4142	1.16379	91.8007128868
7.91230201721	1	2130	4156	1.03507	161.773400107
11.7267980576	1	2140	4176	0.981262	109.151704815
25.6821620464	1	2150	4198	1.37289	49.8400406354
11.6847748756	1	2160	4215	1.06797	109.544258544
7.8068921566	1	2170	4232	1.10703	163.957689478
10.9331250191	1	2180	4253	1.25255	117.075401385
21.9079489708	1	2190	4275	1.16835	58.4262817896
12.2468948364	1	2200	4293	1.03664	104.516288994
25.12870121	1	2210	4314	1.03975	50.9377698951
14.9364848137	1	2220	4333	0.981461	85.6962006768
12.9180831909	1	2230	4351	1.20048	99.0859077994
12.7848899364	1	2240	4378	1.21809	100.118186888
9.53906488419	1	2250	4400	1.17085	134.185060647
22.6273541451	1	2260	4427	1.09125	56.5686996277
23.0483779907	1	2270	4450	0.928247	55.5353613393
10.4506208897	1	2280	4475	1.16271	122.480761049
26.2752809525	1	2290	4496	1.18967	48.714988141
7.9418451786	1	2300	4514	1.08215	161.171613298
22.2054188251	1	2310	4542	1.06472	57.6435873639
7.99527096748	1	2320	4562	1.31965	160.094636593
19.1001780033	1	2330	4580	1.05869	67.0150822562
10.6397740841	1	2340	4604	0.997375	120.303306243
16.6912441254	1	2350	4622	1.3304	76.6869138325
8.39684391022	1	2360	4638	1.15302	152.43822723
17.2146410942	1	2370	4658	1.11498	74.3553114465
9.06442499161	1	2380	4674	1.06044	141.211384195
12.0335278511	1	2390	4691	1.11847	106.369471683
13.9520499706	1	2400	4714	1.14815	91.7427906791
12.8289971352	1	2410	4735	1.061	99.7739719258
18.5838308334	1	2420	4755	1.25407	68.8770798374
12.4445300102	1	2430	4770	1.02966	102.856435635
11.9376530647	1	2440	4794	1.17556	107.223756048
7.73974299431	1	2450	4811	1.11674	165.38016843
12.2646520138	1	2460	4834	1.02004	104.364966781
7.9718401432	1	2470	4850	1.05438	160.565186583
13.6379289627	1	2480	4868	0.970172	93.8558928925
8.18466186523	1	2490	4889	0.928819	156.390089301
8.20772910118	1	2500	4909	1.07947	155.950566134
14.5423698425	1	2510	4926	1.08512	88.0186664113
17.6459140778	1	2520	4939	0.960135	72.5380387981
9.37140798569	1	2530	4961	1.32211	136.585665884
11.1857800484	1	2540	4979	1.40997	114.431000294
9.00595092773	1	2550	4998	1.20074	142.128245009
12.1236281395	1	2560	5014	1.24149	105.578955843
11.335875988	1	2570	5035	1.26062	112.915843588
12.5093050003	1	2580	5058	1.07737	102.323830138
8.04662299156	1	2590	5079	1.11002	159.07294294
9.44104599953	1	2600	5098	1.08784	135.578197592
17.3881340027	1	2610	5121	1.18079	73.6134193469
18.873789072	1	2620	5151	1.16163	67.8189204677
23.6008658409	1	2630	5183	0.984155	54.2352983415
7.61724305153	1	2640	5204	0.991828	168.03980014
7.6064748764	1	2650	5217	1.02123	168.277687207
8.12423014641	1	2660	5231	1.12098	157.553389913
7.86762690544	1	2670	5245	1.10319	162.692005529
12.4073221684	1	2680	5270	1.07614	103.164887849
21.5016288757	1	2690	5290	1.03956	59.5303736009
8.20212101936	1	2700	5309	1.07201	156.057195081
17.1250269413	1	2710	5337	1.02961	74.7444079585
9.50834798813	1	2720	5352	0.761146	134.618547996
13.9085791111	1	2730	5379	1.12738	92.0295301034
7.83639192581	1	2740	5400	1.11403	163.340477623
10.1185519695	1	2750	5417	1.09273	126.500313865
7.66122198105	1	2760	5434	0.938341	167.075174583
21.2513661385	1	2770	5452	1.13091	60.2314219077
23.3998038769	1	2780	5472	1.08616	54.7013131706
12.8049180508	1	2790	5495	0.990964	99.9615924854
15.1681001186	1	2800	5508	1.10724	84.3876286409
8.98604488373	1	2810	5534	1.03975	142.443089987
7.80297493935	1	2820	5550	1.04657	164.03999884
20.579668045	1	2830	5570	1.2385	62.1973103355
15.7049701214	1	2840	5588	1.01903	81.502861203
13.9298269749	1	2850	5621	1.11312	91.8891528451
8.4908490181	1	2860	5642	1.05933	150.750531222
11.5261349678	1	2870	5663	1.20242	111.051970463
13.3611319065	1	2880	5685	1.01568	95.8002666957
14.0255141258	1	2890	5700	0.842202	91.2622516734
9.18530488014	1	2900	5718	1.06361	139.353022758
10.6927471161	1	2910	5740	0.91009	119.707310582
8.47780680656	1	2920	5758	1.19906	150.982445013
7.63707613945	1	2930	5772	1.14662	167.603409555
7.65136504173	1	2940	5791	1.07468	167.290410668
10.5485179424	1	2950	5805	1.20224	121.344060558
17.4308640957	1	2960	5825	1.16877	73.4329631035
17.9014627934	1	2970	5853	1.02151	71.5025366796
10.3701531887	1	2980	5875	1.22052	123.431156388
14.8138070107	1	2990	5895	0.973835	86.4058779137
17.2068779469	1	3000	5916	0.93433	74.3888579877
7.63415288925	1	3010	5934	0.843392	167.667587821
13.8368041515	1	3020	5958	1.03384	92.506910265
18.1953129768	1	3030	5982	1.1113	70.347786907
7.57034182549	1	3040	5995	1.27417	169.080872371
9.24862003326	1	3050	6009	1.08237	138.399025519
22.1704640388	1	3060	6028	1.05716	57.7344704088
10.6190280914	1	3070	6051	1.01373	120.538338253
8.4105079174	1	3080	6066	0.973189	152.190570721
7.71746206284	1	3090	6082	1.14755	165.85763423
12.259747982	1	3100	6106	1.1079	104.406713896
7.62398004532	1	3110	6125	1.15953	167.891310364
8.95375084877	1	3120	6142	1.11515	142.956848099
13.0156052113	1	3130	6159	1.04585	98.3434868548
8.43051576614	1	3140	6175	1.07357	151.829382152
8.09050107002	1	3150	6193	0.819182	158.210225661
15.961509943	1	3160	6208	0.981069	80.1929143653
9.44236111641	1	3170	6234	0.990988	135.559314479
16.0251989365	1	3180	6257	1.25084	79.8742034389
15.6167609692	1	3190	6278	1.04227	81.9632190393
8.57198405266	1	3200	6292	0.970455	149.323656243
7.6032230854	1	3210	6309	0.861669	168.349657194
7.43050789833	1	3220	6326	1.05083	172.262787082
16.8699140549	1	3230	6345	0.96043	75.8747196836
8.87731599808	1	3240	6361	1.07438	144.18772524
7.44058489799	1	3250	6378	1.33657	172.029486599
10.0853769779	1	3260	6395	0.972423	126.916425911
11.7661340237	1	3270	6414	1.00362	108.786794152
7.47805404663	1	3280	6427	1.18762	171.167524602
18.6545779705	1	3290	6447	1.1488	68.615864804
13.185819149	1	3300	6471	1.001	97.07398422
10.8062448502	1	3310	6489	1.18897	118.45002753
11.5589661598	1	3320	6506	0.97925	110.736547049
7.30464291573	1	3330	6519	1.04192	175.231016049
12.7464590073	1	3340	6544	1.02599	100.420046012
11.3300170898	1	3350	6567	1.00171	112.974233829
7.37777996063	1	3360	6580	1.15434	173.493924572
10.7380628586	1	3370	6600	0.955369	119.202133276
13.3126161098	1	3380	6619	1.03693	96.1493961396
13.6902220249	1	3390	6641	0.881464	93.4973879657
21.8268818855	1	3400	6672	1.22348	58.6432824768
12.2088410854	1	3410	6689	0.921422	104.842055937
13.1181910038	1	3420	6711	0.794796	97.5744292509
10.9131469727	1	3430	6722	1.07255	117.28972433
14.4377510548	1	3440	6754	0.941024	88.6564670041
7.51141786575	1	3450	6773	1.13869	170.407241732
39.0631279945	1	3460	6800	0.99205	32.7674732085
9.73124599457	1	3470	6817	0.947904	131.535057352
11.0251061916	1	3480	6840	1.19877	116.098654993
16.5553719997	1	3490	6860	0.989382	77.3162934678
10.9147219658	1	3500	6879	0.939891	117.272799437
8.7222340107	1	3510	6900	0.898967	146.751394016
9.56563091278	1	3520	6917	1.01704	133.812396869
9.04953694344	1	3530	6935	0.995925	141.443701263
11.2761089802	1	3540	6955	1.22528	113.514333912
15.1182119846	1	3550	6976	1.02582	84.6660968441
13.5402941704	1	3560	6999	1.3053	94.5326581456
14.6595869064	1	3570	7020	0.974883	87.3148751169
7.88371300697	1	3580	7040	0.953934	162.36004518
7.92229390144	1	3590	7057	1.12974	161.569365631
14.7687761784	1	3600	7077	0.99947	86.6693343133
8.44608092308	1	3610	7089	1.0964	151.549578042
7.95670509338	1	3620	7104	0.892911	160.870609753
7.91555500031	1	3630	7121	0.911835	161.706917576
11.910588026	1	3640	7137	0.914047	107.467406076
9.94526600838	1	3650	7151	1.04023	128.704450833
12.136980772	1	3660	7176	1.0965	105.462801997
11.9269881248	1	3670	7195	0.87421	107.319633976
7.96458888054	1	3680	7215	1.0714	160.711371196
15.1252861023	1	3690	7234	0.898236	84.626498391
13.7894940376	1	3700	7256	0.995114	92.8242904712
14.1611149311	1	3710	7280	0.905867	90.3883632205
7.95987606049	1	3720	7301	0.964868	160.806523905
17.2252318859	1	3730	7320	1.01477	74.3095946968
8.05107116699	1	3740	7337	0.993612	158.985055957
7.72364187241	1	3750	7357	1.08179	165.72492888
15.7825880051	1	3760	7379	0.926061	81.1020346973
11.2164421082	1	3770	7392	1.04004	114.118183615
7.97425484657	1	3780	7414	0.940013	160.516565451
9.04453516006	1	3790	7434	1.20318	141.521922061
18.0210750103	1	3800	7457	0.893063	71.02794918
8.01834082603	1	3810	7468	1.19173	159.63402252
11.9669611454	1	3820	7481	1.06478	106.961156174
13.8509209156	1	3830	7503	0.874359	92.4126278534
7.86576604843	1	3840	7515	1.02494	162.730494667
9.3610970974	1	3850	7532	0.934894	136.73610974
12.3045389652	1	3860	7553	0.925105	104.026652572
7.53330993652	1	3870	7565	0.713274	169.912032133
8.87928295135	1	3880	7582	0.914713	144.155784539
13.1855909824	1	3890	7601	1.01042	97.0756640112
7.76922297478	1	3900	7625	1.02939	164.752640535
15.3266890049	1	3910	7648	0.888633	83.5144498326
12.4739840031	1	3920	7666	0.935962	102.613567541
8.82837796211	1	3930	7683	0.994305	144.986995968
10.2894530296	1	3940	7695	0.7822	124.399226695
10.2874929905	1	3950	7714	1.01116	124.422928033
15.7712011337	1	3960	7741	1.09645	81.1605906961
10.1149230003	1	3970	7754	0.929527	126.545698861
13.4114608765	1	3980	7773	0.900579	95.4407586012
8.48503112793	1	3990	7792	0.995078	150.853895608
7.81055188179	1	4000	7806	0.981433	163.88086519
10.7682950497	1	4010	7822	0.935323	118.867471043
7.53542709351	1	4020	7840	0.986544	169.864293572
12.1270008087	1	4030	7862	1.07698	105.549593027
21.814469099	1	4040	7883	0.99932	58.676651455
10.9297449589	1	4050	7900	0.950753	117.111607345
7.66089010239	1	4060	7917	0.95043	167.082412473
11.3248929977	1	4070	7933	1.17986	113.025350461
22.8902249336	1	4080	7965	1.10959	55.9190660516
8.88933396339	1	4090	7983	0.927401	143.992790154
12.4964091778	1	4100	8002	0.807753	102.429424468
7.65080595016	1	4110	8019	0.93562	167.30263561
15.9129579067	1	4120	8039	0.867096	80.4375910188
9.47589302063	1	4130	8056	0.901257	135.079617004
7.73380208015	1	4140	8076	0.927049	165.507209356
8.19984793663	1	4150	8097	0.946403	156.100455751
8.09241008759	1	4160	8115	0.75522	158.172903517
7.70243597031	1	4170	8131	0.919964	166.181193188
11.3392999172	1	4180	8147	0.968248	112.881748375
21.854847908	1	4190	8172	0.881366	58.5682410322
14.008338213	1	4200	8197	1.00789	91.3741502054
14.139015913	1	4210	8212	1.18962	90.5296385459
9.6721739769	1	4220	8233	1.1314	132.338397041
13.1864230633	1	4230	8244	0.94481	97.0695384076
9.7481739521	1	4240	8256	1.08948	131.306643305
9.2648730278	1	4250	8273	0.810735	138.156237669
10.9820389748	1	4260	8287	0.910422	116.553948037
15.3350350857	1	4270	8307	0.813033	83.468997159
11.9445807934	1	4280	8324	0.86925	107.161567421
10.5039691925	1	4290	8345	0.999753	121.858697083
10.6099128723	1	4300	8360	0.997298	120.641895499
7.98433995247	1	4310	8373	0.924416	160.313815246
11.6870071888	1	4320	8392	0.870037	109.523334702
8.35976481438	1	4330	8406	0.927452	153.114355298
9.78032016754	1	4340	8421	0.906303	130.875061151
13.9627590179	1	4350	8440	1.17019	91.6724265136
20.8738889694	1	4360	8459	1.00117	61.3206289386
11.2561929226	1	4370	8479	0.917012	113.715179617
12.832406044	1	4380	8503	1.06117	99.7474671243
15.2497320175	1	4390	8520	0.988214	83.9359012034
8.31250500679	1	4400	8535	0.918331	153.984869658
7.82736492157	1	4410	8555	0.90925	163.528852024
16.1318850517	1	4420	8581	0.803924	79.3459658246
23.3713848591	1	4430	8601	0.961633	54.7678285954
9.94149112701	1	4440	8616	0.876249	128.753321171
12.075191021	1	4450	8638	0.752647	106.002463876
8.04047489166	1	4460	8657	1.02511	159.194577092
7.7633471489	1	4470	8672	0.916137	164.87733647
7.76095890999	1	4480	8690	1.41505	164.928073302
15.3370380402	1	4490	8708	0.926183	83.4580964491
8.26053285599	1	4500	8725	0.835065	154.953684262
14.1306591034	1	4510	8739	0.804631	90.5831773758
8.20261001587	1	4520	8755	1.08467	156.047891771
25.1265459061	1	4530	8775	1.00176	50.9421392333
7.87717413902	1	4540	8790	0.874681	162.494820783
21.3191859722	1	4550	8808	1.00666	60.0398158573
7.90835785866	1	4560	8826	0.985364	161.85408183
10.6517221928	1	4570	8847	1.1319	120.168361213
10.9445109367	1	4580	8866	1.0633	116.953604176
8.09677290916	1	4590	8881	0.872971	158.08767448
13.0965471268	1	4600	8898	1.20789	97.7356846511
12.0541698933	1	4610	8923	0.9762	106.187320349
11.6989059448	1	4620	8938	0.893588	109.411940402
13.8253891468	1	4630	8956	0.901375	92.5832890784
11.0118498802	1	4640	8978	1.13256	116.238417153
17.6787371635	1	4650	8998	1.07594	72.4033616292
10.0431599617	1	4660	9016	0.877413	127.449926605
7.75854206085	1	4670	9031	0.853693	164.979449742
10.9143199921	1	4680	9048	0.950079	117.277118586
8.11500787735	1	4690	9064	0.878267	157.732440849
10.3860280514	1	4700	9084	0.988461	123.242494019
13.0157048702	1	4710	9099	0.924579	98.3427338559
8.83526706696	1	4720	9118	1.11768	144.873945553
8.7016711235	1	4730	9130	0.810342	147.098181698
14.0819568634	1	4740	9148	0.72592	90.8964579579
12.4689159393	1	4750	9164	0.803917	102.655275425
13.7279560566	1	4760	9185	0.954121	93.2403917031
20.7195360661	1	4770	9199	0.86427	61.7774450122
7.81086587906	1	4780	9211	0.800402	163.87427717
24.9343020916	1	4790	9232	0.947307	51.3349038324
13.0827441216	1	4800	9252	0.915365	97.8388011038
8.97882390022	1	4810	9264	0.829786	142.557646104
9.44235491753	1	4820	9277	0.848267	135.559403473
10.9345669746	1	4830	9293	0.934185	117.0599625
10.1019082069	1	4840	9308	0.761822	126.708734011
15.691275835	1	4850	9332	0.95109	81.5739913986
14.830327034	1	4860	9359	0.962349	86.3096273646
19.3888411522	1	4870	9380	0.968974	66.0173545161
10.3558309078	1	4880	9395	0.786305	123.601863664
11.9052729607	1	4890	9408	0.897314	107.515384505
8.08915805817	1	4900	9422	0.878092	158.236492698
9.85342502594	1	4910	9438	0.947881	129.904068548
12.0172998905	1	4920	9453	0.897915	106.513111236
13.3609640598	1	4930	9472	0.950096	95.8014701835
14.6690289974	1	4940	9486	0.854697	87.2586726923
11.5482490063	1	4950	9512	0.988916	110.839314194
7.79576301575	1	4960	9533	1.0349	164.191753574
9.67067885399	1	4970	9549	0.781782	132.358857049
7.88506317139	1	4980	9565	0.899451	162.332244166
11.9474608898	1	4990	9582	0.840487	107.135734681
11.1516780853	1	5000	9600	0.970377	114.780931642
5.10767197609	1	5010	9612	0.794045	250.603407187
8.7036459446	1	5020	9626	0.788691	147.064805732
10.3346750736	1	5030	9643	0.899368	123.854885701
9.52767300606	1	5040	9663	0.852064	134.345500647
4.32674503326	1	5050	9676	0.837932	295.834395177
4.60509085655	1	5060	9686	1.07976	277.953256488
5.28948616982	1	5070	9697	0.901958	241.989478544
12.2528278828	1	5080	9712	1.03212	104.46568027
13.397548914	1	5090	9732	0.807479	95.5398639125
6.80683612823	1	5100	9749	0.981169	188.046248784
9.85322594643	1	5110	9761	0.942229	129.906693195
12.350479126	1	5120	9777	0.967467	103.639703929
20.3304839134	1	5130	9808	0.813452	62.9596425472
13.274338007	1	5140	9826	0.807245	96.4266541448
6.7592830658	1	5150	9841	0.801729	189.369196043
10.3398008347	1	5160	9859	0.805463	123.79348698
8.93120718002	1	5170	9871	0.784628	143.317692021
33.8075339794	1	5180	9887	0.824247	37.8613832283
3.36200785637	1	5190	9897	0.864458	380.724868794
28.5836610794	1	5200	9920	0.791331	44.7808276359
8.1646258831	1	5210	9940	0.860618	156.773870392
14.453990221	1	5220	9956	0.819589	88.5568607995
6.61265277863	1	5230	9974	0.873483	193.568306526
16.4575090408	1	5240	9994	0.818589	77.7760472028
18.2308151722	1	5250	10014	0.976501	70.2107935334
10.2016267776	1	5260	10030	1.1048	125.470185089
3.52909803391	1	5270	10045	0.821913	362.698907115
7.66074204445	1	5280	10060	0.89528	167.085641648
29.8555231094	1	5290	10073	0.904237	42.8731392616
9.80069804192	1	5300	10089	1.23003	130.602942211
3.4612429142	1	5310	10099	0.795323	369.809352227
7.84636807442	1	5320	10117	0.877301	163.132800789
8.45635199547	1	5330	10131	1.09437	151.365506153
9.90715885162	1	5340	10143	0.736391	129.199503023
5.84631896019	1	5350	10165	0.714093	218.941184823
7.46993613243	1	5360	10176	0.78782	171.353540018
20.1070380211	1	5370	10204	0.891115	63.659301716
25.094671011	1	5380	10226	0.893347	51.0068452159
3.38239884377	1	5390	10242	1.13209	378.429646864
6.7917881012	1	5400	10261	0.858245	188.462887965
7.62700486183	1	5410	10279	1.03213	167.824725851
11.2721071243	1	5420	10292	0.967889	113.554634097
26.3776791096	1	5430	10321	0.964245	48.5258765444
9.99193787575	1	5440	10332	0.891697	128.103278455
22.3469369411	1	5450	10358	0.946277	57.2785435145
5.70467615128	1	5460	10375	1.0113	224.377329415
5.68824291229	1	5470	10388	0.739054	225.02555178
7.3757390976	1	5480	10402	1.00265	173.541930248
5.95415902138	1	5490	10419	0.825984	214.975783382
4.32854890823	1	5500	10430	1.03053	295.711109459
13.8507680893	1	5510	10453	0.996629	92.4136475138
13.8410499096	1	5520	10476	1.03413	92.4785336633
23.6003398895	1	5530	10503	0.794298	54.2365070161
8.37973999977	1	5540	10521	0.796398	152.749369316
12.5406851768	1	5550	10540	0.889297	102.067788319
8.39163088799	1	5560	10554	0.776993	152.53292442
18.0119950771	1	5570	10592	0.807043	71.06375471
20.414208889	1	5580	10633	0.809083	62.701425608
24.5676109791	1	5590	10682	0.879536	52.101118057
9.44291114807	1	5600	10714	0.841341	135.551418406
10.124974966	1	5610	10734	0.839841	126.420065659
16.1814289093	1	5620	10756	0.825107	79.1030265111
16.3206660748	1	5630	10778	0.955742	78.4281716284
23.517056942	1	5640	10808	0.755301	54.4285793566
5.84747409821	1	5650	10827	0.806366	218.897934134
26.5706510544	1	5660	10844	0.711183	48.1734526331
9.02400183678	1	5670	10886	0.932738	141.84394276
13.3294970989	1	5680	10904	0.834072	96.0276288371
13.3080809116	1	5690	10928	0.884116	96.1821624394
6.67875599861	1	5700	10947	0.948143	191.652457474
23.4680140018	1	5710	10972	0.803962	54.5423230061
3.44644093513	1	5720	10983	1.10557	371.39763138
7.12152409554	1	5730	10998	0.903827	179.736806732
4.28938102722	1	5740	11008	0.882823	298.411353964
3.55916500092	1	5750	11020	0.817085	359.634914276
16.8163440228	1	5760	11048	0.787247	76.116425679
3.4953520298	1	5770	11058	1.0721	366.200596989
4.41840481758	1	5780	11072	0.858859	289.697312231
7.44040703773	1	5790	11084	0.82436	172.033598902
13.9572989941	1	5800	11098	0.749836	91.7082882974
4.35071110725	1	5810	11110	0.894778	294.204779045
3.51887702942	1	5820	11123	0.866944	363.752410016
3.51354503632	1	5830	11134	0.916331	364.304423814
12.6263749599	1	5840	11152	0.812722	101.375098083
3.99121904373	1	5850	11170	0.856946	320.704021998
4.19060087204	1	5860	11184	0.805597	305.445457366
13.465788126	1	5870	11214	0.870933	95.0557062107
9.68793678284	1	5880	11224	0.777045	132.123075191
5.97418117523	1	5890	11240	0.931592	214.255303355
4.41024494171	1	5900	11251	0.675125	290.23331287
6.67333292961	1	5910	11265	0.722778	191.808203412
14.747398138	1	5920	11285	0.816052	86.794971426
6.91146492958	1	5930	11303	1.04033	185.199521815
9.9598929882	1	5940	11320	0.883323	128.515437015
6.79831290245	1	5950	11337	0.853605	188.28200737
10.8447890282	1	5960	11351	0.752736	118.029036496
9.98747014999	1	5970	11375	0.919402	128.160583289
16.7317259312	1	5980	11397	0.927749	76.5013726179
18.2825539112	1	5990	11417	0.786716	70.0121004
9.98902201653	1	6000	11435	1.01164	128.140672619
3.49057912827	1	6010	11445	0.992432	366.701327477
11.5820629597	1	6020	11476	0.771236	110.515717662
7.38354086876	1	6030	11487	0.87104	173.358558279
8.38640904427	1	6040	11505	0.869506	152.627899885
3.41269397736	1	6050	11524	0.785011	375.070254905
10.6765711308	1	6060	11550	0.769772	119.888678146
21.9015898705	1	6070	11575	0.752565	58.4432457904
22.5069890022	1	6080	11599	0.837708	56.8712234175
14.0134191513	1	6090	11621	0.705508	91.3410200737
14.0392229557	1	6100	11635	1.0218	91.1731371486
8.15969800949	1	6110	11658	0.852431	156.86855059
16.1613099575	1	6120	11678	0.793562	79.2015005817
12.8323669434	1	6130	11701	0.891205	99.7477710581
17.5578041077	1	6140	11718	0.86228	72.9020549581
5.95196390152	1	6150	11732	0.942082	215.055067735
12.2518870831	1	6160	11752	0.863901	104.473701996
5.72790789604	1	6170	11779	0.906865	223.467280416
11.3155190945	1	6180	11811	0.787554	113.118981932
17.2805459499	1	6190	11829	0.791363	74.0717338276
30.8136589527	1	6200	11852	0.993747	41.5400197024
4.89934301376	1	6210	11865	0.813431	261.259519165
4.66415309906	1	6220	11876	0.930757	274.433530121
7.79928994179	1	6230	11895	0.825183	164.117504228
3.42163515091	1	6240	11913	0.709712	374.090147998
9.42003393173	1	6250	11931	0.90191	135.880614579
9.3467810154	1	6260	11951	0.857502	136.945542844
7.03569602966	1	6270	11982	0.747378	181.929406075
3.48337888718	1	6280	11997	0.764876	367.459309325
11.8081951141	1	6290	12020	0.75804	108.399292832
7.23414587975	1	6300	12036	0.935701	176.938649189
5.0513420105	1	6310	12050	0.887048	253.398007369
3.4977889061	1	6320	12067	0.942472	365.945468513
13.4470100403	1	6330	12085	1.11353	95.188446812
5.43523716927	1	6340	12103	1.03128	235.500302956
3.49388480186	1	6350	12113	0.859707	366.354379892
3.88367009163	1	6360	12123	0.955997	329.585152652
5.34904098511	1	6370	12137	0.83766	239.295231344
15.2704150677	1	6380	12153	0.839271	83.8222140215
13.1359109879	1	6390	12176	0.871231	97.442804019
59.1996488571	1	6400	12202	0.902035	21.6217498703
5.38506507874	1	6410	12213	0.991434	237.694434753
3.73887705803	1	6420	12231	0.954898	342.348780164
9.55871605873	1	6430	12258	0.889097	133.90919786
4.0684659481	1	6440	12283	0.92142	314.614898177
19.5676829815	1	6450	12319	1.02353	65.4139788145
5.76478695869	1	6460	12341	0.80959	222.03769353
11.3731350899	1	6470	12365	0.809072	112.545924223
18.5458688736	1	6480	12378	0.932455	69.0180658951
23.0022490025	1	6490	12427	0.934322	55.6467326244
5.68500614166	1	6500	12443	0.840018	225.153670569
11.3928198814	1	6510	12456	0.939181	112.351464635
3.43895411491	1	6520	12468	0.834734	372.206187471
4.955108881	1	6530	12479	0.833865	258.319248021
5.74356508255	1	6540	12498	0.705836	222.858099735
3.50622701645	1	6550	12518	0.819955	365.0647816
20.5082519054	1	6560	12535	0.818208	62.4139007996
10.4310240746	1	6570	12561	0.793684	122.710866244
19.1168379784	1	6580	12584	0.81066	66.9566798363
13.8997070789	1	6590	12599	0.722962	92.0882715536
5.45629882812	1	6600	12622	0.918769	234.59125688
5.56935214996	1	6610	12636	0.636887	229.829245042
6.96996092796	1	6620	12651	0.804542	183.645218851
6.12734699249	1	6630	12676	0.915954	208.899545198
3.31599903107	1	6640	12687	0.721649	386.007350427
4.02737092972	1	6650	12697	0.765929	317.825207148
18.209154129	1	6660	12721	0.927195	70.2943141087
8.96772193909	1	6670	12734	0.669679	142.73413122
3.49147987366	1	6680	12745	0.815227	366.60672446
4.88520407677	1	6690	12755	0.689018	262.015666057
3.43303203583	1	6700	12776	0.87239	372.848253859
10.4533801079	1	6710	12803	0.868263	122.448431683
4.60154891014	1	6720	12817	0.904359	278.167205216
3.26786994934	1	6730	12828	0.828652	391.692454058
3.47667098045	1	6740	12838	0.830807	368.168287191
5.75261902809	1	6750	12864	0.93713	222.507347306
3.47242999077	1	6760	12883	0.798492	368.617942882
7.54940199852	1	6770	12911	0.931869	169.549853121
7.95904707909	1	6780	12924	0.779368	160.823272847
4.03423094749	1	6790	12943	0.786958	317.284760506
14.3582720757	1	6800	12963	0.972416	89.1472172456
3.38052487373	1	6810	12978	0.941687	378.63942666
13.6873731613	1	6820	13005	0.837286	93.5168483327
9.2306997776	1	6830	13022	0.859248	138.667710015
6.12540316582	1	6840	13034	0.752864	208.96583708
10.849093914	1	6850	13053	0.866817	117.982202951
8.33568692207	1	6860	13063	0.929412	153.556630901
3.44561314583	1	6870	13076	0.861052	371.486857586
24.5629050732	1	6880	13106	0.810308	52.1110998958
8.01225399971	1	6890	13128	0.786957	159.755294833
5.76355695724	1	6900	13140	0.791063	222.085078623
15.2157189846	1	6910	13152	0.809081	84.1235304947
23.0004689693	1	6920	13194	0.801032	55.6510391899
12.3712160587	1	6930	13217	0.868999	103.465980541
7.94409680367	1	6940	13230	0.905749	161.125931825
4.12400317192	1	6950	13248	1.07905	310.378034798
9.1804049015	1	6960	13274	0.885342	139.427401485
19.388764143	1	6970	13305	0.830184	66.0176167269
10.9911599159	1	6980	13324	0.91604	116.457226516
24.6696341038	1	6990	13361	0.782498	51.8856499701
8.38840985298	1	7000	13379	0.914585	152.591494983
9.20791006088	1	7010	13397	1.02969	139.010914696
7.57544803619	1	7020	13418	0.987073	168.966903856
7.64100003242	1	7030	13432	0.843758	167.517339951
3.44365692139	1	7040	13442	1.03946	371.697886642
7.75537991524	1	7050	13462	0.887823	165.046717761
3.99282097816	1	7060	13473	0.800957	320.575354367
4.40714001656	1	7070	13487	0.76543	290.437788496
18.4827740192	1	7080	13500	0.882628	69.2536736459
3.29812598228	1	7090	13512	0.836293	388.099183256
26.4881169796	1	7100	13562	0.792071	48.3235558415
6.69226908684	1	7110	13581	0.799502	191.265471156
11.0339109898	1	7120	13598	0.945697	116.006011032
21.9888410568	1	7130	13620	0.94563	58.2113444129
6.36128687859	1	7140	13638	0.772503	201.217147478
4.98351812363	1	7150	13650	1.07919	256.846662989
15.1649599075	1	7160	13669	0.823272	84.4051028031
10.8280470371	1	7170	13690	0.873906	118.211529338
4.3664700985	1	7180	13702	0.96892	293.142967002
3.50828194618	1	7190	13712	0.696913	364.850949734
5.84029603004	1	7200	13722	0.849635	219.166972601
8.88916897774	1	7210	13738	1.01029	143.995462704
7.5447499752	1	7220	13756	0.871385	169.654395998
16.5346720219	1	7230	13771	0.732976	77.4130867735
10.2650690079	1	7240	13796	1.00149	124.694729185
5.01888895035	1	7250	13811	0.819862	255.036525546
4.64237999916	1	7260	13828	0.911493	275.720643341
10.3694119453	1	7270	13844	0.956286	123.439979697
8.43705797195	1	7280	13861	0.817333	151.711651651
3.39737606049	1	7290	13873	0.981704	376.761352647
3.30433511734	1	7300	13890	0.853274	387.369910904
3.35812401772	1	7310	13904	0.701705	381.165196177
3.51441884041	1	7320	13914	0.781523	364.21384534
3.47324109077	1	7330	13925	0.971878	368.531860169
3.32393884659	1	7340	13935	0.810385	385.085303634
3.31818413734	1	7350	13948	1.00651	385.753155045
8.91370201111	1	7360	13960	0.870364	143.599146393
8.66728401184	1	7370	13972	0.914779	147.681788003
6.06263685226	1	7380	13986	0.956909	211.129254678
16.0700991154	1	7390	14005	0.968938	79.6510333141
9.93121290207	1	7400	14024	0.806593	128.886573334
9.07040500641	1	7410	14051	0.967439	141.118285137
3.35991716385	1	7420	14063	0.775242	380.961773038
3.34482097626	1	7430	14076	0.972636	382.681168614
10.0641629696	1	7440	14096	0.756685	127.183950008
3.65915584564	1	7450	14109	0.885627	349.807456691
4.39000511169	1	7460	14123	0.829809	291.571414482
13.2468430996	1	7470	14145	1.01928	96.62679556
3.504570961	1	7480	14157	0.846737	365.237289884
14.1979138851	1	7490	14194	0.956578	90.1540895625
9.88280010223	1	7500	14211	0.799172	129.517949039
16.7887878418	1	7510	14224	0.745771	76.2413589392
9.33564019203	1	7520	14240	1.01525	137.10896882
21.0762028694	1	7530	14280	0.895332	60.7320022459
7.36901903152	1	7540	14294	0.940303	173.700189201
5.58066010475	1	7550	14305	0.751058	229.363547676
8.62994480133	1	7560	14331	0.945531	148.32076328
17.7091960907	1	7570	14356	0.803503	72.2788314864
8.98269701004	1	7580	14369	0.807919	142.496178884
15.6663620472	1	7590	14390	0.965654	81.70371629
3.32459688187	1	7600	14405	0.84539	385.009083953
7.88738799095	1	7610	14419	0.92296	162.284396491
5.75588202477	1	7620	14440	1.00782	222.381208387
7.42724704742	1	7630	14454	0.754172	172.338417159
10.9319250584	1	7640	14472	0.772323	117.088252359
12.620331049	1	7650	14491	0.857515	101.423646894
25.7362008095	1	7660	14528	0.962481	49.735390607
4.33652210236	1	7670	14542	0.922588	295.167410609
7.51898097992	1	7680	14557	0.900916	170.235834273
5.84451198578	1	7690	14568	0.769896	219.008875868
3.4911711216	1	7700	14583	0.889561	366.639146412
10.1334168911	1	7710	14598	0.895337	126.314747903
7.39158391953	1	7720	14620	0.919115	173.169920539
9.29162120819	1	7730	14637	0.899778	137.758521502
4.76375389099	1	7740	14647	1.09311	268.695660878
10.8812739849	1	7750	14674	0.908121	117.633284648
6.7045879364	1	7760	14689	0.829795	190.914044553
15.6112761497	1	7770	14709	0.895628	81.9920157533
33.9045519829	1	7780	14729	1.12128	37.7530427373
8.8589630127	1	7790	14748	0.727691	144.486436862
5.73975491524	1	7800	14761	1.04521	223.006037523
26.8356480598	1	7810	14792	0.673806	47.6977487984
11.997948885	1	7820	14832	0.899204	106.684901917
10.7086369991	1	7830	14863	0.836883	119.52968432
13.2999391556	1	7840	14885	0.965224	96.2410417842
3.57701683044	1	7850	14907	0.876768	357.84008314
3.4122300148	1	7860	14922	0.768913	375.121253388
6.00266218185	1	7870	14934	0.790852	213.238719958
7.95775985718	1	7880	14958	1.01224	160.849287108
9.74153208733	1	7890	14977	0.842828	131.396169363
9.87283992767	1	7900	14990	0.931703	129.648612697
7.81341910362	1	7910	15014	0.942654	163.820727267
19.9618458748	1	7920	15039	0.799874	64.1223265638
7.99205708504	1	7930	15056	0.888301	160.159016181
7.65736603737	1	7940	15075	0.730528	167.159306967
11.9982128143	1	7950	15097	0.796597	106.682555128
6.69500112534	1	7960	15126	0.897361	191.187421187
6.00208687782	1	7970	15143	0.90147	213.259159032
13.3051660061	1	7980	15154	0.866621	96.2032340983
8.00261306763	1	7990	15173	0.792235	159.947755712
6.4506111145	1	8000	15190	0.76316	198.430811791
14.5038509369	1	8010	15206	0.856792	88.2524238266
3.41108298302	1	8020	15221	0.706984	375.247393972
3.52768301964	1	8030	15233	0.790467	362.844391878
16.708065033	1	8040	15262	0.732156	76.6097089923
9.02559685707	1	8050	15274	0.827273	141.818875834
10.0503640175	1	8060	15296	0.825106	127.35857107
11.9975891113	1	8070	15324	0.867242	106.688101095
10.0308759212	1	8080	15339	0.749978	127.606004705
9.63755607605	1	8090	15361	0.851537	132.813753808
19.973279953	1	8100	15395	0.874679	64.085618537
6.89646911621	1	8110	15415	0.741042	185.602223171
6.8074657917	1	8120	15426	0.772562	188.028855255
11.6567800045	1	8130	15440	0.881766	109.807339549
10.3869462013	1	8140	15459	0.930907	123.231600048
10.9448828697	1	8150	15476	0.803717	116.949629817
6.53352999687	1	8160	15504	0.962354	195.912470076
7.64076399803	1	8170	15519	0.782147	167.522514807
10.3481080532	1	8180	15542	0.91236	123.694108471
15.8140480518	1	8190	15560	0.856379	80.9406924656
3.42582392693	1	8200	15570	1.01665	373.63274567
15.4548890591	1	8210	15586	0.900476	82.8216880178
9.49012994766	1	8220	15606	0.835352	134.876972924
3.40857791901	1	8230	15625	1.03053	375.523174302
7.93622398376	1	8240	15641	1.02944	161.28577049
8.94455504417	1	8250	15662	0.845527	143.103820557
9.67398500443	1	8260	15681	0.885532	132.313622506
8.08027005196	1	8270	15692	0.906514	158.410547144
13.2466180325	1	8280	15711	0.815163	96.628437301
7.61342692375	1	8290	15739	0.909248	168.124027829
11.7842619419	1	8300	15759	0.796564	108.61944569
3.4281270504	1	8310	15770	0.846401	373.381727451
5.60159397125	1	8320	15784	1.04023	228.506387034
11.5793130398	1	8330	15800	0.919959	110.541963552
4.99642395973	1	8340	15814	0.84532	256.183224305
3.56777000427	1	8350	15827	0.886106	358.767521019
13.4350111485	1	8360	15848	0.877749	95.2734602046
9.35623502731	1	8370	15864	0.911958	136.807166159
4.60760688782	1	8380	15877	0.724577	277.801477245
7.44481897354	1	8390	15891	0.796134	171.931648647
3.46073698997	1	8400	15903	0.932436	369.863414558
15.4616069794	1	8410	15942	0.973153	82.7857027868
6.81891512871	1	8420	15962	0.777866	187.71314437
14.1807019711	1	8430	15978	0.92215	90.2635146421
6.41993498802	1	8440	15998	0.90745	199.378966047
12.5819189548	1	8450	16016	0.884819	101.733289222
10.6879839897	1	8460	16030	0.832354	119.76065844
4.02013707161	1	8470	16055	0.74856	318.397103681
5.94404196739	1	8480	16067	0.94132	215.341682818
17.995511055	1	8490	16091	0.681094	71.1288496386
4.98894095421	1	8500	16101	0.777237	256.567478298
10.0439488888	1	8510	16119	0.747157	127.439915732
3.28332304955	1	8520	16130	0.763908	389.848936789
3.21180510521	1	8530	16141	0.92711	398.52978561
7.85716295242	1	8540	16159	0.726677	162.908674257
9.17027592659	1	8550	16175	0.978268	139.58140521
12.4576890469	1	8560	16200	0.889139	102.747788549
9.10048508644	1	8570	16217	0.859524	140.651843044
10.5511958599	1	8580	16242	0.909061	121.313263159
7.08783197403	1	8590	16263	0.838568	180.591188489
13.9363751411	1	8600	16282	0.806872	91.845977669
5.44575786591	1	8610	16298	0.687091	235.04533832
22.8649151325	1	8620	16326	0.923487	55.9809643981
10.0812649727	1	8630	16359	0.800618	126.968193324
20.4758410454	1	8640	16377	0.819021	62.5126947002
3.44505286217	1	8650	16393	0.845612	371.54727408
21.1749281883	1	8660	16411	0.81288	60.4488472696
3.44333982468	1	8670	16430	0.958936	371.732116251
3.91362094879	1	8680	16447	0.684715	327.062844549
6.82127904892	1	8690	16458	0.935872	187.648092216
5.27759313583	1	8700	16472	0.895601	242.534800818
13.3444099426	1	8710	16489	0.790103	95.9203146114
3.27866697311	1	8720	16507	0.856612	390.402566194
13.6651771069	1	8730	16524	0.792181	93.6687457463
6.97059798241	1	8740	16542	0.763998	183.628435212
9.54817986488	1	8750	16561	0.685879	134.056963538
15.2763431072	1	8760	16585	0.844175	83.7896865117
3.52027106285	1	8770	16599	0.849992	363.608363432
7.24297094345	1	8780	16622	0.946735	176.723061571
13.7508618832	1	8790	16638	0.856462	93.0850742939
7.75355911255	1	8800	16650	0.915735	165.085476414
8.22538685799	1	8810	16667	0.811608	155.615781008
4.88800811768	1	8820	16682	1.09801	261.865358892
10.967828989	1	8830	16705	0.907838	116.704956038
5.82475590706	1	8840	16732	0.907477	219.751697826
15.8924710751	1	8850	16753	1.01477	80.541282344
12.2171139717	1	8860	16771	0.961887	104.771061559
7.72222399712	1	8870	16791	0.82053	165.755357586
5.64719295502	1	8880	16809	0.904587	226.661282906
11.3394420147	1	8890	16832	0.838831	112.880333824
9.62211108208	1	8900	16850	0.915918	133.026940666
21.2294940948	1	8910	16882	0.820271	60.2934763439
20.4438738823	1	8920	16905	0.974585	62.6104429801
3.68692994118	1	8930	16918	0.941458	347.172314208
12.3251869678	1	8940	16935	0.798538	103.852379955
11.1253790855	1	8950	16960	0.91073	115.052259357
5.20117592812	1	8960	16973	0.924302	246.098193503
3.36585307121	1	8970	16985	0.956763	380.289921431
9.13306903839	1	8980	17002	0.773094	140.15004098
3.8461060524	1	8990	17018	0.938155	332.804135549
10.3236508369	1	9000	17035	0.926993	123.987145654
3.61066699028	1	9010	17045	0.84784	354.505138094
8.16603517532	1	9020	17069	0.83139	156.746814399
3.56599402428	1	9030	17079	0.83523	358.946198812
3.40166282654	1	9040	17098	0.883897	376.286559036
8.48061800003	1	9050	17122	0.787295	150.932396671
12.7671160698	1	9060	17144	0.76783	100.25756741
7.99014091492	1	9070	17170	0.831685	160.197425005
7.05406904221	1	9080	17183	0.952492	181.455553148
4.76572799683	1	9090	17195	0.824024	268.584359169
3.62429404259	1	9100	17206	0.951885	353.172227463
20.2367169857	1	9110	17224	0.767162	63.2513663607
17.4246931076	1	9120	17245	0.814457	73.4589695265
3.33430600166	1	9130	17265	0.878476	383.887981296
21.1417620182	1	9140	17278	0.77269	60.5436764872
7.17254590988	1	9150	17289	0.992547	178.458251238
8.30345988274	1	9160	17302	1.0812	154.15260844
7.95313000679	1	9170	17317	0.969497	160.942924221
8.98147916794	1	9180	17337	0.947011	142.515500628
35.5813269615	1	9190	17364	0.729294	35.9739253509
10.3302249908	1	9200	17383	0.955439	123.90824025
13.5773620605	1	9210	17397	0.938801	94.2745722101
7.62436294556	1	9220	17413	0.82329	167.882878759
19.941562891	1	9230	17452	0.970143	64.1875467332
18.3200030327	1	9240	17491	0.755218	69.8689840671
9.30844593048	1	9250	17511	1.02124	137.509527322
8.39205312729	1	9260	17526	0.784307	152.525249851
4.32069396973	1	9270	17538	0.938788	296.248706566
17.1141090393	1	9280	17565	0.916702	74.7920909619
12.1891670227	1	9290	17581	0.955798	105.011277441
11.986166954	1	9300	17609	0.861629	106.789768982
3.45859909058	1	9310	17619	0.779677	370.092042032
14.7553830147	1	9320	17634	0.897406	86.7480023207
3.4598968029	1	9330	17646	0.836612	369.953230665
17.0368630886	1	9340	17664	0.976392	75.1312018734
15.2981538773	1	9350	17684	1.10046	83.6702265038
3.45688009262	1	9360	17695	0.770271	370.276077187
3.43342614174	1	9370	17710	0.792413	372.805456462
6.79829883575	1	9380	17736	0.847892	188.282396953
8.64181113243	1	9390	17747	0.849504	148.117099574
5.78644490242	1	9400	17770	0.838032	221.206634053
19.1270561218	1	9410	17788	0.845267	66.9209099324
6.58573889732	1	9420	17816	0.987893	194.359360424
5.62784600258	1	9430	17829	0.809343	227.440480677
7.87963008881	1	9440	17852	0.829939	162.444173847
15.3204360008	1	9450	17879	0.895618	83.5485360816
26.6814630032	1	9460	17895	0.81837	47.973381364
18.2433798313	1	9470	17920	0.77282	70.1624376533
8.41618013382	1	9480	17935	0.920927	152.087999502
8.40661287308	1	9490	17946	0.807215	152.26108533
6.33117794991	1	9500	17967	0.918928	202.174067785
5.3167450428	1	9510	17989	0.780982	240.748802076
23.2473940849	1	9520	18026	1.00128	55.0599346888
3.34270095825	1	9530	18046	1.16526	382.923873833
22.3284659386	1	9540	18069	0.728541	57.3259266231
6.41851496696	1	9550	18086	0.891454	199.423076302
3.44241404533	1	9560	18100	0.739054	371.83208735
3.84426307678	1	9570	18110	0.983888	332.96368496
17.661123991	1	9580	18123	0.97306	72.4755684095
5.86774897575	1	9590	18145	0.832661	218.141574442
7.24694991112	1	9600	18165	0.968631	176.626031047
4.27381920815	1	9610	18183	0.893887	299.497928588
3.36454796791	1	9620	18199	0.812426	380.437435343
16.5683569908	1	9630	18225	0.765535	77.2556989634
3.46117186546	1	9640	18241	0.894831	369.816943438
23.1171610355	1	9650	18269	0.645636	55.3701208393
15.1030781269	1	9660	18297	0.745546	84.7509354878
10.6668498516	1	9670	18317	0.931076	119.997939205
5.40799212456	1	9680	18328	0.774502	236.686735209
4.95225405693	1	9690	18338	0.935152	258.468161222
11.3008368015	1	9700	18350	0.817761	113.265948574
3.47791719437	1	9710	18363	0.831872	368.036364429
3.4503569603	1	9720	18380	0.83604	370.97610906
3.50166988373	1	9730	18395	0.898454	365.539883113
5.89773702621	1	9740	18412	0.741185	217.032396377
19.7363159657	1	9750	18425	0.941985	64.8550622227
9.9293820858	1	9760	18443	0.825479	128.910337918
13.6862950325	1	9770	18464	0.916889	93.5242150604
29.9754500389	1	9780	18484	0.928334	42.7016107628
13.0142757893	1	9790	18511	0.949801	98.3535327457
8.43103814125	1	9800	18524	0.878385	151.81997502
10.2595620155	1	9810	18536	1.14634	124.761661176
25.9928209782	1	9820	18579	0.703642	49.2443663993
5.75236201286	1	9830	18597	0.980188	222.517288922
13.1049208641	1	9840	18613	0.719985	97.6732338389
8.23547315598	1	9850	18633	0.933069	155.425192428
12.2141318321	1	9860	18661	0.72723	104.796641922
18.0086381435	1	9870	18695	0.869855	71.077001481
14.3685228825	1	9880	18711	0.764911	89.0836177435
10.3271920681	1	9890	18731	0.876308	123.944630017
8.88595199585	1	9900	18741	0.969792	144.047593392
21.3073821068	1	9910	18760	0.848039	60.0730767199
27.8116579056	1	9920	18780	0.780563	46.0238654001
4.29948711395	1	9930	18795	0.943792	297.709928202
15.0173649788	1	9940	18809	0.77948	85.234660129
8.31144690514	1	9950	18827	0.929262	154.004472941
22.0019431114	1	9960	18868	0.939249	58.1766798286
11.0806968212	1	9970	18889	0.857961	115.51620089
5.50258612633	1	9980	18912	0.828375	232.61789468
10.0549409389	1	9990	18928	0.829169	127.300598559
8.04750990868	1	10000	18941	0.885538	159.055411491
15.3066000938	1	10010	18964	0.790089	83.6240570834
5.35947704315	1	10020	18986	0.996202	238.829271904
16.3099548817	1	10030	19009	0.942243	78.4796775519
34.9123430252	1	10040	19042	0.993773	36.6632511337
19.4063031673	1	10050	19080	0.802238	65.95795134
4.0213508606	1	10060	19099	0.832529	318.300999931
17.6796050072	1	10070	19117	0.864429	72.3998075455
9.66764712334	1	10080	19148	1.00762	132.400364191
3.53327584267	1	10090	19160	0.822149	362.270045419
13.7762269974	1	10100	19175	0.776416	92.9136838587
11.3582720757	1	10110	19216	0.771885	112.693197651
11.1076879501	1	10120	19236	0.970862	115.235502271
7.22674894333	1	10130	19247	0.842902	177.119754683
15.0122652054	1	10140	19278	0.87498	85.2636149501
13.1440799236	1	10150	19307	0.778417	97.382244131
20.8127539158	1	10160	19328	0.791294	61.5007511826
3.53132200241	1	10170	19338	0.730673	362.47048531
10.2552609444	1	10180	19357	0.889175	124.813986396
3.34871912003	1	10190	19377	0.738853	382.235700912
13.5855669975	1	10200	19394	0.726066	94.2176355417
15.2751739025	1	10210	19425	0.96595	83.7961000097
13.6874661446	1	10220	19453	0.91201	93.5162130435
10.6652739048	1	10230	19473	0.645812	120.015670617
7.99188399315	1	10240	19496	0.982287	160.162484978
10.3122661114	1	10250	19517	0.844657	124.124027268
10.6899278164	1	10260	19537	0.974428	119.738881495
7.00035619736	1	10270	19551	0.939521	182.847838583
27.0798938274	1	10280	19568	0.897044	47.2675413041
7.4456050396	1	10290	19587	0.907222	171.913497049
16.8424379826	1	10300	19614	0.847684	75.9984986334
12.6587519646	1	10310	19642	0.689464	101.115813279
6.18189406395	1	10320	19657	0.856464	207.056281903
9.61146903038	1	10330	19691	0.801666	133.174231322
7.87398099899	1	10340	19716	0.921211	162.560717401
8.51462888718	1	10350	19732	0.90387	150.329511358
6.16386604309	1	10360	19743	0.872377	207.661878284
14.9832520485	1	10370	19769	0.760607	85.4287170674
3.31597709656	1	10380	19781	0.836771	386.009903786
4.47359085083	1	10390	19793	0.926978	286.123618069
9.91843318939	1	10400	19811	0.894256	129.052641235
3.45604896545	1	10410	19823	0.852122	370.365122947
14.7924330235	1	10420	19843	0.892639	86.5307281074
14.9331829548	1	10430	19871	0.82122	85.7151488651
7.26282191277	1	10440	19894	0.87896	176.240036638
15.4922139645	1	10450	19909	0.863544	82.6221483215
12.0458049774	1	10460	19942	0.809892	106.261059547
9.91831302643	1	10470	19961	0.889888	129.054204741
14.1480331421	1	10480	19988	0.917826	90.4719396078
Training elapsed time: 11998.7081199 s
