Duration	Worker	LocalStep	GlobalStep	Loss	ExamplesPerSec
29.6385409832	1	10	24	4.53913	43.187011153
12.219835043	1	20	41	4.26729	104.747731496
20.6910200119	1	30	60	4.30843	61.8625857625
9.12787103653	1	40	75	4.40569	140.229851504
11.456029892	1	50	94	4.21338	111.731552036
12.4969620705	1	60	117	4.3999	102.424892769
13.1822578907	1	70	138	4.12769	97.1002092823
14.4099090099	1	80	159	4.05715	88.8277642224
9.94009399414	1	90	178	4.00949	128.771418133
23.7473530769	1	100	198	3.88676	53.9007440473
8.49433994293	1	110	215	3.97609	150.68857717
8.7050511837	1	120	236	3.82311	147.041065353
24.1020479202	1	130	264	3.82184	53.1075203334
11.643132925	1	140	288	3.74823	109.936046272
13.1525571346	1	150	308	3.72915	97.3194784024
14.3962068558	1	160	329	3.63708	88.9123095287
10.4009029865	1	170	345	3.524	123.066237774
12.3283400536	1	180	368	3.70376	103.825818759
8.52845597267	1	190	385	3.52478	150.085783887
21.7004311085	1	200	408	3.58977	58.9850032749
24.3181810379	1	210	446	3.55506	52.6355157076
13.120112896	1	220	466	3.21421	97.5601361169
8.02152609825	1	230	485	3.20903	159.570633359
20.9064569473	1	240	506	3.20227	61.2251039583
14.4993519783	1	250	533	3.37572	88.2798073952
8.98547291756	1	260	553	3.27031	142.452157137
11.815955162	1	270	571	3.04504	108.328102337
9.59646987915	1	280	586	3.08529	133.382380825
13.5734460354	1	290	599	3.28196	94.3017710214
8.07066702843	1	300	619	2.79565	158.599034688
8.86998295784	1	310	635	3.19298	144.306928895
11.7134759426	1	320	655	2.92856	109.275846578
31.714425087	1	330	675	2.96029	40.3601829921
7.79348993301	1	340	692	3.0188	164.239642445
7.89783191681	1	350	711	2.92368	162.069795038
9.87294316292	1	360	724	3.01408	129.647257042
17.4933848381	1	370	744	3.25957	73.1705162749
14.0677001476	1	380	760	2.89934	90.9885757137
11.466283083	1	390	778	3.07154	111.631641286
7.66748785973	1	400	795	2.66014	166.938640584
8.04018092155	1	410	812	2.77532	159.200397664
13.0427260399	1	420	834	2.65053	98.1389930361
10.7416951656	1	430	850	2.60795	119.161825044
20.0139257908	1	440	883	2.76188	63.9554684763
24.927626133	1	450	906	2.69751	51.3486520206
14.5592589378	1	460	927	2.72449	87.9165626125
10.7980351448	1	470	947	2.47993	118.540084639
12.5192859173	1	480	970	2.51035	102.242253149
7.56458592415	1	490	988	2.79038	169.209526184
9.55938696861	1	500	1008	2.88905	133.899799663
11.4272899628	1	510	1032	2.66302	112.012559773
19.3197731972	1	520	1053	2.37055	66.2533657583
12.9678900242	1	530	1078	2.59981	98.7053404689
13.8309469223	1	540	1100	2.33076	92.546085759
20.6678268909	1	550	1134	2.62263	61.9320070152
11.8842940331	1	560	1152	2.35976	107.705177644
17.2849860191	1	570	1174	2.35932	74.0527067007
12.1520969868	1	580	1189	2.25389	105.331614897
18.801115036	1	590	1218	2.38018	68.0810684658
7.83368301392	1	600	1237	2.27056	163.396961267
11.6145329475	1	610	1257	2.11827	110.20675612
13.9112141132	1	620	1275	2.1603	92.012098267
13.9724709988	1	630	1301	2.34749	91.6087068718
7.89942502975	1	640	1320	2.28622	162.037109686
22.1178328991	1	650	1344	2.42452	57.8718541658
12.915956974	1	660	1366	2.1317	99.1022192605
14.9576370716	1	670	1397	2.13991	85.575013879
11.5472099781	1	680	1418	1.98975	110.849287614
13.831469059	1	690	1437	2.14872	92.5425921528
9.19320988655	1	700	1448	2.05431	139.233196652
9.126953125	1	710	1464	2.04706	140.243954633
8.36082983017	1	720	1481	2.27621	153.094851349
10.4621150494	1	730	1498	2.19829	122.346198064
8.35503101349	1	740	1515	2.08729	153.201106966
10.2894361019	1	750	1531	2.24953	124.399431351
8.11897492409	1	760	1548	1.92413	157.655370532
11.3100318909	1	770	1564	2.10537	113.173863023
7.76130700111	1	780	1581	1.95121	164.920676352
9.25117921829	1	790	1597	1.89863	138.360739728
18.2706468105	1	800	1626	2.04164	70.0577277462
15.6619811058	1	810	1643	1.91379	81.7265703076
8.24158906937	1	820	1653	2.08099	155.309854596
10.2400918007	1	830	1672	1.97867	124.998879396
9.1065030098	1	840	1693	2.10302	140.558894959
14.4401659966	1	850	1711	1.76037	88.6416402904
13.4667210579	1	860	1737	1.8934	95.0491210516
13.1752510071	1	870	1753	1.86345	97.151849275
13.6496350765	1	880	1778	1.7422	93.7754007945
13.1308269501	1	890	1799	1.87647	97.4805322518
11.7819340229	1	900	1820	2.1404	108.640907131
12.2469809055	1	910	1837	1.61786	104.515554476
8.17841100693	1	920	1847	1.83761	156.509620135
12.7186939716	1	930	1863	1.89462	100.639263973
22.4415822029	1	940	1885	2.03431	57.0369766457
11.1289618015	1	950	1910	1.73691	115.015220901
19.6663789749	1	960	1929	2.20496	65.085697862
23.078576088	1	970	1952	1.71445	55.4626938474
13.8114359379	1	980	1973	1.88816	92.6768227255
12.4371480942	1	990	1990	2.18812	102.917484805
15.896682024	1	1000	2019	1.66055	80.5199473744
14.6453340054	1	1010	2038	1.93421	87.3998503231
12.9946849346	1	1020	2061	1.77477	98.5018110435
8.67439603806	1	1030	2079	1.50753	147.560705597
26.9944000244	1	1040	2106	2.03683	47.4172420518
31.8795540333	1	1050	2133	1.77586	40.1511262881
17.2348549366	1	1060	2155	1.62317	74.2681040664
11.1787509918	1	1070	2173	1.57427	114.502953052
14.0831561089	1	1080	2193	1.53652	90.8887177069
8.16708278656	1	1090	2214	1.61805	156.72670811
17.6142120361	1	1100	2237	1.61201	72.6685926895
8.37761998177	1	1110	2255	1.6942	152.788023661
9.69412112236	1	1120	2276	1.73181	132.038787616
20.9817678928	1	1130	2301	1.66898	61.0053455237
14.3731210232	1	1140	2327	1.64284	89.0551187829
9.59063911438	1	1150	2343	1.50082	133.463472531
13.510215044	1	1160	2362	1.45552	94.7431255409
8.1479279995	1	1170	2378	1.51555	157.095153526
14.408703804	1	1180	2397	1.46432	88.8351941584
7.87996315956	1	1190	2416	1.45871	162.437307647
12.8553099632	1	1200	2429	1.35389	99.5697500614
8.22955298424	1	1210	2445	1.60397	155.537002125
11.9828128815	1	1220	2463	1.59037	106.81966018
8.76294207573	1	1230	2484	1.53164	146.069663469
20.2227590084	1	1240	2504	1.39353	63.2950231701
15.0438680649	1	1250	2527	1.35715	85.0845005074
12.6583690643	1	1260	2547	1.41573	101.11887191
18.0434439182	1	1270	2572	1.23305	70.939894058
7.95617103577	1	1280	2584	1.41695	160.881408186
20.9285778999	1	1290	2602	1.70679	61.1603906448
7.91765713692	1	1300	2616	1.32926	161.663984417
17.3075339794	1	1310	2636	1.48731	73.9562320965
9.75807285309	1	1320	2656	1.36907	131.173441649
7.67408204079	1	1330	2672	1.37638	166.79519364
8.84965991974	1	1340	2686	1.39719	144.6383264
20.7760000229	1	1350	2708	1.17845	61.6095494123
24.9057040215	1	1360	2743	1.44686	51.3938493326
15.2277121544	1	1370	2760	1.48263	84.0572757761
9.58278083801	1	1380	2779	1.49622	133.572918095
12.4419190884	1	1390	2802	1.50203	102.878019935
11.8672289848	1	1400	2822	1.88874	107.860057444
8.00110197067	1	1410	2837	1.29849	159.977963622
7.55893397331	1	1420	2851	1.40203	169.336047189
7.95043611526	1	1430	2870	1.35464	160.997457428
13.8145799637	1	1440	2884	1.45047	92.6557306386
7.90977787971	1	1450	2904	1.28786	161.825024604
27.381537199	1	1460	2924	1.36073	46.7468276414
8.41368484497	1	1470	2945	1.45198	152.133105005
14.1810531616	1	1480	2969	1.39133	90.2612792867
10.4437568188	1	1490	2989	1.33575	122.561260494
19.5657150745	1	1500	3008	1.4469	65.4205581101
9.15554094315	1	1510	3025	1.25662	139.806048375
7.80796098709	1	1520	3040	1.31454	163.935245337
17.009016037	1	1530	3055	1.29813	75.2542061937
10.6615979671	1	1540	3078	1.37978	120.057049979
22.2344350815	1	1550	3107	1.24544	57.5683616566
8.17530488968	1	1560	3125	1.38937	156.569084245
13.713999033	1	1570	3144	1.33484	93.3352843997
20.0385501385	1	1580	3162	1.42484	63.8768768776
8.09407186508	1	1590	3182	1.48992	158.140429358
10.1709749699	1	1600	3205	1.17708	125.848308918
14.8141820431	1	1610	3222	1.27942	86.4036904824
10.9801521301	1	1620	3237	1.33427	116.573976829
9.64765286446	1	1630	3252	1.25012	132.674757061
29.1537821293	1	1640	3272	1.43468	43.9051096123
16.0342760086	1	1650	3300	1.42249	79.8289863111
9.46063780785	1	1660	3322	1.21763	135.297431949
13.8795042038	1	1670	3346	1.13406	92.2223143713
8.62686681747	1	1680	3361	1.46234	148.373682715
18.9220631123	1	1690	3395	1.48371	67.6459005768
8.31643104553	1	1700	3414	1.34752	153.912176148
9.28166794777	1	1710	3435	1.14306	137.9062478
15.844465971	1	1720	3463	1.21859	80.7853039884
8.74916911125	1	1730	3484	1.25825	146.299606708
11.2293119431	1	1740	3503	1.34242	113.987393572
14.8560349941	1	1750	3525	1.22446	86.1602709273
8.86519503593	1	1760	3545	1.40177	144.384866301
20.9248960018	1	1770	3565	1.69381	61.171152291
7.97225093842	1	1780	3585	1.19349	160.556912958
9.40879106522	1	1790	3604	1.2342	136.042982688
16.0312550068	1	1800	3625	1.24691	79.8440296445
24.1928129196	1	1810	3651	0.997131	52.9082750424
12.1856050491	1	1820	3673	1.14187	105.041973282
24.2643258572	1	1830	3695	1.0236	52.7523413399
12.2766311169	1	1840	3717	1.40828	104.263131132
15.2926309109	1	1850	3737	1.19443	83.7004441852
19.8522181511	1	1860	3761	1.19986	64.4764222445
12.7008719444	1	1870	3772	1.23426	100.780482285
13.8397939205	1	1880	3795	1.32348	92.4869262759
8.13269305229	1	1890	3813	1.31299	157.389439362
11.8867108822	1	1900	3832	1.03921	107.683278637
31.3122901917	1	1910	3861	1.1507	40.8785174181
13.9894440174	1	1920	3890	1.36348	91.4975604754
18.9425849915	1	1930	3914	1.36004	67.5726148558
8.01976180077	1	1940	3925	1.19886	159.605737901
10.4373991489	1	1950	3946	1.07745	122.635915493
9.4540169239	1	1960	3967	1.03814	135.392184116
14.225892067	1	1970	3987	1.04609	89.9767827547
14.2373769283	1	1980	4015	1.228	89.9042012053
8.43669199944	1	1990	4035	0.962229	151.718232701
13.4968430996	1	2000	4061	1.21627	94.8369919214
15.5777618885	1	2010	4081	1.09706	82.1684147672
8.30470895767	1	2020	4101	1.33912	154.129423021
10.5513730049	1	2030	4118	1.09186	121.311226454
9.02350997925	1	2040	4137	1.08865	141.851674453
13.2447361946	1	2050	4157	1.14207	96.6421664571
13.5083398819	1	2060	4176	1.12846	94.7562773213
19.535171032	1	2070	4204	1.08815	65.5228458408
8.9039170742	1	2080	4222	0.983013	143.756954308
7.98594498634	1	2090	4236	1.05833	160.281595001
10.9637989998	1	2100	4258	1.19531	116.747853552
9.69637298584	1	2110	4274	1.02345	132.00812323
15.471449852	1	2120	4292	1.2407	82.7330348639
8.42331409454	1	2130	4313	0.976134	151.959191553
7.95729088783	1	2140	4333	1.04095	160.85876689
12.0277831554	1	2150	4352	1.11111	106.420275745
9.52967905998	1	2160	4368	0.993687	134.317220123
13.0058188438	1	2170	4385	1.04836	98.4174864627
8.76987099648	1	2180	4402	1.10307	145.954256398
19.8242809772	1	2190	4420	1.01838	64.5672850112
9.7352771759	1	2200	4438	1.01973	131.480591345
10.3777170181	1	2210	4455	1.28574	123.341193228
22.1575319767	1	2220	4476	1.43657	57.7681666598
8.15531396866	1	2230	4495	0.846241	156.952878199
17.2319910526	1	2240	4512	1.16273	74.2804471109
12.9040060043	1	2250	4534	1.05982	99.1940022013
8.82206583023	1	2260	4554	1.24912	145.09073324
8.27494311333	1	2270	4569	0.887065	154.683842834
12.7580318451	1	2280	4592	1.09161	100.328954775
16.5802690983	1	2290	4616	1.15014	77.2001945453
19.3216180801	1	2300	4652	1.3827	66.2470396988
11.7431268692	1	2310	4674	1.03187	108.999929427
8.86612606049	1	2320	4692	0.85255	144.369704566
16.5746219158	1	2330	4715	1.22106	77.226497624
8.97716617584	1	2340	4730	1.05709	142.583970813
14.4592728615	1	2350	4753	1.08042	88.5245068865
8.43508410454	1	2360	4772	1.01281	151.747153216
8.70849084854	1	2370	4790	0.93882	146.982987324
15.3837151527	1	2380	4810	1.09055	83.2048687389
8.89537596703	1	2390	4824	0.916852	143.894985973
35.3904230595	1	2400	4849	0.936926	36.1679767956
12.4810388088	1	2410	4865	1.14047	102.555566056
11.2212460041	1	2420	4885	1.30674	114.069328801
17.0501761436	1	2430	4914	1.00832	75.0725382082
10.1641089916	1	2440	4932	1.07352	125.933320968
8.46121692657	1	2450	4953	0.962193	151.278475792
7.80299496651	1	2460	4965	0.994024	164.039577815
7.95671510696	1	2470	4982	1.36337	160.870407297
7.96129488945	1	2480	5003	1.2231	160.777865633
14.5639321804	1	2490	5022	1.18533	87.888352139
12.8658959866	1	2500	5043	1.03897	99.4878243488
26.0328388214	1	2510	5069	1.00467	49.1686676502
10.5100560188	1	2520	5089	0.913788	121.788123461
21.7836749554	1	2530	5122	1.16069	58.7595987648
15.996817112	1	2540	5148	1.11454	80.0159176067
10.6615180969	1	2550	5168	1.28211	120.057949381
12.0606548786	1	2560	5185	0.851308	106.13022368
10.0267539024	1	2570	5207	1.01952	127.658463791
7.91883921623	1	2580	5228	0.950917	161.639852136
21.0561459064	1	2590	5246	1.03833	60.7898523161
8.15389108658	1	2600	5261	1.02116	156.980267017
19.9554820061	1	2610	5292	0.904745	64.1427753843
10.8955338001	1	2620	5314	0.898198	117.479329006
13.5280311108	1	2630	5340	0.913932	94.6183512974
25.2431850433	1	2640	5378	1.14922	50.7067550233
17.3221008778	1	2650	5409	1.02185	73.8940391257
18.2156560421	1	2660	5434	1.10602	70.2692231914
11.2164409161	1	2670	5455	1.05479	114.118195743
7.86938309669	1	2680	5475	1.03215	162.655697946
8.12183690071	1	2690	5495	1.10919	157.59981586
11.7726252079	1	2700	5516	1.04932	108.726811344
8.04331588745	1	2710	5536	1.21101	159.138347655
17.986702919	1	2720	5556	1.00173	71.1636816244
24.9139740467	1	2730	5577	1.02308	51.3767894917
16.0097169876	1	2740	5597	1.07874	79.9514445502
7.77809596062	1	2750	5613	0.953412	164.564696358
9.48724007607	1	2760	5626	1.07908	134.918057279
12.1774520874	1	2770	5651	1.31601	105.112300243
7.73077702522	1	2780	5669	1.01807	165.571972368
17.4021430016	1	2790	5689	1.0052	73.5541593863
7.44633102417	1	2800	5706	1.18645	171.896736238
8.90039896965	1	2810	5723	0.911341	143.813777828
8.10926389694	1	2820	5738	0.792325	157.844166409
10.3391020298	1	2830	5756	1.01186	123.801854002
8.91502308846	1	2840	5776	1.05897	143.577867079
7.94313883781	1	2850	5796	1.064	161.145364085
17.369038105	1	2860	5820	1.28958	73.6943515387
18.2819459438	1	2870	5843	1.10654	70.0144286572
12.7820830345	1	2880	5868	0.90827	100.140172501
9.01106405258	1	2890	5885	1.01214	142.047597546
17.8750059605	1	2900	5910	0.903513	71.6083677304
15.065707922	1	2910	5932	0.952281	84.961158588
18.2246580124	1	2920	5954	1.09725	70.2345140924
16.0193970203	1	2930	5975	0.896967	79.9031323323
17.7505528927	1	2940	6006	0.988143	72.1104298969
10.3043520451	1	2950	6024	1.10226	124.219358423
10.8939039707	1	2960	6049	0.878552	117.496905007
14.3111181259	1	2970	6066	1.11608	89.440949948
10.9654490948	1	2980	6086	1.09544	116.730285184
11.7689027786	1	2990	6104	0.919494	108.761200944
15.8429892063	1	3000	6135	0.952814	80.7928341888
7.90088486671	1	3010	6155	0.79252	162.007170284
14.3037180901	1	3020	6178	1.27407	89.4872222691
8.15740799904	1	3030	6201	1.06529	156.912587939
11.63159585	1	3040	6219	1.08806	110.045088955
8.80495119095	1	3050	6238	0.888747	145.372753607
21.0791039467	1	3060	6255	1.39591	60.7236438151
10.7546389103	1	3070	6267	0.995087	119.01840784
8.13075995445	1	3080	6285	0.968524	157.426858888
15.4934630394	1	3090	6306	0.995331	82.6154873668
13.7810361385	1	3100	6328	1.00759	92.8812599526
7.97167897224	1	3110	6345	0.815601	160.568432881
9.10435986519	1	3120	6363	0.870099	140.591982188
13.6909739971	1	3130	6383	0.930472	93.4922526527
9.3502509594	1	3140	6399	0.958719	136.894721389
13.2842381001	1	3150	6413	1.0073	96.3547920746
12.8416790962	1	3160	6432	1.27022	99.67543889
7.951597929	1	3170	6454	0.950997	160.973933973
16.2123808861	1	3180	6479	1.19075	78.9520064323
9.53770017624	1	3190	6496	0.86857	134.204260602
10.7543628216	1	3200	6516	0.99002	119.021463311
19.5382020473	1	3210	6540	0.964485	65.5126811002
12.5450570583	1	3220	6559	1.14813	102.032218271
8.32667398453	1	3230	6575	0.829103	153.722843284
13.9778320789	1	3240	6592	1.08255	91.5735711212
8.07784104347	1	3250	6603	0.836071	158.458181228
7.89917492867	1	3260	6620	1.07097	162.042240052
13.7661230564	1	3270	6642	0.912483	92.9818798477
8.21492481232	1	3280	6656	0.998405	155.813964125
13.2401220798	1	3290	6669	0.937388	96.6758457574
7.83591794968	1	3300	6689	0.953166	163.350357702
12.7370810509	1	3310	6705	0.981454	100.493982482
12.5058219433	1	3320	6726	1.05269	102.352328844
9.78921604156	1	3330	6741	0.865856	130.756129456
8.33017492294	1	3340	6756	0.812728	153.658237893
7.97848510742	1	3350	6776	1.079	160.431458199
7.97485399246	1	3360	6792	0.841982	160.50450594
8.34482693672	1	3370	6812	1.01073	153.38844169
11.4600980282	1	3380	6833	0.929927	111.691889271
8.07851600647	1	3390	6853	1.2627	158.444941989
8.68086600304	1	3400	6868	0.964108	147.450726639
14.5181839466	1	3410	6884	1.09716	88.1652970308
14.7374000549	1	3420	6898	0.995361	86.8538544946
18.8846549988	1	3430	6922	0.948666	67.7798985516
7.9811770916	1	3440	6938	0.917264	160.377346012
25.5322048664	1	3450	6966	1.26741	50.1327639621
8.05326509476	1	3460	6987	0.972246	158.941744117
7.84187889099	1	3470	7005	1.23473	163.226188238
16.9486610889	1	3480	7034	0.852928	75.5221898227
24.3999779224	1	3490	7050	0.778379	52.4590638594
16.2467310429	1	3500	7075	1.16539	78.7850796953
11.0993881226	1	3510	7099	0.938093	115.321672318
17.6327388287	1	3520	7122	0.975257	72.5922394948
13.986107111	1	3530	7143	1.20238	91.5193906241
8.04577803612	1	3540	7164	0.866788	159.08964854
10.9644958973	1	3550	7184	1.01191	116.740433121
11.0001671314	1	3560	7203	1.28143	116.361868389
22.6396238804	1	3570	7218	0.922318	56.5380417432
13.0796411037	1	3580	7241	1.05683	97.862012409
8.25816392899	1	3590	7260	1.00174	154.99813409
13.4147479534	1	3600	7284	1.21478	95.4173723163
9.93574213982	1	3610	7307	0.989527	128.827820005
10.9252028465	1	3620	7318	0.967724	117.160296059
14.6925029755	1	3630	7344	0.817181	87.1192609004
11.611978054	1	3640	7369	1.05516	110.231004058
17.7543370724	1	3650	7391	1.09651	72.0950601975
8.1176879406	1	3660	7414	1.0516	157.680365317
11.4608371258	1	3670	7437	1.03006	111.684686376
8.09251785278	1	3680	7460	0.972281	158.170797184
22.5551991463	1	3690	7478	1.07783	56.7496651969
9.49534082413	1	3700	7492	0.767161	134.802954808
8.40006804466	1	3710	7504	1.01874	152.379718021
13.6058940887	1	3720	7527	1.16685	94.0768751874
15.2838289738	1	3730	7549	0.929605	83.7486471614
8.75342297554	1	3740	7566	0.903755	146.228510101
13.9047350883	1	3750	7587	1.05586	92.0549720557
9.92126989365	1	3760	7606	0.896556	129.015742311
7.90306711197	1	3770	7620	1.02678	161.962435832
15.4475409985	1	3780	7647	1.11348	82.8610845006
23.8191549778	1	3790	7676	1.01661	53.7382623856
9.23920702934	1	3800	7698	1.05524	138.540027941
14.2547819614	1	3810	7717	0.960484	89.7944285267
10.1159989834	1	3820	7729	0.800422	126.532238892
14.4311978817	1	3830	7754	0.833893	88.6967256975
12.2756061554	1	3840	7775	0.91689	104.271836665
8.08437299728	1	3850	7793	0.762474	158.330151322
12.452149868	1	3860	7814	0.84691	102.793494583
10.9884190559	1	3870	7833	0.936723	116.486274639
9.47591686249	1	3880	7851	0.98203	135.079277138
9.32179617882	1	3890	7867	1.00161	137.312592492
11.047921896	1	3900	7891	0.857175	115.858892926
8.81608200073	1	3910	7911	0.977646	145.189212157
33.2323269844	1	3920	7934	0.906302	38.5167129765
11.3238260746	1	3930	7948	0.915027	113.035999632
19.2636189461	1	3940	7967	0.855907	66.4464970774
9.90026402473	1	3950	7986	0.852013	129.28948125
7.81236696243	1	3960	8007	0.916661	163.842790048
10.6999680996	1	3970	8025	0.824373	119.626524872
7.87565088272	1	3980	8036	0.935968	162.526249457
9.6823451519	1	3990	8058	1.29352	132.199377312
9.51892995834	1	4000	8075	0.812015	134.468895727
13.3926100731	1	4010	8093	0.955021	95.5750964909
12.9334659576	1	4020	8114	0.896009	98.9680573013
12.2943408489	1	4030	8135	0.837348	104.112942347
15.8008041382	1	4040	8152	0.820885	81.0085353129
10.9503309727	1	4050	8173	0.892646	116.89144403
8.34886884689	1	4060	8188	0.955947	153.314182253
7.95138716698	1	4070	8202	0.880327	160.978200799
9.47784686089	1	4080	8224	0.876242	135.051770596
16.2502110004	1	4090	8246	0.824115	78.7682079922
16.538408041	1	4100	8275	0.849309	77.3955991911
13.4688179493	1	4110	8298	1.06241	95.0343233399
9.02163815498	1	4120	8321	1.08979	141.881106071
11.8435919285	1	4130	8340	0.813676	108.075321045
7.9423699379	1	4140	8360	0.938579	161.160964549
12.525001049	1	4150	8386	1.03759	102.195600223
11.9032270908	1	4160	8406	0.947326	107.533863736
8.15355682373	1	4170	8422	1.07266	156.986702573
13.6287481785	1	4180	8441	0.965827	93.9191173861
9.85144686699	1	4190	8469	0.80269	129.930153132
9.86367702484	1	4200	8492	0.965994	129.769050302
17.7550890446	1	4210	8515	0.747489	72.0920067924
8.16903710365	1	4220	8535	0.934621	156.689213644
8.13266181946	1	4230	8555	0.912836	157.390043803
16.4101321697	1	4240	8576	0.91161	78.0005905353
21.5917580128	1	4250	8595	0.909509	59.2818796525
17.6168859005	1	4260	8615	0.87427	72.6575631601
7.72574996948	1	4270	8633	0.89703	165.679708126
9.04967212677	1	4280	8650	0.799956	141.441588388
7.71642184258	1	4290	8664	0.934136	165.87999284
9.09393405914	1	4300	8680	1.03007	140.753164876
8.1574409008	1	4310	8697	0.984863	156.911955056
7.56552815437	1	4320	8711	1.1583	169.188452396
10.0271258354	1	4330	8734	0.956721	127.653728597
12.2797291279	1	4340	8753	0.924246	104.236826942
15.3406338692	1	4350	8775	1.23584	83.438533956
11.3525240421	1	4360	8800	0.822102	112.750256705
15.1136989594	1	4370	8821	0.926269	84.6913785595
9.5969581604	1	4380	8835	0.693526	133.375594496
27.2206389904	1	4390	8855	0.898947	47.0231430075
17.0223219395	1	4400	8876	1.03962	75.195381955
15.5512900352	1	4410	8898	1.02489	82.3082842066
11.7187008858	1	4420	8918	0.992798	109.227124446
7.84260606766	1	4430	8936	1.09449	163.211053693
18.3672850132	1	4440	8953	0.894968	69.689123846
8.8370039463	1	4450	8963	0.803884	144.845471132
14.3420000076	1	4460	8982	0.942381	89.2483614084
14.4519581795	1	4470	8999	1.019	88.5693124838
13.1365168095	1	4480	9015	0.955896	97.4383102131
14.0371360779	1	4490	9039	0.862337	91.1866917082
7.96551203728	1	4500	9059	1.14088	160.692745678
9.35469102859	1	4510	9076	0.748225	136.829746283
14.6297848225	1	4520	9095	1.07568	87.4927427528
11.7583460808	1	4530	9116	0.872788	108.858847257
7.85386109352	1	4540	9135	0.920766	162.977163049
10.3054339886	1	4550	9155	0.823104	124.206316922
11.9986679554	1	4560	9180	0.942733	106.678508378
8.201638937	1	4570	9196	0.725486	156.066367934
10.1146390438	1	4580	9218	1.05208	126.549251482
7.72416210175	1	4590	9238	0.998883	165.713767155
7.97352290154	1	4600	9251	0.830323	160.531300381
13.2209980488	1	4610	9274	0.924257	96.8156863254
9.78205990791	1	4620	9296	0.853916	130.851785007
24.5505931377	1	4630	9321	1.04326	52.1372332154
7.94283795357	1	4640	9341	1.08816	161.151468465
14.3486440182	1	4650	9359	0.975146	89.2070357574
12.6744170189	1	4660	9377	0.8876	100.990838324
8.93441081047	1	4670	9395	0.972975	143.266302295
12.1540632248	1	4680	9418	0.887617	105.31457475
7.8369038105	1	4690	9436	0.847016	163.329808678
11.6914620399	1	4700	9456	0.903617	109.481602526
19.532063961	1	4710	9486	0.815336	65.5332689138
15.9598970413	1	4720	9504	0.98868	80.2010186335
11.9997160435	1	4730	9529	1.07346	106.669190784
15.8949460983	1	4740	9546	0.985928	80.5287411534
8.89519691467	1	4750	9556	0.814949	143.89788245
20.7583510876	1	4760	9586	0.915337	61.6619304009
13.459966898	1	4770	9606	0.798193	95.0968163372
8.14481306076	1	4780	9626	0.804759	157.155233699
10.3860650063	1	4790	9645	0.844554	123.242055507
12.8777320385	1	4800	9668	1.0025	99.3963840972
12.8014919758	1	4810	9692	0.887616	99.9883452977
8.09553480148	1	4820	9713	0.972072	158.111851951
8.00639414787	1	4830	9728	0.805314	159.872219174
8.06649398804	1	4840	9748	0.829026	158.681082748
8.10075688362	1	4850	9762	1.06868	158.009926528
13.0115261078	1	4860	9776	0.966531	98.3743174626
12.2971920967	1	4870	9800	0.994188	104.088802544
10.5011119843	1	4880	9820	0.929477	121.89185316
11.7000608444	1	4890	9837	0.878593	109.401140474
8.18937516212	1	4900	9857	0.94385	156.300080856
10.3154168129	1	4910	9877	1.09828	124.086115299
8.01643705368	1	4920	9895	0.971457	159.671932983
8.01795601845	1	4930	9912	0.806537	159.641683872
20.485325098	1	4940	9934	0.754065	62.4837533148
14.7212839127	1	4950	9966	0.926755	86.9489378504
12.4874119759	1	4960	9986	0.952516	102.503225046
21.1065020561	1	4970	10008	0.833516	60.6448191461
12.1861169338	1	4980	10032	0.974497	105.037560935
12.1032090187	1	4990	10053	0.746246	105.757076328
10.4814810753	1	5000	10073	0.868314	122.120146075
8.8270919323	1	5010	10096	0.798496	145.008119301
10.1795620918	1	5020	10117	0.876435	125.742147693
7.98852086067	1	5030	10130	0.958977	160.229912687
23.4840121269	1	5040	10159	0.811019	54.5051668804
7.45909786224	1	5050	10183	1.00969	171.602521329
11.708160162	1	5060	10202	0.922455	109.325460388
19.8824028969	1	5070	10223	0.825724	64.3785364696
5.8126950264	1	5080	10242	0.840432	220.207665151
7.55042004585	1	5090	10263	0.951813	169.526992171
10.1668479443	1	5100	10282	0.856565	125.899394485
6.08074092865	1	5110	10295	0.834349	210.500663491
5.71791505814	1	5120	10311	0.974275	223.857820025
16.8861908913	1	5130	10340	0.750119	75.8015829764
8.14526414871	1	5140	10356	0.955687	157.14653038
8.83319687843	1	5150	10374	0.822985	144.907898875
11.7334060669	1	5160	10393	0.858853	109.090232853
8.19379210472	1	5170	10414	0.924211	156.215825791
15.416508913	1	5180	10432	0.885228	83.0278766237
10.7196040154	1	5190	10450	0.969743	119.407395848
21.6457619667	1	5200	10480	0.89053	59.1339774487
6.10678911209	1	5210	10505	0.945679	209.602784132
6.1611969471	1	5220	10523	0.78632	207.751839617
11.7286739349	1	5230	10544	1.01606	109.134247154
7.83258295059	1	5240	10558	0.787536	163.419909891
20.1548371315	1	5250	10578	1.00452	63.5083276361
9.55225300789	1	5260	10600	0.899383	133.999800774
14.151695013	1	5270	10623	0.936144	90.4485292271
20.8317699432	1	5280	10646	0.935471	61.444610971
14.3530180454	1	5290	10667	0.850077	89.1798502551
13.2261450291	1	5300	10683	0.860132	96.7780103112
7.14128279686	1	5310	10703	0.925388	179.2395059
9.63927721977	1	5320	10720	0.923432	132.790039213
5.70857191086	1	5330	10736	1.03457	224.224205281
19.5740258694	1	5340	10756	0.904358	65.392781666
9.91810512543	1	5350	10777	0.875328	129.056909945
18.4426560402	1	5360	10819	1.01096	69.4043199207
17.5974018574	1	5370	10837	0.779656	72.7380104389
7.96880817413	1	5380	10858	1.00238	160.626278363
13.8358588219	1	5390	10879	0.790263	92.5132307636
5.93679714203	1	5400	10898	1.01523	215.60446978
5.78829598427	1	5410	10918	0.979381	221.135892753
29.80210495	1	5420	10939	0.847638	42.9499863231
8.7286260128	1	5430	10959	0.815575	146.643927478
17.2095420361	1	5440	10979	0.958501	74.3773423673
10.817497015	1	5450	10990	0.826986	118.326817953
8.10969185829	1	5460	11008	0.745932	157.835836721
5.95440411568	1	5470	11026	1.02678	214.96693458
18.2642240524	1	5480	11051	0.845585	70.0823640975
9.83426690102	1	5490	11073	0.938019	130.157134526
20.6509809494	1	5500	11095	0.805618	61.9825277616
23.6345200539	1	5510	11128	0.810474	54.1580703599
7.51360297203	1	5520	11142	1.05458	170.357683892
24.1688981056	1	5530	11170	1.04956	52.9606271004
6.37398386002	1	5540	11180	0.841579	200.816322744
6.84647011757	1	5550	11201	1.15283	186.957655262
17.0943188667	1	5560	11229	0.773818	74.878678114
6.89175915718	1	5570	11248	0.74525	185.729067254
11.4475729465	1	5580	11268	1.06269	111.814094217
5.77876400948	1	5590	11288	0.895017	221.500652718
6.10110092163	1	5600	11302	0.834144	209.798201413
10.0578279495	1	5610	11318	1.06169	127.264058048
5.78462219238	1	5620	11336	0.862697	221.27633533
5.82603001595	1	5630	11354	0.662889	219.703639785
12.0439169407	1	5640	11371	0.803132	106.277717316
11.8791189194	1	5650	11396	0.954543	107.752099182
6.99822711945	1	5660	11417	1.04905	182.903466571
5.87364196777	1	5670	11436	1.04095	217.922714224
9.68307995796	1	5680	11449	0.725915	132.189345287
6.9357380867	1	5690	11464	0.853016	184.551374922
5.74459385872	1	5700	11481	0.80349	222.818188976
6.31946992874	1	5710	11496	1.06769	202.548633736
15.5921421051	1	5720	11514	0.816717	82.0926330309
10.553180933	1	5730	11540	0.782085	121.290443908
8.24475908279	1	5740	11559	0.880754	155.250139773
9.93995809555	1	5750	11583	0.932214	128.773178689
18.7832458019	1	5760	11620	0.688329	68.1458366407
8.94366002083	1	5770	11636	0.924842	143.118141457
13.9439439774	1	5780	11650	0.846552	91.7961232546
10.8551402092	1	5790	11672	0.879009	117.916487059
8.2695889473	1	5800	11689	0.85826	154.783993274
5.96685290337	1	5810	11702	0.953724	214.518443932
18.8860290051	1	5820	11720	0.678991	67.774967393
10.4893479347	1	5830	11756	0.711233	122.02855773
6.00963902473	1	5840	11776	0.802689	212.991162153
7.63874006271	1	5850	11796	0.79155	167.566901019
15.1942420006	1	5860	11815	0.810618	84.2424386785
5.81660103798	1	5870	11832	0.731739	220.059789496
19.1399300098	1	5880	11874	0.989407	66.8758976309
27.8276410103	1	5890	11898	0.794658	45.9974310983
19.2369019985	1	5900	11937	1.12593	66.5387805219
6.1043419838	1	5910	11957	0.754404	209.686810372
9.08744502068	1	5920	11975	0.856667	140.853671971
8.36295604706	1	5930	11997	0.826943	153.055928167
8.43706583977	1	5940	12019	0.767255	151.711510175
5.63590908051	1	5950	12032	1.00152	227.115090346
11.200699091	1	5960	12050	0.88058	114.27858115
19.0073268414	1	5970	12080	1.00676	67.3424522387
18.0912280083	1	5980	12101	0.943389	70.7525215765
14.8903529644	1	5990	12125	0.92768	85.9616963453
5.78021001816	1	6000	12144	0.953863	221.445240913
9.04887199402	1	6010	12161	0.945648	141.454095145
8.9365260601	1	6020	12185	0.855291	143.232391579
16.4868819714	1	6030	12217	0.968036	77.6374818613
14.7189259529	1	6040	12235	0.999655	86.9628669982
8.59092307091	1	6050	12252	0.889036	148.994466536
8.34401702881	1	6060	12270	0.835594	153.403330264
19.2392570972	1	6070	12304	1.02149	66.5306354362
11.0590848923	1	6080	12329	0.836513	115.74194542
13.3965699673	1	6090	12348	0.979628	95.5468454334
10.7293269634	1	6100	12370	0.878138	119.29918851
8.64700603485	1	6110	12386	0.885018	148.028114568
19.9363660812	1	6120	12399	0.761396	64.2042784921
21.3002068996	1	6130	12420	0.905349	60.0933129913
30.9458479881	1	6140	12450	0.982828	41.362576346
12.8414590359	1	6150	12477	0.775785	99.677146999
18.1501610279	1	6160	12502	0.979513	70.5227902955
5.77552700043	1	6170	12518	0.801834	221.624797167
15.9328939915	1	6180	12538	0.943468	80.3369432248
15.9152910709	1	6190	12570	0.82598	80.4257989562
13.2293899059	1	6200	12594	0.999951	96.7542728048
11.4108440876	1	6210	12615	0.801489	112.173997837
8.88228082657	1	6220	12638	0.828091	144.107130251
5.77350115776	1	6230	12652	0.743277	221.70256228
11.2062048912	1	6240	12672	0.803206	114.222434127
9.32718610764	1	6250	12698	1.05039	137.233243256
13.203357935	1	6260	12716	0.826503	96.945035218
6.46021699905	1	6270	12730	0.964191	198.135759246
13.6733100414	1	6280	12753	0.984694	93.6130312354
13.3938379288	1	6290	12775	0.867918	95.5663348181
10.9485991001	1	6300	12799	0.938661	116.909934166
11.2206599712	1	6310	12826	0.895662	114.075286416
9.62968301773	1	6320	12846	1.06892	132.922339982
24.0301289558	1	6330	12869	0.811808	53.266464044
7.27020096779	1	6340	12882	0.757461	176.061157824
21.7575190067	1	6350	12906	0.819387	58.8302370139
13.8314340115	1	6360	12932	0.912027	92.5428266469
8.49397206306	1	6370	12954	0.903718	150.695103598
11.4119238853	1	6380	12978	0.777628	112.163383918
5.64023900032	1	6390	12989	0.804892	226.940737782
10.480312109	1	6400	13014	0.953476	122.133767266
17.1122159958	1	6410	13046	0.766076	74.8003648572
9.4363758564	1	6420	13061	0.88302	135.645296402
5.70634412766	1	6430	13077	0.867437	224.31174345
11.2446959019	1	6440	13093	0.854852	113.831446503
11.6494410038	1	6450	13106	0.733819	109.876516786
10.7696759701	1	6460	13126	0.932554	118.852229497
6.12821412086	1	6470	13146	0.835434	208.869986387
6.16630101204	1	6480	13160	0.886256	207.579876088
5.91947007179	1	6490	13179	0.903053	216.235572522
13.589222908	1	6500	13200	0.755678	94.1922881583
8.63351392746	1	6510	13224	0.95023	148.259446936
11.0814511776	1	6520	13248	0.871642	115.508337264
25.9747560024	1	6530	13268	0.74925	49.2786149706
5.77320480347	1	6540	13283	1.02411	221.713942875
15.9412441254	1	6550	13310	1.0898	80.2948621785
6.94160890579	1	6560	13330	0.733226	184.395291837
8.10420107841	1	6570	13348	0.768086	157.942774077
7.6179959774	1	6580	13369	0.699922	168.023191899
17.977437973	1	6590	13398	0.86898	71.2003569096
20.7462360859	1	6600	13426	0.933658	61.69793859
12.3593108654	1	6610	13446	0.87341	103.565644876
18.0407500267	1	6620	13468	0.804439	70.9504869867
5.74221396446	1	6630	13480	0.86461	222.910537281
18.1105680466	1	6640	13515	0.716085	70.6769658858
7.48860406876	1	6650	13534	0.683071	170.92638204
15.0584750175	1	6660	13564	0.917232	85.0019672316
8.43171596527	1	6670	13580	0.758421	151.807770242
5.89954710007	1	6680	13590	0.872593	216.965807424
18.8763668537	1	6690	13608	0.850517	67.809659026
9.95773100853	1	6700	13628	0.812375	128.543339733
10.941767931	1	6710	13648	0.721712	116.982923425
7.31459498405	1	6720	13670	0.748628	174.992600792
7.57223010063	1	6730	13688	0.914788	169.038708939
5.69848203659	1	6740	13704	0.932659	224.621222245
16.761453867	1	6750	13736	0.796986	76.3656905994
5.82763600349	1	6760	13754	0.945859	219.643093569
7.15013813972	1	6770	13772	0.853985	179.017520359
15.9621100426	1	6780	13786	0.894095	80.1898994924
7.79415798187	1	6790	13807	0.958483	164.225565222
20.110314846	1	6800	13828	0.890015	63.6489289103
13.6935081482	1	6810	13850	0.925195	93.4749507685
20.8011479378	1	6820	13874	0.888161	61.5350654603
7.35274910927	1	6830	13888	0.823553	174.084547287
18.9947249889	1	6840	13921	0.827125	67.3871298871
20.3388249874	1	6850	13946	0.925327	62.9338224205
26.3269379139	1	6860	13963	0.864738	48.6194028408
7.66920495033	1	6870	13976	0.899059	166.901263989
7.40180516243	1	6880	13992	0.836654	172.930788086
16.8633458614	1	6890	14021	1.01595	75.904272528
12.7455401421	1	6900	14042	0.904388	100.427285602
8.43041276932	1	6910	14062	0.987109	151.831237097
5.86185216904	1	6920	14080	1.03595	218.361016806
15.7572388649	1	6930	14108	0.889111	81.2325059596
5.75292515755	1	6940	14124	1.07221	222.495507059
21.2641580105	1	6950	14144	0.884184	60.1951885125
34.8794867992	1	6960	14170	0.910982	36.6977876529
9.55980420113	1	6970	14188	0.861387	133.893955678
9.86751794815	1	6980	14203	0.730204	129.718537805
15.1466488838	1	6990	14224	1.06674	84.5071414686
17.2760310173	1	7000	14254	0.845668	74.0910917975
19.1751141548	1	7010	14275	0.790178	66.7531879949
12.1933310032	1	7020	14300	0.760184	104.975416452
5.86171197891	1	7030	14316	0.87338	218.366239181
12.9565279484	1	7040	14340	0.984392	98.791898964
14.328099966	1	7050	14368	0.945845	89.3349434351
15.2745211124	1	7060	14392	0.861699	83.7996812193
19.2337219715	1	7070	14409	0.975602	66.5497817789
7.41602993011	1	7080	14442	0.973298	172.59908766
6.62337493896	1	7090	14462	0.872805	193.254951108
6.50374507904	1	7100	14481	0.936573	196.809681875
19.9911429882	1	7110	14502	0.76535	64.0283549948
8.56100893021	1	7120	14522	0.830751	149.515087583
7.60904097557	1	7130	14542	0.803051	168.220936661
5.92241501808	1	7140	14558	0.904185	216.128048455
13.373978138	1	7150	14576	0.800793	95.7082467756
8.50903987885	1	7160	14598	0.892335	150.428252567
8.0456161499	1	7170	14618	0.862808	159.092849591
8.75592780113	1	7180	14638	0.89549	146.186678222
11.7675662041	1	7190	14660	0.912658	108.773554174
18.6268417835	1	7200	14680	0.946166	68.7180368457
5.8485121727	1	7210	14693	0.759084	218.859081114
16.49061203	1	7220	14714	0.730109	77.6199208173
27.2888379097	1	7230	14735	0.775758	46.9056250851
5.9310131073	1	7240	14754	0.904739	215.814731285
7.48179388046	1	7250	14774	0.964859	171.081965161
24.283260107	1	7260	14793	1.06983	52.7112090534
9.61526083946	1	7270	14809	0.917898	133.121713635
10.3140950203	1	7280	14828	0.772728	124.102017432
14.3956420422	1	7290	14852	0.744112	88.9157980069
8.51189899445	1	7300	14873	0.984501	150.37772427
8.84024190903	1	7310	14893	0.911815	144.792417806
10.7941770554	1	7320	14914	0.923225	118.582453617
39.6346039772	1	7330	14962	0.922786	32.295011721
16.3667140007	1	7340	14997	0.957458	78.2075131236
6.1663839817	1	7350	15015	0.825881	207.577083068
16.6570000648	1	7360	15039	0.765038	76.8445695513
8.52924895287	1	7370	15058	0.859345	150.071830131
9.8317129612	1	7380	15083	0.757489	130.190944859
16.5699441433	1	7390	15103	0.837248	77.2482990245
9.88274693489	1	7400	15122	0.995531	129.518645821
10.6335151196	1	7410	15158	0.857496	120.374117647
16.4499177933	1	7420	15178	0.775895	77.811939007
21.320125103	1	7430	15213	0.748246	60.0371711618
11.4967010021	1	7440	15234	0.809852	111.336286798
14.4792850018	1	7450	15260	0.774612	88.4021552062
32.9026060104	1	7460	15274	0.707579	38.9026935919
13.686631918	1	7470	15300	0.940782	93.521913037
7.54186010361	1	7480	15323	0.808614	169.719403757
9.65005302429	1	7490	15340	0.804161	132.641758214
8.12717604637	1	7500	15357	1.00821	157.496280713
14.6034739017	1	7510	15386	0.831048	87.6503774795
16.4834020138	1	7520	15419	0.677346	77.6538726005
5.57362008095	1	7530	15434	0.799915	229.653256126
11.0504770279	1	7540	15458	0.860329	115.832103607
11.0019848347	1	7550	15476	0.912961	116.342643553
5.85377693176	1	7560	15491	0.87395	218.662244038
5.69717621803	1	7570	15508	0.898813	224.672706445
8.10424900055	1	7580	15524	0.825533	157.941840128
8.45878601074	1	7590	15538	0.906593	151.321950736
7.79504084587	1	7600	15556	0.857934	164.206965083
14.3150260448	1	7610	15580	1.02635	89.4165330884
8.26230192184	1	7620	15592	0.865275	154.920506671
11.102132082	1	7630	15611	0.804394	115.293169866
5.87626099586	1	7640	15628	0.972876	217.825586866
11.5260341167	1	7650	15643	0.698603	111.052942151
12.1393818855	1	7660	15671	0.814253	105.441941943
5.81584501266	1	7670	15691	0.972615	220.088395962
6.95148086548	1	7680	15708	0.73868	184.133427793
11.4827270508	1	7690	15722	0.836059	111.471777944
5.79924511909	1	7700	15735	0.898743	220.718382085
12.7843768597	1	7710	15760	0.62843	100.122204942
16.0825791359	1	7720	15780	0.950329	79.5892244138
10.999243021	1	7730	15794	0.922076	116.371644626
17.3844339848	1	7740	15821	0.892154	73.6290868672
22.9034638405	1	7750	15844	0.951561	55.8867431108
11.0395281315	1	7760	15868	0.779242	115.946984758
16.6612110138	1	7770	15901	0.919338	76.8251478803
7.43719601631	1	7780	15917	0.820608	172.107874687
22.635381937	1	7790	15939	0.778325	56.548637154
15.2555119991	1	7800	15954	0.872445	83.9040997164
18.7658541203	1	7810	15974	0.892416	68.2089923431
6.0496969223	1	7820	15988	0.883856	211.58084718
11.1329648495	1	7830	16017	0.864519	114.973865211
20.2292490005	1	7840	16036	0.968975	63.2747167216
5.68923521042	1	7850	16058	0.822774	224.986303547
8.20523881912	1	7860	16079	0.840358	155.99789698
16.7816100121	1	7870	16098	0.86036	76.273968891
12.8887109756	1	7880	16121	0.776014	99.3117156881
8.35557317734	1	7890	16137	0.800552	153.191166283
8.07374191284	1	7900	16152	0.882719	158.53863225
14.7806770802	1	7910	16174	0.856228	86.5995510935
9.40662002563	1	7920	16193	0.917889	136.074381288
8.34470200539	1	7930	16210	0.937147	153.39073812
10.6167738438	1	7940	16228	0.870474	120.563932023
8.39440107346	1	7950	16250	0.873291	152.482587953
14.0691010952	1	7960	16271	0.780836	90.9795154174
5.73132896423	1	7970	16284	0.908097	223.333891317
11.3019459248	1	7980	16311	0.720209	113.254833152
11.1061360836	1	7990	16331	0.994856	115.251604191
9.84853386879	1	8000	16354	0.962953	129.968583858
5.89609098434	1	8010	16367	0.85007	217.092986421
5.75939106941	1	8020	16380	0.889868	222.245717398
6.41042995453	1	8030	16399	0.76253	199.674594228
20.0261931419	1	8040	16420	0.815262	63.9162915751
11.7630999088	1	8050	16446	1.00656	108.814854071
6.78989291191	1	8060	16463	0.909456	188.515491571
9.32817006111	1	8070	16485	0.82956	137.218767627
17.2520639896	1	8080	16506	0.733919	74.1940211194
9.18680000305	1	8090	16526	0.876156	139.33034349
5.68079400063	1	8100	16541	0.815024	225.320615368
8.90611696243	1	8110	16557	0.782765	143.721445092
9.87140607834	1	8120	16573	1.0175	129.66744452
7.30417108536	1	8130	16584	0.845037	175.242335515
11.9373629093	1	8140	16608	0.907424	107.226362281
9.62314796448	1	8150	16628	0.831255	133.012607176
11.2756381035	1	8160	16648	0.940806	113.519074331
10.0117208958	1	8170	16668	0.936891	127.850148174
6.51711010933	1	8180	16683	0.783094	196.406072404
8.0563158989	1	8190	16703	0.755354	158.881555299
15.2920820713	1	8200	16724	0.844057	83.703448231
10.8818018436	1	8210	16736	0.886028	117.627578446
16.8836860657	1	8220	16756	0.978552	75.8128287283
14.6579840183	1	8230	16779	0.839838	87.3244232222
5.49549603462	1	8240	16793	0.967576	232.918009937
7.04497289658	1	8250	16813	0.667577	181.689840229
10.2899580002	1	8260	16832	0.773346	124.393121913
9.22713708878	1	8270	16850	0.839076	138.721250989
6.72427797318	1	8280	16867	1.01877	190.355009877
11.8955550194	1	8290	16886	0.817537	107.603218002
16.7443320751	1	8300	16905	0.819747	76.4437777666
5.59089183807	1	8310	16923	0.771406	228.943795922
5.64045405388	1	8320	16934	0.853089	226.932085214
9.21961593628	1	8330	16951	0.751594	138.834416623
16.0456881523	1	8340	16980	0.920661	79.7722096958
11.5822570324	1	8350	17004	0.6794	110.513865857
5.63583183289	1	8360	17018	0.859492	227.118203302
9.3955450058	1	8370	17038	0.814257	136.234779271
9.1212310791	1	8380	17058	0.883799	140.331934242
6.62688493729	1	8390	17076	0.833848	193.152591619
15.655960083	1	8400	17093	0.901287	81.7580009922
6.01076698303	1	8410	17110	0.696782	212.95119302
9.99388194084	1	8420	17131	0.799266	128.078359098
12.8530650139	1	8430	17150	0.836802	99.5871411696
8.00127100945	1	8440	17168	0.882001	159.974583849
6.29215812683	1	8450	17188	0.995359	203.427818278
17.204613924	1	8460	17217	0.888608	74.3986471101
7.24109792709	1	8470	17236	0.974482	176.768773588
11.3161170483	1	8480	17256	0.832608	113.113004623
22.709305048	1	8490	17277	0.816373	56.3645605753
5.74712491035	1	8500	17289	0.861913	222.720059154
5.97283601761	1	8510	17303	0.788511	214.303556338
5.90141510963	1	8520	17315	0.882961	216.897129963
11.0559170246	1	8530	17341	1.00295	115.775109125
15.4964118004	1	8540	17365	0.905473	82.5997667388
15.8502211571	1	8550	17383	0.854248	80.7559709934
8.83616995811	1	8560	17406	0.767856	144.859142147
25.1029040813	1	8570	17427	0.850681	50.9901163567
6.84493279457	1	8580	17445	0.88428	186.999644615
13.1448130608	1	8590	17469	0.883183	97.3768127461
25.1351721287	1	8600	17490	0.858251	50.9246562326
14.9253568649	1	8610	17509	0.905579	85.7600934828
13.6543531418	1	8620	17531	0.874767	93.7429980541
10.7075560093	1	8630	17548	0.795083	119.541751534
19.7221210003	1	8640	17570	0.937798	64.9017415511
6.48775887489	1	8650	17585	0.830708	197.294632042
10.9935209751	1	8660	17610	0.877645	116.432215202
17.578813076	1	8670	17630	0.945581	72.814927519
5.68815994263	1	8680	17650	0.729854	225.028834089
5.74530410767	1	8690	17670	0.921135	222.790643631
11.3315138817	1	8700	17688	0.934241	112.959310942
8.98791003227	1	8710	17702	0.880728	142.413530554
20.0905640125	1	8720	17736	0.748961	63.7115015388
8.52257490158	1	8730	17758	0.781896	150.189351784
10.6017839909	1	8740	17778	0.774547	120.734397258
10.2312250137	1	8750	17803	0.847838	125.107208402
12.9825191498	1	8760	17826	0.879327	98.5941160751
9.20692586899	1	8770	17848	0.952886	139.025774533
14.0345180035	1	8780	17868	0.73752	91.2037021638
12.4031181335	1	8790	17885	0.833406	103.19985557
18.9663259983	1	8800	17909	0.943588	67.4880311619
9.07914304733	1	8810	17932	0.871941	140.982468646
6.24669289589	1	8820	17943	0.951608	204.908424559
14.701086998	1	8830	17970	1.00132	87.0683916213
13.2234489918	1	8840	17990	0.809778	96.7977417084
10.1730470657	1	8850	18007	0.810202	125.82267552
6.68435883522	1	8860	18018	0.821195	191.491814182
5.49280905724	1	8870	18029	0.885332	233.031948983
7.30052399635	1	8880	18045	0.78404	175.329880518
18.2494950294	1	8890	18064	0.936212	70.1389270188
6.93518400192	1	8900	18078	1.02368	184.566119608
23.0084660053	1	8910	18096	0.86648	55.6316965983
6.6800699234	1	8920	18118	0.893305	191.614760725
22.6630880833	1	8930	18144	0.85978	56.479505145
14.80519104	1	8940	18172	0.889472	86.4561623378
6.83799099922	1	8950	18191	0.924003	187.189483014
5.73463201523	1	8960	18205	0.902611	223.205254775
11.4963579178	1	8970	18226	0.959475	111.339609392
16.767334938	1	8980	18246	0.762534	76.3389056597
5.60028910637	1	8990	18259	0.88327	228.559628921
6.52689409256	1	9000	18278	0.834592	196.111654617
5.75838279724	1	9010	18298	0.87888	222.284631826
8.63067317009	1	9020	18312	0.877948	148.30824604
11.1305398941	1	9030	18338	0.833685	114.998913995
9.69521713257	1	9040	18354	0.897239	132.023861095
14.8955709934	1	9050	18375	0.839902	85.9315833253
19.1148729324	1	9060	18398	0.645537	66.9635631126
9.40278100967	1	9070	18419	0.946777	136.129938439
17.4021608829	1	9080	18439	0.905058	73.5540838066
7.21897506714	1	9090	18453	0.873151	177.310489106
7.33059692383	1	9100	18472	0.938681	174.610609927
10.6825611591	1	9110	18490	0.692245	119.821453014
5.86953902245	1	9120	18508	0.914607	218.075047309
13.5505228043	1	9130	18528	1.05647	94.461300017
5.71000599861	1	9140	18543	0.736409	224.167890596
5.71009707451	1	9150	18554	0.901922	224.164315124
5.69548511505	1	9160	18571	1.02005	224.739416247
13.0218799114	1	9170	18591	0.839846	98.296099235
14.8316280842	1	9180	18618	0.72992	86.3020561691
21.5694549084	1	9190	18640	0.943165	59.3431779077
8.345911026	1	9200	18660	0.75108	153.368517351
6.79870891571	1	9210	18678	0.960555	188.271040262
7.19151306152	1	9220	18700	1.0019	177.987579116
7.56188893318	1	9230	18720	0.80308	169.26987573
6.08974099159	1	9240	18740	0.847904	210.18956336
13.6616771221	1	9250	18758	0.914444	93.69274274
12.9735560417	1	9260	18777	0.849272	98.6622323042
5.8503279686	1	9270	18791	0.727986	218.791152713
16.2118768692	1	9280	18808	0.978815	78.9544609996
5.78125119209	1	9290	18829	0.731753	221.405359752
10.5473058224	1	9300	18856	0.969942	121.358005689
8.60059094429	1	9310	18880	0.922409	148.826982738
5.73200821877	1	9320	18893	0.84351	223.307425801
14.7566678524	1	9330	18916	0.749849	86.7404493211
5.90544104576	1	9340	18931	0.945486	216.749263955
9.66431903839	1	9350	18945	0.86776	132.445958677
14.2828350067	1	9360	18972	1.09569	89.6180624784
6.09748506546	1	9370	18984	0.753497	209.922613382
5.72157597542	1	9380	18994	0.81414	223.714585894
6.57224082947	1	9390	19012	0.754551	194.758535667
20.1960701942	1	9400	19034	0.835792	63.3786666262
12.0730028152	1	9410	19054	0.876582	106.021676594
8.38239598274	1	9420	19076	0.828366	152.7009703
15.1041851044	1	9430	19104	0.778811	84.7447241381
13.5821340084	1	9440	19122	0.957916	94.2414497757
14.089840889	1	9450	19156	0.926418	90.8455964894
5.72854018211	1	9460	19175	0.818088	223.442615275
13.2936859131	1	9470	19197	0.766108	96.2863127931
7.38332009315	1	9480	19216	0.878758	173.363742036
17.4922349453	1	9490	19235	0.872337	73.1753263092
18.2671818733	1	9500	19256	0.757103	70.0710163657
14.0131070614	1	9510	19269	0.99727	91.3430543557
14.6613800526	1	9520	19284	0.873135	87.3041961542
18.1689260006	1	9530	19326	0.836653	70.4499539465
18.8247470856	1	9540	19344	0.974679	67.9956014379
19.321408987	1	9550	19386	0.776219	66.2477566133
17.2587008476	1	9560	19401	0.948754	74.1654897029
10.0326941013	1	9570	19420	0.944695	127.582879242
10.3960869312	1	9580	19438	0.859423	123.123249014
14.5962460041	1	9590	19462	0.902125	87.6937809653
9.89829897881	1	9600	19477	0.853328	129.315148263
18.6668479443	1	9610	19496	0.842182	68.5707626602
17.7487821579	1	9620	19519	0.876637	72.1176241059
5.70447683334	1	9630	19534	0.606635	224.385169297
12.5992860794	1	9640	19554	0.845625	101.593057887
13.1649580002	1	9650	19574	0.944887	97.2278073338
11.8139851093	1	9660	19588	0.82752	108.346166696
13.1748549938	1	9670	19614	1.0181	97.1547694909
9.64700293541	1	9680	19637	1.02574	132.683695503
10.2731189728	1	9690	19654	0.85466	124.597019016
10.8372609615	1	9700	19670	0.782701	118.111024967
15.2327210903	1	9710	19700	0.964376	84.0296354414
11.0000879765	1	9720	19723	0.811843	116.362705711
22.5546600819	1	9730	19744	0.93321	56.7510215341
10.625082016	1	9740	19759	0.795989	120.469658312
18.4896769524	1	9750	19790	0.889604	69.2278184902
26.01086092	1	9760	19825	0.804983	49.2102127622
15.9421799183	1	9770	19856	0.790342	80.2901489358
8.85988116264	1	9780	19882	0.760252	144.471463725
14.0996758938	1	9790	19899	0.811666	90.7822285876
8.40916800499	1	9800	19915	0.771442	152.214820686
7.22519111633	1	9810	19932	0.978237	177.15794356
8.14923381805	1	9820	19949	1.11631	157.069980881
7.16291713715	1	9830	19959	0.781552	178.698144274
11.3824880123	1	9840	19972	0.869941	112.453445909
23.8393778801	1	9850	19989	0.885271	53.6926763122
Training elapsed time: 12171.190964 s
