Duration	Worker	LocalStep	GlobalStep	Loss	ExamplesPerSec
23.3803079128	0	10	10	4.60978	54.7469265491
12.2334070206	0	20	27	4.67618	104.631522343
8.45757007599	0	30	48	4.41751	151.343706112
14.17512393	0	40	66	4.25234	90.2990341617
13.7197010517	0	50	86	4.15199	93.2964935005
8.47990608215	0	60	110	4.10997	150.945067976
22.4493358135	0	70	133	4.0633	57.0172770648
15.9511201382	0	80	152	4.07273	80.2451482349
15.3133709431	0	90	167	4.17267	83.5870824757
16.9749820232	0	100	192	3.92898	75.4050872188
9.21942305565	0	110	216	3.81822	138.837321194
11.5348439217	0	120	234	3.83396	110.968124813
13.450740099	0	130	254	4.73144	95.1620498637
13.5877599716	0	140	281	3.78382	94.2024294419
9.87323498726	0	150	303	3.52776	129.643425043
8.07205104828	0	160	324	3.59833	158.571841573
8.64956879616	0	170	338	3.58604	147.984255651
19.6163392067	0	180	354	3.33709	65.2517264568
13.0939610004	0	190	378	3.32337	97.7549879641
19.1215598583	0	200	402	3.32942	66.9401455469
7.95565295219	0	210	422	3.45791	160.891885015
13.6880171299	0	220	448	3.36589	93.5124487245
9.45829987526	0	230	466	3.26987	135.330875198
15.7114830017	0	240	487	3.49025	81.4690758257
8.66352510452	0	250	505	3.41697	147.745863786
14.7878639698	0	260	525	3.33524	86.5574637834
8.4105629921	0	270	544	3.15573	152.189574135
14.0704920292	0	280	565	3.07151	90.9705216665
12.9653511047	0	290	583	3.47671	98.7246692866
15.0687458515	0	300	600	3.0141	84.9440300217
8.20807600021	0	310	619	3.02332	155.943975174
21.0829269886	0	320	637	2.8256	60.7126325814
8.14775109291	0	330	656	2.79027	157.098564426
16.5804388523	0	340	677	2.9847	77.1994041534
21.5541231632	0	350	702	3.01954	59.3853895288
9.43228197098	0	360	721	2.98403	135.704170416
8.78087306023	0	370	737	2.84081	145.771381868
8.7067489624	0	380	753	2.9301	147.012392976
12.2409629822	0	390	769	2.86117	104.566936593
18.1040220261	0	400	786	2.84771	70.7025211391
15.9959440231	0	410	814	2.75833	80.0202850266
9.7944009304	0	420	836	2.76775	130.686910725
11.5379269123	0	430	849	2.68544	110.938473586
27.6715111732	0	440	874	2.8115	46.2569605247
10.1099398136	0	450	894	2.62507	126.608073203
21.4643480778	0	460	914	2.75656	59.6337701645
12.7638700008	0	470	930	2.57702	100.283064613
7.99814200401	0	480	950	2.59215	160.037168552
17.4064810276	0	490	980	2.46829	73.5358282912
14.4266359806	0	500	1000	2.39532	88.7247728244
8.89295005798	0	510	1024	2.44352	143.934239106
8.06249403954	0	520	1041	3.0811	158.759807291
7.80899691582	0	530	1060	2.53059	163.913497956
16.1650290489	0	540	1081	2.2668	79.1832786769
9.60538983345	0	550	1102	2.53798	133.258516541
13.7912302017	0	560	1121	2.74886	92.8126049147
14.7072877884	0	570	1140	2.46321	87.031682416
8.07077813148	0	580	1159	2.32648	158.5968514
10.4248080254	0	590	1182	2.44835	122.784035628
8.25203299522	0	600	1194	2.27966	155.113291566
8.05514502525	0	610	1211	2.42456	158.904649884
9.1729619503	0	620	1231	2.14585	139.540533029
10.7839150429	0	630	1252	2.19904	118.695297108
7.97310686111	0	640	1270	2.11084	160.539676979
13.2175900936	0	650	1291	2.18916	96.840648782
14.5524940491	0	660	1308	2.18213	87.9574316048
8.15780186653	0	670	1326	2.08685	156.905012029
11.7789640427	0	680	1342	2.07401	108.668300146
20.2274861336	0	690	1368	1.96613	63.2802312431
31.0782928467	0	700	1388	2.32992	41.1863034535
16.2152299881	0	710	1411	2.14944	78.9381341455
21.8724989891	0	720	1433	2.21631	58.5209765303
25.6593360901	0	730	1465	1.99529	49.8843771914
18.8109810352	0	740	1484	2.21985	68.0453612495
14.6910829544	0	750	1502	1.95731	87.1276817354
14.8001379967	0	760	1529	2.18223	86.4856800854
14.6588890553	0	770	1547	2.21326	87.3190318295
8.50175499916	0	780	1567	1.88705	150.557149686
8.97885489464	0	790	1587	2.14141	142.557154005
18.0224940777	0	800	1606	1.75139	71.0223565331
12.9326438904	0	810	1621	1.91575	98.9743482346
7.62033295631	0	820	1639	1.88758	167.971663094
10.3093690872	0	830	1659	1.76697	124.15890722
9.92993402481	0	840	1673	1.83413	128.90317265
10.1651909351	0	850	1688	1.86804	125.919917114
9.88104510307	0	860	1708	1.7676	129.540953072
14.290045023	0	870	1725	2.32045	89.5728458478
13.6544468403	0	880	1751	1.84829	93.742354778
13.4190461636	0	890	1772	1.77739	95.3868094944
26.3034000397	0	900	1790	1.80031	48.6629104249
10.4134190083	0	910	1823	1.726	122.918322886
10.0292038918	0	920	1841	1.99862	127.627278677
19.2494499683	0	930	1875	2.16278	66.4954064716
24.5252199173	0	940	1901	1.65969	52.1911731808
12.7939941883	0	950	1921	1.60109	100.046942429
9.27585601807	0	960	1941	1.7722	137.992655072
20.7679548264	0	970	1959	1.57488	61.6334160346
23.5290420055	0	980	1995	1.8943	54.4008548966
8.31136703491	0	990	2014	1.56978	154.005952886
12.7825570107	0	1000	2031	1.90447	100.136459312
13.0591030121	0	1010	2051	1.86246	98.0159202983
8.09792900085	0	1020	2071	1.63655	158.065105271
8.70560002327	0	1030	2085	1.52427	147.031795233
18.7661120892	0	1040	2105	2.07809	68.2080547062
24.2627968788	0	1050	2125	1.53089	52.7556656553
13.1220080853	0	1060	2149	1.56869	97.5460456726
22.9013228416	0	1070	2169	1.71098	55.8919678505
8.50992202759	0	1080	2185	1.662	150.412658994
15.2010240555	0	1090	2203	1.93202	84.2048532604
11.9210710526	0	1100	2222	1.68875	107.372902515
8.67721486092	0	1110	2243	1.68535	147.512769998
8.17792105675	0	1120	2256	1.52889	156.518996835
18.4026319981	0	1130	2279	1.66507	69.5552679712
13.9987220764	0	1140	2296	1.65524	91.4369178138
9.34446406364	0	1150	2315	1.40603	136.979498373
9.64277601242	0	1160	2333	1.57565	132.741857568
13.7333037853	0	1170	2349	1.63983	93.2040840288
12.6606161594	0	1180	2375	1.56566	101.100924622
25.459679842	0	1190	2400	1.6101	50.2755732964
8.07789111137	0	1200	2418	1.42337	158.457199082
8.05453395844	0	1210	2431	1.44394	158.916705374
24.783821106	0	1220	2454	1.76769	51.6465961616
15.3044028282	0	1230	2471	1.44062	83.6360630576
7.90441918373	0	1240	2492	1.6177	161.93473173
8.66868495941	0	1250	2509	1.51352	147.657921126
12.7173829079	0	1260	2525	1.56417	100.649639102
11.1793489456	0	1270	2543	1.35415	114.496828592
13.0586681366	0	1280	2562	1.71187	98.0191843924
8.55867600441	0	1290	2581	1.42409	149.555842439
11.7097048759	0	1300	2603	1.62869	109.311038456
8.53712010384	0	1310	2624	1.41036	149.9334652
14.4661500454	0	1320	2643	1.50489	88.4824224817
11.9872839451	0	1330	2665	1.54386	106.779818169
22.631100893	0	1340	2685	1.39929	56.5593342565
14.7498559952	0	1350	2706	1.42246	86.7805082584
10.9127931595	0	1360	2723	1.44428	117.293527083
17.5467288494	0	1370	2752	1.50932	72.9480697505
9.78829407692	0	1380	2771	1.35255	130.768445445
12.9593961239	0	1390	2796	1.39021	98.770034326
10.4110968113	0	1400	2813	1.43436	122.945739839
7.74233818054	0	1410	2833	1.33135	165.324733969
9.34617590904	0	1420	2852	1.4885	136.95440921
13.8659009933	0	1430	2876	1.31896	92.3127895269
17.1638710499	0	1440	2901	1.38226	74.5752514849
8.06117200851	0	1450	2920	1.19894	158.785843876
9.7351129055	0	1460	2939	1.38967	131.48280995
7.69556808472	0	1470	2952	1.53195	166.329501072
13.3753550053	0	1480	2969	1.53114	95.6983945096
14.9949538708	0	1490	2997	1.34965	85.3620498623
7.77178502083	0	1500	3015	1.29811	164.698328192
13.1111850739	0	1510	3030	1.39056	97.6265679105
13.5172169209	0	1520	3050	1.49694	94.694048893
7.87939715385	0	1530	3069	1.5446	162.448976109
17.0514469147	0	1540	3087	1.44182	75.0669433747
12.6593129635	0	1550	3116	1.30587	101.11133232
12.541713953	0	1560	3139	1.39797	102.059415866
15.7817921638	0	1570	3153	1.28704	81.1061244953
7.82082295418	0	1580	3170	1.36844	163.665640752
9.10825395584	0	1590	3188	1.29028	140.531874298
20.7459290028	0	1600	3209	1.40025	61.6988518485
13.7966029644	0	1610	3229	1.2897	92.7764612276
8.53744697571	0	1620	3250	1.17695	149.927724722
16.1334400177	0	1630	3274	1.56037	79.3383183373
9.9749610424	0	1640	3295	1.19809	128.321303167
7.80720591545	0	1650	3310	1.33297	163.951100286
10.4517571926	0	1660	3329	1.22373	122.467445082
13.1846528053	0	1670	3349	1.64008	97.0825716004
25.5547771454	0	1680	3374	1.18077	50.0884821933
10.6913080215	0	1690	3396	1.21381	119.723423684
12.0391728878	0	1700	3412	1.15636	106.319596199
15.3168780804	0	1710	3430	1.16216	83.5679433683
23.6434328556	0	1720	3450	1.16714	54.1376545368
8.01755905151	0	1730	3471	1.94018	159.649588082
21.2254610062	0	1740	3503	1.10307	60.3049328176
8.16617298126	0	1750	3524	1.28373	156.744169262
16.8640651703	0	1760	3540	1.28323	75.9010349566
8.87876391411	0	1770	3558	1.2184	144.164211638
11.5605740547	0	1780	3576	1.41309	110.721145329
8.78813290596	0	1790	3592	1.20471	145.650960642
11.4624540806	0	1800	3610	1.40752	111.66893154
21.2341518402	0	1810	3641	1.06279	60.2802508728
11.9928500652	0	1820	3658	1.4784	106.730259533
18.0200030804	0	1830	3682	1.22267	71.0321743171
14.6200258732	0	1840	3698	1.07505	87.5511446493
9.57259202003	0	1850	3720	1.09658	133.715089635
13.3111619949	0	1860	3737	1.31909	96.1598995255
15.0440540314	0	1870	3764	1.45724	85.0834487387
15.5093021393	0	1880	3786	1.17274	82.5311151014
7.94823384285	0	1890	3803	1.12255	161.042066113
10.4244821072	0	1900	3825	1.22855	122.787874433
11.2815740108	0	1910	3848	1.10904	113.459345191
24.507172823	0	1920	3867	1.17895	52.2296067868
26.3321092129	0	1930	3889	1.14372	48.6098545943
18.2425169945	0	1940	3909	0.973834	70.165756205
23.5668327808	0	1950	3934	1.25429	54.3136199889
18.2890450954	0	1960	3953	1.10838	69.9872515662
7.79192113876	0	1970	3972	1.29079	164.272709798
11.6978747845	0	1980	3992	1.04966	109.421584996
13.3288290501	0	1990	4010	1.02597	96.0324417991
12.7069079876	0	2000	4029	1.31732	100.732609479
9.23552513123	0	2010	4049	1.08192	138.595259264
7.91700100899	0	2020	4068	0.97742	161.677382452
12.06554389	0	2030	4092	1.2754	106.087219248
17.9341800213	0	2040	4112	1.21559	71.3720949874
17.4836919308	0	2050	4142	1.09839	73.2110817937
8.09813714027	0	2060	4161	1.02883	158.061042661
7.80273985863	0	2070	4181	1.22951	164.044941032
17.1282989979	0	2080	4202	1.18998	74.73012937
11.82716012	0	2090	4228	1.20952	108.225473149
16.1381540298	0	2100	4248	1.24243	79.3151433325
9.85631489754	0	2110	4266	1.0644	129.865980674
12.9843480587	0	2120	4285	1.11855	98.5802286117
9.21509790421	0	2130	4307	1.23417	138.902485172
20.4622220993	0	2140	4331	1.16806	62.5543009839
11.3996369839	0	2150	4353	1.21899	112.284277281
14.1228749752	0	2160	4375	1.4045	90.6331042544
14.5193550587	0	2170	4402	1.46098	88.158185734
8.29886484146	0	2180	4422	0.996212	154.237961993
12.7386021614	0	2190	4448	0.973944	100.481982543
14.7798318863	0	2200	4467	1.34263	86.6045033426
7.94702410698	0	2210	4488	1.47621	161.066580744
17.5212829113	0	2220	4513	1.22908	73.0540113118
8.00912714005	0	2230	4531	1.01013	159.817665223
7.95744895935	0	2240	4544	1.03601	160.855571495
12.2218978405	0	2250	4564	1.07989	104.730052297
7.92605304718	0	2260	4577	1.29512	161.492736975
9.47125816345	0	2270	4599	1.13305	135.145719598
10.0942268372	0	2280	4621	1.13475	126.80515513
13.4616241455	0	2290	4643	1.1691	95.08510906
8.24997282028	0	2300	4657	1.01824	155.152026302
8.94757318497	0	2310	4673	0.991106	143.055549649
8.02940893173	0	2320	4693	1.08011	159.413975659
13.5849058628	0	2330	4713	0.945032	94.2222208182
14.8930392265	0	2340	4736	1.17109	85.9461914073
8.09411287308	0	2350	4756	0.978453	158.139628156
12.9408390522	0	2360	4774	1.267	98.9116698567
7.90213298798	0	2370	4794	1.17121	161.981581675
9.77571392059	0	2380	4814	0.985675	130.93672855
32.8805720806	0	2390	4841	0.960972	38.928763066
16.1767959595	0	2400	4867	1.05131	79.1256812045
8.15815901756	0	2410	4886	1.15693	156.898142981
12.1691739559	0	2420	4908	1.12513	105.183803324
8.90650200844	0	2430	4925	1.50679	143.715231725
8.0498521328	0	2440	4941	1.18182	159.009131955
9.32511091232	0	2450	4956	1.00163	137.263782923
26.1014080048	0	2460	4982	1.03458	49.0395000824
20.0251400471	0	2470	5009	1.18213	63.9196528459
9.27084803581	0	2480	5031	1.14477	138.067196772
9.68958091736	0	2490	5043	1.15454	132.100656459
24.6946959496	0	2500	5070	1.07081	51.8329929073
8.22069001198	0	2510	5085	1.00775	155.704691228
8.18002200127	0	2520	5102	1.1467	156.478796732
15.7435641289	0	2530	5120	0.907191	81.3030638756
8.86677789688	0	2540	5140	1.04486	144.359091305
10.7379140854	0	2550	5157	1.0779	119.203784815
8.11353182793	0	2560	5176	1.07618	157.761136229
13.242937088	0	2570	5191	1.07342	96.6552956865
8.29739904404	0	2580	5208	1.04201	154.265209279
8.77961993217	0	2590	5222	1.03184	145.792188032
24.1661360264	0	2600	5252	0.864233	52.9666802588
23.556853056	0	2610	5271	1.21655	54.3366296406
13.2808139324	0	2620	5296	1.10876	96.379635052
26.9607830048	0	2630	5319	0.943704	47.4763659414
7.72811102867	0	2640	5337	1.02901	165.629090376
9.5248169899	0	2650	5358	0.926009	134.385784142
9.29360198975	0	2660	5378	0.900964	137.729160493
11.1807470322	0	2670	5396	0.749699	114.482511438
11.2209608555	0	2680	5418	1.04981	114.072227547
8.08999109268	0	2690	5436	1.10836	158.220198927
9.49143409729	0	2700	5458	0.986057	134.858440451
21.674489975	0	2710	5478	0.982565	59.055599531
16.6985459328	0	2720	5499	0.970873	76.6533807886
18.8413479328	0	2730	5525	1.24242	67.9356914677
29.2259869576	0	2740	5552	0.914545	43.7966389932
13.7835271358	0	2750	5575	0.869519	92.8644741933
8.81640791893	0	2760	5595	0.991852	145.183844914
22.2372181416	0	2770	5615	1.18188	57.5611567891
11.3708138466	0	2780	5635	1.45163	112.568899401
23.9327630997	0	2790	5660	0.917193	53.4831684361
7.88284707069	0	2800	5679	0.906321	162.377880545
7.8495388031	0	2810	5694	0.995128	163.066905217
21.644190073	0	2820	5728	1.27245	59.1382720112
9.27138996124	0	2830	5744	1.09271	138.059126555
12.8065299988	0	2840	5765	1.12858	99.9490103972
11.9137589931	0	2850	5788	0.868928	107.438802542
11.1054849625	0	2860	5808	1.22062	115.258361461
9.4663541317	0	2870	5828	0.855884	135.215731653
8.48636698723	0	2880	5841	0.902655	150.830149336
9.76877498627	0	2890	5862	0.988472	131.029735233
13.7516760826	0	2900	5887	1.17014	93.0795629791
19.6959488392	0	2910	5907	1.03612	64.9879835925
9.80367898941	0	2920	5927	1.00927	130.563230536
8.1366121769	0	2930	5944	1.00911	157.313630313
8.95303988457	0	2940	5964	1.25878	142.968200355
13.0917069912	0	2950	5990	1.20519	97.7718185154
15.850466013	0	2960	6013	1.0902	80.754723486
13.7988290787	0	2970	6032	0.97666	92.7614939429
11.4327919483	0	2980	6050	1.13822	111.958654175
27.3527159691	0	2990	6065	0.98446	46.7960842151
9.69469404221	0	3000	6087	0.978834	132.030984622
16.5089259148	0	3010	6103	0.947565	77.5338145321
15.4764490128	0	3020	6124	0.87207	82.7063106624
13.8030321598	0	3030	6145	0.99693	92.7332476793
18.5271599293	0	3040	6171	1.11666	69.087761151
21.7543258667	0	3050	6192	0.872819	58.8388722245
7.86628508568	0	3060	6210	0.835873	162.719757301
7.69617795944	0	3070	6229	1.04494	166.316320483
24.0529639721	0	3080	6251	0.994744	53.2158947847
16.7238020897	0	3090	6274	1.02893	76.5376194441
9.95927810669	0	3100	6296	0.960704	128.523371502
7.80803894997	0	3110	6314	1.01776	163.933608452
12.0021598339	0	3120	6329	0.933289	106.647471598
7.75940513611	0	3130	6350	1.17305	164.96109915
11.6841540337	0	3140	6373	1.2267	109.550079219
10.6318898201	0	3150	6393	0.895983	120.392519266
12.0020680428	0	3160	6409	0.871201	106.648287232
7.45497608185	0	3170	6428	1.036	171.697398616
27.4698178768	0	3180	6444	1.08948	46.5965957889
16.436686039	0	3190	6474	0.954481	77.874578669
9.88956403732	0	3200	6493	0.925616	129.42936566
14.3019859791	0	3210	6516	0.924904	89.4980600507
20.827422142	0	3220	6534	0.952626	61.4574377602
14.900785923	0	3230	6553	0.998866	85.9015092636
8.09539103508	0	3240	6572	0.969036	158.114659867
11.2417340279	0	3250	6593	1.05245	113.86143782
8.21562004089	0	3260	6612	1.01289	155.800778715
15.9573497772	0	3270	6635	1.02146	80.2138210837
15.3755931854	0	3280	6657	0.911338	83.2488206838
7.92492485046	0	3290	6669	1.10619	161.515727171
10.4055221081	0	3300	6685	1.02597	123.011607366
8.60767793655	0	3310	6704	0.971856	148.704448451
19.7926869392	0	3320	6724	0.954134	64.6703504142
32.109388113	0	3330	6760	0.885046	39.8637306788
10.1095979214	0	3340	6776	0.811649	126.612354908
7.91320014	0	3350	6791	1.08184	161.755039346
8.15185689926	0	3360	6805	1.08791	157.019439352
8.08939504623	0	3370	6825	1.46084	158.231856979
17.0070269108	0	3380	6843	1.17579	75.2630078564
15.2676110268	0	3390	6858	0.946986	83.8376087625
13.0748701096	0	3400	6874	1.0531	97.8977220634
14.9663250446	0	3410	6892	0.853612	85.5253374615
9.74724197388	0	3420	6913	0.960305	131.319198131
11.5523779392	0	3430	6932	0.875757	110.799699138
8.36961698532	0	3440	6954	1.14628	152.934118998
8.94472098351	0	3450	6970	1.10555	143.101165745
22.4482491016	0	3460	6991	0.852254	57.0200372512
24.2022500038	0	3470	7009	0.978116	52.8876447354
21.8102788925	0	3480	7035	1.12438	58.6879244556
14.5444819927	0	3490	7053	0.890191	88.0058843375
9.87884807587	0	3500	7071	0.811498	129.569762605
8.57659101486	0	3510	7091	1.04196	149.243446234
18.9075160027	0	3520	7114	0.964147	67.6979461406
7.94923686981	0	3530	7133	1.03218	161.021745982
15.7300190926	0	3540	7151	0.95947	81.3730735143
7.89002394676	0	3550	7171	0.990818	162.230179355
16.9406991005	0	3560	7189	1.05832	75.5576846272
18.5125219822	0	3570	7213	0.956103	69.1423892018
18.8220658302	0	3580	7244	0.839818	68.0052875994
18.1346080303	0	3590	7270	0.939844	70.5832735872
8.11936211586	0	3600	7287	1.19182	157.647852348
22.1375930309	0	3610	7306	0.810338	57.8201974448
9.63841199875	0	3620	7327	0.820343	132.80195951
23.9756498337	0	3630	7346	0.900245	53.3874997708
11.4082760811	0	3640	7364	1.12775	112.199248239
12.6648099422	0	3650	7384	0.988428	101.0674464
8.57706212997	0	3660	7401	0.906972	149.23524869
22.7941160202	0	3670	7434	1.03858	56.1548427175
20.525593996	0	3680	7453	1.06358	62.3611672455
7.97400188446	0	3690	7473	1.02236	160.521657575
12.1632471085	0	3700	7495	1.07223	105.235056773
8.25721693039	0	3710	7512	1.14658	155.01591042
21.2204809189	0	3720	7530	1.07548	60.3190853635
10.9336621761	0	3730	7543	1.00378	117.069649618
10.7304329872	0	3740	7560	0.893261	119.28689192
8.1008079052	0	3750	7578	1.10488	158.008931329
25.1255469322	0	3760	7596	0.937725	50.9441646565
9.30440616608	0	3770	7619	0.862812	137.569230873
10.7099449635	0	3780	7638	0.893778	119.51508662
11.5658860207	0	3790	7662	0.883165	110.670293457
8.60220885277	0	3800	7677	1.08086	148.798991272
7.95607304573	0	3810	7696	0.989084	160.883389663
14.8181819916	0	3820	7719	0.935037	86.3803670874
10.7226090431	0	3830	7745	0.856129	119.373931741
16.4148290157	0	3840	7766	0.650172	77.978271889
24.5904090405	0	3850	7786	0.858892	52.0528144894
7.94329190254	0	3860	7804	1.04955	161.142258865
12.4644560814	0	3870	7820	0.944495	102.692006105
33.928456068	0	3880	7860	1.122	37.7264440632
11.7939238548	0	3890	7892	1.43829	108.530461597
11.0306351185	0	3900	7911	0.969487	116.040462426
15.2969419956	0	3910	7934	1.09175	83.6768551758
8.1033718586	0	3920	7951	0.931879	157.958936395
20.2128889561	0	3930	7970	1.12443	63.3259304388
9.52080798149	0	3940	7987	0.967881	134.442371119
8.18910121918	0	3950	8001	0.967149	156.305309428
15.8252518177	0	3960	8021	0.945215	80.8833890762
9.44852805138	0	3970	8048	1.02219	135.470836626
12.4094059467	0	3980	8071	1.11849	103.147564476
15.9461209774	0	3990	8092	0.968463	80.2703053497
9.56934404373	0	4000	8105	1.09386	133.760474506
9.87050914764	0	4010	8126	0.999366	129.679227368
35.3144099712	0	4020	8155	0.785236	36.2458271579
13.2510569096	0	4030	8180	0.843356	96.5960684296
9.38369703293	0	4040	8200	0.86231	136.406791002
10.3804190159	0	4050	8217	0.83904	123.309087816
11.0758719444	0	4060	8237	0.813034	115.566522114
19.105068922	0	4070	8259	0.928534	66.9979263212
14.589507103	0	4080	8280	0.881852	87.7342867697
8.04759097099	0	4090	8300	0.975742	159.053809347
8.31461000443	0	4100	8320	1.02573	153.945885534
15.660615921	0	4110	8340	0.817864	81.7336946679
9.29829502106	0	4120	8363	0.95711	137.659645892
12.3992111683	0	4130	8379	0.740143	103.232373627
10.1022689342	0	4140	8398	0.921655	126.704209552
11.9098539352	0	4150	8416	1.2378	107.474030073
10.3544199467	0	4160	8432	1.00545	123.618706465
7.96911001205	0	4170	8446	1.07474	160.620194484
8.01750898361	0	4180	8462	0.912429	159.650585065
9.840280056	0	4190	8482	0.965145	130.077598678
25.5626730919	0	4200	8504	0.93025	50.0730105728
13.4737348557	0	4210	8531	0.941372	94.9996429136
11.0738182068	0	4220	8550	1.02396	115.587954949
12.2737989426	0	4230	8575	0.810856	104.287189809
10.4367649555	0	4240	8597	1.01109	122.643367505
10.011826992	0	4250	8616	0.801399	127.848793334
15.2059750557	0	4260	8638	1.04332	84.1774365216
18.6720979214	0	4270	8656	1.01245	68.5514828269
14.1083540916	0	4280	8672	0.860554	90.7263874783
12.7477810383	0	4290	8690	0.805883	100.409631775
9.55006289482	0	4300	8709	1.19295	134.030530908
10.3433320522	0	4310	8727	0.881658	123.751223835
19.2180459499	0	4320	8746	0.788764	66.6040659563
12.7195909023	0	4330	8765	0.972546	100.632167326
8.05031609535	0	4340	8785	1.01698	158.999967807
22.9977860451	0	4350	8820	1.06625	55.6575314463
15.9723439217	0	4360	8841	1.05802	80.1385198239
9.03152799606	0	4370	8860	1.08716	141.725741265
8.0077791214	0	4380	8876	0.960927	159.844568712
23.6852779388	0	4390	8907	1.2002	54.0420088506
30.3568639755	0	4400	8931	0.988373	42.1650932399
10.4647250175	0	4410	8949	0.950446	122.315684154
8.62286710739	0	4420	8962	0.954125	148.44250573
10.043571949	0	4430	8984	0.804436	127.444698609
9.04080605507	0	4440	8999	0.951071	141.580296293
18.5588428974	0	4450	9025	0.953299	68.969817088
13.3533298969	0	4460	9047	0.78808	95.8562403446
12.0964901447	0	4470	9065	0.777656	105.815818034
20.5972418785	0	4480	9085	0.99836	62.144242785
8.26163911819	0	4490	9103	0.851795	154.932935425
12.2435069084	0	4500	9118	0.753745	104.545209928
15.1394879818	0	4510	9146	1.11924	84.5471129234
21.2151651382	0	4520	9162	0.775656	60.334199223
10.6059138775	0	4530	9177	0.912749	120.687383924
8.05435204506	0	4540	9198	1.08913	158.920294623
15.4328129292	0	4550	9221	0.891785	82.940161711
8.6969370842	0	4560	9239	0.877715	147.178252252
11.0319550037	0	4570	9258	0.88575	116.026579112
13.7839438915	0	4580	9278	0.88841	92.8616664485
7.88023304939	0	4590	9299	0.908977	162.431744338
8.65607094765	0	4600	9319	0.887142	147.873094819
13.8177111149	0	4610	9344	0.967417	92.634734462
8.29750609398	0	4620	9364	1.00245	154.263219033
7.98550987244	0	4630	9384	1.03151	160.290328413
21.7399089336	0	4640	9403	0.992681	58.8778915269
20.5894200802	0	4650	9423	0.808791	62.1678510135
13.5462219715	0	4660	9449	1.10223	94.4912908331
7.95292806625	0	4670	9465	0.874512	160.947010879
8.105645895	0	4680	9480	0.771003	157.914621065
17.7296571732	0	4690	9502	0.8204	72.1954174014
16.7286858559	0	4700	9527	1.02105	76.5152750807
10.6780281067	0	4710	9547	0.914224	119.872319796
9.82832384109	0	4720	9569	1.03038	130.235838857
11.8888690472	0	4730	9589	1.0847	107.663731085
23.3125491142	0	4740	9608	0.87581	54.9060505451
9.65732693672	0	4750	9629	0.793003	132.541852252
12.7667839527	0	4760	9647	0.865842	100.260175526
10.5449950695	0	4770	9666	0.757181	121.384599193
8.08387708664	0	4780	9680	0.988339	158.339864187
9.3018758297	0	4790	9702	0.989334	137.606653049
8.33451914787	0	4800	9718	0.988568	153.578146176
8.90706086159	0	4810	9737	0.792297	143.706214641
11.0856771469	0	4820	9754	0.85698	115.464304348
22.6316249371	0	4830	9773	0.98447	56.5580246032
8.26796197891	0	4840	9793	0.930795	154.814451647
16.6641609669	0	4850	9818	1.08518	76.8115480008
17.7182121277	0	4860	9843	0.7203	72.2420518942
9.09145283699	0	4870	9861	0.9123	140.791578964
13.6539490223	0	4880	9880	0.837066	93.74577259
16.5686759949	0	4890	9903	1.03526	77.2542115252
22.9952969551	0	4900	9923	0.895865	55.6635560088
13.8083910942	0	4910	9950	1.007	92.6972585921
11.5378270149	0	4920	9969	0.907129	110.939434119
16.1112048626	0	4930	9998	1.03354	79.4478135507
8.73316001892	0	4940	10018	0.8256	146.567794158
8.0513021946	0	4950	10036	0.909859	158.98049397
25.1224019527	0	4960	10054	0.964898	50.9505421658
21.7928040028	0	4970	10084	0.996377	58.7349842562
13.9598288536	0	4980	10109	0.804012	91.6916685314
23.6139261723	0	4990	10127	0.856018	54.2053020181
16.0177388191	0	5000	10149	1.14868	79.9114041285
12.3768451214	0	5010	10166	0.832534	103.418923599
11.3108038902	0	5020	10184	0.827063	113.166138536
9.23566007614	0	5030	10203	1.03036	138.593234208
15.7382230759	0	5040	10226	0.765009	81.330655553
8.72488689423	0	5050	10241	0.84938	146.706772881
10.0904290676	0	5060	10260	0.864045	126.852881223
8.3069999218	0	5070	10278	0.880238	154.086916101
8.16956496239	0	5080	10295	0.883832	156.67908951
17.2739579678	0	5090	10312	0.875721	74.0999834774
7.78847002983	0	5100	10331	0.742224	164.345499835
10.8792870045	0	5110	10354	0.750862	117.654769056
8.28763318062	0	5120	10367	1.00523	154.446990124
15.0784139633	0	5130	10384	0.931689	84.8895648517
22.6610329151	0	5140	10413	1.16982	56.4846273687
13.3353099823	0	5150	10435	0.937518	95.985770237
9.13318109512	0	5160	10452	0.989492	140.148321452
7.95770692825	0	5170	10469	0.956415	160.850356961
7.98576402664	0	5180	10484	0.832217	160.285227028
12.7476730347	0	5190	10499	1.00397	100.410482487
8.99215888977	0	5200	10516	0.9009	142.346239172
19.3839900494	0	5210	10550	1.54474	66.0338762422
11.6853690147	0	5220	10574	1.06283	109.538688798
8.24319791794	0	5230	10587	1.0169	155.279542326
14.2740540504	0	5240	10604	0.797487	89.6731927367
8.17616796494	0	5250	10623	1.10827	156.552556832
19.8123600483	0	5260	10641	0.871938	64.6061345988
7.99136209488	0	5270	10658	0.918495	160.172944838
8.18442797661	0	5280	10673	0.79028	156.394558503
14.1441569328	0	5290	10694	0.7917	90.4967334623
8.01648807526	0	5300	10714	0.854382	159.670916739
14.717872858	0	5310	10733	0.957746	86.9690893749
12.253537178	0	5320	10757	0.811993	104.45963328
8.01343488693	0	5330	10777	0.89273	159.731752745
24.2218139172	0	5340	10797	0.953151	52.8449274847
13.5658900738	0	5350	10820	1.03313	94.3542954453
18.7661650181	0	5360	10833	0.823386	68.2078623292
19.9398980141	0	5370	10853	0.843244	64.1929060568
16.5549468994	0	5380	10873	1.10334	77.3182788068
21.4942610264	0	5390	10900	0.750767	59.5507795513
16.0704040527	0	5400	10919	0.998321	79.6495219286
15.943860054	0	5410	10944	1.00192	80.2816881021
11.8328289986	0	5420	10962	0.942621	108.173624427
8.16139888763	0	5430	10982	0.927907	156.835858365
8.3128221035	0	5440	10997	0.884406	153.978995829
8.90897107124	0	5450	11014	0.804043	143.675401992
12.112432003	0	5460	11034	0.89157	105.676547838
8.08011984825	0	5470	11049	0.894176	158.413491884
16.6045310497	0	5480	11075	1.04639	77.087392361
13.670664072	0	5490	11090	0.892065	93.6311501223
14.3126029968	0	5500	11114	1.07582	89.4316708347
12.1153619289	0	5510	11132	0.982724	105.650991486
9.57266402245	0	5520	11153	1.05058	133.714083875
13.4841709137	0	5530	11173	1.03676	94.926118053
7.95291304588	0	5540	11185	0.959288	160.947314854
7.99109792709	0	5550	11202	0.880481	160.178239796
18.7783801556	0	5560	11224	1.07045	68.1634938369
8.00940084457	0	5570	11239	1.01311	159.812203789
17.9303190708	0	5580	11269	1.05694	71.3874635998
8.17893910408	0	5590	11286	0.975565	156.499514633
12.6107549667	0	5600	11306	0.965472	101.500663789
15.0400898457	0	5610	11322	0.851168	85.1058745749
13.4524600506	0	5620	11340	0.848563	95.1498830093
13.1540510654	0	5630	11359	0.747137	97.3084256425
21.3401949406	0	5640	11395	1.05583	59.9807079347
17.019382	0	5650	11419	0.927157	75.2083712559
11.6686749458	0	5660	11438	0.892811	109.695402944
11.9820930958	0	5670	11459	0.99573	106.826077027
13.0581951141	0	5680	11479	0.907241	98.0227350573
8.94645595551	0	5690	11494	0.738412	143.073414363
12.481498003	0	5700	11513	0.993233	102.551793037
7.80541682243	0	5710	11532	0.996244	163.9886798
13.1120910645	0	5720	11557	0.967582	97.6198223234
9.31943702698	0	5730	11579	0.875421	137.347352238
11.7022280693	0	5740	11593	0.894825	109.380879643
18.3276469707	0	5750	11618	0.785629	69.8398437095
8.48629903793	0	5760	11636	0.966462	150.831357024
12.9425878525	0	5770	11655	1.01095	98.8983049286
10.6343991756	0	5780	11676	0.992654	120.364110737
10.2176039219	0	5790	11692	1.09934	125.273988871
9.5526869297	0	5800	11709	0.7542	133.993713959
12.5957920551	0	5810	11725	0.744024	101.621239411
7.69582605362	0	5820	11737	0.757146	166.323925604
7.78627991676	0	5830	11751	0.73694	164.391726689
7.79198503494	0	5840	11768	1.16633	164.271362722
7.99104905128	0	5850	11783	0.825905	160.179219497
13.0073099136	0	5860	11799	0.967638	98.4062045495
13.3524029255	0	5870	11821	0.856838	95.8628950267
9.68415522575	0	5880	11840	1.06258	132.174667812
10.2202968597	0	5890	11861	0.947296	125.240980528
13.3409590721	0	5900	11876	0.966186	95.9451260649
9.1100230217	0	5910	11893	0.888065	140.50458456
14.8533108234	0	5920	11913	0.974643	86.1760731473
13.3639810085	0	5930	11934	0.860051	95.7798427866
20.6222131252	0	5940	11961	1.02107	62.0689928975
15.809278965	0	5950	11990	0.906089	80.9651093408
10.811604023	0	5960	12009	0.921304	118.391313378
15.7943160534	0	5970	12028	0.862397	81.0418124896
9.04444885254	0	5980	12046	0.832312	141.523272548
17.7964851856	0	5990	12078	1.07898	71.9243146413
13.9662969112	0	6000	12105	1.03279	91.6492043764
23.7586250305	0	6010	12126	0.829029	53.875171579
11.3962190151	0	6020	12148	0.968265	112.317953727
16.0986180305	0	6030	12176	1.06328	79.5099304531
13.9364159107	0	6040	12197	0.856896	91.8457089828
18.0495018959	0	6050	12220	0.831966	70.9160844095
8.20357918739	0	6060	12241	0.816437	156.029456261
19.1827428341	0	6070	12272	0.922633	66.7266412875
8.03909516335	0	6080	12292	0.825933	159.22189923
13.4357218742	0	6090	12312	0.826968	95.268420408
11.162498951	0	6100	12332	0.841254	114.669663632
15.4148230553	0	6110	12352	0.679781	83.0369570517
8.1600959301	0	6120	12373	0.883488	156.860901019
8.1422431469	0	6130	12385	0.742578	157.204836174
21.2668969631	0	6140	12409	0.964015	60.1874360053
10.9248900414	0	6150	12440	0.924996	117.163650632
26.7938299179	0	6160	12460	0.999492	47.7721924757
12.8679990768	0	6170	12480	0.752863	99.4715644877
15.0880100727	0	6180	12499	0.810144	84.835574329
35.0764238834	0	6190	12530	1.04686	36.4917473986
21.2807819843	0	6200	12559	0.967507	60.1481656521
8.91946291924	0	6210	12578	0.931857	143.506398489
9.00076508522	0	6220	12596	0.74697	142.210133014
8.20625591278	0	6230	12614	0.812393	155.978562405
9.21519112587	0	6240	12633	0.905272	138.901080023
12.4275929928	0	6250	12659	0.92367	102.996614127
10.8527019024	0	6260	12677	0.85668	117.942979685
8.84232711792	0	6270	12695	0.909918	144.758272673
7.96387600899	0	6280	12714	0.757164	160.725756975
12.2997498512	0	6290	12730	0.744849	104.067157095
14.2775700092	0	6300	12748	0.829892	89.6511100399
25.9660720825	0	6310	12774	0.987866	49.2950953819
16.5996539593	0	6320	12796	0.723251	77.1100411575
11.8139510155	0	6330	12816	0.996421	108.346479372
12.533219099	0	6340	12835	1.08426	102.128590419
24.172962904	0	6350	12860	1.014	52.9517215198
14.826925993	0	6360	12881	0.843144	86.3294253042
15.7274460793	0	6370	12901	0.854185	81.3863861653
26.6465919018	0	6380	12932	0.961676	48.0361617995
9.22887897491	0	6390	12953	0.872597	138.695068326
11.8318011761	0	6400	12977	0.877369	108.183021414
16.8137369156	0	6410	12998	0.827705	76.1282281521
13.7833850384	0	6420	13021	0.911522	92.8654315639
11.0207688808	0	6430	13041	0.837226	116.144346537
17.844825983	0	6440	13061	1.05077	71.7294750431
18.5387639999	0	6450	13080	0.890643	69.0445166681
9.63532114029	0	6460	13099	0.783011	132.844560276
11.3941340446	0	6470	13120	0.805667	112.338506374
20.6699609756	0	6480	13138	0.849672	61.9256128015
13.6389839649	0	6490	13157	0.998708	93.8486329548
25.2549510002	0	6500	13176	0.916672	50.6831313982
14.3040449619	0	6510	13198	1.04676	89.4851773332
10.8219099045	0	6520	13217	0.787766	118.278567397
8.85400319099	0	6530	13237	0.716994	144.567375049
15.0143179893	0	6540	13263	0.968524	85.2519575586
16.5264089108	0	6550	13292	0.809498	77.4517928797
18.3886349201	0	6560	13316	0.885755	69.6082121136
9.28403115273	0	6570	13339	0.883065	137.871144435
16.8323118687	0	6580	13361	0.807943	76.0442184049
11.7166380882	0	6590	13380	0.774103	109.246354659
18.5574860573	0	6600	13395	0.776587	68.9748598517
11.3344628811	0	6610	13417	0.833059	112.9299212
27.9033899307	0	6620	13438	0.813202	45.8725625516
8.81318020821	0	6630	13458	0.99022	145.237016578
11.8696269989	0	6640	13475	0.972477	107.838266537
22.6891689301	0	6650	13492	0.852168	56.4145828323
17.9259278774	0	6660	13515	0.865132	71.4049509042
9.99859714508	0	6670	13533	0.981098	128.017959062
8.19873094559	0	6680	13546	1.01707	156.1217228
8.15932393074	0	6690	13565	0.984402	156.875742508
11.5277891159	0	6700	13584	0.837382	111.036035369
13.284637928	0	6710	13610	0.992892	96.3518920829
15.658880949	0	6720	13628	0.803954	81.7427505942
11.40508008	0	6730	13641	0.757551	112.230689396
14.925565958	0	6740	13657	0.870342	85.7588920648
9.39890313148	0	6750	13679	0.699281	136.186104069
8.35212397575	0	6760	13695	0.845918	153.254430097
7.81533503532	0	6770	13711	0.875938	163.780566567
12.0039658546	0	6780	13727	0.927387	106.631426272
14.1852750778	0	6790	13746	0.910109	90.2344151226
9.91291999817	0	6800	13764	1.00186	129.124415433
10.8480279446	0	6810	13783	0.959646	117.993796342
11.5471429825	0	6820	13801	0.896359	110.849930753
7.70607209206	0	6830	13820	0.984612	166.102780341
8.03753805161	0	6840	13838	0.945964	159.252745279
9.87568688393	0	6850	13857	0.93566	129.611237683
21.0100569725	0	6860	13875	0.852828	60.9232046193
7.97912406921	0	6870	13894	0.888714	160.418610977
11.2833778858	0	6880	13917	0.874181	113.441206432
7.85078716278	0	6890	13933	0.883592	163.040975823
10.3478779793	0	6900	13950	0.830566	123.696858676
8.0432498455	0	6910	13969	0.865701	159.139654317
19.4475021362	0	6920	13991	0.961469	65.8182213342
13.6446299553	0	6930	14016	0.941928	93.8097994738
14.4431800842	0	6940	14036	0.783529	88.6231420321
8.04276490211	0	6950	14056	0.721525	159.149249739
10.7188799381	0	6960	14080	0.859642	119.415462006
12.7906219959	0	6970	14096	0.834959	100.073319375
12.4921460152	0	6980	14114	0.993335	102.464380295
12.0322849751	0	6990	14132	0.738073	106.380459128
19.9078760147	0	7000	14150	0.898697	64.2961609292
8.33777713776	0	7010	14170	0.828632	153.518135452
15.4768588543	0	7020	14195	0.719375	82.7041205228
13.444601059	0	7030	14219	0.810486	95.2055025201
8.89290595055	0	7040	14240	1.04657	143.934952997
16.1214551926	0	7050	14259	0.920005	79.3972991092
23.5798549652	0	7060	14286	1.10265	54.2836248098
7.85488796234	0	7070	14304	1.10294	162.955857058
15.1258678436	0	7080	14326	0.748141	84.6232436534
8.20083022118	0	7090	14346	0.833819	156.081758246
18.2727088928	0	7100	14366	0.874688	70.0498217045
22.5960760117	0	7110	14401	0.876867	56.6470036364
12.6546108723	0	7120	14414	0.821257	101.148902398
8.25986003876	0	7130	14431	0.814458	154.966306208
8.2401201725	0	7140	14451	1.00744	155.337540376
7.92455387115	0	7150	14469	0.842884	161.523288353
15.2940769196	0	7160	14489	0.874996	83.6925305615
12.1524150372	0	7170	14509	0.815647	105.328858181
8.69330596924	0	7180	14526	0.698211	147.239727272
33.0478441715	0	7190	14575	0.852355	38.731724628
15.0567278862	0	7200	14599	0.972107	85.01183057
23.0184481144	0	7210	14631	0.811119	55.6075715287
13.4857199192	0	7220	14648	0.945216	94.9152145876
15.0070669651	0	7230	14669	0.751396	85.2931490861
12.9978179932	0	7240	14690	0.787331	98.4780676782
16.2865900993	0	7250	14712	0.734041	78.592264691
8.97915291786	0	7260	14726	0.758342	142.552422451
10.6519169807	0	7270	14748	0.807897	120.166163735
8.63853502274	0	7280	14769	0.798874	148.173272046
19.2170710564	0	7290	14791	1.08858	66.6074448206
12.9516890049	0	7300	14811	0.771371	98.8288090855
8.23458409309	0	7310	14828	0.900837	155.441973211
17.0915868282	0	7320	14853	0.994931	74.8906472444
14.7459011078	0	7330	14879	0.822349	86.8037830068
7.9613339901	0	7340	14891	0.775346	160.777076002
15.8646328449	0	7350	14914	1.00672	80.6826109694
18.3509612083	0	7360	14933	0.924092	69.7511146946
24.5902760029	0	7370	14956	0.951733	52.0530961039
7.95523881912	0	7380	14974	0.854118	160.900260709
9.56360411644	0	7390	14990	0.723664	133.840755474
8.37594389915	0	7400	15005	0.806464	152.818597571
16.9267611504	0	7410	15029	1.07632	75.6199008558
9.71093988419	0	7420	15049	0.821338	131.810104404
21.6303799152	0	7430	15069	0.822928	59.1760295018
19.1216821671	0	7440	15089	0.940817	66.9397173752
7.80986905098	0	7450	15108	0.844092	163.895193587
9.13087487221	0	7460	15127	0.831838	140.183719295
7.87295103073	0	7470	15143	0.878397	162.581984189
12.8819990158	0	7480	15167	0.863813	99.3634604714
10.9580600262	0	7490	15181	0.88346	116.808996934
18.9249489307	0	7500	15214	0.736732	67.6355854214
10.973017931	0	7510	15237	0.851653	116.649768373
14.209416151	0	7520	15257	0.844151	90.0811114541
7.81401896477	0	7530	15273	0.865959	163.808151192
11.6324009895	0	7540	15295	0.936235	110.037472157
15.4818170071	0	7550	15323	1.04495	82.6776339893
14.5176379681	0	7560	15349	0.824891	88.1686127465
16.2261459827	0	7570	15372	0.946969	78.8850292214
9.22689509392	0	7580	15390	0.764072	138.724889247
15.0211958885	0	7590	15414	1.06085	85.2129224264
14.381278038	0	7600	15436	0.984643	89.0046070047
8.06621789932	0	7610	15450	0.77355	158.686514049
17.3820531368	0	7620	15470	0.759477	73.6391719623
12.918200016	0	7630	15487	0.733073	99.0850117209
10.2421710491	0	7640	15507	0.824945	124.973503553
16.9969749451	0	7650	15529	0.776109	75.3075181988
14.3883910179	0	7660	15549	1.01746	88.9606070899
16.6040530205	0	7670	15573	0.886509	77.0896117003
8.53215003014	0	7680	15594	0.896215	150.020803136
13.2433300018	0	7690	15614	0.868002	96.6524280391
8.12618088722	0	7700	15631	0.769111	157.515568231
13.1464219093	0	7710	15653	0.786722	97.3648958498
22.5125360489	0	7720	15679	0.914281	56.8572104547
13.2041780949	0	7730	15703	0.757742	96.9390136065
24.8462250233	0	7740	15721	0.752984	51.5168802827
8.01416492462	0	7750	15740	0.899134	159.717202234
14.3722341061	0	7760	15758	0.802139	89.0606144148
14.3038389683	0	7770	15780	0.865704	89.4864660347
15.8201630116	0	7780	15804	0.842334	80.9094065001
9.98816394806	0	7790	15822	0.773167	128.151680995
23.7514228821	0	7800	15842	0.822435	53.8915081574
8.60710906982	0	7810	15862	0.954305	148.714276724
9.73587393761	0	7820	15881	0.791123	131.472532225
13.6774320602	0	7830	15900	0.843366	93.5848187264
15.2318360806	0	7840	15915	0.968889	84.0345177844
8.28287696838	0	7850	15932	0.845019	154.535677022
12.6555130482	0	7860	15951	0.906269	101.141691777
10.3873178959	0	7870	15972	0.743019	123.22719039
7.83101296425	0	7880	15991	1.0349	163.452672833
11.4905569553	0	7890	16010	0.877674	111.395818756
8.57120108604	0	7900	16027	0.848549	149.337296739
9.15604305267	0	7910	16040	0.773482	139.798381532
8.04883289337	0	7920	16055	0.828876	159.029267592
17.5907690525	0	7930	16074	0.894378	72.7654371551
14.3823540211	0	7940	16096	0.961216	88.9979483278
11.915692091	0	7950	16121	0.747126	107.421372609
13.9220018387	0	7960	16140	1.04134	91.9408009589
7.9527721405	0	7970	16156	0.870883	160.950166481
8.71923398972	0	7980	16175	0.78684	146.801886669
20.9262709618	0	7990	16198	0.765473	61.1671330424
8.42754888535	0	8000	16216	0.870251	151.882833006
12.4269800186	0	8010	16235	0.889034	103.001694545
20.2310831547	0	8020	16257	0.870537	63.2689802228
13.6096909046	0	8030	16284	0.870752	94.0506297293
10.7558989525	0	8040	16303	0.977573	119.00446496
19.3707091808	0	8050	16322	0.886458	66.0791501256
14.2352437973	0	8060	16342	0.73836	89.9176732219
11.0547521114	0	8070	16364	0.808089	115.787309123
8.51857995987	0	8080	16381	0.719218	150.259785789
8.43869590759	0	8090	16396	0.818831	151.682204693
21.280809164	0	8100	16414	0.820456	60.1480888313
8.15831184387	0	8110	16427	0.799417	156.895203873
16.4853811264	0	8120	16449	0.808574	77.6445500523
15.5704698563	0	8130	16469	0.774953	82.2068962476
8.8605530262	0	8140	16489	0.77994	144.460508979
10.7339260578	0	8150	16508	0.941834	119.248073175
8.15349602699	0	8160	16529	0.989227	156.987873148
12.4533879757	0	8170	16553	0.862443	102.783274921
14.4999270439	0	8180	16571	0.902911	88.2763062272
8.51670908928	0	8190	16590	1.03266	150.292793447
27.2751059532	0	8200	16610	0.847226	46.9292402455
8.78086495399	0	8210	16630	0.889237	145.77151644
8.08156490326	0	8220	16649	0.909735	158.385166156
10.2012851238	0	8230	16667	1.00456	125.474387243
8.78463292122	0	8240	16679	0.824446	145.708991085
8.15206694603	0	8250	16695	0.991369	157.015393577
17.5221099854	0	8260	16720	0.892665	73.0505630355
12.2870750427	0	8270	16744	0.898476	104.174508217
26.2437729836	0	8280	16772	0.788182	48.7734747897
14.9633731842	0	8290	16797	0.938492	85.5422092494
14.9991579056	0	8300	16820	0.987162	85.3381241839
26.7380480766	0	8310	16837	0.912322	47.871856477
8.98684000969	0	8320	16857	0.853171	142.430487092
14.6982748508	0	8330	16872	0.926011	87.0850499796
8.33462715149	0	8340	16891	0.707534	153.576156046
16.7564878464	0	8350	16913	0.83945	76.3883226446
7.89369416237	0	8360	16924	0.778371	162.15474956
11.3318037987	0	8370	16940	0.859307	112.956420949
25.8498790264	0	8380	16965	0.912828	49.5166727354
7.8774600029	0	8390	16984	0.712103	162.488924035
19.1075849533	0	8400	17008	0.778974	66.9891042289
7.87139105797	0	8410	17028	0.770705	162.61420511
9.671241045	0	8420	17049	0.937448	132.351163004
9.29826903343	0	8430	17068	0.938736	137.660030636
14.3116989136	0	8440	17090	1.08865	89.437320316
8.31473112106	0	8450	17107	0.721471	153.943643079
13.1857068539	0	8460	17130	0.904241	97.0748109438
8.81803417206	0	8470	17148	0.847838	145.157069594
8.17582893372	0	8480	17168	0.693709	156.559048676
20.424877882	0	8490	17186	1.04299	62.6686733402
13.6260471344	0	8500	17205	0.733524	93.9377346471
9.71180105209	0	8510	17227	0.837744	131.798416497
7.96980595589	0	8520	17246	0.782857	160.606168718
21.2216949463	0	8530	17264	0.947213	60.3156346955
17.544604063	0	8540	17283	1.15367	72.9569043223
9.7800989151	0	8550	17302	0.861565	130.878021901
8.47063398361	0	8560	17319	0.791542	151.110294988
8.80414199829	0	8570	17338	0.937278	145.386114882
17.1257531643	0	8580	17360	0.733525	74.7412383981
8.67981100082	0	8590	17380	0.748862	147.468648785
12.069742918	0	8600	17402	0.861068	106.050311816
14.9890739918	0	8610	17420	0.864303	85.3955354882
8.38129997253	0	8620	17438	0.908415	152.72093878
10.3896980286	0	8630	17460	0.906526	123.198960786
8.77089905739	0	8640	17480	0.805546	145.937148703
15.2814838886	0	8650	17501	0.732453	83.7614991665
22.9550869465	0	8660	17527	0.766526	55.7610608483
11.4962689877	0	8670	17548	0.720244	111.340470667
8.05454111099	0	8680	17567	0.872487	158.916564254
21.9476380348	0	8690	17593	0.966773	58.3206264824
8.18494200706	0	8700	17608	0.830228	156.384736617
24.7205970287	0	8710	17634	0.732197	51.7786847345
7.8307659626	0	8720	17653	0.836616	163.457828533
21.325042963	0	8730	17679	0.880961	60.0233257311
16.3072190285	0	8740	17696	0.834806	78.4928440444
13.7657299042	0	8750	17710	1.1424	92.9845354304
7.81362104416	0	8760	17729	0.913055	163.816493373
22.1697909832	0	8770	17761	0.705122	57.7362231773
7.63815903664	0	8780	17780	0.989434	167.579647643
12.0536739826	0	8790	17800	0.890779	106.191689094
13.9163930416	0	8800	17824	0.900786	91.9778563434
12.7532448769	0	8810	17847	0.817507	100.366613545
17.868129015	0	8820	17866	0.8102	71.6359277979
10.7858271599	0	8830	17886	0.90546	118.674254744
24.3194878101	0	8840	17914	1.18033	52.6326874148
13.4449160099	0	8850	17934	0.757045	95.2032723044
15.4751930237	0	8860	17960	0.888248	82.7130232263
7.67491412163	0	8870	17978	0.947625	166.77711043
9.84631586075	0	8880	17998	0.892338	129.997860936
15.5086140633	0	8890	18018	0.851589	82.5347767878
15.4148330688	0	8900	18037	0.840538	83.0369031103
23.3168199062	0	8910	18061	0.756716	54.8959937568
7.70126795769	0	8920	18080	0.919302	166.206397055
8.71590900421	0	8930	18099	0.729798	146.857889336
8.05820012093	0	8940	18114	0.763864	158.844404556
17.1993529797	0	8950	18134	0.870746	74.4214041955
8.03323602676	0	8960	18150	0.785781	159.338029623
10.7713029385	0	8970	18167	0.837995	118.834277275
13.4458720684	0	8980	18180	0.861219	95.1965029481
8.01193094254	0	8990	18201	0.774112	159.761736488
27.056276083	0	9000	18225	1.03136	47.3088017018
13.5397770405	0	9010	18251	0.874679	94.5362686677
9.21589183807	0	9020	18266	0.872897	138.890518952
8.05428314209	0	9030	18286	0.836363	158.921654158
18.7872829437	0	9040	18309	0.890443	68.1311929902
16.5107688904	0	9050	18330	0.857737	77.525160003
8.83238911629	0	9060	18351	0.884339	144.921151361
8.16027498245	0	9070	18370	0.776349	156.857459185
8.18518590927	0	9080	18389	0.916352	156.380076664
18.9576699734	0	9090	18421	0.835711	67.518846029
7.56316113472	0	9100	18439	0.90921	169.241402794
11.0435760021	0	9110	18457	0.785635	115.904485988
25.6490249634	0	9120	18490	0.8588	49.9044311364
14.2642359734	0	9130	18511	0.741564	89.7349148171
8.90507507324	0	9140	18531	0.865788	143.738260427
17.2052760124	0	9150	18545	0.90631	74.3957841232
24.8622469902	0	9160	18569	0.917093	51.4836812821
8.15105891228	0	9170	18588	0.880501	157.034811523
11.417976141	0	9180	18610	0.718188	112.103930171
19.8742239475	0	9190	18638	1.16485	64.4050305249
15.7882590294	0	9200	18664	0.931269	81.0729034542
9.37416386604	0	9210	18680	0.84658	136.545511503
7.80812311172	0	9220	18699	0.754691	163.931841453
21.1826219559	0	9230	18722	0.817012	60.4268915655
12.7078568935	0	9240	18745	0.901069	100.725087694
21.4460940361	0	9250	18765	0.917568	59.6845280005
15.8466000557	0	9260	18796	0.863728	80.7744245139
19.4093809128	0	9270	18822	0.766278	65.9474923879
8.07027101517	0	9280	18841	0.99605	158.606817242
8.08240413666	0	9290	18861	0.741995	158.368720291
8.1477329731	0	9300	18878	0.693263	157.098913799
9.37020397186	0	9310	18897	0.999018	136.603216306
20.364276886	0	9320	18920	0.796359	62.8551657968
18.09862113	0	9330	18948	0.786956	70.7236198165
8.11263895035	0	9340	18964	0.768499	157.77849943
11.6934769154	0	9350	18987	0.768851	109.462738009
10.898250103	0	9360	19007	0.90294	117.45004821
8.31060409546	0	9370	19026	0.710293	154.020091115
21.8186359406	0	9380	19056	0.751684	58.6654456075
14.2401170731	0	9390	19078	0.893943	89.8869014512
9.03206396103	0	9400	19098	0.840608	141.717331224
13.5033450127	0	9410	19115	0.827382	94.7913275414
7.75692200661	0	9420	19132	0.880067	165.013906149
18.8902058601	0	9430	19157	0.724427	67.7599815204
17.1061890125	0	9440	19189	1.10282	74.8267190935
7.74374604225	0	9450	19205	0.865923	165.294676894
13.5210011005	0	9460	19227	0.9059	94.6675464695
11.2280910015	0	9470	19246	0.796594	113.999788551
16.1768360138	0	9480	19265	0.892892	79.125485287
9.03619980812	0	9490	19285	0.937864	141.652467539
26.1701591015	0	9500	19307	0.930916	48.9106694016
12.1580839157	0	9510	19331	0.897485	105.279747111
7.86655116081	0	9520	19350	0.733054	162.714253532
12.3643739223	0	9530	19370	0.879853	103.523236036
7.85032296181	0	9540	19390	0.967279	163.050616672
16.3961699009	0	9550	19419	0.742523	78.0670124631
22.9460310936	0	9560	19441	0.729866	55.7830674411
16.7766759396	0	9570	19466	1.09466	76.2964013021
9.45376801491	0	9580	19484	0.711028	135.395748868
8.95861005783	0	9590	19503	0.983855	142.879307363
9.22768211365	0	9600	19521	0.961192	138.713057541
10.8099598885	0	9610	19536	0.91248	118.409320035
10.4208118916	0	9620	19556	0.732747	122.831120389
8.97751903534	0	9630	19576	0.851529	142.57836658
9.32997512817	0	9640	19597	0.805276	137.192219959
7.99147391319	0	9650	19611	0.850935	160.170703665
12.5774941444	0	9660	19635	0.88316	101.769079381
17.187707901	0	9670	19657	0.803252	74.4718264572
9.28205394745	0	9680	19672	0.942971	137.900512887
9.28973603249	0	9690	19689	0.865049	137.786476981
8.36127209663	0	9700	19708	0.810492	153.086753452
35.7810339928	0	9710	19734	0.920284	35.7731417225
13.3427889347	0	9720	19764	0.739521	95.9319679164
11.6943490505	0	9730	19793	0.822685	109.454574553
8.64231586456	0	9740	19804	0.711856	148.108449177
11.8090081215	0	9750	19818	0.84729	108.391829935
23.9355149269	0	9760	19853	0.837265	53.4770195631
8.06698298454	0	9770	19872	0.884092	158.671463973
14.5940890312	0	9780	19901	0.856139	87.706741905
13.2755970955	0	9790	19928	0.976864	96.4175088166
21.2085030079	0	9800	19944	0.762417	60.3531517299
15.3895609379	0	9810	19963	0.80218	83.1732630428
17.2792320251	0	9820	19996	0.928031	74.0773662937
Training elapsed time: 13128.1837339 s
