Duration	Worker	LocalStep	GlobalStep	Loss	ExamplesPerSec
21.3716011047	1	10	18	4.51392	59.8925646107
17.375743866	1	20	51	4.39857	73.6659109316
27.450551033	1	30	84	4.42634	46.6293007547
8.90304398537	1	40	119	4.30479	143.771052025
30.0313441753	1	50	160	4.28022	42.6221348111
10.8861038685	1	60	197	3.91447	117.581093793
19.0019040108	1	70	228	3.96442	67.361670666
8.85063505173	1	80	262	3.795	144.622390655
11.2810359001	1	90	299	3.65779	113.464757256
46.8422729969	1	100	354	4.05894	27.3257448477
13.1574239731	1	110	393	3.45085	97.2834806128
16.6604452133	1	120	420	3.80338	76.8286791626
11.5437669754	1	130	460	3.60779	110.882349126
36.7367098331	1	140	502	3.68449	34.8425323284
32.9732670784	1	150	537	3.85451	38.8193258786
8.25240302086	1	160	573	3.50795	155.106336514
40.5870549679	1	170	607	3.49919	31.5371490002
66.6290619373	1	180	664	3.73614	19.2108362745
9.43837404251	1	190	700	3.25316	135.616579109
9.53104710579	1	200	734	3.00014	134.297940803
41.3763329983	1	210	785	3.21576	30.9355592254
128.044020891	1	220	843	3.02259	9.99656205023
14.9501450062	1	230	895	2.80095	85.6178986539
10.8224749565	1	240	926	2.80134	118.272391957
10.5235610008	1	250	963	2.87489	121.631831649
40.3402671814	1	260	1000	2.77202	31.7300823578
78.3356528282	1	270	1044	3.09554	16.3399416969
110.993206978	1	280	1083	2.97056	11.532237286
52.3935780525	1	290	1119	2.68904	24.4304750234
25.7738959789	1	300	1149	2.58144	49.6626509646
17.0763020515	1	310	1189	2.87749	74.9576808923
72.9148960114	1	320	1254	2.61882	17.5547120001
79.751967907	1	330	1297	2.34249	16.0497606967
16.2035400867	1	340	1340	2.31823	78.9950833674
48.7441570759	1	350	1379	2.3206	26.2595575918
31.3360929489	1	360	1409	2.29216	40.8474662775
47.5144770145	1	370	1438	2.54626	26.9391579246
19.7770628929	1	380	1478	2.25754	64.721440536
34.501830101	1	390	1516	2.37705	37.0994812812
53.5544190407	1	400	1560	2.26993	23.9009221448
9.46527099609	1	410	1596	2.02094	135.231204741
8.54759597778	1	420	1634	2.20159	149.749707792
8.19292902946	1	430	1676	2.63818	156.232282179
61.3209578991	1	440	1713	2.65227	20.87377699
36.9766991138	1	450	1756	2.4013	34.6163943963
63.1775319576	1	460	1789	2.13244	20.2603672593
75.9642970562	1	470	1831	2.0308	16.8500209915
27.8207678795	1	480	1897	2.1524	46.0087947804
8.54469394684	1	490	1932	1.70799	149.800567225
9.94813799858	1	500	1965	1.95778	128.66729434
55.4067630768	1	510	2019	2.09931	23.1018729289
9.42264509201	1	520	2057	1.94283	135.842959965
14.4807908535	1	530	2101	1.75768	88.3929623009
27.7968139648	1	540	2146	1.93754	46.0484428762
13.8800439835	1	550	2195	1.78951	92.2187279468
66.1447892189	1	560	2231	1.92499	19.3514865663
65.1340229511	1	570	2319	1.69413	19.6517878369
7.84548401833	1	580	2349	1.78305	163.151183153
20.380851984	1	590	2392	1.79856	62.8040476916
30.0664088726	1	600	2430	1.75684	42.5724271037
30.946210146	1	610	2464	2.05377	41.3620922873
46.0212240219	1	620	2513	1.76473	27.8132541497
13.060972929	1	630	2562	1.87051	98.0018875284
36.8413989544	1	640	2598	1.86183	34.7435232192
7.96135210991	1	650	2632	1.8983	160.776710078
59.5302889347	1	660	2680	1.72955	21.5016594561
12.9104139805	1	670	2729	1.67634	99.1447680868
20.8246479034	1	680	2764	1.82197	61.4656250581
66.7288970947	1	690	2813	1.66433	19.1820943509
9.23404598236	1	700	2852	1.94976	138.617460044
9.05505990982	1	710	2883	1.65519	141.357430293
18.1881380081	1	720	2931	1.79327	70.3755381353
9.85016608238	1	730	2969	1.48665	129.947047521
9.60934591293	1	740	3007	1.63112	133.203655233
41.1856050491	1	750	3052	1.44719	31.0788198564
201.60841608	1	760	3095	1.66916	6.34894130357
58.7623538971	1	770	3131	1.70433	21.7826536058
29.534402132	1	780	3182	1.68588	43.3392893575
43.0946979523	1	790	3218	1.3822	29.702029735
54.7923769951	1	800	3252	1.57924	23.3609138752
14.5515730381	1	810	3284	1.5473	87.962998684
31.3128859997	1	820	3323	1.35192	40.8777395994
8.05025601387	1	830	3357	1.38131	159.001154472
54.8003678322	1	840	3388	1.61981	23.3575074518
11.5528111458	1	850	3424	1.40318	110.795544379
8.04848599434	1	860	3451	1.12346	159.036121937
94.2096948624	1	870	3508	1.3339	13.5867120881
32.0098261833	1	880	3559	1.40946	39.9877210413
27.3832559586	1	890	3592	1.25228	46.7438934923
93.2925019264	1	900	3650	1.42179	13.7202880571
59.7940649986	1	910	3704	1.93095	21.4068068466
16.359069109	1	920	3754	1.36642	78.2440609227
11.4306240082	1	930	3796	1.25043	111.979888332
95.026624918	1	940	3838	1.49235	13.4699091029
12.3484330177	1	950	3882	1.20341	103.656876801
10.643018961	1	960	3918	1.35515	120.266627796
38.0215959549	1	970	3956	1.41454	33.6650781708
39.4139201641	1	980	3992	1.33728	32.4758358131
8.20870184898	1	990	4024	1.12299	155.932085675
10.9125230312	1	1000	4063	1.21496	117.296430563
17.5365350246	1	1010	4114	1.42418	72.9904737852
96.9169080257	1	1020	4147	1.35933	13.207189809
14.9745180607	1	1030	4191	1.54282	85.478543938
10.0648069382	1	1040	4226	1.09609	127.175812498
20.7458150387	1	1050	4261	1.13445	61.699190782
9.4695520401	1	1060	4292	1.45812	135.170068719
100.349956989	1	1070	4321	1.3441	12.7553617202
133.774451971	1	1080	4362	1.2755	9.56834418785
267.999912024	1	1090	4404	1.27378	4.77612097084
130.618506908	1	1100	4446	1.37947	9.79953017605
7.67777109146	1	1110	4476	1.08506	166.71505112
148.086910009	1	1120	4518	1.74868	8.64357288513
14.2440907955	1	1130	4565	1.3256	89.8618253966
33.3485400677	1	1140	4625	1.41716	38.3824898302
13.0231690407	1	1150	4650	1.04042	98.2863691627
27.4923269749	1	1160	4689	1.28488	46.5584452407
11.2409601212	1	1170	4737	1.42338	113.869276841
22.1349518299	1	1180	4776	1.3292	57.8270967037
33.6328940392	1	1190	4810	1.15123	38.0579797418
66.2983560562	1	1200	4847	1.39052	19.306662731
48.577974081	1	1210	4886	1.15025	26.3493903197
17.8750789165	1	1220	4928	1.07969	71.608075465
8.21449708939	1	1230	4955	1.30756	155.822077246
18.8243689537	1	1240	5001	1.15364	67.99696729
44.7116680145	1	1250	5039	1.07526	28.6278740391
172.430938005	1	1260	5087	1.61436	7.42326182764
8.05308699608	1	1270	5122	1.15856	158.945259206
29.8004658222	1	1280	5151	1.04966	42.9523487195
7.68438720703	1	1290	5181	1.24644	166.571512538
8.4175298214	1	1300	5207	1.37339	152.063613335
11.5980889797	1	1310	5249	1.12124	110.363009133
53.3039951324	1	1320	5296	1.14536	24.0132094568
62.7897670269	1	1330	5338	2.29244	20.3854873271
196.121618986	1	1340	5378	1.27273	6.52656248004
100.796174049	1	1350	5419	1.11835	12.6988946959
101.981592894	1	1360	5469	1.37047	12.5512846356
75.4647738934	1	1370	5509	1.80413	16.9615561535
105.55530405	1	1380	5546	1.36798	12.1263446827
140.462649107	1	1390	5594	1.09199	9.11274284045
60.5399439335	1	1400	5644	1.22477	21.1430655008
37.0202620029	1	1410	5697	1.18982	34.5756602127
71.0118119717	1	1420	5731	1.44317	18.0251702423
95.9551260471	1	1430	5769	1.16672	13.3395687414
41.9721069336	1	1440	5809	1.08548	30.4964437936
59.9704699516	1	1450	5847	1.26744	21.3438380762
10.2153770924	1	1460	5883	1.07376	125.301297096
19.5881719589	1	1470	5918	1.27385	65.345556629
7.68058800697	1	1480	5953	1.16264	166.653907076
50.3158299923	1	1490	5995	1.06854	25.439310058
58.7469711304	1	1500	6029	1.05989	21.7883573463
25.2073290348	1	1510	6069	0.931739	50.7788825318
50.7548918724	1	1520	6112	1.38225	25.2192439542
36.3294229507	1	1530	6157	0.955556	35.2331497733
8.45708799362	1	1540	6191	1.09923	151.35233321
26.1042261124	1	1550	6229	1.09813	49.0342059746
52.6794319153	1	1560	6270	1.21799	24.2979081866
107.091506958	1	1570	6314	1.36458	11.9523950718
108.234772205	1	1580	6360	1.20287	11.8261439824
30.6329698563	1	1590	6398	1.07431	41.7850442189
11.0368139744	1	1600	6439	1.37599	115.975498271
36.3472549915	1	1610	6481	1.01628	35.2158643149
18.6566631794	1	1620	6518	1.2858	68.6081957793
24.6643359661	1	1630	6570	1.0867	51.8967955091
102.190300941	1	1640	6636	1.13037	12.5256505579
64.7600879669	1	1650	6672	1.25985	19.7652603661
25.7728030682	1	1660	6716	1.63092	49.6647569383
8.58809494972	1	1670	6749	1.12014	149.043531481
25.0348460674	1	1680	6787	0.950892	51.1287345867
48.8789699078	1	1690	6831	1.27891	26.1871312431
7.59295892715	1	1700	6857	0.907582	168.577232181
59.3134729862	1	1710	6901	1.03965	21.5802571584
7.71002221107	1	1720	6939	14.7254	166.01767997
45.5293598175	1	1730	6978	18.0694	28.1137271671
81.8032860756	1	1740	7020	17.5414	15.6472931762
8.04650998116	1	1750	7044	17.2665	159.075177064
12.4591879845	1	1760	7075	16.8615	102.735427188
9.23785305023	1	1770	7111	16.4697	138.560333558
10.9539051056	1	1780	7146	16.0677	116.8533037
10.1514389515	1	1790	7179	15.6936	126.090498708
8.14651989937	1	1800	7209	15.3958	157.122306925
62.935297966	1	1810	7259	14.8937	20.3383481348
33.2152311802	1	1820	7290	14.5522	38.5365374414
67.5210008621	1	1830	7326	14.2092	18.9570649673
30.4941661358	1	1840	7366	13.8624	41.9752418971
7.63339781761	1	1850	7398	13.5522	167.68417297
127.296461105	1	1860	7432	13.2571	10.0552677497
70.2404830456	1	1870	7467	12.9587	18.2231093025
12.8885040283	1	1880	7496	12.699	99.3133103103
11.4653568268	1	1890	7533	12.3884	111.640659714
27.7754311562	1	1900	7579	12.0292	46.0838930926
27.7970538139	1	1910	7616	11.7511	46.0480455435
49.882652998	1	1920	7654	11.4583	25.6602230048
24.9316401482	1	1930	7684	11.2553	51.340384844
9.13123989105	1	1940	7718	11.0054	140.178115488
9.13839507103	1	1950	7756	10.7498	140.068358837
42.7042880058	1	1960	7798	10.4808	29.9735707999
167.116147995	1	1970	7844	10.1778	7.65934360836
114.475483894	1	1980	7882	9.93966	11.1814334079
9.76699519157	1	1990	7919	9.7165	131.05361218
109.736974955	1	2000	7955	9.51035	11.6642544642
148.302587032	1	2010	7992	9.30388	8.63100250383
99.0365169048	1	2020	8029	9.08896	12.9245256195
77.6672489643	1	2030	8065	8.90065	16.480563134
12.800399065	1	2040	8102	8.71442	99.9968824017
9.06551790237	1	2050	8131	8.55564	141.194360188
95.8761639595	1	2060	8170	8.36814	13.3505549986
15.2602441311	1	2070	8223	8.11718	83.8780814386
26.3931159973	1	2080	8256	7.96677	48.4974945789
9.59523487091	1	2090	8285	7.84051	133.399548549
9.24000620842	1	2100	8312	7.7203	138.52804545
54.0943188667	1	2110	8352	7.54139	23.6623739205
7.80950403214	1	2120	8386	7.40296	163.902854104
214.867815971	1	2130	8430	7.22585	5.95715088467
64.003757	1	2140	8471	7.06924	19.9988260064
159.00110507	1	2150	8510	6.92369	8.05025851509
37.9502909184	1	2160	8544	6.79103	33.7283316946
8.17105102539	1	2170	8581	6.66828	156.6505944
9.88583707809	1	2180	8607	6.5767	129.478160513
10.990639925	1	2190	8652	6.41824	116.462736359
15.2329261303	1	2200	8698	6.2688	84.0285043761
13.0810029507	1	2210	8731	6.17062	97.8518241168
60.6857559681	1	2220	8759	6.08771	21.092264232
166.529567003	1	2230	8799	5.97082	7.68632275357
48.4575960636	1	2240	8847	5.82946	26.4148472887
10.1900689602	1	2250	8879	5.74345	125.612496343
12.8049638271	1	2260	8928	5.60627	99.9612351335
13.7304720879	1	2270	8969	5.50092	93.2233059293
15.2302100658	1	2280	9009	5.40341	84.0434895163
124.218184948	1	2290	9057	5.29052	10.3044493891
84.8392679691	1	2300	9115	5.1484	15.0873531873
177.998295069	1	2310	9152	5.06668	7.19108011403
105.017442942	1	2320	9192	4.98062	12.1884514053
8.76078414917	1	2330	9226	4.90851	146.105642852
15.5809209347	1	2340	9258	4.83819	82.1517550449
8.03249597549	1	2350	9292	4.77303	159.352709781
7.93911099434	1	2360	9327	4.70448	161.227119877
64.6448440552	1	2370	9364	4.63302	19.8004963692
34.9647049904	1	2380	9409	4.54914	36.608345483
17.6699860096	1	2390	9453	4.47227	72.4392197767
71.4569790363	1	2400	9490	4.41141	17.9128759327
149.945808887	1	2410	9526	4.35342	8.53641731968
60.497232914	1	2420	9560	4.29353	21.1579924956
62.5040299892	1	2430	9604	4.22757	20.4786795383
7.74847698212	1	2440	9637	4.17693	165.193753941
67.2247610092	1	2450	9679	4.11673	19.0406032061
103.652570009	1	2460	9715	4.06497	12.3489460984
7.69938015938	1	2470	9748	4.01739	166.247148927
53.7544989586	1	2480	9774	3.98336	23.8119603903
20.8938748837	1	2490	9821	3.91969	61.2619730485
155.691342115	1	2500	9865	3.86169	8.22139486119
21.3845100403	1	2510	9900	3.82378	59.856409971
10.9370229244	1	2520	9929	3.7832	117.033676243
59.5824661255	1	2530	9963	3.74429	21.4828301552
60.4706709385	1	2540	10001	3.70209	21.1672862254
9.1481719017	1	2550	10033	3.6677	139.918665035
35.9410150051	1	2560	10078	3.61271	35.6139079494
25.6466650963	1	2570	10129	3.56899	49.9090230716
109.053786993	1	2580	10176	3.51951	11.7373273803
79.6452560425	1	2590	10217	3.48426	16.071264801
32.0802969933	1	2600	10256	3.44355	39.8998799877
8.97926402092	1	2610	10293	3.40997	142.550658608
36.0526750088	1	2620	10331	3.37556	35.5036068666
10.3951768875	1	2630	10372	3.34134	123.134027814
95.9921081066	1	2640	10413	3.30743	13.3344295198
127.093595982	1	2650	10452	3.27911	10.0713178356
58.1855609417	1	2660	10487	3.25327	21.99858486
14.2183260918	1	2670	10518	3.22841	90.0246619566
29.4904108047	1	2680	10573	3.18722	43.403939283
23.3903751373	1	2690	10634	3.14824	54.7233634555
11.577507019	1	2700	10668	3.12756	110.559207426
46.743970871	1	2710	10703	3.10312	27.3832106291
84.0000770092	1	2720	10767	3.06156	15.2380812682
62.7121970654	1	2730	10805	3.03721	20.4107025411
8.94693207741	1	2740	10835	3.01941	143.065800536
9.02476382256	1	2750	10860	3.00937	141.831966483
7.87212204933	1	2760	10888	2.99058	162.599105042
33.9549629688	1	2770	10924	2.96876	37.6969929602
81.521641016	1	2780	10959	2.95227	15.7013522305
28.0433790684	1	2790	10999	2.93281	45.6435722984
14.5898048878	1	2800	11025	2.92001	87.7324960715
18.6337239742	1	2810	11079	2.89387	68.6926564851
114.152288198	1	2820	11127	2.87524	11.2130910401
30.2073669434	1	2830	11161	2.85743	42.3737693656
9.57683897018	1	2840	11197	2.84149	133.65579227
20.0750908852	1	2850	11236	2.82284	63.7606079754
35.8977890015	1	2860	11271	2.80963	35.6567921202
31.8600721359	1	2870	11305	2.7946	40.1756780254
54.1758539677	1	2880	11339	2.78393	23.6267618553
32.313947916	1	2890	11367	2.77244	39.6113778275
8.05401110649	1	2900	11398	2.76176	158.927021962
75.6994280815	1	2910	11435	2.74856	16.908978475
91.2377920151	1	2920	11479	2.72945	14.0292741827
20.9055318832	1	2930	11516	2.71929	61.2278131525
8.84567093849	1	2940	11536	2.71134	144.703551477
9.26892399788	1	2950	11560	2.70594	138.095856681
63.7401089668	1	2960	11599	2.69203	20.0815470941
27.5864200592	1	2970	11639	2.6788	46.3996414632
30.6607511044	1	2980	11673	2.66845	41.7471834152
11.5765929222	1	2990	11706	2.66113	110.567937268
11.0045480728	1	3000	11743	2.65046	116.315544403
98.1801979542	1	3010	11781	2.64138	13.0372521819
75.9886660576	1	3020	11834	2.62919	16.8446173148
11.2297198772	1	3030	11871	2.61695	113.983252832
54.5687379837	1	3040	11906	2.6062	23.4566538882
22.9354500771	1	3050	11944	2.59786	55.8088023431
42.1404678822	1	3060	11977	2.59089	30.3746034235
40.612621069	1	3070	12026	2.58075	31.5172960107
67.5215940475	1	3080	12067	2.57404	18.9568984272
37.9689741135	1	3090	12101	2.56466	33.7117351703
55.5576429367	1	3100	12136	2.55514	23.0391343538
65.6925690174	1	3110	12174	2.5492	19.4847000071
23.3898079395	1	3120	12214	2.5369	54.7246904852
99.639302969	1	3130	12254	2.53215	12.8463363538
9.29161000252	1	3140	12289	2.52672	137.758687639
10.4753320217	1	3150	12325	2.5204	122.191830994
10.4446020126	1	3160	12353	2.51385	122.551342641
35.9346358776	1	3170	12391	2.51014	35.6202301412
49.2659220695	1	3180	12431	2.50502	25.9814481538
99.0582799911	1	3190	12481	2.49451	12.9216861035
26.6099729538	1	3200	12516	2.49033	48.1022661024
12.3607070446	1	3210	12547	2.48634	103.553946824
13.7943849564	1	3220	12590	2.48055	92.7913788146
11.0930612087	1	3230	12625	2.47428	115.387445892
32.4342839718	1	3240	12663	2.4687	39.4644136776
64.9456689358	1	3250	12696	2.46531	19.7087815242
19.2667069435	1	3260	12734	2.45973	66.4358472754
17.2494750023	1	3270	12816	2.45247	74.2051569587
12.0886969566	1	3280	12856	2.44603	105.884034035
60.0132420063	1	3290	12905	2.43955	21.3286261033
12.7924470901	1	3300	12945	2.43559	100.059041947
65.1433160305	1	3310	12975	2.4344	19.6489843931
20.7300169468	1	3320	13007	2.42844	61.7462109792
11.5444550514	1	3330	13044	2.42547	110.875740284
7.7966170311	1	3340	13079	2.42561	164.173768558
9.70911383629	1	3350	13116	2.41783	131.834894676
9.49948406219	1	3360	13147	2.41714	134.744159959
14.2524929047	1	3370	13197	2.41246	89.8088501824
13.8012161255	1	3380	13242	2.40718	92.7454499923
79.7055749893	1	3390	13288	2.40354	16.0591025179
14.2646780014	1	3400	13337	2.40037	89.732134148
72.451292038	1	3410	13374	2.39625	17.6670417324
9.70250487328	1	3420	13412	2.39386	131.924695398
11.0612471104	1	3430	13446	2.38968	115.719320546
12.6392090321	1	3440	13496	2.38727	101.27216005
50.3705708981	1	3450	13532	2.38709	25.4116635404
39.5164041519	1	3460	13568	2.38126	32.3916112174
32.437680006	1	3470	13607	2.38199	39.4602819857
42.601667881	1	3480	13659	2.37679	30.0457720006
133.724524021	1	3490	13694	2.37546	9.57191666502
12.373085022	1	3500	13751	2.88035	103.450351931
96.3079278469	1	3510	13787	65157.8	13.2907023193
46.1284761429	1	3520	13833	68234.4	27.7485862753
8.18962407112	1	3530	13861	66775.2	156.295330394
8.00590085983	1	3540	13888	65242.7	159.88206979
54.6317529678	1	3550	13933	63034.1	23.4295978156
8.04441809654	1	3560	13960	61636.6	159.116543253
64.1037049294	1	3570	14001	59646.2	19.9676446379
55.586977005	1	3580	14043	57720.2	23.0269762625
15.9221980572	1	3590	14101	55057.0	80.3909105642
38.1636269093	1	3600	14139	53450.1	33.5397891569
50.9181210995	1	3610	14171	51985.8	25.1383981255
12.614554882	1	3620	14205	50617.9	101.470088479
8.13220000267	1	3630	14235	49456.3	157.398981774
19.7591781616	1	3640	14286	47484.8	64.7800222018
48.7452728748	1	3650	14328	45907.5	26.2589565
8.00067615509	1	3660	14363	44674.7	159.986478041
8.06600379944	1	3670	14400	43336.1	158.690726142
8.54908204079	1	3680	14433	42206.1	149.72367722
43.373980999	1	3690	14468	41039.9	29.5107797467
44.1938941479	1	3700	14503	39905.7	28.9632770472
9.6369600296	1	3710	14542	38679.0	132.821968346
27.972826004	1	3720	14574	37654.6	45.7586945207
8.77859783173	1	3730	14607	36745.4	145.809162754
85.4828951359	1	3740	14643	35676.1	14.9737558369
78.9950888157	1	3750	14701	34011.9	16.2035389692
103.835659981	1	3760	14734	33194.1	12.3271716117
25.8900430202	1	3770	14770	32230.6	49.4398560481
7.85894298553	1	3780	14795	31586.8	162.871775804
79.8163502216	1	3790	14828	30738.5	16.0368144678
26.6583588123	1	3800	14866	29865.3	48.0149587981
13.1481890678	1	3810	14908	28829.1	97.3518096976
29.1153159142	1	3820	14956	27744.7	43.9631156253
34.1502711773	1	3830	14991	26956.4	37.4814007583
52.5382268429	1	3840	15043	25862.6	24.3632127865
10.3992381096	1	3850	15090	24922.3	123.085940192
67.5886929035	1	3860	15126	24222.0	18.9380789155
76.2297620773	1	3870	15169	23432.4	16.7913419263
12.7246179581	1	3880	15211	22639.5	100.592411043
12.8833320141	1	3890	15252	21925.7	99.3531796433
25.1887459755	1	3900	15283	21388.2	50.8163447774
29.436207056	1	3910	15318	20763.9	43.4838631745
7.7051680088	1	3920	15351	20238.8	166.122269954
106.831170082	1	3930	15399	19476.7	11.9815218631
126.505066872	1	3940	15440	18846.9	10.1181717986
7.96435308456	1	3950	15470	18399.6	160.716129284
13.7355098724	1	3960	15510	17805.5	93.1891143385
8.21148896217	1	3970	15539	17410.8	155.879159784
14.325345993	1	3980	15573	16956.8	89.3521176118
31.6472082138	1	3990	15601	16567.7	40.4459057289
88.6393918991	1	4000	15640	16058.4	14.44053228
32.9506421089	1	4010	15699	15306.1	38.8459804749
149.098101854	1	4020	15736	14872.1	8.58495168001
63.4990210533	1	4030	15776	14402.6	20.1577910772
8.36238193512	1	4040	15811	13981.6	153.066436086
10.2444040775	1	4050	15840	13661.8	124.9462624
26.6576519012	1	4060	15878	13274.7	48.0162320651
9.18095803261	1	4070	15909	12936.8	139.419001313
72.1654441357	1	4080	15946	12570.1	17.7370210262
11.0473589897	1	4090	15979	12241.3	115.864796391
90.8303740025	1	4100	16022	11819.8	14.0922022402
11.3499310017	1	4110	16050	11555.9	112.776015979
125.284528971	1	4120	16088	11211.1	10.216744322
30.6055059433	1	4130	16126	10875.6	41.8225401133
59.6892249584	1	4140	16174	10472.9	21.4444064384
73.9955439568	1	4150	16203	10232.0	17.2983389479
129.964761972	1	4160	16238	9933.55	9.84882348549
37.9547080994	1	4170	16282	9589.67	33.7244063806
7.87334108353	1	4180	16307	9399.56	162.573929723
81.2995679379	1	4190	16342	9147.31	15.744241113
12.8141829967	1	4200	16382	8851.84	99.8893179787
13.0889770985	1	4210	16430	8525.03	97.7922102217
13.136756897	1	4220	16471	8249.8	97.4365294295
9.54843688011	1	4230	16510	7996.25	134.053355127
7.67379307747	1	4240	16537	7825.26	166.801474457
8.6479139328	1	4250	16567	7639.55	148.012573893
91.7908990383	1	4260	16612	7369.17	13.9447375874
13.20454216	1	4270	16654	7119.84	96.9363408808
100.174732924	1	4280	16692	6917.6	12.7776731981
8.1003279686	1	4290	16721	6750.65	158.018293205
110.098931074	1	4300	16756	6567.01	11.6259076043
8.09776496887	1	4310	16796	6360.06	158.068307109
7.95331192017	1	4320	16831	6189.4	160.939243028
63.5796401501	1	4330	16870	5994.4	20.1322309623
80.7100548744	1	4340	16923	5749.95	15.859238381
7.97758197784	1	4350	16952	5617.9	160.449620393
10.5475389957	1	4360	16992	5440.94	121.35532284
14.2394199371	1	4370	17042	5223.41	89.8913021493
30.3275852203	1	4380	17080	5067.11	42.2058001222
27.5010519028	1	4390	17118	4915.31	46.5436742029
13.7580330372	1	4400	17156	4771.8	93.0365551922
41.1100459099	1	4410	17198	4602.72	31.1359418767
105.637612104	1	4420	17275	4338.31	12.1168963828
9.70350384712	1	4430	17306	4225.23	131.911113776
15.2855491638	1	4440	17343	4105.85	83.7392223388
7.73054790497	1	4450	17376	3995.01	165.576879638
28.8816130161	1	4460	17414	3878.37	44.3188543273
7.67496800423	1	4470	17446	3775.74	166.77593956
8.24742007256	1	4480	17479	3681.86	155.200049075
56.8393089771	1	4490	17514	3580.4	22.5196263472
100.823364019	1	4500	17553	3467.24	12.6954700674
88.0107648373	1	4510	17590	3369.36	14.5436754511
23.8804731369	1	4520	17631	3262.73	53.6002780457
13.3996369839	1	4530	17666	3167.66	95.5249759035
177.719116926	1	4540	17709	3060.91	7.20237654867
83.8270709515	1	4550	17751	2962.15	15.2695303017
31.2856800556	1	4560	17787	2880.01	40.9132867729
35.3653991222	1	4570	17826	2789.29	36.1935686227
53.5658659935	1	4580	17864	2705.69	23.8958145502
9.69944691658	1	4590	17904	2620.54	131.96628746
11.4939770699	1	4600	17947	2531.81	111.362672139
27.3168778419	1	4610	17981	2463.87	46.8574779082
9.75727200508	1	4620	18009	2409.34	131.184207977
90.6844170094	1	4630	18046	2335.65	14.1148837056
21.6483399868	1	4640	18085	2267.62	59.1269354038
16.1869151592	1	4650	18124	2197.59	79.0762160306
113.308899879	1	4660	18163	2126.73	11.296553063
28.402351141	1	4670	18207	2058.05	45.0666916146
56.675894022	1	4680	18242	1999.58	22.5845577223
31.0010359287	1	4690	18294	1918.33	41.2889428257
17.9822649956	1	4700	18354	1827.09	71.1812444269
53.9158909321	1	4710	18421	1730.24	23.7406816037
32.8776090145	1	4720	18462	1677.05	38.9322714871
81.9935200214	1	4730	18516	1606.24	15.6109897424
184.990824938	1	4740	18559	1551.88	6.91926207924
44.7262740135	1	4750	18600	1500.53	28.6185252009
8.28241705894	1	4760	18637	1458.05	154.544258142
13.1219100952	1	4770	18673	1415.56	97.5467741138
53.0846757889	1	4780	18712	1371.04	24.1124200342
15.4300131798	1	4790	18754	1326.81	82.9552110608
9.84851098061	1	4800	18795	1284.16	129.968885908
38.3876919746	1	4810	18844	1235.76	33.3440208087
75.3743848801	1	4820	18893	1188.22	16.9818964631
54.1687121391	1	4830	18938	1146.21	23.6298769059
15.1992888451	1	4840	18979	1108.93	84.2144664167
11.6247711182	1	4850	19045	1051.46	110.109694805
24.9406609535	1	4860	19087	1016.7	51.3218155038
10.5849831104	1	4870	19128	984.738	120.926031402
28.2384169102	1	4880	19158	961.343	45.3283200709
32.169711113	1	4890	19200	929.758	39.7889802462
29.2600238323	1	4900	19237	902.875	43.7456923253
17.5527789593	1	4910	19288	866.629	72.922925935
7.85906219482	1	4920	19319	844.644	162.869305302
8.3391919136	1	4930	19357	818.949	153.492090512
20.5670580864	1	4940	19389	800.151	62.2354443996
15.238492012	1	4950	19427	775.608	83.9978128407
10.2600488663	1	4960	19463	753.0	124.755741097
104.975561142	1	4970	19507	727.787	12.1933141969
69.781542778	1	4980	19542	707.24	18.3429593134
36.653055191	1	4990	19584	683.18	34.9220547463
9.25427389145	1	5000	19622	663.122	138.314471239
5.67269706726	1	5010	19651	649.664	225.642227114
30.0076050758	1	5020	19685	632.168	42.6558533
21.6644098759	1	5030	19723	613.776	59.0830771451
5.13828611374	1	5040	19750	600.692	249.110300919
39.0723278522	1	5050	19781	586.566	32.7597578737
6.76493096352	1	5060	19809	574.41	189.211095709
9.05157113075	1	5070	19846	557.409	141.411914187
15.8930130005	1	5080	19891	538.976	80.5385360196
22.8841328621	1	5090	19921	525.8	55.9339524776
12.1279170513	1	5100	19960	510.896	105.541618943
34.619145155	1	5110	19990	499.042	36.9737610294
Training elapsed time: 21298.17942 s
