Duration	Worker	LocalStep	GlobalStep	Loss	ExamplesPerSec
26.5590882301	0	10	11	4.61504	48.1944255356
12.904116869	0	20	32	4.42076	99.1931499844
26.4482691288	0	30	55	4.27583	48.3963617342
14.7655909061	0	40	81	4.32018	86.6880308507
9.15587997437	0	50	99	4.10572	139.800871526
12.2198219299	0	60	118	4.45325	104.7478439
11.7535910606	0	70	137	4.18054	108.902887075
10.8388500214	0	80	153	4.02286	118.093708971
13.6779139042	0	90	177	3.99649	93.5815219313
24.1454930305	0	100	197	3.9342	53.0119636978
10.1431469917	0	110	220	3.7936	126.193576909
9.26960015297	0	120	240	4.18564	138.085783516
12.5877230167	0	130	253	3.77447	101.686381111
12.179158926	0	140	270	3.69698	105.097569362
8.43575906754	0	150	287	3.59003	151.735011604
12.7616639137	0	160	307	3.81882	100.300400375
13.6863799095	0	170	327	3.89376	93.5236350637
13.9569070339	0	180	350	3.78789	91.7108637959
9.55540299416	0	190	367	3.4652	133.955627071
11.7023911476	0	200	391	3.5276	109.379355369
19.1061639786	0	210	407	3.36605	66.9940863815
8.52112197876	0	220	424	3.45086	150.214960329
9.48474693298	0	230	435	3.36586	134.95352159
7.82114601135	0	240	449	3.46084	163.658880443
14.2173309326	0	250	471	3.36363	90.0309633409
10.1659891605	0	260	489	3.50228	125.910029982
17.310931921	0	270	509	3.31327	73.9417153184
8.34146094322	0	280	524	3.09147	153.450337862
9.64230298996	0	290	542	3.1478	132.748369485
13.47184515	0	300	564	3.26162	95.0129685836
24.2939949036	0	310	593	3.12571	52.6879175319
8.1921069622	0	320	616	3.00118	156.247959885
15.7695090771	0	330	640	3.7241	81.1692991674
20.19769907	0	340	660	3.10417	63.3735553523
20.3298099041	0	350	680	2.94562	62.9617298951
10.1523299217	0	360	703	2.89673	126.079432984
14.5265100002	0	370	730	2.89814	88.1147639715
18.6195511818	0	380	751	2.89872	68.7449438229
22.6494767666	0	390	777	3.04872	56.5134467869
11.9973311424	0	400	803	3.25829	106.690395122
8.27831101418	0	410	822	2.74785	154.620912141
15.8233940601	0	420	846	2.81544	80.8928852518
11.1722958088	0	430	860	2.67028	114.569111122
8.26325297356	0	440	872	2.56515	154.902676234
8.74800801277	0	450	889	2.40302	146.319024643
27.057986021	0	460	909	2.66642	47.305812007
8.01866316795	0	470	928	2.55176	159.627605399
10.711853981	0	480	948	2.51901	119.493787188
10.3831019402	0	490	965	2.61722	123.277225571
9.49597191811	0	500	987	2.65866	134.793995922
8.89240908623	0	510	1007	2.58835	143.942995378
8.69725489616	0	520	1022	2.39314	147.172874117
18.7852220535	0	530	1043	2.77022	68.1386675309
8.73638606071	0	540	1062	2.5829	146.513671798
7.64690494537	0	550	1077	2.52745	167.387983654
8.04047513008	0	560	1093	2.30809	159.194572372
14.3605968952	0	570	1110	2.3243	89.1327853111
7.82231593132	0	580	1125	2.40724	163.63440332
8.87846517563	0	590	1140	2.50382	144.169062409
13.1048748493	0	600	1162	2.40971	97.6735767962
18.5896110535	0	610	1181	2.61226	68.8556633228
15.8185229301	0	620	1202	2.32422	80.9177952741
8.60540509224	0	630	1217	2.21334	148.743724006
8.54702401161	0	640	1239	2.47601	149.759729031
11.5994739532	0	650	1258	2.25985	110.349831825
14.8063919544	0	660	1280	2.33706	86.4491500657
8.23559713364	0	670	1294	2.51219	155.422852676
9.86586499214	0	680	1315	2.14143	129.74027123
10.8707318306	0	690	1331	2.04015	117.747362362
16.2779622078	0	700	1350	2.17427	78.6339213509
8.67358899117	0	710	1368	2.17597	147.5744356
7.83577299118	0	720	1384	2.49629	163.353379614
10.834004879	0	730	1400	2.24838	118.146522389
10.0297210217	0	740	1417	2.17072	127.620698246
23.5315029621	0	750	1438	2.02224	54.3951655813
13.0595941544	0	760	1474	2.05656	98.0122341377
13.6005339622	0	770	1497	2.11677	94.1139519634
14.0148968697	0	780	1525	2.33396	91.3313891571
12.7634320259	0	790	1541	1.98327	100.286505808
16.0623810291	0	800	1574	2.34689	79.6893061918
13.9983799458	0	810	1598	2.08809	91.4391525991
8.30408406258	0	820	1612	2.07265	154.141021497
12.6872959137	0	830	1631	2.0415	100.888322359
24.8719921112	0	840	1663	1.83663	51.4635094076
9.77352309227	0	850	1683	1.88299	130.966079265
16.1362819672	0	860	1705	2.02712	79.3243451375
7.92162585258	0	870	1721	1.91896	161.582991146
12.0745110512	0	880	1742	1.98413	106.00843335
13.0112760067	0	890	1762	1.7523	98.3762084012
11.2045960426	0	900	1776	1.98845	114.238835129
8.45614600182	0	910	1795	2.23029	151.369193451
13.1414139271	0	920	1815	1.93907	97.4020000513
25.1714260578	0	930	1851	1.8342	50.8513104128
12.9591939449	0	940	1871	1.98161	98.7715752569
21.2094769478	0	950	1889	1.70694	60.3503803112
7.43327116966	0	960	1905	1.87296	172.198749485
9.01663279533	0	970	1926	1.77283	141.959867841
32.0208740234	0	980	1944	1.77161	39.9739244801
13.3816380501	0	990	1963	1.83693	95.6534614977
13.942718029	0	1000	1985	1.92383	91.8041946581
7.93243098259	0	1010	2003	1.75174	161.362891503
9.1533639431	0	1020	2016	1.71349	139.839299296
13.7895600796	0	1030	2037	2.10502	92.8238459105
12.1482460499	0	1040	2056	1.48573	105.365004524
9.23713088036	0	1050	2074	1.71777	138.57116637
19.6275911331	0	1060	2096	2.06422	65.2143195423
10.6083009243	0	1070	2109	2.11652	120.660227225
19.4978029728	0	1080	2122	1.52258	65.6484221215
20.5634040833	0	1090	2141	1.58041	62.2465032938
11.6763288975	0	1100	2160	1.65602	109.623496498
11.1885240078	0	1110	2182	1.36814	114.402936358
13.2415790558	0	1120	2201	1.51956	96.6652084776
13.4881310463	0	1130	2226	1.47198	94.8982476228
11.8066430092	0	1140	2240	1.54675	108.413543037
8.00008797646	0	1150	2260	1.4847	159.99824049
8.82986688614	0	1160	2279	1.63897	144.962547738
12.1867311001	0	1170	2294	1.63887	105.03226743
10.3959078789	0	1180	2309	1.53269	123.125369608
12.8271591663	0	1190	2329	1.57157	99.7882682675
17.0659558773	0	1200	2355	1.38448	75.0031237162
12.4389541149	0	1210	2377	1.58261	102.902542141
15.1547589302	0	1220	2398	1.64402	84.4619175993
19.427175045	0	1230	2426	1.34184	65.887088423
13.2417368889	0	1240	2451	1.47427	96.6640562897
12.4574739933	0	1250	2473	1.56444	102.749562286
7.44870209694	0	1260	2491	1.54649	171.842018024
19.6757121086	0	1270	2511	1.47523	65.0548245946
13.3706347942	0	1280	2528	1.53622	95.7321787408
12.267234087	0	1290	2548	1.3621	104.342999483
12.2960059643	0	1300	2565	1.49866	104.098843455
24.9572429657	0	1310	2594	1.64836	51.287716426
19.7141110897	0	1320	2619	1.34269	64.9281113501
15.7595598698	0	1330	2639	1.54731	81.2205423614
9.81899213791	0	1340	2659	1.38741	130.359611457
15.5127789974	0	1350	2688	1.3476	82.5126175144
20.6737930775	0	1360	2707	1.3614	61.9141342473
13.6474177837	0	1370	2724	1.43045	93.790636462
7.50052118301	0	1380	2735	1.40106	170.654807682
11.3620169163	0	1390	2752	1.29335	112.656054768
16.0762600899	0	1400	2776	1.3123	79.6205083051
8.15243887901	0	1410	2792	1.54407	157.008230175
13.7984530926	0	1420	2817	1.44254	92.7640215474
13.9861319065	0	1430	2841	1.61102	91.5192283725
11.5720889568	0	1440	2866	1.2925	110.610971344
18.2440421581	0	1450	2891	1.44613	70.159890495
20.9619588852	0	1460	2911	1.21971	61.0629954486
13.6714539528	0	1470	2930	1.64778	93.625740497
7.87277698517	0	1480	2950	1.40807	162.585578432
9.36534905434	0	1490	2966	1.35831	136.674030255
12.3483760357	0	1500	2986	1.3293	103.657355129
20.6931300163	0	1510	3007	1.2716	61.856277856
11.4981100559	0	1520	3030	1.50996	111.322642919
23.8731658459	0	1530	3059	1.45219	53.6166844508
8.76543211937	0	1540	3077	1.29125	146.028168671
8.09765410423	0	1550	3095	1.52166	158.070471216
17.1407978535	0	1560	3110	1.43666	74.6756370936
13.2483019829	0	1570	3130	1.50026	96.6161551612
21.2355589867	0	1580	3151	1.21412	60.2762564811
9.73947906494	0	1590	3173	1.22975	131.423866869
8.18447089195	0	1600	3191	1.32004	156.393738447
9.79808807373	0	1610	3210	1.47512	130.637731603
23.7171001434	0	1620	3239	1.37448	53.9694984741
30.3416137695	0	1630	3266	1.18103	42.1862861258
10.5044300556	0	1640	3283	1.33315	121.85335075
9.73570895195	0	1650	3296	1.18377	131.474760217
7.71959710121	0	1660	3313	1.16695	165.811762352
10.6531400681	0	1670	3333	1.21397	120.152367454
7.55025982857	0	1680	3348	1.2484	169.530589551
12.6131691933	0	1690	3372	1.30058	101.481236031
8.22354793549	0	1700	3386	1.2426	155.650579293
8.04905700684	0	1710	3400	1.39669	159.024839669
9.44667887688	0	1720	3421	1.31564	135.497354857
7.86920499802	0	1730	3440	1.31812	162.659379229
7.74435710907	0	1740	3453	1.27895	165.281634353
7.81458997726	0	1750	3469	1.1169	163.796181722
10.3295109272	0	1760	3491	1.27985	123.916805841
14.3082339764	0	1770	3511	1.25783	89.458978803
10.7406320572	0	1780	3530	1.15974	119.173619689
22.0039761066	0	1790	3550	1.07844	58.1713047586
8.4493689537	0	1800	3571	1.51394	151.490603264
7.8832449913	0	1810	3591	1.19839	162.369684237
8.69187903404	0	1820	3610	1.25156	147.263899438
13.9281859398	0	1830	3628	1.33722	91.8999793321
15.3935461044	0	1840	3644	1.31792	83.1517306874
17.0738480091	0	1850	3662	1.13946	74.9684546399
7.80855202675	0	1860	3680	1.08628	163.922836861
22.6112577915	0	1870	3700	1.29296	56.6089693816
10.7478001118	0	1880	3718	1.32074	119.094138958
16.2474989891	0	1890	3739	1.36423	78.7813558787
7.68171405792	0	1900	3752	1.18156	166.629477529
28.7812738419	0	1910	3781	1.32659	44.473361639
10.3545360565	0	1920	3800	1.09419	123.617320275
12.0378229618	0	1930	3820	0.959865	106.331518918
11.6380569935	0	1940	3840	1.02404	109.983994813
20.4996190071	0	1950	3854	1.29307	62.4401848423
7.64787912369	0	1960	3870	1.18853	167.366661959
7.76691484451	0	1970	3886	1.15564	164.801600845
16.0727770329	0	1980	3903	1.12905	79.6377624964
16.6475920677	0	1990	3929	1.1373	76.8879964618
9.66635894775	0	2000	3949	1.07505	132.418008365
10.8550269604	0	2010	3970	1.03737	117.917717263
9.90769410133	0	2020	3988	1.30746	129.192523195
8.90600991249	0	2030	4001	1.17477	143.723172619
9.53192305565	0	2040	4020	1.14811	134.285599299
7.92954206467	0	2050	4040	1.15292	161.421679784
8.4390399456	0	2060	4054	1.14174	151.676020999
10.2477390766	0	2070	4074	1.22472	124.905600194
13.9609558582	0	2080	4094	1.02376	91.684266679
15.2365450859	0	2090	4113	1.34177	84.0085460833
7.84690904617	0	2100	4138	0.954446	163.121554292
13.1675848961	0	2110	4158	1.20286	97.2084106616
13.7321841717	0	2120	4178	1.09622	93.2116831523
8.7405269146	0	2130	4194	1.13202	146.444260456
12.5468680859	0	2140	4211	1.76196	102.017490838
15.5863559246	0	2150	4239	1.02811	82.1231085824
9.29920506477	0	2160	4256	1.10307	137.646174171
22.1303629875	0	2170	4284	1.38627	57.8390874439
7.76597189903	0	2180	4303	1.49152	164.82161108
7.73051810265	0	2190	4322	1.0725	165.577517962
10.1349229813	0	2200	4343	1.10636	126.295977026
15.6391768456	0	2210	4367	1.27617	81.8457398776
15.489590168	0	2220	4390	1.13411	82.6361437661
24.1403419971	0	2230	4415	1.17577	53.0232753186
13.039388895	0	2240	4434	1.01272	98.1641095533
25.2346460819	0	2250	4463	0.997917	50.7239132994
8.49920988083	0	2260	4480	1.12458	150.602234554
13.0392019749	0	2270	4500	1.18167	98.1655167599
14.9111251831	0	2280	4520	1.08291	85.8419458144
10.4355487823	0	2290	4541	1.26347	122.657660531
9.62364912033	0	2300	4561	1.0622	133.005680485
14.5986850262	0	2310	4583	1.17204	87.6791298467
12.9995629787	0	2320	4602	1.05138	98.4648485563
7.44442510605	0	2330	4618	1.15146	171.940745157
7.5936498642	0	2340	4634	1.23895	168.561893541
7.82153391838	0	2350	4647	1.13988	163.650763822
7.65651798248	0	2360	4663	1.0096	167.177821946
11.9100120068	0	2370	4683	1.02074	107.472603661
8.19970417023	0	2380	4699	1.04301	156.10319268
14.1939070225	0	2390	4719	1.02825	90.179539571
12.7901649475	0	2400	4742	0.97988	100.076895431
12.6412909031	0	2410	4762	1.0412	101.255481724
10.3355360031	0	2420	4784	0.977483	123.844568837
10.9214651585	0	2430	4805	1.2205	117.200392203
18.8864898682	0	2440	4830	1.07452	67.7733135662
32.0385830402	0	2450	4846	0.748727	39.9518292801
15.5161030293	0	2460	4870	1.16069	82.4949407456
9.62625193596	0	2470	4888	0.897175	132.969717447
11.0623631477	0	2480	4901	1.13472	115.707646088
12.3916299343	0	2490	4924	1.13053	103.295531483
7.79188084602	0	2500	4943	0.986772	164.273559272
14.1492512226	0	2510	4970	1.208	90.4641510608
9.61811995506	0	2520	4992	1.19612	133.082141414
15.4268529415	0	2530	5014	0.887754	82.9722046909
8.60106992722	0	2540	5032	0.980874	148.818694747
22.7247920036	0	2550	5052	1.00747	56.3261481027
7.5655169487	0	2560	5066	1.00346	169.18870299
12.7006900311	0	2570	5086	1.13458	100.781925775
11.7900290489	0	2580	5102	0.993652	108.566314357
7.75959396362	0	2590	5114	1.00975	164.957084868
10.2236180305	0	2600	5130	0.993694	125.200295646
11.2160670757	0	2610	5147	1.00345	114.121999392
9.99081897736	0	2620	5167	1.02333	128.117625082
12.1727399826	0	2630	5190	1.23519	105.152989535
7.79115700722	0	2640	5208	0.800931	164.288821136
7.74995803833	0	2650	5227	1.07067	165.162184578
26.9735589027	0	2660	5254	1.14589	47.4538789863
9.37269997597	0	2670	5272	1.00554	136.566838081
9.05290412903	0	2680	5287	0.981343	141.391091937
9.62319588661	0	2690	5301	1.10645	133.011944793
8.69544196129	0	2700	5321	1.11747	147.203558565
8.0620200634	0	2710	5335	1.01653	158.769140976
8.73473095894	0	2720	5352	0.944392	146.541433963
7.77946710587	0	2730	5366	1.04712	164.53569153
10.7508380413	0	2740	5377	1.068	119.060485804
7.84411096573	0	2750	5394	1.05737	163.17974154
7.72435188293	0	2760	5406	1.05821	165.7096957
9.35667896271	0	2770	5423	1.00209	136.800675229
14.2264890671	0	2780	5441	1.04621	89.9730069706
9.98507714272	0	2790	5460	0.933425	128.191298045
7.81290483475	0	2800	5480	0.952202	163.83151044
8.12445211411	0	2810	5500	1.07221	157.549085406
10.7217099667	0	2820	5519	0.97453	119.383941925
8.12560606003	0	2830	5539	1.07416	157.526711305
20.9060139656	0	2840	5559	0.874638	61.2264012693
21.6072759628	0	2850	5578	1.02594	59.2393044918
11.5533370972	0	2860	5598	1.09796	110.790500548
23.6979498863	0	2870	5629	0.934278	54.0131110978
7.4235830307	0	2880	5645	1.05918	172.423477276
8.07207393646	0	2890	5664	0.95514	158.571391947
18.5288760662	0	2900	5687	0.918035	69.0813622708
9.24011206627	0	2910	5709	1.19031	138.526458426
16.3279988766	0	2920	5734	1.13344	78.3929500287
12.4776909351	0	2930	5761	0.841671	102.583082612
7.42381000519	0	2940	5779	0.950964	172.418205626
13.7287681103	0	2950	5799	0.960411	93.234876554
8.51561498642	0	2960	5815	1.30605	150.312103359
8.7910630703	0	2970	5831	1.00129	145.60241347
13.7253568172	0	2980	5850	1.21086	93.2580491016
10.5326120853	0	2990	5867	1.06728	121.52730867
13.5016350746	0	3000	5891	1.13303	94.8033325539
12.0269150734	0	3010	5905	0.933409	106.427956977
9.92914795876	0	3020	5924	0.919351	128.913377595
19.071310997	0	3030	5940	1.03463	67.116518639
14.756775856	0	3040	5960	1.04915	86.739814475
7.42536616325	0	3050	5978	0.86765	172.382071383
7.9751868248	0	3060	5993	0.947279	160.497807527
12.6653091908	0	3070	6011	1.05176	101.063462464
9.1041829586	0	3080	6030	0.946643	140.59471408
7.20825600624	0	3090	6046	0.86228	177.574159255
20.4575769901	0	3100	6073	1.03041	62.5685045994
7.34630990028	0	3110	6089	1.17925	174.237136382
13.194122076	0	3120	6110	0.986526	97.0128965477
7.46032786369	0	3130	6127	0.993396	171.574228826
8.36664199829	0	3140	6141	0.925634	152.988498882
7.75209403038	0	3150	6160	0.92481	165.116676215
7.35796809196	0	3160	6177	1.10778	173.961069687
10.0880949497	0	3170	6194	0.850627	126.882231618
12.0949659348	0	3180	6217	0.908013	105.829152964
14.0513541698	0	3190	6236	0.938142	91.0944229665
31.1760008335	0	3200	6270	1.22811	41.0572224076
9.16324400902	0	3210	6292	1.24456	139.688520653
7.97850799561	0	3220	6308	0.792184	160.430997964
17.3512949944	0	3230	6327	1.29786	73.7697100082
12.6006560326	0	3240	6352	0.826951	101.58201261
12.0767531395	0	3250	6375	1.0326	105.988752541
13.5545499325	0	3260	6391	1.11048	94.4332350669
22.6788170338	0	3270	6424	1.05928	56.4403336424
8.90782785416	0	3280	6441	0.961978	143.693841075
7.82957005501	0	3290	6461	1.21446	163.48279548
12.508934021	0	3300	6477	1.02943	102.326864771
14.8904709816	0	3310	6499	0.789518	85.9610150399
7.85815000534	0	3320	6520	1.07806	162.888211491
12.3795030117	0	3330	6536	0.843957	103.396719464
16.8715820312	0	3340	6556	0.880623	75.867218476
19.8686139584	0	3350	6583	0.975276	64.4232155641
18.0755610466	0	3360	6615	1.00589	70.8138462037
7.34070110321	0	3370	6635	0.744642	174.370265456
26.4487819672	0	3380	6664	0.989859	48.3954233352
10.0430397987	0	3390	6686	0.929611	127.451451518
19.3839240074	0	3400	6710	1.05927	66.0341012228
11.4578502178	0	3410	6733	1.1805	111.713801077
15.0182249546	0	3420	6759	0.889301	85.2297794093
7.11923098564	0	3430	6778	1.15275	179.794700099
12.4475979805	0	3440	6804	1.20056	102.83108452
10.6849160194	0	3450	6823	0.989696	119.795045433
8.1813378334	0	3460	6842	0.806457	156.45362972
19.580065012	0	3470	6862	0.83725	65.3726123594
15.1599040031	0	3480	6897	1.10899	84.4332523303
22.5100820065	0	3490	6915	0.865611	56.8634090108
10.8630030155	0	3500	6933	0.838995	117.831137317
9.11627101898	0	3510	6952	1.01495	140.408287263
18.3535220623	0	3520	6969	1.04207	69.7413823709
7.28115510941	0	3530	6988	0.93244	175.796282426
11.372248888	0	3540	7012	0.905047	112.554694556
7.41879892349	0	3550	7025	1.03624	172.534666757
25.4041571617	0	3560	7042	0.915623	50.3854543118
9.59429192543	0	3570	7064	0.96925	133.412659313
8.28180909157	0	3580	7078	1.00315	154.555603232
12.3882758617	0	3590	7096	1.10855	103.323498305
9.06164693832	0	3600	7114	0.91996	141.254675746
19.604142189	0	3610	7132	1.01713	65.292323819
7.52076101303	0	3620	7151	1.02034	170.195542417
10.5343899727	0	3630	7170	1.00678	121.506798525
11.985298872	0	3640	7190	0.953076	106.797503648
26.3858880997	0	3650	7212	1.07657	48.5107795184
10.7430920601	0	3660	7234	0.916825	119.146330762
9.40379595757	0	3670	7255	0.870295	136.11524599
9.73259782791	0	3680	7276	1.02323	131.516787463
8.31097221375	0	3690	7290	0.887677	154.013269095
17.4202988148	0	3700	7310	0.96384	73.4774996462
7.593116045	0	3710	7332	0.982969	168.573743956
10.5875070095	0	3720	7351	0.844317	120.897204493
7.72536802292	0	3730	7366	1.04404	165.687899425
13.763974905	0	3740	7386	0.969658	92.9963915826
7.79188299179	0	3750	7401	0.955358	164.273514034
7.75230503082	0	3760	7421	1.06922	165.112182107
7.5839240551	0	3770	7438	0.928374	168.778061423
7.37651991844	0	3780	7455	0.791955	173.523560453
29.8679831028	0	3790	7477	1.08235	42.8552539217
15.034569025	0	3800	7509	0.882512	85.1371261702
11.3542790413	0	3810	7528	1.29853	112.732829213
13.8338088989	0	3820	7546	0.965199	92.526939569
10.9044520855	0	3830	7569	0.794888	117.383247683
13.3916759491	0	3840	7588	1.10958	95.5817632435
14.2280960083	0	3850	7613	1.20642	89.9628452924
9.08516287804	0	3860	7629	0.86458	140.889053634
13.1492362022	0	3870	7648	0.994477	97.3440571234
7.98694586754	0	3880	7665	0.955896	160.261509371
13.9000570774	0	3890	7679	0.990769	92.0859528038
7.66099786758	0	3900	7697	0.902808	167.08006217
21.4565091133	0	3910	7719	0.959555	59.6555568867
10.2006459236	0	3920	7742	0.955066	125.482249809
9.87697815895	0	3930	7761	0.89067	129.59429285
9.62047290802	0	3940	7778	0.817253	133.049592493
14.0936501026	0	3950	7799	0.723422	90.8210428583
13.1853928566	0	3960	7822	1.01709	97.0771226858
9.21500897408	0	3970	7842	0.967149	138.903825661
14.4722671509	0	3980	7868	0.919631	88.4450229294
7.60605287552	0	3990	7884	0.945164	168.287023631
7.67375302315	0	4000	7904	0.829723	166.802345103
20.7870399952	0	4010	7922	0.930314	61.5768286536
28.3305170536	0	4020	7947	0.99649	45.1809614903
19.4768850803	0	4030	7968	0.999367	65.718927576
8.24825692177	0	4040	7988	0.941441	155.184302834
11.3116788864	0	4050	8009	1.06156	113.157384757
16.7722289562	0	4060	8039	0.974963	76.3166305052
8.60523605347	0	4070	8057	1.19601	148.746645885
15.0148999691	0	4080	8080	0.864668	85.2486531801
8.90035700798	0	4090	8099	1.10705	143.814455853
15.4502680302	0	4100	8122	0.937128	82.8464592006
10.8101539612	0	4110	8140	1.22818	118.407194254
13.4676830769	0	4120	8158	0.921105	95.0423315351
19.3338880539	0	4130	8187	1.05434	66.2049969686
12.9722249508	0	4140	8212	1.00125	98.672356119
7.38554811478	0	4150	8231	0.998278	173.311442849
9.90623688698	0	4160	8248	0.779449	129.211527506
15.0046870708	0	4170	8262	0.750075	85.3066774373
7.6625828743	0	4180	8280	1.0343	167.045501628
7.49941015244	0	4190	8297	0.865018	170.680090031
9.10030198097	0	4200	8314	0.960952	140.654673073
12.9520628452	0	4210	8334	1.14375	98.8259565519
8.47541117668	0	4220	8355	0.918393	151.025121179
7.35851883888	0	4230	8373	0.990024	173.948049604
8.72664809227	0	4240	8389	0.959808	146.677164756
14.2194509506	0	4250	8412	0.880124	90.0175403709
9.8172750473	0	4260	8434	0.897631	130.382412007
8.12157607079	0	4270	8448	0.85238	157.604877285
8.98634386063	0	4280	8467	1.07047	142.438350886
7.63866114616	0	4290	8484	0.935964	167.568632187
8.30082082748	0	4300	8502	0.805641	154.20161772
14.2388710976	0	4310	8520	0.887798	89.894767024
8.43829393387	0	4320	8540	1.03542	151.689430355
7.81991100311	0	4330	8559	1.03827	163.684727293
15.8442239761	0	4340	8579	1.21872	80.786537853
27.8839950562	0	4350	8600	0.979968	45.9044694787
11.8713860512	0	4360	8620	0.812755	107.822287514
10.1470398903	0	4370	8641	0.893897	126.145162909
14.9351210594	0	4380	8670	0.928112	85.7040257597
15.0102610588	0	4390	8698	0.816592	85.2749992146
12.5150539875	0	4400	8724	1.05734	102.276826075
7.8229598999	0	4410	8741	0.85698	163.620933301
17.7317900658	0	4420	8763	0.837339	72.1867332769
8.83697009087	0	4430	8780	0.928018	144.846026052
7.93503880501	0	4440	8797	0.983617	161.30986016
10.9648611546	0	4450	8812	0.803784	116.736544308
26.1694948673	0	4460	8840	0.891158	48.9119108523
24.8047311306	0	4470	8864	0.807015	51.6030588383
9.91696405411	0	4480	8879	1.03221	129.071759564
12.7556049824	0	4490	8897	1.03765	100.348043215
12.6634848118	0	4500	8917	0.896429	101.078022284
18.8446261883	0	4510	8939	1.00746	67.9238732152
21.207130909	0	4520	8973	0.917201	60.3570565719
16.794729948	0	4530	8996	0.723392	76.2143841526
25.714630127	0	4540	9020	1.07027	49.7771110718
7.85932397842	0	4550	9036	1.05958	162.863880343
7.67785692215	0	4560	9055	0.856801	166.713187414
12.916918993	0	4570	9080	0.972451	99.0948383817
14.9288351536	0	4580	9100	0.960314	85.7401121274
10.6402499676	0	4590	9119	0.830305	120.297925697
9.14157986641	0	4600	9140	0.846834	140.019561028
9.44099903107	0	4610	9160	0.98463	135.578872086
8.07506513596	0	4620	9174	1.08744	158.512653266
11.4136288166	0	4630	9199	1.05869	112.146629312
9.30696201324	0	4640	9217	1.04172	137.531452066
7.53814601898	0	4650	9237	0.853495	169.803025409
14.0275139809	0	4660	9263	0.98901	91.2492407241
10.3984611034	0	4670	9282	0.928631	123.095137566
7.86482596397	0	4680	9299	0.86944	162.749945881
20.3285388947	0	4690	9315	0.857615	62.9656664767
8.50284099579	0	4700	9334	0.910438	150.537920283
12.3464131355	0	4710	9354	0.92246	103.673835141
17.7932100296	0	4720	9378	0.867379	71.9375535876
10.6806559563	0	4730	9401	1.02349	119.842826624
9.5137989521	0	4740	9417	0.93789	134.541417834
9.57763910294	0	4750	9439	0.982215	133.644626431
7.87072992325	0	4760	9458	0.946404	162.627864567
8.95456695557	0	4770	9470	0.944929	142.94381921
15.7784631252	0	4780	9489	0.929693	81.1232367716
15.6026468277	0	4790	9511	0.998662	82.0373628997
8.37428116798	0	4800	9526	0.872209	152.848940025
29.8940339088	0	4810	9561	1.0104	42.8179082122
8.11276006699	0	4820	9573	0.746194	157.77614393
10.008646965	0	4830	9589	1.1128	127.889414471
13.5107340813	0	4840	9609	1.11918	94.7394858267
7.88220691681	0	4850	9629	0.768126	162.391068074
8.49945807457	0	4860	9648	0.952943	150.5978368
13.5709018707	0	4870	9668	0.816809	94.3194499668
8.16074204445	0	4880	9684	1.06808	156.848481796
8.64705109596	0	4890	9702	0.836655	148.027343171
11.7079119682	0	4900	9722	0.79046	109.327777957
8.05492997169	0	4910	9747	0.857211	158.90889238
18.6273128986	0	4920	9778	1.06958	68.7162988546
12.1471941471	0	4930	9794	0.969723	105.374128749
9.68082284927	0	4940	9813	1.11958	132.220165572
16.2432751656	0	4950	9838	0.907176	78.8018418055
7.92469787598	0	4960	9858	0.739885	161.520353209
10.3842298985	0	4970	9878	0.896395	123.263834922
9.93705415726	0	4980	9900	0.972485	128.810810502
11.1499018669	0	4990	9920	1.02845	114.799216646
13.9602241516	0	5000	9938	0.881567	91.6890721882
6.4118578434	0	5010	9953	0.818721	199.630127689
5.55791807175	0	5020	9968	0.815745	230.302063376
19.9314510822	0	5030	9991	0.79115	64.2201109553
17.3191459179	0	5040	10007	0.748534	73.9066467866
9.19203805923	0	5050	10026	0.968536	139.250946499
5.52910399437	0	5060	10039	1.05947	231.502247254
12.3250980377	0	5070	10061	0.912958	103.853129288
11.8432948589	0	5080	10084	0.893187	108.078031937
5.53384304047	0	5090	10099	0.781358	231.303994465
9.59615492821	0	5100	10118	1.01797	133.386758507
13.1023972034	0	5110	10139	0.9346	97.6920467396
13.8367578983	0	5120	10156	0.828072	92.507219495
7.18993997574	0	5130	10172	0.876739	178.026520989
10.2545280457	0	5140	10196	0.754251	124.822906944
9.80037593842	0	5150	10212	0.841632	130.607234666
19.2651660442	0	5160	10232	0.931456	66.4411610604
5.85449409485	0	5170	10251	0.939807	218.635458378
11.7564828396	0	5180	10272	0.816282	108.87609989
12.0156950951	0	5190	10303	0.985836	106.527336943
7.50835585594	0	5200	10319	0.878345	170.476736127
9.48740315437	0	5210	10334	0.830575	134.915738182
14.6185538769	0	5220	10358	1.0231	87.5599604982
9.82540917397	0	5230	10380	1.10568	130.274472781
6.90934300423	0	5240	10398	0.81286	185.25639836
15.3980100155	0	5250	10422	0.847143	83.1276248497
12.3714017868	0	5260	10442	0.866758	103.464427238
11.8983252048	0	5270	10462	0.859248	107.578165663
9.99630093575	0	5280	10476	0.95706	128.047365543
6.15379500389	0	5290	10488	0.796077	208.001728883
8.89823794365	0	5300	10512	0.898323	143.848704441
7.61778593063	0	5310	10529	0.738924	168.027824837
17.9069461823	0	5320	10556	0.800169	71.4806414769
15.0536019802	0	5330	10577	0.87564	85.0294834208
7.09355998039	0	5340	10594	0.987666	180.445362207
15.8363108635	0	5350	10612	1.00129	80.8269053969
15.2877931595	0	5360	10631	0.867524	83.7269308033
9.75788784027	0	5370	10649	1.12113	131.175928741
17.4608860016	0	5380	10669	1.03577	73.3067039029
13.1068720818	0	5390	10692	0.853197	97.6586932424
7.16056990623	0	5400	10710	0.861281	178.756721429
11.8284630775	0	5410	10738	0.987309	108.213551635
20.1259670258	0	5420	10759	0.829222	63.5994284579
9.25922703743	0	5430	10778	0.828453	138.240481071
5.72671985626	0	5440	10791	0.811688	223.513639942
5.68826603889	0	5450	10804	0.939307	225.024636901
5.66148209572	0	5460	10816	0.950702	226.089207448
18.7588009834	0	5470	10838	0.94326	68.2346382976
7.15356206894	0	5480	10856	0.88726	178.931836708
13.5900499821	0	5490	10876	0.811673	94.1865557293
6.74489593506	0	5500	10897	1.05269	189.773128055
5.48658299446	0	5510	10916	0.775026	233.296388899
29.4463050365	0	5520	10936	0.805257	43.4689513136
8.66048693657	0	5530	10956	0.915749	147.797694215
17.0290789604	0	5540	10976	0.902673	75.1655449467
19.9158210754	0	5550	11007	0.896435	64.2705111254
7.05576491356	0	5560	11029	0.931383	181.411939837
14.4526541233	0	5570	11045	0.912557	88.5650475739
6.80754590034	0	5580	11064	0.775669	188.026642602
12.7987451553	0	5590	11081	0.967046	100.009804435
11.4321680069	0	5600	11098	0.80054	111.964764621
13.2335009575	0	5610	11113	0.869062	96.7242156185
12.1190629005	0	5620	11126	0.854898	105.618727331
20.9990229607	0	5630	11150	0.929417	60.9552169355
6.74409604073	0	5640	11162	0.880469	189.795636401
15.7054960728	0	5650	11194	1.00311	81.5001318054
10.2736320496	0	5660	11212	0.964141	124.5907965
5.58594489098	0	5670	11226	0.777769	229.146549954
10.0255680084	0	5680	11247	0.903388	127.673564124
10.4470989704	0	5690	11267	1.02961	122.522051684
7.45441699028	0	5700	11287	0.840895	171.710276158
16.0748300552	0	5710	11312	0.904003	79.6275914334
7.15175700188	0	5720	11340	0.879389	178.976998193
10.5272490978	0	5730	11360	0.985725	121.589219378
10.0803618431	0	5740	11380	0.87494	126.979568782
8.28252410889	0	5750	11399	0.968868	154.542260689
6.20179700851	0	5760	11418	0.957102	206.391792289
13.9011678696	0	5770	11445	0.863786	92.0785945476
11.8215770721	0	5780	11470	0.956604	108.27658545
12.3778898716	0	5790	11503	0.959782	103.410194571
10.2272691727	0	5800	11518	0.777267	125.155599055
10.4425139427	0	5810	11532	0.811983	122.575847829
7.15824198723	0	5820	11554	0.902941	178.814854581
8.43223309517	0	5830	11571	0.701672	151.798460213
7.43832492828	0	5840	11589	0.907674	172.081753935
5.56783604622	0	5850	11604	0.812075	229.891826802
8.8081510067	0	5860	11615	0.969181	145.319942747
16.8300998211	0	5870	11643	0.84205	76.0542132018
14.7056410313	0	5880	11663	1.05702	87.0414283389
9.66336512566	0	5890	11685	0.84557	132.459032993
13.3509130478	0	5900	11714	0.829127	95.8735927212
11.051445961	0	5910	11728	0.881005	115.821948053
8.23010396957	0	5920	11740	0.804029	155.526589303
5.63970208168	0	5930	11759	1.00551	226.962343305
5.67737388611	0	5940	11778	0.921668	225.456351066
12.0512890816	0	5950	11800	0.784543	106.212703997
11.5282418728	0	5960	11820	0.811993	111.031674571
8.12982416153	0	5970	11842	0.855049	157.444979691
5.97660088539	0	5980	11855	0.904635	214.16855911
5.82884097099	0	5990	11867	0.813122	219.597687837
5.79869699478	0	6000	11879	1.12577	220.739245584
8.57521605492	0	6010	11896	0.744603	149.267376099
10.224476099	0	6020	11908	0.832203	125.189788465
15.3947517872	0	6030	11920	0.789606	83.1452184286
11.038282156	0	6040	11938	0.837032	115.960072583
5.88415193558	0	6050	11958	0.777165	217.533471945
10.367636919	0	6060	11980	1.02724	123.461113656
7.24653911591	0	6070	11998	0.875623	176.636043707
7.55414295197	0	6080	12017	0.869422	169.443444232
10.5201990604	0	6090	12044	0.70591	121.670701538
15.6044480801	0	6100	12064	0.992266	82.0278931643
8.71516799927	0	6110	12076	0.859742	146.87037589
17.7007498741	0	6120	12094	0.8156	72.3133205713
8.55546712875	0	6130	12111	0.922618	149.61193594
10.3809049129	0	6140	12130	1.01627	123.303316111
8.48771500587	0	6150	12155	1.01102	150.806194496
7.07380795479	0	6160	12172	0.947987	180.949215498
8.15217900276	0	6170	12189	0.837032	157.013235304
8.90510511398	0	6180	12206	0.713275	143.737775536
5.66004896164	0	6190	12218	0.850099	226.146453622
16.0405268669	0	6200	12240	0.834634	79.7978776271
14.1036381721	0	6210	12266	0.920566	90.7567242137
11.4998319149	0	6220	12284	0.972785	111.305974685
5.69984292984	0	6230	12296	0.986502	224.567591731
6.69273114204	0	6240	12310	0.769754	191.252266501
7.1856110096	0	6250	12327	0.744904	178.133772937
13.7462069988	0	6260	12346	0.966859	93.1165957351
9.99916100502	0	6270	12364	0.911	128.010740037
16.2873477936	0	6280	12396	0.891705	78.5886085459
33.1096711159	0	6290	12414	1.05719	38.6593994099
24.7677378654	0	6300	12436	0.739707	51.6801335251
6.40774917603	0	6310	12447	0.866167	199.758131106
5.64413285255	0	6320	12461	0.780583	226.784172775
9.47901415825	0	6330	12478	1.04312	135.035139586
14.957504034	0	6340	12494	0.900785	85.5757750148
7.38184189796	0	6350	12513	0.840482	173.398457687
15.6391251087	0	6360	12537	1.07342	81.8460106369
8.208537817	0	6370	12552	0.954682	155.935201681
7.55047607422	0	6380	12565	0.794789	169.525734195
6.26896500587	0	6390	12582	0.690128	204.180434697
15.162899971	0	6400	12600	0.851183	84.4165695512
7.74531793594	0	6410	12620	0.816939	165.261130736
5.37883615494	0	6420	12637	0.772093	237.96969514
14.7199349403	0	6430	12665	0.861731	86.9569060725
5.31947302818	0	6440	12680	0.721088	240.625338867
5.7196290493	0	6450	12696	0.869457	223.790736946
10.6206929684	0	6460	12718	0.953674	120.519442923
13.8389399052	0	6470	12742	0.903681	92.4926337401
14.1044509411	0	6480	12762	0.817501	90.7514943578
9.92520499229	0	6490	12779	0.890462	128.964590756
8.84235310555	0	6500	12794	1.18148	144.757847229
5.6855340004	0	6510	12809	0.883442	225.132766757
11.4016909599	0	6520	12829	0.833372	112.264049648
10.4856569767	0	6530	12849	0.912481	122.071511861
17.4204339981	0	6540	12866	1.13443	73.4769294576
22.159206152	0	6550	12894	0.931218	57.7638021517
8.55057096481	0	6560	12908	0.835948	149.697605606
9.64502501488	0	6570	12924	0.792615	132.710905158
7.81890201569	0	6580	12943	0.847805	163.70584993
9.14050602913	0	6590	12960	0.933105	140.036010689
6.54031395912	0	6600	12977	0.87944	195.709259219
12.3857078552	0	6610	13006	0.914477	103.344921014
9.82396697998	0	6620	13020	1.11243	130.293597547
5.53028416634	0	6630	13034	0.879695	231.452844284
9.15870785713	0	6640	13048	0.783506	139.757705996
12.7206401825	0	6650	13080	0.888555	100.623866538
23.6683309078	0	6660	13111	0.851815	54.0807040845
9.49169588089	0	6670	13129	1.03525	134.854721017
6.01431703568	0	6680	13148	0.910953	212.825494966
10.0050501823	0	6690	13175	0.898951	127.935390295
9.40955591202	0	6700	13194	0.920606	136.031924564
8.81625699997	0	6710	13211	0.90912	145.186330208
6.92605400085	0	6720	13230	0.707674	184.80941671
8.9124648571	0	6730	13247	0.814756	143.619079629
26.007956028	0	6740	13267	0.786438	49.2157091708
9.60305118561	0	6750	13293	0.885608	133.29096922
10.9806749821	0	6760	13304	0.834534	116.568426084
7.05106186867	0	6770	13324	0.708362	181.532941256
8.97517108917	0	6780	13346	0.888087	142.615665739
7.38897585869	0	6790	13366	0.828237	173.231043717
9.29789400101	0	6800	13383	0.736937	137.665583181
9.50537014008	0	6810	13397	0.910537	134.660721375
7.4557299614	0	6820	13414	1.02072	171.680037586
13.9478929043	0	6830	13428	0.836731	91.7701339395
19.6462860107	0	6840	13449	1.07007	65.1522633489
11.4045791626	0	6850	13466	1.12139	112.235618847
8.88172698021	0	6860	13492	0.941013	144.116116477
8.7549238205	0	6870	13507	0.932843	146.203442342
5.7358341217	0	6880	13518	1.01148	223.158475793
8.59922099113	0	6890	13540	0.97314	148.850692559
7.542979002	0	6900	13553	1.07472	169.69422819
9.46885490417	0	6910	13572	0.888953	135.180020494
28.7605471611	0	6920	13607	0.918973	44.5054119739
9.83122587204	0	6930	13626	0.895999	130.197395183
11.6316521168	0	6940	13647	0.935994	110.044556624
5.68327593803	0	6950	13664	0.793243	225.222215841
8.69405794144	0	6960	13686	0.86418	147.226992116
8.92673802376	0	6970	13710	0.91665	143.38944378
5.76994395256	0	6980	13722	0.920348	221.839243245
7.68436598778	0	6990	13738	0.951679	166.571972501
10.2583501339	0	7000	13762	0.85953	124.776400034
19.7382149696	0	7010	13788	0.848453	64.848822549
11.0147030354	0	7020	13809	0.936011	116.20830774
17.0327708721	0	7030	13826	0.899231	75.1492525562
11.8106081486	0	7040	13845	0.893035	108.37714569
5.66610193253	0	7050	13862	0.669377	225.904866387
23.2613689899	0	7060	13887	0.851506	55.0268559238
6.5588259697	0	7070	13904	0.842316	195.156878062
6.95339608192	0	7080	13916	0.940294	184.082710796
9.67988491058	0	7090	13929	0.774598	132.23297713
30.8155219555	0	7100	13949	0.875292	41.5375083326
24.3092269897	0	7110	13980	0.925634	52.6549034463
5.62594413757	0	7120	14001	0.956584	227.517367521
6.31650090218	0	7130	14013	1.10067	202.643840288
12.0667879581	0	7140	14032	0.926458	106.076281811
12.2985122204	0	7150	14054	1.01749	104.07762964
8.98136591911	0	7160	14074	0.902486	142.51729765
10.9604189396	0	7170	14094	0.817653	116.783857173
5.90387797356	0	7180	14107	0.81959	216.806649076
8.53874707222	0	7190	14129	0.892983	149.904896957
33.8008170128	0	7200	14151	0.880787	37.8689071189
10.1618618965	0	7210	14165	0.910159	125.961168636
19.2307610512	0	7220	14187	0.985421	66.5600283106
19.0045030117	0	7230	14212	0.952397	67.3524584785
8.73699092865	0	7240	14230	0.816834	146.503528555
5.87556004524	0	7250	14242	0.954745	217.851573321
12.8253290653	0	7260	14262	0.820859	99.8025074819
16.9915878773	0	7270	14280	0.893184	75.3313939371
6.33584904671	0	7280	14295	0.89373	202.025015205
12.530228138	0	7290	14322	0.881715	102.152968478
6.50128793716	0	7300	14336	0.865229	196.884065492
11.7631690502	0	7310	14352	0.775122	108.81421448
5.86652302742	0	7320	14367	0.754523	218.187160268
12.8194348812	0	7330	14383	0.721217	99.8483951797
13.7634429932	0	7340	14406	0.781768	92.9999855876
5.8946480751	0	7350	14418	0.92167	217.146127079
7.07188892365	0	7360	14434	0.867726	180.998317963
6.76243209839	0	7370	14454	0.920624	189.281013307
5.82783198357	0	7380	14472	0.79567	219.635707345
8.4694788456	0	7390	14494	0.73541	151.130904668
20.7581150532	0	7400	14512	0.835205	61.6626315405
5.72980999947	0	7410	14532	0.982512	223.393096825
10.6428611279	0	7420	14556	0.836016	120.268411344
14.3322548866	0	7430	14579	0.959404	89.3090452357
6.75450801849	0	7440	14596	1.03052	189.503069135
8.78729891777	0	7450	14617	0.879577	145.664784137
8.16313719749	0	7460	14636	1.06117	156.802460749
10.9759058952	0	7470	14656	0.741277	116.619075657
18.6684150696	0	7480	14675	0.882022	68.5650064684
13.2086398602	0	7490	14701	0.891184	96.9062684388
14.6534180641	0	7500	14721	0.890816	87.3516332093
24.3511049747	0	7510	14740	0.853916	52.5643498037
6.68131899834	0	7520	14760	0.762355	191.578938278
23.186480999	0	7530	14782	0.770882	55.2045823623
12.9661710262	0	7540	14802	0.911611	98.718426389
15.7688131332	0	7550	14826	0.97442	81.1728815089
5.71348977089	0	7560	14842	0.809694	224.031205328
9.55244922638	0	7570	14860	0.892036	133.997048261
7.83812999725	0	7580	14879	0.877812	163.304257578
8.94592380524	0	7590	14902	1.01448	143.081925117
10.0532360077	0	7600	14919	0.830451	127.322187505
12.2724699974	0	7610	14931	0.759426	104.298482724
10.0460410118	0	7620	14943	0.851461	127.413375925
7.25873804092	0	7630	14956	0.881705	176.339191852
5.71000504494	0	7640	14968	0.816612	224.167928036
13.2194280624	0	7650	14986	0.967873	96.827184501
5.98186182976	0	7660	14998	0.946817	213.980201554
10.0710890293	0	7670	15020	0.722781	127.096483436
7.75631213188	0	7680	15033	0.898639	165.026881105
13.0312018394	0	7690	15057	0.894247	98.2257826845
6.5793261528	0	7700	15072	0.917567	194.548798809
5.67813801765	0	7710	15091	0.945721	225.426010432
17.7314238548	0	7720	15112	0.883435	72.1882241652
5.67046809196	0	7730	15128	0.953486	225.730923663
5.51251101494	0	7740	15139	0.794404	232.199082511
5.92431688309	0	7750	15157	0.863243	216.058665541
16.0091431141	0	7760	15176	0.843607	79.9543105385
11.6336400509	0	7770	15191	0.800686	110.025752422
6.67816281319	0	7780	15204	0.870793	191.669480935
9.92177700996	0	7790	15220	0.836363	129.009148131
9.09733104706	0	7800	15241	0.798409	140.700606956
6.51494407654	0	7810	15252	0.722618	196.471371813
39.4184980392	0	7820	15280	0.973956	32.4720642254
8.5201690197	0	7830	15292	0.922476	150.231761487
6.71701097488	0	7840	15314	1.13711	190.560951111
5.8555059433	0	7850	15332	0.990569	218.597677535
18.844217062	0	7860	15360	0.823357	67.9253479085
6.06975889206	0	7870	15371	0.739649	210.881523099
5.89317202568	0	7880	15388	0.99365	217.200515176
6.82726311684	0	7890	15401	0.864216	187.483619438
8.02590990067	0	7900	15416	0.891789	159.483474876
8.42243099213	0	7910	15440	0.858906	151.975124664
5.807076931	0	7920	15456	0.818186	220.420706529
17.8151700497	0	7930	15484	0.854501	71.8488791536
7.50195002556	0	7940	15506	0.882135	170.622304286
13.6042330265	0	7950	15536	0.971727	94.0883618728
12.2712688446	0	7960	15559	0.914137	104.308691808
11.9414970875	0	7970	15575	0.850327	107.189240229
18.6979861259	0	7980	15606	0.818335	68.4565702091
8.90590596199	0	7990	15626	0.895507	143.724850168
11.8416130543	0	8000	15650	0.815464	108.093381715
8.54667592049	0	8010	15666	0.907872	149.765828482
5.78302407265	0	8020	15684	1.0007	221.33748432
11.6943938732	0	8030	15702	0.84328	109.454155032
16.5228641033	0	8040	15740	0.739304	77.4684093506
7.27372097969	0	8050	15756	0.982536	175.975955577
17.987293005	0	8060	15775	0.83738	71.161347049
9.62162590027	0	8070	15798	0.783247	133.033648706
18.0307409763	0	8080	15815	0.793676	70.9898723341
11.3130991459	0	8090	15831	0.806418	113.143178849
18.8724348545	0	8100	15852	0.84436	67.8237869076
5.85680294037	0	8110	15867	0.806447	218.549268779
9.51682901382	0	8120	15880	0.671636	134.498581212
5.49898719788	0	8130	15894	0.988391	232.77013638
12.7883307934	0	8140	15918	0.822199	100.091248864
8.41278004646	0	8150	15936	0.827831	152.149466993
28.0334541798	0	8160	15960	0.800204	45.6597318258
22.6860358715	0	8170	15986	0.88422	56.4223739771
5.69054698944	0	8180	16004	1.00683	224.934439936
6.03594207764	0	8190	16018	0.847634	212.063002517
19.5681228638	0	8200	16038	0.81636	65.4125083387
5.55443501472	0	8210	16056	0.995043	230.446480444
7.98841309547	0	8220	16076	0.917072	160.232074218
16.8278880119	0	8230	16096	0.895367	76.0642095486
9.28438091278	0	8240	16113	0.9237	137.865950571
12.8524291515	0	8250	16138	0.949057	99.5920681537
15.1674239635	0	8260	16161	0.855318	84.3913905932
9.31406903267	0	8270	16180	0.71638	137.426509886
14.3792819977	0	8280	16202	0.968211	89.0169620574
11.6455278397	0	8290	16226	0.897642	109.913437813
6.82502317429	0	8300	16244	0.88032	187.545150736
14.1432158947	0	8310	16266	0.772195	90.5027547858
9.64465403557	0	8320	16290	0.809469	132.716009852
5.87559986115	0	8330	16306	0.764191	217.850097054
12.5447239876	0	8340	16324	0.880829	102.034927294
5.67620110512	0	8350	16339	0.818669	225.50293344
13.8812699318	0	8360	16370	0.916089	92.2105834905
9.49984407425	0	8370	16396	0.81922	134.739053609
19.357407093	0	8380	16414	0.854221	66.1245586171
7.45564484596	0	8390	16433	0.934744	171.681997526
5.85504603386	0	8400	16448	0.86383	218.614848218
11.4184410572	0	8410	16472	0.905254	112.099365718
17.5005409718	0	8420	16496	0.886839	73.1405961716
9.06929898262	0	8430	16510	0.766977	141.135494866
5.69450497627	0	8440	16529	0.973169	224.778098418
15.1920881271	0	8450	16559	0.764691	84.2543822342
18.058701992	0	8460	16591	0.795145	70.8799558553
10.5641620159	0	8470	16605	0.878674	121.164366665
7.99404883385	0	8480	16626	1.06769	160.11911193
11.36302495	0	8490	16646	0.922465	112.646060853
12.6885340214	0	8500	16665	0.843678	100.87847799
6.86870718002	0	8510	16692	0.832622	186.352390115
16.0580248833	0	8520	16712	0.93878	79.710923934
16.4203131199	0	8530	16739	0.922708	77.9522284779
16.8432958126	0	8540	16759	0.822751	75.9946280254
11.3111801147	0	8550	16773	0.807865	113.162374484
10.8606178761	0	8560	16802	0.974471	117.857014638
11.5421791077	0	8570	16822	0.827554	110.897603309
5.53697609901	0	8580	16840	0.821801	231.173112744
13.5172789097	0	8590	16868	0.724344	94.6936146359
13.994451046	0	8600	16889	0.902391	91.4648238644
16.9991240501	0	8610	16908	0.910722	75.2979974865
14.0773029327	0	8620	16940	0.808656	90.9265081611
13.0539779663	0	8630	16962	0.879342	98.0544017543
5.61842799187	0	8640	16975	0.914187	227.821732672
5.9057290554	0	8650	16991	0.812517	216.738693562
11.8284080029	0	8660	17016	0.947848	108.214055492
7.17805504799	0	8670	17037	0.997847	178.321285006
8.67567586899	0	8680	17056	0.802266	147.538937522
14.8404970169	0	8690	17079	0.88805	86.2504805966
15.1624450684	0	8700	17104	0.874847	84.4191022114
5.73351383209	0	8710	17122	0.828457	223.248785559
16.8119881153	0	8720	17144	1.06041	76.1361470887
9.71656799316	0	8730	17167	0.837969	131.733756291
6.50719094276	0	8740	17187	0.757363	196.70546189
10.000483036	0	8750	17205	0.861769	127.993817437
8.80745196342	0	8760	17220	0.956184	145.331476722
6.31401610374	0	8770	17238	0.888732	202.72358812
11.1304290295	0	8780	17258	0.98028	115.000059442
22.2141289711	0	8790	17278	0.825411	57.6209853497
18.9198880196	0	8800	17320	0.873676	67.6536773725
5.65966200829	0	8810	17334	0.785881	226.161915345
7.80545282364	0	8820	17350	0.811705	163.987923433
14.5233390331	0	8830	17372	0.91494	88.1340025927
16.5400211811	0	8840	17392	0.902281	77.3880508365
7.30364584923	0	8850	17410	0.815851	175.254937934
23.5131790638	0	8860	17428	0.86159	54.4375559139
10.7197589874	0	8870	17450	0.938238	119.405669615
7.96550107002	0	8880	17466	0.828276	160.692966927
19.8338730335	0	8890	17484	0.834154	64.5360589854
13.5505948067	0	8900	17506	1.09798	94.4607980876
14.4654560089	0	8910	17523	0.902057	88.4866677699
17.3830170631	0	8920	17547	0.857669	73.6350885091
17.7270870209	0	8930	17565	0.931039	72.2058846156
10.8497130871	0	8940	17590	1.08848	117.975469925
7.19602298737	0	8950	17604	0.697868	177.876029891
17.4145798683	0	8960	17624	0.869804	73.5016296505
5.96052694321	0	8970	17645	0.928292	214.746114261
6.07111907005	0	8980	17665	0.836703	210.834277047
12.3240709305	0	8990	17687	0.912909	103.861784569
12.4803450108	0	9000	17712	0.856735	102.561267248
5.80805802345	0	9010	17726	0.775053	220.383473242
13.5864160061	0	9020	17742	0.827657	94.2117479272
5.77716708183	0	9030	17757	0.88992	221.561880048
9.87995100021	0	9040	17777	0.833424	129.555298399
7.79659605026	0	9050	17796	0.851501	164.174210354
6.61268496513	0	9060	17812	0.881717	193.567364353
10.8006289005	0	9070	17829	0.924981	118.511617406
5.79388999939	0	9080	17846	0.784945	220.922385502
17.1350829601	0	9090	17864	0.848959	74.7005429141
11.9853720665	0	9100	17888	0.75491	106.796851437
15.4818649292	0	9110	17906	0.758665	82.6773780713
7.57683205605	0	9120	17921	0.820576	168.936039565
13.6430959702	0	9130	17952	0.937955	93.8203471412
5.78109812737	0	9140	17964	0.912139	221.411221847
18.084043026	0	9150	17985	0.955842	70.7806323045
20.4631569386	0	9160	18010	0.822839	62.5514432521
16.0827379227	0	9170	18052	1.02023	79.58843862
21.9847180843	0	9180	18077	0.81812	58.2222612585
21.1062479019	0	9190	18098	0.834656	60.6455494102
6.00466012955	0	9200	18117	0.80298	213.167768431
18.863476038	0	9210	18134	0.948703	67.8559984079
10.6761829853	0	9220	18151	0.794959	119.893036843
5.74310898781	0	9230	18164	0.767384	222.875798234
6.78666901588	0	9240	18184	0.863389	188.605042769
9.47035884857	0	9250	18210	0.891058	135.158553173
9.67554497719	0	9260	18228	0.896931	132.29228979
17.4912731647	0	9270	18248	0.870974	73.1793499503
11.8329648972	0	9280	18277	0.704837	108.17238208
5.63876509666	0	9290	18297	0.844675	227.000057292
12.8122079372	0	9300	18322	1.03193	99.9047163666
8.88584303856	0	9310	18335	0.855972	144.049359689
9.84929299355	0	9320	18360	1.10499	129.958566654
14.2319569588	0	9330	18380	0.870335	89.9384395068
17.7709181309	0	9340	18397	0.900887	72.0277922938
5.82558894157	0	9350	18416	0.783747	219.720274265
20.032392025	0	9360	18436	0.916729	63.8965131275
12.8770008087	0	9370	18463	0.972243	99.4020283926
11.6579110622	0	9380	18484	0.817653	109.796685973
7.31118893623	0	9390	18507	1.03267	175.074124218
13.1248722076	0	9400	18526	0.903314	97.5247590795
15.6627459526	0	9410	18564	0.812588	81.722579417
9.31235599518	0	9420	18584	0.898319	137.45178993
5.87401795387	0	9430	18598	0.784217	217.908765355
14.328412056	0	9440	18616	0.851404	89.3329976134
20.8118538857	0	9450	18635	0.977989	61.5034108462
7.79123497009	0	9460	18654	0.77077	164.287177182
7.90986204147	0	9470	18676	0.79225	161.823302769
5.83201909065	0	9480	18694	0.758121	219.478019551
8.30871486664	0	9490	18715	0.793496	154.055112078
5.6983602047	0	9500	18735	0.766636	224.626024684
13.7648649216	0	9510	18754	0.707992	92.9903785684
15.991330862	0	9520	18778	0.855424	80.0433691881
17.2121009827	0	9530	18806	0.882895	74.366284586
8.24876308441	0	9540	18826	1.00763	155.174780376
5.95952701569	0	9550	18844	0.834917	214.782145736
6.75705695152	0	9560	18859	0.964952	189.431583777
5.71798110008	0	9570	18874	0.907724	223.855234496
13.6029689312	0	9580	18902	0.822464	94.0971053065
11.8852500916	0	9590	18923	0.946718	107.696513758
10.6428618431	0	9600	18948	0.839078	120.268403261
12.9521000385	0	9610	18962	0.891117	98.8256727629
17.8813641071	0	9620	19002	0.860735	71.5829056626
9.04168701172	0	9630	19023	0.875411	141.566501731
20.511797905	0	9640	19041	0.870392	62.4031109282
5.84573101997	0	9650	19058	0.885748	218.963205051
11.9113309383	0	9660	19082	0.890218	107.460703311
5.85829114914	0	9670	19094	0.770578	218.493749698
13.3278648853	0	9680	19112	0.932099	96.0393889804
9.00403904915	0	9690	19128	0.962946	142.158423904
5.9503390789	0	9700	19144	0.860949	215.113791504
6.92892003059	0	9710	19160	0.813333	184.732973443
5.52044177055	0	9720	19180	0.871255	231.865501567
12.8151681423	0	9730	19198	0.805524	99.8816391471
7.63922786713	0	9740	19219	0.857656	167.556201001
15.7394790649	0	9750	19238	0.764218	81.3241654771
32.0041761398	0	9760	19266	1.00326	39.9947805064
14.1631598473	0	9770	19288	0.800006	90.3753126989
6.26382017136	0	9780	19304	0.861842	204.348139791
7.98728489876	0	9790	19316	0.809679	160.254706853
6.09884691238	0	9800	19328	0.957036	209.875738543
17.6370539665	0	9810	19348	0.767027	72.574478846
5.61754798889	0	9820	19362	0.825748	227.857421518
9.02534914017	0	9830	19374	0.916087	141.822768307
10.3263850212	0	9840	19391	0.743134	123.954316769
20.1562268734	0	9850	19415	0.961048	63.5039488313
8.75691604614	0	9860	19434	0.802174	146.170180604
15.3640420437	0	9870	19456	0.931985	83.3114096122
13.6491909027	0	9880	19478	0.903421	93.7784524463
18.7088491917	0	9890	19499	0.879838	68.4168217343
15.8727228642	0	9900	19516	0.773139	80.6414886063
11.0163631439	0	9910	19540	0.984743	116.190795753
14.8829319477	0	9920	19564	0.976382	86.0045590813
11.9042668343	0	9930	19586	0.740977	107.524471504
13.8596670628	0	9940	19602	0.737436	92.3543108362
7.56066012383	0	9950	19620	0.760625	169.297386609
9.47563099861	0	9960	19640	0.755507	135.083352252
10.2464148998	0	9970	19660	0.811655	124.921742142
15.5661079884	0	9980	19681	0.860589	82.2299319109
6.96850514412	0	9990	19697	0.796605	183.683584001
5.61601996422	0	10000	19714	0.856831	227.919417694
9.52597284317	0	10010	19731	0.773842	134.36947817
28.4705090523	0	10020	19753	0.791086	44.9588027263
7.02424192429	0	10030	19769	0.769683	182.226069916
7.10517001152	0	10040	19785	0.904721	180.150509829
5.44780802727	0	10050	19798	0.85446	234.956884236
7.19285106659	0	10060	19810	0.774912	177.954470091
15.9864470959	0	10070	19828	0.881743	80.0678219697
6.83997893333	0	10080	19839	0.924547	187.135079285
9.85748291016	0	10090	19858	0.828005	129.850592861
9.88137102127	0	10100	19874	0.89189	129.536680411
15.5331809521	0	10110	19896	0.835412	82.4042418581
11.9025449753	0	10120	19922	0.71259	107.540026327
13.0100800991	0	10130	19946	0.912021	98.3852513013
36.2686619759	0	10140	19986	0.679629	35.2921759521
Training elapsed time: 12173.1432111 s
