Duration	Worker	LocalStep	GlobalStep	Loss	ExamplesPerSec
25.3419640064	1	10	26	4.54463	50.509108121
12.3010349274	1	20	45	4.36961	104.056285309
9.31802606583	1	30	60	4.216	137.368149752
25.7939910889	1	40	83	4.39604	49.6239606965
23.0637338161	1	50	105	4.2561	55.4983859163
8.50682210922	1	60	122	4.03957	150.467469939
12.845457077	1	70	145	4.14423	99.6461233201
11.1577239037	1	80	162	3.93265	114.718737536
10.2981040478	1	90	178	4.07567	124.294723967
16.054156065	1	100	195	3.90323	79.7301331081
9.01810097694	1	110	211	3.74088	141.936756228
15.808508873	1	120	226	3.80042	80.9690534562
8.86209511757	1	130	238	3.56132	144.435371435
15.8753359318	1	140	255	3.77289	80.6282150816
12.9833259583	1	150	272	3.52448	98.5879892499
13.0835821629	1	160	292	3.66693	97.8325342454
20.0178818703	1	170	306	3.66642	63.9428291312
9.9116101265	1	180	325	3.98522	129.141479907
8.06616592407	1	190	345	3.90277	158.687536563
19.4600069523	1	200	362	3.53008	65.7759271689
8.03312706947	1	210	382	3.6419	159.340190804
13.3977949619	1	220	403	3.42228	95.5381093409
11.7414000034	1	230	427	3.29276	109.015960586
11.4132809639	1	240	445	3.44717	112.150047304
16.218665123	1	250	469	3.38552	78.9214149434
8.42207980156	1	260	484	3.40619	151.981461843
8.29965400696	1	270	496	3.14302	154.223296408
12.4486000538	1	280	519	3.182	102.82280694
8.53843307495	1	290	539	3.09561	149.910409646
8.34013605118	1	300	559	3.02316	153.474714578
12.5361378193	1	310	577	3.37373	102.104812379
18.5928680897	1	320	595	3.04606	68.8436014189
8.8100810051	1	330	614	3.18627	145.288107937
8.24438691139	1	340	631	3.07177	155.257148137
17.852864027	1	350	653	3.05313	71.6971796829
9.65386414528	1	360	676	3.16772	132.589394333
9.24353599548	1	370	692	2.85964	138.475146375
9.11915302277	1	380	706	2.90675	140.363912833
14.4531738758	1	390	730	2.83564	88.5618626745
10.1336579323	1	400	751	2.6702	126.311743356
8.46751713753	1	410	767	2.92691	151.165917849
10.8842630386	1	420	788	2.84424	117.600980007
8.15065193176	1	430	808	2.84235	157.042652627
11.8201520443	1	440	829	2.8367	108.289639186
17.6410999298	1	450	851	2.74641	72.5578339839
17.1868309975	1	460	876	2.85087	74.4756261459
20.7771980762	1	470	896	2.83541	61.6059968867
8.01739788055	1	480	916	2.71748	159.652797462
11.2702150345	1	490	936	2.42546	113.573698113
15.8276329041	1	500	951	2.29683	80.8712210954
8.06199502945	1	510	967	2.50105	158.769633983
7.88776302338	1	520	982	2.63569	162.276680499
20.2130241394	1	530	1002	2.46171	63.3255069193
8.30848789215	1	540	1019	2.42962	154.059320615
16.8413131237	1	550	1041	2.78762	76.0035746974
8.98064684868	1	560	1063	2.59478	142.528708852
18.0668051243	1	570	1084	2.63495	70.8481655276
14.9160499573	1	580	1106	2.41973	85.8136037132
8.9950709343	1	590	1130	2.38237	142.300156313
12.9398901463	1	600	1147	2.333	98.9189232314
15.3924779892	1	610	1168	2.19672	83.1575007545
13.6782648563	1	620	1189	2.50984	93.5791208493
12.0021910667	1	630	1217	2.17297	106.647194073
15.4246370792	1	640	1239	2.54632	82.9841242568
11.7772989273	1	650	1259	2.24907	108.683664047
8.00153303146	1	660	1270	2.13606	159.969345245
8.26357293129	1	670	1284	2.06436	154.896678548
21.2271299362	1	680	1299	2.34593	60.300191493
15.2795290947	1	690	1320	2.13138	83.7722152343
11.7578499317	1	700	1345	2.23006	108.863440802
14.3632669449	1	710	1365	2.23736	89.116216033
8.2059981823	1	720	1383	2.16755	155.983461313
21.320802927	1	730	1402	2.10503	60.0352624796
9.440128088	1	740	1422	2.40118	135.591380548
8.22994089127	1	750	1433	2.03711	155.529671101
11.7875440121	1	760	1444	1.93187	108.589202186
7.99630308151	1	770	1465	2.27075	160.073972554
13.2695329189	1	780	1486	1.99962	96.4615716182
10.3011960983	1	790	1504	2.20928	124.257415137
8.24013495445	1	800	1524	1.95348	155.337261717
8.23895287514	1	810	1541	2.2266	155.359548646
10.7094700336	1	820	1559	1.91116	119.520386721
9.91676807404	1	830	1582	1.94617	129.074310344
8.20754289627	1	840	1602	1.93979	155.954104191
25.7009220123	1	850	1620	1.80181	49.8036607164
15.5463571548	1	860	1642	1.77898	82.3344007378
9.15205097198	1	870	1658	1.98634	139.859360915
7.67522597313	1	880	1677	1.96206	166.770334122
13.7444360256	1	890	1692	1.87825	93.1285938262
24.4346659184	1	900	1718	1.89621	52.384591804
7.64425611496	1	910	1737	1.68035	167.445985685
17.0640389919	1	920	1759	1.98042	75.0115491769
12.0064427853	1	930	1782	1.66121	106.609428196
8.70877599716	1	940	1799	1.86617	146.978174708
11.4337341785	1	950	1813	1.89043	111.949427896
11.3140859604	1	960	1837	2.00561	113.133310502
7.51044297218	1	970	1854	1.9201	170.429361456
7.79796290398	1	980	1866	1.81246	164.145433335
14.3843150139	1	990	1883	1.72027	88.9858153666
14.9943730831	1	1000	1900	1.75592	85.365356251
10.4753909111	1	1010	1917	1.75106	122.191144069
11.8580241203	1	1020	1938	1.75561	107.94378448
16.5913190842	1	1030	1964	1.64211	77.1487784369
19.0297319889	1	1040	1984	2.10917	67.2631648594
24.5670258999	1	1050	2018	1.58023	52.102358878
8.24731707573	1	1060	2032	1.61346	155.201987294
13.7214379311	1	1070	2058	1.60339	93.2846838962
21.5316390991	1	1080	2076	1.74325	59.4474017564
16.4640328884	1	1090	2105	1.67875	77.7452285643
7.95781493187	1	1100	2123	1.64817	160.848173897
28.7175071239	1	1110	2146	1.63206	44.5721139539
17.8813309669	1	1120	2167	1.6334	71.5830383301
16.6538798809	1	1130	2185	1.62313	76.8589667485
8.83679699898	1	1140	2204	1.52437	144.848863242
9.30528306961	1	1150	2224	1.50281	137.556266738
8.16817712784	1	1160	2239	1.49447	156.705710462
8.39564394951	1	1170	2256	1.95309	152.460014705
9.29956388474	1	1180	2276	1.81156	137.640863149
8.09983801842	1	1190	2296	1.56244	158.027851556
18.8098680973	1	1200	2323	1.56682	68.0493873417
8.23862791061	1	1210	2344	1.46215	155.36567665
42.3588609695	1	1220	2365	1.57229	30.2179985652
15.7735681534	1	1230	2389	1.64295	81.1484115422
10.7923579216	1	1240	2413	2.03818	118.602441589
9.34942603111	1	1250	2427	1.27363	136.906800026
8.55018687248	1	1260	2441	1.49715	149.704330337
8.11838412285	1	1270	2452	1.43881	157.666843627
9.74222803116	1	1280	2470	1.24815	131.386782973
12.3635869026	1	1290	2485	1.55827	103.529825938
20.1908929348	1	1300	2514	1.28396	63.3949179035
13.5521922112	1	1310	2536	1.35913	94.4496639405
9.69324588776	1	1320	2558	1.47019	132.050709826
30.2660338879	1	1330	2578	1.6007	42.2916330809
13.6861760616	1	1340	2596	1.41511	93.5250280455
7.93898797035	1	1350	2616	1.62563	161.229618281
8.03795814514	1	1360	2632	1.39922	159.244422139
9.29607200623	1	1370	2652	1.40824	137.692565112
14.1741168499	1	1380	2675	1.44183	90.3054499659
8.84851503372	1	1390	2693	1.305	144.657040771
8.31346797943	1	1400	2710	1.62283	153.967033152
10.6208441257	1	1410	2734	1.35821	120.517727673
29.0550868511	1	1420	2756	1.54826	44.054247938
13.4919509888	1	1430	2783	1.45749	94.8713793183
16.536673069	1	1440	2804	1.75397	77.4037192765
8.06631302834	1	1450	2822	1.34201	158.6846426
8.95565509796	1	1460	2840	1.55299	142.926451052
7.88557982445	1	1470	2857	1.45842	162.321608366
7.73146605492	1	1480	2875	1.47272	165.557216563
16.3025181293	1	1490	2897	1.31753	78.5154777835
7.94648599625	1	1500	2914	1.59456	161.07748766
9.84572291374	1	1510	2932	1.54151	130.005689904
18.4810528755	1	1520	2959	1.41117	69.2601232528
8.24407100677	1	1530	2979	1.332	155.263097437
12.3593420982	1	1540	2996	1.2535	103.565383159
7.92910289764	1	1550	3012	1.43466	161.430620402
8.54553508759	1	1560	3032	1.23134	149.78582229
7.98458003998	1	1570	3051	1.40564	160.308994786
14.2033550739	1	1580	3069	1.34791	90.1195522704
15.3900699615	1	1590	3093	1.24156	83.1705121028
8.10862088203	1	1600	3105	1.35715	157.856683476
8.33188796043	1	1610	3124	1.41719	153.626645735
22.8421142101	1	1620	3150	1.32485	56.0368444105
11.3351948261	1	1630	3171	1.31317	112.922629001
12.8645789623	1	1640	3190	1.24094	99.498009515
14.7554512024	1	1650	3220	1.50891	86.7476014419
30.8667228222	1	1660	3239	1.33998	41.4686070618
16.2821571827	1	1670	3257	1.12042	78.6136619146
11.8967528343	1	1680	3280	1.28725	107.592384059
9.01228499413	1	1690	3302	1.35558	142.028353612
22.0113880634	1	1700	3335	1.5612	58.151716571
30.9065709114	1	1710	3361	1.14803	41.4151412549
28.162940979	1	1720	3382	1.40192	45.4497987605
8.17006421089	1	1730	3400	1.31613	156.669515313
8.73803496361	1	1740	3418	1.35768	146.48602407
14.2544429302	1	1750	3444	1.72565	89.7965642197
8.04134297371	1	1760	3462	1.29981	159.17739166
25.1284549236	1	1770	3487	1.0919	50.9382691411
8.10921621323	1	1780	3507	1.22888	157.845094562
8.54040694237	1	1790	3523	1.15873	149.875762202
9.39430689812	1	1800	3539	1.411	136.252734117
9.3601641655	1	1810	3562	1.32851	136.749738292
8.16359186172	1	1820	3580	1.35799	156.793727771
11.387704134	1	1830	3603	1.24106	112.401936768
7.96652579308	1	1840	3618	1.19491	160.672297216
7.97838711739	1	1850	3635	1.28974	160.433428607
17.551856041	1	1860	3655	1.1822	72.9267603958
12.4417870045	1	1870	3672	1.17708	102.879112103
8.09220385551	1	1880	3684	1.30119	158.176934597
17.2785811424	1	1890	3707	1.09189	74.0801567819
14.3148009777	1	1900	3727	1.21178	89.4179389566
9.24424505234	1	1910	3744	1.30258	138.464524983
8.72923898697	1	1920	3759	1.33348	146.633630023
8.18401789665	1	1930	3772	1.06869	156.402395029
8.61220812798	1	1940	3786	1.04153	148.626226977
8.2429959774	1	1950	3805	1.16586	155.283346432
14.2857239246	1	1960	3820	1.28741	89.5999395447
7.97834801674	1	1970	3836	1.31654	160.434214867
17.9421429634	1	1980	3855	1.27526	71.3404191802
9.5742430687	1	1990	3882	1.19975	133.692030881
23.254737854	1	2000	3904	1.2979	55.042546944
7.94110798836	1	2010	3920	1.21041	161.186575208
7.79198503494	1	2020	3937	1.19901	164.271362722
17.1747760773	1	2030	3958	1.26128	74.5279003488
12.4450519085	1	2040	3980	1.25147	102.852122226
14.5811450481	1	2050	4002	1.10492	87.7846009881
8.0307199955	1	2060	4022	1.17267	159.38795036
26.1640861034	1	2070	4041	1.12088	48.9220221543
11.1363420486	1	2080	4065	1.06562	114.938998318
9.64306879044	1	2090	4082	1.07067	132.737827326
8.19524717331	1	2100	4096	1.21739	156.188089625
20.7908680439	1	2110	4117	1.15861	61.565491027
14.220925808	1	2120	4143	1.09222	90.0082046194
8.22861003876	1	2130	4165	0.978618	155.55482566
18.4542970657	1	2140	4189	1.35086	69.360539469
13.6659898758	1	2150	4209	1.18136	93.663174906
15.7247011662	1	2160	4227	1.14261	81.4005930208
12.7715220451	1	2170	4249	1.13067	100.222980118
11.0090298653	1	2180	4262	1.12882	116.268192172
8.2214949131	1	2190	4281	1.28825	155.689447422
12.9871680737	1	2200	4309	1.23948	98.5588230429
18.4739789963	1	2210	4329	1.10387	69.2866436764
8.16939711571	1	2220	4344	1.16772	156.682308605
8.69311285019	1	2230	4354	1.03064	147.242998228
26.5947620869	1	2240	4375	1.31207	48.1297781803
9.30433702469	1	2250	4397	1.87056	137.570253163
15.7441198826	1	2260	4425	1.19464	81.3001939483
9.68315911293	1	2270	4441	1.06958	132.188264705
16.0752658844	1	2280	4472	1.08836	79.6254325872
8.7315261364	1	2290	4484	1.09025	146.595220584
9.21199989319	1	2300	4506	1.00471	138.949198311
11.3060050011	1	2310	4527	1.30077	113.214172458
8.15590500832	1	2320	4544	1.07853	156.941504186
8.12604498863	1	2330	4563	1.07763	157.518202495
7.85353302956	1	2340	4578	1.17585	162.983971059
12.7992429733	1	2350	4597	1.11089	100.005914621
24.4323000908	1	2360	4622	1.16026	52.3896643068
8.27775192261	1	2370	4635	0.993664	154.631355466
9.09756493568	1	2380	4654	1.07659	140.696989694
8.45803117752	1	2390	4671	1.09808	151.335455396
7.99252581596	1	2400	4684	0.989772	160.14962347
8.43081212044	1	2410	4704	1.45271	151.824045147
29.5353479385	1	2420	4722	1.08074	43.3379015092
8.12892913818	1	2430	4744	0.947296	157.46231493
9.71902990341	1	2440	4755	1.01652	131.700387047
13.7917449474	1	2450	4775	1.23711	92.809140894
24.0706801414	1	2460	4807	1.05466	53.1767275573
9.38358902931	1	2470	4823	0.99463	136.408361023
18.9803807735	1	2480	4854	1.02378	67.4380569743
9.1227581501	1	2490	4870	0.955409	140.308443887
10.3111679554	1	2500	4882	1.09736	124.137246676
8.20882892609	1	2510	4899	1.01332	155.929671763
8.32052516937	1	2520	4917	0.98801	153.836443487
7.9937479496	1	2530	4936	0.945555	160.125138805
9.40745806694	1	2540	4954	1.00488	136.062259421
9.51395392418	1	2550	4971	1.10742	134.539226299
11.9482898712	1	2560	4988	1.25139	107.128301522
10.9004640579	1	2570	5007	0.96965	117.426193344
13.9570691586	1	2580	5026	1.01485	91.709798487
7.99211382866	1	2590	5041	1.2772	160.157879059
8.57031702995	1	2600	5062	1.08538	149.352701368
17.268558979	1	2610	5083	1.08183	74.1231507246
16.2759971619	1	2620	5103	0.909295	78.6434150406
9.79712080956	1	2630	5121	1.05199	130.650629392
9.1432261467	1	2640	5139	1.15378	139.994349857
8.95628190041	1	2650	5156	1.20371	142.916448392
12.4093880653	1	2660	5170	0.916274	103.147713107
12.7382850647	1	2670	5195	1.22969	100.484483861
8.18086791039	1	2680	5214	1.08849	156.462616683
19.8657860756	1	2690	5230	1.06645	64.4323861703
21.0734460354	1	2700	5251	1.09741	60.7399472232
8.030990839	1	2710	5263	1.06875	159.382575035
13.4149141312	1	2720	5284	0.998475	95.41619033
8.22694683075	1	2730	5299	1.0023	155.586273539
10.7423610687	1	2740	5322	1.02974	119.154438378
8.41415810585	1	2750	5338	1.07161	152.12454816
10.0550599098	1	2760	5353	0.939441	127.299092346
20.8702890873	1	2770	5376	1.00721	61.3312060339
14.6147320271	1	2780	5404	1.03295	87.5828580114
24.0773179531	1	2790	5428	0.974281	53.1620674069
12.6378529072	1	2800	5451	1.07566	101.28302722
17.9925839901	1	2810	5468	0.953932	71.1404210037
10.1666469574	1	2820	5489	1.05722	125.90188342
10.8863141537	1	2830	5512	0.914331	117.578822541
9.45320701599	1	2840	5527	1.12544	135.403783905
18.851446867	1	2850	5558	0.86062	67.8992975463
16.1952900887	1	2860	5578	1.03772	79.0353240352
16.7291488647	1	2870	5603	0.945147	76.5131573847
18.6327810287	1	2880	5624	1.00919	68.6961328008
19.2514491081	1	2890	5645	1.0309	66.4885013492
11.4532518387	1	2900	5661	1.17438	111.758653178
12.0622851849	1	2910	5684	1.0794	106.115879403
7.97076797485	1	2920	5705	1.35761	160.586784616
9.44112896919	1	2930	5723	1.04063	135.577006116
7.89841008186	1	2940	5742	1.10133	162.057931499
9.46064281464	1	2950	5764	0.975517	135.297360346
8.07998204231	1	2960	5785	1.14298	158.416193662
12.7965350151	1	2970	5804	1.11107	100.027077524
10.386122942	1	2980	5823	1.0024	123.24136804
9.8656129837	1	2990	5849	1.03467	129.743585332
7.97111105919	1	3000	5862	1.01486	160.579872805
7.90249609947	1	3010	5876	0.956097	161.97413879
13.548017025	1	3020	5900	1.07677	94.478771147
9.13848280907	1	3030	5921	1.25001	140.067014049
8.28034520149	1	3040	5941	0.838222	154.582927264
20.3431408405	1	3050	5961	0.908592	62.9204708375
15.6148159504	1	3060	5985	0.862365	81.9734285736
8.74281811714	1	3070	5998	1.00106	146.405882274
10.6232070923	1	3080	6017	1.1362	120.490920386
11.0249249935	1	3090	6032	0.741907	116.100563111
8.30674982071	1	3100	6051	0.939164	154.091555377
10.6244981289	1	3110	6063	0.937497	120.476278924
8.16503190994	1	3120	6076	1.04473	156.766074416
15.5466880798	1	3130	6095	1.11214	82.3326481774
24.8811490536	1	3140	6123	1.04164	51.4445694306
16.5802578926	1	3150	6144	0.952719	77.2002467206
14.865240097	1	3160	6168	1.0543	86.1069173215
23.7659759521	1	3170	6191	1.03652	53.8585077498
10.8202900887	1	3180	6209	0.866717	118.2962739
30.4414288998	1	3190	6229	2.8383	42.0479605019
24.8960769176	1	3200	6249	1.40325	51.4137229024
16.9360721111	1	3210	6273	1.11548	75.5783272297
8.37156486511	1	3220	6288	1.1305	152.898534578
16.5485370159	1	3230	6306	1.1916	77.3482271435
8.59667110443	1	3240	6319	1.1416	148.894843649
34.0181670189	1	3250	6340	1.3272	37.6269538358
25.5302610397	1	3260	6357	1.32388	50.1365809777
15.0865268707	1	3270	6383	0.982694	84.8439147703
14.7646081448	1	3280	6412	0.984644	86.6938009766
7.93751883507	1	3290	6425	0.951469	161.259459864
16.8977060318	1	3300	6448	1.03887	75.7499270961
21.1567850113	1	3310	6462	1.02365	60.5006856815
9.74283790588	1	3320	6485	1.07761	131.378558523
8.67414307594	1	3330	6506	0.927241	147.565008877
11.4721009731	1	3340	6529	1.13015	111.575029107
8.12100410461	1	3350	6546	0.938163	157.615977472
12.0496399403	1	3360	6565	1.15255	106.227240511
22.1247720718	1	3370	6591	1.03852	57.8537033441
10.9151220322	1	3380	6613	0.931828	117.268501097
8.41652083397	1	3390	6634	0.992988	152.081842991
26.7357141972	1	3400	6654	0.914905	47.8760354244
15.7123618126	1	3410	6687	1.17225	81.4645191644
7.95147109032	1	3420	6705	0.923347	160.976501764
25.8651878834	1	3430	6724	1.06206	49.4873652483
8.33008217812	1	3440	6738	1.1387	153.659948681
7.60910892487	1	3450	6759	0.943275	168.219434449
9.67144489288	1	3460	6774	0.935047	132.3483734
9.48794913292	1	3470	6785	1.11031	134.907974534
7.91143488884	1	3480	6805	0.965405	161.79113119
13.3280651569	1	3490	6823	1.23306	96.037945863
9.20874595642	1	3500	6844	1.00501	138.998296408
7.76985096931	1	3510	6863	0.927168	164.739324481
9.41902208328	1	3520	6883	0.995631	135.895211698
8.43641090393	1	3530	6898	0.942583	151.72328785
9.18373894691	1	3540	6913	1.01906	139.376784053
12.0287959576	1	3550	6932	1.11972	106.411315357
8.91958618164	1	3560	6956	1.21804	143.504415332
12.6484658718	1	3570	6972	1.06897	101.198043539
8.07190895081	1	3580	6993	0.968254	158.574633064
11.3960840702	1	3590	7011	0.935139	112.319283722
13.825412035	1	3600	7028	0.903012	92.5831358053
8.0882999897	1	3610	7041	1.10409	158.25327963
7.92202496529	1	3620	7061	1.00766	161.574850573
15.1029829979	1	3630	7082	0.945576	84.7514693077
7.87664413452	1	3640	7098	1.05844	162.505754753
14.9223198891	1	3650	7124	1.08688	85.7775472926
14.9119300842	1	3660	7149	0.903839	85.8373123244
8.54712891579	1	3670	7169	1.1664	149.757890938
13.7279539108	1	3680	7185	0.976896	93.2404062772
11.8199470043	1	3690	7203	0.967827	108.29151768
26.0515770912	1	3700	7232	1.05107	49.1333018158
10.7628610134	1	3710	7253	1.03418	118.927485768
17.3034980297	1	3720	7270	0.970456	73.9734819978
9.10317897797	1	3730	7294	0.93878	140.610220133
9.01108598709	1	3740	7316	0.971244	142.047251778
7.87178301811	1	3750	7338	1.14182	162.606108051
17.7082760334	1	3760	7359	0.942065	72.2825868303
9.61258101463	1	3770	7382	1.03639	133.158825715
8.22847700119	1	3780	7394	0.875017	155.557340662
8.13080000877	1	3790	7410	1.02593	157.426083364
18.5163578987	1	3800	7433	0.986332	69.1280654112
20.1516439915	1	3810	7458	1.06073	63.5183908837
14.819051981	1	3820	7478	0.987563	86.3752959126
13.1663880348	1	3830	7497	1.02138	97.2172471763
9.71390104294	1	3840	7514	1.23369	131.769923776
24.3097290993	1	3850	7534	0.849869	52.6538158765
13.4010829926	1	3860	7554	0.84289	95.5146685317
20.8118588924	1	3870	7576	0.889876	61.5033960501
19.7058498859	1	3880	7601	1.06743	64.9553308996
15.9206311703	1	3890	7625	1.06283	80.3988225285
7.80799984932	1	3900	7642	0.911157	163.934429393
9.05994606018	1	3910	7656	0.944159	141.281194336
15.6839990616	1	3920	7680	0.843994	81.6118385989
12.0781099796	1	3930	7698	0.899723	105.976845894
12.0000081062	1	3940	7720	1.08564	106.666594611
8.61724185944	1	3950	7739	0.931516	148.53940749
8.91382908821	1	3960	7759	0.966163	143.597099219
17.3939509392	1	3970	7789	0.960296	73.5888013296
7.96361804008	1	3980	7802	0.78929	160.730963434
13.613576889	1	3990	7828	0.934103	94.0237830537
11.8945190907	1	4000	7850	0.920698	107.612589483
15.6807160378	1	4010	7877	1.07175	81.6289254214
19.0222358704	1	4020	7907	0.922527	67.2896713469
7.79983115196	1	4030	7927	0.940478	164.106116538
8.21352887154	1	4040	7946	1.05727	155.840445687
13.3204741478	1	4050	7967	0.888777	96.0926755157
9.52268886566	1	4060	7988	0.879238	134.415816589
16.0704209805	1	4070	8010	0.824714	79.6494380301
17.3165941238	1	4080	8034	1.12468	73.9175377586
10.8150148392	1	4090	8057	1.07694	118.353975379
7.49300217628	1	4100	8076	0.850666	170.826054749
12.3564867973	1	4110	8094	0.958779	103.589314746
8.77861714363	1	4120	8113	0.718915	145.808841992
8.38433098793	1	4130	8131	1.01551	152.665728708
12.4255840778	1	4140	8146	1.05989	103.013266176
7.99907279015	1	4150	8162	0.96049	160.018546347
15.7619800568	1	4160	8188	1.12884	81.2080712823
19.194163084	1	4170	8209	0.922982	66.6869398992
33.464828968	1	4180	8232	0.95896	38.2491122612
8.16968393326	1	4190	8253	1.02628	156.676807874
8.09176898003	1	4200	8272	0.768912	158.185435491
11.6275951862	1	4210	8297	0.929614	110.082951762
8.11303281784	1	4220	8317	0.902564	157.770839677
19.4481830597	1	4230	8343	1.0048	65.8159168942
9.10280013084	1	4240	8361	1.03721	140.616072154
14.8051288128	1	4250	8381	0.993373	86.4565257206
13.1043550968	1	4260	8395	0.907274	97.6774507821
8.21212100983	1	4270	8408	0.946646	155.867162511
11.6851570606	1	4280	8419	1.02902	109.540675693
8.15135598183	1	4290	8440	1.12157	157.029088517
9.70616698265	1	4300	8463	1.06004	131.874920583
8.47917604446	1	4310	8482	0.891709	150.958064001
19.389485836	1	4320	8499	1.04312	66.0151594954
13.0475649834	1	4330	8526	0.781031	98.10259628
9.29404306412	1	4340	8547	0.897787	137.722624177
22.7312669754	1	4350	8566	0.657348	56.3101036728
20.8161380291	1	4360	8595	0.812697	61.4907529058
9.85082101822	1	4370	8613	0.8572	129.938407939
18.2937569618	1	4380	8645	1.15914	69.9692251663
13.9799399376	1	4390	8668	0.96669	91.5597638984
8.04537415504	1	4400	8688	0.870309	159.097634906
10.7938518524	1	4410	8707	0.890308	118.586026333
14.9979891777	1	4420	8730	0.8635	85.3447742117
25.9469079971	1	4430	8752	0.923857	49.3315041677
24.2180860043	1	4440	8780	1.20292	52.8530619544
8.78210997581	1	4450	8802	1.02819	145.75085071
22.2627179623	1	4460	8820	0.99067	57.4952259724
8.10239601135	1	4470	8838	0.957753	157.977960866
8.39673686028	1	4480	8859	0.850596	152.440170664
8.84773612022	1	4490	8880	1.00077	144.669775704
18.0961620808	1	4500	8905	1.38858	70.7332302997
7.85918784142	1	4510	8917	0.950309	162.866701475
7.98687505722	1	4520	8930	0.971746	160.262930224
17.6914019585	1	4530	8945	1.05259	72.351530026
9.20365595818	1	4540	8966	0.934251	139.075168152
8.44741106033	1	4550	8984	0.974905	151.525714903
7.95248413086	1	4560	8999	0.656476	160.955995502
12.6871688366	1	4570	9020	0.885667	100.889332875
7.96685814857	1	4580	9040	1.06133	160.665594407
21.2334048748	1	4590	9060	1.14614	60.2823714589
8.43436908722	1	4600	9079	1.00928	151.760017467
20.5196168423	1	4610	9100	1.23185	62.3793324134
12.1034011841	1	4620	9123	0.717792	105.755397225
7.85430788994	1	4630	9138	0.792194	162.967892007
10.5038740635	1	4640	9156	0.889033	121.859800704
8.02647805214	1	4650	9175	1.0167	159.472185893
7.91464781761	1	4660	9195	0.903745	161.72545254
9.78947520256	1	4670	9217	0.90523	130.752667892
9.48940587044	1	4680	9237	1.00016	134.887264543
9.03627800941	1	4690	9258	0.928703	141.651241658
22.1059811115	1	4700	9281	1.03519	57.9028812855
10.1951010227	1	4710	9304	0.979153	125.550496964
10.3576388359	1	4720	9329	1.02904	123.580288933
15.7727169991	1	4730	9352	1.02959	81.1527906116
16.5397720337	1	4740	9366	0.930367	77.389216574
30.417320013	1	4750	9388	0.880751	42.0812878798
21.2816140652	1	4760	9411	0.814551	60.1458139444
9.74349498749	1	4770	9428	0.947667	131.369698619
9.85319495201	1	4780	9449	0.75282	129.907101832
14.3030629158	1	4790	9470	0.898389	89.4913213719
9.17202615738	1	4800	9492	0.84742	139.55476991
10.2461910248	1	4810	9509	0.818337	124.924471631
10.7039978504	1	4820	9525	0.961169	119.581488887
14.4276101589	1	4830	9546	0.983923	88.7187819674
9.31839895248	1	4840	9567	1.00011	137.362652804
23.5438928604	1	4850	9589	0.933439	54.3665402994
9.27815198898	1	4860	9603	0.937239	137.958507418
21.8510069847	1	4870	9621	1.14078	58.5785360325
14.7820231915	1	4880	9640	0.903074	86.5916649854
17.8842689991	1	4890	9663	0.859066	71.5712786508
12.9661200047	1	4900	9679	0.911487	98.7188148452
19.6100649834	1	4910	9705	1.0129	65.2726036903
20.8262410164	1	4920	9737	0.884187	61.4609232167
22.719137907	1	4930	9758	1.00265	56.3401659534
9.0303030014	1	4940	9779	1.21967	141.744966897
8.455327034	1	4950	9799	0.878053	151.3838548
20.3589689732	1	4960	9832	0.925595	62.8715531561
9.69396901131	1	4970	9853	0.873195	132.040859477
13.3990268707	1	4980	9873	1.04155	95.529325551
12.2656271458	1	4990	9891	0.998888	104.356669642
7.9025580883	1	5000	9905	1.14655	161.972868241
15.9901149273	1	5010	9924	0.8533	80.0494559182
6.41718292236	1	5020	9940	0.880815	199.46447148
9.25338292122	1	5030	9958	0.896964	138.327788972
8.16710019112	1	5040	9977	0.846914	156.726374117
6.59241199493	1	5050	9990	1.01968	194.162622267
9.00342082977	1	5060	10013	0.965879	142.168185204
11.6413121223	1	5070	10028	0.636193	109.953241228
10.614978075	1	5080	10046	0.928495	120.584328197
7.86149287224	1	5090	10067	0.884595	162.818948106
5.69863796234	1	5100	10082	1.00867	224.615076174
5.44570016861	1	5110	10099	0.954873	235.04782863
8.54913878441	1	5120	10116	0.794497	149.722683451
6.32756400108	1	5130	10128	0.870949	202.289538246
9.45748615265	1	5140	10151	0.827466	135.342519073
6.32782101631	1	5150	10166	0.705369	202.281321912
13.6969079971	1	5160	10186	1.00009	93.4517483996
5.38300299644	1	5170	10200	0.908028	237.785489038
15.6362919807	1	5180	10217	1.00611	81.860840254
7.4774210453	1	5190	10238	0.890537	171.182014794
5.45671486855	1	5200	10254	1.06371	234.573370762
7.84526395798	1	5210	10271	0.747598	163.155759558
6.82258319855	1	5220	10286	1.06714	187.612222929
14.5263009071	1	5230	10308	1.01832	88.1160323046
14.064852953	1	5240	10334	0.876531	91.0069948318
15.9417641163	1	5250	10373	0.804421	80.2922431083
5.36866402626	1	5260	10392	0.830085	238.420581683
17.4785139561	1	5270	10416	0.844914	73.2327704299
7.33920788765	1	5280	10432	0.693053	174.405742363
5.92694807053	1	5290	10444	0.881811	215.962749255
12.988656044	1	5300	10476	0.967852	98.5475322207
7.3371078968	1	5310	10494	1.06142	174.455659914
5.51377296448	1	5320	10510	0.878264	232.145938588
7.66738796234	1	5330	10526	0.885749	166.940815606
15.191395998	1	5340	10544	1.08481	84.2582209146
9.24976301193	1	5350	10568	0.893144	138.381923769
8.84906315804	1	5360	10587	0.893039	144.648080496
5.64716887474	1	5370	10602	0.872515	226.662249419
9.58304309845	1	5380	10626	0.769871	133.569262587
9.43790102005	1	5390	10654	0.786901	135.623376138
13.5417358875	1	5400	10686	0.824235	94.5225937525
17.6478841305	1	5410	10710	0.997914	72.529941297
5.41427302361	1	5420	10730	0.793959	236.412163631
5.31989383698	1	5430	10746	1.00388	240.606305168
5.87509799004	1	5440	10763	0.872419	217.86870656
7.73229312897	1	5450	10788	0.913067	165.539507964
5.40157794952	1	5460	10808	0.840314	236.967791997
12.3079040051	1	5470	10826	1.13141	103.998211188
5.45413589478	1	5480	10843	0.928504	234.684288161
7.74459409714	1	5490	10856	0.670622	165.276576661
11.8632619381	1	5500	10876	0.784339	107.896125592
7.43221902847	1	5510	10899	1.14393	172.22312678
5.47417092323	1	5520	10918	0.86104	233.825362406
7.48908901215	1	5530	10944	1.15879	170.915313989
6.06153917313	1	5540	10960	0.845622	211.167487901
8.09977388382	1	5550	10974	0.91954	158.029102832
8.26721310616	1	5560	10988	0.94167	154.828475275
8.36571502686	1	5570	11004	1.01756	153.005450926
5.46569991112	1	5580	11024	0.987818	234.187756521
8.53901910782	1	5590	11042	0.762724	149.900121295
6.11968278885	1	5600	11059	0.844543	209.161168016
5.39869117737	1	5610	11078	0.879114	237.094502713
9.66122102737	1	5620	11098	0.859524	132.4884294
10.6374349594	1	5630	11125	1.02151	120.329760406
5.92385387421	1	5640	11144	0.88287	216.075552703
5.44948816299	1	5650	11162	0.737349	234.884444505
5.50468802452	1	5660	11175	0.801328	232.529072365
9.2316198349	1	5670	11201	0.890085	138.65388988
8.92733001709	1	5680	11219	1.4031	143.379935272
5.46471905708	1	5690	11231	0.855371	234.229790522
6.62333703041	1	5700	11245	0.837008	193.256057199
9.02958798409	1	5710	11261	0.85869	141.756191119
10.9683718681	1	5720	11276	0.982697	116.699179731
5.9736020565	1	5730	11296	0.829939	214.276074618
6.51046991348	1	5740	11314	0.951504	196.606392013
7.51765608788	1	5750	11330	1.03874	170.265836191
5.47578501701	1	5760	11350	0.806854	233.756437848
6.61630105972	1	5770	11372	0.860244	193.46157142
10.9126639366	1	5780	11398	0.777552	117.29491602
12.7469880581	1	5790	11424	1.07567	100.41587818
12.0797059536	1	5800	11448	0.95209	105.962844205
14.3077540398	1	5810	11464	0.979447	89.4619795981
15.7983520031	1	5820	11487	1.01775	81.0211090213
5.46711206436	1	5830	11508	0.922334	234.1272659
11.6777348518	1	5840	11539	1.11132	109.61029825
11.5978350639	1	5850	11559	0.896728	110.365425353
6.83661794662	1	5860	11574	0.86606	187.227077773
11.5314941406	1	5870	11591	0.942888	111.000359918
13.8027780056	1	5880	11614	0.776321	92.7349552011
8.05876994133	1	5890	11634	0.820071	158.833172968
6.31277704239	1	5900	11653	0.773482	202.763378368
6.04455900192	1	5910	11670	1.17607	211.760692483
14.6751968861	1	5920	11689	0.906068	87.2219984466
5.38926291466	1	5930	11718	0.91875	237.509288426
6.03003120422	1	5940	11729	0.951193	212.270875
5.50689888	1	5950	11746	1.00203	232.435718885
6.21660113335	1	5960	11763	1.22829	205.900293833
12.7628488541	1	5970	11782	1.00386	100.291088192
7.36188197136	1	5980	11805	0.922313	173.868584824
16.7097189426	1	5990	11824	0.771706	76.6021262472
16.4710371494	1	6000	11853	1.03235	77.7121676302
5.96571803093	1	6010	11875	0.96729	214.559252275
5.29475784302	1	6020	11888	0.914985	241.748544117
5.58873820305	1	6030	11906	1.07269	229.032020019
5.2705309391	1	6040	11926	0.935393	242.859782969
7.59745407104	1	6050	11946	0.885286	168.477491016
7.00449180603	1	6060	11957	0.823052	182.739881129
5.47242116928	1	6070	11968	0.74008	233.900125814
11.2575008869	1	6080	11980	0.782567	113.701967502
8.85521101952	1	6090	12008	0.913379	144.547656423
8.34854507446	1	6100	12030	0.956634	153.320128068
6.19941496849	1	6110	12046	0.746283	206.471095499
12.8012368679	1	6120	12060	0.795252	99.9903379031
5.64994215965	1	6130	12071	0.744905	226.550991821
9.73601984978	1	6140	12094	1.00961	131.470561867
8.94496011734	1	6150	12119	1.02333	143.09734009
8.78421401978	1	6160	12144	0.847071	145.715939652
5.52019000053	1	6170	12164	0.913697	231.876076707
9.17273283005	1	6180	12183	0.803232	139.544018529
23.952986002	1	6190	12236	0.734424	53.4380139451
7.45829319954	1	6200	12252	0.800019	171.621035236
5.95314502716	1	6210	12269	0.78761	215.012400027
10.637169838	1	6220	12280	0.901718	120.332759512
6.00951099396	1	6230	12301	0.93582	212.995699864
7.66312193871	1	6240	12320	0.781854	167.033750766
5.34757399559	1	6250	12338	0.823131	239.360876737
17.387275219	1	6260	12354	1.01543	73.6170552246
7.04456281662	1	6270	12377	0.902167	181.700416807
12.0335049629	1	6280	12400	0.976814	106.369674001
5.85843014717	1	6290	12419	0.810822	218.488565681
6.38276004791	1	6300	12438	0.836084	200.540203672
12.497948885	1	6310	12454	0.894303	102.416805492
9.16485905647	1	6320	12476	0.746624	139.663904498
16.1344978809	1	6330	12496	0.888068	79.3331164965
6.46693015099	1	6340	12518	0.854417	197.930079669
11.4565420151	1	6350	12540	0.750409	111.726557483
9.54559397697	1	6360	12557	0.788242	134.09327938
15.1276390553	1	6370	12577	0.849273	84.6133355856
11.7686879635	1	6380	12604	0.816692	108.763186174
5.54606699944	1	6390	12628	0.937365	230.79418264
11.567953825	1	6400	12648	0.938085	110.650510831
8.15385007858	1	6410	12665	0.851368	156.981056515
11.0489871502	1	6420	12682	0.741034	115.847722746
5.39517784119	1	6430	12703	0.937946	237.248898494
5.43610310555	1	6440	12720	0.774313	235.462789272
8.80530500412	1	6450	12730	1.0473	145.366912265
7.10620498657	1	6460	12750	0.873185	180.124272016
5.27674198151	1	6470	12769	0.835389	242.57392241
9.93334007263	1	6480	12787	0.823631	128.858972978
5.56152701378	1	6490	12806	0.927455	230.152617587
5.63581776619	1	6500	12826	0.818983	227.118770177
8.52689814568	1	6510	12846	0.948468	150.113203903
10.4728989601	1	6520	12870	0.762629	122.220218573
12.6880140305	1	6530	12885	1.03919	100.882612277
5.35629987717	1	6540	12900	0.693336	238.970936907
8.77216005325	1	6550	12919	1.03897	145.916170274
8.57854294777	1	6560	12944	1.09918	149.209487881
5.5739300251	1	6570	12964	0.858642	229.640486019
18.6123490334	1	6580	13003	0.78402	68.7715450482
5.92845606804	1	6590	13013	0.846945	215.907815679
6.43235707283	1	6600	13024	0.847171	198.993927966
7.5524058342	1	6610	13047	0.937003	169.482417669
12.0973830223	1	6620	13074	0.97457	105.808008033
6.24570703506	1	6630	13093	0.957675	204.940768565
8.36016392708	1	6640	13118	0.678399	153.107045647
9.76201605797	1	6650	13131	0.821119	131.120456307
5.99044394493	1	6660	13152	1.12006	213.673646188
9.52813816071	1	6670	13176	0.834877	134.338942027
13.9483478069	1	6680	13195	0.809088	91.767141006
6.12197804451	1	6690	13216	0.98284	209.082749186
15.8656160831	1	6700	13235	0.855698	80.6776108341
6.2867629528	1	6710	13252	0.908148	203.602395956
8.23399806023	1	6720	13268	0.851903	155.453036379
8.33939790726	1	6730	13279	0.773605	153.488299064
10.277985096	1	6740	13294	0.911481	124.538028422
6.94294404984	1	6750	13307	0.812644	184.3598322
7.07214093208	1	6760	13323	1.17223	180.991868275
14.019865036	1	6770	13350	0.925879	91.2990243995
12.1262798309	1	6780	13376	0.88567	105.555868564
6.12661719322	1	6790	13394	0.887455	208.924429197
8.23957180977	1	6800	13405	0.960541	155.347878452
5.46832323074	1	6810	13416	1.03346	234.075409589
8.05822777748	1	6820	13430	0.953705	158.843859388
5.41370916367	1	6830	13442	0.766295	236.436786924
5.57916283607	1	6840	13462	0.90786	229.425101509
6.60499000549	1	6850	13482	0.851628	193.79287462
6.03509020805	1	6860	13504	1.10753	212.092935793
8.80713295937	1	6870	13524	0.869398	145.336740788
18.739251852	1	6880	13558	0.865565	68.3058219243
6.22852301598	1	6890	13578	1.03531	205.506184487
5.11379909515	1	6900	13596	0.854574	250.303145701
11.3614959717	1	6910	13614	0.779487	112.661220247
5.25834202766	1	6920	13630	0.868145	243.422735392
6.99613595009	1	6930	13650	0.916848	182.958137053
5.39136695862	1	6940	13668	0.941789	237.41659765
7.1892580986	1	6950	13685	0.900629	178.04340621
6.75451087952	1	6960	13702	0.901763	189.502988867
6.76273298264	1	6970	13721	0.91109	189.272591907
7.20526003838	1	6980	13739	0.752056	177.647995101
5.75685501099	1	6990	13752	0.90658	222.34362296
10.9006609917	1	7000	13782	0.85986	117.424071896
5.3966691494	1	7010	13797	0.804493	237.183337456
5.4430809021	1	7020	13816	0.958679	235.160936062
6.38498497009	1	7030	13828	0.785732	200.470323109
11.0219769478	1	7040	13840	0.859872	116.131616503
12.6811351776	1	7050	13860	0.85049	100.93733582
6.50084590912	1	7060	13875	0.809729	196.897452715
5.83224511147	1	7070	13888	0.698775	219.469513976
12.5975379944	1	7080	13907	0.927904	101.607155348
8.38597798347	1	7090	13926	0.816263	152.63574535
11.7653717995	1	7100	13944	0.924937	108.793841947
5.41294002533	1	7110	13964	0.842949	236.470382825
5.36557197571	1	7120	13984	0.862159	238.557977751
6.90938711166	1	7130	14008	0.99131	185.25521574
8.73319005966	1	7140	14033	0.778479	146.567289989
5.66130399704	1	7150	14047	1.02385	226.096319977
6.20704293251	1	7160	14066	0.884212	206.21735888
5.42665195465	1	7170	14082	0.927927	235.872875338
5.34377717972	1	7180	14100	0.746071	239.530945425
7.33209395409	1	7190	14110	0.892773	174.574958806
7.89099001884	1	7200	14131	0.690816	162.210317963
9.96292591095	1	7210	14145	0.97709	128.476314231
7.31807804108	1	7220	14160	0.752442	174.909312639
5.49246692657	1	7230	14180	0.920843	233.046464751
14.1435370445	1	7240	14198	0.99314	90.5006997875
5.9772670269	1	7250	14216	0.829524	214.144690916
5.31700992584	1	7260	14236	0.799692	240.736808442
16.7412700653	1	7270	14263	0.998957	76.4577594774
8.16057085991	1	7280	14279	1.14947	156.851772011
5.88123106956	1	7290	14299	0.964844	217.641508191
13.6172950268	1	7300	14325	0.917289	93.9981103063
11.1777570248	1	7310	14339	0.795179	114.513135074
8.45046496391	1	7320	14350	0.759341	151.470955204
6.49131298065	1	7330	14363	0.952781	197.18660983
9.92118597031	1	7340	14377	0.828861	129.016833656
7.95143508911	1	7350	14393	0.901375	160.977230607
5.15980386734	1	7360	14410	0.958723	248.07144475
11.1658461094	1	7370	14440	0.762654	114.635289387
5.29275989532	1	7380	14458	0.846957	241.839801033
9.70866703987	1	7390	14484	0.871021	131.840961766
5.24940800667	1	7400	14504	0.748433	243.837019027
7.62791895866	1	7410	14529	0.893229	167.804614461
9.94335913658	1	7420	14558	0.940801	128.729132924
9.86876487732	1	7430	14584	0.822329	129.702147727
12.9282910824	1	7440	14603	0.946407	99.0076717676
5.18700098991	1	7450	14629	0.899109	246.770725992
5.56272912025	1	7460	14641	0.9365	230.102881576
11.6473219395	1	7470	14662	0.870638	109.896507253
11.8403589725	1	7480	14692	0.782348	108.104830518
12.7648770809	1	7490	14712	0.809578	100.275152819
20.2607297897	1	7500	14747	0.752979	63.176401506
9.72229909897	1	7510	14765	0.930881	131.65610181
12.1612689495	1	7520	14788	0.758631	105.252174367
5.35331106186	1	7530	14808	1.01001	239.104357137
7.57152104378	1	7540	14825	0.956282	169.054539055
12.9547879696	1	7550	14838	0.903295	98.8051678657
10.1605000496	1	7560	14852	0.927054	125.978051646
11.759978056	1	7570	14875	1.05218	108.843740516
5.39837098122	1	7580	14893	0.784214	237.108565612
17.6955709457	1	7590	14913	1.02106	72.3344843704
8.22300386429	1	7600	14939	1.0159	155.66087784
10.8073530197	1	7610	14956	0.88355	118.437881844
11.163187027	1	7620	14986	0.95366	114.662595629
7.19145703316	1	7630	15006	0.902084	177.98896581
10.8569629192	1	7640	15029	0.94558	117.896690771
9.93965005875	1	7650	15048	0.836154	128.777169461
5.33187508583	1	7660	15060	0.88116	240.065639085
9.47425889969	1	7670	15076	0.842295	135.102915548
10.0591270924	1	7680	15098	1.07929	127.247621811
5.50792384148	1	7690	15118	0.818646	232.392465263
5.49907517433	1	7700	15130	0.892753	232.766412428
6.24872088432	1	7710	15142	0.712177	204.841922642
6.1763279438	1	7720	15161	0.936441	207.242881474
10.5503320694	1	7730	15185	0.895672	121.323195477
6.3812789917	1	7740	15204	0.988347	200.586747839
5.48717713356	1	7750	15220	0.823026	233.271128095
14.553650856	1	7760	15249	0.810757	87.9504402478
5.5520169735	1	7770	15266	0.82354	230.546845608
7.27790403366	1	7780	15284	0.795331	175.874811495
5.52071905136	1	7790	15298	0.694349	231.853856009
7.52825689316	1	7800	15317	0.865317	170.026078834
28.479817152	1	7810	15365	0.919866	44.944108776
11.548416853	1	7820	15380	0.888913	110.837703237
6.89975714684	1	7830	15390	0.786718	185.51377574
6.38050985336	1	7840	15405	0.765031	200.610927562
5.41760516167	1	7850	15417	0.875747	236.266756584
5.75264883041	1	7860	15435	0.742886	222.506194578
13.1726732254	1	7870	15466	0.878772	97.1708610771
6.49013185501	1	7880	15484	0.843007	197.222495412
19.594990015	1	7890	15504	0.785036	65.3228197115
8.29149103165	1	7900	15524	0.808675	154.375129288
6.93844199181	1	7910	15541	0.766914	184.479455404
5.37405705452	1	7920	15560	0.953072	238.181319442
16.2290148735	1	7930	15581	0.771752	78.871084288
23.2269389629	1	7940	15605	0.82634	55.1084239745
5.75242710114	1	7950	15624	0.799781	222.514771156
11.4004349709	1	7960	15643	0.894871	112.27641781
9.07295703888	1	7970	15659	0.797455	141.078591524
13.2925179005	1	7980	15680	0.806159	96.2947734646
10.3279480934	1	7990	15705	1.02612	123.935557036
14.0111649036	1	8000	15730	0.858433	91.3557158739
16.8065271378	1	8010	15764	0.746422	76.160886155
6.46444892883	1	8020	15785	0.854207	198.006050336
13.7048740387	1	8030	15802	0.843011	93.3974290012
6.15269804001	1	8040	15818	0.822838	208.038813489
10.2787899971	1	8050	15832	0.801172	124.528276223
6.05636787415	1	8060	15842	0.845151	211.347795675
8.77058410645	1	8070	15860	0.816753	145.942389294
5.26501107216	1	8080	15876	0.933446	243.114398518
5.33973479271	1	8090	15896	0.886437	239.712279671
6.52961111069	1	8100	15914	0.827206	196.030051147
11.930357933	1	8110	15934	0.903207	107.289320839
9.07672715187	1	8120	15964	0.920622	141.019993064
7.78308987617	1	8130	15984	0.773088	164.459105621
5.5986199379	1	8140	16001	0.747001	228.627771522
11.6711091995	1	8150	16027	0.865	109.672523675
9.80455994606	1	8160	16056	1.04579	130.551499205
12.964594841	1	8170	16072	0.647759	98.7304281929
5.50558805466	1	8180	16094	0.879789	232.4910595
15.4671850204	1	8190	16116	1.01939	82.7558471893
5.4168241024	1	8200	16126	0.822045	236.30082421
7.8070499897	1	8210	16146	0.89018	163.954374788
5.40112185478	1	8220	16162	0.898527	236.987802611
24.2516000271	1	8230	16185	0.757908	52.7800227024
8.49122714996	1	8240	16206	0.75022	150.743817989
8.07910680771	1	8250	16228	0.921093	158.433355378
8.61404514313	1	8260	16242	0.996444	148.594531226
7.93378591537	1	8270	16256	0.815717	161.335333932
8.01718497276	1	8280	16276	0.854689	159.65703727
9.04530715942	1	8290	16294	0.877415	141.50984344
9.6843059063	1	8300	16312	0.791349	132.172611273
5.37981510162	1	8310	16324	1.01159	237.926392603
6.41208696365	1	8320	16339	0.907288	199.622994394
9.06016492844	1	8330	16350	0.902741	141.277781377
6.0307469368	1	8340	16368	0.946874	212.245682569
19.4701201916	1	8350	16389	0.947484	65.7417616022
6.81479477882	1	8360	16406	0.9278	187.826639179
8.14631819725	1	8370	16430	0.80616	157.12619726
6.13185286522	1	8380	16443	1.00195	208.746039433
13.6295950413	1	8390	16454	0.765867	93.9132818051
13.2720389366	1	8400	16477	0.896248	96.4433578076
8.26237607002	1	8410	16489	0.789797	154.919116384
13.9889359474	1	8420	16518	0.88347	91.5008836134
5.42124605179	1	8430	16529	0.732583	236.108080646
5.35541009903	1	8440	16540	0.942212	239.01064089
10.1307427883	1	8450	16562	0.810716	126.348089844
5.2905561924	1	8460	16576	0.914563	241.940535825
5.88313889503	1	8470	16592	0.856824	217.570929879
10.4570960999	1	8480	16622	0.78301	122.404918897
5.0375828743	1	8490	16642	0.889103	254.090112647
5.3166270256	1	8500	16663	0.788009	240.75414616
12.7848889828	1	8510	16691	0.766651	100.118194356
5.97544002533	1	8520	16705	0.807494	214.210166042
5.17446804047	1	8530	16721	0.868633	247.368423187
7.02945709229	1	8540	16742	0.866993	182.090876037
9.09688282013	1	8550	16762	0.955978	140.707539638
8.66282010078	1	8560	16777	0.788431	147.757887744
5.19854402542	1	8570	16789	0.751717	246.222787331
6.06173801422	1	8580	16802	0.873442	211.160561047
5.2109708786	1	8590	16820	0.695279	245.635607993
9.88781714439	1	8600	16841	1.05299	129.452232106
11.7126038074	1	8610	16860	0.786397	109.283983395
9.90520119667	1	8620	16880	0.980152	129.225037895
17.8333280087	1	8630	16901	0.777074	71.7757223654
5.52020287514	1	8640	16918	0.907673	231.875535909
5.91362905502	1	8650	16931	1.02481	216.44915298
6.96951794624	1	8660	16942	0.889509	183.656891319
6.10279607773	1	8670	16959	0.846138	209.739926371
5.39305496216	1	8680	16978	0.83913	237.342287253
8.75301098824	1	8690	17000	0.78954	146.235392795
19.4666740894	1	8700	17027	0.898575	65.7533995853
8.98657393456	1	8710	17046	0.902188	142.434704184
7.51966285706	1	8720	17065	0.840854	170.220397421
5.66203713417	1	8730	17082	0.861176	226.067044364
12.0978219509	1	8740	17106	0.824103	105.804169147
16.3263409138	1	8750	17139	0.807999	78.4009109426
5.51866102219	1	8760	17154	0.877203	231.940319374
14.0364360809	1	8770	17178	0.818631	91.1912391878
5.45074391365	1	8780	17198	1.08149	234.83033147
14.57173419	1	8790	17221	0.909128	87.8412948872
10.8957569599	1	8800	17246	0.677129	117.476922871
10.5083730221	1	8810	17270	1.03575	121.807628765
10.4404809475	1	8820	17288	0.727228	122.599716089
18.2831468582	1	8830	17307	0.88545	70.0098298136
5.50449514389	1	8840	17327	0.863985	232.537220315
13.7462809086	1	8850	17344	0.923104	93.1160950742
12.5998129845	1	8860	17360	0.821703	101.588809419
7.48297905922	1	8870	17376	0.763046	171.054868639
5.27593898773	1	8880	17386	0.808766	242.610841971
10.1478919983	1	8890	17407	0.888219	126.13457063
6.52315306664	1	8900	17421	0.730566	196.22412458
5.31346487999	1	8910	17434	0.770215	240.897423604
6.50474619865	1	8920	17447	0.824075	196.779391679
5.35766983032	1	8930	17463	0.831888	238.909832173
8.33443212509	1	8940	17478	1.0725	153.57974974
5.36655497551	1	8950	17498	0.860004	238.514280733
5.8205909729	1	8960	17512	0.800426	219.908941542
11.5803570747	1	8970	17537	0.881245	110.531997566
7.09248185158	1	8980	17563	0.791501	180.472791723
11.0836939812	1	8990	17587	0.84115	115.484963964
11.287979126	1	9000	17600	1.02971	113.394965185
7.15045690536	1	9010	17610	0.867278	179.009539802
9.71014714241	1	9020	17623	0.953366	131.820865454
22.8580060005	1	9030	17643	0.977669	55.9978853786
10.729156971	1	9040	17664	0.786029	119.301078683
6.50424981117	1	9050	17683	0.789528	196.794409372
5.25566720963	1	9060	17699	0.897442	243.546622902
5.10162401199	1	9070	17716	0.81668	250.900496977
5.07505583763	1	9080	17732	0.7428	252.213973787
9.21879196167	1	9090	17752	0.888137	138.846825628
5.34186315536	1	9100	17778	1.15727	239.616770923
11.8001558781	1	9110	17798	0.794155	108.47314334
9.16565299034	1	9120	17817	0.776004	139.651806734
5.35732507706	1	9130	17831	0.860092	238.92520644
14.3131248951	1	9140	17844	0.851822	89.4284098952
7.18101406097	1	9150	17864	0.757973	178.24780583
12.1951050758	1	9160	17890	0.884964	104.960145242
11.8408138752	1	9170	17918	0.848338	108.100677326
11.0860881805	1	9180	17940	0.762391	115.460023333
15.7250800133	1	9190	17966	0.810092	81.3986319255
6.03980779648	1	9200	17994	0.708097	211.927273703
18.0797212124	1	9210	18022	0.821261	70.7975518518
14.2862868309	1	9220	18044	0.773593	89.5964091405
16.4313180447	1	9230	18072	0.885711	77.900019738
8.50129795074	1	9240	18089	0.923778	150.565243968
5.98444795609	1	9250	18110	0.857101	213.8877319
7.19804811478	1	9260	18129	0.776293	177.825985544
8.64539289474	1	9270	18146	0.836741	148.05573507
8.17006397247	1	9280	18165	0.954014	156.669519885
7.01544308662	1	9290	18176	0.89227	182.454619643
5.48051095009	1	9300	18194	0.961536	233.554865898
5.61079001427	1	9310	18209	0.884185	228.131866768
17.905244112	1	9320	18241	0.895695	71.4874364176
5.25168800354	1	9330	18258	0.895707	243.731158275
5.22281002998	1	9340	18272	0.799947	245.078797171
11.1515579224	1	9350	18286	0.809131	114.782168457
10.3442211151	1	9360	18308	0.763598	123.740587692
8.79818987846	1	9370	18325	0.884646	145.484470974
12.122150898	1	9380	18341	0.918784	105.59182201
13.7860431671	1	9390	18361	1.02255	92.8475258988
6.57891082764	1	9400	18383	0.858846	194.561080631
11.6461241245	1	9410	18402	0.878101	109.907810213
6.9480919838	1	9420	18416	0.639557	184.223237543
5.60183000565	1	9430	18437	0.904275	228.496758865
5.47905111313	1	9440	18454	0.823942	233.617094196
6.27384281158	1	9450	18472	0.865603	204.021687894
5.83839607239	1	9460	18492	0.878925	219.238294924
6.14726209641	1	9470	18506	0.981793	208.222779495
11.5581998825	1	9480	18531	0.636268	110.743888582
15.3222410679	1	9490	18552	0.865108	83.5386934802
8.72326803207	1	9500	18566	0.88647	146.733998691
12.9416718483	1	9510	18584	0.796425	98.9053048945
6.18389511108	1	9520	18604	0.821661	206.989280544
10.3013398647	1	9530	18629	1.00314	124.25568099
21.451884985	1	9540	18652	0.879341	59.6684161274
6.3494951725	1	9550	18675	1.15808	201.5908297
23.4650738239	1	9560	18708	0.677485	54.5491571688
5.36041712761	1	9570	18725	0.774526	238.787387162
5.49605703354	1	9580	18738	1.00525	232.894235302
18.3010258675	1	9590	18777	0.842582	69.9414343912
7.32776498795	1	9600	18797	0.7873	174.678091083
14.1955010891	1	9610	18813	0.854141	90.1694129687
9.32805299759	1	9620	18826	0.915955	137.22048967
5.32593894005	1	9630	18841	0.903002	240.333209676
7.08572912216	1	9640	18860	0.717378	180.644783047
5.7587480545	1	9650	18879	0.950526	222.270533089
16.140078783	1	9660	18903	1.03612	79.3056847619
8.13990116119	1	9670	18929	0.888342	157.250066635
10.7161579132	1	9680	18950	0.840476	119.44579488
15.0212609768	1	9690	18967	0.911065	85.2125531923
17.9967091084	1	9700	19009	0.792663	71.1241145419
11.4970898628	1	9710	19031	0.879398	111.332521122
28.5285329819	1	9720	19065	0.965921	44.8673614172
6.37489509583	1	9730	19085	0.929903	200.787617798
5.48817706108	1	9740	19106	1.0435	233.228626874
13.3588199615	1	9750	19126	0.741116	95.8168463745
5.43097496033	1	9760	19146	1.10967	235.685122717
5.78815793991	1	9770	19165	0.847146	221.141166721
7.0489192009	1	9780	19186	0.85756	181.588122025
6.93704485893	1	9790	19201	0.829647	184.516609886
10.5129089355	1	9800	19222	0.757917	121.755073486
13.0858151913	1	9810	19243	0.726253	97.8158396165
10.1287999153	1	9820	19270	0.776973	126.372325518
24.8352758884	1	9830	19312	0.943143	51.5395925437
5.40131306648	1	9840	19323	0.715019	236.979413014
13.6145370007	1	9850	19346	1.01486	94.0171523966
12.9233930111	1	9860	19368	0.701331	99.0451964822
11.3325591087	1	9870	19402	0.771665	112.948892454
7.34019780159	1	9880	19424	0.611615	174.382221651
12.6172292233	1	9890	19446	0.793752	101.448580933
9.92803382874	1	9900	19465	0.984372	128.927844333
6.26542901993	1	9910	19482	0.787865	204.295666893
7.609167099	1	9920	19502	0.712525	168.218148366
5.25281405449	1	9930	19522	0.856696	243.678909385
9.85312795639	1	9940	19548	0.841232	129.907985126
5.30286002159	1	9950	19563	0.732489	241.379179309
27.5744597912	1	9960	19602	1.10186	46.4197670487
12.9292800426	1	9970	19625	0.77617	99.0000986735
5.27792310715	1	9980	19643	0.857714	242.519637747
10.8208100796	1	9990	19661	0.930397	118.290589206
7.47961187363	1	10000	19676	0.896488	171.131874438
6.00292396545	1	10010	19689	0.89581	213.229420757
11.656883955	1	10020	19709	0.98845	109.80636034
11.7899961472	1	10030	19726	0.820858	108.566617327
11.2678589821	1	10040	19748	0.850112	113.5974458
7.0504488945	1	10050	19765	0.85403	181.54872394
9.70614218712	1	10060	19778	0.880513	131.875257473
5.52048897743	1	10070	19790	0.724629	231.863518835
12.4344959259	1	10080	19810	0.862508	102.939436196
10.3091959953	1	10090	19825	0.929622	124.160991854
14.1168589592	1	10100	19845	0.795667	90.6717283002
6.04118609428	1	10110	19864	0.800468	211.878922454
9.63996481895	1	10120	19886	0.863255	132.780567568
10.3429481983	1	10130	19903	1.08233	123.755816568
5.42133593559	1	10140	19918	0.819218	236.104166059
6.50133299828	1	10150	19934	0.850062	196.882700877
23.2836260796	1	10160	19976	1.11731	54.9742551107
Training elapsed time: 11276.8408439 s
