Duration	Worker	LocalStep	GlobalStep	Loss	ExamplesPerSec
29.2774090767	1	10	24	4.45305	43.7197156568
8.32956790924	1	20	39	4.30222	153.669435671
8.53438901901	1	30	54	4.35619	149.981445321
8.14424705505	1	40	72	4.38473	157.166155612
8.39554309845	1	50	92	4.23757	152.461846124
8.17987179756	1	60	110	4.14375	156.481670089
12.7228550911	1	70	131	4.18613	100.606349034
15.3649060726	1	80	152	4.08961	83.3067246848
11.1622488499	1	90	167	4.31797	114.672232918
9.93588209152	1	100	184	3.88611	128.826005402
9.71100902557	1	110	200	3.85292	131.80916593
14.1150829792	1	120	221	3.89228	90.6831367471
8.52221488953	1	130	241	3.69018	150.195696376
8.61433815956	1	140	261	3.64789	148.589476788
11.0795209408	1	150	279	3.81875	115.528460738
8.82166695595	1	160	299	3.76536	145.09729356
9.29255199432	1	170	319	3.93372	137.744722955
11.0014960766	1	180	339	3.766	116.347812251
7.97096705437	1	190	358	3.77092	160.582773868
13.6635358334	1	200	382	3.61422	93.6799973016
9.33079314232	1	210	399	3.58017	137.18019256
7.95314288139	1	220	420	3.41703	160.942663685
8.26054406166	1	230	440	3.43932	154.953474062
19.592550993	1	240	464	3.3663	65.3309515672
9.25487709045	1	250	477	3.39594	138.305456409
14.6158938408	1	260	504	3.55262	87.575896072
8.24096107483	1	270	519	3.26247	155.321689834
15.8169751167	1	280	545	3.30404	80.9257137065
15.8428719044	1	290	570	3.02259	80.7934323856
15.5976569653	1	300	597	3.18098	82.0636075567
12.7855911255	1	310	612	2.8979	100.112696193
8.01034998894	1	320	623	2.86611	159.793267681
13.7137060165	1	330	642	2.93917	93.3372786653
8.29517292976	1	340	660	3.06475	154.306608294
10.6275980473	1	350	683	2.93026	120.441137716
14.8822538853	1	360	702	2.95981	86.0084776048
10.458976984	1	370	722	2.89595	122.382906278
25.8131070137	1	380	755	2.78111	49.5872116177
15.349063158	1	390	774	2.90008	83.392711778
12.8175168037	1	400	791	2.81868	99.8633369941
13.6208291054	1	410	811	2.50869	93.9737214304
8.42162704468	1	420	828	2.93439	151.989632551
10.0116100311	1	430	846	2.77266	127.851563936
8.37209892273	1	440	864	3.17458	152.888781154
15.1985599995	1	450	885	2.63831	84.218504914
17.5858209133	1	460	902	2.76396	72.7859112355
8.15816998482	1	470	921	2.74285	156.897932059
13.4242081642	1	480	938	2.63904	95.3501304764
12.0221698284	1	490	963	2.64532	106.469964929
7.80883908272	1	500	981	2.76868	163.916810993
12.4922809601	1	510	996	2.38257	102.463273448
8.84080815315	1	520	1012	2.53367	144.78314401
12.5718238354	1	530	1033	2.50679	101.814980608
10.5315761566	1	540	1049	2.52296	121.539262591
9.73877096176	1	550	1073	2.43491	131.433422659
8.08613085747	1	560	1089	2.73528	158.295731613
7.9490711689	1	570	1108	2.57598	161.025102531
8.42062902451	1	580	1123	2.40988	152.007646492
11.4951329231	1	590	1142	2.51081	111.351474451
15.2604110241	1	600	1161	2.30492	83.8771641196
20.7415020466	1	610	1192	2.24555	61.7120205241
8.49421977997	1	620	1208	2.31209	150.690708877
8.15234422684	1	630	1221	2.27781	157.010053107
8.13678598404	1	640	1236	2.49774	157.31026999
14.334280014	1	650	1255	2.28057	89.2964277764
16.956882	1	660	1283	2.39213	75.4855757092
11.0369617939	1	670	1307	2.44792	115.973944995
10.9237990379	1	680	1328	2.18781	117.175352234
10.7639980316	1	690	1347	2.24303	118.914923269
15.2361140251	1	700	1370	2.35759	84.0109228567
15.0565850735	1	710	1394	2.37836	85.012636913
18.7893910408	1	720	1419	2.11693	68.1235489336
8.54920291901	1	730	1439	2.33638	149.721560258
7.81005787849	1	740	1457	2.08347	163.891231014
12.167194128	1	750	1473	2.23344	105.200918678
14.1677670479	1	760	1494	2.08912	90.3459236501
14.6441988945	1	770	1519	2.08322	87.4066249183
12.1765730381	1	780	1543	1.91746	105.119888494
19.040471077	1	790	1565	1.94808	67.2252275076
11.7354478836	1	800	1584	2.05922	109.071252559
17.4895429611	1	810	1611	2.07145	73.1865894292
17.6141941547	1	820	1635	1.99055	72.6686664604
12.6681249142	1	830	1658	1.90555	101.040999254
8.25571489334	1	840	1676	2.1412	155.04411387
8.18819618225	1	850	1696	1.80789	156.32258577
8.50206494331	1	860	1713	1.89584	150.5516611
8.33713889122	1	870	1727	1.89095	153.529887975
13.8587729931	1	880	1744	1.98395	92.3602688808
8.34360909462	1	890	1763	1.97239	153.410830431
11.4301130772	1	900	1779	1.98478	111.984893882
9.05972599983	1	910	1792	1.97021	141.28462605
8.18416690826	1	920	1812	1.89167	156.399547364
10.3880169392	1	930	1828	1.83416	123.218898034
10.0246529579	1	940	1846	1.72559	127.685218169
13.7525010109	1	950	1872	1.74115	93.0739797064
8.13081717491	1	960	1893	1.65327	157.425750999
12.1322348118	1	970	1913	1.77435	105.504057567
11.3743281364	1	980	1936	1.6704	112.534119347
9.90132403374	1	990	1953	2.20167	129.275639868
14.4290690422	1	1000	1978	1.65613	88.7098118566
8.39058279991	1	1010	1992	1.90848	152.551977678
17.6675322056	1	1020	2014	2.05466	72.4492806978
8.42127799988	1	1030	2035	1.8916	151.995932211
9.22791981697	1	1040	2053	1.76228	138.709484411
11.1649310589	1	1050	2070	1.87568	114.644684616
14.1819400787	1	1060	2092	1.57706	90.2556344826
9.54689788818	1	1070	2110	1.78657	134.074964977
9.12161707878	1	1080	2125	1.67441	140.325995812
19.3158788681	1	1090	2148	1.73605	66.2667232871
16.3544671535	1	1100	2179	1.54365	78.2660778846
7.86915802956	1	1110	2195	1.50105	162.66035009
10.7877027988	1	1120	2219	1.58229	118.65362106
8.03127908707	1	1130	2238	1.70897	159.376854686
10.3860809803	1	1140	2259	1.62722	123.241865958
8.03773093224	1	1150	2277	1.54288	159.248923706
8.24562811852	1	1160	2294	1.62279	155.233777415
8.29324197769	1	1170	2314	1.57176	154.342536181
8.05624294281	1	1180	2330	1.57268	158.882994106
8.1746840477	1	1190	2344	1.38824	156.580975183
8.23894000053	1	1200	2363	1.69007	155.359791419
15.1116390228	1	1210	2388	1.47315	84.702923228
10.4173069	1	1220	2406	1.57131	122.872447964
13.4958720207	1	1230	2429	1.43994	94.8438158005
7.99162697792	1	1240	2443	1.48757	160.167635894
12.4044351578	1	1250	2459	1.47705	103.188898464
10.558328867	1	1260	2482	1.33797	121.231306216
9.99236416817	1	1270	2502	1.50602	128.097813336
8.33619189262	1	1280	2519	1.39449	153.547329103
12.1065700054	1	1290	2538	1.66745	105.727716391
9.80851793289	1	1300	2554	1.46386	130.498818349
8.07852602005	1	1310	2568	1.72501	158.444745591
13.2675499916	1	1320	2588	1.42254	96.4759884688
7.90974712372	1	1330	2607	1.27769	161.825653839
8.11404395103	1	1340	2627	1.52473	157.751179033
18.4166688919	1	1350	2654	1.34426	69.5022540457
13.5217370987	1	1360	2674	1.39895	94.6623936449
8.37269806862	1	1370	2693	1.39704	152.877840513
10.3612599373	1	1380	2715	1.40932	123.537099518
9.47951292992	1	1390	2735	1.70537	135.028034611
14.7518379688	1	1400	2757	1.43698	86.7688489194
13.0082759857	1	1410	2778	1.3441	98.3988963184
8.29885220528	1	1420	2795	1.40422	154.238196842
8.28567886353	1	1430	2810	1.36322	154.483419051
12.2850990295	1	1440	2833	1.41767	104.191264305
8.53376412392	1	1450	2853	1.33835	149.992427892
9.5936768055	1	1460	2871	1.29447	133.421213363
8.92064213753	1	1470	2890	1.38455	143.487428401
8.26011300087	1	1480	2910	1.31583	154.961560437
8.56461286545	1	1490	2924	1.20585	149.452172574
11.0383810997	1	1500	2945	1.70101	115.959033162
8.1707649231	1	1510	2963	1.34592	156.656079577
8.68196606636	1	1520	2984	1.39824	147.432043643
8.22637200356	1	1530	2998	1.36065	155.597145309
9.71884298325	1	1540	3017	1.63763	131.702920009
15.6179690361	1	1550	3042	1.47572	81.9568790949
8.12534189224	1	1560	3057	1.27856	157.531832749
8.68215417862	1	1570	3075	1.33761	147.4288493
9.66861891747	1	1580	3093	1.24639	132.387056613
12.7024550438	1	1590	3115	1.22631	100.767922074
9.6505420208	1	1600	3134	1.07593	132.635037207
10.9576609135	1	1610	3149	1.32315	116.813251488
9.97871589661	1	1620	3171	1.41052	128.273017617
7.9422121048	1	1630	3189	1.36876	161.164167251
8.09371399879	1	1640	3205	1.54428	158.14742159
7.88566112518	1	1650	3222	1.35389	162.319934839
7.84556078911	1	1660	3237	1.25923	163.149586678
9.32364797592	1	1670	3255	1.10212	137.285320435
16.8102080822	1	1680	3279	1.41814	76.1442091461
11.3387811184	1	1690	3302	1.21119	112.886913208
8.11786699295	1	1700	3319	1.35219	157.676887428
7.9984459877	1	1710	3337	1.24846	160.031086285
12.0725159645	1	1720	3357	1.27288	106.025952151
8.25733685493	1	1730	3375	1.1336	155.013659063
10.5256791115	1	1740	3398	1.41377	121.607355349
11.8382899761	1	1750	3415	1.39982	108.123724168
8.41951012611	1	1760	3432	1.3326	152.027847325
8.47742390633	1	1770	3449	1.23329	150.989264444
9.55977392197	1	1780	3464	1.11065	133.894379768
8.26934599876	1	1790	3476	1.0658	154.788540737
8.26430010796	1	1800	3490	1.47859	154.883049173
7.97124290466	1	1810	3509	1.1121	160.577216792
12.0946400166	1	1820	3530	1.37787	105.832004776
8.30106806755	1	1830	3546	1.27758	154.197024959
12.6365680695	1	1840	3566	1.23406	101.293325289
9.09650588036	1	1850	3577	1.35974	140.713370258
8.72512102127	1	1860	3595	1.11832	146.702836199
12.8181700706	1	1870	3616	1.19724	99.8582475459
8.07180786133	1	1880	3635	1.36133	158.576619016
8.22808599472	1	1890	3651	1.46492	155.564732894
10.6988539696	1	1900	3665	1.16032	119.638982235
11.207460165	1	1910	3689	1.22322	114.209640824
9.72725701332	1	1920	3710	1.16795	131.588997623
7.95840787888	1	1930	3728	1.20472	160.836189786
8.10756516457	1	1940	3748	1.13447	157.877238606
13.2725338936	1	1950	3770	1.30458	96.439761259
8.22491908073	1	1960	3787	1.21518	155.624631372
13.9111709595	1	1970	3806	1.22331	92.0123836972
10.6578369141	1	1980	3825	1.56716	120.099417013
7.84058094025	1	1990	3845	1.28472	163.253209138
15.0224192142	1	2000	3864	1.27906	85.2059832537
10.8155329227	1	2010	3880	1.07982	118.34830601
7.81353902817	1	2020	3893	1.20147	163.818212898
12.7863249779	1	2030	3913	1.13847	100.106950372
10.0429148674	1	2040	3935	1.07057	127.453036982
10.108962059	1	2050	3955	1.11903	126.620318934
16.6329290867	1	2060	3975	1.28432	76.9557781031
8.05637693405	1	2070	3989	1.20121	158.880351612
7.99584698677	1	2080	3999	1.16213	160.083103406
13.2974820137	1	2090	4021	1.43838	96.2588254439
20.3115460873	1	2100	4041	1.21456	63.0183440739
9.54827189445	1	2110	4057	1.31144	134.05567145
8.08735609055	1	2120	4079	1.44133	158.271749836
18.9416458607	1	2130	4111	1.1658	67.5759651202
12.3590140343	1	2140	4124	1.21663	103.568132252
9.5830950737	1	2150	4147	1.80076	133.568538156
8.28524208069	1	2160	4163	1.13315	154.491563135
9.04214978218	1	2170	4179	1.23155	141.559256464
8.07337713242	1	2180	4202	1.22775	158.545795521
12.4437198639	1	2190	4218	0.957072	102.863132086
7.82190012932	1	2200	4234	1.09396	163.643101911
8.86033296585	1	2210	4253	1.36739	144.464096884
8.54695510864	1	2220	4269	1.10268	149.760936349
16.9854569435	1	2230	4294	1.17976	75.3585849505
10.5923850536	1	2240	4319	1.19991	120.841528468
11.7072169781	1	2250	4338	1.13947	109.334268118
11.7182190418	1	2260	4363	1.25783	109.23161578
11.9415149689	1	2270	4388	1.05168	107.189079722
10.9616708755	1	2280	4408	1.17177	116.770519251
7.93718004227	1	2290	4426	1.20479	161.266343107
8.18110990524	1	2300	4441	1.12837	156.457988565
8.03442907333	1	2310	4459	1.06297	159.314369237
8.71121907234	1	2320	4479	1.245	146.936954446
8.21294188499	1	2330	4499	1.21873	155.851583747
11.3676760197	1	2340	4516	1.08615	112.599971866
13.9785180092	1	2350	4538	0.906771	91.5690775774
9.66738915443	1	2360	4556	1.01363	132.403897221
11.8138279915	1	2370	4577	1.08585	108.347607644
9.66183996201	1	2380	4595	1.3003	132.47994223
9.12743997574	1	2390	4615	1.2545	140.236474127
8.22174406052	1	2400	4627	1.1132	155.68472949
10.9365389347	1	2410	4642	1.18846	117.038855495
17.2959270477	1	2420	4671	1.00165	74.0058625634
9.67038583755	1	2430	4691	1.16695	132.362867573
7.83742117882	1	2440	4709	1.31204	163.319026858
8.91635894775	1	2450	4730	1.04877	143.556356075
12.1248970032	1	2460	4754	1.17987	105.567907065
7.92156195641	1	2470	4774	1.10103	161.584294492
10.533853054	1	2480	4796	1.14797	121.512991821
8.11768889427	1	2490	4810	1.02562	157.680346792
9.8166539669	1	2500	4823	1.19174	130.390661046
8.13108515739	1	2510	4844	0.918281	157.420562597
8.7791159153	1	2520	4865	1.02736	145.800558091
8.48141288757	1	2530	4884	1.12628	150.918251118
7.99262905121	1	2540	4902	1.01664	160.147554928
9.99616217613	1	2550	4922	0.968296	128.049143006
16.2432439327	1	2560	4950	1.06755	78.8019933273
8.22997283936	1	2570	4968	1.07593	155.529067347
10.5814311504	1	2580	4987	0.963793	120.966623683
11.556235075	1	2590	5011	1.09595	110.762717416
10.4489748478	1	2600	5034	1.20114	122.500055617
8.16244411469	1	2610	5054	1.03412	156.815775032
8.25788283348	1	2620	5074	1.02423	155.003410173
12.7303161621	1	2630	5097	1.0032	100.547384975
9.80997991562	1	2640	5116	1.44828	130.479370091
15.5699880123	1	2650	5134	0.980476	82.2094403019
14.5854229927	1	2660	5159	1.39158	87.7588535238
8.21088910103	1	2670	5179	1.19525	155.890547814
8.80093002319	1	2680	5194	0.934146	145.439174795
8.58087086678	1	2690	5214	1.06987	149.169008586
8.240224123	1	2700	5234	1.05447	155.335580792
10.4510118961	1	2710	5256	1.18036	122.476178644
9.12816500664	1	2720	5268	1.11376	140.225335439
8.30676794052	1	2730	5289	1.03413	154.091219252
8.15948700905	1	2740	5310	0.945995	156.872607136
18.6045489311	1	2750	5329	0.905562	68.8003780548
11.8409671783	1	2760	5359	1.3003	108.099277763
8.25151586533	1	2770	5379	0.880487	155.123012655
8.44278907776	1	2780	5392	1.40599	151.608667256
8.8187520504	1	2790	5409	0.999918	145.145253284
10.2199440002	1	2800	5423	0.982831	125.245304668
21.426981926	1	2810	5457	1.20601	59.7377644888
13.857254982	1	2820	5479	0.882593	92.3703866071
13.056622982	1	2830	5500	0.768609	98.0345378558
8.07546806335	1	2840	5515	1.10856	158.50474424
12.3693258762	1	2850	5533	1.2186	103.481791393
16.2041630745	1	2860	5549	1.05021	78.9920463103
12.9943189621	1	2870	5569	0.990722	98.5045852525
20.0048589706	1	2880	5597	0.997015	63.9844550706
17.0073180199	1	2890	5625	1.12855	75.2617196024
8.46066403389	1	2900	5646	1.24188	151.288361631
12.4812059402	1	2910	5672	1.0299	102.55419277
9.04950618744	1	2920	5686	1.01172	141.444181979
11.8257260323	1	2930	5701	0.953063	108.238597487
12.4155960083	1	2940	5722	0.932845	103.096138046
12.580881834	1	2950	5742	1.00513	101.741675734
9.56024909019	1	2960	5753	1.15445	133.887724883
14.6867308617	1	2970	5775	0.980926	87.1535001258
13.1341431141	1	2980	5791	1.10201	97.4559199547
12.5505709648	1	2990	5805	1.11684	101.987391935
11.478760004	1	3000	5828	1.12192	111.510302467
8.44113492966	1	3010	5849	0.945789	151.638376909
12.4847040176	1	3020	5866	0.915351	102.525458208
9.45790100098	1	3030	5888	0.981265	135.336582596
12.3903410435	1	3040	5909	1.09508	103.30627668
8.21865701675	1	3050	5928	1.11502	155.743206876
8.08570289612	1	3060	5944	0.901361	158.304109914
10.2103631496	1	3070	5962	1.09016	125.362828064
8.42822384834	1	3080	5981	1.0447	151.870669673
8.11142921448	1	3090	6001	0.806583	157.802030463
8.07277989388	1	3100	6020	0.920551	158.557525019
9.43117690086	1	3110	6037	0.865642	135.720071149
10.7837421894	1	3120	6055	1.03174	118.697199684
8.26789999008	1	3130	6074	0.864536	154.815612373
11.9293429852	1	3140	6096	1.18282	107.298449009
12.7098579407	1	3150	6121	0.873628	100.70922948
8.2097120285	1	3160	6137	0.916895	155.912898718
9.26779794693	1	3170	6155	0.844977	138.112635529
12.0272951126	1	3180	6181	1.11653	106.42459406
7.909719944	1	3190	6197	0.982335	161.826209912
8.94022488594	1	3200	6219	0.867862	143.173132257
7.8325150013	1	3210	6232	0.906657	163.421327605
7.91153812408	1	3220	6244	0.892151	161.789020027
8.26676797867	1	3230	6264	0.926294	154.836812077
8.11478686333	1	3240	6279	0.909838	157.736736843
14.6455450058	1	3250	6305	0.856649	87.3985911411
12.0239241123	1	3260	6327	1.06128	106.45443102
11.9753398895	1	3270	6345	1.08241	106.886319036
7.9330201149	1	3280	6360	1.0854	161.350908161
8.84803009033	1	3290	6376	1.04224	144.664969144
9.00003290176	1	3300	6393	1.00103	142.221702295
9.88179588318	1	3310	6414	1.16727	129.531111058
9.76112413406	1	3320	6430	1.23587	131.132437455
14.3624529839	1	3330	6454	1.1268	89.1212665022
14.2052469254	1	3340	6480	1.10021	90.1075501697
8.5660200119	1	3350	6500	0.99741	149.427621955
8.58381915092	1	3360	6518	1.28272	149.11777351
13.4874567986	1	3370	6543	1.03117	94.902991655
9.0163860321	1	3380	6559	0.993778	141.963753043
9.62032604218	1	3390	6577	0.778309	133.051623655
8.22188591957	1	3400	6597	1.21557	155.682043332
14.2957890034	1	3410	6625	1.02589	89.536855902
12.6806550026	1	3420	6649	1.09178	100.941157987
12.5294752121	1	3430	6673	1.05649	102.159107092
8.02891278267	1	3440	6695	0.927781	159.423826693
9.36796402931	1	3450	6713	1.00775	136.635879044
18.4624791145	1	3460	6737	0.978476	69.3298008387
9.72726392746	1	3470	6756	1.03333	131.588904089
9.75822901726	1	3480	6774	0.893088	131.171342437
12.4378139973	1	3490	6792	0.977834	102.911974747
13.94779706	1	3500	6818	1.06769	91.770764551
8.04154586792	1	3510	6836	1.08693	159.173375496
7.98669600487	1	3520	6855	0.928246	160.26652313
11.7975270748	1	3530	6879	0.961318	108.497314046
11.391700983	1	3540	6896	0.882089	112.36249985
9.8049249649	1	3550	6914	0.967045	130.546639019
8.04974317551	1	3560	6930	0.956512	159.011284223
15.1709139347	1	3570	6946	0.890555	84.3719768966
7.91008996964	1	3580	6959	1.02719	161.818639853
8.72965502739	1	3590	6975	0.925611	146.626641715
8.87507891655	1	3600	6994	0.86019	144.224069671
8.86432409286	1	3610	7010	1.15802	144.399052493
14.6488080025	1	3620	7029	1.11098	87.3791232559
15.008491993	1	3630	7054	0.925473	85.2850506634
9.80611205101	1	3640	7075	1.14292	130.530835599
8.40141701698	1	3650	7094	1.16146	152.355251193
11.4251019955	1	3660	7115	1.25478	112.034010769
8.96284389496	1	3670	7129	0.943898	142.811814531
13.3702769279	1	3680	7150	1.05427	95.7347410901
15.2987141609	1	3690	7172	0.97853	83.6671622554
9.74932289124	1	3700	7190	1.12513	131.291169067
8.7540769577	1	3710	7209	1.01578	146.217585953
7.98846411705	1	3720	7228	0.877428	160.231050831
12.2704279423	1	3730	7244	0.936355	104.315840166
8.04316592216	1	3740	7266	1.01236	159.141314799
10.7975029945	1	3750	7285	0.939695	118.545926836
8.07657599449	1	3760	7304	0.932681	158.483000825
15.2449581623	1	3770	7328	0.96693	83.9621851613
8.13906693459	1	3780	7348	1.03863	157.266184231
16.4733300209	1	3790	7374	0.839864	77.7013511158
9.27523303032	1	3800	7395	0.942721	138.001923598
10.868213892	1	3810	7417	1.10114	117.774641972
17.1098330021	1	3820	7445	0.966501	74.8107827729
8.49774003029	1	3830	7462	0.910997	150.62828416
11.4206979275	1	3840	7486	0.776663	112.077213506
7.6423740387	1	3850	7507	1.06392	167.487222363
10.1641261578	1	3860	7518	0.918367	125.93310828
8.06486082077	1	3870	7537	1.02472	158.713216315
7.71674203873	1	3880	7555	0.914067	165.873109866
9.81863093376	1	3890	7574	0.861967	130.364407078
10.2762629986	1	3900	7594	0.931347	124.55889852
9.07529711723	1	3910	7614	0.94183	141.042214207
11.2700278759	1	3920	7634	0.902712	113.575584204
16.7373120785	1	3930	7660	0.863441	76.4758399675
9.00758099556	1	3940	7674	1.28009	142.102524599
13.3415110111	1	3950	7694	1.01841	95.94115681
11.7022900581	1	3960	7716	1.02846	109.380300235
12.7471659184	1	3970	7726	0.841959	100.414477084
8.0851111412	1	3980	7746	1.26613	158.315696302
12.9588799477	1	3990	7768	0.835546	98.7739685196
16.7058420181	1	4000	7790	0.939331	76.6199033016
15.0001459122	1	4010	7814	1.09042	85.3325032633
10.5052471161	1	4020	7834	0.933029	121.843873433
9.04279589653	1	4030	7855	0.95169	141.549141952
17.9169669151	1	4040	7876	0.807427	71.4406632586
10.3579511642	1	4050	7894	0.925378	123.576562556
8.55954289436	1	4060	7912	1.22211	149.540695782
8.3820400238	1	4070	7932	0.914968	152.707455031
7.9764289856	1	4080	7950	1.09478	160.472813374
7.91182899475	1	4090	7967	1.01028	161.783072011
7.63504910469	1	4100	7987	1.05284	167.647906706
13.2708878517	1	4110	8007	0.878172	96.4517230725
26.4906849861	1	4120	8044	1.05838	48.3188713569
9.23332309723	1	4130	8065	1.23777	138.628312529
16.5202519894	1	4140	8082	0.941075	77.4806583352
11.0189349651	1	4150	8104	1.04215	116.163676803
9.28251504898	1	4160	8125	0.966546	137.893662789
7.44377803802	1	4170	8140	0.89847	171.955691513
20.4527108669	1	4180	8165	0.86231	62.5833909416
8.6767821312	1	4190	8185	1.04557	147.520126776
7.71212887764	1	4200	8206	1.17132	165.972330119
9.47064304352	1	4210	8226	0.99309	135.154497336
8.09030508995	1	4220	8241	0.823642	158.214058156
7.85571789742	1	4230	8261	1.05369	162.938641218
9.74627804756	1	4240	8280	0.976748	131.332185861
11.1210150719	1	4250	8297	1.10467	115.097407182
9.52515387535	1	4260	8320	1.18307	134.381031189
8.28303694725	1	4270	8340	1.04218	154.532692315
14.622385025	1	4280	8360	1.18741	87.5370192899
8.39532399178	1	4290	8370	0.970674	152.465825173
8.20525312424	1	4300	8382	0.782307	155.997625012
8.77402591705	1	4310	8402	1.11327	145.885140083
13.2421810627	1	4320	8422	0.936719	96.6608139505
11.355189085	1	4330	8442	0.93326	112.723794418
7.86495685577	1	4340	8456	0.77848	162.74723733
8.32879805565	1	4350	8468	1.01015	153.683639758
8.4301109314	1	4360	8484	1.03054	151.836673374
15.4787509441	1	4370	8512	1.00893	82.6940109457
8.02721905708	1	4380	8529	0.783294	159.457464771
18.4666521549	1	4390	8556	0.833124	69.3141338918
7.87280893326	1	4400	8567	0.984658	162.584918655
11.6662130356	1	4410	8587	0.798541	109.718551864
14.9636249542	1	4420	8606	1.07646	85.5407699615
8.11068987846	1	4430	8623	0.840457	157.816415025
13.5362370014	1	4440	8646	0.811435	94.5609920886
11.8982450962	1	4450	8664	0.85685	107.578889967
14.1338839531	1	4460	8692	1.1205	90.562509516
14.0162000656	1	4470	8711	0.862852	91.3228973622
19.3671169281	1	4480	8745	1.06666	66.0914066225
13.0275189877	1	4490	8772	1.02983	98.2535509035
14.4579341412	1	4500	8795	0.901869	88.5327037392
12.7298798561	1	4510	8818	1.02015	100.550831152
7.97820496559	1	4520	8837	1.02999	160.437091491
10.2340950966	1	4530	8853	0.88485	125.07212293
8.3144030571	1	4540	8868	0.964964	153.949717281
14.1456918716	1	4550	8894	0.834821	90.4869137271
14.1662430763	1	4560	8920	0.884352	90.3556428549
16.0259590149	1	4570	8950	1.15092	79.8704151689
10.3852739334	1	4580	8969	0.982476	123.251443169
8.65637207031	1	4590	8991	0.86271	147.867950869
12.8973560333	1	4600	9004	0.777328	99.2451473537
7.90241003036	1	4610	9023	1.07164	161.975902931
11.1154949665	1	4620	9044	0.851018	115.154566113
13.7562289238	1	4630	9066	1.21299	93.0487568279
8.32890605927	1	4640	9085	1.03926	153.681646892
7.77654409409	1	4650	9103	0.990746	164.597536452
8.0524969101	1	4660	9120	0.737611	158.956906695
9.82645201683	1	4670	9142	0.891414	130.260647262
7.86984205246	1	4680	9160	1.15102	162.646212143
20.9801239967	1	4690	9183	0.828931	61.0101255931
7.77060699463	1	4700	9199	0.925332	164.723296505
9.5968298912	1	4710	9214	0.786905	133.377377166
10.7884509563	1	4720	9233	1.02903	118.645392668
16.4129991531	1	4730	9262	1.15378	77.9869655788
7.88555192947	1	4740	9281	0.922325	162.322182575
11.5665369034	1	4750	9303	0.971855	110.664065718
13.6579201221	1	4760	9327	1.06119	93.7185155977
11.2973279953	1	4770	9351	1.06981	113.301127535
9.999573946	1	4780	9370	0.732354	128.005453724
13.2773849964	1	4790	9389	0.961974	96.4045254653
11.606564045	1	4800	9403	0.802104	110.282422519
8.23711800575	1	4810	9417	0.877743	155.394155954
8.05665707588	1	4820	9428	0.962036	158.874827108
16.0690629482	1	4830	9457	0.942568	79.6561693811
13.0837130547	1	4840	9482	0.868051	97.8315555113
10.3319439888	1	4850	9505	0.867466	123.887624767
8.03032279015	1	4860	9522	0.953461	159.395834196
12.1488451958	1	4870	9542	0.816688	105.359808227
9.69524788857	1	4880	9565	0.981197	132.023442279
10.6605670452	1	4890	9587	0.881628	120.068660004
13.2957010269	1	4900	9609	0.732094	96.2717195136
16.2006418705	1	4910	9639	0.908277	79.0092152047
8.15629601479	1	4920	9649	0.896538	156.933980532
10.0146319866	1	4930	9670	1.0039	127.812984213
15.6974031925	1	4940	9692	1.05759	81.5421496347
8.31024479866	1	4950	9713	0.998012	154.026750236
9.35781407356	1	4960	9732	0.849654	136.78408119
8.11608791351	1	4970	9744	0.948061	157.711450842
8.34358215332	1	4980	9759	0.875064	153.411325793
12.0516319275	1	4990	9781	0.934454	106.209682448
9.59900307655	1	5000	9797	0.959199	133.34718093
5.97180700302	1	5010	9815	0.807271	214.340483434
6.2852909565	1	5020	9832	0.981517	203.650079027
9.04928088188	1	5030	9852	0.816887	141.447703603
4.32434916496	1	5040	9867	0.983162	295.998299668
2.84108090401	1	5050	9878	0.903509	450.532752585
5.89217400551	1	5060	9892	0.93972	217.237304737
2.75899505615	1	5070	9906	0.772096	463.937040099
2.82938194275	1	5080	9918	0.843531	452.395620634
2.78220391273	1	5090	9931	0.871221	460.066925412
3.53137922287	1	5100	9945	0.831315	362.464612045
2.77303886414	1	5110	9959	0.700157	461.587472341
5.2136991024	1	5120	9972	0.985024	245.507071824
4.02203202248	1	5130	9983	0.832256	318.247093222
2.92837095261	1	5140	9993	0.750158	437.103092715
2.70214486122	1	5150	10006	0.811933	473.697771859
7.38271713257	1	5160	10018	0.838281	173.377900984
14.0304000378	1	5170	10045	0.888288	91.2304707317
8.4570889473	1	5180	10064	1.01904	151.352316143
9.19590497017	1	5190	10079	0.801481	139.192390978
4.46174407005	1	5200	10093	0.817302	286.883330801
6.5617890358	1	5210	10109	1.00151	195.06875229
9.16277098656	1	5220	10127	0.863396	139.695731987
2.86176896095	1	5230	10139	0.872572	447.275799502
2.93123006821	1	5240	10149	0.695967	436.676743284
3.23273086548	1	5250	10161	0.735642	395.95006614
4.05621790886	1	5260	10176	1.00647	315.564900299
2.75545501709	1	5270	10187	0.786409	464.533077862
3.41927599907	1	5280	10200	0.676648	374.348253943
2.87069511414	1	5290	10212	1.01305	445.885037982
4.97746992111	1	5300	10228	0.839875	257.158761436
6.04826712608	1	5310	10241	0.91275	211.630864397
2.7613389492	1	5320	10254	0.840677	463.543238822
11.5949120522	1	5330	10274	0.902216	110.393247852
12.4457349777	1	5340	10293	1.02466	102.846477311
5.55151104927	1	5350	10310	0.823501	230.567855966
4.70687699318	1	5360	10324	0.841753	271.942521943
6.13748884201	1	5370	10336	0.76984	208.554350639
4.48316597939	1	5380	10347	0.817496	285.512516352
3.25370717049	1	5390	10362	0.840166	393.397418062
2.85489583015	1	5400	10374	0.767113	448.352611146
2.88878011703	1	5410	10388	1.09104	443.093606347
5.15994596481	1	5420	10404	0.882114	248.06461322
6.39592504501	1	5430	10421	1.20283	200.127423475
5.75670695305	1	5440	10435	0.909377	222.349341462
2.78583788872	1	5450	10446	0.768107	459.466792804
7.44664907455	1	5460	10465	0.913724	171.889394436
2.84393501282	1	5470	10485	1.10382	450.080608112
5.67498898506	1	5480	10515	0.833159	225.551098578
5.60773897171	1	5490	10542	0.870477	228.255988101
3.71593999863	1	5500	10561	0.973783	344.461966682
6.91138315201	1	5510	10574	0.690748	185.201713152
13.5051939487	1	5520	10608	0.850752	94.778350082
7.47678899765	1	5530	10637	0.765008	171.196485604
5.63192391396	1	5540	10652	0.967387	227.275797677
9.264742136	1	5550	10677	0.857688	138.158189533
5.53702282906	1	5560	10688	0.893733	231.171161745
7.2738301754	1	5570	10700	0.78799	175.973313802
5.58382892609	1	5580	10716	0.739279	229.233383928
2.80917406082	1	5590	10726	0.659027	455.649942754
4.87645101547	1	5600	10748	0.856749	262.485975136
2.8936958313	1	5610	10762	0.797304	442.340893661
4.2310590744	1	5620	10780	0.837861	302.524729032
6.33035707474	1	5630	10802	0.760221	202.200284263
2.81092786789	1	5640	10819	0.900805	455.365651542
5.01753807068	1	5650	10837	0.732786	255.105189431
8.35386705399	1	5660	10874	0.913374	153.222452755
2.87227988243	1	5670	10895	0.755806	445.639022795
9.23238706589	1	5680	10914	0.718033	138.642367447
2.90634393692	1	5690	10924	0.864857	440.415872237
12.0264611244	1	5700	10948	0.844495	106.431974191
5.74221086502	1	5710	10964	0.804179	222.9106576
3.32297611237	1	5720	10975	0.826894	385.196870732
2.93559885025	1	5730	10985	0.954942	436.026877409
2.85699510574	1	5740	10995	1.03795	448.023168618
4.43382406235	1	5750	11009	0.835194	288.689849214
3.78181886673	1	5760	11022	0.707972	338.461477164
3.2133500576	1	5770	11033	0.846752	398.338175753
3.37644290924	1	5780	11048	0.679324	379.097184347
2.84569001198	1	5790	11063	0.950727	449.803033574
3.69826221466	1	5800	11074	0.831008	346.10850332
4.43401789665	1	5810	11087	0.811524	288.677229058
3.11934494972	1	5820	11097	0.662237	410.342562503
4.62520599365	1	5830	11109	0.71085	276.74443079
2.99828505516	1	5840	11129	0.763951	426.910709439
3.68169593811	1	5850	11145	0.704878	347.665864188
7.00233912468	1	5860	11166	0.708614	182.796059604
9.16730189323	1	5870	11186	0.782221	139.626687864
2.96176099777	1	5880	11205	0.990669	432.175317645
4.87342095375	1	5890	11220	0.842411	262.649176451
6.9843890667	1	5900	11240	0.875356	183.265850138
2.89163708687	1	5910	11261	0.697237	442.6558249
2.90635991096	1	5920	11274	0.770296	440.413451607
5.15235209465	1	5930	11289	0.845839	248.430226911
2.89324784279	1	5940	11305	0.716648	442.409385421
6.99802398682	1	5950	11326	0.79074	182.908775736
8.75780820847	1	5960	11343	0.986069	146.155290174
11.4206819534	1	5970	11374	0.810414	112.077370267
3.48780989647	1	5980	11385	0.868439	366.992478947
4.72232508659	1	5990	11396	0.850967	271.052919172
3.52387785912	1	6000	11406	0.863235	363.236199203
7.25870609283	1	6010	11417	0.896688	176.339967982
3.35100293159	1	6020	11438	1.07845	381.975195525
6.91123104095	1	6030	11457	0.670227	185.205789304
3.12261891365	1	6040	11474	0.929584	409.91233173
5.28233718872	1	6050	11487	0.892076	242.316980963
5.73610901833	1	6060	11502	0.906449	223.147781172
3.03630280495	1	6070	11513	0.790851	421.565331993
2.683147192	1	6080	11532	0.938116	477.051726352
3.78763580322	1	6090	11551	0.848191	337.941678266
6.25207209587	1	6100	11570	0.781914	204.732124066
5.37451696396	1	6110	11598	0.908183	238.160937733
2.73430800438	1	6120	11615	0.841409	468.125755383
6.36203312874	1	6130	11644	0.925474	201.193545223
4.65017700195	1	6140	11665	0.906942	275.258339513
5.7195019722	1	6150	11676	0.94274	223.795709176
3.95342683792	1	6160	11687	0.81358	323.769745205
2.85925912857	1	6170	11699	0.785402	447.668414244
4.08104586601	1	6180	11713	0.915303	313.645090505
4.37038016319	1	6190	11724	0.877549	292.880699665
7.47238087654	1	6200	11749	0.722621	171.29747816
3.4697830677	1	6210	11763	0.927987	368.899142979
5.76355099678	1	6220	11774	0.879034	222.085308296
4.03542590141	1	6230	11785	0.714939	317.190807432
10.8724341393	1	6240	11796	0.952806	117.728926532
8.72736406326	1	6250	11817	0.855709	146.665131731
3.00479197502	1	6260	11827	0.973501	425.986228212
7.96970200539	1	6270	11839	0.813323	160.608263538
2.81870985031	1	6280	11850	0.844721	454.108463792
2.76801609993	1	6290	11866	0.828431	462.425055993
2.78811597824	1	6300	11876	0.736688	459.091375678
2.69070506096	1	6310	11887	0.807805	475.711745064
8.16190481186	1	6320	11907	0.884684	156.82613673
5.25507211685	1	6330	11936	0.857306	243.574202511
7.54098010063	1	6340	11968	0.803613	169.739209349
4.38686180115	1	6350	11989	0.798739	291.780333647
5.80683898926	1	6360	12014	0.712537	220.429738515
12.3766231537	1	6370	12045	1.03693	103.420778358
2.74796104431	1	6380	12060	0.892439	465.799907408
4.63381695747	1	6390	12080	0.913661	276.230160092
2.73857283592	1	6400	12098	0.854315	467.396734244
4.52664422989	1	6410	12113	0.878835	282.770179187
2.79555892944	1	6420	12126	0.890915	457.869081749
4.35703086853	1	6430	12150	0.767222	293.778042576
5.02628612518	1	6440	12166	0.966616	254.661188822
3.13053894043	1	6450	12177	0.735291	408.87528453
11.7977011204	1	6460	12188	1.00102	108.495713439
2.90038490295	1	6470	12198	0.814594	441.320735981
5.16806793213	1	6480	12208	0.697961	247.67476295
6.887362957	1	6490	12235	0.819884	185.84761802
2.89178705215	1	6500	12246	0.78067	442.632869196
2.88651394844	1	6510	12266	0.628971	443.441473994
2.71893310547	1	6520	12282	0.775505	470.772891553
2.81873202324	1	6530	12302	0.826533	454.104891649
2.89228105545	1	6540	12320	0.804165	442.557267243
5.27411293983	1	6550	12336	0.858494	242.694840744
3.0112349987	1	6560	12347	0.777065	425.074761867
5.33330106735	1	6570	12374	0.76647	240.001451978
6.4458990097	1	6580	12389	0.858862	198.575869413
9.65021181107	1	6590	12409	0.869576	132.639575696
8.99443221092	1	6600	12428	0.927578	142.310261502
13.1973798275	1	6610	12459	0.926728	96.988949074
3.5562069416	1	6620	12479	0.825158	359.934059243
2.91170811653	1	6630	12491	0.837531	439.604503189
7.89686894417	1	6640	12518	0.809112	162.089558412
9.41650104523	1	6650	12544	0.861085	135.931594321
2.81378793716	1	6660	12563	0.865908	454.902796012
6.53520417213	1	6670	12596	0.906021	195.862281619
2.73728084564	1	6680	12612	0.59791	467.617344431
3.18857598305	1	6690	12627	0.842495	401.433118359
8.5062019825	1	6700	12649	0.717542	150.478439453
2.90796899796	1	6710	12662	0.936755	440.169754526
2.84891605377	1	6720	12682	0.729372	449.293687789
6.67977499962	1	6730	12701	0.807301	191.623220853
6.15636610985	1	6740	12730	0.761112	207.914860351
5.91148591042	1	6750	12753	0.906494	216.527624255
2.7877509594	1	6760	12763	0.795699	459.151487577
3.70971703529	1	6770	12778	0.734872	345.039793554
2.84358906746	1	6780	12793	0.788144	450.135364019
6.4435968399	1	6790	12815	0.797676	198.646816646
4.71296310425	1	6800	12835	0.704115	271.591347457
5.28767609596	1	6810	12851	0.857039	242.072316226
3.36325287819	1	6820	12871	0.763689	380.583930605
4.03666114807	1	6830	12896	0.824443	317.093744817
6.93035984039	1	6840	12926	0.667135	184.694594434
3.75136113167	1	6850	12938	1.03259	341.209485057
10.6323189735	1	6860	12973	0.783385	120.38765985
4.92447686195	1	6870	13001	0.814288	259.926086746
3.08981919289	1	6880	13012	0.821774	414.263722274
5.07008981705	1	6890	13028	0.86735	252.461010788
2.84149503708	1	6900	13046	0.774245	450.467089788
2.85517001152	1	6910	13058	0.853136	448.309555941
3.01270294189	1	6920	13076	0.86743	424.86764367
2.72816300392	1	6930	13093	0.998879	469.18017661
6.69775509834	1	6940	13105	0.805784	191.108809027
5.47989702225	1	6950	13129	0.790821	233.581031688
10.5891869068	1	6960	13165	0.832783	120.878025033
2.82654500008	1	6970	13186	0.810265	452.849680428
5.18743109703	1	6980	13202	0.827567	246.750265412
7.13258886337	1	6990	13229	0.835529	179.457981459
11.3690950871	1	7000	13264	0.841089	112.585917366
5.61277794838	1	7010	13290	0.939289	228.051067007
5.56248807907	1	7020	13317	0.684282	230.112852703
2.69233894348	1	7030	13333	0.790639	475.423052918
13.8994090557	1	7040	13373	0.892973	92.0902460579
2.76807594299	1	7050	13383	0.719698	462.415058821
5.37715411186	1	7060	13403	0.81402	238.044135126
4.28163790703	1	7070	13414	0.96717	298.951015428
8.71696090698	1	7080	13435	0.901953	146.840167538
4.25858521461	1	7090	13459	0.799503	300.569305413
7.7391679287	1	7100	13488	0.873931	165.392457147
4.71899604797	1	7110	13513	0.942572	271.244134767
5.46179485321	1	7120	13533	0.887235	234.355195389
6.5290620327	1	7130	13544	0.822288	196.04653679
2.86786794662	1	7140	13554	0.724288	446.324595073
7.43970918655	1	7150	13575	0.784531	172.049735803
4.97134494781	1	7160	13595	0.870639	257.475595324
7.02980589867	1	7170	13611	0.823809	182.081841014
3.16225099564	1	7180	13626	0.743755	404.77495359
6.19490504265	1	7190	13646	0.76924	206.621407623
2.80906105042	1	7200	13665	0.837168	455.668273856
5.70257902145	1	7210	13687	0.763426	224.459844429
7.20555186272	1	7220	13699	0.85507	177.64080037
2.85810899734	1	7230	13711	0.768885	447.848560425
5.06034016609	1	7240	13731	0.768101	252.947422108
5.81833696365	1	7250	13752	0.691513	219.994133718
5.24626803398	1	7260	13773	1.01003	243.98295926
4.90939688683	1	7270	13786	0.900865	260.724490097
4.67720913887	1	7280	13800	0.851273	273.667471776
5.60665082932	1	7290	13825	0.783957	228.30028817
2.78857207298	1	7300	13838	0.80124	459.016287368
9.2181019783	1	7310	13854	0.905116	138.85721844
6.60834908485	1	7320	13865	0.812997	193.694368074
6.40208292007	1	7330	13883	0.919726	199.934929925
2.73885297775	1	7340	13898	0.880145	467.348926867
4.96148610115	1	7350	13920	0.850921	257.987218729
2.97403693199	1	7360	13941	0.878447	430.391427299
10.5692179203	1	7370	13970	0.686237	121.106406326
8.05780601501	1	7380	13988	0.902937	158.852173608
2.88698816299	1	7390	14005	0.964755	443.368634623
2.71536183357	1	7400	14016	0.805308	471.392056916
2.82503795624	1	7410	14031	0.805642	453.091257473
9.81787109375	1	7420	14058	0.91831	130.374496444
3.31627106667	1	7430	14080	0.787222	385.975686025
8.22149395943	1	7440	14101	0.860261	155.689465481
5.87245488167	1	7450	14118	0.714513	217.966766164
2.90083408356	1	7460	14134	0.751688	441.252399527
9.57577800751	1	7470	14170	0.724398	133.670600864
6.4480650425	1	7480	14203	0.807025	198.509163844
6.19982194901	1	7490	14220	0.728453	206.457541931
13.4807779789	1	7500	14266	0.722514	94.9500097104
9.33493113518	1	7510	14279	0.606456	137.119383257
2.88357901573	1	7520	14291	0.729211	443.892812722
3.82193183899	1	7530	14313	0.920115	334.909164769
9.6919169426	1	7540	14344	0.870007	132.068816477
2.88424921036	1	7550	14354	0.818955	443.789668175
2.87867188454	1	7560	14366	0.850428	444.649495094
4.13163900375	1	7570	14389	0.781513	309.804413899
3.81550693512	1	7580	14404	0.894198	335.473115831
7.27632212639	1	7590	14427	0.810625	175.913047521
5.99208188057	1	7600	14448	0.82856	213.615238495
4.15073299408	1	7610	14461	0.823982	308.379267427
2.76423811913	1	7620	14477	0.771083	463.057068472
5.60579586029	1	7630	14504	0.642933	228.335107432
3.05119204521	1	7640	14515	0.770927	419.508172882
4.74573206902	1	7650	14530	0.85938	269.71602724
8.15627098083	1	7660	14550	0.972104	156.934462208
3.5199739933	1	7670	14570	0.758065	363.639050299
2.61150312424	1	7680	14588	0.924634	490.139180046
2.77840590477	1	7690	14603	0.787834	460.695824826
2.85136008263	1	7700	14618	0.839064	448.90857798
8.49409484863	1	7710	14655	0.801923	150.692925239
7.77653503418	1	7720	14675	0.90814	164.597728214
4.2166159153	1	7730	14685	1.03449	303.560965882
3.41481399536	1	7740	14696	0.872941	374.837400145
4.01273107529	1	7750	14708	0.919755	318.984745298
3.11294293404	1	7760	14732	1.0193	411.186464745
2.9492020607	1	7770	14751	0.833197	434.01570108
9.00198101997	1	7780	14782	0.936204	142.190924104
3.25148510933	1	7790	14802	0.730927	393.666265402
3.46144795418	1	7800	14819	0.659163	369.787446451
3.75575399399	1	7810	14838	1.03477	340.810394411
7.79105186462	1	7820	14871	0.762667	164.291038263
5.68843317032	1	7830	14884	0.846823	225.018025469
2.89797902107	1	7840	14908	0.861693	441.687117364
3.96736693382	1	7850	14923	0.864917	322.632118821
5.02731490135	1	7860	14942	0.719497	254.609075643
4.69207715988	1	7870	14963	0.708708	272.800287886
4.67580389977	1	7880	14984	0.817453	273.749718217
4.25160598755	1	7890	15003	0.959505	301.062705187
4.32703900337	1	7900	15018	0.91893	295.814296798
4.6392390728	1	7910	15037	0.906564	275.907315815
2.92506289482	1	7920	15051	0.889307	437.597428167
3.58074593544	1	7930	15068	0.752626	357.467416867
5.31752705574	1	7940	15087	0.850014	240.713396769
5.39446306229	1	7950	15103	0.703559	237.280334525
2.99007296562	1	7960	15115	0.740731	428.083198877
2.75676107407	1	7970	15128	0.784743	464.312998338
3.02231287956	1	7980	15146	0.614593	423.51670757
2.85852313042	1	7990	15166	0.850407	447.783677655
3.72439289093	1	8000	15176	0.754448	343.680174859
7.50903606415	1	8010	15197	0.852735	170.461293442
2.85467791557	1	8020	15217	0.789751	448.386836573
2.86792612076	1	8030	15237	0.652282	446.315541651
2.79482102394	1	8040	15254	0.907698	457.989971106
2.75505185127	1	8050	15264	0.923859	464.601056205
12.0451581478	1	8060	15287	0.865408	106.266765807
2.83854198456	1	8070	15298	0.940908	450.935729316
3.09836292267	1	8080	15312	0.830358	413.121390859
3.74500608444	1	8090	15323	0.860236	341.788496771
5.57468104362	1	8100	15333	0.7388	229.609548956
4.19853878021	1	8110	15344	0.803919	304.867971217
3.01291799545	1	8120	15361	0.726796	424.83731782
2.93371415138	1	8130	15374	0.821765	436.306993098
11.7131669521	1	8140	15397	0.839053	109.278729248
6.26088309288	1	8150	15419	0.889917	204.444002709
2.81660199165	1	8160	15437	0.852258	454.448304657
6.54328203201	1	8170	15462	0.60312	195.620484298
2.87046384811	1	8180	15482	0.879417	445.920961813
2.85754203796	1	8190	15502	0.748217	447.937417191
7.22330403328	1	8200	15533	0.787536	177.204225947
3.725730896	1	8210	15546	0.889231	343.556750536
13.1169471741	1	8220	15567	0.791357	97.5836818593
2.88465189934	1	8230	15578	0.88486	443.727716434
2.90536499023	1	8240	15591	0.872018	440.564267933
2.83118391037	1	8250	15601	0.791426	452.107683754
2.92445111275	1	8260	15614	0.817674	437.688971589
5.10881590843	1	8270	15628	0.787302	250.547293726
3.72565507889	1	8280	15639	0.8321	343.563741918
3.96149992943	1	8290	15659	0.762739	323.109938862
5.05726099014	1	8300	15676	0.858422	253.101432276
8.33841609955	1	8310	15702	0.805314	153.50637156
3.80955505371	1	8320	15725	0.760986	335.997244285
4.03900194168	1	8330	15740	0.820903	316.90997392
2.83510494232	1	8340	15756	0.923024	451.482405781
4.93786215782	1	8350	15784	0.916461	259.221492842
2.77655291557	1	8360	15804	0.626581	461.003279578
4.88791894913	1	8370	15821	0.920169	261.870136007
3.47423505783	1	8380	15843	0.897144	368.426424434
2.82565188408	1	8390	15857	0.647358	452.992814583
5.57704210281	1	8400	15887	0.796163	229.512342995
5.52066993713	1	8410	15910	1.00925	231.855918679
3.08206415176	1	8420	15924	0.801507	415.306086107
5.40403389931	1	8430	15936	1.07684	236.860098188
3.94635796547	1	8440	15960	0.904135	324.349694376
5.10547709465	1	8450	15981	0.759263	250.7111434
5.75565385818	1	8460	16000	0.764461	222.39002406
3.58374810219	1	8470	16021	0.780432	357.167960331
3.56931805611	1	8480	16036	0.796039	358.611919666
2.72527694702	1	8490	16046	0.746576	469.677036456
4.17203307152	1	8500	16064	0.892772	306.804854626
3.82586288452	1	8510	16087	0.741878	334.565048104
5.58731412888	1	8520	16106	0.854781	229.090394862
6.97170495987	1	8530	16118	0.955781	183.599278422
4.93583989143	1	8540	16144	0.84319	259.32769866
14.5089130402	1	8550	16160	0.960094	88.2216328995
2.81789493561	1	8560	16183	0.850202	454.239788654
2.84186911583	1	8570	16193	0.945995	450.407794247
3.35134792328	1	8580	16205	0.775891	381.93587455
2.85692501068	1	8590	16220	0.766067	448.03416093
2.77896094322	1	8600	16231	0.975443	460.603810616
11.8932890892	1	8610	16261	0.772073	107.623718754
5.01406598091	1	8620	16273	1.03826	255.281842096
6.63858294487	1	8630	16298	0.986471	192.812232766
2.87152099609	1	8640	16318	0.902226	445.756796395
3.65234303474	1	8650	16339	0.940341	350.45996168
6.03968191147	1	8660	16365	0.909658	211.931690901
4.138474226	1	8670	16377	0.752685	309.29273208
8.62431383133	1	8680	16390	0.684026	148.417604581
4.04332900047	1	8690	16409	0.723922	316.570825637
3.3466360569	1	8700	16426	0.87833	382.473617757
5.76400899887	1	8710	16449	0.88156	222.067661631
7.05943608284	1	8720	16475	0.727761	181.317598882
5.27314686775	1	8730	16496	0.760698	242.739303892
2.97052907944	1	8740	16522	0.754036	430.899669982
4.0174779892	1	8750	16538	0.720975	318.607843887
10.2620179653	1	8760	16554	0.696332	124.731802685
4.0431098938	1	8770	16565	0.809106	316.587981436
12.2739272118	1	8780	16606	0.78769	104.286099951
6.79955792427	1	8790	16625	0.769649	188.247532304
5.28452801704	1	8800	16637	0.758567	242.216522624
2.88278889656	1	8810	16647	0.913073	444.01447554
3.67222595215	1	8820	16657	0.627856	348.562429622
2.77823019028	1	8830	16667	0.693842	460.724962417
3.00710296631	1	8840	16678	0.600874	425.658853169
2.82565784454	1	8850	16689	0.802586	452.991859036
2.87273216248	1	8860	16699	0.788528	445.568861838
4.73329401016	1	8870	16720	0.780413	270.424781823
6.31603384018	1	8880	16747	0.925933	202.658825521
2.89055418968	1	8890	16757	0.873656	442.82165841
2.76770591736	1	8900	16772	1.07812	462.476880933
2.86549091339	1	8910	16790	0.727677	446.694838228
6.73017811775	1	8920	16813	0.74446	190.18813137
2.69849395752	1	8930	16826	0.792274	474.338657099
2.83710002899	1	8940	16841	0.929565	451.164917317
5.46433806419	1	8950	16858	0.82109	234.246121847
2.93729782104	1	8960	16869	0.764893	435.774673862
4.51983308792	1	8970	16885	0.792157	283.196298425
5.52839994431	1	8980	16901	0.796486	231.531729414
6.01055598259	1	8990	16912	0.711556	212.958668667
3.44532203674	1	9000	16926	0.85768	371.518246001
5.00436902046	1	9010	16938	0.753686	255.776501446
4.5618019104	1	9020	16949	0.870977	280.590877276
4.00079202652	1	9030	16968	0.702447	319.936650422
5.53286600113	1	9040	16998	0.80102	231.344840041
9.36164999008	1	9050	17031	0.99184	136.728034199
2.82644200325	1	9060	17051	0.856334	452.866182475
2.91745710373	1	9070	17068	0.811974	438.738241726
2.88870406151	1	9080	17085	0.937012	443.10527238
4.08198785782	1	9090	17096	0.844477	313.572711283
2.76466202736	1	9100	17106	1.07273	462.986067495
5.15861296654	1	9110	17116	0.845745	248.128713727
2.89589309692	1	9120	17126	0.836638	442.005266479
4.65459394455	1	9130	17142	0.790465	274.997135142
2.93255710602	1	9140	17162	0.876846	436.47913876
2.88768100739	1	9150	17175	0.746257	443.262256713
3.30728387833	1	9160	17187	0.730731	387.024533451
2.96676301956	1	9170	17197	0.793002	431.446661415
6.80639600754	1	9180	17227	0.851654	188.058408383
6.00696206093	1	9190	17243	0.867294	213.086080288
8.27693104744	1	9200	17265	0.866262	154.646691227
7.99388885498	1	9210	17298	0.847931	160.122316337
2.80621314049	1	9220	17315	0.837459	456.130712786
2.84231281281	1	9230	17331	0.816881	450.337483698
4.62219905853	1	9240	17343	0.980115	276.924464695
12.7264471054	1	9250	17390	0.852628	100.577953092
2.85268187523	1	9260	17400	0.79717	448.700575804
3.24043416977	1	9270	17415	0.735228	395.008796025
2.91465878487	1	9280	17432	0.864087	439.159467532
11.2543530464	1	9290	17475	0.64244	113.733769922
7.5757830143	1	9300	17492	0.811882	168.959432653
2.93567109108	1	9310	17503	0.807082	436.016147684
5.24039101601	1	9320	17524	0.773436	244.256582398
2.70981383324	1	9330	17539	0.865305	472.357172401
2.92373800278	1	9340	17556	0.894108	437.795725467
6.50762701035	1	9350	17589	0.858803	196.692280914
7.29389715195	1	9360	17623	0.777721	175.48917586
3.57479786873	1	9370	17639	0.873911	358.062202956
12.5458669662	1	9380	17684	0.810453	102.025631504
2.75055003166	1	9390	17702	0.843968	465.361467803
2.71727108955	1	9400	17713	0.863962	471.060839281
12.3710129261	1	9410	17749	0.926697	103.467679457
3.83840799332	1	9420	17760	0.877502	333.471585675
2.73602509499	1	9430	17773	0.846943	467.831966288
4.43443989754	1	9440	17795	0.639334	288.649757258
6.98075699806	1	9450	17819	0.803289	183.361202855
2.84465098381	1	9460	17830	0.728073	449.967327199
4.78260016441	1	9470	17844	0.883662	267.636841048
2.73427581787	1	9480	17862	0.958594	468.131265922
2.92399001122	1	9490	17882	0.842411	437.757993389
11.5965080261	1	9500	17928	0.84256	110.378054938
2.83947110176	1	9510	17948	0.746616	450.788176434
2.85429000854	1	9520	17968	0.637072	448.447773761
5.0357029438	1	9530	17987	0.728807	254.184969663
6.00988411903	1	9540	18007	0.834354	212.982475976
3.98903799057	1	9550	18018	0.806938	320.879370672
2.81053996086	1	9560	18030	0.950407	455.428500511
3.73988294601	1	9570	18046	0.890133	342.256701206
6.75657296181	1	9580	18078	0.77934	189.445153221
4.40907692909	1	9590	18098	0.739297	290.310198843
5.00226306915	1	9600	18126	0.991617	255.88418328
3.7954621315	1	9610	18141	0.800652	337.244834925
2.73798584938	1	9620	18151	1.01774	467.496937681
8.07694101334	1	9630	18174	0.786858	158.475838549
2.79492497444	1	9640	18192	0.922602	457.972937272
7.60196995735	1	9650	18205	0.913688	168.37740838
5.40731310844	1	9660	18228	0.784798	236.71645683
11.1720108986	1	9670	18256	0.844512	114.572032879
2.81170010567	1	9680	18270	0.830384	455.240584663
2.76247310638	1	9690	18290	0.827308	463.352927144
2.89351177216	1	9700	18308	0.817578	442.369031402
6.49396705627	1	9710	18340	0.834043	197.106019927
11.7511179447	1	9720	18355	0.652192	108.925806551
7.97049307823	1	9730	18386	0.957405	160.592323139
5.68925499916	1	9740	18408	0.814551	224.985520985
5.68300914764	1	9750	18435	1.08304	225.232788958
9.71738195419	1	9760	18475	0.834589	131.722721823
4.92341589928	1	9770	18495	0.695024	259.982099052
8.56187415123	1	9780	18514	0.925094	149.499978321
3.70498681068	1	9790	18529	0.701672	345.480312186
4.09924197197	1	9800	18548	0.827953	312.252852784
2.90702009201	1	9810	18568	0.974242	440.313434199
7.4393529892	1	9820	18585	0.848215	172.057973571
2.78162693977	1	9830	18607	0.741145	460.1623538
3.04230618477	1	9840	18628	0.680199	420.733457536
2.97643184662	1	9850	18647	0.848234	430.045123141
4.0347571373	1	9860	18663	0.827403	317.243382053
2.80845999718	1	9870	18679	0.693529	455.765793811
3.12876486778	1	9880	18694	0.749493	409.107125045
6.10082197189	1	9890	18722	0.776542	209.80779408
6.33683514595	1	9900	18741	0.753731	201.993577317
9.96763896942	1	9910	18768	0.640847	128.415566006
8.91076207161	1	9920	18800	0.777583	143.646524249
2.81469392776	1	9930	18814	0.867605	454.756372398
2.8813290596	1	9940	18829	0.734243	444.239437261
11.5558738708	1	9950	18854	0.791272	110.766179547
5.28117609024	1	9960	18881	0.870329	242.370255816
6.53917193413	1	9970	18908	0.874259	195.743438603
3.74009490013	1	9980	18924	0.723756	342.23730525
2.83043599129	1	9990	18937	0.895038	452.227149436
3.90364122391	1	10000	18947	0.768738	327.898986249
3.07049798965	1	10010	18959	0.79777	416.870489514
9.93545889854	1	10020	18982	0.787037	128.831492644
4.73003911972	1	10030	19008	0.87447	270.610869721
6.97448277473	1	10040	19036	0.78064	183.526154031
13.9216201305	1	10050	19055	0.854915	91.9433218259
4.71553993225	1	10060	19077	0.953276	271.442935144
4.7871029377	1	10070	19096	0.785917	267.385100479
3.83029007912	1	10080	19119	0.82539	334.178345128
2.8604581356	1	10090	19139	0.816353	447.480766828
5.424025774	1	10100	19164	0.74238	235.987079216
2.87035703659	1	10110	19183	0.916738	445.937555392
2.81950712204	1	10120	19202	0.875017	453.98005559
8.9502120018	1	10130	19239	0.96028	143.013372168
2.86987495422	1	10140	19253	1.02502	446.012464103
4.89907002449	1	10150	19278	0.805763	261.274077243
9.71331596375	1	10160	19312	0.707445	131.777860905
2.89651799202	1	10170	19324	0.883488	441.909908216
7.15489602089	1	10180	19348	0.876966	178.898476828
5.95699810982	1	10190	19364	0.853413	214.873326532
2.96861290932	1	10200	19389	0.874198	431.177805629
2.79848599434	1	10210	19409	0.813137	457.39017547
2.88075304031	1	10220	19424	0.769922	444.328264897
7.34631490707	1	10230	19438	0.803958	174.237017633
11.4258520603	1	10240	19453	0.757527	112.026656152
10.6799390316	1	10250	19472	0.797452	119.850871453
3.21287202835	1	10260	19492	0.83872	398.397442757
5.67849588394	1	10270	19508	0.805663	225.411803788
5.52831292152	1	10280	19536	0.673388	231.535374023
2.92529702187	1	10290	19556	0.733369	437.562404922
5.55973410606	1	10300	19566	0.888052	230.226837396
3.33797693253	1	10310	19584	0.834139	383.465801554
2.99617195129	1	10320	19603	0.819323	427.211795854
3.93807506561	1	10330	19622	1.01595	325.031894688
3.02618908882	1	10340	19636	0.847252	422.974230106
3.33359098434	1	10350	19651	0.819489	383.970320898
2.94312500954	1	10360	19668	0.77241	434.911869476
5.940969944	1	10370	19688	0.928004	215.453034111
8.46615791321	1	10380	19706	0.886067	151.190187228
4.43259000778	1	10390	19717	0.841253	288.770221869
3.27429008484	1	10400	19731	0.947342	390.92443456
3.83099508286	1	10410	19745	0.713632	334.116847534
6.27794003487	1	10420	19774	0.763869	203.888535553
7.48804998398	1	10430	19790	0.777902	170.939029886
4.46454501152	1	10440	19805	0.764735	286.70334753
5.0239508152	1	10450	19831	0.80353	254.779564347
5.525151968	1	10460	19852	1.05176	231.667836
2.85614013672	1	10470	19870	1.01117	448.157281761
9.0370259285	1	10480	19890	0.851874	141.639518369
6.62252497673	1	10490	19913	0.914928	193.279754247
4.89702415466	1	10500	19939	0.805887	261.383231851
2.85199785233	1	10510	19951	0.811377	448.808192109
6.86869001389	1	10520	19976	0.807727	186.352855845
3.55795502663	1	10530	19995	0.76744	359.757217396
Training elapsed time: 8315.84722614 s
