Duration	Worker	LocalStep	GlobalStep	Loss	ExamplesPerSec
23.4729521275	0	10	12	4.58831	54.5308486572
10.1098029613	0	20	35	4.6129	126.609787045
9.28933906555	0	30	50	4.50769	137.792365094
13.6854598522	0	40	71	4.4483	93.5299225471
20.1649520397	0	50	93	4.35215	63.476471329
8.72553110123	0	60	111	4.17237	146.695941502
13.8311769962	0	70	134	4.25212	92.5445463064
9.68658089638	0	80	152	4.0072	132.141569218
8.63098597527	0	90	171	4.02303	148.302871036
8.72708511353	0	100	191	4.15018	146.669819688
13.6295108795	0	110	208	3.9586	93.9138617163
15.2172760963	0	120	228	3.99201	84.1149225325
8.55845594406	0	130	246	3.95845	149.559687912
8.68132305145	0	140	262	3.67773	147.442963753
12.0244090557	0	150	282	3.81816	106.450137722
8.3400888443	0	160	298	3.61932	153.475583282
17.5556840897	0	170	319	3.6006	72.9108585836
13.1668510437	0	180	337	3.52384	97.2138285572
24.851706028	0	190	357	3.54219	51.5055183157
8.41541600227	0	200	374	3.56519	152.101809305
14.2954750061	0	210	394	3.60888	89.5388225612
7.99442100525	0	220	415	3.34941	160.111657762
8.26565289497	0	230	434	3.91001	154.857700446
8.14733409882	0	240	455	3.5028	157.106604992
12.6794269085	0	250	475	3.38657	100.950934868
7.90562009811	0	260	495	3.12251	161.910132806
16.3934898376	0	270	513	3.21232	78.0797751227
7.78311109543	0	280	533	3.09296	164.458657252
15.1734900475	0	290	557	3.38766	84.3576524581
11.8065788746	0	300	578	3.17639	108.414131951
14.2456510067	0	310	594	2.96914	89.8519835561
18.2690479755	0	320	614	3.13732	70.0638589221
16.0624761581	0	330	635	3.03598	79.6888342369
11.7360298634	0	340	659	3.15939	109.065843808
7.66640615463	0	350	676	2.86684	166.962195086
10.2669489384	0	360	691	3.22249	124.671896947
13.5701138973	0	370	708	2.9141	94.3249267976
8.64864015579	0	380	729	2.86688	148.000145334
17.5732338428	0	390	762	2.84528	72.8380451456
10.4070611	0	400	782	2.59519	122.99341646
16.4579479694	0	410	798	2.89238	77.7739729386
7.77165794373	0	420	813	2.95913	164.701021232
13.4915621281	0	430	833	2.73845	94.8741137497
29.3364388943	0	440	868	2.86204	43.6317442827
7.71831512451	0	450	885	2.59302	165.839302924
7.62818479538	0	460	898	2.8314	167.798766592
14.181636095	0	470	915	2.7556	90.2575691141
28.4898979664	0	480	948	2.70099	44.9282058332
11.0283079147	0	490	975	2.67784	116.064949392
14.4109911919	0	500	1000	2.58671	88.821093772
15.7583568096	0	510	1023	2.51482	81.226743084
21.0835380554	0	520	1053	2.76828	60.7108729396
7.56224608421	0	530	1072	2.4596	169.261881423
12.6230549812	0	540	1095	2.56583	101.40176066
32.49939394	0	550	1128	2.57946	39.3853498427
15.5694930553	0	560	1152	2.4927	82.2120537547
8.24096608162	0	570	1169	2.30413	155.321595469
8.92625784874	0	580	1180	2.22412	143.397157206
9.04572701454	0	590	1201	2.40457	141.503275297
11.9901590347	0	600	1226	2.32776	106.754213709
11.9980781078	0	610	1244	2.21317	106.683752889
14.4195399284	0	620	1270	2.21842	88.7684354947
12.3169109821	0	630	1297	2.28699	103.922160504
14.4591829777	0	640	1325	2.25996	88.5250571887
8.17537999153	0	650	1345	2.25293	156.567645947
7.67602014542	0	660	1361	2.3416	166.753079819
7.88600993156	0	670	1380	2.1015	162.31275526
20.7488019466	0	680	1398	2.33689	61.6903088329
12.0617659092	0	690	1416	2.15557	106.120447838
8.46378111839	0	700	1431	2.1429	151.232644381
14.1556689739	0	710	1449	2.24661	90.4231373563
8.03201007843	0	720	1462	2.1356	159.362349835
8.33726501465	0	730	1483	2.17267	153.527565425
20.6486649513	0	740	1511	1.91687	61.9894798534
12.2971410751	0	750	1535	1.89349	104.089234415
20.3481659889	0	760	1553	2.06914	62.9049321053
8.25995492935	0	770	1574	2.11029	154.964525951
10.6885368824	0	780	1593	2.01515	119.754463505
13.457542181	0	790	1614	1.95054	95.1139504363
17.5488598347	0	800	1634	1.8953	72.9392115533
7.93447113037	0	810	1652	2.04596	161.321401133
8.04176402092	0	820	1672	1.87617	159.169057519
16.7310769558	0	830	1700	2.05969	76.5043400005
12.130548954	0	840	1723	1.83681	105.518720122
14.7604379654	0	850	1739	1.98493	86.7182940642
12.9133939743	0	860	1763	2.12603	99.1218886798
19.61602211	0	870	1779	1.96194	65.2527812634
7.80771994591	0	880	1793	1.92184	163.940306372
10.4929120541	0	890	1815	2.21996	121.987108384
7.81193995476	0	900	1833	1.71322	163.851745842
8.4383699894	0	910	1851	1.8548	151.68806317
19.3774240017	0	920	1879	1.93437	66.0562518469
17.7665159702	0	930	1902	1.80261	72.045639232
9.58792495728	0	940	1923	1.6811	133.501253473
8.40103316307	0	950	1938	1.95851	152.362212499
8.45855903625	0	960	1958	1.84204	151.326011264
8.00224494934	0	970	1974	1.5776	159.955113609
8.38754582405	0	980	1990	1.81149	152.60721394
18.2461211681	0	990	2011	1.75863	70.1518962965
18.8223440647	0	1000	2033	1.58972	68.0042823359
8.81275296211	0	1010	2054	1.86182	145.244057731
11.7153468132	0	1020	2072	1.79054	109.258395881
7.97462821007	0	1030	2087	1.67126	160.509050238
8.24697995186	0	1040	2101	1.60862	155.208331713
7.96282196045	0	1050	2117	1.90122	160.747032441
15.3084609509	0	1060	2135	1.74776	83.6138919588
8.25463104248	0	1070	2154	1.55965	155.064471496
12.63718009	0	1080	2179	1.94902	101.288419639
13.2670218945	0	1090	2198	1.56949	96.4798287199
7.84659790993	0	1100	2215	1.49677	163.128022449
9.34639716148	0	1110	2232	1.88744	136.951167159
10.9512729645	0	1120	2252	1.54271	116.881389419
15.5310368538	0	1130	2275	1.73162	82.4156179687
13.6974511147	0	1140	2293	1.66844	93.4480429451
19.5263578892	0	1150	2318	1.57002	65.5524193126
9.25103211403	0	1160	2335	1.87769	138.362939856
21.0832140446	0	1170	2355	1.67805	60.7118059559
8.29860687256	0	1180	2374	1.92617	154.242756604
12.6140370369	0	1190	2398	1.55694	101.474254139
15.5645070076	0	1200	2421	1.52561	82.2383901639
12.9762101173	0	1210	2439	1.56266	98.6420525273
19.5438230038	0	1220	2462	1.46836	65.4938391405
20.3429570198	0	1230	2491	1.40665	62.9210393923
8.21375584602	0	1240	2510	1.48806	155.836139276
9.88889694214	0	1250	2530	1.39911	129.438096836
8.72822403908	0	1260	2550	1.55094	146.650681086
12.7872111797	0	1270	2572	1.35145	100.100012584
7.97275185585	0	1280	2590	1.45279	160.54682538
7.96130394936	0	1290	2608	2.22118	160.777682669
9.56219220161	0	1300	2630	1.5761	133.860517862
18.413536787	0	1310	2649	1.44541	69.5140762366
7.94233107567	0	1320	2665	1.45399	161.161753118
12.2795920372	0	1330	2685	1.22561	104.237990653
8.19694209099	0	1340	2704	1.5381	156.155793928
7.89775800705	0	1350	2720	1.71497	162.071311739
16.1783277988	0	1360	2748	1.36238	79.1181892168
12.1084861755	0	1370	2765	1.84593	105.710984961
12.5727159977	0	1380	2790	1.43275	101.807755797
8.70089697838	0	1390	2804	1.34334	147.111269468
8.11389994621	0	1400	2822	1.29626	157.753978788
10.8026731014	0	1410	2838	1.25808	118.489191331
18.507475853	0	1420	2868	1.46194	69.1612411206
7.93802714348	0	1430	2889	1.457	161.249133678
19.7372188568	0	1440	2914	1.21494	64.8520953882
8.00276613235	0	1450	2933	1.39489	159.944696475
13.6863458157	0	1460	2953	1.19189	93.523868039
23.3335301876	0	1470	2975	1.33556	54.8566800526
10.899741888	0	1480	2995	1.6654	117.433973497
12.8000609875	0	1490	3015	1.31118	99.9995235376
8.32695007324	0	1500	3035	1.4637	153.717746443
7.66385698318	0	1510	3055	1.35457	167.017730473
12.0472249985	0	1520	3075	1.17919	106.248534427
7.89145708084	0	1530	3090	1.56454	162.20071742
7.9360408783	0	1540	3107	1.3325	161.289491779
13.531028986	0	1550	3126	1.13906	94.597388072
12.8502550125	0	1560	3151	1.19546	99.6089181696
16.1586279869	0	1570	3173	1.2995	79.2146462582
9.70406603813	0	1580	3191	1.25904	131.903471696
14.2423450947	0	1590	3218	1.40332	89.8728398653
14.5462398529	0	1600	3238	1.56982	87.9952491464
11.6213309765	0	1610	3261	1.2817	110.142289432
8.73074102402	0	1620	3281	1.21274	146.608403167
10.0182659626	0	1630	3303	1.06671	127.766621966
10.3037080765	0	1640	3326	1.36833	124.227121974
11.7102270126	0	1650	3347	1.57754	109.306164485
16.2391409874	0	1660	3375	1.37472	78.8219032641
7.96045088768	0	1670	3397	1.03554	160.794912004
12.4944610596	0	1680	3422	1.26812	102.445395115
10.6608331203	0	1690	3444	1.16386	120.065663307
12.1075458527	0	1700	3463	1.30306	105.71919492
17.5447151661	0	1710	3483	1.03883	72.956442318
19.3168067932	0	1720	3502	1.09226	66.26354002
10.8834841251	0	1730	3530	1.08162	117.609396521
7.39859604836	0	1740	3549	1.25393	173.005796185
12.5158689022	0	1750	3569	1.1864	102.270166778
7.48661994934	0	1760	3582	1.45178	170.971681301
7.50355005264	0	1770	3601	1.14284	170.585921466
9.11998414993	0	1780	3619	1.25596	140.351121116
13.7342579365	0	1790	3634	1.1949	93.1976089222
17.7352819443	0	1800	3656	1.13514	72.1725205171
7.77636003494	0	1810	3675	1.38517	164.601432322
16.3047850132	0	1820	3692	1.14004	78.5045616341
9.61032700539	0	1830	3712	1.2649	133.19005683
28.4529490471	0	1840	3732	1.23706	44.9865494744
12.5751638412	0	1850	3756	1.2179	101.787938206
18.2807290554	0	1860	3775	1.20505	70.0190892891
15.5518119335	0	1870	3800	1.21735	82.3055220493
10.726154089	0	1880	3819	1.08966	119.334478079
13.7303910255	0	1890	3846	1.16195	93.2238563067
9.71063995361	0	1900	3859	1.15422	131.814175597
12.8416450024	0	1910	3873	1.23944	99.6757035227
19.9863409996	0	1920	3899	1.06511	64.0437386726
7.65716004372	0	1930	3918	1.1688	167.163803903
9.03448295593	0	1940	3934	1.19109	141.679386219
13.0402719975	0	1950	3952	1.00212	98.1574617654
13.2658970356	0	1960	3968	1.37851	96.4880095605
15.030616045	0	1970	3985	1.20396	85.1595168267
11.2998759747	0	1980	4010	1.15876	113.275579561
8.86854791641	0	1990	4027	1.12594	144.330279552
9.26705408096	0	2000	4046	1.39753	138.123721823
13.2861559391	0	2010	4067	1.18405	96.3408833877
9.83911108971	0	2020	4088	1.16062	130.093052953
7.80811095238	0	2030	4106	1.23058	163.93209674
7.84518098831	0	2040	4118	1.05256	163.157485074
11.562130928	0	2050	4135	1.12263	110.706236417
13.2516760826	0	2060	4156	1.17154	96.5915550622
7.80483388901	0	2070	4175	1.06936	164.000927912
9.94683098793	0	2080	4197	1.23355	128.684201185
24.9512250423	0	2090	4220	1.2436	51.3000863816
7.6957681179	0	2100	4239	1.26053	166.325177733
19.8757548332	0	2110	4263	1.08495	64.4000698711
17.6750211716	0	2120	4280	1.09427	72.4185836936
13.6796858311	0	2130	4300	1.04724	93.5694003361
8.05715417862	0	2140	4316	1.06356	158.865024998
11.6369569302	0	2150	4333	1.18747	109.994391806
26.668569088	0	2160	4353	1.05779	47.9965758859
7.65075087547	0	2170	4369	1.0948	167.303839954
11.145676136	0	2180	4387	1.17224	114.842741201
13.8973360062	0	2190	4408	1.19841	92.1039830535
8.01118183136	0	2200	4426	0.978854	159.77667552
20.3515219688	0	2210	4451	1.03436	62.8945590389
12.0221049786	0	2220	4469	0.954184	106.470539251
20.9104690552	0	2230	4490	0.992776	61.2133566503
21.524294138	0	2240	4513	1.07861	59.4676876183
8.32147097588	0	2250	4533	1.01244	153.818958657
7.98123598099	0	2260	4549	0.99748	160.376162671
12.5273070335	0	2270	4570	1.17351	102.176788401
20.873415947	0	2280	4593	0.958417	61.3220185547
7.69579195976	0	2290	4612	1.23967	166.324662451
23.6326169968	0	2300	4638	1.10567	54.1624315316
10.4039330482	0	2310	4656	0.992442	123.030395723
21.5425209999	0	2320	4676	1.0302	59.4173727395
9.98956894875	0	2330	4697	1.17728	128.133656874
25.9566731453	0	2340	4721	1.20534	49.312945185
10.4233448505	0	2350	4736	0.926578	122.801271411
8.60664606094	0	2360	4754	1.23905	148.722277056
7.8483569622	0	2370	4774	0.993548	163.091460565
17.1438350677	0	2380	4799	1.10439	74.6624075034
7.73805689812	0	2390	4817	1.03977	165.416204204
7.57281708717	0	2400	4832	1.14236	169.025606358
14.4867210388	0	2410	4860	0.910536	88.3567783607
7.32510590553	0	2420	4879	1.06947	174.741500875
7.55333805084	0	2430	4899	1.21674	169.461500516
15.9766039848	0	2440	4919	1.2454	80.1171513806
11.3527500629	0	2450	4944	1.13194	112.748011971
13.9366619587	0	2460	4964	1.06249	91.8440874719
19.1041190624	0	2470	4988	1.00795	67.001257468
7.84008598328	0	2480	5006	1.18165	163.26351557
15.3571958542	0	2490	5026	1.17195	83.3485495759
15.595621109	0	2500	5050	0.989538	82.0743201603
10.6849720478	0	2510	5070	1.1072	119.794417269
8.99873685837	0	2520	5091	1.10755	142.242185781
8.03720998764	0	2530	5109	1.10252	159.25924568
15.6689281464	0	2540	5130	1.07103	81.6903356786
23.3041398525	0	2550	5151	1.17046	54.9258633058
12.3487119675	0	2560	5178	1.02918	103.654535256
9.60745716095	0	2570	5201	1.28187	133.229842044
17.7428369522	0	2580	5219	1.0366	72.1417890187
9.05534005165	0	2590	5236	1.09829	141.353057168
8.02472686768	0	2600	5252	1.19973	159.506986481
18.9898769855	0	2610	5278	1.14865	67.4043334232
9.36321210861	0	2620	5299	1.04112	136.705223074
10.6120660305	0	2630	5312	1.0423	120.6174176
7.72337388992	0	2640	5325	1.08875	165.730679136
13.4752659798	0	2650	5351	1.00244	94.9888486002
16.9911520481	0	2660	5375	1.00184	75.3333262145
10.324655056	0	2670	5394	1.23607	123.975086146
12.5372989178	0	2680	5414	1.06878	102.095356296
8.24740695953	0	2690	5432	0.83075	155.200295836
9.40437912941	0	2700	5450	1.09608	136.106805392
19.3818519115	0	2710	5470	0.962349	66.0411608675
10.3276250362	0	2720	5487	0.929013	123.939433849
11.5909280777	0	2730	5511	1.17761	110.431191654
10.4697158337	0	2740	5533	1.12175	122.257377405
13.3421800137	0	2750	5557	0.837255	95.9363461361
23.4296610355	0	2760	5580	0.949113	54.6316055558
7.87689614296	0	2770	5602	1.10151	162.500555646
12.1187698841	0	2780	5623	1.01917	105.621281057
19.7291779518	0	2790	5641	1.14176	64.8785267752
14.2723181248	0	2800	5661	1.21558	89.6840995842
13.7232158184	0	2810	5682	0.874243	93.2725985613
15.6363680363	0	2820	5700	0.927735	81.8604420816
7.74629116058	0	2830	5716	0.965366	165.240367741
8.52970600128	0	2840	5735	1.33098	150.063788811
19.4830160141	0	2850	5761	0.987858	65.6982470822
14.6724238396	0	2860	5779	1.21106	87.238483157
7.89494609833	0	2870	5795	1.03441	162.129035975
16.9435958862	0	2880	5821	1.01537	75.5447668013
14.8196790218	0	2890	5846	1.07068	86.3716412558
14.8272731304	0	2900	5866	0.913429	86.3274041519
18.7977828979	0	2910	5896	0.984706	68.093136672
10.7833189964	0	2920	5916	1.15797	118.701857974
8.00800895691	0	2930	5934	1.01394	159.83998106
15.7998070717	0	2940	5958	1.0762	81.0136474574
8.06568288803	0	2950	5975	1.1321	158.697040011
8.31881999969	0	2960	5994	1.09352	153.867976473
15.6600701809	0	2970	6015	1.03849	81.7365430177
9.18385481834	0	2980	6035	0.911128	139.375025555
10.3200011253	0	2990	6057	1.03446	124.030994227
28.5576980114	0	3000	6073	1.15389	44.8215398695
9.09484887123	0	3010	6089	0.82167	140.739007115
21.457075119	0	3020	6110	1.22616	59.6539832619
10.8731119633	0	3030	6127	1.22957	117.721587373
8.3857049942	0	3040	6147	1.00626	152.640714273
20.8453729153	0	3050	6164	0.874776	61.4045143353
13.7562830448	0	3060	6189	0.89987	93.0483907484
10.4007539749	0	3070	6212	1.01871	123.068000944
19.3379511833	0	3080	6237	0.957712	66.1910865254
7.76876282692	0	3090	6252	0.93657	164.76239892
15.088738203	0	3100	6272	0.983336	84.8314804575
14.053000927	0	3110	6293	1.17436	91.0837483504
7.8536798954	0	3120	6313	1.01063	162.980923217
10.8131091595	0	3130	6336	0.935536	118.374833836
9.28238487244	0	3140	6353	0.78676	137.895596616
8.00132393837	0	3150	6365	0.892589	159.973525614
10.3354811668	0	3160	6389	1.01452	123.84522591
7.66608095169	0	3170	6408	0.862525	166.969277792
11.5286500454	0	3180	6431	1.00653	111.027743488
9.36622691154	0	3190	6450	0.877385	136.661220371
7.65618300438	0	3200	6468	1.0262	167.185136414
18.1171519756	0	3210	6486	0.9857	70.6512812677
8.04116511345	0	3220	6503	0.898376	159.18091246
7.95855689049	0	3230	6523	0.932998	160.833178378
8.57362103462	0	3240	6542	0.8825	149.29514552
10.9924440384	0	3250	6562	1.06002	116.44362214
10.0037250519	0	3260	6581	0.881446	127.952337091
12.9777038097	0	3270	6610	1.13728	98.6306991411
8.32342505455	0	3280	6625	0.896837	153.782846798
12.4593930244	0	3290	6643	1.07833	102.733736506
21.1607511044	0	3300	6663	1.10593	60.4893462282
9.56664896011	0	3310	6684	0.720453	133.798157049
45.5054910183	0	3320	6723	1.00461	28.1284735393
11.0631458759	0	3330	6753	0.918246	115.699459661
7.85986304283	0	3340	6773	1.04883	162.852710413
8.39658308029	0	3350	6786	0.956354	152.442962543
9.95556092262	0	3360	6799	1.0833	128.571359258
9.44443511963	0	3370	6819	0.90917	135.529545578
12.4554958344	0	3380	6835	1.00791	102.765880783
15.5749850273	0	3390	6855	1.09223	82.1830645587
7.93066096306	0	3400	6872	0.967285	161.398905585
11.3070249557	0	3410	6890	0.890324	113.203959928
8.17806410789	0	3420	6910	1.05108	156.516258996
12.7883050442	0	3430	6925	0.997559	100.091450398
7.92054891586	0	3440	6942	0.933325	161.604961171
8.44483613968	0	3450	6961	1.04271	151.571916711
7.95953893661	0	3460	6982	1.07077	160.813334817
12.700001955	0	3470	7004	1.02459	100.78738606
8.55997395515	0	3480	7030	0.912517	149.533165253
16.2107241154	0	3490	7049	0.86894	78.9600754963
22.784375906	0	3500	7067	1.13745	56.1788484039
17.9339430332	0	3510	7093	0.876316	71.3730381338
10.4327919483	0	3520	7112	0.835017	122.69007245
8.64629411697	0	3530	7133	0.903898	148.040302895
14.6760799885	0	3540	7151	0.939659	87.2167500453
23.7507269382	0	3550	7177	1.19411	53.8930872865
12.9160299301	0	3560	7200	0.933821	99.1016594825
8.76222109795	0	3570	7216	0.877706	146.081682451
7.68065595627	0	3580	7232	0.916254	166.65243272
7.81953597069	0	3590	7252	1.04436	163.692577769
39.8109281063	0	3600	7283	0.771384	32.1519758741
9.96908307076	0	3610	7301	1.05222	128.396963985
16.7837569714	0	3620	7322	1.00906	76.2642120107
13.8726119995	0	3630	7341	1.07255	92.2681323492
7.76840996742	0	3640	7355	0.968201	164.769882816
9.56916189194	0	3650	7367	1.22121	133.763020676
12.070554018	0	3660	7388	1.1037	106.043185598
14.9786851406	0	3670	7409	1.06068	85.4547637516
8.75478982925	0	3680	7421	1.04955	146.205679972
7.77536511421	0	3690	7438	0.874014	164.622494404
8.08058786392	0	3700	7457	1.0843	158.404316809
14.129499197	0	3710	7484	0.944849	90.5906134501
7.8457570076	0	3720	7505	0.979696	163.145506388
8.40787982941	0	3730	7519	0.912219	152.238141597
11.1927421093	0	3740	7538	0.974778	114.359822419
7.98311090469	0	3750	7554	1.08185	160.338496519
8.20434403419	0	3760	7574	0.837848	156.014910475
14.7447450161	0	3770	7597	0.923588	86.8105890338
16.98072505	0	3780	7615	0.877159	75.3795845721
11.2270629406	0	3790	7637	1.11924	114.010227499
23.6180720329	0	3800	7660	0.950502	54.1957869472
8.66500806808	0	3810	7674	0.943475	147.720577978
7.82678294182	0	3820	7690	0.778267	163.541011616
10.3951618671	0	3830	7708	0.804484	123.134205735
13.8924500942	0	3840	7727	1.0196	92.1363756082
9.77390098572	0	3850	7750	1.00646	130.961015655
10.2738981247	0	3860	7772	1.0212	124.587569826
15.8535969257	0	3870	7797	0.928884	80.7387753073
21.322108984	0	3880	7816	0.947199	60.0315851007
7.82422399521	0	3890	7832	0.971949	163.594498417
8.07510685921	0	3900	7852	1.01195	158.511834248
17.4551131725	0	3910	7880	1.16921	73.3309482069
10.8793649673	0	3920	7902	1.11352	117.653925927
7.89467406273	0	3930	7923	1.25295	162.134622637
7.87629294395	0	3940	7941	0.836739	162.513000609
16.017952919	0	3950	7959	0.928322	79.9103360131
7.69888997078	0	3960	7976	0.885944	166.257733889
14.0562801361	0	3970	7990	0.996015	91.0624992961
7.98922204971	0	3980	8004	0.802388	160.215849808
23.1423249245	0	3990	8024	0.935057	55.3099139424
15.8610670567	0	4000	8045	0.996266	80.7007495415
13.84689188	0	4010	8065	0.893059	92.439517192
17.2707769871	0	4020	8086	1.00675	74.1136314225
9.58308410645	0	4030	8104	1.16354	133.568691017
7.67990493774	0	4040	8117	0.807922	166.668729675
12.9582810402	0	4050	8137	0.868972	98.7785336674
12.7496919632	0	4060	8158	1.15412	100.394582371
7.74012207985	0	4070	8177	0.94147	165.372068657
7.90285491943	0	4080	8197	0.999328	161.966784542
12.0604860783	0	4090	8217	0.913812	106.131709095
34.5231809616	0	4100	8252	0.860566	37.0765371077
10.123816967	0	4110	8276	0.952592	126.434526046
13.354391098	0	4120	8296	1.00323	95.8486231686
19.5410478115	0	4130	8314	0.957733	65.5031404839
13.9193680286	0	4140	8333	1.15267	91.9581979129
7.86244511604	0	4150	8356	1.15709	162.799228625
10.935956955	0	4160	8373	1.01447	117.045083962
14.6951239109	0	4170	8395	0.892442	87.103722824
9.31318116188	0	4180	8415	1.07164	137.439611423
9.52005290985	0	4190	8434	1.04424	134.453034255
7.67573308945	0	4200	8450	0.863304	166.759316027
10.7781558037	0	4210	8470	1.15636	118.758721187
7.89033913612	0	4220	8488	0.949961	162.22369887
8.33471488953	0	4230	8505	0.847782	153.574539377
10.1601569653	0	4240	8523	0.992059	125.982305626
7.81584906578	0	4250	8542	1.10913	163.769795095
13.7791061401	0	4260	8561	0.983632	92.8942695544
12.2550029755	0	4270	8581	1.16885	104.447139063
7.56616592407	0	4280	8599	0.820713	169.174191109
24.4100708961	0	4290	8619	0.993047	52.4373733057
17.5976982117	0	4300	8651	1.05534	72.7367854934
14.3756198883	0	4310	8669	0.936538	89.0396386344
18.8347780704	0	4320	8694	0.861124	67.9593884893
12.0200939178	0	4330	8713	0.972804	106.488352649
15.4136841297	0	4340	8732	1.10406	83.0430926979
16.322496891	0	4350	8753	0.835558	78.4193747161
15.4567708969	0	4360	8771	0.971377	82.811604606
15.3472571373	0	4370	8795	0.889356	83.4025251906
9.64792609215	0	4380	8807	0.882373	132.670999733
8.79939579964	0	4390	8830	0.653177	145.464532923
14.0742681026	0	4400	8847	0.984006	90.946114616
11.3752160072	0	4410	8872	1.01139	112.525335711
22.2580869198	0	4420	8891	0.894687	57.5071884935
10.2088460922	0	4430	8915	0.818221	125.381457261
10.5806829929	0	4440	8936	0.955507	120.975177203
7.54013800621	0	4450	8948	1.06622	169.75816609
28.5184719563	0	4460	8972	0.981312	44.883190164
8.87368106842	0	4470	8992	1.0103	144.246788918
7.90963196754	0	4480	9008	0.883565	161.828009856
12.5342988968	0	4490	9025	0.905431	102.119792303
23.4361469746	0	4500	9041	0.826318	54.6164862931
16.0485231876	0	4510	9062	1.16588	79.7581176183
8.92573189735	0	4520	9083	1.03097	143.405606926
9.89150905609	0	4530	9104	1.11164	129.403915292
11.3510110378	0	4540	9125	1.02434	112.765285465
17.7257449627	0	4550	9140	0.701466	72.2113514943
10.4671640396	0	4560	9167	1.21782	122.287182579
7.73421597481	0	4570	9186	0.942836	165.498352279
7.94198703766	0	4580	9207	1.05372	161.168734465
20.564095974	0	4590	9236	0.949047	62.2444089748
16.037984848	0	4600	9255	1.03196	79.8105255822
8.18897199631	0	4610	9274	0.90918	156.307775943
11.0682849884	0	4620	9294	0.859764	115.645739276
19.7074689865	0	4630	9321	1.12967	64.9499943842
17.7464931011	0	4640	9345	0.97182	72.1269263007
21.0116069317	0	4650	9366	1.10493	60.918710509
16.5598630905	0	4660	9388	0.819848	77.295325028
11.2058579922	0	4670	9414	0.855553	114.225970104
8.08459591866	0	4680	9429	0.937207	158.32578559
7.75853013992	0	4690	9448	0.979273	164.979703232
7.72214102745	0	4700	9467	1.00747	165.757138525
18.8473567963	0	4710	9500	1.04376	67.9140323939
10.3366680145	0	4720	9521	0.77676	123.831006104
8.7842271328	0	4730	9539	0.990893	145.715722129
13.2281990051	0	4740	9558	1.22423	96.7629833437
27.5204119682	0	4750	9579	0.894196	46.5109316488
11.3514950275	0	4760	9600	1.07708	112.760477531
8.28107905388	0	4770	9613	0.972734	154.569228439
10.2816488743	0	4780	9633	0.904392	124.493650352
8.10003614426	0	4790	9650	0.86325	158.023986215
7.85391187668	0	4800	9669	1.04137	162.976109243
17.6358470917	0	4810	9689	0.887724	72.5794453392
21.6328258514	0	4820	9712	0.832262	59.1693387073
7.98381495476	0	4830	9729	0.899425	160.324357122
10.5254311562	0	4840	9751	0.950722	121.610220143
11.3829119205	0	4850	9775	0.87936	112.449258058
7.86031913757	0	4860	9796	0.858912	162.84326089
20.4999167919	0	4870	9816	0.916071	62.439277827
8.45897603035	0	4880	9830	0.895012	151.31855149
8.12691903114	0	4890	9846	0.983376	157.50126156
19.2600359917	0	4900	9865	0.98266	66.4588581534
22.1992511749	0	4910	9885	0.906281	57.6596025656
17.3911077976	0	4920	9918	0.896961	73.6008318099
8.19600605965	0	4930	9931	0.883499	156.173627824
15.2018620968	0	4940	9952	1.07636	84.2002112538
12.0016169548	0	4950	9966	0.949155	106.652295672
7.98227500916	0	4960	9983	0.899365	160.355286999
8.19494986534	0	4970	10000	0.85081	156.193756037
29.7781891823	0	4980	10017	1.00671	42.9844807609
14.0600488186	0	4990	10037	0.974118	91.0380907289
20.6486070156	0	5000	10068	1.11747	61.9896537831
7.72775697708	0	5010	10081	0.778697	165.636678767
12.941119194	0	5020	10102	0.942486	98.9095286743
13.4216768742	0	5030	10122	0.93493	95.3681132396
7.66895914078	0	5040	10139	1.08534	166.906613597
11.9924869537	0	5050	10158	0.793778	106.733491138
8.54069900513	0	5060	10174	0.977141	149.870636962
13.6289348602	0	5070	10194	0.869814	93.917830933
8.55851411819	0	5080	10206	1.01161	149.558671321
11.0621590614	0	5090	10226	1.02459	115.709780784
12.7981529236	0	5100	10241	0.888021	100.014432367
11.5078930855	0	5110	10258	0.933759	111.228005899
13.2529838085	0	5120	10277	0.848346	96.5820239799
8.4499130249	0	5130	10292	1.00111	151.48084912
10.3585431576	0	5140	10313	0.843163	123.569500125
8.53266501427	0	5150	10331	0.920356	150.011748716
19.2544038296	0	5160	10349	0.853251	66.4782982288
11.4710490704	0	5170	10371	0.958583	111.585260611
19.8669190407	0	5180	10390	0.831387	64.4287117383
9.8006708622	0	5190	10410	0.969894	130.603304406
10.7350959778	0	5200	10430	0.882181	119.235077418
9.17984819412	0	5210	10452	0.886635	139.435856992
9.77181601524	0	5220	10468	0.957012	130.988958245
7.62954998016	0	5230	10485	0.819965	167.768741712
8.90879702568	0	5240	10505	0.879723	143.678208888
11.9716329575	0	5250	10526	0.945714	106.919415634
7.73828601837	0	5260	10544	0.798135	165.411306452
11.5439858437	0	5270	10565	0.990485	110.880246852
9.11388301849	0	5280	10580	0.882542	140.445076747
9.27723813057	0	5290	10601	0.890668	137.972097082
7.59659981728	0	5300	10621	1.02822	168.496436668
10.0308711529	0	5310	10643	1.09963	127.606065365
7.72060704231	0	5320	10658	0.800774	165.790072333
7.70373082161	0	5330	10669	0.827374	166.153261276
10.8697631359	0	5340	10688	0.956511	117.757855806
13.5836889744	0	5350	10710	0.787821	94.2306616718
19.7387030125	0	5360	10727	0.901339	64.8472191507
17.6636118889	0	5370	10757	0.931261	72.4653603154
8.16769719124	0	5380	10771	1.17341	156.714918542
8.55396795273	0	5390	10787	0.955428	149.63815706
20.7989339828	0	5400	10806	1.11154	61.541615597
22.6780228615	0	5410	10828	0.927881	56.4423101528
13.7741410732	0	5420	10848	0.806177	92.9277544927
13.6937880516	0	5430	10863	1.07843	93.4730401242
8.72238492966	0	5440	10878	0.988288	146.748854851
10.9506011009	0	5450	10901	0.767647	116.888560564
9.50143790245	0	5460	10918	1.03026	134.716451672
16.5704290867	0	5470	10949	1.01691	77.2460383074
9.37746286392	0	5480	10964	0.861781	136.497474698
22.8820049763	0	5490	10979	1.11497	55.9391539914
11.7446780205	0	5500	10999	0.831003	108.985533513
9.45052409172	0	5510	11015	1.08614	135.4422239
7.79751896858	0	5520	11033	0.940015	164.154778611
13.3401179314	0	5530	11052	0.935625	95.9511757381
9.88789415359	0	5540	11072	1.11766	129.451223902
8.46771883965	0	5550	11090	0.915176	151.162317058
7.72422504425	0	5560	11101	0.870031	165.712416801
17.6907160282	0	5570	11119	0.881398	72.3543353451
25.559317112	0	5580	11146	1.05923	50.0795852406
10.6997230053	0	5590	11167	0.971758	119.62926511
9.61413478851	0	5600	11186	1.03687	133.137305453
8.02856111526	0	5610	11199	0.849149	159.430809783
13.1482200623	0	5620	11225	0.900616	97.3515802093
10.1292259693	0	5630	11236	0.9467	126.367010064
12.2515239716	0	5640	11263	1.09076	104.476798394
9.21360397339	0	5650	11279	0.988179	138.92500738
11.4639561176	0	5660	11299	0.927867	111.654300389
8.0934150219	0	5670	11319	0.887636	158.153263676
10.9654428959	0	5680	11337	1.04262	116.730351173
17.6605958939	0	5690	11356	0.848506	72.4777356151
28.1391601562	0	5700	11398	0.952081	45.4882090614
9.14627099037	0	5710	11415	0.72733	139.947744971
7.63017892838	0	5720	11435	0.825095	167.754912698
15.1362709999	0	5730	11460	0.872847	84.5650821135
9.47133111954	0	5740	11474	0.868175	135.144678593
7.71933984756	0	5750	11488	0.962311	165.817288172
8.32098507881	0	5760	11500	1.10354	153.827940788
10.6607530117	0	5770	11518	0.866154	120.066565523
31.0961308479	0	5780	11541	0.948432	41.1626773202
8.66336607933	0	5790	11558	0.991445	147.748575817
25.3964591026	0	5800	11582	0.979257	50.4007269213
11.6438150406	0	5810	11607	0.866254	109.929606022
7.97635197639	0	5820	11627	0.901752	160.47436269
9.24638581276	0	5830	11647	0.858581	138.43246712
15.9078011513	0	5840	11672	0.747975	80.4636660861
7.79406499863	0	5850	11686	0.772118	164.227524434
7.75699186325	0	5860	11705	0.98254	165.012420093
30.2922780514	0	5870	11727	0.885458	42.2549930985
16.1438879967	0	5880	11746	0.777607	79.2869722748
15.0072381496	0	5890	11775	0.874152	85.2921761644
11.7098078728	0	5900	11798	1.10092	109.310076981
10.9943211079	0	5910	11816	0.967106	116.423741625
11.2105720043	0	5920	11838	0.878248	114.177938423
13.1141989231	0	5930	11863	0.994365	97.6041317891
17.2875769138	0	5940	11894	0.988426	74.0416083977
19.6170930862	0	5950	11918	0.881097	65.2492188508
15.9052510262	0	5960	11939	0.860657	80.4765670089
11.4676959515	0	5970	11951	0.999353	111.617887797
26.6700129509	0	5980	11970	1.15528	47.9939774441
7.78563094139	0	5990	11989	0.890499	164.405429648
9.52453923225	0	6000	12006	0.929653	134.389703143
17.4002609253	0	6010	12027	0.877703	73.5621152749
17.8042709827	0	6020	12059	0.784568	71.8928621813
28.9723250866	0	6030	12096	0.923138	44.1800924218
9.81133389473	0	6040	12117	0.746188	130.461363738
9.79948306084	0	6050	12140	1.12645	130.619134913
7.63012504578	0	6060	12158	0.795359	167.756097354
9.52284693718	0	6070	12178	0.802512	134.413585396
23.6984350681	0	6080	12201	0.934792	54.0120052788
8.26287889481	0	6090	12217	0.86945	154.909689019
18.0255630016	0	6100	12244	0.958076	71.0102646938
13.0538799763	0	6110	12267	0.776556	98.0551378078
15.5372819901	0	6120	12295	0.788884	82.3824914048
7.80525803566	0	6130	12310	0.900625	163.992015914
13.3378310204	0	6140	12334	0.915323	95.9676275735
9.0979988575	0	6150	12354	0.981977	140.690279263
21.6042561531	0	6160	12377	0.994574	59.2475848707
17.016865015	0	6170	12397	0.878406	75.2194954164
24.9652459621	0	6180	12415	1.08915	51.2712753538
15.4509968758	0	6190	12432	1.05763	82.8425512148
12.3190360069	0	6200	12457	1.09052	103.904234007
8.02367305756	0	6210	12475	0.96668	159.527935749
7.94469809532	0	6220	12489	0.927216	161.113737066
16.3923509121	0	6230	12509	1.00108	78.0852000341
21.4651939869	0	6240	12527	0.9731	59.6314200925
9.88746404648	0	6250	12548	1.01139	129.456855062
29.0296208858	0	6260	12580	0.961524	44.0928941178
26.6414341927	0	6270	12602	0.867262	48.0454614697
9.8372938633	0	6280	12622	0.861941	130.117084819
8.6085319519	0	6290	12637	0.957929	148.689696124
11.1150941849	0	6300	12659	0.889736	115.15871829
13.4079289436	0	6310	12679	0.794308	95.4658997211
22.8195838928	0	6320	12703	0.783347	56.0921709183
16.7650461197	0	6330	12722	0.830912	76.3493276942
16.4160220623	0	6340	12749	0.906884	77.9726047603
7.99478077888	0	6350	12765	0.930101	160.104452567
10.5056951046	0	6360	12785	0.920105	121.838677713
7.671626091	0	6370	12802	0.783306	166.848590483
12.221668005	0	6380	12820	0.856977	104.732021806
12.0582778454	0	6390	12840	0.796422	106.151144999
14.9839470387	0	6400	12858	0.888167	85.4247546857
17.9596099854	0	6410	12885	0.834359	71.2710354537
10.0929980278	0	6420	12911	0.738572	126.820593492
14.6256840229	0	6430	12930	0.883338	87.5172742687
14.2282118797	0	6440	12954	0.696622	89.9621126548
13.5146281719	0	6450	12975	0.863441	94.7121876915
14.1692969799	0	6460	12992	1.24493	90.3361685351
16.1247019768	0	6470	13014	0.891798	79.3813120914
18.3001508713	0	6480	13035	0.82569	69.9447785433
7.6791241169	0	6490	13054	0.843128	166.685676715
13.0639789104	0	6500	13081	0.834352	97.979337595
9.16234302521	0	6510	13095	0.913994	139.702256997
14.0576450825	0	6520	13118	0.807605	91.0536574576
12.7095310688	0	6530	13140	0.996414	100.711819584
22.2393598557	0	6540	13170	0.855028	57.5556134847
13.797317028	0	6550	13193	0.836315	92.7716596928
12.0551609993	0	6560	13212	0.775672	106.178590238
29.6225619316	0	6570	13230	0.872567	43.2103071623
12.4019730091	0	6580	13249	0.87666	103.209384431
15.7013771534	0	6590	13268	0.856332	81.5215116161
11.2093238831	0	6600	13289	0.956943	114.19065176
22.143378973	0	6610	13308	0.843006	57.8050893479
12.7299780846	0	6620	13328	0.977376	100.550055271
12.8641850948	0	6630	13345	1.04349	99.5010558822
10.5297489166	0	6640	13360	0.875238	121.560353446
11.3875448704	0	6650	13378	0.859024	112.403508796
14.2122621536	0	6660	13399	0.855692	90.06307273
7.86022686958	0	6670	13415	0.699778	162.845172441
9.46882510185	0	6680	13434	0.880794	135.180445962
7.83730196953	0	6690	13451	0.699298	163.321511022
7.8494451046	0	6700	13463	0.6962	163.06885174
10.4704489708	0	6710	13485	1.02535	122.248816987
9.69815397263	0	6720	13502	0.971499	131.983881016
7.7287569046	0	6730	13522	0.886658	165.615249101
14.1857421398	0	6740	13541	1.01958	90.2314441771
11.15107584	0	6750	13554	0.891685	114.78713071
15.5053141117	0	6760	13576	0.874527	82.5523424278
7.68424296379	0	6770	13594	0.865707	166.574639302
11.9473030567	0	6780	13611	0.798983	107.137150027
10.3822319508	0	6790	13632	0.971877	123.287555708
10.6111459732	0	6800	13647	1.07005	120.627875937
7.73492908478	0	6810	13663	0.963929	165.483094411
9.96162295341	0	6820	13682	0.939624	128.49311864
19.0786259174	0	6830	13702	0.873392	67.0907855492
9.62080907822	0	6840	13720	0.878786	133.044943476
20.8563868999	0	6850	13737	0.763692	61.3720874157
7.75518417358	0	6860	13754	0.980184	165.050883557
7.76260995865	0	6870	13772	0.876181	164.892994343
7.8635020256	0	6880	13786	1.00012	162.777347273
13.1237168312	0	6890	13811	0.830326	97.5333448948
7.51622319221	0	6900	13824	0.839199	170.298295735
7.38752198219	0	6910	13842	0.934512	173.265135872
8.82805299759	0	6920	13861	0.863418	144.992333004
7.94727683067	0	6930	13875	0.8904	161.061458821
11.0788052082	0	6940	13897	0.963453	115.535924312
13.0462348461	0	6950	13924	0.793294	98.1125983932
10.8364181519	0	6960	13945	1.0887	118.120211131
7.56242585182	0	6970	13965	0.887318	169.257857873
16.8771209717	0	6980	13987	0.721893	75.8423194423
21.1380531788	0	6990	14007	0.879066	60.5542993564
21.4204277992	0	7000	14027	1.05791	59.756042783
15.7277090549	0	7010	14047	0.812055	81.3850253415
10.4229240417	0	7020	14063	0.822425	122.806229315
19.1005160809	0	7030	14097	0.845422	67.0138960948
31.1112020016	0	7040	14130	0.861556	41.1427369452
11.3809649944	0	7050	14146	0.761287	112.468494598
34.6260998249	0	7060	14164	1.03927	36.9663348304
11.2850351334	0	7070	14184	0.885949	113.424547188
8.60156106949	0	7080	14204	0.842186	148.810197319
8.19531297684	0	7090	14222	0.816245	156.186835526
7.6808860302	0	7100	14242	1.12373	166.647440799
15.0579369068	0	7110	14265	0.854572	85.0050048636
14.9518840313	0	7120	14291	1.03691	85.6079405994
25.7984700203	0	7130	14312	0.793677	49.6153453671
8.21072387695	0	7140	14331	1.22716	155.893684793
12.2903800011	0	7150	14351	0.851639	104.146495055
15.9364261627	0	7160	14370	0.906034	80.3191372351
15.8231699467	0	7170	14386	0.84763	80.8940309884
16.2898738384	0	7180	14406	1.01233	78.5764219352
11.7752761841	0	7190	14425	0.752248	108.7023336
11.3741419315	0	7200	14443	1.00161	112.535961632
8.11399102211	0	7210	14464	0.718203	157.75220807
13.7040159702	0	7220	14479	0.867254	93.4032770234
11.8028759956	0	7230	14499	1.08789	108.448144374
14.9465889931	0	7240	14517	0.844794	85.6382684098
31.013972044	0	7250	14543	0.931569	41.271720958
11.7108030319	0	7260	14567	0.874008	109.300788043
13.6918468475	0	7270	14587	0.917505	93.4862925545
7.86567020416	0	7280	14604	0.786998	162.732477561
12.883223772	0	7290	14630	0.847743	99.3540143871
17.0607101917	0	7300	14655	0.855206	75.0261850542
7.93952393532	0	7310	14675	0.924826	161.218734326
9.10254192352	0	7320	14696	0.945279	140.620060941
20.8651881218	0	7330	14723	0.790087	61.3461998295
12.2871069908	0	7340	14739	0.824256	104.17423735
11.0671749115	0	7350	14755	0.840211	115.657338954
19.0351440907	0	7360	14780	0.846502	67.2440404918
23.5477218628	0	7370	14804	0.875231	54.3576999702
12.8047721386	0	7380	14828	0.789783	99.9627315618
12.0789949894	0	7390	14849	0.98657	105.96908113
7.9784450531	0	7400	14867	0.775843	160.432263615
7.81700181961	0	7410	14880	0.81603	163.745644371
12.6499881744	0	7420	14901	0.759978	101.185865342
24.8177258968	0	7430	14928	0.910939	51.5760390505
7.75846600533	0	7440	14942	0.848331	164.98106702
8.09346294403	0	7450	14961	1.15523	158.152327236
9.88743400574	0	7460	14982	0.933146	129.457248388
10.5523381233	0	7470	15006	0.825201	121.300131311
24.670003891	0	7480	15037	0.976467	51.8848722382
7.59447908401	0	7490	15049	0.698871	168.543488742
7.88950204849	0	7500	15068	0.881244	162.24091104
8.96369290352	0	7510	15087	0.930695	142.798287913
9.26566100121	0	7520	15101	0.831474	138.14448854
7.69443702698	0	7530	15120	0.878834	166.353950979
15.3057968616	0	7540	15146	0.832982	83.6284455863
7.8746471405	0	7550	15166	0.798527	162.546965872
9.39338994026	0	7560	15181	0.794646	136.266034748
7.79293704033	0	7570	15201	1.00236	164.251294907
7.57938504219	0	7580	15220	0.835126	168.879136351
20.6284229755	0	7590	15240	0.75213	62.0503080394
32.0731310844	0	7600	15258	0.835385	39.9087945804
17.8005678654	0	7610	15283	0.911437	71.9078183169
13.5218501091	0	7620	15309	0.794427	94.6616024932
11.4149830341	0	7630	15331	0.806693	112.133324787
15.2580759525	0	7640	15351	0.818228	83.8900005467
7.66219186783	0	7650	15368	0.85586	167.054026065
16.5267550945	0	7660	15391	0.798273	77.4501705071
15.6202800274	0	7670	15422	2.33993	81.9447537276
14.0569119453	0	7680	15439	1.30198	91.0584063539
19.6829140186	0	7690	15457	1.15603	65.0310212598
9.66175293922	0	7700	15472	1.00458	132.481135468
14.0311050415	0	7710	15496	1.06424	91.2258867861
12.662758112	0	7720	15527	0.912393	101.083823025
7.74866080284	0	7730	15545	0.982764	165.189835066
10.9717431068	0	7740	15564	0.92328	116.663322093
7.35926699638	0	7750	15584	0.944137	173.930365705
16.9626300335	0	7760	15602	1.00673	75.4599963256
18.6526699066	0	7770	15636	0.884596	68.6228838235
17.1153399944	0	7780	15663	0.882638	74.7867118279
14.3100240231	0	7790	15684	0.872486	89.4477883432
11.6644871235	0	7800	15706	0.915728	109.734786146
9.52100396156	0	7810	15727	0.896539	134.439603761
7.77269983292	0	7820	15742	0.831737	164.678943934
11.1027901173	0	7830	15762	0.879129	115.286336721
17.2652490139	0	7840	15787	0.87321	74.1373610638
19.1866819859	0	7850	15820	0.880744	66.71294187
12.4712750912	0	7860	15842	0.988079	102.63585645
15.1823248863	0	7870	15861	0.852623	84.3085633843
12.0322880745	0	7880	15886	1.08331	106.380431725
11.2207589149	0	7890	15908	0.850691	114.07428051
20.1970229149	0	7900	15933	0.945573	63.3756769695
12.9854431152	0	7910	15955	0.918095	98.5719153856
11.5834789276	0	7920	15975	0.994637	110.502208188
18.0093810558	0	7930	16001	0.861949	71.0740694548
8.84234905243	0	7940	16026	0.898409	144.757913583
15.183578968	0	7950	16044	0.79262	84.3015999517
7.63798308372	0	7960	16063	0.832887	167.583508103
7.61954689026	0	7970	16079	0.964685	167.988991791
14.4968299866	0	7980	16097	0.853976	88.2951653007
8.00687193871	0	7990	16113	0.992797	159.862679183
17.850785017	0	8000	16140	0.901034	71.7055299686
14.3031079769	0	8010	16162	0.633605	89.4910394346
15.068983078	0	8020	16184	0.806497	84.9426927732
7.47316503525	0	8030	16199	0.986975	171.279503927
21.8065299988	0	8040	16221	0.893764	58.6980138551
8.66523098946	0	8050	16238	0.838971	147.716777724
16.7741320133	0	8060	16263	1.05509	76.3079722387
10.8527638912	0	8070	16285	0.982626	117.942306018
7.85630297661	0	8080	16305	1.02458	162.926506757
16.7184181213	0	8090	16330	0.983613	76.5622674771
7.86062407494	0	8100	16349	0.866883	162.836943708
25.3016729355	0	8110	16369	0.878377	50.5895401962
7.89315986633	0	8120	16381	0.889342	162.16572598
14.1388430595	0	8130	16396	0.9855	90.5307453099
11.7206521034	0	8140	16418	0.992747	109.208940655
7.55775284767	0	8150	16435	0.955993	169.362511027
13.8178191185	0	8160	16457	1.01733	92.6340104052
16.2654359341	0	8170	16481	0.995921	78.694478598
24.1042120457	0	8180	16509	1.08399	53.1027522316
12.2330439091	0	8190	16534	0.937772	104.634628104
10.6574101448	0	8200	16554	0.947923	120.104226318
9.00762486458	0	8210	16574	0.739436	142.10183253
8.73957800865	0	8220	16592	0.736688	146.460160746
15.1080989838	0	8230	16613	0.948709	84.7227703085
9.81541013718	0	8240	16632	1.20241	130.407184428
11.0343470573	0	8250	16652	1.08051	116.001426577
11.4632968903	0	8260	16675	0.952946	111.660721366
11.7686281204	0	8270	16697	0.906303	108.763739231
12.1186308861	0	8280	16713	0.893087	105.62249251
9.28319406509	0	8290	16730	0.877915	137.883576604
12.8048949242	0	8300	16756	0.932666	99.9617730236
12.6984789371	0	8310	16776	0.76703	100.7994742
10.0418419838	0	8320	16791	0.910418	127.466654232
9.14080119133	0	8330	16813	0.889631	140.031488839
12.1041538715	0	8340	16831	0.747288	105.748820908
17.6589150429	0	8350	16855	0.824656	72.4846343556
9.08820986748	0	8360	16872	0.763701	140.841817989
8.4143872261	0	8370	16887	0.770431	152.120405872
11.7086489201	0	8380	16910	0.790447	109.320896778
7.80980491638	0	8390	16930	0.898726	163.896539504
27.5909769535	0	8400	16952	0.832061	46.3919781513
7.92262506485	0	8410	16971	0.863927	161.562612079
10.8821001053	0	8420	16994	0.843415	117.624354455
17.3183848858	0	8430	17016	0.930796	73.9098945105
12.1308259964	0	8440	17042	0.840147	105.516310297
13.2924940586	0	8450	17065	0.778616	96.2949461821
14.5326969624	0	8460	17084	0.787713	88.0772511335
9.63174891472	0	8470	17103	0.716469	132.893829701
31.0245120525	0	8480	17123	0.80593	41.2576996483
13.293956995	0	8490	17143	0.956651	96.2843493837
7.57244515419	0	8500	17161	0.925113	169.033908326
8.13104391098	0	8510	17181	0.91095	157.421361145
17.0880351067	0	8520	17206	0.882604	74.9062131492
16.2803440094	0	8530	17230	1.15092	78.6224172696
10.7898299694	0	8540	17245	0.951589	118.630228987
18.5198779106	0	8550	17264	0.858046	69.1149264686
10.457187891	0	8560	17287	0.92242	122.40384445
7.76196503639	0	8570	17303	0.979948	164.90669489
12.2425661087	0	8580	17325	0.892986	104.553243873
29.7469160557	0	8590	17358	0.744575	43.0296706255
10.8618109226	0	8600	17379	0.936312	117.844069384
47.0119478703	0	8610	17399	1.00119	27.2271211466
16.3608472347	0	8620	17413	0.857165	78.23555722
14.7118279934	0	8630	17439	1.12737	87.0048236409
10.7921969891	0	8640	17460	0.790808	118.604210181
7.77073383331	0	8650	17474	0.819506	164.72060779
7.53116297722	0	8660	17487	0.803041	169.960470099
10.4248771667	0	8670	17511	0.755125	122.783221282
8.01881694794	0	8680	17530	0.809404	159.624544158
19.8457980156	0	8690	17556	0.983043	64.4972804316
7.88253092766	0	8700	17570	0.794516	162.384393001
8.900578022	0	8710	17591	0.782549	143.810884735
9.38878393173	0	8720	17606	0.749298	136.332884994
7.6620490551	0	8730	17624	0.873043	167.05713978
8.8056230545	0	8740	17640	0.749033	145.361661756
13.0546228886	0	8750	17660	1.00177	98.0495576874
8.73744606972	0	8760	17679	0.803972	146.49589706
12.5012459755	0	8770	17700	1.0368	102.389793986
29.7555119991	0	8780	17720	0.799623	43.0172399667
11.0289180279	0	8790	17736	0.808265	116.058528748
10.2511110306	0	8800	17753	1.02809	124.864514313
16.9460699558	0	8810	17775	0.848668	75.5337375177
10.093806982	0	8820	17798	0.964772	126.810429631
7.93146514893	0	8830	17813	0.801548	161.382541052
19.6605169773	0	8840	17833	0.815544	65.1051038728
13.1040489674	0	8850	17849	0.839712	97.679732668
12.1630778313	0	8860	17868	0.802671	105.236521361
7.89056110382	0	8870	17888	0.692402	162.21913539
7.65181207657	0	8880	17905	1.04884	167.280637213
9.91720700264	0	8890	17925	0.994767	129.068597606
14.8504810333	0	8900	17949	0.890098	86.1924941776
9.44632983208	0	8910	17970	0.81945	135.502361526
13.5160970688	0	8920	17985	0.997224	94.7018945991
23.8615050316	0	8930	18009	0.821441	53.6428862432
18.3510529995	0	8940	18030	0.837889	69.7507658027
8.19686794281	0	8950	18043	0.950263	156.1572065
25.3614189625	0	8960	18068	0.865805	50.4703621628
8.26055908203	0	8970	18089	0.946799	154.953192307
14.118242979	0	8980	18111	0.949399	90.6628396961
18.360491991	0	8990	18134	0.836997	69.7149074559
17.5499389172	0	9000	18165	0.889858	72.9347267841
13.5281121731	0	9010	18191	0.782457	94.6177843311
14.2919919491	0	9020	18212	0.762253	89.5606437899
9.87447500229	0	9030	18235	0.736854	129.627144704
7.78105998039	0	9040	18252	0.833841	164.502009138
13.6728708744	0	9050	18272	0.876048	93.6160380477
12.8235490322	0	9060	18297	0.841157	99.816361039
7.97386407852	0	9070	18315	0.798752	160.524431743
9.55863308907	0	9080	18337	0.835405	133.910360202
7.62115597725	0	9090	18357	0.921728	167.953523563
25.2873978615	0	9100	18375	0.8328	50.6180986676
13.7084009647	0	9110	18393	0.790621	93.3733995156
18.3457350731	0	9120	18407	0.972652	69.7709846403
8.18873405457	0	9130	18426	0.904938	156.31231781
18.1412699223	0	9140	18442	0.970739	70.5573537842
17.4525830746	0	9150	18463	0.914134	73.3415789818
10.3033030033	0	9160	18482	0.946493	124.232005949
24.4306309223	0	9170	18498	0.919337	52.393243714
7.78966498375	0	9180	18514	0.948707	164.320288828
13.7637951374	0	9190	18534	1.08072	92.9976061996
7.71919798851	0	9200	18548	0.847861	165.820335468
10.9521210194	0	9210	18566	0.829723	116.87233895
7.41248893738	0	9220	18578	0.73527	172.681539334
7.6652328968	0	9230	18596	0.809322	166.987750696
9.32785820961	0	9240	18612	0.803785	137.223355162
22.9115459919	0	9250	18637	0.895303	55.8670288095
18.3955237865	0	9260	18655	0.781509	69.5821448116
17.5476620197	0	9270	18674	0.727792	72.9441904318
8.31736111641	0	9280	18689	0.757064	153.894965252
8.31286406517	0	9290	18701	0.892968	153.978218574
14.987749815	0	9300	18722	1.07391	85.4030802356
8.64339613914	0	9310	18737	0.800438	148.08993819
19.1058900356	0	9320	18758	0.846921	66.9950469522
8.97381591797	0	9330	18780	0.823785	142.637202691
17.944756031	0	9340	18805	0.974493	71.3300307781
33.931483984	0	9350	18849	1.12566	37.7230774995
18.876748085	0	9360	18878	0.836563	67.8082895547
12.8078279495	0	9370	18894	0.805291	99.9388815219
8.00442004204	0	9380	18912	0.764685	159.911647974
7.5047249794	0	9390	18927	0.913611	170.55921483
28.5974700451	0	9400	18947	0.764908	44.7592041527
8.48441886902	0	9410	18965	0.830551	150.864781638
10.4792020321	0	9420	18985	0.823101	122.146705072
7.5044760704	0	9430	19000	0.998574	170.56487195
25.6009268761	0	9440	19027	0.932957	49.9981897607
12.6570510864	0	9450	19045	0.805085	101.129401411
10.4474070072	0	9460	19062	0.819862	122.51843918
10.9504959583	0	9470	19086	0.795683	116.889682885
7.50973701477	0	9480	19106	0.884616	170.445382772
13.3811709881	0	9490	19125	0.937966	95.6568002262
10.0685489178	0	9500	19142	1.05665	127.128547565
9.76455807686	0	9510	19165	0.77647	131.086321565
9.58049893379	0	9520	19179	0.977716	133.604732785
9.65793704987	0	9530	19201	1.02489	132.533479292
17.2876489162	0	9540	19219	0.77271	74.0413000172
12.6181881428	0	9550	19239	0.83939	101.440871345
10.7784519196	0	9560	19261	0.73816	118.755458535
13.1715750694	0	9570	19284	0.829909	97.1789625199
7.7062189579	0	9580	19302	1.11432	166.099614739
7.78636407852	0	9590	19321	0.754258	164.389949801
8.34463500977	0	9600	19338	0.811348	153.391969631
20.2602348328	0	9610	19361	0.866363	63.1779449037
11.1796729565	0	9620	19379	1.0086	114.493510229
14.1936042309	0	9630	19402	0.759808	90.1814633675
25.2345619202	0	9640	19428	0.897763	50.7240824727
18.5812389851	0	9650	19450	0.853097	68.886687321
12.0778830051	0	9660	19476	0.793753	105.978837471
11.0015249252	0	9670	19497	0.742345	116.347507159
9.97605705261	0	9680	19514	0.82238	128.307205267
19.9962570667	0	9690	19531	0.788535	64.0119796284
15.3757789135	0	9700	19552	0.791806	83.2478150994
7.66095995903	0	9710	19572	0.892205	167.080888928
10.9257860184	0	9720	19590	0.907841	117.154042542
7.63398599625	0	9730	19611	0.695867	167.671253344
7.61225509644	0	9740	19630	0.830072	168.14990877
13.4400169849	0	9750	19649	0.736064	95.2379748801
12.8648650646	0	9760	19672	0.890757	99.4957967744
7.61404585838	0	9770	19689	0.955112	168.110361273
12.7626309395	0	9780	19708	0.865945	100.292800604
7.84791207314	0	9790	19724	0.85883	163.100706031
11.4284119606	0	9800	19744	0.814893	112.001562808
11.6220600605	0	9810	19769	1.12744	110.135379901
8.13371896744	0	9820	19785	0.866002	157.369587654
9.45858001709	0	9830	19803	0.764994	135.326867002
14.1238129139	0	9840	19823	0.894132	90.6270854622
9.87646508217	0	9850	19845	0.811229	129.6010252
15.3624870777	0	9860	19872	0.991601	83.3198422576
21.8295760155	0	9870	19912	0.867269	58.6360449279
7.93678283691	0	9880	19928	0.840923	161.274413865
7.81707906723	0	9890	19940	0.739913	163.744026252
19.4462790489	0	9900	19959	0.812308	65.8223610172
Training elapsed time: 12851.0740471 s
