Duration	Worker	LocalStep	GlobalStep	Loss	ExamplesPerSec
28.6796860695	1	10	18	4.54974	44.6308929916
8.25873708725	1	20	37	4.43476	154.987377183
23.8256988525	1	30	70	4.26266	53.7235028413
11.1661190987	1	40	88	4.11505	114.632486783
9.243901968	1	50	112	4.30816	138.469664048
8.70239114761	1	60	132	4.1812	147.086010993
15.4901888371	1	70	154	4.02799	82.6329500218
13.5184659958	1	80	174	3.97511	94.6852993822
12.1184301376	1	90	184	3.88942	105.624242205
17.4340410233	1	100	214	4.94844	73.419581742
14.2612609863	1	110	229	3.92918	89.753634074
17.5212090015	1	120	249	3.95792	73.0543194758
19.1019020081	1	130	273	3.78365	67.0090339412
7.58790779114	1	140	290	3.9365	168.689451063
12.9060561657	1	150	313	3.62425	99.1782449702
11.206184864	1	160	332	3.68053	114.22263826
15.3932311535	1	170	350	3.85326	83.1534320012
14.622148037	1	180	369	3.76075	87.5384380438
13.9774448872	1	190	387	3.52224	91.5761078175
18.9781548977	1	200	407	3.39381	67.4459665284
16.6375482082	1	210	436	3.25742	76.9344126899
7.93924593925	1	220	448	3.52133	161.224379468
15.0838708878	1	230	467	3.4895	84.8588541711
8.00663208961	1	240	479	3.47171	159.867468078
18.4644219875	1	250	500	3.44107	69.3225057824
25.6586380005	1	260	531	3.22027	49.885734386
10.4977810383	1	270	554	3.31584	121.930529445
8.07423400879	1	280	574	3.05277	158.528969882
8.30348396301	1	290	592	3.06029	154.152161394
14.0420589447	1	300	611	3.18583	91.1547234662
8.32730102539	1	310	631	3.33354	153.711268044
15.4758019447	1	320	654	3.3086	82.7097687455
10.2988901138	1	330	672	3.23002	124.285237133
20.8508629799	1	340	693	3.15563	61.3883464313
8.04514098167	1	350	715	2.91986	159.102246053
13.559196949	1	360	727	2.74944	94.4008708491
8.02056694031	1	370	742	2.82593	159.58971598
11.6703441143	1	380	763	2.83162	109.679713594
12.0528800488	1	390	780	2.86937	106.198684034
11.483481884	1	400	804	2.70766	111.464450672
11.3448801041	1	410	826	2.82351	112.826225421
8.31573700905	1	420	838	2.68693	153.925021752
8.28722405434	1	430	853	2.77332	154.454614912
11.930893898	1	440	873	2.67141	107.28450114
7.93280506134	1	450	889	2.74245	161.355282287
19.4871878624	1	460	906	2.8253	65.6841822965
12.1006109715	1	470	928	2.72201	105.779782775
16.1361720562	1	480	947	2.62459	79.3248854525
25.5611641407	1	490	968	2.87728	50.0759665309
11.1261558533	1	500	992	2.51576	115.044227034
12.0811440945	1	510	1010	2.64622	105.950230375
12.5747179985	1	520	1027	2.5673	101.791547147
15.396105051	1	530	1051	2.32857	83.1379102544
12.2342939377	1	540	1069	2.45139	104.623937149
8.01558589935	1	550	1084	2.27067	159.688888133
12.2287149429	1	560	1100	2.78288	104.671668771
8.70905709267	1	570	1120	2.56678	146.973430807
13.8230159283	1	580	1143	2.44872	92.5991843345
22.8147931099	1	590	1164	2.70701	56.1039494785
11.7995519638	1	600	1186	2.247	108.478695117
11.1027951241	1	610	1208	2.56918	115.286284733
13.9081759453	1	620	1228	2.13413	92.0321978264
8.02740502357	1	630	1238	2.20224	159.453770707
11.3394508362	1	640	1254	2.62957	112.880246009
9.05214214325	1	650	1271	2.20543	141.402993871
8.01335000992	1	660	1283	2.10042	159.733444616
15.2488279343	1	670	1302	2.08264	83.9408776542
13.7175109386	1	680	1327	2.07901	93.3113890505
8.68948197365	1	690	1343	2.22876	147.304523317
8.20701217651	1	700	1360	2.13605	155.964189217
12.4169149399	1	710	1378	1.92378	103.085187118
15.597411871	1	720	1397	2.02198	82.0648970861
14.9289550781	1	730	1413	2.22676	85.7394233757
13.4836850166	1	740	1433	1.99973	94.9295388035
8.35300397873	1	750	1446	2.00247	153.238284485
23.2419960499	1	760	1469	2.09328	55.0727225516
10.4780609608	1	770	1482	2.25073	122.16000697
7.88253498077	1	780	1493	2.10157	162.384309505
20.1791861057	1	790	1512	2.01187	63.4316960701
7.97485494614	1	800	1527	2.04892	160.504486746
9.52316188812	1	810	1542	1.93678	134.409140056
8.13246417046	1	820	1556	2.10746	157.393868964
11.1880960464	1	830	1573	1.89376	114.40731244
8.10794687271	1	840	1584	2.00011	157.869806018
13.1210300922	1	850	1602	2.22714	97.5533163937
7.9089050293	1	860	1617	1.96421	161.842884098
10.6898128986	1	870	1636	1.82594	119.740168714
8.69170689583	1	880	1650	1.76006	147.266815982
18.8206841946	1	890	1677	1.86746	68.010279901
13.8535950184	1	900	1698	1.83572	92.3947898218
8.97535181046	1	910	1711	2.02118	142.612794131
8.6164560318	1	920	1729	1.96018	148.552954402
9.90218400955	1	930	1741	2.0199	129.264412655
7.94590997696	1	940	1757	1.86908	161.089164578
10.1618990898	1	950	1768	1.8244	125.960707609
8.69478988647	1	960	1781	1.9494	147.214598249
13.5854229927	1	970	1800	2.1255	94.218634244
9.93807220459	1	980	1819	2.173	128.797615237
11.7308309078	1	990	1837	1.69899	109.114180407
16.8937029839	1	1000	1858	1.89556	75.7678764225
13.9814150333	1	1010	1872	2.0834	91.5501039736
7.97013807297	1	1020	1893	2.05958	160.59947623
16.0722279549	1	1030	1918	1.66299	79.6404831735
12.6154608727	1	1040	1940	1.88075	101.462801314
7.71646904945	1	1050	1959	1.80582	165.87897804
12.2979440689	1	1060	1982	1.74456	104.082437912
13.2414360046	1	1070	2005	1.66679	96.6662527804
17.3376419544	1	1080	2029	1.70346	73.8278021524
21.9846940041	1	1090	2046	1.85232	58.2223250305
7.86652302742	1	1100	2061	1.91636	162.714835454
8.56528902054	1	1110	2081	1.47514	149.440374625
9.66282582283	1	1120	2096	2.03051	132.466425813
7.95029211044	1	1130	2109	1.5938	161.000373599
8.49962091446	1	1140	2128	1.48912	150.594951573
7.85268211365	1	1150	2138	1.53586	163.001631987
17.1532890797	1	1160	2158	1.76701	74.6212574192
16.2783119678	1	1170	2177	1.69908	78.6322318019
26.7228410244	1	1180	2203	1.67636	47.8990987085
21.6311378479	1	1190	2226	1.85415	59.1739560351
13.9121711254	1	1200	2252	1.70335	92.0057687949
8.80187892914	1	1210	2264	1.38	145.423495404
11.0854790211	1	1220	2276	1.55292	115.466367991
8.00210499763	1	1230	2290	1.78537	159.957911122
9.71238994598	1	1240	2309	1.59966	131.790425129
8.17154312134	1	1250	2323	1.67089	156.641160793
7.86579298973	1	1260	2339	1.69402	162.729937296
8.07205986977	1	1270	2359	1.83494	158.571668279
9.72618103027	1	1280	2381	1.40344	131.603554984
8.29010105133	1	1290	2400	1.76845	154.401012976
8.94212293625	1	1300	2415	1.37005	143.142742403
8.21291804314	1	1310	2427	1.55659	155.85203618
16.0868968964	1	1320	2449	1.80602	79.5678624813
24.0534591675	1	1330	2472	1.37781	53.214799214
16.2250859737	1	1340	2491	1.61624	78.8901828977
19.8815259933	1	1350	2511	1.55291	64.3813759783
8.16443490982	1	1360	2529	1.57529	156.777537471
16.3159589767	1	1370	2556	1.535	78.4507978859
24.4135839939	1	1380	2580	1.79192	52.4298276041
7.93220210075	1	1390	2597	1.47792	161.367547592
11.9847118855	1	1400	2616	1.49616	106.80273437
12.3609740734	1	1410	2637	1.31563	103.551709792
10.7007229328	1	1420	2647	1.3369	119.61808637
12.4682409763	1	1430	2665	1.36112	102.660832625
13.4309501648	1	1440	2685	1.50585	95.3022670991
8.12104892731	1	1450	2697	1.4611	157.615107538
10.9916059971	1	1460	2720	1.35205	116.452500239
12.7835929394	1	1470	2747	1.9874	100.128344674
8.0954811573	1	1480	2766	1.32084	158.112899669
13.0996448994	1	1490	2791	1.41647	97.7125723509
8.19983291626	1	1500	2804	1.43456	156.100741695
25.1365849972	1	1510	2825	1.45478	50.9217938771
8.10468220711	1	1520	2836	1.32315	157.933397916
26.0179908276	1	1530	2859	1.46587	49.1967273139
19.7090959549	1	1540	2878	1.38306	64.9446328198
27.2531712055	1	1550	2897	1.65087	46.9670113011
12.2135298252	1	1560	2917	1.50189	104.801807366
8.21816706657	1	1570	2935	1.16649	155.752491965
20.8242189884	1	1580	2958	1.37275	61.4668910614
8.02648997307	1	1590	2978	1.44516	159.471949046
12.9447989464	1	1600	2996	1.38276	98.8814121642
16.5519411564	1	1610	3016	1.2843	77.3323193882
18.2666959763	1	1620	3035	1.36381	70.072880266
12.6048440933	1	1630	3049	1.30411	101.54826117
12.7561049461	1	1640	3074	1.51988	100.344110166
35.1025528908	1	1650	3099	1.35663	36.4645843276
11.9887430668	1	1660	3111	1.34369	106.766822249
8.1509950161	1	1670	3124	1.32354	157.036042529
7.99983406067	1	1680	3139	1.59293	160.003318855
8.53321194649	1	1690	3158	1.3181	150.002133784
8.16227197647	1	1700	3179	1.41193	156.819082198
21.2306079865	1	1710	3198	1.39188	60.2903129678
9.69943404198	1	1720	3216	1.59628	131.966462627
12.2723698616	1	1730	3235	1.47081	104.299333742
11.7254180908	1	1740	3259	1.24202	109.1645509
12.9213359356	1	1750	3280	1.26716	99.0609644684
19.0860040188	1	1760	3303	1.42847	67.0648501771
7.99663901329	1	1770	3322	1.23339	160.067247987
7.62407708168	1	1780	3337	1.8115	167.889173507
14.6943390369	1	1790	3354	1.31281	87.1083753262
7.91904783249	1	1800	3365	1.27346	161.63559396
7.85148501396	1	1810	3379	1.38714	163.026484509
7.94368195534	1	1820	3393	1.44516	161.134346415
13.9930310249	1	1830	3413	1.45716	91.4741057687
18.9351429939	1	1840	3438	1.48154	67.5991726289
13.9924252033	1	1850	3457	1.0936	91.478066268
7.79714179039	1	1860	3477	1.65744	164.162719418
13.0069701672	1	1870	3503	1.24468	98.408774953
13.5441958904	1	1880	3524	1.27366	94.5054258189
8.04131293297	1	1890	3543	1.22803	159.177986315
16.5003681183	1	1900	3561	1.00357	77.5740268838
14.3726649284	1	1910	3583	1.1666	89.0579448121
7.89528203011	1	1920	3602	1.14871	162.122137641
8.87329697609	1	1930	3617	1.16932	144.25303283
18.2889490128	1	1940	3632	1.24438	69.9876192507
18.0572440624	1	1950	3656	1.18784	70.8856786548
13.4489099979	1	1960	3680	1.28236	95.1749993268
22.3827409744	1	1970	3704	1.27696	57.1869192188
8.13144803047	1	1980	3716	1.1374	157.413537565
15.7041099072	1	1990	3734	1.37796	81.5073256344
8.02873706818	1	2000	3752	1.19176	159.427315795
15.2418560982	1	2010	3769	1.2957	83.9792733743
8.03619885445	1	2020	3785	1.30139	159.279284048
14.4697570801	1	2030	3815	1.40499	88.4603655
14.8505380154	1	2040	3832	1.3169	86.192163454
8.10816502571	1	2050	3852	1.13029	157.865558476
7.95799803734	1	2060	3869	1.30578	160.844472943
8.01973485947	1	2070	3884	1.28354	159.606274076
20.5139930248	1	2080	3904	1.1949	62.3964334223
14.5277628899	1	2090	3923	1.23997	88.1071648611
19.2294201851	1	2100	3940	1.25048	66.5646695366
8.81461000443	1	2110	3955	1.29905	145.213458038
10.0140318871	1	2120	3972	1.07909	127.820643517
7.75239896774	1	2130	3985	1.29546	165.110181419
9.21397304535	1	2140	3999	1.20851	138.919442644
13.3117439747	1	2150	4017	1.29608	96.1556954847
11.6850130558	1	2160	4032	1.09745	109.54202566
17.4208490849	1	2170	4047	1.09306	73.4751787221
15.7080769539	1	2180	4075	1.16661	81.4867411051
7.76270198822	1	2190	4095	1.24105	164.891039479
7.67615103722	1	2200	4111	1.17785	166.750236387
8.37394595146	1	2210	4123	0.996003	152.855058705
16.8701930046	1	2220	4136	1.22333	75.8734650902
11.740170002	1	2230	4151	1.13485	109.027382038
10.9815568924	1	2240	4168	0.974921	116.55906467
8.09707212448	1	2250	4182	1.15798	158.081832584
18.3285839558	1	2260	4213	1.03915	69.8362733907
12.4613399506	1	2270	4236	0.992142	102.717685664
26.9119999409	1	2280	4259	1.30859	47.5624257882
20.8419680595	1	2290	4284	1.10048	61.4145457062
8.57562994957	1	2300	4297	0.954196	149.260171851
7.83545398712	1	2310	4318	1.11199	163.360030204
20.6044390202	1	2320	4338	1.12794	62.1225357676
13.090047121	1	2330	4359	1.01343	97.7842163717
12.7444610596	1	2340	4384	1.07406	100.435788851
22.9403429031	1	2350	4411	0.953515	55.7968991747
9.60467505455	1	2360	4432	1.22364	133.268433625
15.6930930614	1	2370	4450	0.977419	81.5645453059
8.12612295151	1	2380	4466	1.1689	157.516691249
12.4851009846	1	2390	4490	1.1869	102.522198385
8.27549099922	1	2400	4510	1.24182	154.673601859
24.9960720539	1	2410	4531	1.04566	51.2080456977
12.1178748608	1	2420	4557	1.17666	105.62908222
8.88596010208	1	2430	4576	0.846321	144.047461984
12.1499159336	1	2440	4596	1.07374	105.350523164
11.8437581062	1	2450	4613	1.10913	108.073804659
22.8129789829	1	2460	4634	1.17869	56.1084109602
12.2898159027	1	2470	4651	1.00435	104.151275343
9.99045991898	1	2480	4671	1.13428	128.122229645
10.9250710011	1	2490	4695	0.893132	117.161709968
21.3547639847	1	2500	4714	1.03577	59.939786781
8.10861110687	1	2510	4736	1.14433	157.856873776
13.8393080235	1	2520	4750	0.888168	92.4901734849
8.75547909737	1	2530	4763	1.12678	146.194170047
9.23513793945	1	2540	4784	1.089	138.601069999
9.1047129631	1	2550	4805	1.1308	140.586529766
8.29702401161	1	2560	4820	1.05437	154.272182196
13.2187240124	1	2570	4836	1.04939	96.8323416694
8.55650496483	1	2580	4852	1.12093	149.5937892
8.00146102905	1	2590	4867	1.0224	159.970784754
12.6286289692	1	2600	4888	1.15663	101.357004242
8.12442994118	1	2610	4902	1.18238	157.549515384
11.3811340332	1	2620	4922	1.12765	112.466824155
8.22892808914	1	2630	4941	0.98256	155.548813422
8.10116195679	1	2640	4961	1.08825	158.002025738
10.1619598866	1	2650	4984	1.20371	125.959954014
9.96316218376	1	2660	5003	1.11991	128.473267462
8.36561489105	1	2670	5022	1.10529	153.00728239
18.7719669342	1	2680	5038	0.934194	68.1867810915
10.2804641724	1	2690	5057	0.827011	124.507996773
11.4114179611	1	2700	5080	0.962891	112.168356672
22.2424490452	1	2710	5104	1.24717	57.5476197518
25.9145359993	1	2720	5124	0.96091	49.3931282441
8.25018000603	1	2730	5138	0.982441	155.148129988
16.4455418587	1	2740	5165	0.912845	77.8326437037
15.6446509361	1	2750	5188	1.11934	81.8171019108
23.7157120705	1	2760	5212	1.01111	53.9726572914
17.771091938	1	2770	5234	1.05188	72.0270878382
8.12419199944	1	2780	5251	0.974805	157.554129702
13.2477049828	1	2790	5272	0.974968	96.620509112
11.0207021236	1	2800	5282	0.941268	116.145050074
8.31580090523	1	2810	5304	1.00103	153.923839037
14.8317520618	1	2820	5326	1.15476	86.3013347757
19.6589779854	1	2830	5353	1.08606	65.1102005888
10.3346140385	1	2840	5371	0.951172	123.855617175
16.2500779629	1	2850	5394	1.06936	78.7688528587
10.099864006	1	2860	5412	1.14952	126.734379714
26.5661671162	1	2870	5434	1.0103	48.1815835308
7.9599750042	1	2880	5456	1.17932	160.804525055
8.25461697578	1	2890	5475	0.948861	155.064735742
13.3112728596	1	2900	5488	0.995659	96.1590986454
8.03680801392	1	2910	5501	1.18791	159.267211284
9.99123716354	1	2920	5515	0.960632	128.112262681
10.6475288868	1	2930	5532	1.13861	120.215687002
24.335367918	1	2940	5553	1.18202	52.5983418172
7.99640703201	1	2950	5569	1.08419	160.071891648
15.5160470009	1	2960	5586	1.18778	82.4952386344
12.7946929932	1	2970	5604	1.0633	100.041478188
12.5175671577	1	2980	5615	0.921649	102.256291807
16.4283468723	1	2990	5636	1.18182	77.9141084582
25.418847084	1	3000	5655	1.07944	50.3563358231
17.5596568584	1	3010	5675	0.969714	72.894362932
17.2950592041	1	3020	5702	1.08884	74.0095760815
22.2363009453	1	3030	5726	0.971022	57.5635310545
8.22012090683	1	3040	5738	1.02366	155.71547116
8.12848711014	1	3050	5748	0.894343	157.470877748
11.9822909832	1	3060	5769	1.11003	106.824312796
8.97977900505	1	3070	5784	0.973421	142.542483426
21.2147479057	1	3080	5804	1.16413	60.3353858216
9.67395997047	1	3090	5827	1.13843	132.313964902
27.4378869534	1	3100	5848	1.65463	46.6508227174
16.4937272072	1	3110	5868	0.927311	77.6052607104
8.01536178589	1	3120	5884	0.985593	159.693353113
8.30444002151	1	3130	5900	1.1065	154.134414444
8.02256202698	1	3140	5917	1.21498	159.550028494
9.33631896973	1	3150	5934	1.00155	137.099000597
14.6100530624	1	3160	5957	1.12432	87.6109069919
13.7678999901	1	3170	5979	1.24943	92.9698792788
13.2689740658	1	3180	5999	1.05751	96.4656343177
7.83934903145	1	3190	6011	1.02755	163.278863445
14.1451249123	1	3200	6028	0.822127	90.4905405883
9.02711510658	1	3210	6039	1.10091	141.795023647
8.17902183533	1	3220	6058	0.977594	156.497931632
14.3930351734	1	3230	6078	1.14825	88.9319024499
12.3190770149	1	3240	6094	0.970795	103.903888128
16.9930179119	1	3250	6114	0.949078	75.3250544803
19.3977019787	1	3260	6136	1.11229	65.9871979375
9.55918192863	1	3270	6150	1.12172	133.902671751
13.7466499805	1	3280	6175	0.815281	93.1135950804
13.8721430302	1	3290	6195	1.1088	92.2712516167
11.9139060974	1	3300	6214	1.08135	107.437475966
14.7985010147	1	3310	6230	1.00881	86.4952469664
7.94370698929	1	3320	6252	0.931614	161.133838613
10.8353300095	1	3330	6272	0.840138	118.132073401
7.89240694046	1	3340	6282	0.95434	162.18119639
7.88259601593	1	3350	6302	0.876616	162.383052159
10.6458010674	1	3360	6323	1.01835	120.235198075
9.34630799294	1	3370	6342	0.983177	136.952473743
10.0907180309	1	3380	6357	1.02763	126.849248594
8.15414881706	1	3390	6378	1.06613	156.975305298
7.90575218201	1	3400	6398	0.992278	161.907427722
7.89950299263	1	3410	6412	0.94318	162.035510486
15.3224170208	1	3420	6430	0.905515	83.5377341749
7.85308098793	1	3430	6443	1.02667	162.993352796
7.8278939724	1	3440	6463	1.14379	163.517799872
11.5326030254	1	3450	6485	1.15823	110.989686992
10.590159893	1	3460	6496	0.950562	120.86691919
7.66285991669	1	3470	6508	0.962042	167.039462279
13.6717321873	1	3480	6532	0.927161	93.6238351123
7.70195293427	1	3490	6547	0.859681	166.191615416
18.3787229061	1	3500	6574	1.06666	69.645753219
7.92830014229	1	3510	6593	1.02922	161.446965557
13.9822649956	1	3520	6609	0.980762	91.5445387714
15.6686630249	1	3530	6629	0.957476	81.6917179191
17.1225128174	1	3540	6657	1.02128	74.7553827906
14.2587361336	1	3550	6675	0.620815	89.7695271172
10.4872648716	1	3560	6693	1.04647	122.052796003
11.2287101746	1	3570	6714	1.0642	113.993502379
7.77710080147	1	3580	6729	0.987334	164.585754084
21.3829162121	1	3590	6748	0.766778	59.8608715156
7.96656179428	1	3600	6766	0.97086	160.671571131
9.81923604012	1	3610	6789	0.883853	130.356373426
7.9612159729	1	3620	6809	1.0229	160.779459364
11.2750530243	1	3630	6830	1.07659	113.524965004
11.1457800865	1	3640	6852	0.932592	114.841670127
7.94701004028	1	3650	6867	0.833435	161.066865842
10.3125770092	1	3660	6885	1.01515	124.120285246
20.6303188801	1	3670	6904	0.956717	62.0446056816
13.2652599812	1	3680	6924	1.09601	96.4926433269
10.4442691803	1	3690	6940	0.805875	122.555248041
11.3575589657	1	3700	6955	1.00885	112.700273348
11.0112669468	1	3710	6976	1.17121	116.244570782
7.94725608826	1	3720	6993	0.977852	161.061879193
8.01383399963	1	3730	7007	0.997182	159.72379763
7.84377288818	1	3740	7026	1.07192	163.186774814
20.5817570686	1	3750	7044	1.05454	62.1909973833
16.3788449764	1	3760	7070	1.1539	78.1495888045
14.4638569355	1	3770	7089	0.830637	88.4964505462
10.2027249336	1	3780	7112	1.08188	125.456680282
12.0399000645	1	3790	7131	0.963302	106.313174789
9.17311906815	1	3800	7143	0.997548	139.538142969
7.94236397743	1	3810	7158	1.00672	161.161085495
8.1913690567	1	3820	7173	1.0564	156.262035215
7.84833502769	1	3830	7185	0.825998	163.091916372
13.2863478661	1	3840	7204	0.69288	96.3394917026
12.9853310585	1	3850	7224	0.796842	98.5727660106
11.9656538963	1	3860	7244	0.841165	106.972841693
17.8370070457	1	3870	7266	1.26835	71.7609180014
19.2213931084	1	3880	7290	0.744974	66.5924677147
10.934871912	1	3890	7308	1.00948	117.056698085
19.8125319481	1	3900	7337	0.941317	64.6055740555
9.27678894997	1	3910	7349	0.889353	137.978777668
15.5858361721	1	3920	7376	1.03763	82.1258472029
8.01959085464	1	3930	7397	0.989077	159.609140067
14.3135380745	1	3940	7419	1.0522	89.4258284247
10.7874839306	1	3950	7443	1.07324	118.656028434
18.0408511162	1	3960	7464	1.09138	70.9500894252
8.0319519043	1	3970	7481	0.877478	159.363504071
11.1002390385	1	3980	7501	0.993801	115.312832054
8.19962096214	1	3990	7517	0.895102	156.104776783
7.83627295494	1	4000	7531	0.885081	163.34295747
11.0258021355	1	4010	7551	0.829491	116.091326896
12.5802669525	1	4020	7577	0.874813	101.746648528
13.2083449364	1	4030	7598	0.858816	96.9084322196
8.7141289711	1	4040	7614	0.84136	146.887887963
12.6654992104	1	4050	7636	1.12946	101.061946216
10.5980248451	1	4060	7659	0.900824	120.777222049
13.4376621246	1	4070	7680	0.784257	95.2546646975
15.8117029667	1	4080	7697	0.877768	80.9526970432
7.67341399193	1	4090	7715	0.877269	166.80971486
9.71710395813	1	4100	7728	0.985088	131.726490271
12.6114361286	1	4110	7744	0.71847	101.495181591
13.281719923	1	4120	7768	0.933081	96.3730606743
8.69402384758	1	4130	7787	1.07135	147.227569471
21.9175860882	1	4140	7813	1.0382	58.400591874
12.0738229752	1	4150	7838	0.95622	106.014474672
8.01350307465	1	4160	7850	0.898456	159.730393572
11.9672460556	1	4170	7866	1.43318	106.958609696
20.7384169102	1	4180	7888	0.945594	61.7212010707
9.03080391884	1	4190	7909	1.0375	141.737104637
11.78089118	1	4200	7924	0.815159	108.650524009
12.695650816	1	4210	7943	0.934344	100.821928592
12.2167410851	1	4220	7960	0.910368	104.774259444
7.54015207291	1	4230	7978	0.830115	169.757849394
8.03146386147	1	4240	7989	0.791074	159.373188011
10.8046879768	1	4250	8005	0.87487	118.467095278
7.71430015564	1	4260	8021	1.20946	165.925615309
8.90404200554	1	4270	8038	0.915319	143.754937275
8.06165790558	1	4280	8058	1.10206	158.776273441
7.71523594856	1	4290	8069	0.939658	165.905489934
7.90749716759	1	4300	8088	1.02649	161.871698829
9.14985489845	1	4310	8107	1.09641	139.892928818
10.0912210941	1	4320	8128	0.937558	126.84292496
19.635324955	1	4330	8151	0.978055	65.1886333908
9.18060302734	1	4340	8173	0.880018	139.424392514
7.89589190483	1	4350	8184	1.11444	162.109615409
9.69526600838	1	4360	8197	1.01545	132.023195536
22.3179879189	1	4370	8218	1.11812	57.3528404377
9.8647851944	1	4380	8241	0.961065	129.754472579
12.7676758766	1	4390	8259	0.977467	100.253171554
8.59984707832	1	4400	8277	0.869445	148.839855912
11.9844949245	1	4410	8290	0.9245	106.80466787
8.16123914719	1	4420	8310	0.779053	156.838928123
9.2168200016	1	4430	8331	1.05145	138.876532229
8.46995782852	1	4440	8350	0.972918	151.122358094
9.34617495537	1	4450	8368	0.83049	136.954423185
8.33868408203	1	4460	8383	1.01301	153.501438285
18.0382530689	1	4470	8403	1.05315	70.9603083574
17.6585319042	1	4480	8421	1.03118	72.4862070609
7.64275097847	1	4490	8435	1.00632	167.478961909
15.9055621624	1	4500	8455	1.0206	80.4749927686
12.7608368397	1	4510	8484	1.0387	100.306901192
8.49967908859	1	4520	8498	0.999258	150.59392086
12.418200016	1	4530	8520	0.919098	103.074519524
11.6347699165	1	4540	8541	0.853754	110.015067696
20.6457240582	1	4550	8559	1.08562	61.9983099839
8.65951490402	1	4560	8579	0.818196	147.81428454
8.95347309113	1	4570	8596	0.881244	142.961282954
10.5384099483	1	4580	8614	0.842917	121.460448614
14.9098899364	1	4590	8633	0.877367	85.8490576024
13.0976090431	1	4600	8659	0.98386	97.7277605238
9.22385311127	1	4610	8673	1.15229	138.770640052
8.3349070549	1	4620	8693	0.925285	153.570998641
8.2706079483	1	4630	8706	0.837537	154.764922724
7.78548002243	1	4640	8721	0.855981	164.408616593
7.88363790512	1	4650	8733	0.963206	162.36159187
9.0850019455	1	4660	8750	0.952439	140.891549356
12.6066040993	1	4670	8770	0.792007	101.534084034
11.7411198616	1	4680	8789	1.00067	109.018561695
11.0821602345	1	4690	8812	1.00685	115.50094683
8.36173391342	1	4700	8828	0.970997	153.078298503
8.07297801971	1	4710	8841	0.981826	158.553633724
12.9629490376	1	4720	8860	0.967147	98.7429632171
8.29253983498	1	4730	8871	0.904052	154.355604612
9.76962900162	1	4740	8890	0.969264	131.018281225
11.2863881588	1	4750	8910	0.915296	113.41094972
9.88205695152	1	4760	8928	0.93418	129.527689051
8.15579891205	1	4770	8948	0.983689	156.943545789
12.3935451508	1	4780	8971	1.00707	103.279568875
20.7355458736	1	4790	8991	0.90623	61.7297469669
10.8799231052	1	4800	9015	0.935806	117.647890304
7.92665696144	1	4810	9031	0.763299	161.480433205
15.9044010639	1	4820	9045	0.986707	80.4808678337
15.1919407845	1	4830	9061	0.913233	84.2551993956
8.77235507965	1	4840	9079	0.925129	145.912926276
15.2450449467	1	4850	9093	0.99975	83.9617071959
7.96193814278	1	4860	9108	0.921243	160.764876221
13.9119110107	1	4870	9130	0.921494	92.007489051
13.7173068523	1	4880	9150	0.971611	93.3127773388
8.98250699043	1	4890	9171	0.839469	142.499193306
12.4036540985	1	4900	9191	1.00186	103.195396279
7.98182201385	1	4910	9204	1.00184	160.364387702
16.7815890312	1	4920	9223	1.11732	76.2740642509
7.97641706467	1	4930	9237	0.893634	160.473053205
7.99684286118	1	4940	9252	1.14635	160.063167705
8.77063393593	1	4950	9266	0.964433	145.941560137
28.4610550404	1	4960	9295	0.950921	44.973736855
18.9002959728	1	4970	9316	1.06249	67.7238071743
29.339413166	1	4980	9339	0.851025	43.6273211313
7.91185998917	1	4990	9356	0.887983	161.782438232
16.9160649776	1	5000	9378	0.919674	75.6677159665
3.42924284935	1	5010	9398	0.849388	373.260237385
2.67274713516	1	5020	9412	0.895385	478.90800561
3.62249183655	1	5030	9426	0.751108	353.34793224
4.51286816597	1	5040	9437	1.02801	283.633368608
13.4654779434	1	5050	9456	0.864384	95.0578958562
12.8309900761	1	5060	9479	0.718253	99.7584747874
3.9135248661	1	5070	9494	0.868662	327.070874415
3.06695318222	1	5080	9510	0.923627	417.352311545
12.4558677673	1	5090	9528	0.88979	102.762812187
4.36448121071	1	5100	9541	0.80275	293.276551829
2.90646290779	1	5110	9554	0.940265	440.3978446
3.2973279953	1	5120	9566	0.891517	388.193107214
2.82663202286	1	5130	9579	0.949117	452.835738663
3.10836100578	1	5140	9590	0.817741	411.792580597
2.86214399338	1	5150	9601	0.802674	447.217192064
6.10664105415	1	5160	9615	0.805006	209.607866035
7.79832386971	1	5170	9632	0.850501	164.137835436
2.58030700684	1	5180	9643	0.777159	496.065001804
6.62491297722	1	5190	9659	0.789088	193.210085084
5.48478913307	1	5200	9678	0.85726	233.372691082
7.5151078701	1	5210	9690	0.992127	170.323569818
4.05654811859	1	5220	9706	0.796522	315.539212794
3.49551486969	1	5230	9718	1.04719	366.183537395
3.62518811226	1	5240	9731	0.706455	353.085125616
19.0999488831	1	5250	9760	1.01166	67.0158861595
2.88608503342	1	5260	9773	0.931501	443.507375971
2.74858999252	1	5270	9786	0.917806	465.693320387
10.1640911102	1	5280	9801	1.0125	125.933542519
11.2241809368	1	5290	9820	0.885836	114.039501609
12.7040491104	1	5300	9844	1.11103	100.755278012
8.0121049881	1	5310	9863	0.973076	159.758266011
2.92958784103	1	5320	9873	0.85174	436.921529394
4.92371702194	1	5330	9887	1.02492	259.966199173
2.74907302856	1	5340	9898	0.916861	465.61149402
3.23398399353	1	5350	9912	0.755077	395.796640478
7.80465197563	1	5360	9930	0.870527	164.0047505
11.5378389359	1	5370	9948	0.84838	110.939319496
8.8188021183	1	5380	9961	0.948599	145.144429235
2.76346707344	1	5390	9972	0.948515	463.186267823
2.58792495728	1	5400	9983	0.976557	494.604759076
6.19546699524	1	5410	9998	0.850035	206.602666269
6.56676197052	1	5420	10014	0.934308	194.921028925
2.93701910973	1	5430	10026	0.999225	435.816027128
5.93859291077	1	5440	10039	0.953994	215.539273231
6.9954059124	1	5450	10059	0.869442	182.977230489
2.61582612991	1	5460	10073	1.0489	489.329158908
7.89163994789	1	5470	10089	0.845688	162.196958864
6.2985200882	1	5480	10105	0.814456	203.222341451
2.76888895035	1	5490	10118	0.754305	462.279283479
9.43675303459	1	5500	10133	0.76552	135.639874786
7.52340483665	1	5510	10155	0.834848	170.13573346
2.73222017288	1	5520	10166	0.956331	468.483474613
2.65211081505	1	5530	10179	0.682337	482.634433198
2.85763716698	1	5540	10192	0.964593	447.922505625
2.6076169014	1	5550	10206	0.761586	490.86965164
3.30687999725	1	5560	10219	0.858401	387.071802141
8.82748603821	1	5570	10240	0.930243	145.001645368
2.69118905067	1	5580	10254	0.988418	475.626191954
7.79412198067	1	5590	10266	0.878794	164.226323783
3.07036089897	1	5600	10276	1.02418	416.889102655
3.9297990799	1	5610	10286	0.965398	325.716397703
9.10627198219	1	5620	10300	0.77024	140.562460961
3.94422292709	1	5630	10315	0.93883	324.525267375
3.02486395836	1	5640	10329	0.942353	423.159526386
3.45389103889	1	5650	10343	0.817168	370.596520152
3.7374060154	1	5660	10356	0.866673	342.48352861
9.13441896439	1	5670	10370	0.984172	140.129328969
5.08925318718	1	5680	10385	0.892847	251.510379406
8.50897693634	1	5690	10398	0.970615	150.429365313
7.01326203346	1	5700	10416	1.0087	182.511361174
2.75179791451	1	5710	10428	0.795898	465.150436103
11.2301421165	1	5720	10448	0.901976	113.978967204
5.51909780502	1	5730	10462	0.825083	231.921963556
2.65654301643	1	5740	10474	0.983995	481.829201365
9.8846180439	1	5750	10493	0.804889	129.494128586
4.16367006302	1	5760	10505	0.992768	307.4210926
2.60310387611	1	5770	10518	0.773563	491.720676899
2.74301815033	1	5780	10530	0.91384	466.639274642
2.59854483604	1	5790	10540	0.887602	492.583380608
4.31831812859	1	5800	10556	0.835673	296.411695916
5.61049604416	1	5810	10573	0.92081	228.14382007
4.40198898315	1	5820	10588	0.743932	290.777647309
2.69065189362	1	5830	10601	0.954953	475.721145139
7.94072508812	1	5840	10614	0.831471	161.194347594
15.3858530521	1	5850	10636	0.842035	83.1933072325
2.71647381783	1	5860	10649	0.935698	471.199093325
8.39038109779	1	5870	10665	1.14086	152.55564498
7.66014790535	1	5880	10681	0.847676	167.098601204
6.79420208931	1	5890	10695	1.01495	188.395926876
6.03573298454	1	5900	10713	0.691382	212.070348917
9.51245498657	1	5910	10728	0.873019	134.560426494
2.78649806976	1	5920	10741	0.974773	459.357935284
3.04122805595	1	5930	10755	0.744162	420.88260941
10.0534169674	1	5940	10769	0.956675	127.319895728
4.5011408329	1	5950	10783	0.838348	284.372350815
7.99973201752	1	5960	10803	0.73666	160.005359829
3.34581303596	1	5970	10819	0.903307	382.567700658
5.89725208282	1	5980	10833	1.00986	217.050243405
3.55561089516	1	5990	10843	0.72264	359.994396953
2.57889318466	1	6000	10854	0.991349	496.336958666
13.4118177891	1	6010	10880	0.862219	95.4382187508
16.4921970367	1	6020	10910	0.93686	77.6124610413
14.6328630447	1	6030	10930	0.895758	87.4743374613
5.08107495308	1	6040	10944	0.826954	251.915197438
13.5644180775	1	6050	10960	0.700433	94.3645346737
4.03593611717	1	6060	10976	0.885475	317.150708742
8.31233382225	1	6070	10990	0.987737	153.988040828
9.78092598915	1	6080	11004	0.764526	130.866954869
8.82010197639	1	6090	11024	0.991125	145.123038648
2.70310616493	1	6100	11037	0.752254	473.529311059
2.86725997925	1	6110	11049	0.777512	446.419232739
13.4944188595	1	6120	11066	0.780973	94.8540291604
4.20129919052	1	6130	11080	1.02211	304.667661586
8.13901281357	1	6140	11094	0.966326	157.267229985
2.72534799576	1	6150	11107	0.869377	469.664792163
4.21365213394	1	6160	11122	0.755034	303.774483349
4.80921506882	1	6170	11135	0.876143	266.155699357
5.56026482582	1	6180	11148	0.790145	230.204862555
6.039509058	1	6190	11161	1.02834	211.937756481
8.29445910454	1	6200	11174	0.996692	154.319887996
12.7425010204	1	6210	11193	0.902114	100.451237787
2.8446199894	1	6220	11207	0.776025	449.972229954
6.33985686302	1	6230	11223	0.811345	201.897302677
8.86418199539	1	6240	11238	0.917148	144.401367285
5.05807614326	1	6250	11258	0.876525	253.060642771
4.47371983528	1	6260	11274	0.851833	286.11536867
3.40746307373	1	6270	11289	1.06805	375.646037038
4.52450799942	1	6280	11302	0.733228	282.903688128
8.18935704231	1	6290	11312	0.857815	156.300426686
6.00637388229	1	6300	11347	0.896934	213.106946901
6.76147913933	1	6310	11369	0.958601	189.307690466
4.45043587685	1	6320	11392	0.998237	287.612277858
8.05341506004	1	6330	11410	0.759757	158.938784411
3.50528097153	1	6340	11422	1.01292	365.163309417
4.22824597359	1	6350	11447	0.806653	302.726002223
2.84007310867	1	6360	11466	0.837205	450.692623402
2.71039390564	1	6370	11486	0.817774	472.256079582
9.44290590286	1	6380	11502	0.746801	135.5514937
8.26589107513	1	6390	11531	0.852177	154.853238249
4.04815506935	1	6400	11555	0.749198	316.193420971
3.02615094185	1	6410	11576	0.770692	422.979562023
5.19112110138	1	6420	11604	0.905057	246.574867934
5.99140882492	1	6430	11620	0.841733	213.639235346
3.988956213	1	6440	11637	0.710979	320.885949018
2.69216489792	1	6450	11648	1.07741	475.453788507
2.89683294296	1	6460	11666	0.761683	441.861862663
4.16081595421	1	6470	11690	0.796644	307.631967885
3.06271409988	1	6480	11701	0.897298	417.92996612
8.67910599709	1	6490	11717	0.714597	147.480627663
2.58356595039	1	6500	11753	0.819527	495.439258984
3.48791503906	1	6510	11768	0.872572	366.981416022
11.018652916	1	6520	11797	0.754712	116.166650294
8.6649620533	1	6530	11814	0.744084	147.72136244
5.44663906097	1	6540	11832	0.910045	235.007311054
4.27135205269	1	6550	11846	0.736079	299.67092017
7.26571893692	1	6560	11862	0.841436	176.16976532
2.73840093613	1	6570	11875	0.871542	467.426074507
4.50675415993	1	6580	11892	0.80262	284.018154658
2.61661100388	1	6590	11903	0.845673	489.182380608
2.64799499512	1	6600	11913	0.674567	483.384599427
3.75610494614	1	6610	11923	1.02727	340.778550748
6.0428879261	1	6620	11933	0.74836	211.819251929
2.81240391731	1	6630	11948	0.833901	455.126659482
2.74447607994	1	6640	11965	0.830541	466.391384992
2.75234508514	1	6650	11980	0.737986	465.057963447
3.08173894882	1	6660	11990	0.678553	415.349911611
14.059953928	1	6670	12026	1.06214	91.0387051448
9.83816504478	1	6680	12060	0.865806	130.105562793
2.57768511772	1	6690	12080	0.784022	496.569573685
4.80944490433	1	6700	12096	1.0546	266.142980211
6.7898080349	1	6710	12120	0.822742	188.517848137
2.63529396057	1	6720	12136	0.740388	485.714314665
2.5929338932	1	6730	12155	0.893611	493.649299488
4.52864217758	1	6740	12175	0.761769	282.645426556
6.36116695404	1	6750	12200	0.820101	201.220940945
2.66911888123	1	6760	12219	0.903282	479.559006908
3.08624505997	1	6770	12231	0.720908	414.743474717
8.40761303902	1	6780	12260	0.796378	152.242972418
4.00839090347	1	6790	12277	0.840341	319.33013292
2.72141218185	1	6800	12293	0.777953	470.344039956
8.01647996902	1	6810	12329	0.808109	159.671078197
5.09273505211	1	6820	12357	1.00655	251.338423637
5.61184000969	1	6830	12376	0.854188	228.089182477
7.50457382202	1	6840	12388	0.8598	170.562650239
2.67960500717	1	6850	12398	0.877361	477.682343694
2.71798396111	1	6860	12408	0.714993	470.937289667
2.65259218216	1	6870	12418	0.835514	482.546849308
6.32062792778	1	6880	12436	0.912518	202.511524903
2.66784095764	1	6890	12456	0.88132	479.788720663
2.7299349308	1	6900	12476	0.581666	468.875644455
2.57518315315	1	6910	12489	0.783844	497.052024604
7.69271588326	1	6920	12512	0.89251	166.391170482
6.86350417137	1	6930	12542	0.757143	186.493658056
2.83987593651	1	6940	12562	0.889427	450.723914923
2.75462603569	1	6950	12578	0.749823	464.672875162
3.75431084633	1	6960	12594	0.878636	340.94140107
2.6036670208	1	6970	12612	0.715216	491.614323097
4.65749502182	1	6980	12636	0.834676	274.825843936
2.63846492767	1	6990	12654	0.759699	485.130572165
2.59185600281	1	7000	12674	0.692903	493.854596325
7.60174703598	1	7010	12707	0.826349	168.38234605
2.73016500473	1	7020	12724	0.784537	468.836131802
3.61703896523	1	7030	12741	0.816434	353.880622328
2.75636410713	1	7040	12755	0.750603	464.379867917
2.65697789192	1	7050	12767	0.838036	481.750338944
3.7520570755	1	7060	12785	0.777992	341.146196405
6.03410792351	1	7070	12805	0.653241	212.127462125
3.92049407959	1	7080	12817	0.880367	326.489461281
2.7647960186	1	7090	12828	0.768878	462.963629645
2.76915407181	1	7100	12838	0.816314	462.235024418
5.27269291878	1	7110	12854	0.835611	242.760202371
4.15424895287	1	7120	12874	0.829141	308.118269878
15.3294079304	1	7130	12909	0.735931	83.4996371558
2.77053713799	1	7140	12919	0.69671	462.004274352
2.72548389435	1	7150	12932	0.773661	469.641373649
6.16549515724	1	7160	12957	0.720208	207.607007605
7.91997694969	1	7170	12986	0.712535	161.616631984
4.10659503937	1	7180	13006	0.797283	311.693748161
2.82513689995	1	7190	13016	0.903518	453.075389028
4.9417860508	1	7200	13032	0.841417	259.015664952
4.54661989212	1	7210	13053	0.668952	281.527822948
2.97313904762	1	7220	13068	0.755734	430.521404986
3.43679404259	1	7230	13083	0.688733	372.440124179
4.0587220192	1	7240	13094	0.929298	315.370206175
6.29932403564	1	7250	13117	0.976584	203.196405322
2.77603983879	1	7260	13127	0.784699	461.088483715
2.86462211609	1	7270	13143	0.818141	446.830314131
2.85145306587	1	7280	13163	0.806726	448.893939486
2.74742484093	1	7290	13181	0.822858	465.890815622
3.83653903008	1	7300	13192	0.834583	333.634035772
2.6788380146	1	7310	13202	0.766151	477.819111504
2.63997197151	1	7320	13215	0.862014	484.853632468
15.2677161694	1	7330	13252	0.720644	83.8370314068
2.59709596634	1	7340	13266	0.788177	492.858183367
11.12220788	1	7350	13285	0.877955	115.085063488
5.10836100578	1	7360	13314	0.799606	250.569605114
2.72052097321	1	7370	13324	0.688351	470.498118782
2.79771709442	1	7380	13335	0.847138	457.515880556
2.89767694473	1	7390	13356	0.897287	441.733162258
3.58315896988	1	7400	13378	0.726789	357.226684822
2.91398715973	1	7410	13394	0.754244	439.260686419
5.23065400124	1	7420	13405	0.680102	244.711273141
4.24128198624	1	7430	13417	0.842454	301.795542988
2.82972598076	1	7440	13427	0.829245	452.340618386
7.17079687119	1	7450	13444	0.781477	178.50177923
2.62813305855	1	7460	13457	0.779542	487.037745611
4.73820996284	1	7470	13469	1.03907	270.144212696
5.24982595444	1	7480	13484	0.890427	243.817606738
3.25966405869	1	7490	13497	0.837162	392.678502126
3.61932992935	1	7500	13520	0.714578	353.656622907
4.82172703743	1	7510	13539	0.994873	265.465048117
3.54384016991	1	7520	13554	0.752846	361.190104133
3.90673089027	1	7530	13569	0.81601	327.639664966
2.59468197823	1	7540	13579	0.870134	493.316718866
5.38642311096	1	7550	13605	0.891125	237.634506913
8.00805091858	1	7560	13631	0.822271	159.839143509
2.68521404266	1	7570	13650	0.835804	476.68453228
4.82164096832	1	7580	13666	0.740167	265.469786823
7.33486890793	1	7590	13689	0.822339	174.508912984
8.1507730484	1	7600	13713	0.818878	157.040319047
5.57299804688	1	7610	13742	0.703904	229.678889035
5.61385202408	1	7620	13758	0.761157	228.007434915
5.8073489666	1	7630	13799	0.785709	220.410381288
4.0272269249	1	7640	13813	0.816578	317.836571882
7.99830007553	1	7650	13824	0.785247	160.034005715
2.6190290451	1	7660	13834	1.00091	488.730738742
4.90529084206	1	7670	13845	0.767321	260.942733309
4.03806519508	1	7680	13862	1.00177	316.9834904
3.19413995743	1	7690	13873	0.73581	400.733849193
2.8067920208	1	7700	13884	0.886427	456.036639165
2.6422188282	1	7710	13894	0.805784	484.441328757
6.09004712105	1	7720	13913	0.933757	210.178997725
2.8247859478	1	7730	13933	0.791868	453.131679233
4.11974906921	1	7740	13956	0.972228	310.69853491
3.87849903107	1	7750	13981	0.860249	330.024576453
2.99708390236	1	7760	14001	0.792118	427.08180408
6.84451293945	1	7770	14022	0.893322	187.01111552
3.77496218681	1	7780	14041	0.929865	339.07624412
3.30224394798	1	7790	14061	0.667026	387.615215642
5.10067200661	1	7800	14081	0.723068	250.947325831
2.83896684647	1	7810	14103	0.834066	450.868245113
10.1096010208	1	7820	14120	0.719579	126.612316091
5.91681599617	1	7830	14140	0.87372	216.332568197
3.24516606331	1	7840	14162	0.923017	394.43281947
2.71914792061	1	7850	14181	0.922792	470.735700069
5.59336900711	1	7860	14203	0.648294	228.842402204
11.6897230148	1	7870	14247	0.886848	109.497889589
5.50314807892	1	7880	14264	0.708069	232.594140962
2.7323949337	1	7890	14279	0.594734	468.453510952
2.58066797256	1	7900	14297	0.807632	495.995615712
4.15758609772	1	7910	14316	0.827627	307.870954423
2.66955900192	1	7920	14334	0.849888	479.47994372
3.39221811295	1	7930	14349	0.795494	377.334227158
8.44364380836	1	7940	14362	0.843559	151.59332026
4.90221500397	1	7950	14402	0.789254	261.106458808
2.75205397606	1	7960	14417	0.717577	465.10715674
2.66790819168	1	7970	14431	0.896159	479.776629492
3.10430884361	1	7980	14450	0.854376	412.330107758
2.75355505943	1	7990	14470	0.775993	464.853606473
4.5836250782	1	8000	14496	0.837541	279.254951738
2.72212100029	1	8010	14515	0.894924	470.221566148
5.87006902695	1	8020	14537	0.827809	218.055357462
2.77483296394	1	8030	14549	0.834717	461.289027712
2.71228384972	1	8040	14566	0.751635	471.927007247
2.73020601273	1	8050	14580	0.635978	468.829089832
2.60468316078	1	8060	14600	0.619779	491.422534331
6.67101597786	1	8070	14633	0.638953	191.874821504
2.80698800087	1	8080	14652	0.885358	456.004799309
10.3413929939	1	8090	14669	0.790832	123.774427754
2.69724202156	1	8100	14684	0.798393	474.558823334
2.70404791832	1	8110	14700	0.762415	473.364392446
7.21190404892	1	8120	14729	0.727512	177.484335803
10.5140919685	1	8130	14768	0.885574	121.741373752
2.97940301895	1	8140	14789	0.922061	429.61626603
4.1861269474	1	8150	14809	0.788168	305.771902306
2.81248807907	1	8160	14824	0.876497	455.113040132
3.16463804245	1	8170	14844	0.803383	404.469636916
2.56669282913	1	8180	14863	0.766688	498.696215407
4.08409714699	1	8190	14875	0.782613	313.410762265
4.65216398239	1	8200	14885	0.771773	275.140774239
2.70905995369	1	8210	14896	0.780861	472.488620363
4.97147488594	1	8220	14908	0.82971	257.468865752
3.20895218849	1	8230	14921	0.815748	398.884098239
2.81781888008	1	8240	14932	1.00136	454.252049004
6.27766299248	1	8250	14952	0.703357	203.897533451
2.69993400574	1	8260	14968	0.909671	474.085661827
2.75248908997	1	8270	14982	0.80726	465.033632528
2.70664191246	1	8280	14997	0.743094	472.910729013
3.76756310463	1	8290	15017	0.895988	339.742152806
3.76730585098	1	8300	15031	0.845167	339.765352385
2.83301901817	1	8310	15047	0.899148	451.814827853
4.499573946	1	8320	15069	0.880934	284.471377815
3.97127199173	1	8330	15092	0.768276	322.314866034
3.97092819214	1	8340	15102	0.6881	322.342771782
2.92020988464	1	8350	15116	0.677062	438.324658351
3.84961795807	1	8360	15134	0.861443	332.50052705
3.22298717499	1	8370	15145	0.845025	397.147096933
3.77827095985	1	8380	15168	0.789836	338.779302385
5.71959590912	1	8390	15189	0.732203	223.792033622
3.45459413528	1	8400	15213	0.82676	370.521094483
2.68280601501	1	8410	15225	0.816417	477.112393828
4.40654993057	1	8420	15250	0.972323	290.476681342
2.99039697647	1	8430	15265	0.814558	428.036815871
4.82031702995	1	8440	15284	0.746561	265.54270021
3.31311702728	1	8450	15302	0.840616	386.343129283
2.78523492813	1	8460	15312	0.893507	459.566260308
2.91579389572	1	8470	15332	0.723974	438.988503913
2.73894000053	1	8480	15353	0.740077	467.334078056
2.64909315109	1	8490	15368	0.811637	483.184217011
4.49705696106	1	8500	15386	0.805688	284.630595317
3.11338996887	1	8510	15403	0.740391	411.127424703
4.61888098717	1	8520	15417	0.930588	277.123399273
5.99165892601	1	8530	15427	0.832181	213.630317714
3.75398302078	1	8540	15441	0.845402	340.971174593
13.25704813	1	8550	15474	0.739022	96.55241404
5.42507696152	1	8560	15499	0.891937	235.941353289
3.8362801075	1	8570	15523	0.778305	333.656553779
2.69177985191	1	8580	15543	0.801619	475.521799857
13.131704092	1	8590	15571	0.785227	97.4740209671
2.80187487602	1	8600	15589	0.725848	456.836959764
2.72124695778	1	8610	15601	0.874401	470.372597511
8.39064002037	1	8620	15611	0.793963	152.550937341
8.37866210938	1	8630	15665	0.715884	152.769020076
5.38043308258	1	8640	15691	0.775479	237.899065067
8.43106794357	1	8650	15712	0.968965	151.819438364
3.42206287384	1	8660	15726	0.89152	374.043390548
2.63372516632	1	8670	15746	0.809957	486.003633321
3.3011469841	1	8680	15764	0.69745	387.744019326
2.74807190895	1	8690	15775	0.708868	465.781115782
2.64720511436	1	8700	15785	0.840679	483.528833128
2.62259483337	1	8710	15800	0.996832	488.066240241
3.06568312645	1	8720	15818	0.859427	417.525212882
3.54558396339	1	8730	15837	0.812335	361.01246317
24.4964258671	1	8740	15913	0.919061	52.2525207124
4.18096709251	1	8750	15932	0.870403	306.149264435
2.68118190765	1	8760	15947	0.7724	477.401401354
12.258300066	1	8770	15970	0.675076	104.419046125
2.65278816223	1	8780	15980	0.882391	482.511200187
3.38611388206	1	8790	15990	0.717426	378.014456862
6.95944309235	1	8800	16017	0.815386	183.922762643
3.25719881058	1	8810	16038	0.746343	392.975705334
6.34868717194	1	8820	16055	0.851368	201.616486265
6.41477799416	1	8830	16074	0.775365	199.539251579
2.96382284164	1	8840	16091	0.854487	431.874666061
4.51386713982	1	8850	16111	0.779257	283.570597085
2.80412602425	1	8860	16126	0.637475	456.470211728
3.19788384438	1	8870	16143	0.801408	400.264694495
5.1358191967	1	8880	16162	0.98801	249.229957476
4.17460489273	1	8890	16185	0.878857	306.615843389
6.67727208138	1	8900	16209	0.764284	191.695049176
3.25772690773	1	8910	16230	0.828985	392.912001605
2.71704697609	1	8920	16245	0.792376	471.099694361
13.6486289501	1	8930	16259	0.839312	93.78231357
4.5782699585	1	8940	16269	0.799845	279.581591213
3.5187151432	1	8950	16285	0.750454	363.769145244
3.26735091209	1	8960	16295	0.790959	391.754676629
2.71074795723	1	8970	16305	0.771944	472.194398076
5.12210416794	1	8980	16315	0.824479	249.897299632
2.82310700417	1	8990	16330	0.870229	453.401163368
2.69093203545	1	9000	16350	0.83611	475.671619773
2.69454193115	1	9010	16364	0.766259	475.034359348
2.62709498405	1	9020	16376	1.12308	487.230194481
21.3226659298	1	9030	16454	0.967761	60.030017082
4.00471401215	1	9040	16472	0.786534	319.623322943
2.6860871315	1	9050	16484	0.772057	476.529590194
2.75167798996	1	9060	16500	0.964312	465.170708444
2.70408701897	1	9070	16517	0.697646	473.357547676
8.96308779716	1	9080	16549	0.833891	142.807928358
3.50701808929	1	9090	16567	0.799525	364.982434481
2.85359597206	1	9100	16584	0.938364	448.556842851
13.2733750343	1	9110	16622	0.755478	96.4336498207
7.04528212547	1	9120	16651	0.668939	181.681865567
9.51063299179	1	9130	16683	0.707628	134.586204841
3.43468284607	1	9140	16703	0.6768	372.669051952
2.77826499939	1	9150	16722	0.645335	460.719189955
2.69076013565	1	9160	16732	0.843766	475.702008158
2.72248888016	1	9170	16744	0.679962	470.158026844
9.07534098625	1	9180	16760	0.877434	141.041532427
7.1090221405	1	9190	16770	0.839468	180.052892606
3.5064740181	1	9200	16780	0.765869	365.039065852
4.66094183922	1	9210	16795	0.998372	274.622607223
10.9562399387	1	9220	16832	0.946574	116.828401638
8.750041008	1	9230	16864	0.86266	146.285028702
3.37767720222	1	9240	16874	0.8541	378.958652164
4.89057898521	1	9250	16902	0.849224	261.727702153
5.0100069046	1	9260	16915	0.823815	255.488669851
2.73592591286	1	9270	16931	0.881299	467.84892602
4.47539114952	1	9280	16948	0.747557	286.008520202
3.80969405174	1	9290	16963	0.797528	335.984985307
2.6428937912	1	9300	16979	0.752016	484.317608321
6.00885605812	1	9310	16994	0.741255	213.018915351
2.73305106163	1	9320	17021	0.692118	468.34104857
3.07829809189	1	9330	17042	0.909193	415.814181015
2.76400589943	1	9340	17062	0.799105	463.095972503
2.97092604637	1	9350	17072	0.830225	430.842094358
7.59727787971	1	9360	17091	0.922854	168.481398241
13.6677970886	1	9370	17122	0.736205	93.6507903725
2.87753891945	1	9380	17134	0.861793	444.824565655
5.67083001137	1	9390	17158	0.794773	225.716517235
8.26102495193	1	9400	17183	0.658571	154.94445392
4.98071098328	1	9410	17201	0.814462	256.991422369
2.68894219398	1	9420	17217	0.801737	476.023621059
3.51308298111	1	9430	17227	0.805428	364.352338639
5.99804902077	1	9440	17242	0.692738	213.402724047
4.77046394348	1	9450	17261	0.741519	268.317718185
7.05467796326	1	9460	17278	0.694999	181.439890902
2.72416901588	1	9470	17296	0.628073	469.868056107
2.95233392715	1	9480	17308	0.844651	433.555292722
6.95892095566	1	9490	17331	0.721394	183.936562602
11.168803215	1	9500	17355	0.92947	114.604938001
6.37997984886	1	9510	17372	0.752566	200.627592927
6.24858999252	1	9520	17389	0.792363	204.846213551
2.81045794487	1	9530	17402	0.996601	455.441791021
6.94875621796	1	9540	17423	0.76502	184.205627576
8.0610408783	1	9550	17456	0.824612	158.78842687
2.9259660244	1	9560	17477	0.87682	437.462359209
8.62389492989	1	9570	17507	0.790908	148.424813893
4.68974113464	1	9580	17525	0.72783	272.936173501
5.68113994598	1	9590	17540	0.899954	225.306894773
2.66534090042	1	9600	17558	0.912072	480.238756625
2.68794202805	1	9610	17568	0.642256	476.200746387
2.73777294159	1	9620	17584	0.861609	467.533293414
5.9818520546	1	9630	17606	1.00283	213.980551227
5.47201895714	1	9640	17617	0.941762	233.917318274
3.71646499634	1	9650	17627	0.650321	344.41330707
7.55549502373	1	9660	17637	0.729439	169.41312197
6.19308304787	1	9670	17650	0.74288	206.682195299
2.72356700897	1	9680	17664	0.84437	469.971913958
2.65807390213	1	9690	17681	0.862419	481.551697631
3.87007021904	1	9700	17700	0.719639	330.743352847
2.61381387711	1	9710	17715	0.873439	489.705870495
2.74785494804	1	9720	17725	0.70509	465.817892211
6.64194417	1	9730	17739	0.75044	192.714658124
11.2970278263	1	9740	17765	0.734286	113.304138016
2.6706931591	1	9750	17781	0.711952	479.276324065
3.96532082558	1	9760	17803	0.773479	322.798597214
10.3373520374	1	9770	17840	0.898117	123.822812202
9.73959803581	1	9780	17870	0.868643	131.422261503
4.25609898567	1	9790	17894	0.752044	300.744885001
7.48446702957	1	9800	17912	0.769039	171.020861598
2.61644506454	1	9810	17943	0.826925	489.213405374
2.9451520443	1	9820	17963	0.668972	434.612536381
3.54923081398	1	9830	17975	1.0075	360.641521244
3.54685306549	1	9840	17988	0.768532	360.883289036
3.50010800362	1	9850	18004	0.708201	365.703000787
7.11044692993	1	9860	18031	0.933774	180.016813657
7.72283101082	1	9870	18049	0.904602	165.742329232
2.79712104797	1	9880	18059	0.846556	457.613373911
4.82567310333	1	9890	18069	0.809331	265.247971131
2.87835597992	1	9900	18079	0.824534	444.698296156
6.02769184113	1	9910	18095	0.736656	212.353257887
23.7588050365	1	9920	18139	0.744513	53.8747633996
6.46275615692	1	9930	18158	0.911095	198.057913516
7.80229687691	1	9940	18171	0.730596	164.054254817
8.7314889431	1	9950	18198	0.776991	146.595845032
2.79384613037	1	9960	18214	0.825424	458.149783585
2.66932892799	1	9970	18234	0.980126	479.521270899
6.09688591957	1	9980	18249	0.961861	209.943242646
9.14762306213	1	9990	18281	0.764624	139.927059883
2.796241045	1	10000	18298	0.839826	457.757389081
3.31516194344	1	10010	18315	0.738155	386.104818359
2.84877705574	1	10020	18336	0.855581	449.315609806
3.5916891098	1	10030	18359	0.803755	356.378283551
2.78064894676	1	10040	18374	0.738122	460.324199317
4.94730401039	1	10050	18392	0.764577	258.726772665
4.61038684845	1	10060	18412	0.850139	277.633969139
2.70661497116	1	10070	18422	0.673143	472.915436306
2.68133807182	1	10080	18435	0.851039	477.373596956
2.7469959259	1	10090	18445	0.91282	465.963559658
3.97520422935	1	10100	18456	0.841756	321.996034958
2.81372189522	1	10110	18466	0.648626	454.91347321
2.85438895226	1	10120	18476	0.785519	448.432228897
2.74430608749	1	10130	18486	0.672068	466.420274995
7.21538186073	1	10140	18513	0.930799	177.398788409
4.62620210648	1	10150	18535	0.737115	276.68484224
2.72185707092	1	10160	18554	0.820999	470.267161959
7.09968996048	1	10170	18572	0.881082	180.289562942
10.0200338364	1	10180	18611	0.772758	127.744079601
4.19177722931	1	10190	18628	0.844766	305.359738836
2.78824782372	1	10200	18638	0.859984	459.069667019
3.93258404732	1	10210	18649	0.705474	325.485732688
8.27761697769	1	10220	18692	0.945273	154.633876326
2.75362706184	1	10230	18712	0.903879	464.841451385
4.23696804047	1	10240	18731	0.825069	302.102821587
5.12526988983	1	10250	18753	0.967597	249.74294574
2.7727200985	1	10260	18770	0.957863	461.640538724
2.77007985115	1	10270	18789	0.825563	462.08054236
3.90549612045	1	10280	18813	0.870664	327.743252207
10.4175920486	1	10290	18844	0.858723	122.86908472
2.82975482941	1	10300	18864	0.70499	452.336006886
2.89428305626	1	10310	18874	0.89789	442.251146526
4.42902398109	1	10320	18885	0.69201	289.002725084
2.87450695038	1	10330	18895	0.670491	445.293757189
2.75789499283	1	10340	18914	0.904251	464.122094325
3.7203681469	1	10350	18928	0.760708	344.05197267
4.88048291206	1	10360	18954	0.954068	262.269128499
4.3524081707	1	10370	18975	0.836315	294.09006458
3.68483090401	1	10380	18998	0.679768	347.370078396
4.69866108894	1	10390	19017	0.873559	272.418030535
5.10012483597	1	10400	19038	0.869939	250.974248899
2.71910500526	1	10410	19054	0.762268	470.743129641
6.80191707611	1	10420	19069	0.706366	188.182241224
2.67095208168	1	10430	19093	0.862579	479.229862931
10.7208499908	1	10440	19116	0.876036	119.39351834
2.69126987457	1	10450	19131	0.870866	475.611908004
2.84370803833	1	10460	19146	0.70176	450.116531918
4.47056698799	1	10470	19159	0.826247	286.317150249
2.74016308784	1	10480	19169	0.702709	467.125480844
3.85522198677	1	10490	19184	0.750329	332.017197555
4.55466389656	1	10500	19200	0.893193	281.030615885
3.63066506386	1	10510	19220	0.710322	352.552487626
4.27689099312	1	10520	19244	0.835218	299.282820642
6.8920788765	1	10530	19265	0.731438	185.720451396
3.4777841568	1	10540	19279	0.817416	368.050443124
7.1697678566	1	10550	19294	0.731331	178.527398041
3.38353610039	1	10560	19313	0.694374	378.302451052
7.77854704857	1	10570	19336	0.685697	164.555153039
6.25362992287	1	10580	19359	0.885242	204.681123729
2.7795779705	1	10590	19369	0.885206	460.501563037
9.08029508591	1	10600	19397	0.777153	140.964581865
18.7788059711	1	10610	19411	0.710143	68.1619482073
2.94453001022	1	10620	19422	0.891538	434.704348591
5.33294487	1	10630	19448	0.826234	240.017482124
5.9334871769	1	10640	19471	0.874569	215.724743619
2.72582983971	1	10650	19485	0.787172	469.581769689
9.01266908646	1	10660	19499	0.651549	142.022300799
8.24468803406	1	10670	19530	0.871758	155.251477644
8.4130730629	1	10680	19561	0.871676	152.144167824
7.51268291473	1	10690	19595	0.750932	170.378547122
2.94047403336	1	10700	19610	0.808019	435.303963062
3.88096785545	1	10710	19628	0.956235	329.814635852
6.29035520554	1	10720	19659	0.775288	203.486124102
2.81553983688	1	10730	19678	0.829939	454.619744048
2.78340101242	1	10740	19698	0.835119	459.869057419
4.46648597717	1	10750	19713	0.881757	286.578757113
7.3120341301	1	10760	19737	0.949804	175.053887499
6.87246203423	1	10770	19768	0.837446	186.250574194
3.90575385094	1	10780	19791	0.666149	327.721625287
2.74252414703	1	10790	19806	0.808125	466.723329085
4.63581490517	1	10800	19820	0.870854	276.111110168
2.59726905823	1	10810	19833	0.837149	492.825337423
6.86104393005	1	10820	19846	0.855899	186.560531174
3.90802907944	1	10830	19856	0.785632	327.53082794
4.40812301636	1	10840	19866	0.76654	290.373021635
3.70984888077	1	10850	19887	0.729185	345.027531077
3.23024892807	1	10860	19903	0.895464	396.254291388
11.2526621819	1	10870	19928	0.775194	113.750859958
3.74242401123	1	10880	19940	0.73979	342.024312627
6.28430390358	1	10890	19964	0.759695	203.68206561
8.46307206154	1	10900	19999	0.732644	151.245315022
Training elapsed time: 9283.70693803 s
