Duration	Worker	LocalStep	GlobalStep	Loss	ExamplesPerSec
28.0549471378	1	10	28	4.63629	45.6247518026
15.4650278091	1	20	47	4.35796	82.7673907733
8.43782019615	1	30	69	4.27105	151.697946892
8.15022087097	1	40	88	4.10837	157.050958528
10.5829219818	1	50	105	4.45511	120.949582941
20.0759880543	1	60	125	4.14991	63.757758599
12.1429560184	1	70	141	4.21507	105.410906377
22.4659950733	1	80	168	4.1768	56.9749969152
11.6631278992	1	90	184	4.03187	109.74757467
8.38031387329	1	100	200	3.85415	152.738909229
9.49972009659	1	110	220	4.12758	134.740812043
12.0049090385	1	120	241	3.73185	106.623048612
13.752712965	1	130	261	4.02125	93.0725452684
7.90181112289	1	140	274	3.9685	161.988179683
7.77854299545	1	150	292	3.69713	164.555238783
7.84295082092	1	160	311	3.69696	163.20387941
15.2731020451	1	170	336	3.66283	83.8074672862
17.6400239468	1	180	358	3.46848	72.5622597715
13.0782940388	1	190	377	3.43542	97.8720922014
8.23547506332	1	200	393	3.505	155.425156431
15.6292049885	1	210	413	3.46122	81.8979596815
8.14916992188	1	220	430	3.31147	157.071212439
8.63207507133	1	230	447	3.38958	148.284159883
11.836507082	1	240	470	3.34893	108.140010489
13.9422650337	1	250	488	3.38635	91.8071774496
10.5082519054	1	260	510	3.17265	121.809032703
14.681622982	1	270	530	3.19227	87.1838216774
11.7068870068	1	280	553	3.24685	109.337349823
10.6754209995	1	290	570	3.00187	119.901594519
14.5613839626	1	300	591	3.14612	87.9037324532
18.5948040485	1	310	616	2.9368	68.8364339123
23.5341200829	1	320	639	3.19404	54.3891165463
7.91266298294	1	330	659	3.04373	161.766020208
15.9013659954	1	340	678	3.02967	80.4962290894
17.2972888947	1	350	694	2.69946	74.0000359476
8.25167393684	1	360	712	3.04011	155.120041072
15.6019721031	1	370	740	2.87004	82.0409106964
18.1474649906	1	380	763	2.58997	70.5332673551
20.540252924	1	390	789	2.69364	62.3166620556
8.19486713409	1	400	806	2.64937	156.19533289
9.65151786804	1	410	821	2.83646	132.621626722
12.6847360134	1	420	839	2.70453	100.908682581
25.9415171146	1	430	866	2.63585	49.3417557016
9.8951728344	1	440	881	3.36196	129.356002308
10.127959013	1	450	899	2.71352	126.382817936
26.6600620747	1	460	921	2.48511	48.0118912107
10.5185670853	1	470	945	2.6137	121.689578972
9.09917402267	1	480	960	2.59707	140.672109008
8.32944893837	1	490	974	2.3476	153.671630557
8.31132793427	1	500	992	2.49293	154.006677407
11.7630410194	1	510	1010	2.52616	108.815398831
11.0242159367	1	520	1034	2.61348	116.108030481
8.26454305649	1	530	1055	2.4637	154.878496155
10.2040190697	1	540	1075	2.42857	125.440769099
14.2304589748	1	550	1095	2.45615	89.9479069694
14.635737896	1	560	1109	2.47504	87.4571551567
10.2331550121	1	570	1137	2.67763	125.083612872
13.854665041	1	580	1156	2.42306	92.3876539934
8.23638606071	1	590	1176	2.32043	155.407965407
16.9771120548	1	600	1204	2.29953	75.3956265274
8.11500000954	1	610	1224	2.62835	157.732593776
8.19408798218	1	620	1243	2.21382	156.210185049
12.042347908	1	630	1264	2.17589	106.29156455
10.8631930351	1	640	1283	2.21069	117.829076208
19.4802770615	1	650	1301	2.27966	65.7074843423
10.7915108204	1	660	1331	2.76967	118.611751524
15.2384622097	1	670	1353	2.10131	83.9979771177
7.99612784386	1	680	1367	2.40539	160.077480625
36.7553751469	1	690	1387	2.15757	34.8248384049
11.1693148613	1	700	1407	2.32321	114.599688154
8.31364893913	1	710	1421	2.29324	153.963681817
22.1412820816	1	720	1440	2.0301	57.8105637823
14.3731861115	1	730	1450	2.23111	89.0547155011
10.1828579903	1	740	1470	2.19304	125.701448574
19.1522529125	1	750	1491	2.03835	66.8328684801
12.1427021027	1	760	1508	2.02877	105.413110622
13.7413649559	1	770	1526	1.90142	93.1494072174
16.8260600567	1	780	1549	2.3383	76.0724730381
8.0340077877	1	790	1568	1.97977	159.322723331
7.95426917076	1	800	1588	2.2006	160.919874915
23.1474118233	1	810	1612	1.90403	55.2977589794
14.5693941116	1	820	1636	1.79877	87.8554036079
10.256882906	1	830	1656	2.1615	124.794249065
22.182254076	1	840	1687	1.95413	57.7037840976
8.84892392159	1	850	1707	1.81194	144.650356511
16.9509820938	1	860	1731	2.2728	75.5118489841
8.39194107056	1	870	1746	1.84764	152.527286505
8.54701089859	1	880	1764	1.90452	149.759958796
15.0765800476	1	890	1783	1.95467	84.8998908213
16.0438630581	1	900	1798	1.76827	79.7812843057
8.80832886696	1	910	1812	1.7551	145.317008406
11.6515171528	1	920	1836	1.68659	109.856938218
7.88098597527	1	930	1849	1.61194	162.416226094
8.76663303375	1	940	1863	1.89126	146.008164716
14.8223569393	1	950	1880	1.74721	86.3560367113
12.8147289753	1	960	1897	1.60591	99.8850621396
7.89872908592	1	970	1914	1.80686	162.051386505
14.0949478149	1	980	1936	1.70249	90.8126810263
20.3630859852	1	990	1954	1.71594	62.8588417753
12.7785980701	1	1000	1971	1.68208	100.167482612
8.01618313789	1	1010	1983	1.77099	159.676990655
8.05496191978	1	1020	2000	1.87337	158.908262106
16.338629961	1	1030	2025	1.65067	78.3419419532
12.9374389648	1	1040	2044	1.65273	98.9376648252
8.03219294548	1	1050	2064	1.72746	159.35872167
13.2299950123	1	1060	2090	1.61277	96.7498475103
18.2246260643	1	1070	2109	2.27643	70.2346372147
24.7517559528	1	1080	2130	1.75868	51.7135027688
10.0936479568	1	1090	2146	1.59244	126.812427526
22.2241611481	1	1100	2166	1.70324	57.5949747427
14.831387043	1	1110	2193	1.61133	86.3034587587
15.5878329277	1	1120	2213	1.53054	82.1153271232
10.7307310104	1	1130	2231	1.61653	119.28357898
14.4299440384	1	1140	2259	1.65172	88.7044327126
15.7136428356	1	1150	2275	1.58313	81.4578779339
17.7657010555	1	1160	2301	1.49927	72.0489439735
9.53881502151	1	1170	2321	1.87721	134.188575532
13.7449500561	1	1180	2340	1.76616	93.1251110246
13.9100298882	1	1190	2361	1.66519	92.0199316818
7.80941319466	1	1200	2380	1.45767	163.904760588
21.3121860027	1	1210	2397	1.36918	60.0595358841
9.87740087509	1	1220	2417	1.56033	129.588746694
28.5489559174	1	1230	2446	1.57232	44.8352648589
9.5310561657	1	1240	2463	1.39252	134.297813143
14.7705609798	1	1250	2483	1.55445	86.6588616199
11.2597098351	1	1260	2506	1.36807	113.679661266
15.1883630753	1	1270	2529	1.55834	84.2750462086
18.9388010502	1	1280	2556	1.47884	67.586115753
9.61296105385	1	1290	2574	1.36326	133.153561408
7.92263793945	1	1300	2593	1.44894	161.562349533
10.1269130707	1	1310	2611	1.44619	126.395871187
13.8470828533	1	1320	2631	1.29865	92.4382423041
11.4015550613	1	1330	2651	1.5342	112.265387758
7.89021897316	1	1340	2670	1.36399	162.226169433
23.1519970894	1	1350	2690	1.63206	55.286807227
17.657695055	1	1360	2711	1.46639	72.4896423917
11.2798249722	1	1370	2732	1.40283	113.476938087
7.97959685326	1	1380	2746	1.29767	160.409106317
8.90919208527	1	1390	2761	1.40813	143.671837777
11.4914848804	1	1400	2781	1.57639	111.386823663
12.3181300163	1	1410	2802	1.48245	103.911876097
7.74283313751	1	1420	2822	1.86047	165.314165664
8.32065105438	1	1430	2842	1.52129	153.834116061
8.20605492592	1	1440	2861	1.3044	155.982382711
8.96272993088	1	1450	2878	1.42452	142.813630431
13.0582749844	1	1460	2892	1.42723	98.0221355066
12.4388849735	1	1470	2915	1.25038	102.903114124
10.5399551392	1	1480	2935	1.35655	121.442642127
20.8110928535	1	1490	2966	1.35833	61.5056599386
7.62819218636	1	1500	2985	1.43016	167.798604011
9.26640796661	1	1510	2998	1.25869	138.133352709
9.47223901749	1	1520	3020	1.23446	135.131725206
22.7076659203	1	1530	3046	1.78129	56.3686291887
8.19258499146	1	1540	3066	1.39174	156.23884297
17.5589420795	1	1550	3088	1.68554	72.897330272
7.46655082703	1	1560	3102	1.10279	171.431231053
7.44634318352	1	1570	3119	1.09381	171.896455543
9.97142386436	1	1580	3135	1.38557	128.366822774
20.1783521175	1	1590	3162	1.33664	63.4343177552
13.2534208298	1	1600	3187	1.25626	96.5788392627
20.2172970772	1	1610	3206	1.26627	63.3121230357
13.748980999	1	1620	3226	1.34382	93.0978084917
7.6907761097	1	1630	3245	1.11068	166.433137793
7.95689082146	1	1640	3261	1.40044	160.866854745
12.5461812019	1	1650	3280	1.64665	102.023076138
13.4136819839	1	1660	3305	1.16143	95.4249550222
8.80330991745	1	1670	3326	1.14099	145.399856645
15.7419400215	1	1680	3346	1.37779	81.3114519716
19.35790205	1	1690	3366	1.29522	66.1228678962
10.075799942	1	1700	3381	1.23903	127.037059823
14.247396946	1	1710	3402	1.46668	89.8409726953
18.3393499851	1	1720	3425	1.25702	69.7952763341
23.7677550316	1	1730	3445	1.1163	53.8544762978
7.90309500694	1	1740	3464	1.62407	161.961864165
7.91511106491	1	1750	3479	1.28827	161.715987243
11.3621530533	1	1760	3491	1.26368	112.654704966
7.84781384468	1	1770	3512	1.29714	163.102747508
19.1892490387	1	1780	3534	1.49933	66.7040173078
13.9362490177	1	1790	3557	1.43069	91.8468088775
10.3616490364	1	1800	3579	1.23409	123.532460471
17.1757090092	1	1810	3606	1.16088	74.5238522216
7.9727628231	1	1820	3623	1.30204	160.546604533
11.4250710011	1	1830	3634	1.27639	112.0343147
15.0239322186	1	1840	3656	1.44613	85.1974024763
15.0570478439	1	1850	3673	1.23046	85.0100240942
14.955976963	1	1860	3694	1.10821	85.5845126776
10.7039721012	1	1870	3715	1.18804	119.58177655
15.4765410423	1	1880	3738	1.41794	82.7058188583
10.0592868328	1	1890	3756	1.11042	127.245601132
9.60201716423	1	1900	3772	1.34624	133.305323049
12.0893518925	1	1910	3789	1.19474	105.87829781
10.8922410011	1	1920	3811	1.01612	117.514843811
7.79308104515	1	1930	3829	1.31673	164.248259781
9.42750501633	1	1940	3847	1.04352	135.772932264
24.87677598	1	1950	3868	1.11039	51.4536128407
18.7112309933	1	1960	3886	1.04628	68.4081127778
22.298607111	1	1970	3907	1.18338	57.4026885908
21.9213888645	1	1980	3925	1.19885	58.3904609289
8.14623904228	1	1990	3941	1.34317	157.127724016
19.1578390598	1	2000	3962	1.11213	66.8133809874
11.1511979103	1	2010	3983	1.1584	114.785874154
11.3258690834	1	2020	4005	0.977215	113.015609714
17.5213019848	1	2030	4026	1.64654	73.0539317861
9.61898398399	1	2040	4046	1.28128	133.07018726
9.01876497269	1	2050	4067	1.15065	141.926306304
7.89401912689	1	2060	4083	1.02596	162.148074311
18.6895108223	1	2070	4103	1.00734	68.487613837
9.20685911179	1	2080	4119	1.12702	139.026782582
7.90863704681	1	2090	4133	0.94083	161.84836811
9.62155890465	1	2100	4155	1.11649	133.034575029
7.69121599197	1	2110	4174	1.36313	166.423619014
15.3477571011	1	2120	4193	0.983581	83.3998082959
7.97995686531	1	2130	4212	1.15839	160.401869534
7.81362009048	1	2140	4227	1.05129	163.816513367
14.0467050076	1	2150	4247	1.28133	91.124573294
14.4925358295	1	2160	4270	1.16216	88.3213272718
12.6655590534	1	2170	4290	1.10995	101.061468712
7.81963801384	1	2180	4308	1.13593	163.690441646
8.09378194809	1	2190	4326	1.02293	158.146093904
19.0360920429	1	2200	4342	1.15009	67.240691898
7.95963907242	1	2210	4362	1.31178	160.811311713
9.13703799248	1	2220	4378	1.08871	140.089162489
12.4017109871	1	2230	4395	1.07263	103.211565028
7.96462798119	1	2240	4413	1.13282	160.710582217
7.91177392006	1	2250	4432	0.932212	161.7841982
7.94894099236	1	2260	4447	1.01337	161.027739573
15.4025352001	1	2270	4468	1.37894	83.1032023865
7.70631694794	1	2280	4487	1.12316	166.097502691
13.4652109146	1	2290	4501	1.16995	95.0597809509
7.69467401505	1	2300	4522	1.0518	166.348827448
16.4791889191	1	2310	4553	1.43284	77.6737257086
16.4980251789	1	2320	4578	1.16521	77.5850434291
7.77998781204	1	2330	4596	1.19741	164.524679334
8.31394004822	1	2340	4614	1.3885	153.958290844
7.89739608765	1	2350	4633	1.08973	162.078739093
21.146337986	1	2360	4663	1.36707	60.5305751212
8.00485110283	1	2370	4681	0.962845	159.903036741
8.13413381577	1	2380	4702	1.09316	157.36156166
17.4006869793	1	2390	4726	1.09982	73.5603141142
8.69844913483	1	2400	4739	1.0996	147.15266827
7.97936797142	1	2410	4759	1.06325	160.413707525
14.9756059647	1	2420	4781	1.06058	85.472334343
8.87311697006	1	2430	4802	0.965097	144.255959244
22.4777829647	1	2440	4821	1.37995	56.945117853
13.1799089909	1	2450	4837	0.936609	97.1175143082
10.5028541088	1	2460	4851	1.04171	121.871634771
9.8152050972	1	2470	4869	1.22492	130.409908639
7.98692297935	1	2480	4889	1.28041	160.261968634
10.9033470154	1	2490	4907	1.20464	117.395144646
11.5546519756	1	2500	4930	1.03176	110.777892982
16.7240338326	1	2510	4959	1.27209	76.5365588719
21.322024107	1	2520	4974	1.06325	60.0318240697
11.1719059944	1	2530	4992	1.09631	114.57310871
10.0258879662	1	2540	5006	1.17832	127.669489657
8.34831690788	1	2550	5024	1.01168	153.324318437
16.3502440453	1	2560	5051	1.06122	78.2862932478
17.0478100777	1	2570	5065	0.887322	75.0829575276
14.0215990543	1	2580	5090	1.20968	91.2877336629
14.7472288609	1	2590	5110	0.916504	86.7959677087
13.4760360718	1	2600	5134	0.933392	94.9834204348
13.4988241196	1	2610	5158	1.24725	94.8230741183
15.0699779987	1	2620	5179	1.00397	84.9370848523
15.861071825	1	2630	5207	1.14957	80.7007252801
19.8456220627	1	2640	5231	1.04443	64.4978522697
8.18106198311	1	2650	5243	1.11561	156.458905047
24.6444051266	1	2660	5264	0.983077	51.938766362
8.3173968792	1	2670	5283	1.11689	153.894303541
13.0389931202	1	2680	5299	1.0572	98.1670891457
20.2638008595	1	2690	5317	1.1416	63.1668268395
9.57595610619	1	2700	5338	0.961771	133.668114787
8.02853894234	1	2710	5357	0.965019	159.431250093
9.89006996155	1	2720	5377	0.879912	129.42274473
13.8493690491	1	2730	5401	0.954131	92.4229829868
8.48339390755	1	2740	5417	0.990136	150.883009082
9.22659397125	1	2750	5439	1.1776	138.729416726
8.45479512215	1	2760	5457	1.01604	151.393378729
21.5951440334	1	2770	5477	0.985969	59.2725845226
16.1356940269	1	2780	5496	0.892256	79.327235498
7.91320490837	1	2790	5515	0.884191	161.754941875
14.444685936	1	2800	5529	1.08907	88.6139031111
7.73138713837	1	2810	5543	0.951482	165.558906454
21.0448429585	1	2820	5560	0.963488	60.8225018608
14.5461599827	1	2830	5580	1.24188	87.9957323118
15.9275929928	1	2840	5605	1.02181	80.3636808512
17.8334259987	1	2850	5624	1.09945	71.7753279765
8.64429092407	1	2860	5642	1.04096	148.074609155
19.1707880497	1	2870	5657	0.94539	66.7682516067
7.7526140213	1	2880	5675	1.18129	165.105601347
12.6112201214	1	2890	5700	0.962327	101.496920019
9.68714094162	1	2900	5714	0.899202	132.133929682
8.83879685402	1	2910	5727	1.18773	144.81608992
14.4827580452	1	2920	5753	0.890809	88.3809558929
7.77241015434	1	2930	5768	0.979747	164.685081536
11.3234989643	1	2940	5786	0.97376	113.039264986
11.7854850292	1	2950	5807	1.29252	108.608173259
9.92948198318	1	2960	5826	1.0698	128.909040992
14.4909589291	1	2970	5855	1.22275	88.3309383641
8.14381194115	1	2980	5874	1.1294	157.174552808
9.00183010101	1	2990	5888	1.01568	142.193307987
19.7139568329	1	3000	5908	1.1032	64.9286193964
10.532733202	1	3010	5929	0.927706	121.525911219
10.5932059288	1	3020	5952	1.0587	120.832164371
8.50100398064	1	3030	5971	0.907402	150.57045061
8.10172510147	1	3040	5985	1.18951	157.991043138
8.38361787796	1	3050	6001	1.124	152.678714444
19.5139670372	1	3060	6022	1.14584	65.5940433619
13.2106630802	1	3070	6043	1.01595	96.8914271924
31.4212880135	1	3080	6070	0.944308	40.736713258
7.81968784332	1	3090	6088	1.06021	163.68939856
23.2300591469	1	3100	6111	0.98059	55.1010219951
14.0272488594	1	3110	6131	1.02054	91.2509653767
10.6706080437	1	3120	6150	1.14988	119.955675887
8.50786495209	1	3130	6164	0.811285	150.449026543
25.8068060875	1	3140	6184	1.00817	49.5993187092
9.06137895584	1	3150	6204	1.02245	141.258853232
9.22023797035	1	3160	6226	1.1391	138.825050299
21.9725809097	1	3170	6244	1.13412	58.2544219661
14.0443611145	1	3180	6260	0.779856	91.1397812663
8.6166229248	1	3190	6279	0.96383	148.550077121
9.36001014709	1	3200	6300	1.10113	136.7519885
12.5362989902	1	3210	6326	1.07247	102.103499685
10.4130189419	1	3220	6344	1.00334	122.923045386
9.80217790604	1	3230	6362	0.872085	130.583224695
9.98360013962	1	3240	6383	1.19483	128.210263041
15.4725279808	1	3250	6406	0.96349	82.7272700097
8.44647693634	1	3260	6427	1.05819	151.542472636
27.080163002	1	3270	6448	1.02803	47.2670714687
12.2283859253	1	3280	6465	1.1793	104.674485073
8.27397203445	1	3290	6482	0.861683	154.70199738
11.3391201496	1	3300	6503	1.14462	112.883537974
12.3726220131	1	3310	6521	0.887904	103.454223256
24.2606108189	1	3320	6541	0.839599	52.7604193298
13.2323720455	1	3330	6563	1.13026	96.7324675876
9.37543606758	1	3340	6581	0.943006	136.526982934
9.86093497276	1	3350	6603	0.96819	129.80513547
13.1404008865	1	3360	6623	1.06406	97.4095091202
8.47677206993	1	3370	6640	0.984288	151.000875031
18.8742949963	1	3380	6658	0.916563	67.817102586
15.5767550468	1	3390	6691	0.996441	82.1737259237
17.3846681118	1	3400	6711	1.09762	73.6280952716
9.22277784348	1	3410	6729	1.12896	138.786819082
14.4126241207	1	3420	6742	0.94112	88.8110304744
13.3022630215	1	3430	6754	1.05123	96.2242287597
15.1114258766	1	3440	6779	1.03532	84.7041179602
16.5815620422	1	3450	6810	1.00408	77.1941748757
12.4018969536	1	3460	6831	0.940445	103.21001737
28.2555401325	1	3470	6856	1.05944	45.3008505234
14.7296688557	1	3480	6881	1.06518	86.8994417011
15.8649530411	1	3490	6903	0.899021	80.6809825838
8.35189604759	1	3500	6922	1.02379	153.2586125
9.58042693138	1	3510	6939	0.956848	133.605736902
10.8890500069	1	3520	6962	0.991048	117.549281084
13.1140010357	1	3530	6985	1.05057	97.6056046142
32.2293190956	1	3540	7006	0.926464	39.7153907038
17.5317249298	1	3550	7021	0.987252	73.0104998296
15.1634168625	1	3560	7043	1.22723	84.413691954
15.6503419876	1	3570	7064	1.09173	81.7873501431
9.61402916908	1	3580	7084	1.12454	133.138768095
16.9840979576	1	3590	7104	0.931584	75.3646147823
8.62449502945	1	3600	7122	1.25753	148.41448637
11.9071779251	1	3610	7144	0.989008	107.498183705
13.6484589577	1	3620	7164	0.958124	93.7834816348
17.9202129841	1	3630	7186	0.980912	71.4277224906
14.981454134	1	3640	7206	0.828044	85.4389693118
8.8388800621	1	3650	7220	0.921379	144.81472664
8.3979678154	1	3660	7231	0.977978	152.417826329
12.4579341412	1	3670	7250	0.797186	102.745767115
8.65128588676	1	3680	7265	1.14579	147.95488402
11.9991309643	1	3690	7288	1.08443	106.674391988
23.09516716	1	3700	7309	0.897702	55.4228506393
16.587774992	1	3710	7328	1.07797	77.1652618038
17.187278986	1	3720	7349	0.996714	74.4736849297
12.7736968994	1	3730	7371	0.913355	100.205916116
15.5059740543	1	3740	7394	1.0659	82.5488289555
8.30564594269	1	3750	7412	0.895541	154.112035215
8.22305607796	1	3760	7422	1.02498	155.659889446
12.7423379421	1	3770	7442	0.958614	100.452523376
20.6120259762	1	3780	7462	1.3969	62.0996694589
8.6613380909	1	3790	7483	0.900221	147.783170056
9.89716792107	1	3800	7500	1.06726	129.329926521
16.9589500427	1	3810	7523	0.974175	75.4763706937
30.4466440678	1	3820	7556	0.926527	42.0407581588
9.68126296997	1	3830	7577	1.00311	132.2141547
24.6039328575	1	3840	7598	1.00628	52.0242030985
8.6059820652	1	3850	7616	0.884404	148.733751744
8.53335809708	1	3860	7636	1.06696	149.999564701
9.10445189476	1	3870	7651	0.834365	140.590561057
15.6689879894	1	3880	7679	0.940573	81.6900236865
8.35946297646	1	3890	7699	0.836706	153.11988385
8.32780313492	1	3900	7716	0.906583	153.702000307
9.53444385529	1	3910	7730	0.940973	134.250095698
8.56369018555	1	3920	7749	1.00663	149.468275039
15.2471477985	1	3930	7769	0.909236	83.9501273886
25.6266200542	1	3940	7790	0.873427	49.9480617144
12.5611310005	1	3950	7811	0.939412	101.901652005
12.547246933	1	3960	7832	0.92089	102.014410558
8.68983817101	1	3970	7844	0.966183	147.29848529
8.82187604904	1	3980	7857	0.897214	145.093854514
8.40029287338	1	3990	7868	0.778625	152.37563967
8.8452091217	1	4000	7886	1.02562	144.711106588
11.7455058098	1	4010	7907	0.903548	108.977852528
13.2043330669	1	4020	7924	0.895578	96.937875886
8.5908780098	1	4030	7941	0.930395	148.995248046
15.2547240257	1	4040	7964	0.851798	83.9084337312
19.6705729961	1	4050	7988	1.05933	65.0718207472
14.9433560371	1	4060	8015	1.01135	85.6567960248
8.98563694954	1	4070	8028	0.862588	142.449556686
8.66793894768	1	4080	8047	0.945391	147.6706294
9.87602710724	1	4090	8064	1.01497	129.606772653
9.59409594536	1	4100	8083	0.933994	133.415384554
22.0382730961	1	4110	8111	0.938059	58.0807758584
9.26473498344	1	4120	8129	0.783991	138.158296194
22.8056569099	1	4130	8145	0.839845	56.126425345
12.9005551338	1	4140	8160	0.965196	99.2205363818
8.46962499619	1	4150	8175	0.813958	151.128296775
9.60118293762	1	4160	8195	0.962615	133.316905668
13.2551949024	1	4170	8218	0.989063	96.5659131701
10.3358330727	1	4180	8238	1.06754	123.841009331
15.1327149868	1	4190	8256	1.03187	84.5849539304
10.6927149296	1	4200	8276	0.964916	119.707670917
13.3425781727	1	4210	8295	0.766577	95.9334832769
8.19576883316	1	4220	8315	0.987162	156.178148269
10.1634731293	1	4230	8337	0.846143	125.941199796
8.41554498672	1	4240	8348	0.851532	152.099478052
17.0143399239	1	4250	8373	0.914615	75.2306587107
14.1514880657	1	4260	8397	1.02159	90.4498519206
17.1685860157	1	4270	8419	1.10468	74.5547710702
17.2104740143	1	4280	8452	0.816745	74.3733147
10.0488469601	1	4290	8474	0.909139	127.377798178
10.8351399899	1	4300	8492	0.960864	118.134145124
21.4801259041	1	4310	8509	0.955905	59.5899672896
8.03924417496	1	4320	8524	0.796329	159.218947969
11.6081178188	1	4330	8545	0.944311	110.267660957
8.47710299492	1	4340	8566	0.809899	150.994980333
8.2714111805	1	4350	8581	1.00432	154.749893587
8.25188994408	1	4360	8598	0.914684	155.115980542
10.0591268539	1	4370	8618	0.978348	127.247624827
14.4684691429	1	4380	8637	1.08851	88.4682399607
25.3144989014	1	4390	8663	1.15714	50.5639082562
12.4973430634	1	4400	8683	0.94217	102.421770252
16.1309719086	1	4410	8706	1.12717	79.3504574464
12.0755140781	1	4420	8728	0.762943	105.999627984
21.338944912	1	4430	8751	1.13519	59.9842215855
12.2025580406	1	4440	8770	0.898427	104.896038662
10.5320930481	1	4450	8790	0.82307	121.533297717
8.10477805138	1	4460	8804	0.959985	157.931530251
8.48228001595	1	4470	8817	0.897995	150.902823014
14.8469388485	1	4480	8833	0.922774	86.2130579954
9.10330510139	1	4490	8855	0.789387	140.608272022
17.9010360241	1	4500	8883	1.13157	71.5042413343
8.35638093948	1	4510	8893	0.808538	153.176358195
12.8319289684	1	4520	8908	1.0083	99.7511756143
23.1753480434	1	4530	8927	0.881403	55.2311014963
11.898663044	1	4540	8946	1.03537	107.575111193
14.1795649529	1	4550	8970	0.781964	90.2707526117
13.4700241089	1	4560	8996	0.833893	95.0258135882
10.8313279152	1	4570	9015	0.881858	118.175722314
10.9775400162	1	4580	9030	0.983025	116.601715695
12.0184400082	1	4590	9048	0.995747	106.503006973
13.3718500137	1	4600	9070	1.11082	95.7234787023
20.68334198	1	4610	9090	0.934164	61.8855502771
13.7057139874	1	4620	9117	0.961558	93.3917051809
13.2799189091	1	4630	9132	0.949739	96.386130726
8.13010215759	1	4640	9149	0.919961	157.439596107
29.9959309101	1	4650	9178	0.859851	42.6724546018
8.46330499649	1	4660	9197	1.08812	151.241152308
11.8294260502	1	4670	9214	0.898216	108.204742527
9.02238297462	1	4680	9234	0.914876	141.869393441
13.7935340405	1	4690	9257	1.27724	92.7971030663
8.75851082802	1	4700	9277	1.01039	146.1435654
12.3469991684	1	4710	9291	1.06282	103.668914409
8.87386989594	1	4720	9316	0.991489	144.243719483
9.04219698906	1	4730	9332	0.880863	141.558517421
8.3815009594	1	4740	9351	1.18888	152.71727656
8.11372709274	1	4750	9371	1.06323	157.757339552
8.70511889458	1	4760	9391	0.811356	147.039921626
34.6512122154	1	4770	9412	0.915671	36.9395446267
8.86538791656	1	4780	9433	0.946251	144.381724979
8.17364501953	1	4790	9446	0.854654	156.600879649
15.1282858849	1	4800	9475	0.929828	84.609717832
15.8619310856	1	4810	9493	1.16795	80.6963536214
8.55641889572	1	4820	9513	0.886095	149.595293966
14.5306780338	1	4830	9531	0.89269	88.0894888057
8.20079708099	1	4840	9548	0.841914	156.082388987
8.45636200905	1	4850	9566	1.02517	151.365326914
12.2609510422	1	4860	9586	0.979719	104.396469376
19.2739169598	1	4870	9607	0.889229	66.4109948524
13.2702100277	1	4880	9626	0.852551	96.4566496935
17.4728999138	1	4890	9649	0.936248	73.2563001171
12.8873369694	1	4900	9675	1.05157	99.3223039827
8.23700809479	1	4910	9693	0.912093	155.396229465
11.8075900078	1	4920	9717	0.992164	108.404847997
9.20607304573	1	4930	9738	0.831969	139.038653467
28.114689827	1	4940	9762	0.769077	45.5278008713
8.63076305389	1	4950	9782	1.01087	148.306701506
8.84182405472	1	4960	9801	0.759639	144.76650882
12.0793960094	1	4970	9817	0.803639	105.965563096
13.1887440681	1	4980	9836	1.01563	97.0524557446
10.219960928	1	4990	9851	1.05513	125.245097219
15.2909190655	1	5000	9874	0.999465	83.7098145977
8.70811581612	1	5010	9893	1.00097	146.98931744
27.8715410233	1	5020	9912	0.906317	45.9249812894
8.51672911644	1	5030	9931	0.915322	150.292440032
8.59593605995	1	5040	9947	0.966108	148.907575751
12.6640679836	1	5050	9966	0.907853	101.073367709
8.75160098076	1	5060	9983	0.89213	146.258953398
8.17919588089	1	5070	9997	1.03801	156.494601504
8.3792181015	1	5080	10017	0.874085	152.758883287
11.7813630104	1	5090	10040	1.02721	108.646172677
28.8332328796	1	5100	10061	1.26417	44.3932182473
8.32862496376	1	5110	10074	0.939506	153.686833729
9.37726616859	1	5120	10091	0.817109	136.500337837
9.92794394493	1	5130	10107	0.84867	128.929011596
25.87626791	1	5140	10128	0.750422	49.4661751243
13.6261839867	1	5150	10146	1.0319	93.9367911994
16.2840621471	1	5160	10169	0.872847	78.6044654236
13.9791908264	1	5170	10192	0.861113	91.5646703657
8.0664100647	1	5180	10211	0.841978	158.682733674
17.5978219509	1	5190	10234	0.953876	72.7362740441
10.7573812008	1	5200	10255	0.73727	118.988067459
10.0039739609	1	5210	10277	1.02407	127.949153507
12.4388258457	1	5220	10302	0.743008	102.903603272
18.3751580715	1	5230	10324	1.06075	69.6592646996
8.41644501686	1	5240	10342	0.901223	152.083212976
16.6470639706	1	5250	10368	0.967984	76.8904355905
15.4668059349	1	5260	10389	0.889381	82.7578755036
13.8935260773	1	5270	10403	0.943575	92.1292401138
11.3257739544	1	5280	10423	0.933963	113.01655897
11.6991770267	1	5290	10443	1.04876	109.409405215
9.20436191559	1	5300	10463	0.912168	139.064501346
22.1769030094	1	5310	10495	0.847053	57.717707448
12.3399050236	1	5320	10519	0.730568	103.728513109
8.33670115471	1	5330	10531	0.794399	153.537949393
8.03783082962	1	5340	10545	1.36158	159.246944497
8.00787401199	1	5350	10561	0.982915	159.842674608
13.8885951042	1	5360	10588	0.907914	92.1619494553
18.1190330982	1	5370	10612	1.02696	70.6439462338
21.4137618542	1	5380	10635	0.913319	59.7746443954
13.7846310139	1	5390	10656	0.989618	92.8570375741
10.4601039886	1	5400	10682	0.935588	122.369720357
11.0612211227	1	5410	10701	0.880877	115.719592421
8.11500191689	1	5420	10721	1.03551	157.732556703
16.5640599728	1	5430	10743	0.985365	77.2757404951
8.21433591843	1	5440	10758	0.978038	155.825134583
8.06453108788	1	5450	10778	0.837042	158.719705591
24.6130609512	1	5460	10799	1.0002	52.0049092039
11.1418931484	1	5470	10816	0.827912	114.881733557
35.8943798542	1	5480	10842	0.7821	35.660178702
16.7127530575	1	5490	10864	1.17924	76.588219523
16.1200869083	1	5500	10880	0.829672	79.4040384074
7.82354617119	1	5510	10895	1.02547	163.608672077
14.9964139462	1	5520	10914	0.943691	85.3537388736
12.4771080017	1	5530	10934	0.811414	102.587875317
14.3751599789	1	5540	10953	0.823378	89.0424873102
8.02881288528	1	5550	10973	0.93755	159.425810302
13.1390662193	1	5560	10999	0.845469	97.4194039845
14.7359209061	1	5570	11025	0.968503	86.8625726318
10.3793549538	1	5580	11041	0.930095	123.321729115
14.1504240036	1	5590	11062	0.928079	90.4566534313
8.13166499138	1	5600	11081	1.06198	157.409337615
18.4535651207	1	5610	11100	0.945	69.363290596
11.9874498844	1	5620	11120	0.777084	106.778340042
11.838711977	1	5630	11144	0.838774	108.119870007
14.0891230106	1	5640	11162	0.884849	90.8502253145
14.4508070946	1	5650	11191	0.843334	88.5763675083
18.9498898983	1	5660	11214	0.799968	67.5465665959
12.0199329853	1	5670	11231	0.924854	106.489778401
8.0586130619	1	5680	11253	0.802859	158.836265021
10.463381052	1	5690	11266	0.946327	122.331394951
14.6346669197	1	5700	11289	0.871657	87.463555339
8.06574010849	1	5710	11309	0.890578	158.695914173
25.3068978786	1	5720	11335	0.922245	50.5790953177
9.45365595818	1	5730	11352	0.809541	135.39735375
12.8383681774	1	5740	11370	0.834861	99.7011444376
8.46120095253	1	5750	11383	0.898066	151.278761393
8.42560601234	1	5760	11399	0.971678	151.917855894
13.7465889454	1	5770	11416	0.860112	93.1140085068
14.5543849468	1	5780	11437	0.988738	87.9460042232
8.37497210503	1	5790	11456	0.953497	152.836329954
13.5575618744	1	5800	11476	1.05139	94.4122558214
13.3900010586	1	5810	11502	0.979378	95.5937191043
12.8899741173	1	5820	11522	0.904653	99.3019837242
8.25200486183	1	5830	11542	0.951553	155.113820391
8.20301294327	1	5840	11558	1.17602	156.040226786
8.07039117813	1	5850	11575	0.801623	158.604455688
17.5385370255	1	5860	11602	0.80986	72.9821420192
13.7122819424	1	5870	11617	0.93759	93.3469721072
10.6408948898	1	5880	11639	0.816711	120.290634693
14.0088591576	1	5890	11661	0.804124	91.3707522935
14.4291818142	1	5900	11683	0.847144	88.7091185407
10.9000821114	1	5910	11703	1.10681	117.43030804
27.0566790104	1	5920	11738	0.90006	47.3080971803
11.3017480373	1	5930	11767	1.08337	113.256816182
17.6145999432	1	5940	11795	0.815591	72.6669923887
9.81647992134	1	5950	11814	1.06162	130.392972864
12.1684219837	1	5960	11834	1.11458	105.19030337
10.5428671837	1	5970	11852	0.849013	121.409098464
20.2185359001	1	5980	11880	1.07647	63.3082437978
10.2808220387	1	5990	11902	0.878734	124.50366276
17.8526089191	1	6000	11923	0.945588	71.6982042119
9.89410400391	1	6010	11939	0.918394	129.36997625
14.3464889526	1	6020	11954	0.912275	89.2204360402
8.35418200493	1	6030	11972	1.07251	153.2166763
8.44237017632	1	6040	11985	0.812744	151.616189917
11.6199197769	1	6050	12006	0.763477	110.155665837
16.6299462318	1	6060	12027	0.766919	76.9695813898
9.52438783646	1	6070	12048	0.866954	134.391839347
8.55990004539	1	6080	12065	0.914895	149.534456385
8.43861198425	1	6090	12077	0.915956	151.683713197
8.37170910835	1	6100	12095	1.12663	152.89590016
22.7424838543	1	6110	12110	0.880387	56.2823308219
8.34725594521	1	6120	12129	0.972374	153.343806444
9.83312702179	1	6130	12147	0.975423	130.172222647
8.54235601425	1	6140	12161	0.772024	149.841565707
8.36974406242	1	6150	12178	0.821742	152.931797012
13.6257491112	1	6160	12198	0.883633	93.939789259
14.7260220051	1	6170	12215	0.846536	86.9209620601
8.12600493431	1	6180	12234	0.853238	157.518978926
10.3171930313	1	6190	12252	0.859976	124.064752507
8.0707089901	1	6200	12263	0.791432	158.598210092
8.23307299614	1	6210	12283	0.870683	155.470503007
13.2264289856	1	6220	12303	0.87105	96.7759325963
8.75792193413	1	6230	12323	0.732335	146.15339228
10.6249101162	1	6240	12343	1.11173	120.471607383
15.2424559593	1	6250	12362	0.893665	83.9759684014
14.4402558804	1	6260	12390	0.898416	88.6410885379
11.7886531353	1	6270	12405	1.00583	108.578985683
8.00902700424	1	6280	12418	0.974876	159.819663403
8.54230594635	1	6290	12435	0.976995	149.842443954
26.5484919548	1	6300	12455	0.900936	48.2136613326
12.8346259594	1	6310	12475	0.830482	99.7302145033
16.0335581303	1	6320	12496	0.888684	79.8325605334
23.080288887	1	6330	12513	0.920002	55.4585779349
10.8961541653	1	6340	12526	0.845076	117.4726404
8.03182578087	1	6350	12540	0.952312	159.36600655
14.5285210609	1	6360	12556	0.831424	88.1025669874
9.15146708488	1	6370	12577	0.892773	139.868284301
10.1737549305	1	6380	12598	0.941495	125.813921089
12.4305770397	1	6390	12623	0.899668	102.971889069
7.96782302856	1	6400	12640	0.790926	160.646138275
7.90731787682	1	6410	12657	0.823828	161.875369113
10.4736590385	1	6420	12678	0.781983	122.211348994
11.8810710907	1	6430	12700	0.870654	107.734394503
15.489002943	1	6440	12722	0.995233	82.6392766989
21.0146620274	1	6450	12746	0.785247	60.9098541929
8.98061704636	1	6460	12763	0.91257	142.529181836
17.8234269619	1	6470	12783	0.944682	71.8155943151
17.1535389423	1	6480	12798	0.78408	74.6201704676
8.33154606819	1	6490	12819	0.840299	153.632949938
8.19811701775	1	6500	12838	0.821075	156.133414201
24.6367189884	1	6510	12854	0.956828	51.9549701647
8.53368592262	1	6520	12875	0.844829	149.993802397
17.0844140053	1	6530	12893	0.877291	74.9220897834
21.3447990417	1	6540	12910	0.788228	59.9677700173
8.06245803833	1	6550	12922	1.26671	158.760516199
8.77778196335	1	6560	12941	0.832984	145.822715276
9.08550310135	1	6570	12961	0.872449	140.883777786
8.54145288467	1	6580	12978	0.936895	149.857409188
15.5160179138	1	6590	12997	1.11307	82.4953932839
8.45878720284	1	6600	13015	0.907672	151.32192941
13.9715378284	1	6610	13034	0.718487	91.6148254914
18.2493870258	1	6620	13054	0.805123	70.1393421153
19.1909401417	1	6630	13075	0.825056	66.698139359
8.49311590195	1	6640	13094	0.689401	150.710294641
12.363822937	1	6650	13115	1.05366	103.527849478
25.2548861504	1	6660	13136	0.836821	50.6832615431
11.6487360001	1	6670	13158	0.899569	109.883166722
23.7171669006	1	6680	13178	0.924346	53.969346565
16.5822219849	1	6690	13197	0.861341	77.1911026863
9.80941510201	1	6700	13218	1.17541	130.486882927
10.1839649677	1	6710	13238	0.768356	125.687785068
8.9618909359	1	6720	13253	1.06091	142.827000368
8.30157804489	1	6730	13269	0.786469	154.187552424
8.58399295807	1	6740	13282	0.918874	149.1147542
9.13242793083	1	6750	13304	0.985773	140.159879683
12.6427140236	1	6760	13318	0.70438	101.244083953
8.32120299339	1	6770	13335	0.775524	153.823912362
15.6734070778	1	6780	13356	0.936904	81.6669913343
12.389195919	1	6790	13375	0.874349	103.315825205
22.4853570461	1	6800	13400	0.740267	56.9259361714
9.94205999374	1	6810	13418	0.75008	128.745954139
27.194437027	1	6820	13437	0.884114	47.068450019
9.07704496384	1	6830	13457	0.898392	141.015055571
15.3621850014	1	6840	13480	0.845236	83.3214806283
22.9187989235	1	6850	13499	0.726373	55.8493490114
16.8274011612	1	6860	13519	0.747967	76.06641024
16.6055550575	1	6870	13549	0.917019	77.0826386451
8.97082591057	1	6880	13570	0.794473	142.684744165
12.7073168755	1	6890	13591	0.917376	100.72936817
8.52313017845	1	6900	13605	0.838735	150.179567037
20.3889508247	1	6910	13623	0.93382	62.7791008475
22.9066531658	1	6920	13658	1.14887	55.8789619214
8.49302983284	1	6930	13676	0.788874	150.711821952
12.2500970364	1	6940	13701	0.988204	104.488968226
24.3753430843	1	6950	13733	0.776969	52.5120813919
10.0198249817	1	6960	13749	0.630103	127.746742317
10.9499468803	1	6970	13770	0.862963	116.895544242
13.9665281773	1	6980	13794	0.812928	91.6476867948
9.75279688835	1	6990	13814	0.955601	131.244402468
10.1500520706	1	7000	13837	0.861077	126.107727438
12.0727360249	1	7010	13858	0.800112	106.024019523
21.6699118614	1	7020	13881	0.92826	59.0680759657
8.1630051136	1	7030	13899	0.843336	156.804997937
10.2191550732	1	7040	13918	0.754455	125.254973707
14.5885848999	1	7050	13945	0.926528	87.7398328064
8.4580540657	1	7060	13966	1.0331	151.335045869
18.4174890518	1	7070	13984	0.868296	69.4991590004
8.48327898979	1	7080	14004	0.845475	150.885053001
8.93527984619	1	7090	14019	1.03386	143.252368368
14.0642781258	1	7100	14039	0.85822	91.0107144181
7.95625185966	1	7110	14059	0.896058	160.879773866
8.28922700882	1	7120	14076	0.891056	154.417293511
17.5884921551	1	7130	14102	0.78863	72.7748569186
17.93866992	1	7140	14126	0.957776	71.3542311504
17.7736620903	1	7150	14143	1.04803	72.0166723941
12.0048398972	1	7160	14165	0.914841	106.623662703
7.97840809822	1	7170	14182	0.919689	160.433006715
12.419905901	1	7180	14201	0.967808	103.060362148
8.07730603218	1	7190	14217	0.971676	158.46867692
9.33549189568	1	7200	14235	0.799651	137.111146826
12.6734681129	1	7210	14254	0.811983	100.998399853
11.7766468525	1	7220	14270	1.11234	108.689681879
18.7429380417	1	7230	14290	0.884584	68.2923881599
11.4782259464	1	7240	14309	0.895523	111.515490806
11.2257561684	1	7250	14329	0.928216	114.023499246
8.03068685532	1	7260	14349	0.975794	159.388608106
19.3269910812	1	7270	14370	0.857139	66.2286226873
9.17612195015	1	7280	14383	1.03591	139.492479171
8.40973496437	1	7290	14396	0.849052	152.204558815
19.9811050892	1	7300	14424	0.794067	64.0605208914
9.11634397507	1	7310	14444	0.707717	140.407163606
9.78332805634	1	7320	14466	0.75925	130.834823552
15.3296880722	1	7330	14486	1.08033	83.4981112447
12.3110938072	1	7340	14507	0.888106	103.97126527
10.9335200787	1	7350	14529	0.828027	117.071171113
9.51883602142	1	7360	14540	0.818908	134.470222737
8.1447160244	1	7370	14554	0.889397	157.157106051
7.96131801605	1	7380	14564	0.824047	160.777398594
7.96848201752	1	7390	14580	0.835315	160.632852931
8.96043992043	1	7400	14596	0.784574	142.850129164
9.26078891754	1	7410	14609	0.997373	138.217166096
14.83664608	1	7420	14623	1.04413	86.2728674053
16.4994170666	1	7430	14648	1.01065	77.5784983697
13.7982809544	1	7440	14666	0.762321	92.7651788099
12.1832420826	1	7450	14687	0.972273	105.062346404
14.4460778236	1	7460	14707	0.897337	88.605365112
13.9087841511	1	7470	14729	0.796175	92.028173426
8.97410988808	1	7480	14747	0.94036	142.632530241
8.11906313896	1	7490	14766	0.848655	157.653657582
8.1236000061	1	7500	14783	0.737067	157.565611187
17.2605578899	1	7510	14804	0.820896	74.1575103286
15.493185997	1	7520	14827	0.812998	82.6169646609
8.04770112038	1	7530	14844	0.965369	159.051632367
13.5071189404	1	7540	14859	0.771719	94.7648425732
10.2128088474	1	7550	14876	0.732674	125.33280698
14.9498701096	1	7560	14901	0.999233	85.6194729867
23.2870740891	1	7570	14922	0.76018	54.9661153267
8.37756681442	1	7580	14942	0.815463	152.788993314
21.3504769802	1	7590	14958	0.779165	59.9518222092
14.6276500225	1	7600	14983	0.791771	87.5055116871
16.5513679981	1	7610	15012	0.798544	77.3349973335
10.3120491505	1	7620	15027	0.831125	124.126638782
8.53112196922	1	7630	15046	0.699519	150.038881711
22.2763309479	1	7640	15065	0.998091	57.4600908469
19.6284921169	1	7650	15086	0.924842	65.2113260853
8.01468801498	1	7660	15106	0.720092	159.706778056
12.9568619728	1	7670	15131	0.88023	98.7893521353
8.2352309227	1	7680	15151	0.967823	155.429764146
17.0835111141	1	7690	15171	0.674369	74.9260495369
8.7680978775	1	7700	15189	0.90659	145.983771838
8.13567495346	1	7710	15202	0.776832	157.331752721
8.13042116165	1	7720	15221	0.812676	157.433418829
8.41160297394	1	7730	15238	0.857226	152.170757936
14.7621309757	1	7740	15259	0.782658	86.7083486866
11.9294068813	1	7750	15284	0.86919	107.297874298
8.97401118279	1	7760	15300	0.919956	142.634099059
9.0324409008	1	7770	15313	1.07816	141.711417108
8.59583592415	1	7780	15329	0.888256	148.909310426
8.89331197739	1	7790	15346	0.861629	143.928381603
8.40645813942	1	7800	15362	1.00427	152.263887927
13.8863830566	1	7810	15384	0.780743	92.1766305005
12.0943877697	1	7820	15402	0.790128	105.834212064
8.92853212357	1	7830	15419	0.917793	143.360631097
14.0009019375	1	7840	15439	0.810861	91.422681604
19.8483309746	1	7850	15467	0.930888	64.4890495649
18.018032074	1	7860	15488	0.879562	71.0399445813
8.18498301506	1	7870	15508	0.977468	156.383953106
14.0568420887	1	7880	15526	0.778526	91.0588588762
17.7286658287	1	7890	15546	1.13666	72.1994543959
8.50600218773	1	7900	15561	0.848462	150.481973993
12.1287667751	1	7910	15580	0.800697	105.53422485
8.07332921028	1	7920	15601	0.873475	158.546736626
13.6690628529	1	7930	15621	0.83617	93.6421182475
10.2479829788	1	7940	15642	0.851858	124.902627439
8.36906695366	1	7950	15658	0.933665	152.944170131
21.1587150097	1	7960	15676	0.839209	60.4951670937
7.99007415771	1	7970	15693	0.675325	160.198763458
22.9782578945	1	7980	15714	0.879064	55.7048321886
13.9953789711	1	7990	15735	0.987434	91.4587595408
15.965952158	1	8000	15757	0.908284	80.17060225
13.1524968147	1	8010	15771	0.953277	97.3199247284
8.54525303841	1	8020	15790	0.932183	149.7907662
12.9306540489	1	8030	15812	0.885216	98.9895789615
17.1928830147	1	8040	15832	0.838121	74.4494101953
17.56960392	1	8050	15854	1.02649	72.8530936628
10.2919239998	1	8060	15874	1.03119	124.369359901
8.51764512062	1	8070	15894	0.817077	150.27627729
25.4680168629	1	8080	15920	0.75192	50.2591154581
10.5590350628	1	8090	15943	0.93571	121.223198179
14.7324750423	1	8100	15964	0.969271	86.8828894209
8.68399906158	1	8110	15984	0.976434	147.397528595
10.0415740013	1	8120	16005	0.839749	127.470055973
19.448086977	1	8130	16030	0.90209	65.8162420558
17.5192270279	1	8140	16060	1.08825	73.0625842089
11.5043058395	1	8150	16078	0.820986	111.262688758
14.142029047	1	8160	16098	0.789742	90.510350088
8.56874608994	1	8170	16114	0.841407	149.380082753
8.97636294365	1	8180	16135	1.23029	142.596729659
17.5450339317	1	8190	16159	0.881812	72.9551168143
8.81355905533	1	8200	16180	0.924049	145.230773626
18.5153319836	1	8210	16197	0.932893	69.1318957249
10.1065790653	1	8220	16219	1.162	126.65017428
13.1654970646	1	8230	16240	1.08522	97.2238263182
13.9739758968	1	8240	16258	0.984773	91.5988412639
13.0558860302	1	8250	16271	0.861014	98.0400715079
10.6410579681	1	8260	16294	0.786285	120.288791193
10.3760170937	1	8270	16314	1.00648	123.361400472
19.434278965	1	8280	16333	1.04318	65.8630043495
12.9134149551	1	8290	16349	0.843365	99.1217276334
12.5480918884	1	8300	16374	0.842364	102.007541177
21.8480122089	1	8310	16403	0.804428	58.5865655767
20.17365098	1	8320	16429	0.821602	63.4491000796
14.1084299088	1	8330	16446	0.852243	90.725899925
10.2379250526	1	8340	16465	0.890649	125.025334081
14.2224559784	1	8350	16486	0.738606	89.998520786
9.45729899406	1	8360	16507	0.909235	135.345197482
9.08546590805	1	8370	16526	0.992809	140.884354523
9.11723017693	1	8380	16546	0.956561	140.393515921
16.7091898918	1	8390	16563	0.982207	76.6045516442
8.73587203026	1	8400	16584	0.782766	146.522292859
27.57366395	1	8410	16605	0.915875	46.421106833
8.78361797333	1	8420	16625	0.957054	145.725827772
8.78448605537	1	8430	16646	0.797381	145.71142716
17.7913229465	1	8440	16669	0.891821	71.9451838318
13.2956750393	1	8450	16701	0.728446	96.2719076856
13.26334095	1	8460	16716	0.811499	96.5066045444
8.54756712914	1	8470	16731	0.904964	149.750213208
16.5490570068	1	8480	16752	0.796334	77.3457967709
9.19426083565	1	8490	16762	1.09094	139.217281615
12.8568661213	1	8500	16781	1.09661	99.5576984255
8.83925795555	1	8510	16798	0.849324	144.808535562
11.9074299335	1	8520	16814	0.819933	107.495908617
29.883395195	1	8530	16838	0.933075	42.8331517101
8.57505297661	1	8540	16858	0.803073	149.27021483
19.6668338776	1	8550	16884	0.701691	65.0841924007
9.51568293571	1	8560	16900	0.914172	134.514780352
27.3630721569	1	8570	16935	0.934331	46.7783731542
21.203305006	1	8580	16956	0.818708	60.3679473382
8.91704392433	1	8590	16970	0.796864	143.545328571
8.60697102547	1	8600	16991	0.904226	148.716661903
15.8327798843	1	8610	17007	0.983163	80.8449311713
8.0824701786	1	8620	17027	0.814574	158.367426259
8.60731482506	1	8630	17047	0.808873	148.710721754
10.6459081173	1	8640	17067	0.800049	120.23398905
8.36295390129	1	8650	17085	0.711097	153.055967438
14.5069949627	1	8660	17108	0.684694	88.2332973363
11.137004137	1	8670	17125	0.796037	114.932165262
10.1878790855	1	8680	17145	0.784849	125.639496627
8.3062748909	1	8690	17167	0.70751	154.100365906
21.7318871021	1	8700	17189	0.89635	58.8996249605
14.2341430187	1	8710	17210	0.914663	89.924626886
8.69580292702	1	8720	17228	0.790348	147.197448096
12.0363008976	1	8730	17251	0.861817	106.344965192
27.0379140377	1	8740	17271	0.717706	47.3409301552
11.0698699951	1	8750	17293	0.946357	115.629180881
13.126830101	1	8760	17316	0.834756	97.5102130636
9.84572601318	1	8770	17337	0.746153	130.005648978
14.9951469898	1	8780	17355	0.847366	85.3609505041
8.84460091591	1	8790	17375	0.860468	144.721057758
10.0552949905	1	8800	17396	0.831035	127.296116246
17.0576870441	1	8810	17413	0.885239	75.0394820052
9.94431805611	1	8820	17437	0.841715	128.716719717
8.96915602684	1	8830	17455	0.889017	142.71130931
8.47500491142	1	8840	17475	0.99429	151.032360851
13.0855190754	1	8850	17495	0.785945	97.8180531185
11.6683340073	1	8860	17514	0.755283	109.698608148
17.8167009354	1	8870	17529	0.784145	71.8427055965
8.63080787659	1	8880	17547	0.890683	148.305931299
9.051872015	1	8890	17568	0.973326	141.407213655
10.4475121498	1	8900	17582	0.988772	122.517206168
18.8261828423	1	8910	17605	0.852719	67.9904158334
14.0487451553	1	8920	17623	0.890501	91.1113402548
14.0381939411	1	8930	17641	0.845229	91.1798202368
8.88824987411	1	8940	17660	0.886131	144.010352784
16.1523430347	1	8950	17676	0.80739	79.2454690472
23.9127380848	1	8960	17705	0.833872	53.5279563328
13.9990429878	1	8970	17726	0.775118	91.4348217313
12.6524469852	1	8980	17742	0.750145	101.166201407
8.31063508987	1	8990	17754	0.856205	154.019516698
8.34870100021	1	9000	17775	0.673143	153.317264562
8.29083490372	1	9010	17792	0.908519	154.387346373
12.4364659786	1	9020	17815	0.831423	102.923129625
11.8254060745	1	9030	17832	0.885709	108.241526078
8.67505097389	1	9040	17848	0.745221	147.549565282
18.2153310776	1	9050	17869	0.83265	70.270476806
14.9402778149	1	9060	17889	0.730915	85.6744443351
13.3179950714	1	9070	17904	0.989549	96.1105626738
8.74920296669	1	9080	17921	0.81285	146.299040595
14.5889611244	1	9090	17942	0.9031	87.7375701452
8.70257902145	1	9100	17955	0.910518	147.082835656
10.1392149925	1	9110	17977	0.780474	126.242514923
9.73124790192	1	9120	17996	0.853589	131.535031571
15.3425240517	1	9130	18017	0.873606	83.4282544182
16.4346380234	1	9140	18038	0.735216	77.8842830721
12.8551168442	1	9150	18056	0.730753	99.5712458716
15.4443221092	1	9160	18075	0.976348	82.87835432
9.31060791016	1	9170	18096	0.75803	137.477596775
12.4733040333	1	9180	18121	0.992298	102.619161417
17.4036800861	1	9190	18141	0.81518	73.5476631187
22.853564024	1	9200	18170	0.866554	56.0087695143
10.9815130234	1	9210	18193	0.841944	116.559530301
13.6077919006	1	9220	18211	0.876486	94.0637547478
16.3913180828	1	9230	18228	0.80329	78.0901202413
9.05473685265	1	9240	18245	0.937151	141.362473679
15.0328700542	1	9250	18269	0.942029	85.146748118
8.78512501717	1	9260	18289	0.759355	145.700829242
14.1935009956	1	9270	18304	0.864673	90.1821192948
15.8022089005	1	9280	18325	0.721798	81.0013339314
8.93776011467	1	9290	18344	0.771033	143.212615194
8.81749796867	1	9300	18364	0.915586	145.165896782
9.23613500595	1	9310	18385	0.948697	138.586107628
9.421448946	1	9320	18406	0.804103	135.860206571
8.53529119492	1	9330	18417	1.05255	149.965592359
8.26584291458	1	9340	18435	1.01391	154.854140494
13.990913868	1	9350	18459	0.741078	91.4879479697
8.89595007896	1	9360	18471	0.822568	143.885699519
8.28373408318	1	9370	18485	0.856156	154.519687275
13.7323639393	1	9380	18505	0.944275	93.210462937
13.9034900665	1	9390	18523	1.26097	92.063215342
22.6125259399	1	9400	18549	0.853695	56.6057946556
21.5714480877	1	9410	18566	0.982065	59.3376946599
8.43791484833	1	9420	18587	1.0339	151.696245223
10.0259859562	1	9430	18605	0.779991	127.668241866
8.36271214485	1	9440	18622	0.665054	153.060392111
13.0469379425	1	9450	18637	0.959918	98.1073111285
8.60926699638	1	9460	18651	0.818948	148.677001252
15.3336749077	1	9470	18675	0.825656	83.4764013002
8.48201608658	1	9480	18696	0.837439	150.907518559
18.5661649704	1	9490	18713	0.996064	68.9426169616
10.0649030209	1	9500	18733	0.689775	127.174598438
9.06662201881	1	9510	18750	0.893461	141.1771658
10.0611410141	1	9520	18768	0.884588	127.222150868
11.4336700439	1	9530	18781	0.957187	111.950055851
14.7541029453	1	9540	18799	0.837365	86.7555285972
8.66756701469	1	9550	18814	0.848512	147.676966077
13.7542309761	1	9560	18833	0.904306	93.0622731452
8.80490112305	1	9570	18854	0.996599	145.373580249
11.4606339931	1	9580	18875	0.654746	111.686665918
9.81825184822	1	9590	18899	1.10922	130.369440486
17.6121881008	1	9600	18917	0.739949	72.6769435276
10.6957290173	1	9610	18933	0.917268	119.673936946
8.73191785812	1	9620	18947	0.863908	146.58864419
11.0890140533	1	9630	18971	0.779392	115.429558827
10.9166429043	1	9640	18990	1.10253	117.252163621
9.83489108086	1	9650	19008	0.856455	130.148873991
8.45396494865	1	9660	19029	0.883107	151.408245453
9.00064301491	1	9670	19041	0.747141	142.212061725
13.5931491852	1	9680	19059	0.909582	94.1650814364
11.9207987785	1	9690	19077	0.932025	107.375354939
11.3289630413	1	9700	19097	0.97158	112.98474497
15.543708086	1	9710	19122	0.818386	82.3484327496
8.44852209091	1	9720	19143	0.887893	151.505788377
8.44541788101	1	9730	19158	0.919835	151.561476061
11.4945309162	1	9740	19169	0.878076	111.357306299
8.55226802826	1	9750	19186	1.05132	149.667900465
12.6982550621	1	9760	19210	0.768269	100.801251333
12.6378149986	1	9770	19229	1.0113	101.28333103
11.7658340931	1	9780	19249	0.868007	108.789567308
16.7078888416	1	9790	19270	0.865318	76.6105168722
16.7703211308	1	9800	19289	1.03291	76.3253124386
16.9143149853	1	9810	19308	0.805017	75.6755447155
8.37874984741	1	9820	19323	0.845813	152.767420356
8.81358218193	1	9830	19345	0.892686	145.230392544
8.30005192757	1	9840	19365	0.942042	154.215902644
12.4637980461	1	9850	19385	0.917039	102.697427804
8.58154296875	1	9860	19402	1.03244	149.157325747
8.41741895676	1	9870	19417	0.88477	152.065616144
18.8732390404	1	9880	19432	0.982279	67.8208969463
10.8566498756	1	9890	19453	0.717248	117.900090236
12.8877921104	1	9900	19470	0.801364	99.3187963486
12.1804718971	1	9910	19492	0.788844	105.086240567
10.9400660992	1	9920	19514	0.735521	117.001121236
12.7634940147	1	9930	19538	0.733638	100.286018744
12.6145339012	1	9940	19559	0.821987	101.470257246
9.26885509491	1	9950	19580	1.02202	138.09688326
8.41550207138	1	9960	19598	0.853746	152.100253692
13.9187150002	1	9970	19622	0.868494	91.962512343
8.38849401474	1	9980	19641	1.27942	152.589964033
17.9978079796	1	9990	19658	0.847448	71.1197719996
10.9300508499	1	10000	19683	0.703401	117.108329831
12.5479080677	1	10010	19704	0.863218	102.009035538
21.7247359753	1	10020	19724	0.792344	58.9190129379
15.211302042	1	10030	19739	0.886312	84.1479576479
9.41038608551	1	10040	19754	1.02105	136.019923983
3.99043083191	1	10050	19769	0.761417	320.767369219
5.46934700012	1	10060	19782	0.575713	234.031594626
25.2041711807	1	10070	19816	0.736107	50.7852446653
12.6453378201	1	10080	19831	0.880799	101.223076696
9.1462161541	1	10090	19846	0.84349	139.94858403
3.80217289925	1	10100	19860	0.9174	336.649603771
15.767539978	1	10110	19884	0.865774	81.1794358399
3.88604211807	1	10120	19896	0.816031	329.383975034
4.85255289078	1	10130	19910	0.879267	263.778680791
10.8788599968	1	10140	19924	0.906723	117.65938714
22.7829670906	1	10150	19949	0.808033	56.1823222985
18.7675578594	1	10160	19974	0.689563	68.2028002571
5.91209411621	1	10170	19985	0.840681	216.505349008
8.92145299911	1	10180	20001	0.836785	143.474386978
Training elapsed time: 13119.936687 s
