Duration	Worker	LocalStep	GlobalStep	Loss	ExamplesPerSec
22.7231299877	0	10	10	4.65015	56.3302679117
11.3468329906	0	20	31	4.71123	112.806807067
14.1354489326	0	30	53	4.41724	90.5524830587
17.8969881535	0	40	71	4.21052	71.5204138833
16.0983538628	0	50	92	4.26348	79.5112351804
20.7017850876	0	60	109	4.1571	61.8304167773
12.2002000809	0	70	134	4.04987	104.916312152
9.63889503479	0	80	150	4.14248	132.795304377
22.6729519367	0	90	177	3.99629	56.4549337719
14.8205239773	0	100	200	3.74744	86.3667169907
32.1260139942	0	110	232	3.73933	39.8431003681
20.5094358921	0	120	264	4.19641	62.4102977153
17.088973999	0	130	283	3.66181	74.902097696
24.8757791519	0	140	309	3.6495	51.455674702
10.5060579777	0	150	330	3.76648	121.834469477
21.130920887	0	160	350	3.48076	60.574738169
9.41802811623	0	170	373	3.44169	135.909553911
12.6002960205	0	180	393	3.48983	101.584914983
7.8139269352	0	190	410	3.29059	163.810080465
10.9212150574	0	200	431	3.15884	117.203076148
12.2389228344	0	210	450	3.25124	104.584367213
10.0406391621	0	220	465	3.80623	127.481924142
20.4107298851	0	230	499	3.08032	62.7121130506
8.22045707703	0	240	514	3.35364	155.709103278
10.7605330944	0	250	537	3.26114	118.953214378
7.90289998055	0	260	556	3.09595	161.965861032
14.5803768635	0	270	578	3.27939	87.7892260252
19.4471399784	0	280	599	3.0751	65.8194470457
12.6490151882	0	290	624	3.04989	101.193648751
11.3524987698	0	300	642	3.42529	112.750507704
12.565513134	0	310	661	3.20064	101.866114527
7.88238692284	0	320	679	3.0854	162.387359632
18.426418066	0	330	709	2.95849	69.4654813222
10.5337269306	0	340	725	2.86822	121.514446732
10.1558790207	0	350	744	2.92857	126.035372949
11.8276231289	0	360	769	2.68843	108.221236511
8.17149186134	0	370	787	2.86284	156.642143408
9.01065897942	0	380	805	2.95409	142.05398328
8.03941512108	0	390	826	2.78025	159.215562416
14.9751298428	0	400	845	2.88391	85.4750518653
17.5085451603	0	410	864	2.63768	73.1071592917
8.29035997391	0	420	879	2.6731	154.39619076
20.3603379726	0	430	899	3.1998	62.8673257644
8.0124630928	0	440	919	2.60907	159.751125862
11.5720169544	0	450	939	2.524	110.611659579
23.0382800102	0	460	968	2.35671	55.5597032171
23.7256808281	0	470	993	2.44615	53.9499797403
11.4013972282	0	480	1016	2.52871	112.266941882
11.8516688347	0	490	1036	2.37605	108.00166777
10.2029840946	0	500	1053	2.51012	125.453493618
8.31852197647	0	510	1072	2.36339	153.873489019
17.4624490738	0	520	1090	2.17889	73.3001421846
10.1093688011	0	530	1108	2.46726	126.61522447
8.31053900719	0	540	1125	3.06458	154.021297402
18.5767591	0	550	1150	2.22971	68.9032997151
11.6815369129	0	560	1167	2.34585	109.574622718
9.83341002464	0	570	1186	2.30606	130.168476326
7.72889304161	0	580	1200	2.53444	165.612331948
7.66437792778	0	590	1218	2.28268	167.006378347
15.387155056	0	600	1236	2.37625	83.1862677241
8.88332009315	0	610	1253	2.24278	144.090271045
40.4413499832	0	620	1296	2.19672	31.6507732935
7.95145797729	0	630	1315	2.08314	160.976767236
14.0581429005	0	640	1332	2.31249	91.0504331235
9.54312109947	0	650	1350	2.20434	134.128026529
14.7933769226	0	660	1373	2.06717	86.5252069691
8.77620697021	0	670	1393	2.12268	145.848884871
21.3326690197	0	680	1413	2.09864	60.0018684403
27.189469099	0	690	1450	2.07177	47.077050138
7.93116593361	0	700	1470	2.23161	161.388629454
14.0262069702	0	710	1490	1.97036	91.257743645
9.69128012657	0	720	1511	1.94575	132.077494746
11.5545380116	0	730	1534	2.11649	110.7789856
11.7640688419	0	740	1554	2.00603	108.805891669
7.86539316177	0	750	1573	2.20992	162.73820948
7.94431400299	0	760	1593	1.90974	161.121526606
14.7057108879	0	770	1613	1.73338	87.0410148653
20.5258350372	0	780	1633	1.78485	62.3604349191
18.4410510063	0	790	1657	1.92441	69.4103605896
12.5001070499	0	800	1683	2.08722	102.399123054
25.4797949791	0	810	1703	1.80585	50.2358830222
8.31156396866	0	820	1717	1.86598	154.002303878
8.08500504494	0	830	1738	1.89976	158.317773815
10.0626618862	0	840	1753	1.77099	127.202922494
13.1083300114	0	850	1773	2.08308	97.647831485
10.5768680573	0	860	1792	1.89534	121.018811341
19.1882750988	0	870	1821	1.8823	66.7074030057
7.92397284508	0	880	1838	2.03026	161.535132064
18.2999310493	0	890	1872	1.60575	69.945618732
14.8138051033	0	900	1891	1.87151	86.4058890389
21.5168528557	0	910	1918	1.65894	59.4882536301
12.64331007	0	920	1936	1.58248	101.23931098
7.92062401772	0	930	1951	1.63734	161.603428863
11.324409008	0	940	1972	1.58147	113.030181009
12.208439827	0	950	1988	1.84886	104.845501812
11.4795520306	0	960	2002	1.62743	111.502608864
19.0747690201	0	970	2016	1.77889	67.1043512324
10.5719101429	0	980	2041	1.75499	121.075565598
8.00748801231	0	990	2057	1.70736	159.850379798
12.6717808247	0	1000	2078	1.58652	101.011848114
15.1720230579	0	1010	2089	1.64657	84.3658090363
12.4449000359	0	1020	2110	1.71592	102.853377392
9.8165640831	0	1030	2130	1.37093	130.391854947
31.3431408405	0	1040	2149	1.57497	40.8382812212
12.0826251507	0	1050	2168	1.72367	105.937243276
18.1756539345	0	1060	2189	1.55382	70.4238760605
9.7570309639	0	1070	2211	1.60037	131.187448798
12.9408249855	0	1080	2235	1.73702	98.9117773738
11.9651100636	0	1090	2259	1.96435	106.977703774
8.85154795647	0	1100	2279	1.80208	144.60747502
7.94496798515	0	1110	2299	1.49821	161.108264047
9.03459692001	0	1120	2311	1.55792	141.677599049
11.7109072208	0	1130	2331	1.63746	109.299815622
13.0524849892	0	1140	2351	1.47798	98.0656174715
34.0038328171	0	1150	2368	1.44703	37.6428153522
15.1297869682	0	1160	2386	1.67959	84.601323382
7.79347610474	0	1170	2404	1.49478	164.239933862
16.370194912	0	1180	2431	1.32529	78.1908833025
17.8668320179	0	1190	2461	1.68177	71.6411280253
18.6687130928	0	1200	2488	1.47379	68.5639119117
13.0784389973	0	1210	2503	1.27931	97.871007409
10.5107779503	0	1220	2519	1.39545	121.779758459
10.2930030823	0	1230	2539	1.53787	124.356321451
8.48644304276	0	1240	2557	1.53314	150.828797595
30.5279238224	0	1250	2577	1.55727	41.9288258005
15.2557079792	0	1260	2599	1.52574	83.9030218555
8.10824608803	0	1270	2620	1.47467	157.863980213
10.6884379387	0	1280	2643	1.65472	119.755572081
10.1907360554	0	1290	2664	1.4595	125.604273631
11.5221309662	0	1300	2680	1.40141	111.090561612
10.0433590412	0	1310	2702	1.38132	127.447400292
9.96083807945	0	1320	2722	1.38124	128.503243381
7.91093087196	0	1330	2740	1.36102	161.801439137
27.3078761101	0	1340	2759	1.28819	46.8729239447
8.28248906136	0	1350	2773	1.3053	154.542914638
10.2162179947	0	1360	2792	1.30987	125.29098348
13.4321138859	0	1370	2811	1.37034	95.2940103751
12.2290201187	0	1380	2836	1.46943	104.669056684
9.91567397118	0	1390	2858	1.6691	129.0885525
9.73504090309	0	1400	2879	1.42929	131.483782425
16.7757301331	0	1410	2901	1.43795	76.3007028515
7.64653086662	0	1420	2920	1.33984	167.396172503
16.9485940933	0	1430	2942	1.49446	75.5224883523
8.27882695198	0	1440	2957	1.23264	154.611276141
7.92784786224	0	1450	2976	1.48126	161.456176032
17.6011810303	0	1460	3003	1.0542	72.7223927644
7.80833601952	0	1470	3023	1.26999	163.927371568
8.40738415718	0	1480	3042	1.55607	152.247117066
16.9975178242	0	1490	3066	1.33298	75.3051129724
12.706785202	0	1500	3084	1.2482	100.733582857
15.1505258083	0	1510	3111	1.17094	84.4855166212
9.19046211243	0	1520	3131	1.35619	139.274824741
16.2536480427	0	1530	3145	1.50169	78.7515514449
9.37491798401	0	1540	3163	1.28279	136.534527788
10.9822218418	0	1550	3185	1.33687	116.552007275
10.2172191143	0	1560	3199	1.14282	125.278707022
8.25797986984	0	1570	3216	1.23016	155.001588787
19.1171190739	0	1580	3236	1.35431	66.9556953145
28.2170119286	0	1590	3258	1.26361	45.3627054218
7.9387280941	0	1600	3272	1.36029	161.234896173
12.3936500549	0	1610	3295	1.35603	103.27869468
7.84462499619	0	1620	3311	1.24093	163.16904895
8.40791702271	0	1630	3323	1.2211	152.237468156
24.7922708988	0	1640	3340	1.10191	51.6289937789
12.3461999893	0	1650	3354	1.23106	103.675624978
21.604571104	0	1660	3374	1.25761	59.2467211608
15.6293878555	0	1670	3395	1.13312	81.8970014585
9.87573504448	0	1680	3417	1.24688	129.610605614
10.0344619751	0	1690	3433	1.2181	127.560401661
8.96474504471	0	1700	3453	1.37934	142.781528489
21.8984360695	0	1710	3473	1.18678	58.4516627552
8.00769996643	0	1720	3489	1.23307	159.846148753
10.0818591118	0	1730	3511	1.08101	126.960710897
13.5663359165	0	1740	3536	1.30049	94.351194595
7.71612000465	0	1750	3554	1.18821	165.886481707
9.67340397835	0	1760	3575	1.12	132.321569828
9.14944386482	0	1770	3593	1.24434	139.899213429
13.3168160915	0	1780	3613	1.05257	96.1190716461
13.8677260876	0	1790	3640	1.2284	92.3006404884
14.09836483	0	1800	3663	1.13743	90.7906707929
19.8780610561	0	1810	3689	1.15715	64.3925982713
14.588176012	0	1820	3708	1.0513	87.7422920414
14.2258360386	0	1830	3728	1.20237	89.9771371277
11.4645080566	0	1840	3751	1.33315	111.648924984
23.795361042	0	1850	3789	1.17932	53.7919974292
10.3829460144	0	1860	3811	1.35521	123.279076885
21.2888457775	0	1870	3840	1.25006	60.1253827181
14.1449491978	0	1880	3858	1.21854	90.4916646998
7.74277997017	0	1890	3875	1.12479	165.315300826
7.82319688797	0	1900	3890	0.969685	163.615976733
21.6952741146	0	1910	3911	1.26182	58.9990240841
13.0547690392	0	1920	3938	1.26701	98.0484600042
17.5179469585	0	1930	3956	1.24245	73.0679230294
9.30477404594	0	1940	3974	1.51394	137.563791843
13.3881127834	0	1950	3995	1.06047	95.6072017547
8.56594800949	0	1960	4013	1.06839	149.428877992
18.8224821091	0	1970	4032	1.06589	68.0037835915
13.9660799503	0	1980	4049	1.16695	91.6506281327
9.94175314903	0	1990	4070	1.1056	128.749927786
16.5442450047	0	2000	4098	1.55931	77.3682933032
20.8320438862	0	2010	4118	1.18067	61.4438029698
7.77988600731	0	2020	4135	0.977677	164.526832244
8.024269104	0	2030	4150	1.20678	159.51608594
7.93958497047	0	2040	4170	0.983144	161.217494965
11.50491786	0	2050	4186	1.30622	111.256769981
16.554557085	0	2060	4205	1.13605	77.32009944
17.7950940132	0	2070	4228	1.19232	71.92993749
9.26938986778	0	2080	4243	1.14856	138.088916127
19.6089839935	0	2090	4274	1.05473	65.276201991
7.81094121933	0	2100	4291	1.0681	163.872696524
7.41407084465	0	2110	4306	1.17955	172.644695043
17.8619480133	0	2120	4326	1.2541	71.6607169076
35.0423829556	0	2130	4361	1.03904	36.5271962704
11.9531800747	0	2140	4380	1.13697	107.084473923
7.82724499702	0	2150	4398	1.92003	163.531357519
7.54681396484	0	2160	4415	1.26527	169.607996959
7.57574605942	0	2170	4428	1.04245	168.960256846
13.5153930187	0	2180	4449	1.18243	94.7068278538
9.10637998581	0	2190	4464	1.16599	140.56079386
14.5316178799	0	2200	4491	1.23985	88.0837915352
7.89140915871	0	2210	4509	1.16399	162.201702416
10.4796388149	0	2220	4528	1.18213	122.141614096
10.8721370697	0	2230	4552	1.08519	117.732143349
12.3814060688	0	2240	4577	1.17723	103.380827096
13.4596459866	0	2250	4598	1.1988	95.0990836816
20.4732329845	0	2260	4615	0.921654	62.5206581182
13.5409450531	0	2270	4640	1.05539	94.5281141738
13.1131608486	0	2280	4664	1.30658	97.6118584052
14.5383820534	0	2290	4692	1.15325	88.0428093925
17.150452137	0	2300	4711	1.06949	74.6336008973
18.2735688686	0	2310	4728	1.04049	70.0465250768
17.1130321026	0	2320	4758	1.15462	74.7967976877
15.1991100311	0	2330	4779	1.07181	84.21545718
8.33993291855	0	2340	4793	1.09941	153.478452705
15.0318861008	0	2350	4809	1.03245	85.1523216328
11.3259148598	0	2360	4831	1.0075	113.015152934
9.68989992142	0	2370	4843	0.971575	132.096307535
12.2152261734	0	2380	4864	0.896397	104.78725337
18.9680588245	0	2390	4894	1.1243	67.4818657956
10.9716060162	0	2400	4918	0.947954	116.664779807
9.2146821022	0	2410	4939	1.02454	138.908752988
10.663038969	0	2420	4961	0.951325	120.040825483
18.8516011238	0	2430	4987	1.24257	67.8987419474
12.2388169765	0	2440	5009	1.15884	104.5852718
18.1398499012	0	2450	5032	1.09937	70.5628771446
7.43736100197	0	2460	5054	1.30231	172.104056756
7.22781610489	0	2470	5070	0.948321	177.093603576
20.7692890167	0	2480	5093	1.11083	61.6294567893
16.4935219288	0	2490	5114	1.07877	77.6062265856
10.7023189068	0	2500	5136	1.20911	119.600248427
18.3425340652	0	2510	5165	1.03662	69.7831605735
9.5352909565	0	2520	5181	0.897553	134.238169117
9.29627299309	0	2530	5200	1.14594	137.689588177
23.8725531101	0	2540	5225	0.876911	53.6180606278
20.0883638859	0	2550	5244	1.06117	63.718479378
14.7656879425	0	2560	5272	1.10838	86.6874611589
15.717097044	0	2570	5295	0.990346	81.4399756149
9.96448516846	0	2580	5314	1.00721	128.456210066
10.7548379898	0	2590	5336	0.920446	119.016204727
16.7659089565	0	2600	5361	1.08371	76.3453984701
13.3474948406	0	2610	5378	0.918359	95.8981453287
8.30163002014	0	2620	5390	1.16728	154.186587079
10.6604750156	0	2630	5410	0.875654	120.069696531
21.9173381329	0	2640	5427	1.23021	58.4012525719
9.15189194679	0	2650	5444	1.03966	139.86179114
20.2841939926	0	2660	5467	1.16953	63.1033207662
9.79589605331	0	2670	5486	1.0697	130.666964312
7.0484149456	0	2680	5502	0.974994	181.601113141
17.7304320335	0	2690	5530	1.21398	72.1922622968
7.31014108658	0	2700	5544	1.05932	175.099219679
8.70315098763	0	2710	5556	1.09523	147.073169456
15.4532577991	0	2720	5577	1.04783	82.8304307504
12.5367660522	0	2730	5594	0.826771	102.09969578
7.3519949913	0	2740	5611	0.966365	174.102403703
29.3802881241	0	2750	5631	1.14694	43.566625167
14.5142929554	0	2760	5654	0.981368	88.1889323809
7.41323304176	0	2770	5671	1.19101	172.664206398
9.33648300171	0	2780	5690	1.17298	137.096591914
7.6872549057	0	2790	5709	0.991822	166.509373723
12.3037970066	0	2800	5734	0.960886	104.032925715
7.41682004929	0	2810	5753	0.986537	172.580700556
7.97974395752	0	2820	5771	1.11252	160.406149222
10.1892590523	0	2830	5791	1.01831	125.622480833
10.0243668556	0	2840	5810	0.941038	127.688862393
9.56444120407	0	2850	5829	0.833811	133.829041623
7.51671290398	0	2860	5847	0.909601	170.287200849
21.2954449654	0	2870	5880	1.15469	60.1067506259
6.83559393883	0	2880	5895	1.02853	187.255125371
8.86783313751	0	2890	5914	0.977525	144.341913086
8.25925397873	0	2900	5935	1.02756	154.97767756
15.2761490345	0	2910	5954	1.0113	83.7907510007
12.1137030125	0	2920	5973	1.1137	105.665459908
19.6605329514	0	2930	5990	0.87893	65.1050509753
13.7902259827	0	2940	6018	1.2416	92.8193636282
11.9543840885	0	2950	6042	1.08037	107.073688659
24.2450478077	0	2960	6079	0.935392	52.7942864932
16.0831291676	0	2970	6100	1.05636	79.5865025186
19.2723119259	0	2980	6116	0.90447	66.4165256832
13.688587904	0	2990	6131	0.884875	93.5085495289
10.112650156	0	3000	6149	0.930658	126.574140334
11.3429248333	0	3010	6167	1.18776	112.845674181
20.805478096	0	3020	6186	0.956318	61.5222584212
12.7916340828	0	3030	6207	0.893812	100.065401474
20.7787048817	0	3040	6226	1.51434	61.6015294163
33.1686749458	0	3050	6245	1.48282	38.590628118
8.88581418991	0	3060	6262	1.3438	144.049827359
22.1903288364	0	3070	6287	1.27923	57.6827864713
20.8951649666	0	3080	6309	1.19829	61.2581906889
33.2507941723	0	3090	6335	1.28181	38.4953211453
29.5442609787	0	3100	6359	1.03858	43.324827144
7.47290301323	0	3110	6373	1.20067	171.285509491
9.01685905457	0	3120	6392	0.969714	141.956305655
7.97017979622	0	3130	6407	0.944755	160.598635505
13.8206021786	0	3140	6430	1.45453	92.6153566582
13.7149820328	0	3150	6447	0.928778	93.3285947398
25.8057279587	0	3160	6473	1.13945	49.6013909024
7.53935790062	0	3170	6490	1.08596	169.775731153
7.45167398453	0	3180	6508	0.744402	171.773483738
10.065333128	0	3190	6527	0.895432	127.169164073
10.8938148022	0	3200	6550	1.20776	117.497866748
11.9555230141	0	3210	6569	0.846405	107.063488439
15.5360250473	0	3220	6582	1.09762	82.3891565637
8.77210712433	0	3230	6602	1.25404	145.917050699
7.39947795868	0	3240	6618	1.11344	172.985176407
23.6835479736	0	3250	6641	0.90925	54.0459563502
11.6136300564	0	3260	6658	1.10784	110.215324045
7.68212199211	0	3270	6674	0.948302	166.620629211
9.55884099007	0	3280	6690	1.34234	133.907447705
7.86614084244	0	3290	6710	0.905541	162.72274113
31.2086820602	0	3300	6737	1.10576	41.0142279488
7.73882508278	0	3310	6756	1.01131	165.399784374
21.811095953	0	3320	6790	0.982333	58.6857259607
10.6685740948	0	3330	6810	1.04911	119.97854527
12.4109938145	0	3340	6833	1.35194	103.134367734
9.03015804291	0	3350	6852	0.941152	141.747242287
8.37073612213	0	3360	6873	0.990051	152.913672265
12.9902949333	0	3370	6897	1.07347	98.5350992083
13.6426169872	0	3380	6921	0.954362	93.8236411092
11.1415469646	0	3390	6941	1.12391	114.885303097
10.2857630253	0	3400	6963	1.05488	124.443854759
12.3691389561	0	3410	6983	0.891937	103.483355191
9.77033305168	0	3420	7003	1.19404	131.00884005
18.840157032	0	3430	7027	0.862479	67.939985735
14.2437849045	0	3440	7054	1.42946	89.8637552156
7.68622207642	0	3450	7073	0.981817	166.531748273
17.6260399818	0	3460	7097	1.17914	72.6198284651
10.3832581043	0	3470	7115	0.898813	123.275371482
7.51397299767	0	3480	7131	0.982494	170.349294627
11.1042129993	0	3490	7146	0.870261	115.271564052
7.91492700577	0	3500	7166	1.08049	161.719747898
17.7676689625	0	3510	7189	0.952201	72.0409639949
12.4004850388	0	3520	7210	0.991692	103.221768826
7.31727790833	0	3530	7223	1.07577	174.928438695
19.4784839153	0	3540	7242	1.04777	65.7135332279
15.5037560463	0	3550	7262	1.14629	82.5606386077
10.4575150013	0	3560	7280	1.03929	122.400015667
8.93241214752	0	3570	7299	0.906653	143.298358703
7.48469090462	0	3580	7318	0.998902	171.015746183
7.4816570282	0	3590	7337	1.06356	171.085094542
11.6923480034	0	3600	7354	1.11706	109.473306784
12.9947528839	0	3610	7374	1.00362	98.5012959796
17.7845141888	0	3620	7405	1.27976	71.9727278695
10.3956358433	0	3630	7420	0.959686	123.128591584
14.3058030605	0	3640	7442	0.923428	89.474180134
10.6719250679	0	3650	7457	0.964628	119.940872135
25.8412849903	0	3660	7473	0.978517	49.5331404951
11.9164788723	0	3670	7502	1.07354	107.414280151
19.1118221283	0	3680	7521	0.948276	66.97425245
12.3531668186	0	3690	7540	0.993492	103.61715492
19.2448630333	0	3700	7565	0.998629	66.511255382
10.5804021358	0	3710	7578	0.934326	120.978388493
19.1569609642	0	3720	7594	0.9856	66.8164435054
7.73954296112	0	3730	7610	0.885842	165.38444278
12.4849169254	0	3740	7630	1.0914	102.523709821
21.3717520237	0	3750	7663	0.781868	59.8921416728
7.60670518875	0	3760	7676	0.962278	168.272592172
16.6265599728	0	3770	7694	0.979739	76.9852574493
7.81032586098	0	3780	7716	1.18974	163.885607692
8.64986109734	0	3790	7736	0.91297	147.97925488
9.29348492622	0	3800	7756	0.925876	137.73089537
9.66108798981	0	3810	7771	0.735059	132.490253825
7.9904229641	0	3820	7786	1.0403	160.191770292
13.3369991779	0	3830	7811	0.959878	95.9736131736
8.44114279747	0	3840	7827	1.22382	151.63823557
7.91205906868	0	3850	7844	0.890529	161.778367539
12.8498680592	0	3860	7862	0.784419	99.6119177339
7.56211590767	0	3870	7878	1.18243	169.264795148
8.29605317116	0	3880	7891	0.806757	154.290235802
10.7686889172	0	3890	7908	1.18558	118.863123436
9.22683501244	0	3900	7929	1.13568	138.725792569
7.98039507866	0	3910	7949	1.00232	160.39306167
12.032337904	0	3920	7968	0.979013	106.379991172
8.97055888176	0	3930	7987	0.895228	142.688991497
11.1025540829	0	3940	8006	0.801218	115.288787647
12.2477369308	0	3950	8020	1.06862	104.509102965
14.5161921978	0	3960	8043	0.834041	88.1773940823
7.64289689064	0	3970	8058	0.978865	167.475764532
7.63725590706	0	3980	8079	0.991017	167.599464464
14.6413710117	0	3990	8101	0.936425	87.4235069226
9.26329708099	0	4000	8122	1.12104	138.179741922
18.6599459648	0	4010	8149	0.997672	68.5961257559
10.7873170376	0	4020	8170	0.949986	118.657864188
7.5767018795	0	4030	8187	0.96334	168.938942083
22.1023740768	0	4040	8206	0.932729	57.9123308451
29.6156730652	0	4050	8225	0.796252	43.2203582604
8.95202207565	0	4060	8243	0.838343	142.984455264
8.65115690231	0	4070	8263	0.787043	147.957089954
7.92909693718	0	4080	8280	1.04476	161.430741753
7.47029399872	0	4090	8298	1.08179	171.345331284
8.21632504463	0	4100	8318	1.04812	155.787410192
14.9122040272	0	4110	8334	1.04317	85.8357354599
10.0074720383	0	4120	8354	1.03339	127.904429321
8.59997701645	0	4130	8374	0.965175	148.837607072
34.2349598408	0	4140	8401	1.13105	37.3886812181
14.4685611725	0	4150	8435	1.04957	88.4676772445
7.59463596344	0	4160	8453	1.02837	168.540007205
7.60677886009	0	4170	8472	0.957627	168.270962459
22.8103721142	0	4180	8493	1.0455	56.1148232739
7.79817891121	0	4190	8511	1.02814	164.140886555
7.75206017494	0	4200	8529	1.03897	165.117397326
18.2205967903	0	4210	8549	0.789573	70.2501687914
14.6912300587	0	4220	8570	1.0863	87.1268093201
7.68727707863	0	4230	8581	1.02737	166.508893449
17.2118690014	0	4240	8603	1.03944	74.3672868935
7.46847105026	0	4250	8621	1.08385	171.387154263
8.79058384895	0	4260	8634	0.969963	145.610351029
7.63879299164	0	4270	8650	0.958036	167.565739954
11.6083781719	0	4280	8667	0.891056	110.265187871
10.1496818066	0	4290	8687	0.850877	126.112327893
9.79084205627	0	4300	8708	0.906614	130.734414123
12.7104589939	0	4310	8725	1.03526	100.704467133
24.2908790112	0	4320	8745	0.891321	52.694676031
14.7608270645	0	4330	8761	0.980294	86.7160081482
10.2760579586	0	4340	8777	0.89745	124.561383865
8.14418697357	0	4350	8795	1.21106	157.167315062
11.3591809273	0	4360	8815	1.16699	112.684181033
21.4662041664	0	4370	8837	0.885541	59.6286138936
8.03737401962	0	4380	8856	0.898524	159.255995413
8.20385503769	0	4390	8876	1.07662	156.024209853
14.6367409229	0	4400	8895	0.920109	87.4511618905
18.0321209431	0	4410	8924	1.0733	70.9844396031
23.2961359024	0	4420	8950	0.82507	54.9447344127
9.89317512512	0	4430	8971	0.944116	129.382122909
7.66582298279	0	4440	8991	0.97396	166.974896612
12.991161108	0	4450	9015	1.02039	98.5285294638
11.4174609184	0	4460	9035	0.800165	112.108988955
20.7764499187	0	4470	9055	0.967888	61.6082153114
9.50043511391	0	4480	9077	1.12768	134.730671243
20.0326249599	0	4490	9095	0.954341	63.8957701529
8.71076607704	0	4500	9114	0.884905	146.944595766
12.3904178143	0	4510	9137	0.878968	103.305636597
11.7791860104	0	4520	9158	0.931939	108.666252394
9.27505517006	0	4530	9180	0.769987	138.004569949
7.67939782143	0	4540	9200	0.906198	166.679735803
8.51557397842	0	4550	9218	0.936873	150.312827208
9.22529411316	0	4560	9238	0.899266	138.748963914
7.79633498192	0	4570	9257	0.913173	164.179707897
9.9141960144	0	4580	9275	0.908553	129.10779635
18.2186899185	0	4590	9291	0.807802	70.257521574
7.40746903419	0	4600	9310	0.846355	172.798562382
7.35911607742	0	4610	9327	0.818102	173.933932626
12.898868084	0	4620	9345	0.798299	99.2335134889
19.493737936	0	4630	9368	0.834735	65.6621118126
31.9738519192	0	4640	9387	0.897275	40.0327118308
17.5517849922	0	4650	9405	0.798274	72.9270555996
12.4568519592	0	4660	9423	0.946443	102.754693095
9.00482201576	0	4670	9445	0.81959	142.146063271
13.6252839565	0	4680	9465	0.991266	93.9429962769
7.68978214264	0	4690	9484	0.955338	166.454650633
10.4269590378	0	4700	9506	0.866783	122.758706097
19.07011199	0	4710	9532	0.943906	67.1207384976
9.87507104874	0	4720	9549	0.818522	129.619320578
13.357200861	0	4730	9573	1.16908	95.8284608671
15.1386539936	0	4740	9587	0.837647	84.5517706224
31.6528670788	0	4750	9614	0.966808	40.4386748541
14.0315179825	0	4760	9636	0.9329	91.2232020511
13.9307060242	0	4770	9652	0.883686	91.8833544961
18.7860000134	0	4780	9672	0.899129	68.1358457942
10.1778869629	0	4790	9694	1.04853	125.762842982
13.2978079319	0	4800	9710	0.888761	96.2564662202
7.86053299904	0	4810	9723	0.878999	162.838830415
11.17030406	0	4820	9738	0.957232	114.589539651
22.319341898	0	4830	9757	0.8716	57.3493611887
8.23808813095	0	4840	9776	1.27233	155.375856589
8.60930085182	0	4850	9797	0.95453	148.676416591
8.98970913887	0	4860	9812	0.871326	142.385029396
8.79709601402	0	4870	9827	0.833273	145.502561068
8.94223093987	0	4880	9842	0.875481	143.141013535
8.74822711945	0	4890	9863	0.837547	146.315359961
16.2718110085	0	4900	9882	1.21885	78.6636471709
18.7777488232	0	4910	9910	0.947842	68.1657855824
14.1596651077	0	4920	9935	0.929378	90.3976181825
10.8396799564	0	4930	9957	0.923173	118.084667181
11.9667220116	0	4940	9984	0.877817	106.963293604
8.38429903984	0	4950	10001	0.776127	152.666310435
8.94989705086	0	4960	10026	0.744101	143.018404874
18.1976218224	0	4970	10049	0.853003	70.3388614455
7.02749204636	0	4980	10068	0.726484	182.14179277
9.98911309242	0	4990	10096	0.917697	128.139504294
15.5429878235	0	5000	10126	0.954574	82.3522487784
7.45800018311	0	5010	10143	0.689128	171.627778034
13.6960999966	0	5020	10168	0.853536	93.4572615796
13.0397789478	0	5030	10195	0.996353	98.1611732163
18.7682039738	0	5040	10218	1.0736	68.2004523069
5.04931807518	0	5050	10237	0.981799	253.499577753
7.33640885353	0	5060	10260	1.03583	174.472282769
14.9477031231	0	5070	10290	0.808629	85.6318853445
12.1245470047	0	5080	10306	0.872531	105.570954486
10.2175140381	0	5090	10324	0.757702	125.27509091
5.88493895531	0	5100	10340	0.791883	217.504380202
5.94960093498	0	5110	10356	1.00668	215.140479839
5.73302602768	0	5120	10366	0.903489	223.267781067
5.09204006195	0	5130	10382	0.877517	251.372727714
12.3954908848	0	5140	10403	0.875108	103.263356966
11.7836480141	0	5150	10420	0.774788	108.625104761
11.5586819649	0	5160	10450	0.900354	110.739269745
4.97091507912	0	5170	10462	1.00123	257.497860983
6.42491602898	0	5180	10478	0.916797	199.224393631
10.8543300629	0	5190	10504	0.870487	117.925288119
10.2092549801	0	5200	10529	1.09255	125.376435646
17.9842908382	0	5210	10552	0.793994	71.1732262069
5.39149999619	0	5220	10567	1.02516	237.410739294
11.5877330303	0	5230	10592	0.846867	110.461640482
6.04715394974	0	5240	10612	0.984974	211.669821976
7.13565802574	0	5250	10628	0.856585	179.380793668
5.01710009575	0	5260	10642	0.957166	255.127459204
5.78835010529	0	5270	10660	1.00781	221.133825135
5.18951177597	0	5280	10674	0.882708	246.651333547
6.92597603798	0	5290	10688	1.02526	184.811497034
10.6702649593	0	5300	10707	0.950247	119.959532859
10.1223649979	0	5310	10724	0.986964	126.452662028
10.1448101997	0	5320	10752	1.14403	126.17288789
5.13089895248	0	5330	10772	1.0129	249.468955022
5.14857387543	0	5340	10786	0.8156	248.612534455
5.16488814354	0	5350	10806	1.0293	247.827245127
12.5706028938	0	5360	10828	0.906153	101.824869564
14.0516819954	0	5370	10858	0.771711	91.0922977349
12.1224560738	0	5380	10878	0.75588	105.589163797
5.9133439064	0	5390	10896	0.955099	216.459590421
5.49039506912	0	5400	10916	0.932729	233.134407249
5.06896805763	0	5410	10932	0.805086	252.51688025
7.0661740303	0	5420	10951	0.758581	181.144703557
19.9682948589	0	5430	10983	0.977308	64.1016175413
9.00760793686	0	5440	11011	1.1138	142.102099578
7.08957409859	0	5450	11031	0.867202	180.546811727
8.09131097794	0	5460	11052	0.717764	158.194389449
7.89384913445	0	5470	11076	0.941801	162.151566137
9.92712283134	0	5480	11095	0.884131	128.93967585
5.04297709465	0	5490	11112	0.897027	253.818325163
6.8440580368	0	5500	11130	1.01151	187.023545551
6.39091086388	0	5510	11150	0.905884	200.284439458
10.5961620808	0	5520	11180	0.836024	120.798454218
5.15519595146	0	5530	11192	0.786379	248.293180715
10.7059209347	0	5540	11215	1.21171	119.560008691
19.2501401901	0	5550	11250	0.93499	66.4930222512
14.3493068218	0	5560	11278	0.666272	89.2029152275
7.9019742012	0	5570	11302	1.05226	161.984836625
10.542527914	0	5580	11326	0.945416	121.413005537
5.10533308983	0	5590	11344	0.94578	250.718215145
5.47576498985	0	5600	11364	0.986305	233.757292793
5.14725780487	0	5610	11380	0.879005	248.676100659
7.79756116867	0	5620	11396	0.774943	164.153890212
5.03027701378	0	5630	11410	0.923545	254.459147378
7.77605199814	0	5640	11428	0.813715	164.607952764
7.41766285896	0	5650	11446	0.877802	172.561091591
21.4235780239	0	5660	11471	0.793388	59.7472559706
13.8868060112	0	5670	11488	1.02558	92.1738230496
5.24946594238	0	5680	11507	0.931352	243.83432792
5.10618710518	0	5690	11522	1.00791	250.67628225
5.91334986687	0	5700	11536	0.925654	216.459372237
11.6698861122	0	5710	11556	0.781971	109.684018138
14.6878969669	0	5720	11581	0.979835	87.1465808129
8.9067440033	0	5730	11602	0.868189	143.711327004
13.7002410889	0	5740	11620	0.791502	93.429012796
6.22792005539	0	5750	11642	0.908877	205.526080717
5.71430277824	0	5760	11661	1.01233	223.999331095
12.3999211788	0	5770	11686	0.841263	103.226462615
5.10797095299	0	5780	11698	0.868537	250.588739008
10.5177609921	0	5790	11714	0.848188	121.698905401
7.91959691048	0	5800	11748	0.939962	161.624387512
12.0690009594	0	5810	11775	0.893222	106.056831407
9.8833220005	0	5820	11791	1.00907	129.511109719
11.4172961712	0	5830	11811	0.787631	112.110606645
11.5907428265	0	5840	11830	0.946628	110.432956642
5.31991219521	0	5850	11840	0.861958	240.605474871
10.9844338894	0	5860	11861	1.03262	116.528536007
8.89310193062	0	5870	11886	0.842523	143.931781058
7.11306118965	0	5880	11910	0.898052	179.95065217
5.24019598961	0	5890	11930	0.848674	244.26567299
23.5333449841	0	5900	11962	0.73808	54.3909079167
10.4439120293	0	5910	11994	0.923617	122.55943907
5.60036087036	0	5920	12007	0.941132	228.556700118
6.16459012032	0	5930	12027	1.07399	207.637486843
14.7868418694	0	5940	12049	0.834903	86.563446834
15.094260931	0	5950	12081	0.784756	84.8004420919
8.2792840004	0	5960	12099	0.826811	154.602741003
5.97193813324	0	5970	12116	0.811917	214.335777003
6.57274103165	0	5980	12134	0.884573	194.743714051
4.97698783875	0	5990	12150	0.960106	257.183670419
5.20718502998	0	6000	12170	0.980478	245.814195699
9.86430501938	0	6010	12190	0.821417	129.760788772
6.12204909325	0	6020	12204	0.899522	209.0803227
6.14810204506	0	6030	12215	0.969749	208.19433227
5.14966583252	0	6040	12226	0.942169	248.559817594
5.27029705048	0	6050	12239	0.86042	242.870560756
11.667509079	0	6060	12266	1.0759	109.706364172
15.3552279472	0	6070	12294	0.841781	83.3592314226
6.08826994896	0	6080	12314	0.902494	210.240349185
8.7826089859	0	6090	12337	0.846712	145.742569441
19.4620521069	0	6100	12361	0.864705	65.7690151569
5.28934788704	0	6110	12378	0.899594	241.995805029
8.44472408295	0	6120	12393	0.959251	151.573927985
6.52641892433	0	6130	12412	0.848501	196.125932895
13.4879231453	0	6140	12437	0.909781	94.8997103714
10.2837040424	0	6150	12461	0.898727	124.468770661
8.85012292862	0	6160	12480	1.02307	144.630759406
11.3060789108	0	6170	12498	0.895637	113.213432358
9.03950309753	0	6180	12516	0.968265	141.600703732
10.7543079853	0	6190	12536	0.8434	119.022070202
17.7793610096	0	6200	12558	0.997328	71.9935884821
9.52763199806	0	6210	12579	0.895439	134.346078885
5.20580291748	0	6220	12593	0.907448	245.879458037
5.06495308876	0	6230	12608	0.781281	252.717049412
5.41101193428	0	6240	12627	0.848525	236.554643669
7.25283098221	0	6250	12646	0.795411	176.482811076
21.029253006	0	6260	12675	0.978515	60.8675923789
5.25455498695	0	6270	12692	0.761975	243.598173999
4.88207912445	0	6280	12711	0.925695	262.183378714
17.8750488758	0	6290	12746	0.848576	71.6081958093
4.99664115906	0	6300	12764	0.96771	256.17208826
12.9030849934	0	6310	12790	0.814956	99.2010825828
5.20018100739	0	6320	12809	0.917536	246.145278055
6.36505198479	0	6330	12828	0.901215	201.09812191
5.92067193985	0	6340	12848	0.888073	216.191677736
10.1894390583	0	6350	12865	0.922724	125.620261594
16.1230378151	0	6360	12890	0.759761	79.3895055435
11.1263520718	0	6370	12916	0.766017	115.042198175
6.20363306999	0	6380	12933	0.905778	206.330707435
5.41716384888	0	6390	12951	0.911365	236.28600421
7.08139514923	0	6400	12970	0.935355	180.755341712
5.44286203384	0	6410	12984	0.858188	235.170392349
5.17244791985	0	6420	12995	1.02364	247.465033933
17.8918790817	0	6430	13029	0.733991	71.54083672
9.69753885269	0	6440	13048	0.788984	131.992252822
5.14609217644	0	6450	13064	1.13459	248.732427659
7.05367779732	0	6460	13082	0.867456	181.465617906
4.94930005074	0	6470	13101	0.877236	258.622428804
6.83684301376	0	6480	13116	0.960483	187.220914306
12.3326399326	0	6490	13142	0.872525	103.78961901
6.61464309692	0	6500	13161	0.686874	193.510062636
9.17897295952	0	6510	13184	0.843812	139.449152497
12.1432390213	0	6520	13200	0.923974	105.408449735
8.02237606049	0	6530	13220	0.932758	159.553727019
15.9928488731	0	6540	13242	0.824282	80.0357716223
16.244423151	0	6550	13260	1.10399	78.7962729178
20.7759099007	0	6560	13308	0.825128	61.6098166636
7.85282802582	0	6570	13330	0.770212	162.998603279
8.54310297966	0	6580	13347	1.08995	149.828464324
11.3195381165	0	6590	13364	1.05752	113.078818838
5.16591882706	0	6600	13378	0.87356	247.777799623
24.1488389969	0	6610	13426	1.142	53.0046185726
11.5823411942	0	6620	13452	0.930132	110.513062821
7.08796882629	0	6630	13472	0.915952	180.587701691
5.14131903648	0	6640	13492	0.905183	248.963347911
5.08006906509	0	6650	13511	1.00875	251.965078348
12.0097179413	0	6660	13532	0.68914	106.580354864
6.86219501495	0	6670	13544	0.755028	186.529236959
6.3822760582	0	6680	13557	0.713359	200.555411319
5.09718489647	0	6690	13576	0.846812	251.119005098
7.5401570797	0	6700	13599	1.21739	169.757736672
14.2162048817	0	6710	13624	0.85219	90.0380946008
6.68880105019	0	6720	13644	0.739424	191.364639252
7.05172395706	0	6730	13667	1.05007	181.515897076
10.9626891613	0	6740	13693	0.917126	116.759672847
5.97253203392	0	6750	13712	0.854311	214.314463737
10.2928118706	0	6760	13736	0.821862	124.358631645
9.86974096298	0	6770	13760	1.03023	129.689320601
5.13958716393	0	6780	13776	0.725912	249.047240406
8.98270988464	0	6790	13800	0.842462	142.495974649
18.562967062	0	6800	13820	0.955891	68.9544939516
10.6868758202	0	6810	13855	0.859039	119.773076953
19.4404571056	0	6820	13882	0.838436	65.8420732108
11.9944660664	0	6830	13908	0.771113	106.715879883
7.33694791794	0	6840	13928	0.865448	174.459463842
13.4965999126	0	6850	13951	1.06673	94.8387007309
5.09685611725	0	6860	13970	0.908491	251.13520385
5.13770890236	0	6870	13990	0.82301	249.138287966
5.30674099922	0	6880	14007	0.828238	241.202651531
5.07928919792	0	6890	14021	0.747566	252.003764724
10.8398909569	0	6900	14050	0.888467	118.082368641
5.22458982468	0	6910	14068	0.922643	244.995309288
7.71611022949	0	6920	14092	0.917312	165.88669186
14.8184399605	0	6930	14120	0.814863	86.3788633226
18.2287449837	0	6940	14154	0.841797	70.2187671804
5.8452630043	0	6950	14174	0.631119	218.98073689
17.8330738544	0	6960	14196	0.709163	71.7767453019
5.16566205025	0	6970	14220	0.897598	247.790116262
5.24514293671	0	6980	14239	0.850511	244.035294261
12.7081210613	0	6990	14256	1.10783	100.722993889
10.267234087	0	7000	14276	0.971101	124.668434474
5.25959086418	0	7010	14294	0.804214	243.364937132
7.70140910149	0	7020	14312	0.923227	166.203350988
13.7302210331	0	7030	14334	1.04525	93.2250105016
31.2095458508	0	7040	14380	0.792921	41.0130927929
10.0886540413	0	7050	14404	0.730732	126.875200077
4.99004101753	0	7060	14420	0.864136	256.510917546
6.04359793663	0	7070	14434	0.896428	211.794367101
6.72786521912	0	7080	14456	0.850129	190.253514051
5.45860791206	0	7090	14475	0.875035	234.49202079
5.84147787094	0	7100	14490	0.829308	219.122630998
5.32930016518	0	7110	14509	0.935884	240.181629919
5.21300601959	0	7120	14526	0.931438	245.539712632
5.06931495667	0	7130	14546	0.886011	252.49960023
5.68362188339	0	7140	14557	0.979263	225.208507227
5.29915809631	0	7150	14572	0.900484	241.547803771
10.7843179703	0	7160	14590	0.827737	118.690862373
6.07131099701	0	7170	14608	0.78251	210.82761213
5.08792495728	0	7180	14626	1.02046	251.57603753
15.7859630585	0	7190	14653	1.06302	81.0846950078
5.68711805344	0	7200	14670	0.995059	225.070059734
5.84276485443	0	7210	14684	0.938738	219.074364944
5.0419781208	0	7220	14701	0.836008	253.868614526
13.6882090569	0	7230	14719	0.766541	93.5111375552
8.31509780884	0	7240	14736	0.829566	153.936854313
10.7408931255	0	7250	14748	0.821111	119.170723053
9.34127306938	0	7260	14770	0.882472	137.026290795
10.3871119022	0	7270	14786	0.835504	123.22963419
5.19768404961	0	7280	14806	0.991551	246.26352579
22.0473709106	0	7290	14836	0.802333	58.0568089133
11.3232250214	0	7300	14861	0.848474	113.041999747
10.5140039921	0	7310	14880	0.932058	121.742392429
6.45543503761	0	7320	14902	0.788869	198.282531315
17.7174499035	0	7330	14922	0.838288	72.2451598268
5.10910415649	0	7340	14936	0.733529	250.53315822
12.4344079494	0	7350	14959	0.835479	102.940164518
5.14653205872	0	7360	14975	0.776506	248.711168102
7.40964889526	0	7370	14990	0.869824	172.747726389
5.80006814003	0	7380	15009	0.889001	220.687062479
9.06488490105	0	7390	15027	0.808393	141.204219797
15.0129609108	0	7400	15047	0.799234	85.2596638069
11.0872051716	0	7410	15078	0.779017	115.448391203
9.60690188408	0	7420	15097	0.988848	133.237542701
5.23895311356	0	7430	15117	1.04078	244.323621963
15.0641570091	0	7440	15151	0.975499	84.9699056658
6.21080994606	0	7450	15173	0.799438	206.092282829
8.80630302429	0	7460	15190	1.01144	145.350437802
9.07599592209	0	7470	15212	1.09366	141.031354684
9.73881697655	0	7480	15232	0.949646	131.432801652
5.29006409645	0	7490	15246	0.742733	241.963041782
8.95012688637	0	7500	15271	0.857254	143.014732221
10.2617051601	0	7510	15297	0.849058	124.735604856
8.92663383484	0	7520	15319	1.00257	143.391117378
5.02708601952	0	7530	15331	0.788481	254.620667924
5.0689599514	0	7540	15342	0.797408	252.517284073
5.6508731842	0	7550	15352	1.11002	226.513665813
18.8198568821	0	7560	15370	1.00938	68.0132696024
24.7590000629	0	7570	15420	0.790913	51.6983721776
5.49665093422	0	7580	15439	0.976503	232.869071607
5.0355360508	0	7590	15454	0.834021	254.193394127
5.74764108658	0	7600	15468	0.828823	222.700057418
10.1451609135	0	7610	15491	0.940433	126.168526149
18.7180600166	0	7620	15511	0.878909	68.3831550312
8.26276993752	0	7630	15530	0.825174	154.911731741
9.11442494392	0	7640	15555	0.979369	140.436726165
15.7135071754	0	7650	15574	0.862239	81.458581188
5.58029484749	0	7660	15590	0.869866	229.378560629
21.9162559509	0	7670	15611	0.95348	58.4041363117
7.48658800125	0	7680	15630	1.12281	170.972410901
15.1551730633	0	7690	15656	0.835317	84.4596095772
9.07246112823	0	7700	15675	0.871029	141.086303034
9.7365758419	0	7710	15690	0.785881	131.463054444
8.49034810066	0	7720	15709	1.12196	150.75942527
5.93478894234	0	7730	15726	0.832197	215.677425505
4.97707390785	0	7740	15738	0.789973	257.179222913
11.1332662106	0	7750	15750	0.78993	114.970753038
8.73927783966	0	7760	15770	0.910002	146.46519123
9.80552315712	0	7770	15790	0.885485	130.538674938
14.1620168686	0	7780	15816	1.05247	90.3826066497
23.3916871548	0	7790	15854	0.891834	54.7202940742
7.65689086914	0	7800	15879	1.11171	167.169680472
5.95705699921	0	7810	15900	0.785461	214.871202369
6.35866212845	0	7820	15920	0.815487	201.300206575
6.80223178864	0	7830	15938	0.866014	188.173534771
9.671200037	0	7840	15951	0.667877	132.351724202
5.04994297028	0	7850	15971	1.14506	253.468208955
9.5134100914	0	7860	15994	0.784739	134.546917215
6.71339607239	0	7870	16010	0.766985	190.663560767
7.0401058197	0	7880	16028	1.02339	181.815448912
5.47240614891	0	7890	16044	0.78135	233.90076781
5.12723493576	0	7900	16059	0.917913	249.647230142
13.5863480568	0	7910	16080	0.951347	94.2122191077
9.94791603088	0	7920	16103	0.796718	128.670165292
16.7376878262	0	7930	16130	0.848807	76.4741231462
8.28837609291	0	7940	16152	0.895358	154.433146572
6.89539504051	0	7950	16170	0.85013	185.631133891
24.5697910786	0	7960	16190	0.824556	52.0964950783
5.42966294289	0	7970	16209	0.971982	235.742073396
7.81767702103	0	7980	16224	0.954519	163.731501897
17.054792881	0	7990	16260	0.906945	75.0522160504
10.9831800461	0	8000	16282	0.68634	116.541838942
8.23719906807	0	8010	16300	0.792027	155.39262672
15.7104418278	0	8020	16332	0.91701	81.4744750041
16.7262949944	0	8030	16367	1.07059	76.5262121965
19.1492481232	0	8040	16386	1.04686	66.8433555076
8.44763207436	0	8050	16408	0.829079	151.521750561
5.35663199425	0	8060	16424	0.857882	238.956120446
19.3791308403	0	8070	16458	0.8857	66.0504338687
20.1896810532	0	8080	16480	1.01735	63.398723171
9.19910907745	0	8090	16499	0.827624	139.143909396
11.510226965	0	8100	16516	1.00284	111.205452672
15.457326889	0	8110	16552	0.789319	82.808625915
11.1220300198	0	8120	16582	0.827024	115.086903895
5.2358109951	0	8130	16602	0.806872	244.470245621
5.22493505478	0	8140	16616	0.785736	244.979121574
5.12731003761	0	8150	16632	0.731551	249.643573455
4.99921607971	0	8160	16652	0.948179	256.040143013
6.21561598778	0	8170	16670	0.745201	205.93292805
5.23223996162	0	8180	16687	0.85244	244.637097952
13.4300918579	0	8190	16714	0.942737	95.308357794
6.31860899925	0	8200	16735	1.04497	202.576231596
9.75033712387	0	8210	16753	0.959454	131.277512125
11.1737458706	0	8220	16778	0.862273	114.554243029
14.5330581665	0	8230	16814	0.893405	88.0750620644
9.20979595184	0	8240	16834	0.857972	138.982449415
7.32939195633	0	8250	16854	0.802041	174.63931628
12.9523079395	0	8260	16874	0.852913	98.8240864853
19.4896681309	0	8270	16894	0.974024	65.6758232826
7.29255890846	0	8280	16917	0.775951	175.521379541
15.9692499638	0	8290	16954	0.827644	80.1540462392
10.0156891346	0	8300	16974	0.807241	127.799493654
5.78469586372	0	8310	16994	0.975189	221.273517252
4.90608406067	0	8320	17009	0.752361	260.900543931
19.0206251144	0	8330	17028	0.871851	67.2953697525
6.80965995789	0	8340	17049	1.0057	187.968269769
9.64239096642	0	8350	17072	1.06044	132.747158299
5.11232304573	0	8360	17092	0.924473	250.375414181
10.0629048347	0	8370	17108	0.730772	127.199851437
7.93658518791	0	8380	17124	0.965547	161.278430168
5.25750184059	0	8390	17136	1.00496	243.461636117
14.4319691658	0	8400	17160	0.879715	88.6919855007
7.83550786972	0	8410	17177	0.86494	163.358906823
5.17396807671	0	8420	17196	0.78786	247.392326552
12.8891830444	0	8430	17215	1.06208	99.3080783776
6.53561091423	0	8440	17232	0.838061	195.850092179
7.31713604927	0	8450	17249	0.752272	174.931830074
8.29445290565	0	8460	17265	1.02248	154.320003327
7.2866101265	0	8470	17286	0.790274	175.664675038
22.8863279819	0	8480	17308	0.780791	55.9285876271
5.37049794197	0	8490	17328	1.00772	238.339165908
24.4733400345	0	8500	17354	0.84975	52.3018107948
14.9944040775	0	8510	17388	0.912631	85.3651797952
13.1855838299	0	8520	17412	0.786904	97.0757166702
17.0126349926	0	8530	17452	0.8724	75.2381979956
11.2993581295	0	8540	17477	1.21945	113.280770937
5.26343989372	0	8550	17496	0.782494	243.186970089
9.183355093	0	8560	17519	0.845927	139.382609845
7.30393886566	0	8570	17538	1.01034	175.247907128
5.30097603798	0	8580	17555	1.07716	241.464966231
5.32004714012	0	8590	17572	0.981324	240.599371826
8.81002187729	0	8600	17588	0.78291	145.289083027
46.2465820312	0	8610	17634	0.801817	27.6777211154
8.46386694908	0	8620	17651	0.686381	151.231110756
10.6461679935	0	8630	17672	0.97847	120.231054101
7.24729394913	0	8640	17696	0.924744	176.617646391
8.90703701973	0	8650	17723	0.902317	143.706599306
6.13977313042	0	8660	17742	0.73136	208.476758475
5.13039398193	0	8670	17758	0.807029	249.493509564
5.1842520237	0	8680	17777	0.797644	246.901576958
12.1038968563	0	8690	17797	0.866133	105.751066388
12.2546730042	0	8700	17818	0.859277	104.449951424
13.5660970211	0	8710	17848	0.810282	94.3528560948
11.5197401047	0	8720	17870	0.733691	111.113617874
7.12852787971	0	8730	17882	1.1456	179.56021518
8.3718020916	0	8740	17899	0.858283	152.894201988
6.58604693413	0	8750	17916	0.806392	194.350270018
10.0332920551	0	8760	17934	0.92924	127.575275689
5.34191894531	0	8770	17952	0.884741	239.614268413
6.50602912903	0	8780	17968	1.02737	196.740588555
5.12374901772	0	8790	17978	0.841033	249.817076436
9.7375638485	0	8800	18000	0.879683	131.449715752
10.1538670063	0	8810	18012	0.849769	126.060347177
15.1651380062	0	8820	18034	0.920534	84.4041115535
8.52485394478	0	8830	18050	0.770344	150.149200009
5.27941513062	0	8840	18064	0.948137	242.451098906
13.8974809647	0	8850	18086	0.759493	92.1030223574
5.18531298637	0	8860	18105	0.848458	246.851058627
7.76346111298	0	8870	18126	0.931504	164.874916145
10.1342480183	0	8880	18148	0.777968	126.304388613
16.8393878937	0	8890	18181	0.883767	76.0122641085
5.10350608826	0	8900	18200	0.885865	250.807969632
9.34783697128	0	8910	18221	0.872585	136.930073121
10.7189068794	0	8920	18234	0.845976	119.415161863
6.99320411682	0	8930	18257	0.913228	183.034840485
16.9425530434	0	8940	18288	0.859867	75.5494167097
9.55041098595	0	8950	18306	0.877826	134.025645795
18.6849348545	0	8960	18337	0.882468	68.5043865535
10.4925739765	0	8970	18354	1.0884	121.991038888
8.34029817581	0	8980	18372	0.953724	153.471731228
10.2500479221	0	8990	18394	0.881494	124.877464937
12.9680130482	0	9000	18418	1.05311	98.7044040783
5.10997605324	0	9010	18438	0.967978	250.490410652
9.57722496986	0	9020	18463	0.863929	133.650405418
5.2171049118	0	9030	18482	0.913732	245.346800886
11.7501780987	0	9040	18509	1.03739	108.934519056
6.13513493538	0	9050	18522	0.839503	208.634368026
14.1323058605	0	9060	18543	0.89862	90.572622234
16.3074781895	0	9070	18574	0.892966	78.4915966239
10.7435128689	0	9080	18590	0.925356	119.141663962
8.78854203224	0	9090	18609	1.0257	145.644180264
5.1414399147	0	9100	18626	0.924522	248.957494639
13.0544760227	0	9110	18644	0.885163	98.0506607674
5.32648611069	0	9120	18658	0.983865	240.308521115
11.7305049896	0	9130	18679	0.89451	109.117212015
11.7162120342	0	9140	18693	0.74639	109.250327346
9.77345895767	0	9150	18706	0.77589	130.96693868
11.4828848839	0	9160	18737	0.857842	111.470245757
5.26972317696	0	9170	18749	0.803177	242.897009391
5.43451404572	0	9180	18762	0.687121	235.531638935
7.29424977303	0	9190	18778	0.914178	175.480692303
7.83397316933	0	9200	18798	0.895793	163.390909355
25.0508329868	0	9210	18830	1.01131	51.0961052941
9.24973988533	0	9220	18855	0.864916	138.382269758
5.99114918709	0	9230	18876	0.877951	213.648493808
14.4545538425	0	9240	18894	0.906792	88.5534077318
5.12773013115	0	9250	18910	0.965916	249.623121198
4.99682188034	0	9260	18926	0.765555	256.162823221
5.46822094917	0	9270	18942	1.11115	234.079787905
16.4504821301	0	9280	18968	0.964266	77.8092696543
5.1393699646	0	9290	18978	0.736556	249.057765605
9.16888403893	0	9300	18990	0.870409	139.602594445
7.52970194817	0	9310	19006	0.805029	169.993448454
10.4985771179	0	9320	19024	0.711534	121.921283772
5.43611192703	0	9330	19039	0.713603	235.462407173
6.55994391441	0	9340	19051	0.798501	195.123619455
19.5255439281	0	9350	19070	1.04553	65.5551519953
6.43612408638	0	9360	19090	1.02967	198.877458362
8.7148399353	0	9370	19112	0.789303	146.875904721
10.0988681316	0	9380	19130	0.834092	126.746877305
5.9657599926	0	9390	19150	0.771406	214.557743119
6.30157494545	0	9400	19172	0.890058	203.123823977
5.29912304878	0	9410	19188	0.762659	241.549401329
11.74355793	0	9420	19213	0.773117	108.99592846
14.4769730568	0	9430	19234	0.791031	88.4162728616
7.54086089134	0	9440	19252	0.923977	169.741892662
5.34448599815	0	9450	19265	1.01429	239.499177366
5.0098400116	0	9460	19281	0.857066	255.497180955
11.2809669971	0	9470	19295	0.769413	113.465450287
7.29485702515	0	9480	19306	0.696716	175.466084611
10.0025839806	0	9490	19332	0.839501	127.966933593
17.4824001789	0	9500	19348	0.720833	73.2164912656
5.15066599846	0	9510	19367	0.824892	248.511551784
5.28430294991	0	9520	19379	0.717115	242.226839024
5.08407497406	0	9530	19392	1.0439	251.766546821
5.0390329361	0	9540	19410	0.910897	254.01699418
6.73146915436	0	9550	19430	0.860561	190.151654958
11.5126907825	0	9560	19448	0.80629	111.181653723
10.7706069946	0	9570	19470	0.810247	118.841955763
9.63367605209	0	9580	19492	0.86375	132.867245388
5.20780706406	0	9590	19512	0.771441	245.784835009
5.25281095505	0	9600	19529	0.788102	243.679053169
6.72833395004	0	9610	19546	0.93299	190.240259997
14.3450260162	0	9620	19571	0.981657	89.2295349309
5.38021707535	0	9630	19584	0.902322	237.908616339
5.34731006622	0	9640	19597	0.838076	239.372690969
16.6572630405	0	9650	19611	0.860535	76.8433563716
5.41370391846	0	9660	19628	0.805676	236.437016002
13.5281760693	0	9670	19654	0.993597	94.6173374331
10.3097419739	0	9680	19679	0.956109	124.154416594
14.8419020176	0	9690	19707	1.30922	86.2423157411
19.005961895	0	9700	19732	0.78674	67.3472885546
5.44769906998	0	9710	19747	0.927625	234.961583516
19.1202869415	0	9720	19775	0.796391	66.94460203
13.3785810471	0	9730	19804	0.827199	95.675318294
14.380671978	0	9740	19830	0.916196	89.008358021
14.1871910095	0	9750	19850	0.838265	90.2222292729
5.52104091644	0	9760	19869	0.879013	231.840339416
9.12704515457	0	9770	19888	0.817362	140.242540529
17.9173388481	0	9780	19912	0.80388	71.439180274
8.96224403381	0	9790	19944	0.821372	142.821373215
5.08179712296	0	9800	19955	0.875173	251.879397983
5.15089082718	0	9810	19966	0.702568	248.500704625
12.4901940823	0	9820	19978	0.905169	102.480393144
6.1556429863	0	9830	19995	0.953721	207.939284791
Training elapsed time: 11281.3215621 s
