Duration	Worker	LocalStep	GlobalStep	Loss	ExamplesPerSec
26.6589961052	0	10	11	4.56126	48.0138109833
24.1473989487	0	20	32	4.32104	53.0077795427
16.2463600636	0	30	54	4.32907	78.7868787219
12.261152029	0	40	76	4.43348	104.394758092
8.19804286957	0	50	96	4.14719	156.134826368
11.7295930386	0	60	120	4.27373	109.125695648
11.5859799385	0	70	140	4.26564	110.478354597
8.77025008202	0	80	160	4.32163	145.947947667
12.4724040031	0	90	182	3.94913	102.626566593
17.9157240391	0	100	207	4.10294	71.4456193458
29.0729339123	0	110	230	4.18628	44.0272042671
8.53137397766	0	120	249	3.82402	150.034449709
25.4234800339	0	130	273	3.78716	50.3471593305
9.20915198326	0	140	293	3.89047	138.992168044
10.4342060089	0	150	311	3.68729	122.673445292
23.3171811104	0	160	340	4.03683	54.8951433683
10.3706629276	0	170	357	3.65046	123.425089498
10.1830370426	0	180	377	3.83334	125.699238316
8.23864102364	0	190	391	3.76879	155.365429362
15.7491588593	0	200	416	3.30045	81.2741817794
15.7518830299	0	210	430	3.45738	81.2601260159
20.3754570484	0	220	454	3.53666	62.8206767072
8.00739693642	0	230	475	3.64601	159.852197932
7.85828614235	0	240	495	3.34498	162.885389615
20.3491580486	0	250	520	3.29098	62.9018653716
20.4467070103	0	260	540	3.15432	62.6017675784
8.94503998756	0	270	552	3.11681	143.096062374
18.8361279964	0	280	576	3.11595	67.9545180539
7.78349900246	0	290	596	2.97342	164.45046111
8.7864677906	0	300	618	3.02578	145.67856282
7.99004912376	0	310	632	3.05026	160.199265383
14.4356460571	0	320	648	3.23066	88.6693948393
12.8664689064	0	330	670	2.93558	99.4833943416
23.1698019505	0	340	689	3.03234	55.2443220161
8.48412013054	0	350	708	2.86251	150.870093811
11.2667679787	0	360	732	2.88228	113.608445867
11.9242479801	0	370	747	2.97196	107.344295601
8.00489497185	0	380	767	2.86219	159.902160428
11.8829801083	0	390	787	2.92459	107.71708682
8.40934991837	0	400	807	2.71512	152.211527933
11.2132649422	0	410	826	2.87911	114.150517856
10.0186569691	0	420	840	2.70315	127.761635512
8.06027197838	0	430	855	2.6427	158.8035743
12.9214251041	0	440	878	2.73423	99.0602808656
16.0012500286	0	450	903	2.55363	79.9937503452
17.5071060658	0	460	925	2.62527	73.1131687438
7.59273695946	0	470	936	2.46587	168.582160403
8.56163692474	0	480	956	2.80566	149.504120678
19.0576291084	0	490	975	3.00563	67.164703055
8.23916697502	0	500	991	2.51646	155.355511532
29.1298279762	0	510	1017	2.48468	43.9412138322
13.3350389004	0	520	1038	2.51956	95.9877214879
8.06422495842	0	530	1053	2.32708	158.725730817
8.27998518944	0	540	1066	2.384	154.589648498
8.41529202461	0	550	1087	2.58604	152.104050134
13.8737509251	0	560	1110	2.57	92.2605578631
9.43598198891	0	570	1134	2.38288	135.650958375
10.2612550259	0	580	1154	2.47821	124.741076679
9.57777786255	0	590	1174	2.38749	133.642690232
9.3866751194	0	600	1187	2.18533	136.363513568
9.92313790321	0	610	1207	2.24429	128.991455373
8.84170913696	0	620	1223	2.74743	144.768390384
15.9448330402	0	630	1246	2.50403	80.2767891498
25.2384879589	0	640	1278	2.33169	50.7161919559
16.3955459595	0	650	1308	2.32944	78.0699833457
7.67612504959	0	660	1325	2.29393	166.750800922
12.9425919056	0	670	1344	2.12138	98.8982739575
14.4510540962	0	680	1364	2.22993	88.5748535351
8.79119181633	0	690	1377	2.02617	145.600281138
7.8447740078	0	700	1391	2.07867	163.165949552
7.6570930481	0	710	1408	2.2441	167.1652665
11.9621829987	0	720	1425	2.2319	107.003880491
15.8127090931	0	730	1441	2.34697	80.9475462088
20.3709869385	0	740	1461	2.1582	62.8344617699
8.29606509209	0	750	1478	2.30268	154.290014096
15.6180319786	0	760	1507	2.17248	81.9565487991
14.5384609699	0	770	1527	1.95198	88.0423314853
20.9196500778	0	780	1559	1.99715	61.1864918982
10.0782067776	0	790	1578	1.85408	127.006721359
22.000344038	0	800	1606	2.12571	58.1809083435
28.9856331348	0	810	1628	1.84162	44.1598082072
17.5560538769	0	820	1658	1.85424	72.9093228454
13.9203121662	0	830	1678	1.82417	91.9519608983
17.51313591	0	840	1703	1.94848	73.0879955809
15.686604023	0	850	1728	1.84996	81.5982859085
17.0072920322	0	860	1751	2.02219	75.2618346044
28.7988939285	0	870	1778	1.74026	44.4461514104
8.46810102463	0	880	1805	2.05657	151.155494753
11.9417099953	0	890	1821	1.86169	107.18732916
8.74367809296	0	900	1840	1.63069	146.391482668
10.2873868942	0	910	1863	2.10297	124.424211237
8.97582888603	0	920	1882	1.81995	142.605214098
11.2367072105	0	930	1902	1.80332	113.912374508
12.7935187817	0	940	1916	1.48772	100.05066017
9.75131607056	0	950	1932	1.82943	131.264333013
9.06206202507	0	960	1951	1.77592	141.248205591
8.78364300728	0	970	1970	1.97228	145.725412444
26.3603849411	0	980	1997	1.66183	48.5577127519
27.8671851158	0	990	2031	1.89946	45.932159803
14.8704969883	0	1000	2056	1.8262	86.0764775385
14.2252218723	0	1010	2071	1.7174	89.9810218419
11.1306819916	0	1020	2098	1.72181	114.997445886
12.8621561527	0	1030	2122	1.71702	99.5167516862
16.1013669968	0	1040	2139	1.59532	79.4963558223
21.8629040718	0	1050	2170	1.66162	58.5466594829
20.0326089859	0	1060	2191	1.78603	63.8958211035
9.2920229435	0	1070	2207	1.7599	137.752565591
13.4880070686	0	1080	2230	1.73137	94.8991198986
9.04742598534	0	1090	2248	1.69545	141.476703106
16.7550559044	0	1100	2277	1.77972	76.394851041
21.4815540314	0	1110	2297	1.739	59.5860056554
21.6392278671	0	1120	2321	1.52664	59.1518333214
8.12882518768	0	1130	2350	1.65557	157.46432854
7.60759496689	0	1140	2367	1.81773	168.252911146
21.5916090012	0	1150	2388	1.47982	59.2822887785
7.66936683655	0	1160	2404	1.55822	166.89774101
9.45986008644	0	1170	2426	1.68341	135.308555127
21.8956990242	0	1180	2446	1.3652	58.4589694344
25.2313520908	0	1190	2475	1.59748	50.7305353828
14.6822199821	0	1200	2490	1.47917	87.1802766582
7.87228298187	0	1210	2507	1.4145	162.595781039
8.99030089378	0	1220	2522	1.41228	142.375657403
16.1989631653	0	1230	2545	1.40245	79.0174029621
9.14029598236	0	1240	2558	1.4923	140.039228759
8.22356581688	0	1250	2578	1.39918	155.650240845
7.87752604485	0	1260	2598	1.29828	162.487561795
13.9929521084	0	1270	2625	1.63402	91.4746216585
7.9215669632	0	1280	2643	1.55445	161.584192363
28.9635999203	0	1290	2664	1.38569	44.1934014944
14.7114109993	0	1300	2686	1.40547	87.0072897876
8.6847140789	0	1310	2705	1.41066	147.385393275
16.4011049271	0	1320	2732	1.47555	78.0435224146
12.2934269905	0	1330	2757	1.54533	104.120681807
21.6154279709	0	1340	2778	1.32642	59.2169630749
22.9871411324	0	1350	2804	1.34796	55.6833054024
7.65335392952	0	1360	2823	1.30849	167.246936675
12.4309270382	0	1370	2842	1.37029	102.968989848
28.6613118649	0	1380	2875	1.36441	44.6595049813
13.7114670277	0	1390	2896	1.22389	93.3525200052
15.1048660278	0	1400	2910	1.67465	84.7409038678
16.2184221745	0	1410	2927	1.24285	78.9225971695
16.2211818695	0	1420	2945	1.37762	78.9091701392
15.9011750221	0	1430	2966	1.26653	80.4971958499
9.10858201981	0	1440	2982	1.47511	140.526812759
12.2706329823	0	1450	2996	1.71996	104.314097068
10.3156249523	0	1460	3014	1.24258	124.083611601
11.4853100777	0	1470	3035	1.55227	111.446708129
7.65588402748	0	1480	3054	1.32641	167.191665313
24.2698068619	0	1490	3086	1.21998	52.7404279434
25.6325290203	0	1500	3105	1.09758	49.9365473842
24.798707962	0	1510	3124	1.45199	51.6155923107
11.1687881947	0	1520	3141	1.16591	114.605092127
17.9523878098	0	1530	3169	1.35451	71.2997075133
14.7657392025	0	1540	3196	1.24896	86.6871602191
8.67405486107	0	1550	3212	1.17369	147.566509608
10.2506780624	0	1560	3231	1.38747	124.86978834
12.0002398491	0	1570	3258	1.73265	106.664534717
7.76593708992	0	1580	3276	1.22655	164.822349857
10.3141701221	0	1590	3289	1.15484	124.101113792
20.3090438843	0	1600	3305	1.47672	63.0261083335
12.422533989	0	1610	3321	1.29031	103.038558891
10.8715360165	0	1620	3341	1.33886	117.738652391
33.3472781181	0	1630	3361	1.26535	38.3839423255
9.62960100174	0	1640	3378	1.49448	132.923472091
17.4803109169	0	1650	3398	1.20083	73.2252421645
11.6173710823	0	1660	3418	1.11803	110.179832505
7.94955086708	0	1670	3442	1.22525	161.015385825
9.16109704971	0	1680	3463	1.30243	139.721257515
11.9040679932	0	1690	3479	1.25746	107.526267553
8.02326202393	0	1700	3499	1.18622	159.536108404
7.97035503387	0	1710	3519	1.38437	160.595104554
21.8395719528	0	1720	3542	1.23959	58.6092073034
9.13424801826	0	1730	3564	1.45136	140.131951469
10.2835819721	0	1740	3584	1.24579	124.470248156
10.0730059147	0	1750	3604	1.10301	127.072297072
14.5975439548	0	1760	3629	1.42577	87.685983612
19.1730601788	0	1770	3650	1.05633	66.760339146
22.9218268394	0	1780	3675	1.1879	55.8419714522
7.80311012268	0	1790	3695	1.06635	164.037156964
36.1545050144	0	1800	3715	1.29982	35.4036101307
14.6361889839	0	1810	3734	0.983467	87.4544597235
14.1399600506	0	1820	3756	1.21034	90.5235938023
10.5976428986	0	1830	3778	1.38229	120.781574946
9.45925402641	0	1840	3793	1.30422	135.317224427
9.59410595894	0	1850	3811	1.28265	133.415245306
11.3155050278	0	1860	3832	1.05129	113.119122554
7.87606906891	0	1870	3848	1.26364	162.517619996
8.76389884949	0	1880	3869	1.28055	146.053716728
12.5126371384	0	1890	3888	1.23086	102.296581116
7.66571688652	0	1900	3906	1.18348	166.977207605
10.4695751667	0	1910	3926	1.14225	122.259020029
10.5483548641	0	1920	3945	1.34923	121.345936545
9.45652198792	0	1930	3961	1.21336	135.356318278
25.6943831444	0	1940	3980	1.14929	49.8163350647
20.2626760006	0	1950	4000	1.14216	63.1703334724
18.5971469879	0	1960	4022	1.16652	68.8277616363
23.7133078575	0	1970	4055	1.27617	53.9781293985
7.41353011131	0	1980	4067	1.09361	172.657287524
7.49914002419	0	1990	4082	1.14563	170.686238138
8.23056602478	0	2000	4101	1.21633	155.517858206
7.7551548481	0	2010	4114	1.05164	165.051507684
7.57125115395	0	2020	4130	1.04607	169.060565285
17.9013829231	0	2030	4158	1.14506	71.502855701
13.4654099941	0	2040	4181	1.31541	95.0583755384
23.1438450813	0	2050	4197	1.27741	55.3062810221
13.346821785	0	2060	4220	1.01886	95.9029812956
10.4067671299	0	2070	4241	1.20675	122.996890775
22.8758029938	0	2080	4262	1.26252	55.9543199576
12.6097280979	0	2090	4282	1.14237	101.50892946
15.7525749207	0	2100	4300	1.14932	81.256556877
19.9541630745	0	2110	4322	1.02512	64.1470150976
14.858620882	0	2120	4344	1.20538	86.1452762112
7.83774709702	0	2130	4358	1.05196	163.312235539
12.181650877	0	2140	4377	1.15325	105.076069978
7.80602312088	0	2150	4395	1.14145	163.975942702
7.92836689949	0	2160	4409	0.971874	161.445606167
17.5112099648	0	2170	4428	1.08741	73.0960340591
19.7765359879	0	2180	4447	1.29897	64.7231649054
7.56781101227	0	2190	4463	1.10849	169.13741608
12.2640450001	0	2200	4480	1.11119	104.370132366
20.7268500328	0	2210	4499	1.05185	61.7556453573
9.4934720993	0	2220	4520	1.04324	134.829489844
11.9949598312	0	2230	4533	1.39223	106.711486992
12.2657589912	0	2240	4553	1.19062	104.355547905
11.3085691929	0	2250	4571	1.02785	113.188501407
13.6581668854	0	2260	4591	1.28272	93.7168223776
15.5920050144	0	2270	4613	0.935819	82.0933548197
17.2429509163	0	2280	4634	0.979688	74.2332334073
16.9546420574	0	2290	4656	1.02818	75.495548397
12.1006579399	0	2300	4681	1.37362	105.779372193
12.6852240562	0	2310	4698	1.064	100.904800288
10.6456439495	0	2320	4718	1.17866	120.236972613
16.7998759747	0	2330	4741	1.11096	76.1910386678
25.851485014	0	2340	4763	1.10286	49.513596581
8.52103614807	0	2350	4786	1.30795	150.216473414
7.23173689842	0	2360	4801	1.03969	176.997589649
11.274848938	0	2370	4821	1.17328	113.527019922
8.82994222641	0	2380	4841	1.107	144.961310865
18.6318838596	0	2390	4867	1.21929	68.6994406815
7.5327129364	0	2400	4886	1.12808	169.925498397
8.02822113037	0	2410	4906	1.09231	159.437561474
27.6270809174	0	2420	4936	1.07102	46.3313516122
12.8350009918	0	2430	4950	0.89797	99.7273004354
12.7647340298	0	2440	4976	1.11773	100.276276577
11.6791219711	0	2450	4996	1.15179	109.597279929
13.1844849586	0	2460	5021	1.05395	97.0838075218
7.41174912453	0	2470	5038	0.990054	172.698775754
13.3871018887	0	2480	5056	1.07597	95.6144213024
7.38675403595	0	2490	5077	0.987839	173.283148968
8.64755702019	0	2500	5097	0.960274	148.01868285
16.7365190983	0	2510	5115	1.00805	76.4794634107
8.45536184311	0	2520	5133	1.20015	151.383231581
9.76902413368	0	2530	5144	1.17384	131.026393474
10.6292848587	0	2540	5163	1.08101	120.422024343
8.38427305222	0	2550	5177	1.16896	152.666783635
7.99754405022	0	2560	5188	1.07421	160.04913408
17.9916510582	0	2570	5220	1.28452	71.1441098907
14.2961030006	0	2580	5249	1.04925	89.5348893291
7.29050803185	0	2590	5264	1.1454	175.570755071
16.2677598	0	2600	5285	0.973429	78.6832370123
15.8605360985	0	2610	5306	1.104	80.7034511351
7.74932694435	0	2620	5321	0.997002	165.175635148
16.6345000267	0	2630	5341	1.00492	76.948510502
7.67487597466	0	2640	5359	0.827036	166.777939373
8.36309599876	0	2650	5376	1.08606	153.053366862
7.46420502663	0	2660	5395	1.02069	171.485107313
11.8796560764	0	2670	5418	0.944396	107.747227004
13.7190959454	0	2680	5444	1.09251	93.3006085166
34.3031949997	0	2690	5463	1.02805	37.314308478
7.73244404793	0	2700	5482	1.14207	165.536277025
18.165405035	0	2710	5508	0.897136	70.4636091258
10.3636410236	0	2720	5522	1.21433	123.508716394
7.51854491234	0	2730	5541	0.937794	170.24570777
24.1502249241	0	2740	5565	0.992175	53.0015767565
13.6267170906	0	2750	5586	0.844447	93.9331162076
7.29162287712	0	2760	5601	1.14569	175.543911358
7.42774915695	0	2770	5614	1.05746	172.326767228
7.75631189346	0	2780	5633	0.959075	165.026886178
7.89551401138	0	2790	5651	1.10994	162.117374265
12.4465560913	0	2800	5674	1.21787	102.83969241
10.002202034	0	2810	5690	0.957534	127.97182017
20.6426868439	0	2820	5717	1.08948	62.0074319628
7.53549313545	0	2830	5732	1.05858	169.862804861
14.9140219688	0	2840	5757	1.09053	85.8252725304
9.507614851	0	2850	5783	1.00467	134.628928502
17.0947721004	0	2860	5812	1.215	74.8766928555
12.7071650028	0	2870	5828	0.956582	100.73057206
11.0356609821	0	2880	5846	1.00811	115.987615248
11.0387260914	0	2890	5861	1.24038	115.955409112
9.62247991562	0	2900	5880	0.895728	133.02184169
19.226197958	0	2910	5900	1.06549	66.5758254854
13.5415530205	0	2920	5921	0.889572	94.523870199
7.50720095634	0	2930	5941	1.11782	170.502962082
7.59832000732	0	2940	5957	1.00336	168.458290618
12.1394231319	0	2950	5973	1.06533	105.441583681
21.1465768814	0	2960	6000	1.56065	60.5298913001
24.8533251286	0	2970	6027	0.848338	51.502162925
10.3503038883	0	2980	6044	0.9112	123.667866549
15.7541589737	0	2990	6073	1.07103	81.2483866728
7.6087231636	0	3000	6090	0.91986	168.227963152
8.61913299561	0	3010	6108	1.39789	148.506816249
9.47977590561	0	3020	6131	1.08343	135.024288838
15.4775090218	0	3030	6153	0.942296	82.7006463508
14.793555975	0	3040	6181	1.03345	86.5241597197
17.9356470108	0	3050	6203	1.05978	71.3662573326
8.14440202713	0	3060	6221	1.19954	157.163165047
9.15763998032	0	3070	6241	0.931464	139.774003209
12.0452868938	0	3080	6258	1.12779	106.265629975
11.4171361923	0	3090	6277	1.174	112.112177558
19.0155148506	0	3100	6306	0.969175	67.3134548318
10.0224261284	0	3110	6329	0.877719	127.713587868
17.4421288967	0	3120	6350	0.931177	73.3855372575
18.788533926	0	3130	6377	1.36732	68.1266566641
12.7708981037	0	3140	6407	1.11244	100.227876662
12.1802670956	0	3150	6428	1.22198	105.088007509
19.2168798447	0	3160	6448	0.957517	66.6081075776
7.67771410942	0	3170	6462	0.882611	166.716288437
11.2694170475	0	3180	6486	0.980248	113.581740263
20.9614667892	0	3190	6510	1.01614	61.0644289767
9.90023803711	0	3200	6531	1.03416	129.289820629
7.99349117279	0	3210	6551	1.0787	160.130282543
14.0508198738	0	3220	6569	1.33982	91.0978869202
8.0390059948	0	3230	6595	0.88946	159.223665317
12.7276399136	0	3240	6611	0.899676	100.568527134
16.1981201172	0	3250	6637	1.00155	79.0215155055
12.5180120468	0	3260	6652	1.17341	102.252657628
7.97795391083	0	3270	6665	0.987405	160.442140216
14.9700570107	0	3280	6686	0.98425	85.5040163901
8.68638706207	0	3290	6704	1.07479	147.357007102
17.7914209366	0	3300	6729	0.861963	71.9447875784
8.13958096504	0	3310	6742	1.21934	157.256252564
8.0457880497	0	3320	6762	1.03777	159.089450542
14.5023200512	0	3330	6782	0.982791	88.261739879
21.401941061	0	3340	6794	0.992803	59.807659331
18.7723338604	0	3350	6819	0.989428	68.1854483049
7.87151002884	0	3360	6835	0.995579	162.611747341
16.063863039	0	3370	6855	1.08966	79.6819542654
11.841919899	0	3380	6876	0.892952	108.090580828
7.51046705246	0	3390	6895	0.908157	170.42881502
12.2665860653	0	3400	6918	1.16657	104.348511736
10.3555688858	0	3410	6939	1.13739	123.604991103
11.8684279919	0	3420	6960	0.938723	107.849160889
12.9397931099	0	3430	6978	0.944961	98.9196650309
12.2281808853	0	3440	6996	1.11327	104.676240236
13.8467271328	0	3450	7015	1.07095	92.4406170299
8.13608789444	0	3460	7035	0.945052	157.323767468
10.28464818	0	3470	7058	1.01915	124.457344344
22.0117697716	0	3480	7081	0.873083	58.1507081567
11.182033062	0	3490	7111	0.959689	114.469344967
24.8674740791	0	3500	7140	0.888174	51.4728595243
7.73734593391	0	3510	7161	0.923996	165.43140386
7.8684220314	0	3520	7179	0.913252	162.675565049
13.1648759842	0	3530	7200	0.858629	97.2284130543
8.6129899025	0	3540	7220	0.965976	148.612736633
15.5324840546	0	3550	7242	1.20712	82.4079390974
7.89840316772	0	3560	7258	1.0088	162.058073362
13.877671957	0	3570	7275	0.917784	92.2344903356
8.05778288841	0	3580	7294	0.927661	158.852629529
17.0657689571	0	3590	7314	0.971756	75.0039452201
11.0640821457	0	3600	7338	0.972862	115.689668889
7.94934296608	0	3610	7358	1.0417	161.019596898
14.0492680073	0	3620	7377	0.818084	91.1079494915
15.5055270195	0	3630	7401	0.832842	82.5512088941
8.0706410408	0	3640	7420	0.990933	158.59954538
9.28959584236	0	3650	7441	0.864539	137.788556329
28.2233531475	0	3660	7460	0.886897	45.3525133357
10.3696370125	0	3670	7491	0.928087	123.437300501
23.6159307957	0	3680	7521	0.918876	54.2007008352
7.93166804314	0	3690	7543	0.871243	161.378412843
18.3741619587	0	3700	7569	0.932432	69.663041116
10.8843560219	0	3710	7594	1.11333	117.599975362
9.75675606728	0	3720	7608	0.867919	131.191145005
7.95569109917	0	3730	7630	1.07538	160.891113549
17.3406248093	0	3740	7646	0.926639	73.8151026321
12.7001121044	0	3750	7672	0.961384	100.78651192
18.5567760468	0	3760	7701	1.26594	68.9774989349
7.54304504395	0	3770	7718	0.969457	169.692742459
12.042069912	0	3780	7736	0.97026	106.294018334
17.2071740627	0	3790	7762	1.27291	74.3875778401
13.4286458492	0	3800	7782	0.811361	95.3186206838
19.5024302006	0	3810	7813	1.23611	65.6328461036
9.49949288368	0	3820	7835	1.13723	134.744034831
9.47440910339	0	3830	7854	0.898161	135.100773677
22.3451259136	0	3840	7873	1.18031	57.2831858253
10.6594479084	0	3850	7892	0.908063	120.081266028
15.7956581116	0	3860	7918	0.940821	81.0349268741
15.9477319717	0	3870	7944	0.974205	80.2621966727
7.73981690407	0	3880	7955	0.945808	165.378589166
11.2243990898	0	3890	7970	1.12333	114.037285182
8.39077305794	0	3900	7991	0.769055	152.548518612
13.6979379654	0	3910	8012	1.00977	93.4447216241
10.9817409515	0	3920	8037	0.996344	116.557111085
16.3456950188	0	3930	8058	0.89036	78.3080804169
8.74654102325	0	3940	8078	0.936767	146.343565599
7.89817404747	0	3950	8098	1.07279	162.062774549
9.30028295517	0	3960	8120	1.49623	137.630221163
19.7213740349	0	3970	8148	1.10286	64.904199765
7.50416898727	0	3980	8164	0.967501	170.571851749
14.149479866	0	3990	8179	0.941514	90.462689238
14.3145391941	0	4000	8200	1.15465	89.4195742275
16.1104478836	0	4010	8223	1.0056	79.4515465521
29.4649131298	0	4020	8259	0.899263	43.4414991947
19.4082899094	0	4030	8288	0.907527	65.951199512
18.9636580944	0	4040	8309	0.880382	67.4975257215
11.5465497971	0	4050	8332	1.00723	110.85562549
9.55707502365	0	4060	8350	0.800903	133.932191265
19.5800471306	0	4070	8382	1.1845	65.3726720607
17.5848078728	0	4080	8409	0.835056	72.7901043481
20.5927650928	0	4090	8435	0.833086	62.1577526975
21.5523579121	0	4100	8456	1.09525	59.3902535037
10.3475000858	0	4110	8475	0.98387	123.701376118
9.36412191391	0	4120	8491	1.12097	136.691940982
17.4429349899	0	4130	8513	0.808627	73.3821458796
13.9533519745	0	4140	8540	1.08794	91.7342300503
10.0602710247	0	4150	8559	1.1867	127.233152751
8.68100905418	0	4160	8574	0.91986	147.448296852
8.62841105461	0	4170	8591	0.882628	148.347128098
28.6361498833	0	4180	8619	0.792718	44.6987463475
11.5472040176	0	4190	8636	0.881668	110.849344832
8.05744194984	0	4200	8658	0.814119	158.85935114
13.5248401165	0	4210	8686	1.24066	94.6406751558
16.7507579327	0	4220	8707	0.850393	76.4144527158
17.4710390568	0	4230	8732	0.851696	73.2641027154
16.2178881168	0	4240	8760	0.968219	78.9251961031
28.444480896	0	4250	8785	0.919845	44.9999423326
22.6120018959	0	4260	8805	0.984547	56.6071065221
9.6719391346	0	4270	8829	0.980055	132.341610321
9.58100295067	0	4280	8848	0.972111	133.597704394
14.6051430702	0	4290	8872	0.835916	87.6403602379
17.0923650265	0	4300	8897	1.09494	74.8872375483
7.86134195328	0	4310	8913	0.839276	162.82207384
15.9481089115	0	4320	8937	0.96042	80.2602996444
11.8985459805	0	4330	8958	0.769346	107.576169568
12.4622411728	0	4340	8976	1.01933	102.710257509
17.5442659855	0	4350	8997	0.85251	72.9583102
11.9013597965	0	4360	9019	0.992628	107.550735536
16.91537714	0	4370	9047	0.820168	75.670792877
13.5557489395	0	4380	9071	0.952594	94.42488244
15.1900949478	0	4390	9094	0.971967	84.2654377341
17.6266431808	0	4400	9117	0.95964	72.6173433516
19.0720379353	0	4410	9146	0.994299	67.1139604664
15.2237598896	0	4420	9171	0.917711	84.0790980206
24.8324999809	0	4430	9191	0.872676	51.5453539105
23.4240632057	0	4440	9224	0.970148	54.6446612938
23.6277308464	0	4450	9243	0.922939	54.1736321749
22.8109929562	0	4460	9278	0.858634	56.1132960086
25.0969040394	0	4470	9307	0.831195	51.0023068181
7.52165293694	0	4480	9326	0.771305	170.175360487
9.46683907509	0	4490	9341	0.87744	135.208805162
7.4916009903	0	4500	9356	0.888833	170.858005072
12.2228679657	0	4510	9375	0.910494	104.721739905
30.8574221134	0	4520	9407	1.09303	41.4811060786
17.5238220692	0	4530	9436	0.87781	73.0434259688
20.191108942	0	4540	9464	1.00554	63.394239696
16.5194468498	0	4550	9488	0.893765	77.4844346567
7.56727313995	0	4560	9502	1.04218	169.149438157
11.6300079823	0	4570	9522	0.840888	110.060113626
8.93887209892	0	4580	9542	0.823227	143.194799728
20.0561189651	0	4590	9571	0.947487	63.8209217957
12.5702219009	0	4600	9594	0.956104	101.82795579
18.7431840897	0	4610	9629	0.978735	68.2914916632
12.7887189388	0	4620	9650	0.798328	100.088211034
24.5939950943	0	4630	9703	0.838839	52.0452246612
11.9570178986	0	4640	9724	0.920059	107.0501032
14.360959053	0	4650	9740	1.13199	89.1305375409
22.6013040543	0	4660	9778	0.854785	56.6339002797
7.86497688293	0	4670	9794	0.766894	162.746822915
14.5725541115	0	4680	9807	0.813222	87.8363525164
14.0242660046	0	4690	9830	0.826327	91.2703737638
13.7600929737	0	4700	9856	0.812116	93.0226272777
48.8877489567	0	4710	9902	0.991004	26.1824286721
25.7057878971	0	4720	9917	0.793071	49.7942333113
7.50322413445	0	4730	9933	0.827805	170.593331222
14.3359968662	0	4740	9958	1.02165	89.2857338031
15.4571671486	0	4750	9980	1.0176	82.8094816919
14.1900129318	0	4760	10002	0.874016	90.2042870679
16.7992949486	0	4770	10023	0.814821	76.1936738368
16.6423420906	0	4780	10052	0.865853	76.9122514747
40.7732739449	0	4790	10087	0.93249	31.39311309
17.6273550987	0	4800	10120	1.06055	72.6144105472
12.2376899719	0	4810	10148	1.01465	104.594903363
21.2385590076	0	4820	10180	0.748259	60.2677422484
7.77427697182	0	4830	10191	0.765687	164.645536124
7.5646109581	0	4840	10210	0.814447	169.20896621
22.9426379204	0	4850	10228	1.02462	55.7913176524
7.41963100433	0	4860	10253	0.96991	172.51531771
8.0188601017	0	4870	10277	0.8984	159.623685133
17.6019630432	0	4880	10300	0.927909	72.7191618831
19.1677370071	0	4890	10317	1.04168	66.7788795059
25.7832930088	0	4900	10340	0.818971	49.6445508168
8.97225284576	0	4910	10357	0.999566	142.662051773
13.5441980362	0	4920	10381	0.8682	94.5054108467
10.3133530617	0	4930	10415	0.819375	124.110945523
11.5039100647	0	4940	10440	0.910775	111.266516584
9.90279889107	0	4950	10460	0.798431	129.25638641
13.0001339912	0	4960	10481	0.812438	98.4605236271
11.6074490547	0	4970	10495	1.04173	110.274014038
15.6300280094	0	4980	10515	0.917696	81.8936472301
10.5375699997	0	4990	10532	0.925795	121.470130214
11.6376509666	0	5000	10558	0.893367	109.987832052
3.5527510643	0	5010	10569	1.01202	360.284178889
3.93291187286	0	5020	10580	0.899717	325.458602017
11.9047911167	0	5030	10598	1.02998	107.519736168
11.1776549816	0	5040	10612	0.939826	114.514180488
6.18827795982	0	5050	10624	0.919113	206.842680356
6.97247505188	0	5060	10640	0.698316	183.579000352
3.35976004601	0	5070	10651	0.828206	380.979588564
9.3035428524	0	5080	10664	0.796416	137.581996483
7.07446408272	0	5090	10675	0.973268	180.93243319
3.3206820488	0	5100	10689	0.840378	385.462980553
5.38427186012	0	5110	10701	0.951957	237.729452237
6.40622901917	0	5120	10721	0.928019	199.805532423
14.8166561127	0	5130	10746	0.915384	86.3892628854
7.77567100525	0	5140	10759	0.790115	164.616018236
15.7711219788	0	5150	10777	0.820719	81.1609980396
7.36212491989	0	5160	10793	0.79047	173.862847198
10.2758119106	0	5170	10807	1.11588	124.56436641
16.1878890991	0	5180	10829	0.868535	79.0714584318
18.682874918	0	5190	10848	0.764864	68.5119397105
4.29616618156	0	5200	10859	0.957249	297.940057694
3.27132487297	0	5210	10869	0.85625	391.278778386
10.4827411175	0	5220	10896	1.08937	122.105467039
9.31790995598	0	5230	10910	0.832097	137.369861487
11.7601079941	0	5240	10925	1.07669	108.842537895
7.17700386047	0	5250	10949	0.909748	178.347403023
10.8493111134	0	5260	10963	0.892279	117.97984099
26.8355848789	0	5270	10994	0.674965	47.6978610966
14.3850800991	0	5280	11034	0.812612	88.9810825648
9.57508111	0	5290	11045	0.70516	133.680329732
29.5198748112	0	5300	11097	0.927627	43.3606174886
13.1661431789	0	5310	11144	0.701136	97.2190551632
10.4370779991	0	5320	11165	0.975265	122.639689011
8.56828784943	0	5330	11191	0.803916	149.388071747
3.45647406578	0	5340	11202	0.854282	370.319572964
19.3399219513	0	5350	11236	0.77941	66.1843415513
26.0356431007	0	5360	11270	0.948261	49.1633717303
4.76803302765	0	5370	11293	0.907165	268.454516271
13.3304889202	0	5380	11317	0.783946	96.0204841444
10.7176859379	0	5390	11343	1.03942	119.428765446
11.6145341396	0	5400	11366	0.856282	110.206744809
5.50327682495	0	5410	11378	0.794177	232.588699554
18.0754330158	0	5420	11398	0.895795	70.8143477879
13.8578510284	0	5430	11418	0.736802	92.3664136216
18.5848350525	0	5440	11450	0.819919	68.8733581108
5.73612308502	0	5450	11462	1.02203	223.147233947
12.5761349201	0	5460	11488	0.80608	101.780078548
9.26351594925	0	5470	11511	0.841973	138.176477162
3.5601811409	0	5480	11529	0.799417	359.532267978
3.36267280579	0	5490	11543	0.895274	380.649582617
8.6391851902	0	5500	11559	0.951026	148.162120827
20.1637868881	0	5510	11580	0.974938	63.4801392765
20.2612740993	0	5520	11597	0.896387	63.1747043016
12.9550919533	0	5530	11615	0.841216	98.80284946
20.4663329124	0	5540	11641	0.79251	62.5417364936
3.52913117409	0	5550	11657	0.848956	362.695501204
16.6909778118	0	5560	11677	0.994537	76.6881374136
3.4014351368	0	5570	11695	0.840267	376.311747401
24.9188098907	0	5580	11717	0.720398	51.3668191062
18.8612859249	0	5590	11743	0.952497	67.8638776325
3.43882322311	0	5600	11763	0.941675	372.220354741
3.43145895004	0	5610	11776	0.920588	373.019178908
4.14896583557	0	5620	11789	0.765848	308.510614627
6.3473110199	0	5630	11807	0.816804	201.660198466
12.4506480694	0	5640	11821	0.783149	102.805893546
21.8315439224	0	5650	11842	0.890681	58.6307594437
24.6794240475	0	5660	11878	0.834364	51.8650677397
9.33362698555	0	5670	11902	0.915984	137.138542389
6.68253111839	0	5680	11926	0.875314	191.54418847
8.32649588585	0	5690	11941	0.935853	153.726131322
5.31266307831	0	5700	11958	0.844346	240.933780504
3.64283299446	0	5710	11974	0.865065	351.374878274
8.3551170826	0	5720	12001	0.837325	153.199528785
9.763422966	0	5730	12017	0.875644	131.101561866
12.1797590256	0	5740	12039	0.976803	105.092391181
5.0502409935	0	5750	12069	0.948407	253.453251369
14.5652308464	0	5760	12090	0.79598	87.8805158324
20.5823321342	0	5770	12142	0.864408	62.1892597812
13.8569190502	0	5780	12160	0.720538	92.3726259323
16.837884903	0	5790	12179	0.954006	76.0190491488
40.1560330391	0	5800	12195	0.925209	31.8756586029
20.4495990276	0	5810	12225	0.982286	62.592914329
5.84703183174	0	5820	12246	0.822944	218.914491461
3.42117404938	0	5830	12257	0.802712	374.140567398
3.76488804817	0	5840	12272	0.831932	339.983548945
3.41031098366	0	5850	12289	1.01653	375.332339524
5.22077012062	0	5860	12305	0.828092	245.174556708
7.24844789505	0	5870	12316	0.919903	176.589529032
8.48389291763	0	5880	12336	0.811841	150.874134366
3.23296117783	0	5890	12349	0.900534	395.921859124
29.6084139347	0	5900	12375	0.84728	43.2309546476
4.81343388557	0	5910	12391	0.772321	265.922422626
8.59893202782	0	5920	12406	0.819994	148.855694621
5.46310400963	0	5930	12416	0.791143	234.299035447
5.53852415085	0	5940	12432	0.903807	231.108498426
23.5616049767	0	5950	12464	0.778547	54.3256709918
5.99325680733	0	5960	12494	0.979219	213.573361054
3.44586610794	0	5970	12517	0.775868	371.459586619
22.5647990704	0	5980	12539	0.8497	56.7255217301
5.36875391006	0	5990	12553	0.735634	238.41659004
6.03633999825	0	6000	12571	0.824048	212.049023145
23.8455109596	0	6010	12596	0.884569	53.6788665241
3.87506008148	0	6020	12608	0.825187	330.317459106
18.5944700241	0	6030	12647	0.739239	68.8376704655
3.36775493622	0	6040	12660	0.817347	380.075161121
12.184458971	0	6050	12698	0.828415	105.051853598
16.8481960297	0	6060	12714	0.893584	75.9725253521
19.0484979153	0	6070	12759	0.798494	67.196899498
3.48410010338	0	6080	12779	0.832952	367.383244459
3.50013804436	0	6090	12796	0.715441	365.699862056
17.8365108967	0	6100	12824	0.75627	71.762914138
3.36640310287	0	6110	12855	0.881168	380.227786419
3.82497906685	0	6120	12872	0.919621	334.642354279
3.47343587875	0	6130	12891	1.05934	368.511193147
4.68312811852	0	6140	12905	0.902869	273.321584976
6.29974985123	0	6150	12928	0.730187	203.182670777
19.4471621513	0	6160	12952	0.958567	65.8193720009
6.9355328083	0	6170	12972	0.833704	184.556837287
7.38505601883	0	6180	12993	0.961479	173.322991286
9.90428495407	0	6190	13016	0.862681	129.236992467
14.0354092121	0	6200	13042	0.92302	91.1979109875
21.9943959713	0	6210	13082	0.893732	58.1966425298
10.444455862	0	6220	13095	0.711907	122.553057517
6.01892614365	0	6230	13108	0.869677	212.662519767
14.207613945	0	6240	13125	0.945149	90.0925380542
25.8106498718	0	6250	13160	0.835961	49.5919322588
3.55633807182	0	6260	13170	0.877471	359.920787661
6.99791002274	0	6270	13184	0.861582	182.911754487
12.9561729431	0	6280	13203	0.76407	98.7946059087
8.01232004166	0	6290	13224	0.843217	159.753978042
9.53200006485	0	6300	13247	0.916756	134.284514403
6.97883987427	0	6310	13266	0.877705	183.411573135
3.57489013672	0	6320	13281	0.971081	358.052961363
14.8551819324	0	6330	13296	0.865089	86.1652186975
3.4144821167	0	6340	13308	0.876501	374.873833352
14.3298659325	0	6350	13329	0.886025	89.3239340851
8.35915398598	0	6360	13342	0.931088	153.125543823
5.62700104713	0	6370	13355	0.815481	227.47463334
13.7602009773	0	6380	13375	0.742414	93.0218971445
11.3200519085	0	6390	13398	0.926893	113.073686441
7.91060805321	0	6400	13412	0.767068	161.808041985
13.0523099899	0	6410	13455	0.869841	98.0669322892
16.288038969	0	6420	13495	1.04631	78.5852736743
22.7235031128	0	6430	13519	0.772894	56.3293429559
7.45409393311	0	6440	13530	0.964622	171.717718007
4.48346805573	0	6450	13546	0.803398	285.493279776
9.36280584335	0	6460	13557	0.947833	136.711154905
3.45345902443	0	6470	13573	1.04894	370.642880354
15.5970470905	0	6480	13597	0.821338	82.0668164025
9.10304808617	0	6490	13616	0.935679	140.612241953
19.299464941	0	6500	13637	0.875308	66.3230822156
17.4523980618	0	6510	13665	0.94868	73.3423564757
12.7790307999	0	6520	13684	1.07029	100.164090692
21.758783102	0	6530	13737	0.831152	58.8268192204
12.1989178658	0	6540	13759	0.761802	104.927339792
21.0222229958	0	6550	13784	0.687297	60.8879470196
5.33439302444	0	6560	13804	0.902438	239.952323373
10.6364581585	0	6570	13824	0.819835	120.34081091
8.22537899017	0	6580	13851	1.03967	155.615929859
12.4636878967	0	6590	13883	0.711162	102.698335405
22.3070580959	0	6600	13946	0.756923	57.3809416955
22.6182479858	0	6610	13989	0.884711	56.5914743176
18.640171051	0	6620	14010	0.757359	68.6688977529
7.73615884781	0	6630	14031	1.13157	165.456788722
4.66997313499	0	6640	14044	0.941225	274.09151252
8.41062998772	0	6650	14079	0.88143	152.188361855
11.7053899765	0	6660	14103	1.00114	109.351333238
13.843971014	0	6670	14131	0.896417	92.4590205154
9.74411296844	0	6680	14160	0.873935	131.361367027
3.98102903366	0	6690	14172	0.832262	321.524909559
7.10393095016	0	6700	14185	0.85666	180.181931522
6.60862803459	0	6710	14204	0.960605	193.686192247
27.2505578995	0	6720	14233	0.852325	46.9715153988
11.6842980385	0	6730	14251	0.788199	109.548729054
3.29136800766	0	6740	14261	0.844238	388.896044751
5.85718107224	0	6750	14275	0.817298	218.535159527
17.8849718571	0	6760	14308	0.714825	71.5684659853
6.68828415871	0	6770	14326	0.843876	191.379428509
16.3457159996	0	6780	14347	0.857371	78.3079799032
7.94090485573	0	6790	14359	0.699606	161.190698448
14.1721661091	0	6800	14385	0.847754	90.3178801425
16.0950939655	0	6810	14416	0.919363	79.5273393707
4.69995808601	0	6820	14435	0.812317	272.34285425
16.534350872	0	6830	14467	0.770791	77.4145903825
9.1935801506	0	6840	14483	0.632255	139.227589147
14.1410498619	0	6850	14502	0.960047	90.5166174011
3.4655380249	0	6860	14514	0.789629	369.351018746
14.7499198914	0	6870	14527	0.859765	86.780132328
19.2809791565	0	6880	14561	0.800415	66.386669972
11.6524999142	0	6890	14594	0.75956	109.847672982
7.21939611435	0	6900	14615	0.899237	177.300148063
19.7991800308	0	6910	14648	0.706728	64.6491419345
3.92121291161	0	6920	14667	0.885998	326.429609627
8.28081297874	0	6930	14686	0.80977	154.574194984
9.67867994308	0	6940	14701	0.771317	132.249439751
25.1036961079	0	6950	14726	0.839625	50.9885076086
28.0165729523	0	6960	14746	0.908853	45.6872438389
6.56550002098	0	6970	14770	0.970084	194.958494541
14.4116718769	0	6980	14785	0.788862	88.8168986175
6.00929713249	0	6990	14798	0.800941	213.003280047
3.59272789955	0	7000	14813	0.982302	356.275241484
3.39755010605	0	7010	14827	0.782463	376.742052375
6.50872087479	0	7020	14838	0.830614	196.659224543
3.78316020966	0	7030	14849	0.774246	338.341473547
12.7272369862	0	7040	14870	0.881133	100.571711
6.05633687973	0	7050	14888	0.81474	211.348877287
5.28618097305	0	7060	14908	0.910478	242.14078302
10.7679209709	0	7070	14941	0.780581	118.871600512
4.25188708305	0	7080	14957	0.753313	301.042801701
18.637624979	0	7090	14979	0.973703	68.6782785597
6.57902503014	0	7100	15001	0.869482	194.557703328
10.1511769295	0	7110	15025	0.765305	126.093753354
13.6139659882	0	7120	15037	0.923526	94.0210957713
9.08838605881	0	7130	15059	1.05024	140.839087569
5.56517910957	0	7140	15078	0.864605	230.001582123
11.3544278145	0	7150	15098	0.774085	112.731352113
3.3391699791	0	7160	15109	0.783501	383.328793686
7.29889011383	0	7170	15129	0.888347	175.369128736
19.3854351044	0	7180	15159	0.884216	66.0289538568
11.789208889	0	7190	15185	0.855111	108.573867174
15.8511528969	0	7200	15209	1.04551	80.7512241114
14.0419371128	0	7210	15242	0.911509	91.1555143508
3.53617691994	0	7220	15252	0.944643	361.972839307
16.687071085	0	7230	15281	0.839506	76.7060914094
10.4163899422	0	7240	15303	0.787789	122.883264462
3.90498995781	0	7250	15314	0.761819	327.785734107
12.4055790901	0	7260	15329	1.08	103.1793833
11.7636790276	0	7270	15356	0.805231	108.809497182
11.6813709736	0	7280	15375	0.916996	109.576179277
3.30049300194	0	7290	15386	0.804539	387.820849567
6.96473789215	0	7300	15400	1.03711	183.782939117
23.6487090588	0	7310	15436	0.931817	54.1255760228
6.10220003128	0	7320	15456	0.792452	209.760413202
15.5187709332	0	7330	15478	0.860096	82.4807586576
3.38910913467	0	7340	15491	0.739054	377.680372374
9.64684796333	0	7350	15514	0.9048	132.685827004
9.93782806396	0	7360	15533	0.992787	128.800779382
15.0386199951	0	7370	15556	0.946143	85.1141926863
26.6589310169	0	7380	15596	0.893112	48.0139282099
5.1790368557	0	7390	15609	0.867454	247.150201025
7.90814208984	0	7400	15635	0.764618	161.85849792
6.64289999008	0	7410	15649	0.816173	192.686929189
13.6721739769	0	7420	15676	0.737622	93.6208098407
13.9965651035	0	7430	15703	0.920271	91.4510089105
7.3093328476	0	7440	15718	0.92965	175.118581502
8.43570399284	0	7450	15736	0.767848	151.736002245
7.68365001678	0	7460	15754	0.852679	166.587493861
16.9460639954	0	7470	15794	0.73003	75.5337640853
16.8735160828	0	7480	15828	0.890453	75.8585225345
10.6519749165	0	7490	15846	0.796756	120.165510156
21.0287361145	0	7500	15884	0.813225	60.8690885192
8.26665282249	0	7510	15912	0.624704	154.838968986
3.43455815315	0	7520	15925	0.863412	372.682581841
3.36752986908	0	7530	15935	0.801519	380.10056325
11.9513380527	0	7540	15956	0.748502	107.100978514
16.0391330719	0	7550	15973	0.962038	79.8048120345
6.12520885468	0	7560	15997	1.01081	208.972466143
16.5706410408	0	7570	16024	0.931109	77.2450502578
7.6233291626	0	7580	16039	0.887095	167.905644988
15.1675748825	0	7590	16070	0.890761	84.39055089
7.16245007515	0	7600	16085	0.8541	178.709797146
15.625743866	0	7610	16114	0.880958	81.9161001857
15.2367329597	0	7620	16152	0.789707	84.0075102308
13.34801507	0	7630	16180	1.03588	95.8944077671
8.08471298218	0	7640	16194	0.76509	158.323493094
14.9966230392	0	7650	16219	0.830321	85.3525488138
3.54592990875	0	7660	16232	0.879766	360.977242342
7.596129179	0	7670	16250	0.827931	168.50687631
12.8749318123	0	7680	16272	0.700083	99.4180022591
12.0599031448	0	7690	16295	0.849072	106.136839129
8.92596888542	0	7700	16316	1.08902	143.40179945
8.44368815422	0	7710	16328	0.922892	151.592524099
8.11220192909	0	7720	16343	0.707951	157.786999287
5.64012289047	0	7730	16356	0.827979	226.945409676
21.0570011139	0	7740	16378	0.987885	60.7873834017
16.2296249866	0	7750	16402	0.85557	78.8681193221
10.9247429371	0	7760	16425	0.99816	117.165228269
11.6486370564	0	7770	16451	0.769487	109.884100072
18.0041410923	0	7780	16486	0.867573	71.0947550032
4.04003190994	0	7790	16508	1.02633	316.829180693
14.4887211323	0	7800	16529	0.838541	88.3445811617
13.6373848915	0	7810	16554	0.863507	93.8596373266
11.1591238976	0	7820	16575	0.87964	114.704345229
8.61706399918	0	7830	16591	0.90309	148.542473413
5.34686303139	0	7840	16614	0.966661	239.392704187
18.6506869793	0	7850	16633	0.826435	68.630179758
15.5178291798	0	7860	16669	0.915287	82.4857642891
7.67625498772	0	7870	16692	0.695069	166.747978285
7.32861089706	0	7880	16710	0.897735	174.657928764
3.37959694862	0	7890	16727	0.80519	378.743388475
3.555768013	0	7900	16741	0.99893	359.978489969
19.7928371429	0	7910	16762	1.00245	64.6698596445
8.57640886307	0	7920	16784	0.762246	149.246615971
8.87384915352	0	7930	16804	0.987756	144.24405665
7.38533997536	0	7940	16823	1.05972	173.316327247
14.8998048306	0	7950	16847	0.905507	85.9071655338
5.3636610508	0	7960	16860	0.904705	238.642969397
5.66607713699	0	7970	16875	0.874234	225.905854977
22.1648788452	0	7980	16890	0.816832	57.7490185685
13.8574249744	0	7990	16917	1.05595	92.3692534768
9.95139813423	0	8000	16938	0.850222	128.62514219
9.28183293343	0	8010	16952	0.809302	137.9037965
14.8001799583	0	8020	16989	0.96944	86.48543488
10.9321341515	0	8030	17014	0.838754	117.086012874
15.1637818813	0	8040	17051	0.74631	84.4116599683
4.18844103813	0	8050	17067	0.742421	305.602965005
8.88886189461	0	8060	17097	0.857711	144.000437309
5.08357310295	0	8070	17116	0.641217	251.791402244
8.75444602966	0	8080	17133	0.875292	146.211421678
7.62152099609	0	8090	17148	0.954537	167.945479735
3.39179801941	0	8100	17165	0.951951	377.380962155
24.6505138874	0	8110	17212	0.856217	51.9258951698
16.7247490883	0	8120	17229	0.774279	76.533285686
17.0432949066	0	8130	17250	0.750129	75.102848775
23.6521370411	0	8140	17277	0.974188	54.1177314243
22.1014149189	0	8150	17318	1.01776	57.9148441264
10.5743420124	0	8160	17338	0.794054	121.047720841
4.8418982029	0	8170	17351	0.88642	264.35913073
33.0303349495	0	8180	17370	0.863258	38.7522561293
22.5905790329	0	8190	17400	0.839687	56.6607875848
7.82695388794	0	8200	17419	0.757026	163.537439766
7.36844801903	0	8210	17432	0.889738	173.71364997
9.61140108109	0	8220	17445	0.790427	133.175172818
10.5354948044	0	8230	17462	0.848432	121.494056403
3.46395206451	0	8240	17476	0.968186	369.520125037
3.3927731514	0	8250	17487	0.875975	377.272497418
6.37517094612	0	8260	17502	0.841719	200.778929823
17.9789049625	0	8270	17537	0.803898	71.1945473135
4.47887206078	0	8280	17550	1.01298	285.78623873
14.6753749847	0	8290	17571	0.820534	87.2209399304
16.4089229107	0	8300	17592	0.997792	78.0063388052
5.37787508965	0	8310	17606	0.700457	238.012222051
22.9565799236	0	8320	17650	1.01279	55.7574344375
22.8402709961	0	8330	17672	0.989887	56.0413665941
14.4172999859	0	8340	17704	0.861356	88.7822269949
3.76315498352	0	8350	17724	0.814846	340.140123276
10.5833070278	0	8360	17748	1.05238	120.945182506
6.51969313622	0	8370	17765	0.708655	196.328258594
20.5014657974	0	8380	17787	0.755749	62.4345601748
3.4595310688	0	8390	17805	1.04593	369.992341316
6.51741099358	0	8400	17827	0.75654	196.397005078
5.76190304756	0	8410	17845	0.950936	222.148826427
7.21067905426	0	8420	17861	0.832712	177.514487938
7.40111589432	0	8430	17872	0.884144	172.946893182
39.5831151009	0	8440	17900	0.744809	32.3370203871
9.64488792419	0	8450	17915	0.866011	132.712791487
20.7123179436	0	8460	17951	0.85676	61.798974093
3.47116398811	0	8470	17968	0.9203	368.752385189
3.37225413322	0	8480	17986	0.795617	379.568072106
13.3578088284	0	8490	18004	0.846698	95.82409933
3.25253415108	0	8500	18015	0.891135	393.53929599
8.97013401985	0	8510	18029	0.777435	142.695749826
14.2772819996	0	8520	18049	0.892267	89.6529185343
10.3196129799	0	8530	18066	1.06322	124.035659331
8.97672605515	0	8540	18093	0.860828	142.590961575
26.3438789845	0	8550	18128	0.709595	48.5881369541
5.4106388092	0	8560	18153	0.912296	236.570956801
6.59961414337	0	8570	18170	1.00182	193.950732905
3.48602104187	0	8580	18192	0.843153	367.180801443
14.3204398155	0	8590	18213	0.798336	89.3827296151
4.95477104187	0	8600	18230	0.807716	258.336861418
10.3081381321	0	8610	18252	0.892999	124.173733762
12.7153060436	0	8620	18266	0.958572	100.666078788
9.86438894272	0	8630	18285	0.835787	129.759684805
10.6679060459	0	8640	18299	0.803538	119.986058603
25.6264128685	0	8650	18319	0.789116	49.948465537
10.037925005	0	8660	18375	0.887033	127.516394012
7.06235909462	0	8670	18403	0.699866	181.24255406
23.9777450562	0	8680	18430	0.84959	53.3828346662
17.9709758759	0	8690	18451	0.789729	71.2259595051
18.0970339775	0	8700	18471	0.799373	70.7298224444
17.3027219772	0	8710	18490	0.944299	73.9767998171
5.58174395561	0	8720	18502	0.937953	229.319010363
30.3504650593	0	8730	18540	0.894031	42.1739830839
4.74904704094	0	8740	18551	0.847978	269.527757667
10.2524440289	0	8750	18563	0.83855	124.848279727
3.48495602608	0	8760	18576	0.723781	367.29301329
13.5049860477	0	8770	18604	0.708271	94.7798091368
12.436978817	0	8780	18623	0.939064	102.918885594
7.29486608505	0	8790	18644	0.75306	175.46586669
6.27514195442	0	8800	18655	0.815605	203.979449277
4.65147995949	0	8810	18672	0.863822	275.181235037
9.00853419304	0	8820	18687	0.803428	142.08748866
13.4915177822	0	8830	18699	0.970355	94.8744255956
11.2642741203	0	8840	18720	0.850706	113.633598253
24.5577609539	0	8850	18755	0.943892	52.1220156187
39.0796580315	0	8860	18775	0.913249	32.7536131194
17.6058719158	0	8870	18801	0.758861	72.7030167049
14.9960939884	0	8880	18831	0.851977	85.3555599871
9.26714301109	0	8890	18846	0.881499	138.122396349
3.51217198372	0	8900	18857	0.84133	364.446845409
6.22747898102	0	8910	18867	0.946147	205.540637536
9.50392603874	0	8920	18886	0.823807	134.681182785
3.39951896667	0	8930	18906	0.856434	376.523858978
14.0941140652	0	8940	18924	0.813824	90.8180531306
11.9983830452	0	8950	18952	0.910751	106.681041535
12.361552	0	8960	18973	0.659217	103.546868548
3.42284703255	0	8970	18989	0.682686	373.957698906
13.6195218563	0	8980	19005	0.808649	93.982741355
6.41328620911	0	8990	19019	1.01532	199.58566611
16.0439689159	0	9000	19036	0.767676	79.7807579101
19.0877170563	0	9010	19051	0.944595	67.0588314059
6.05973291397	0	9020	19063	0.789398	211.230431798
8.16090202332	0	9030	19075	1.02516	156.845407082
3.23079204559	0	9040	19095	0.753858	396.18767842
16.948734045	0	9050	19118	0.78489	75.5218647363
8.43716597557	0	9060	19132	0.941116	151.7097096
3.35824489594	0	9070	19147	0.939025	381.151476341
11.9093379974	0	9080	19178	0.9323	107.478686076
8.14101004601	0	9090	19188	0.792417	157.228647645
3.87358999252	0	9100	19200	0.90201	330.442819831
10.9829230309	0	9110	19219	0.824224	116.544566178
12.3337640762	0	9120	19248	0.941762	103.780159251
4.68587398529	0	9130	19263	0.717471	273.161421758
10.9254407883	0	9140	19274	0.89751	117.157744461
5.65201020241	0	9150	19295	0.871584	226.468097926
6.98002481461	0	9160	19308	0.851444	183.380436889
26.314535141	0	9170	19325	0.928667	48.6423185187
8.36161994934	0	9180	19358	0.901839	153.080384872
4.02978396416	0	9190	19380	0.81368	317.63489343
15.1089670658	0	9200	19403	0.895265	84.7179025823
8.89408993721	0	9210	19416	0.880702	143.915792289
12.4961500168	0	9220	19437	0.938433	102.431548779
3.17769598961	0	9230	19447	0.972788	402.807570071
3.81726312637	0	9240	19463	0.860831	335.318776208
10.2853059769	0	9250	19479	0.802177	124.449384674
9.65206098557	0	9260	19502	0.893103	132.614164158
7.57255983353	0	9270	19519	0.88018	169.031348466
7.64538216591	0	9280	19538	0.867856	167.421323385
37.0004179478	0	9290	19567	0.903974	34.5942038224
7.39210891724	0	9300	19588	0.963199	173.157621774
3.3326561451	0	9310	19599	0.962	384.078027937
21.0250298977	0	9320	19623	0.837013	60.8798183036
3.42492604256	0	9330	19635	0.765215	373.730697859
7.911039114	0	9340	19658	0.736036	161.799225305
5.04376888275	0	9350	19670	0.848285	253.778479894
3.33024406433	0	9360	19685	0.985162	384.356213921
5.69127392769	0	9370	19706	0.868459	224.905709383
9.52485990524	0	9380	19721	0.944747	134.385178652
11.0408530235	0	9390	19752	0.878805	115.933071228
8.66860818863	0	9400	19764	0.835705	147.659228811
17.2318849564	0	9410	19803	0.995877	74.2809044537
14.3923318386	0	9420	19832	0.970031	88.936248438
10.7138521671	0	9430	19849	0.890124	119.471501009
6.8953499794	0	9440	19861	0.762316	185.632346991
7.9187040329	0	9450	19879	0.751046	161.642611554
11.0446839333	0	9460	19901	0.92173	115.892859201
11.1918549538	0	9470	19923	0.805531	114.368887489
6.31239295006	0	9480	19935	1.01473	202.775715981
12.4131121635	0	9490	19954	0.76826	103.116767426
7.52587080002	0	9500	19969	0.897466	170.079985959
7.58161020279	0	9510	19987	0.95274	168.82957126
Training elapsed time: 12004.5950761 s
