Duration	Worker	LocalStep	GlobalStep	Loss	ExamplesPerSec
27.9593122005	1	10	25	4.69066	45.7808114455
12.1394000053	1	20	39	4.29174	105.441784556
13.6659009457	1	30	58	4.366	93.6637844142
16.5364940166	1	40	78	4.21881	77.4045573815
8.45893883705	1	50	98	4.04904	151.319216826
9.21813511848	1	60	119	4.20064	138.856719233
9.62326598167	1	70	138	4.08263	133.010975945
10.3836131096	1	80	158	3.95714	123.271156821
9.31934380531	1	90	169	3.98926	137.348726127
8.41662406921	1	100	181	4.04112	152.07997761
8.93090391159	1	110	201	3.8364	143.322558687
8.85671901703	1	120	217	3.69894	144.523044881
12.5945301056	1	130	238	3.75715	101.631421678
13.7989881039	1	140	264	3.92377	92.7604249214
12.4922099113	1	150	290	3.69665	102.463856202
8.43938994408	1	160	309	3.52928	151.669730689
9.16832995415	1	170	324	3.69615	139.611031278
10.3165769577	1	180	339	3.58596	124.072161265
20.1099572182	1	190	359	3.56766	63.6500608188
8.33895778656	1	200	377	3.45907	153.496400001
9.31921005249	1	210	393	3.50153	137.350697408
16.7830750942	1	220	420	3.31437	76.2673105384
7.97298908234	1	230	438	3.36456	160.542048507
13.0081019402	1	240	460	3.27584	98.4002128742
18.4661049843	1	250	487	3.18462	69.3161877445
8.41371393204	1	260	511	3.27073	152.132579065
7.97835493088	1	270	527	3.35118	160.434075833
18.0106852055	1	280	552	3.12129	71.0689229976
13.3667528629	1	290	570	3.01656	95.7599809861
16.9438669682	1	300	583	3.5188	75.5435581739
8.11016201973	1	310	603	3.2599	157.826686679
8.49677205086	1	320	623	3.01265	150.645444216
14.1221020222	1	330	646	3.06644	90.6380649276
8.16202902794	1	340	659	3.18421	156.823750028
10.1435849667	1	350	678	2.94326	126.188128182
9.70299386978	1	360	692	3.0894	131.91804686
12.5281670094	1	370	717	2.9017	102.16977464
9.39148020744	1	380	732	2.79608	136.293744088
9.37353396416	1	390	755	3.07495	136.554687367
7.94132995605	1	400	773	2.91656	161.18206989
14.0995869637	1	410	787	2.81547	90.7828011771
11.1858019829	1	420	807	2.72882	114.430775903
7.90780496597	1	430	827	3.13634	161.865398237
13.2082071304	1	440	849	2.67326	96.9094432999
11.4264979362	1	450	873	2.67334	112.020323912
8.06810808182	1	460	887	2.56941	158.649337245
15.3061800003	1	470	913	2.73592	83.6263522299
8.00090789795	1	480	932	2.66543	159.981844101
13.6580688953	1	490	957	2.71714	93.7174947504
9.92297911644	1	500	979	2.46349	128.993519484
11.3760530949	1	510	999	2.39896	112.517055725
8.20070290565	1	520	1015	2.6753	156.084181408
23.5325629711	1	530	1038	2.53914	54.3927153864
12.2751550674	1	540	1064	2.6795	104.275668451
9.68699288368	1	550	1079	2.51476	132.135949243
9.2572581768	1	560	1100	2.37233	138.269882459
7.93871593475	1	570	1120	2.40051	161.235143129
9.21978998184	1	580	1134	2.2606	138.831795792
9.09801197052	1	590	1156	2.37843	140.690076486
19.355257988	1	600	1184	2.59226	66.131900737
12.9862980843	1	610	1209	2.27982	98.5654257815
10.3459649086	1	620	1232	2.53928	123.719731442
9.5054731369	1	630	1253	2.25968	134.659262255
19.6152877808	1	640	1274	2.42828	65.2552241041
12.8928251266	1	650	1289	2.33833	99.2800249306
11.3180558681	1	660	1308	2.27965	113.093627997
8.33281803131	1	670	1324	2.47366	153.609498634
15.1093370914	1	680	1351	1.93229	84.7158278522
13.1096708775	1	690	1377	2.26178	97.6378439981
8.49433922768	1	700	1397	2.11859	150.688589859
14.8771808147	1	710	1418	2.10947	86.0378062174
14.2241630554	1	720	1445	2.19809	89.9877198407
9.2904689312	1	730	1461	2.29775	137.775607397
9.08656215668	1	740	1482	2.18404	140.867357525
9.26810693741	1	750	1502	1.85386	138.108030976
8.07994008064	1	760	1520	1.89229	158.417016367
9.58479595184	1	770	1541	2.09168	133.544835637
12.1852049828	1	780	1561	1.82004	105.045422035
11.7248020172	1	790	1582	1.94804	109.170286894
13.2061588764	1	800	1603	2.00978	96.9244737988
12.4390490055	1	810	1617	1.81506	102.901757155
8.04842209816	1	820	1631	1.84716	159.037384519
13.264332056	1	830	1646	2.38517	96.4993936062
12.5657968521	1	840	1665	2.04628	101.863814533
7.77339601517	1	850	1676	1.9491	164.664195353
18.603438139	1	860	1703	2.00932	68.8044860546
23.322660923	1	870	1728	1.78746	54.8822453933
9.21428108215	1	880	1750	1.86146	138.914798516
7.47044587135	1	890	1767	1.83737	171.341847869
13.3773901463	1	900	1784	1.84915	95.6838356365
7.75647091866	1	910	1804	1.94007	165.023502753
11.9138600826	1	920	1820	2.62209	107.437890921
8.48811578751	1	930	1847	1.87113	150.79907391
7.5821750164	1	940	1867	2.13371	168.816994758
11.8976991177	1	950	1888	1.84255	107.5838267
17.8631169796	1	960	1908	1.7136	71.6560274146
30.7411649227	1	970	1950	1.89578	41.6379796673
9.06418013573	1	980	1978	1.80618	141.215198819
9.391466856	1	990	1997	1.70821	136.293937851
10.1154370308	1	1000	2018	1.84055	126.539268259
7.51427698135	1	1010	2032	1.64552	170.342403291
8.89764714241	1	1020	2052	1.85919	143.858255954
9.77900481224	1	1030	2074	1.5629	130.892664906
20.2036261559	1	1040	2089	1.69782	63.3549636152
9.70630884171	1	1050	2111	1.70686	131.872993212
11.0227050781	1	1060	2134	2.26632	116.123945159
10.5761239529	1	1070	2155	1.57508	121.027325862
11.1493849754	1	1080	2180	1.61125	114.804538799
11.426525116	1	1090	2197	1.70267	112.020057455
10.2300519943	1	1100	2211	1.67867	125.121553704
8.15442109108	1	1110	2230	1.51209	156.970063933
28.3471479416	1	1120	2247	1.6826	45.1544544318
8.74685692787	1	1130	2268	1.64654	146.338280202
17.5118420124	1	1140	2297	1.65157	73.0933958343
11.0971300602	1	1150	2318	1.39678	115.345138162
8.32363605499	1	1160	2334	1.77311	153.778948472
13.3843128681	1	1170	2362	1.67986	95.6343454171
8.01555395126	1	1180	2376	1.47212	159.689524615
15.34593606	1	1190	2397	1.69979	83.4097050189
13.0083041191	1	1200	2421	1.43595	98.3986835086
23.0144598484	1	1210	2445	1.64249	55.6172079828
22.3089540005	1	1220	2484	1.6739	57.3760652325
8.38827013969	1	1230	2504	1.23677	152.594036516
9.09027290344	1	1240	2525	1.5228	140.809853961
13.4283149242	1	1250	2553	1.49977	95.3209696988
8.32195520401	1	1260	2571	1.65243	153.81000842
17.4980978966	1	1270	2601	1.39257	73.150808023
11.1339879036	1	1280	2622	1.42687	114.963300758
11.1390800476	1	1290	2638	1.90032	114.910746177
11.6937830448	1	1300	2658	1.40441	109.459872404
29.0215089321	1	1310	2691	1.43885	44.1052187532
20.7721271515	1	1320	2720	1.34205	61.6210362408
8.76621890068	1	1330	2742	1.39306	146.015062423
8.34274291992	1	1340	2755	1.48871	153.426758116
12.3696210384	1	1350	2777	1.31559	103.479322125
8.25975704193	1	1360	2793	1.51959	154.968238594
8.24656009674	1	1370	2813	1.61937	155.216233797
9.03385186195	1	1380	2835	1.66438	141.68928377
10.1780581474	1	1390	2855	1.60682	125.760727779
11.005781889	1	1400	2873	1.33442	116.302504712
17.9786291122	1	1410	2897	1.54866	71.195639668
8.49132800102	1	1420	2918	1.36731	150.742027613
10.2811999321	1	1430	2938	1.20546	124.499086532
12.0594739914	1	1440	2959	1.30123	106.140616159
7.91227507591	1	1450	2973	1.52616	161.773950946
16.7321739197	1	1460	2994	1.19672	76.4993243642
8.80753898621	1	1470	3014	1.24267	145.330040776
12.7566978931	1	1480	3032	1.49554	100.339446048
8.53379201889	1	1490	3050	1.44907	149.991937601
8.69982719421	1	1500	3071	1.4751	147.129359173
7.95054578781	1	1510	3089	1.25275	160.995236574
14.4234800339	1	1520	3116	1.35945	88.744186354
9.260420084	1	1530	3131	1.29634	138.222671152
8.39969086647	1	1540	3150	1.27073	152.386560452
16.7001900673	1	1550	3178	1.22165	76.6458342595
7.82164502144	1	1560	3191	1.05372	163.648439234
10.2522139549	1	1570	3212	1.15362	124.851081496
16.7181310654	1	1580	3238	1.25019	76.5635820772
12.5234179497	1	1590	3256	1.43126	102.208518884
10.9528930187	1	1600	3274	1.28853	116.864101367
9.10784697533	1	1610	3296	1.29135	140.538153909
9.06601810455	1	1620	3319	1.42791	141.186570029
10.5173840523	1	1630	3340	1.15273	121.703267052
12.0885457993	1	1640	3357	1.26011	105.885358029
10.0275161266	1	1650	3384	1.15271	127.648760055
8.13690090179	1	1660	3403	1.55795	157.308048291
14.7778961658	1	1670	3419	1.28181	86.6158474545
14.0742418766	1	1680	3440	1.25138	90.9462840857
8.17150807381	1	1690	3463	1.19703	156.641832626
11.5773348808	1	1700	3486	1.29664	110.560851282
9.08211112022	1	1710	3503	1.30816	140.93639497
9.44110703468	1	1720	3514	1.25325	135.577321102
11.232970953	1	1730	3529	1.40822	113.950263502
14.4493730068	1	1740	3548	1.41865	88.585158636
11.6914858818	1	1750	3573	1.10249	109.481379265
11.0322999954	1	1760	3592	1.11171	116.022950838
25.2890751362	1	1770	3626	1.24188	50.6147414687
23.5295760632	1	1780	3656	1.34478	54.3996201446
9.44351792336	1	1790	3675	1.23479	135.542708807
7.90324902534	1	1800	3696	1.0086	161.958707855
8.029971838	1	1810	3717	1.33876	159.402800635
10.053850174	1	1820	3734	1.36288	127.314409689
9.65204286575	1	1830	3759	1.20061	132.614413115
14.8795659542	1	1840	3784	1.04895	86.0240146748
14.2528049946	1	1850	3808	1.37609	89.8068836616
8.46971416473	1	1860	3827	1.1809	151.126705707
11.4462418556	1	1870	3848	1.2922	111.827097151
14.0669541359	1	1880	3874	1.26202	90.9934011041
7.92429089546	1	1890	3891	1.32159	161.528648668
10.0764319897	1	1900	3913	1.36121	127.02909138
8.7520570755	1	1910	3929	1.14176	146.251331425
8.06000089645	1	1920	3940	1.02562	158.808915339
11.4484231472	1	1930	3958	1.20761	111.805790504
13.0847799778	1	1940	3976	1.09168	97.8235783996
8.07940196991	1	1950	3990	1.17294	158.427567383
12.4925129414	1	1960	4006	1.09724	102.461370743
7.8651599884	1	1970	4021	1.17691	162.743034075
13.7039651871	1	1980	4045	1.14384	93.4036231504
16.1082928181	1	1990	4066	1.12745	79.462176064
17.6666719913	1	2000	4087	1.07884	72.4528083516
20.6259021759	1	2010	4122	1.02968	62.0578915329
12.101020813	1	2020	4137	1.11151	105.776200189
7.85553002357	1	2030	4149	1.02414	162.942538079
12.4517819881	1	2040	4168	1.27224	102.79653155
11.9711070061	1	2050	4187	1.12159	106.924113146
12.6701869965	1	2060	4204	1.09117	101.024554757
9.8194861412	1	2070	4222	1.22779	130.353053265
15.1512908936	1	2080	4242	1.18136	84.4812504091
12.0887880325	1	2090	4267	1.10968	105.883236314
10.2226529121	1	2100	4280	1.23972	125.212115779
11.1097691059	1	2110	4303	1.06226	115.213915591
7.75475311279	1	2120	4322	1.21629	165.060058184
10.8766059875	1	2130	4338	0.972663	117.683770237
9.28432488441	1	2140	4356	1.1119	137.866782554
9.24735808372	1	2150	4373	1.35101	138.417912274
10.8123559952	1	2160	4394	1.13003	118.383079559
14.453127861	1	2170	4420	1.13634	88.5621446311
16.2810981274	1	2180	4447	1.03729	78.6187755879
8.84834194183	1	2190	4465	1.15756	144.659870563
15.3326759338	1	2200	4482	1.09205	83.48184006
15.0067260265	1	2210	4509	1.07135	85.2950868655
9.612596035	1	2220	4533	1.02401	133.158617645
8.29602599144	1	2230	4549	0.885325	154.290741292
7.98036313057	1	2240	4567	1.13021	160.393703777
18.4774048328	1	2250	4586	1.11981	69.2737974613
17.6758821011	1	2260	4612	1.29725	72.4150564414
12.8145849705	1	2270	4639	1.10418	99.8861846052
11.4816830158	1	2280	4660	1.08694	111.481914127
9.38516688347	1	2290	4679	1.00824	136.38542776
8.10006809235	1	2300	4697	1.08105	158.023362941
9.43346095085	1	2310	4713	1.11048	135.687210311
8.14692497253	1	2320	4728	1.0398	157.114494649
11.8775639534	1	2330	4749	1.14516	107.766205682
19.9268350601	1	2340	4769	1.11268	64.2349874497
9.8216650486	1	2350	4785	1.21468	130.324134825
14.9003810883	1	2360	4811	1.08175	85.903843158
20.2795410156	1	2370	4835	1.40076	63.1177993138
8.11315178871	1	2380	4849	0.967391	157.768526133
9.48141813278	1	2390	4866	1.09201	135.000901983
9.12596201897	1	2400	4886	0.979942	140.259185535
14.6394720078	1	2410	4905	1.02434	87.4348473307
9.54093599319	1	2420	4927	1.11028	134.158745108
9.70966696739	1	2430	4945	1.0847	131.82738443
12.0940859318	1	2440	4966	1.14212	105.836853419
8.61135601997	1	2450	4983	1.10301	148.640933789
15.4789221287	1	2460	5006	1.25262	82.6930964158
9.24964189529	1	2470	5025	1.02539	138.383735769
13.180907011	1	2480	5047	0.915383	97.1101608507
10.8639149666	1	2490	5065	0.971856	117.821246202
8.49195313454	1	2500	5086	0.911762	150.730930767
22.0527179241	1	2510	5105	1.10336	58.0427321659
13.6163249016	1	2520	5118	0.970678	94.0048074096
7.99559116364	1	2530	5138	1.11766	160.088225349
9.34973287582	1	2540	5161	1.17975	136.902306943
11.7175760269	1	2550	5187	1.07569	109.237609985
16.4594330788	1	2560	5210	1.0836	77.7669555127
14.1295008659	1	2570	5236	1.05617	90.5906027499
10.0431790352	1	2580	5259	1.28904	127.449684559
8.11650013924	1	2590	5278	1.07455	157.703440897
8.73167395592	1	2600	5299	1.04966	146.592738857
10.0140080452	1	2610	5317	1.02951	127.820947839
7.84971284866	1	2620	5337	1.05954	163.063289661
11.1523280144	1	2630	5358	1.00968	114.774242503
8.02549409866	1	2640	5379	0.999616	159.491737738
14.4033489227	1	2650	5400	0.979006	88.8682213329
15.5717029572	1	2660	5428	1.06406	82.200386401
8.04229402542	1	2670	5447	1.06077	159.158567935
10.0265800953	1	2680	5464	0.962507	127.660676705
9.91213202477	1	2690	5481	1.09539	129.134680289
18.9753668308	1	2700	5500	1.04062	67.4558764219
14.0449130535	1	2710	5517	0.771796	91.136199642
7.94655704498	1	2720	5537	0.905905	161.076047495
7.79247403145	1	2730	5554	1.17258	164.261054299
10.2549240589	1	2740	5573	0.928043	124.818086672
13.9134619236	1	2750	5596	0.936567	91.9972331134
19.0563428402	1	2760	5626	0.920757	67.1692365494
7.98344802856	1	2770	5645	0.996637	160.331725768
8.56516313553	1	2780	5662	1.04516	149.442570999
14.420938015	1	2790	5688	0.949003	88.7598295388
9.60273599625	1	2800	5706	1.20458	133.295344212
9.35579204559	1	2810	5724	0.996149	136.813643758
8.12644195557	1	2820	5743	1.24449	157.51050792
10.9204390049	1	2830	5759	1.31533	117.211405093
15.0384829044	1	2840	5783	0.889002	85.1149685865
11.5048630238	1	2850	5809	1.05204	111.25730027
9.10517406464	1	2860	5824	1.0442	140.579410225
9.03034496307	1	2870	5842	1.04152	141.744308244
9.26045489311	1	2880	5860	0.99613	138.222151587
7.92583417892	1	2890	5877	1.01335	161.497196523
11.0002949238	1	2900	5895	0.973872	116.360516592
10.9091579914	1	2910	5919	1.03133	117.33261183
10.2732079029	1	2920	5938	1.21653	124.59594044
8.02228307724	1	2930	5950	1.00643	159.555576346
10.7460711002	1	2940	5971	0.914079	119.113300858
11.5614960194	1	2950	5992	0.943385	110.712315937
8.57326984406	1	2960	6006	0.829126	149.301261162
9.71230196953	1	2970	6024	0.916016	131.79161892
14.1350820065	1	2980	6046	1.13499	90.5548336696
10.5966670513	1	2990	6062	1.03909	120.792697723
17.1576020718	1	3000	6092	1.11064	74.6024995012
7.98925685883	1	3010	6107	1.1023	160.215151749
9.0917391777	1	3020	6121	0.959863	140.78714479
8.10293388367	1	3030	6138	1.01148	157.967474297
11.2759919167	1	3040	6161	0.99064	113.515512379
21.0504221916	1	3050	6193	0.905786	60.8063813803
7.95756983757	1	3060	6217	0.890218	160.853128044
8.39847111702	1	3070	6231	1.05345	152.408692269
8.24395895004	1	3080	6249	1.31488	155.265207864
9.10726499557	1	3090	6269	0.990328	140.547134691
8.99398493767	1	3100	6292	1.02236	142.317338629
8.53710913658	1	3110	6313	1.02837	149.933657813
9.83630895615	1	3120	6331	0.961819	130.13011341
8.66612195969	1	3130	6348	1.11214	147.701590856
9.35673809052	1	3140	6365	1.13419	136.799810748
8.19189190865	1	3150	6385	1.15203	156.252061706
13.3221111298	1	3160	6402	1.02223	96.0808679295
13.1440639496	1	3170	6426	0.981814	97.3823624801
10.5134148598	1	3180	6446	0.809055	121.749214415
10.9988160133	1	3190	6464	1.03072	116.376162529
8.14013910294	1	3200	6484	1.15075	157.24547011
7.98090791702	1	3210	6501	0.898128	160.382755109
18.1272070408	1	3220	6521	0.997376	70.6120913784
8.03568911552	1	3230	6538	0.944008	159.289387829
7.92162585258	1	3240	6557	0.928819	161.582991146
12.3073151112	1	3250	6581	1.16041	104.003187408
11.8730919361	1	3260	6599	0.965386	107.806795979
9.6059949398	1	3270	6614	1.22072	133.250122244
8.37002706528	1	3280	6634	0.877714	152.926626165
16.3679978848	1	3290	6651	0.971602	78.20137863
16.3625922203	1	3300	6686	0.982912	78.2272138037
12.2958979607	1	3310	6707	0.925174	104.099757829
9.9166970253	1	3320	6730	0.903717	129.075235104
10.4980289936	1	3330	6751	1.05449	121.927649541
8.11020588875	1	3340	6767	1.11967	157.825832976
12.0449221134	1	3350	6781	0.950411	106.268848229
8.18017888069	1	3360	6799	0.922909	156.475795783
16.1228089333	1	3370	6827	1.15173	79.390632569
16.5173530579	1	3380	6848	0.977131	77.4942568289
7.92439007759	1	3390	6864	0.962674	161.526626966
14.9705140591	1	3400	6877	0.963477	85.5014059604
7.95884490013	1	3410	6899	0.841567	160.827358249
12.6505899429	1	3420	6923	0.985528	101.181052091
8.0738389492	1	3430	6938	1.03315	158.536726835
7.84356307983	1	3440	6953	0.868046	163.191139916
15.5371780396	1	3450	6975	1.17776	82.3830425797
8.14039587975	1	3460	6989	1.00551	157.240510033
13.9175322056	1	3470	7012	0.911793	91.9703278636
12.7330579758	1	3480	7033	1.04235	100.525734072
7.8430788517	1	3490	7045	0.950574	163.201215263
8.64064216614	1	3500	7062	1.03273	148.137137887
23.4956498146	1	3510	7084	0.832672	54.4781697931
9.9762711525	1	3520	7107	1.28156	128.304451677
11.2299230099	1	3530	7129	0.929657	113.981191044
7.70763802528	1	3540	7149	1.1123	166.069033834
9.49655580521	1	3550	7168	0.972712	134.785708235
8.06007218361	1	3560	7187	0.943975	158.807510757
9.74860501289	1	3570	7208	0.960072	131.300837228
12.2765460014	1	3580	7223	0.923885	104.263854007
8.68949890137	1	3590	7244	0.958533	147.304236358
12.9697899818	1	3600	7265	0.93899	98.6908810237
7.63134002686	1	3610	7278	1.00091	167.729389006
8.18981909752	1	3620	7289	0.893925	156.291608491
12.2274649143	1	3630	7309	0.960521	104.682369483
12.8397190571	1	3640	7336	0.968102	99.6906547806
12.1559889317	1	3650	7357	1.11462	105.297891204
7.8466629982	1	3660	7379	0.998802	163.126669298
8.39566588402	1	3670	7394	0.98573	152.459616388
13.7574470043	1	3680	7416	0.967469	93.040518317
17.9979450703	1	3690	7437	1.07852	71.1192302789
19.5987610817	1	3700	7472	0.891141	65.3102507176
7.88700699806	1	3710	7483	0.829102	162.292235865
14.5517148972	1	3720	7495	0.916381	87.9621411666
11.7663040161	1	3730	7516	0.804492	108.785222466
8.08710813522	1	3740	7531	1.01618	158.276602538
8.26933097839	1	3750	7546	1.19928	154.788821894
8.17820882797	1	3760	7566	0.989266	156.513489313
11.8963160515	1	3770	7591	1.03177	107.5963344
11.5654280186	1	3780	7611	0.79412	110.674676108
12.2712600231	1	3790	7635	0.797981	104.308766792
12.0860080719	1	3800	7658	0.816399	105.907591025
12.601115942	1	3810	7675	0.977886	101.578305119
8.76890802383	1	3820	7696	1.083	145.970284615
7.97095608711	1	3830	7711	0.94654	160.582994814
10.3435459137	1	3840	7735	1.00012	123.748665175
7.81812500954	1	3850	7754	1.09193	163.722119874
8.4780049324	1	3860	7772	1.18232	150.978916644
21.1837890148	1	3870	7795	1.19285	60.4235625225
10.7027220726	1	3880	7810	0.97779	119.59574315
8.51202487946	1	3890	7834	1.07795	150.375500322
13.1680781841	1	3900	7853	1.05616	97.2047691472
12.6874668598	1	3910	7873	0.79069	100.886963028
8.06309509277	1	3920	7889	0.880287	158.747972742
14.558259964	1	3930	7906	0.901419	87.9225953628
9.23082995415	1	3940	7922	1.00043	138.665754473
10.999669075	1	3950	7940	0.987915	116.367137163
13.7735099792	1	3960	7955	1.29251	92.9320123867
14.4556150436	1	3970	7973	0.952723	88.5469069379
11.867964983	1	3980	7994	1.15488	107.853368445
9.77288103104	1	3990	8013	0.78276	130.974683508
12.8905358315	1	4000	8025	0.945736	99.2976565704
10.294244051	1	4010	8045	0.955953	124.341330326
12.4646959305	1	4020	8069	0.844392	102.690030077
16.2338721752	1	4030	8087	1.04157	78.8474854418
8.07556581497	1	4040	8107	0.992187	158.502825601
9.94142413139	1	4050	8128	1.09266	128.754188845
12.9953708649	1	4060	8145	0.938812	98.4966118559
15.0345561504	1	4070	8167	1.08087	85.1371990761
12.3536689281	1	4080	8193	0.979387	103.612943446
9.06317210197	1	4090	8211	1.00984	141.230905206
14.3329389095	1	4100	8228	0.981889	89.304783065
12.8951749802	1	4110	8249	1.01696	99.2619333952
10.5223150253	1	4120	8272	0.962142	121.6462344
8.43739700317	1	4130	8293	0.840901	151.705555578
8.18612289429	1	4140	8314	1.0133	156.362177374
21.989287138	1	4150	8343	1.00357	58.2101635204
14.0635790825	1	4160	8356	1.04509	91.0152381902
8.05850982666	1	4170	8382	1.03554	158.838299826
16.0671901703	1	4180	8406	0.879785	79.6654540361
8.44834184647	1	4190	8429	0.903182	151.509020736
17.5356559753	1	4200	8456	0.963218	72.994132743
20.0225529671	1	4210	8487	0.952941	63.9279117955
16.0191609859	1	4220	8511	1.00109	79.9043096653
8.2114610672	1	4230	8537	0.99255	155.879689318
16.7542929649	1	4240	8558	1.05445	76.3983298298
18.9393970966	1	4250	8579	1.08339	67.5839887336
12.3748750687	1	4260	8612	0.88994	103.435387662
14.675673008	1	4270	8632	0.875168	87.219168709
9.04238700867	1	4280	8645	0.763234	141.555542665
10.6877028942	1	4290	8670	0.865396	119.763808245
8.57694292068	1	4300	8686	0.860812	149.237322883
8.99193310738	1	4310	8707	1.01258	142.349813407
7.85860705376	1	4320	8726	0.965084	162.878738082
14.8567569256	1	4330	8750	1.00242	86.1560841583
10.6580219269	1	4340	8768	0.800293	120.097332205
7.76718306541	1	4350	8785	0.865846	164.79590982
14.4083080292	1	4360	8806	0.971519	88.8376343293
13.0390880108	1	4370	8826	0.854013	98.166374745
15.0378210545	1	4380	8850	1.00858	85.1187146971
10.1217110157	1	4390	8863	0.793987	126.460832365
7.87270879745	1	4400	8878	1.06069	162.586986631
12.8057332039	1	4410	8899	0.942475	99.9552293977
14.7525818348	1	4420	8915	0.793756	86.7644737941
16.0051181316	1	4430	8935	1.07903	79.9744175252
7.98952198029	1	4440	8948	0.813986	160.209835226
7.70306301117	1	4450	8968	1.0071	166.16766579
16.2887430191	1	4460	8998	0.758449	78.5818769747
15.2391779423	1	4470	9021	0.841516	83.9940320172
11.8005280495	1	4480	9044	1.03929	108.469722256
10.1174759865	1	4490	9057	0.933953	126.513767041
11.3860900402	1	4500	9072	0.902139	112.417870883
7.98286986351	1	4510	9088	1.0591	160.343337908
7.93154191971	1	4520	9106	0.861797	161.380979002
9.57488107681	1	4530	9116	1.0452	133.683122509
17.1565260887	1	4540	9141	0.849962	74.607178247
11.1330578327	1	4550	9156	0.868639	114.97290495
8.89309406281	1	4560	9173	1.18021	143.931908395
13.9171769619	1	4570	9201	0.748099	91.9726754574
7.94246101379	1	4580	9216	0.984968	161.159116523
10.1328961849	1	4590	9232	1.07271	126.321238927
9.34914588928	1	4600	9252	1.02381	136.91090236
7.77600002289	1	4610	9269	0.843238	164.609053013
8.69972586632	1	4620	9287	1.00385	147.131072826
7.72434806824	1	4630	9305	0.784854	165.709777536
10.2661161423	1	4640	9326	0.890651	124.682010437
14.3226439953	1	4650	9352	0.952196	89.368974082
17.9380578995	1	4660	9379	0.956712	71.3566656532
8.62124490738	1	4670	9395	0.756572	148.47043713
9.88726806641	1	4680	9414	0.923688	129.459421086
20.2949681282	1	4690	9436	1.03017	63.0698206528
11.44389081	1	4700	9453	1.07991	111.850071034
10.0921390057	1	4710	9473	0.893413	126.8313882
17.2824680805	1	4720	9503	1.02469	74.0634956788
7.45207190514	1	4730	9519	0.85339	171.764311495
11.1378631592	1	4740	9530	1.06288	114.92330097
8.73362803459	1	4750	9546	0.946948	146.559939916
16.0907819271	1	4760	9564	0.886205	79.5486512587
10.6362218857	1	4770	9583	0.893863	120.343484158
13.5905880928	1	4780	9601	0.778134	94.1828264722
11.7625169754	1	4790	9617	0.968477	108.820246779
8.81060409546	1	4800	9638	0.903362	145.279482103
12.4224209785	1	4810	9659	0.969963	103.039496263
16.991850853	1	4820	9683	0.726452	75.330228065
12.997013092	1	4830	9708	0.928622	98.4841663954
12.6024401188	1	4840	9734	1.34084	101.567631977
14.9172790051	1	4850	9761	1.01296	85.8065334547
10.6261818409	1	4860	9783	0.814655	120.457189531
13.8620591164	1	4870	9803	0.942787	92.3383740652
10.3162479401	1	4880	9826	0.864283	124.076118317
18.6635649204	1	4890	9848	0.87973	68.5828246349
9.01317715645	1	4900	9865	0.817816	142.014295046
7.66002893448	1	4910	9883	0.771442	167.101196477
12.6661140919	1	4920	9906	0.869816	101.057040124
10.2978079319	1	4930	9925	0.960998	124.298298091
16.1270298958	1	4940	9951	0.850894	79.3698534865
7.89049601555	1	4950	9975	0.763327	162.220473526
21.3741209507	1	4960	10005	0.757244	59.8855037338
7.77473711967	1	4970	10036	1.03251	164.635791577
13.9922430515	1	4980	10069	0.927909	91.4792571346
8.41136193275	1	4990	10097	0.96037	152.175118635
8.5689599514	1	5000	10122	0.711033	149.37635457
4.08245515823	1	5010	10144	0.768031	313.536818015
8.63432693481	1	5020	10164	0.86382	148.245486841
5.70033788681	1	5030	10194	0.936992	224.54809266
6.30124211311	1	5040	10210	0.948983	203.134553001
5.01730585098	1	5050	10231	0.988716	255.116996655
9.25449800491	1	5060	10258	0.918467	138.311121718
2.81589698792	1	5070	10278	0.85013	454.562082879
3.01392006874	1	5080	10298	0.814058	424.696067184
2.89753699303	1	5090	10310	0.751932	441.754498072
2.72279000282	1	5100	10322	0.882424	470.106030459
2.85692596436	1	5110	10333	0.764981	448.034011371
7.97660207748	1	5120	10355	0.878874	160.469331122
2.79937005043	1	5130	10366	0.710405	457.245729197
2.83291387558	1	5140	10380	0.823096	451.8315968
13.0879051685	1	5150	10430	0.991701	97.8002196316
3.73208999634	1	5160	10445	0.878094	342.971364907
2.66853284836	1	5170	10467	0.765458	479.664322209
5.00403404236	1	5180	10490	0.83031	255.793623538
3.31391406059	1	5190	10511	0.823473	386.250209449
5.98243498802	1	5200	10535	0.73699	213.959700785
2.8243689537	1	5210	10549	0.799016	453.198580278
4.61580109596	1	5220	10564	0.886416	277.308309736
2.78382992744	1	5230	10579	0.706801	459.798203684
3.33566594124	1	5240	10590	0.795143	383.731471481
2.81116199493	1	5250	10605	0.728332	455.327726508
3.63031101227	1	5260	10618	0.783364	352.586870842
8.02873897552	1	5270	10643	0.78319	159.42727792
2.85499596596	1	5280	10668	0.772955	448.336885678
8.33633804321	1	5290	10694	0.736631	153.544637149
4.07757115364	1	5300	10707	0.739624	313.912363947
5.72959280014	1	5310	10717	0.760133	223.401565286
2.83031702042	1	5320	10734	0.872143	452.246158563
2.86410307884	1	5330	10749	0.719415	446.911289421
4.94166493416	1	5340	10771	0.653939	259.022013239
2.83530402184	1	5350	10790	0.721082	451.45070516
8.06368303299	1	5360	10813	0.847029	158.73639809
3.71747899055	1	5370	10831	0.718692	344.31936354
8.71279191971	1	5380	10859	0.781083	146.910429148
12.0311050415	1	5390	10885	0.751071	106.39089224
2.81178998947	1	5400	10903	0.93904	455.226032098
3.10766601562	1	5410	10918	0.831426	411.884672794
3.48851108551	1	5420	10940	0.810718	366.918713636
2.83481287956	1	5430	10953	0.701826	451.528920737
5.92410802841	1	5440	10972	0.782629	216.066282698
3.67236709595	1	5450	10986	0.848013	348.549032969
2.90542697906	1	5460	10998	0.819115	440.55486826
3.83388495445	1	5470	11021	0.812142	333.864999917
3.79726600647	1	5480	11038	0.856898	337.084628209
3.68000411987	1	5490	11053	0.749812	347.825697555
5.49586796761	1	5500	11078	0.813248	232.902247205
4.14820694923	1	5510	11103	0.826876	308.567054553
4.44124794006	1	5520	11115	0.746158	288.207282564
8.85562396049	1	5530	11132	0.6888	144.540916113
5.63543105125	1	5540	11158	0.940818	227.134355537
2.8437731266	1	5550	11179	0.955393	450.106229652
2.77814102173	1	5560	11198	0.717854	460.739750066
5.02109193802	1	5570	11222	0.869178	254.924629105
6.53231287003	1	5580	11233	0.798034	195.948973276
4.06319713593	1	5590	11243	0.969829	315.022864306
3.06795096397	1	5600	11258	0.763031	417.216577133
11.6074979305	1	5610	11291	0.722734	110.273549706
4.74403595924	1	5620	11309	0.765663	269.812457367
5.45728111267	1	5630	11332	0.810979	234.549031573
3.24873590469	1	5640	11342	0.810881	393.999400859
9.01267719269	1	5650	11357	0.817892	142.022173061
6.8007619381	1	5660	11373	0.716342	188.214204769
2.71352601051	1	5670	11388	0.835722	471.710974961
5.44796395302	1	5680	11412	0.778372	234.950159553
2.75570487976	1	5690	11429	0.813341	464.490958158
6.56546902657	1	5700	11450	0.889576	194.959414906
9.59792399406	1	5710	11469	0.825964	133.362172986
4.10240316391	1	5720	11487	0.742594	312.012239865
5.00458192825	1	5730	11498	0.777559	255.765620056
2.73181605339	1	5740	11519	0.815145	468.552777707
5.92780995369	1	5750	11546	0.779858	215.931349014
2.92036008835	1	5760	11556	0.831291	438.302113875
15.9994668961	1	5770	11608	0.847616	80.0026656085
2.88407588005	1	5780	11624	0.884906	443.816339526
2.82654213905	1	5790	11641	0.818382	452.850138802
6.04807591438	1	5800	11668	0.940499	211.63755517
7.25390505791	1	5810	11685	0.828664	176.45667951
6.35960698128	1	5820	11699	0.700127	201.270299213
7.02226400375	1	5830	11717	0.910316	182.27739648
7.89491200447	1	5840	11740	0.888645	162.129736123
4.44491291046	1	5850	11755	0.954352	287.969646601
4.25426602364	1	5860	11769	0.775939	300.874461749
2.82945799828	1	5870	11781	0.743216	452.383460288
3.8805949688	1	5880	11794	0.70949	329.846327765
5.00186800957	1	5890	11810	0.815631	255.904393629
4.0163731575	1	5900	11828	0.755302	318.695487148
2.78051805496	1	5910	11843	0.932	460.345868899
3.79200387001	1	5920	11854	0.601549	337.552398119
2.92374396324	1	5930	11864	0.767591	437.794832958
9.76591014862	1	5940	11902	0.719988	131.068172912
2.80955886841	1	5950	11918	0.717216	455.587535251
3.12072396278	1	5960	11936	0.814111	410.161236708
7.91080307961	1	5970	11950	0.845706	161.804052903
3.97092103958	1	5980	11973	0.901207	322.343352396
12.9078679085	1	5990	12004	0.849949	99.1643243544
10.5675981045	1	6000	12025	0.695405	121.12496968
2.8075799942	1	6010	12035	0.932429	455.908648246
7.34869384766	1	6020	12050	0.788669	174.180613118
5.41217803955	1	6030	12083	0.788301	236.503675719
6.50800800323	1	6040	12111	0.675357	196.680766121
2.83778095245	1	6050	12126	0.866584	451.056660625
7.61458301544	1	6060	12154	0.836442	168.09850223
8.22812414169	1	6070	12189	0.87402	155.56401167
2.91681098938	1	6080	12205	0.8117	438.83542837
7.55890703201	1	6090	12221	0.700676	169.336650733
5.78796291351	1	6100	12245	0.867976	221.148618111
8.16215395927	1	6110	12264	0.808716	156.821349657
7.26651096344	1	6120	12279	0.739395	176.150563378
9.30001807213	1	6130	12317	0.706255	137.634141146
11.3909449577	1	6140	12356	0.88047	112.369957431
9.59131217003	1	6150	12379	0.838331	133.454106936
5.12486696243	1	6160	12399	0.899958	249.762581035
8.38148999214	1	6170	12423	1.00693	152.717476391
2.74806904793	1	6180	12434	0.810185	465.781600708
2.99455595016	1	6190	12444	0.826527	427.442339132
5.18339204788	1	6200	12458	0.814551	246.942540363
5.88394498825	1	6210	12495	0.696097	217.54112293
4.86730480194	1	6220	12509	0.866025	262.979215826
12.9131572247	1	6230	12542	0.737749	99.1237059792
7.70829081535	1	6240	12568	0.695369	166.054969988
4.24480199814	1	6250	12587	0.768174	301.545278334
7.45413208008	1	6260	12612	0.833526	171.716839231
7.25340008736	1	6270	12638	0.915329	176.468964153
2.84158682823	1	6280	12649	0.884777	450.452538449
3.06607103348	1	6290	12659	0.843199	417.472389264
7.7548930645	1	6300	12682	0.953319	165.057079363
2.87268400192	1	6310	12696	0.74004	445.576331801
6.71771502495	1	6320	12707	0.815189	190.540979373
4.71572184563	1	6330	12723	0.80626	271.432463979
9.00165915489	1	6340	12735	0.886256	142.196008311
11.2383508682	1	6350	12761	0.853349	113.895714328
6.48899197578	1	6360	12787	0.717979	197.257140212
7.89160203934	1	6370	12816	0.905444	162.197738003
4.04559612274	1	6380	12832	0.960607	316.393421678
12.1855070591	1	6390	12853	0.745129	105.04281798
5.85029888153	1	6400	12863	0.801691	218.79224052
2.85384202003	1	6410	12883	0.856301	448.518169897
2.74534106255	1	6420	12901	0.83177	466.244437699
2.87009191513	1	6430	12916	0.890601	445.978748364
2.9009180069	1	6440	12929	0.808453	441.239634129
4.91356897354	1	6450	12940	0.843538	260.503110243
8.16506290436	1	6460	12964	0.822112	156.765479335
3.39819312096	1	6470	12975	0.876026	376.670764268
4.96525788307	1	6480	12993	0.683526	257.791242699
3.61656117439	1	6490	13008	0.832987	353.927374176
3.67951893806	1	6500	13026	0.74745	347.871561893
2.75965809822	1	6510	13036	0.924015	463.825573474
3.36826086044	1	6520	13050	0.9794	380.018072541
3.00160908699	1	6530	13069	0.77941	426.437941419
3.20980501175	1	6540	13084	0.841303	398.77811746
4.5582678318	1	6550	13099	0.841643	280.80842268
3.67019104958	1	6560	13118	0.906448	348.75568675
2.84293913841	1	6570	13133	0.708419	450.238270213
2.80612802505	1	6580	13150	0.673055	456.144548136
3.81701683998	1	6590	13163	0.862395	335.340412071
9.77875494957	1	6600	13193	0.753418	130.896009421
2.94563603401	1	6610	13206	0.92978	434.541126338
3.6575319767	1	6620	13225	0.945418	349.962764004
2.77568221092	1	6630	13239	0.729651	461.147891846
6.70202183723	1	6640	13257	0.885373	190.98714255
6.15358304977	1	6650	13267	0.974071	208.008893298
7.98715090752	1	6660	13279	0.698388	160.257395262
5.14903211594	1	6670	13303	0.839644	248.590409067
5.29838490486	1	6680	13319	0.804497	241.583052757
6.22188401222	1	6690	13346	0.875147	205.725467959
4.74174594879	1	6700	13362	0.756055	269.942762397
2.86176013947	1	6710	13377	0.845423	447.277178247
10.5901088715	1	6720	13404	0.692005	120.867501509
2.98395299911	1	6730	13417	0.922609	428.961180146
3.40484404564	1	6740	13429	0.874305	375.934986403
2.72749710083	1	6750	13439	0.733784	469.294724314
6.84838104248	1	6760	13462	0.800017	186.90548789
5.96293282509	1	6770	13487	0.727677	214.65947002
5.34192800522	1	6780	13510	0.806037	239.613862027
6.72199201584	1	6790	13524	0.931538	190.419744175
4.00552296638	1	6800	13548	0.826007	319.558771911
2.80614304543	1	6810	13560	0.736386	456.142106543
4.66068005562	1	6820	13572	0.703665	274.638032374
13.3956298828	1	6830	13595	0.832819	95.5535507623
4.52216911316	1	6840	13619	0.799865	283.050007191
2.73856592178	1	6850	13629	0.870005	467.397914295
2.71301698685	1	6860	13643	0.792928	471.799478664
2.82529616356	1	6870	13659	0.852541	453.049848901
8.5881319046	1	6880	13677	0.91094	149.042890144
8.2955930233	1	6890	13701	0.781137	154.298794119
8.03191900253	1	6900	13721	0.733608	159.364156884
5.68769097328	1	6910	13735	0.902842	225.047388477
7.70983314514	1	6920	13753	0.580713	166.021751172
3.01186585426	1	6930	13766	0.826484	424.985727099
5.10936713219	1	6940	13780	0.699827	250.520263446
2.87708377838	1	6950	13795	0.949875	444.894934801
7.92939114571	1	6960	13828	0.913729	161.4247521
9.38480687141	1	6970	13854	0.686409	136.390659663
4.08903717995	1	6980	13868	0.924446	313.032125576
5.89924383163	1	6990	13894	0.847842	216.976961206
5.11434602737	1	7000	13907	0.742171	250.276378084
4.6091401577	1	7010	13919	0.655313	277.709064208
2.86221981049	1	7020	13932	0.903418	447.205345764
5.18612217903	1	7030	13954	0.852082	246.812542361
2.8200109005	1	7040	13969	0.931936	453.898954708
3.70682907104	1	7050	13980	0.828048	345.308611611
5.80533289909	1	7060	13990	0.842634	220.486925082
3.8545589447	1	7070	14001	0.891303	332.074309503
4.68907618523	1	7080	14023	0.696025	272.974878086
8.20457386971	1	7090	14048	0.69132	156.010540014
12.3203611374	1	7100	14083	0.752419	103.893058469
5.12225389481	1	7110	14098	0.753912	249.889994968
3.13185095787	1	7120	14111	0.928851	408.703995566
7.68047094345	1	7130	14131	0.779083	166.656447166
2.85999703407	1	7140	14149	0.674595	447.552911682
13.7110359669	1	7150	14183	0.693458	93.3554549118
3.29131317139	1	7160	14196	0.830603	388.902524113
12.4237430096	1	7170	14213	0.847355	103.02853166
5.17879199982	1	7180	14237	0.837588	247.16188641
10.1547520161	1	7190	14249	0.829011	126.04936073
3.42895197868	1	7200	14277	0.74841	373.291900253
6.867800951	1	7210	14304	0.844575	186.376979929
6.30801796913	1	7220	14329	0.789367	202.916352849
5.31900906563	1	7230	14349	0.810437	240.646327954
2.79331088066	1	7240	14366	0.77026	458.237573505
5.85308504105	1	7250	14384	0.770626	218.68809201
4.03034305573	1	7260	14406	0.816444	317.59083093
3.25835108757	1	7270	14417	0.78505	392.836734164
5.81472682953	1	7280	14433	0.766398	220.130719383
5.44588303566	1	7290	14453	0.837719	235.03993597
8.1499171257	1	7300	14470	0.724497	157.056811776
7.01748394966	1	7310	14497	0.857587	182.401557194
4.18217492104	1	7320	14521	0.641295	306.060847327
2.88311910629	1	7330	14531	0.968614	443.963621623
2.76447987556	1	7340	14549	0.879977	463.016573683
4.74444007874	1	7350	14568	0.603524	269.789475419
11.187224865	1	7360	14598	0.804481	114.416221668
3.49049711227	1	7370	14621	0.798215	366.709943835
17.7392179966	1	7380	14660	0.728687	72.1565065746
4.58904099464	1	7390	14673	0.743856	278.925379288
2.99917006493	1	7400	14689	0.825775	426.78473454
2.94347000122	1	7410	14703	0.780196	434.860895293
2.82279086113	1	7420	14721	0.960903	453.451942766
5.47920799255	1	7430	14746	0.789165	233.610405325
5.13686418533	1	7440	14769	0.808566	249.179256803
2.7822508812	1	7450	14787	0.933056	460.05915881
7.25540995598	1	7460	14813	0.77989	176.420079329
5.00082612038	1	7470	14825	0.982882	255.957709624
7.71402597427	1	7480	14842	0.765696	165.93151284
5.41028499603	1	7490	14871	0.70594	236.586427691
6.26113700867	1	7500	14897	0.722001	204.435711633
3.01501393318	1	7510	14911	0.779501	424.541985001
9.30066800117	1	7520	14928	0.844404	137.624523296
9.00785303116	1	7530	14959	0.709304	142.098233128
7.56078696251	1	7540	14981	0.853113	169.2945465
6.43514299393	1	7550	14996	0.681768	198.907778927
3.57106113434	1	7560	15012	0.770473	358.436876841
3.93652582169	1	7570	15026	0.837139	325.159812988
7.2497689724	1	7580	15038	0.745585	176.557350293
4.04053401947	1	7590	15060	0.853385	316.789808929
4.51622509956	1	7600	15087	0.836552	283.422542451
2.92261004448	1	7610	15101	0.908767	437.964689274
3.44185590744	1	7620	15114	0.707625	371.892384348
2.93452191353	1	7630	15131	0.764133	436.186894396
2.74495220184	1	7640	15150	0.80226	466.310487716
6.01113986969	1	7650	15177	0.79113	212.937983103
2.73280405998	1	7660	15197	0.852553	468.383379088
2.79814696312	1	7670	15218	0.795933	457.445594127
2.65176606178	1	7680	15237	0.824381	482.697179984
6.44954800606	1	7690	15266	0.964582	198.463520048
4.00971388817	1	7700	15278	0.828936	319.224771567
6.31304907799	1	7710	15299	0.879694	202.754641091
7.01830005646	1	7720	15316	0.747657	182.38034705
2.77356100082	1	7730	15326	0.766832	461.500576198
4.70224499702	1	7740	15338	0.703175	272.2104018
2.64441299438	1	7750	15356	0.710453	484.039370067
4.8295879364	1	7760	15374	0.847074	265.032962823
5.21639609337	1	7770	15395	0.923334	245.380139293
2.78743696213	1	7780	15409	0.846539	459.203209755
3.11400699615	1	7790	15421	0.752014	411.045961547
2.74290299416	1	7800	15436	0.915183	466.658865708
4.10596299171	1	7810	15454	0.954254	311.741728453
2.88443899155	1	7820	15467	0.780721	443.760469107
12.4274208546	1	7830	15506	0.818485	102.998040782
2.68393111229	1	7840	15525	0.834211	476.912389494
3.08781504631	1	7850	15536	0.821323	414.532600173
2.62465190887	1	7860	15556	0.815419	487.683717476
3.58136916161	1	7870	15574	0.736263	357.405210756
7.18204784393	1	7880	15598	0.819622	178.222148865
4.27680015564	1	7890	15615	0.903437	299.289177286
13.0045018196	1	7900	15651	0.804196	98.427453643
2.91911411285	1	7910	15662	0.796036	438.489195871
2.92454600334	1	7920	15677	0.750378	437.674770216
4.15149497986	1	7930	15687	0.931053	308.322665982
2.82749199867	1	7940	15698	0.776032	452.698009615
2.88071298599	1	7950	15711	0.737725	444.334442974
6.87172102928	1	7960	15737	0.750783	186.270658332
6.95102787018	1	7970	15761	0.704561	184.145427684
13.7355000973	1	7980	15785	0.801903	93.1891806585
3.94664096832	1	7990	15810	0.892894	324.326436145
3.01522302628	1	8000	15823	0.722258	424.512544792
5.08549308777	1	8010	15840	0.920365	251.696340534
7.11243796349	1	8020	15874	0.870466	179.966420315
3.02338695526	1	8030	15888	0.736974	423.366250811
3.47624397278	1	8040	15904	0.811839	368.213511486
3.68398690224	1	8050	15915	0.977278	347.449660916
3.97649312019	1	8060	15926	0.806746	321.891667183
3.44369602203	1	8070	15937	0.740066	371.693666285
2.8759059906	1	8080	15949	0.732321	445.077135408
3.26179099083	1	8090	15962	0.766595	392.422446318
2.71972489357	1	8100	15973	0.716331	470.635836377
11.5464851856	1	8110	15998	0.876962	110.856245812
3.60760498047	1	8120	16021	0.957406	354.806029743
7.26985192299	1	8130	16039	0.76643	176.069610985
10.5368180275	1	8140	16073	0.802132	121.47879907
2.72097396851	1	8150	16084	0.867434	470.419788949
7.30639004707	1	8160	16114	0.875406	175.189114153
4.39158296585	1	8170	16134	0.708471	291.466655635
3.84296607971	1	8180	16157	0.650739	333.076059858
3.1307079792	1	8190	16168	0.781108	408.853207806
10.7530288696	1	8200	16183	0.871631	119.036228352
2.75502204895	1	8210	16205	0.829823	464.606082005
2.76129794121	1	8220	16215	0.734356	463.550122896
6.19829916954	1	8230	16235	0.954375	206.508263798
5.40633201599	1	8240	16251	0.873587	236.759414001
2.77257084846	1	8250	16261	0.849846	461.665389257
5.49523615837	1	8260	16272	0.957299	232.929024906
4.25039887428	1	8270	16285	0.841395	301.148206994
2.72467803955	1	8280	16301	0.915391	469.780275475
10.484582901	1	8290	16326	0.756514	122.084017274
5.00272107124	1	8300	16345	0.832974	255.86075693
3.77189993858	1	8310	16356	0.751454	339.351525979
3.58254003525	1	8320	16374	0.776959	357.288400801
3.51478600502	1	8330	16391	0.90418	364.175798519
7.83254003525	1	8340	16421	0.77201	163.420805287
8.72835707664	1	8350	16456	1.03461	146.648445837
5.93097186089	1	8360	16484	0.811099	215.816232149
6.36156010628	1	8370	16504	0.964642	201.208505243
2.75168800354	1	8380	16516	0.751744	465.169015656
6.67503786087	1	8390	16528	0.889003	191.759211959
2.7805120945	1	8400	16541	0.773675	460.346855722
6.51871609688	1	8410	16559	0.804399	196.3576847
5.81485891342	1	8420	16585	0.867869	220.125719137
4.88223290443	1	8430	16600	0.86297	262.175120494
6.17073607445	1	8440	16613	0.918865	207.430683237
2.8668859005	1	8450	16623	0.706999	446.477482685
6.80240106583	1	8460	16634	0.922519	188.168852088
5.62517094612	1	8470	16645	0.836068	227.548640256
6.12650609016	1	8480	16660	0.819442	208.928218003
9.4174580574	1	8490	16674	0.909524	135.917780806
6.30330491066	1	8500	16701	0.83868	203.068075897
6.06908297539	1	8510	16712	0.850452	210.905009075
3.19071102142	1	8520	16723	0.929987	401.164502647
2.74614596367	1	8530	16734	0.789645	466.10778048
5.69968700409	1	8540	16754	0.999202	224.573735204
6.51263594627	1	8550	16780	0.757756	196.541002838
5.89742517471	1	8560	16790	0.833336	217.04387289
5.86380982399	1	8570	16807	0.663206	218.28811616
12.7116131783	1	8580	16827	0.875191	100.695323406
3.38273692131	1	8590	16845	0.779382	378.391825843
3.17484593391	1	8600	16863	0.783646	403.169169983
2.8121111393	1	8610	16880	0.882862	455.174044195
2.85260605812	1	8620	16891	0.949957	448.712501453
5.40676784515	1	8630	16915	1.00555	236.74032928
9.75622606277	1	8640	16942	0.772268	131.198271931
8.16236805916	1	8650	16976	0.790293	156.817236214
3.76334381104	1	8660	16992	0.908622	340.123056588
8.29435014725	1	8670	17011	0.764628	154.321915192
4.67866897583	1	8680	17025	0.887905	273.582082129
5.71655702591	1	8690	17038	0.803509	223.91099996
5.84837293625	1	8700	17057	0.710755	218.86429165
2.84929895401	1	8710	17067	0.938119	449.233309898
2.85822415352	1	8720	17085	0.947446	447.83051687
5.00464296341	1	8730	17104	0.854392	255.762500813
4.7933049202	1	8740	17130	0.664093	267.039135067
6.0148370266	1	8750	17148	0.766759	212.80709591
2.80194807053	1	8760	17163	0.707917	456.82502594
3.4812848568	1	8770	17178	0.814305	367.680340062
5.35961818695	1	8780	17189	0.751723	238.822982413
5.27383995056	1	8790	17207	0.824277	242.707403334
3.71189498901	1	8800	17218	0.693691	344.837341517
4.47292804718	1	8810	17233	0.731192	286.166016198
3.35790681839	1	8820	17244	0.754248	381.189851067
3.03314304352	1	8830	17254	0.78139	422.004495546
4.1344461441	1	8840	17265	0.701109	309.594067836
6.02043485641	1	8850	17277	0.647612	212.60922683
6.44670200348	1	8860	17299	0.722119	198.551135031
3.85627007484	1	8870	17310	0.783701	331.926959253
3.94928193092	1	8880	17325	0.808555	324.10955267
3.34732103348	1	8890	17335	0.985159	382.39535055
2.81326389313	1	8900	17350	0.942398	454.987533564
2.81004405022	1	8910	17370	0.902315	455.508873571
6.35269999504	1	8920	17382	0.755699	201.489130763
5.74716901779	1	8930	17393	0.800039	222.718349858
4.72679710388	1	8940	17403	0.739442	270.796476318
2.81978297234	1	8950	17420	0.797498	453.935644182
6.33282589912	1	8960	17439	0.79944	202.12145737
6.79015517235	1	8970	17453	0.644143	188.508210418
9.00109887123	1	8980	17492	0.864169	142.204859463
4.98695397377	1	8990	17524	0.705928	256.669703938
9.01418209076	1	9000	17547	0.774806	141.998462768
4.53477406502	1	9010	17567	0.875921	282.263235532
2.88247084618	1	9020	17577	0.825415	444.063467874
3.25787901878	1	9030	17592	0.785705	392.893656462
5.58671092987	1	9040	17609	0.854937	229.115129826
2.97244215012	1	9050	17630	0.829131	430.622341952
3.05671405792	1	9060	17643	0.792761	418.750323303
3.59967279434	1	9070	17666	0.845562	355.587875101
2.7439661026	1	9080	17679	0.845653	466.478065741
10.2238659859	1	9090	17697	0.811982	125.197259214
4.13884592056	1	9100	17718	0.684482	309.264955634
2.79070210457	1	9110	17732	0.829547	458.665938548
2.92211103439	1	9120	17747	0.841187	438.039480682
3.01041698456	1	9130	17758	0.841879	425.19026652
2.81701397896	1	9140	17768	0.651227	454.381841752
4.55893206596	1	9150	17786	0.745279	280.767509031
2.7852768898	1	9160	17802	0.913311	459.559336699
2.73195791245	1	9170	17818	0.823733	468.528447737
4.19239711761	1	9180	17830	0.81824	305.314588311
2.73720908165	1	9190	17846	0.67047	467.629604396
3.44931387901	1	9200	17864	0.858173	371.088293179
3.77713608742	1	9210	17879	0.897412	338.881091487
2.93652200699	1	9220	17900	0.906001	435.889803296
5.29931902885	1	9230	17915	0.9058	241.540468319
6.29416584969	1	9240	17933	0.855147	203.362928555
2.82394099236	1	9250	17945	0.738891	453.267261414
2.8141040802	1	9260	17963	0.904499	454.851691167
3.23044490814	1	9270	17976	0.841181	396.230251992
5.69951510429	1	9280	17992	0.870352	224.580508443
4.04597997665	1	9290	18007	0.879196	316.363404512
2.72872209549	1	9300	18019	0.871825	469.084045648
3.44769597054	1	9310	18029	0.796212	371.262434663
4.19080686569	1	9320	18043	0.814513	305.430443593
2.72305512428	1	9330	18054	0.809092	470.060260105
4.62971496582	1	9340	18068	0.811588	276.474903844
2.80569291115	1	9350	18079	0.842349	456.215288179
6.66728115082	1	9360	18095	0.789979	191.982304487
9.14986491203	1	9370	18124	0.728719	139.892775719
8.05314493179	1	9380	18140	0.940852	158.944115726
2.84149718285	1	9390	18151	0.857014	450.466749616
3.97118282318	1	9400	18175	0.849166	322.322103261
18.1488101482	1	9410	18214	0.705893	70.5280395544
3.58816289902	1	9420	18226	0.729851	356.728508717
8.86573004723	1	9430	18244	0.824431	144.376153253
9.5827229023	1	9440	18272	0.877097	133.573725657
4.67862796783	1	9450	18289	0.787514	273.584480066
10.5201420784	1	9460	18309	0.658216	121.671360563
3.95453810692	1	9470	18321	0.882652	323.678762321
5.73219299316	1	9480	18342	0.802911	223.300227596
5.80085587502	1	9490	18357	0.700832	220.657093984
6.23515915871	1	9500	18376	0.749228	205.287462183
2.76748800278	1	9510	18387	0.65254	462.513296793
2.81267499924	1	9520	18397	0.831529	455.082794972
5.62384986877	1	9530	18411	0.661619	227.602092849
10.2909920216	1	9540	18439	0.821639	124.380623104
2.92841005325	1	9550	18452	0.743991	437.097256437
2.76716303825	1	9560	18467	0.831453	462.567612499
3.14000892639	1	9570	18480	1.06702	407.642153257
2.80752706528	1	9580	18497	0.840544	455.917243267
10.1979978085	1	9590	18536	0.665429	125.514833798
15.0169110298	1	9600	18572	0.81712	85.2372367032
5.09044408798	1	9610	18591	0.619434	251.451538977
7.14778709412	1	9620	18616	0.863785	179.076402689
4.46648478508	1	9630	18638	0.971821	286.5788336
6.26060318947	1	9640	18658	0.800035	204.453143134
5.75105285645	1	9650	18674	0.780056	222.567942245
6.97824811935	1	9660	18686	0.845119	183.427126423
2.8796749115	1	9670	18697	0.715777	444.494618086
3.1908519268	1	9680	18708	0.875878	401.146787555
2.87166213989	1	9690	18720	0.697912	445.734887199
15.7326250076	1	9700	18765	0.86728	81.3595950694
2.88971185684	1	9710	18778	0.816844	442.95073814
2.72515320778	1	9720	18790	0.882295	469.698362773
3.59441590309	1	9730	18800	0.954157	356.107928106
4.12202095985	1	9740	18818	0.699361	310.527290488
2.8486931324	1	9750	18833	0.761633	449.328846776
2.89608383179	1	9760	18844	0.787644	441.976156198
7.46345210075	1	9770	18877	0.8467	171.502407026
2.780148983	1	9780	18892	0.844067	460.406981002
13.9755339622	1	9790	18915	0.756919	91.5886293474
9.32197999954	1	9800	18938	0.796997	137.309884817
3.42708206177	1	9810	18959	0.797712	373.495579309
2.85969495773	1	9820	18978	0.840397	447.600187754
8.54654598236	1	9830	18989	0.70899	149.768105459
4.14440894127	1	9840	19000	0.861112	308.849830733
16.1133601665	1	9850	19035	0.765518	79.4371867053
3.97093081474	1	9860	19063	0.76998	322.34255889
2.91188621521	1	9870	19074	0.765004	439.577615813
5.83992385864	1	9880	19084	0.89909	219.180939852
5.22585606575	1	9890	19104	0.887587	244.935946168
3.71224188805	1	9900	19120	1.0241	344.805117393
8.93213415146	1	9910	19153	0.868513	143.302818598
5.56982588768	1	9920	19185	0.949274	229.809697074
3.43023014069	1	9930	19205	0.790709	373.152805352
3.73329401016	1	9940	19225	0.913912	342.860754207
2.8633389473	1	9950	19247	0.75592	447.030555432
10.8353898525	1	9960	19290	1.01695	118.131420966
5.12988114357	1	9970	19306	0.744216	249.518451632
2.82439804077	1	9980	19327	0.682146	453.193913012
3.50569987297	1	9990	19339	0.875828	365.119675494
2.84439396858	1	10000	19353	0.685689	450.007985581
2.81375217438	1	10010	19363	0.916186	454.908577826
6.19886279106	1	10020	19380	0.70006	206.489487369
8.43572616577	1	10030	19398	0.913373	151.735603414
2.73814702034	1	10040	19408	0.805069	467.469420192
4.38024091721	1	10050	19426	0.746172	292.221369599
11.3143930435	1	10060	19466	0.784218	113.130239959
10.1188750267	1	10070	19491	0.787598	126.496275191
10.3070628643	1	10080	19513	1.03165	124.186687988
3.82328414917	1	10090	19526	0.817473	334.790706121
3.29092979431	1	10100	19546	0.882484	388.947829338
4.87215399742	1	10110	19569	0.713041	262.717475818
6.17264413834	1	10120	19590	1.07212	207.366563067
6.49028801918	1	10130	19606	0.801369	197.217750001
13.1193950176	1	10140	19620	0.855256	97.5654744964
7.91700100899	1	10150	19632	0.977918	161.677382452
6.21609091759	1	10160	19663	0.846866	205.917194097
2.79962801933	1	10170	19674	0.73448	457.20359675
7.64215302467	1	10180	19697	0.818434	167.492066158
2.75671601295	1	10190	19708	0.760132	464.320587969
13.7090809345	1	10200	19755	1.0632	93.3687681992
2.72596311569	1	10210	19774	0.807431	469.558811208
2.82662296295	1	10220	19795	0.874314	452.837190095
3.13644886017	1	10230	19817	0.936832	408.104852674
3.75884199142	1	10240	19842	0.852579	340.530408812
2.67725205421	1	10250	19859	0.843371	478.102163741
2.9217979908	1	10260	19869	0.845762	438.086412555
2.80993914604	1	10270	19883	0.790317	455.5258792
3.55237293243	1	10280	19893	0.91159	360.322529291
5.83394408226	1	10290	19908	0.813236	219.405599703
4.03084897995	1	10300	19924	0.78022	317.55096913
4.74429583549	1	10310	19944	0.903096	269.797677966
4.13029098511	1	10320	19964	0.824522	309.905525934
4.75410699844	1	10330	19975	0.767908	269.240890123
4.2866230011	1	10340	19986	0.787672	298.603352726
2.97612309456	1	10350	19998	0.765408	430.08973733
Training elapsed time: 8676.35535622 s
