Duration	Worker	LocalStep	GlobalStep	Loss	ExamplesPerSec
31.261993885	1	10	28	7.12105	40.9442854063
21.4068069458	1	20	61	4.35547	59.7940647216
46.0130331516	1	30	94	4.35257	27.8182052416
68.1098709106	1	40	128	4.27096	18.7931643811
50.3389229774	1	50	168	4.21781	25.4276397724
108.5547719	1	60	203	4.12782	11.791282664
122.565478086	1	70	240	3.97881	10.4433974393
17.6653630733	1	80	282	3.8345	72.4581767544
83.8655149937	1	90	327	3.69844	15.2625307326
18.7124018669	1	100	362	3.93064	68.4038323409
60.120527029	1	110	408	3.58273	21.2905651905
95.0690581799	1	120	451	3.80374	13.463896924
24.4876818657	1	130	488	3.58298	52.2711789144
17.852793932	1	140	524	3.38666	71.6974611861
48.8731679916	1	150	559	3.48612	26.1902400151
10.7839519978	1	160	609	3.46413	118.694890358
16.9874260426	1	170	643	3.40593	75.3498497532
13.3428881168	1	180	696	3.16876	95.9312548222
12.9095768929	1	190	719	3.26641	99.1511968691
13.4450559616	1	200	757	3.29381	95.2022813185
40.2150940895	1	210	793	3.25884	31.8288450886
31.4058148861	1	220	830	3.24415	40.7567835652
12.9361040592	1	230	868	3.54584	98.947874425
20.8380081654	1	240	903	3.21612	61.4262164523
5.46735477448	1	250	934	3.13302	234.116872381
11.8746311665	1	260	965	3.29136	107.792821693
5.27478504181	1	270	995	2.91319	242.66391708
42.5241940022	1	280	1027	3.15241	30.1005117213
32.6995339394	1	290	1071	3.40208	39.1442887955
15.0244140625	1	300	1139	2.92929	85.1946701332
12.9293208122	1	310	1169	2.79015	98.9997865
41.442553997	1	320	1208	3.13647	30.8861273389
5.38352203369	1	330	1236	2.73647	237.762563613
5.31798601151	1	340	1258	3.02976	240.692622589
36.9809000492	1	350	1288	2.92455	34.6124620628
74.9654018879	1	360	1331	2.90132	17.0745432928
59.069217205	1	370	1368	3.20564	21.6694931906
10.9752078056	1	380	1402	2.80518	116.626493336
64.0265061855	1	390	1452	3.05878	19.9917202462
33.0891039371	1	400	1484	2.74518	38.6834289146
5.82884907722	1	410	1505	2.88542	219.597382441
20.8185098171	1	420	1557	2.88117	61.4837474557
33.0249190331	1	430	1605	2.89681	38.7586112995
55.193516016	1	440	1644	2.70077	23.1911299079
76.6050720215	1	450	1685	2.40185	16.7090763865
9.58879590034	1	460	1721	2.64825	133.489127655
12.8109622002	1	470	1750	2.75262	99.9144310943
5.15679383278	1	480	1781	2.51367	248.216244726
22.8541669846	1	490	1810	2.44946	56.0072918372
39.8080620766	1	500	1847	2.53055	32.1542906946
10.8844430447	1	510	1875	2.69178	117.599035132
58.9535479546	1	520	1917	3.05252	21.7120096145
5.18767690659	1	530	1950	2.40306	246.738573556
39.7627241611	1	540	1994	2.5478	32.1909533867
42.268214941	1	550	2038	2.16906	30.2828023797
39.128385067	1	560	2073	2.41929	32.7128246619
58.7508878708	1	570	2112	2.2512	21.7869047837
84.4088230133	1	580	2169	2.51264	15.1642915314
46.8375980854	1	590	2201	2.34868	27.32847226
63.9491350651	1	600	2279	2.44572	20.0159079352
36.053196907	1	610	2311	2.73468	35.5030929241
86.9752459526	1	620	2352	2.42316	14.7168310475
5.93554711342	1	630	2387	2.32767	215.649876168
48.6680958271	1	640	2428	2.24892	26.3005975115
51.9600441456	1	650	2476	1.92664	24.6343131737
20.4340178967	1	660	2512	2.03466	62.6406420154
11.5729560852	1	670	2545	2.32838	110.602683582
28.6761488914	1	680	2604	2.04028	44.6363981735
37.9177479744	1	690	2640	2.32688	33.757279068
9.96771216393	1	700	2679	2.2468	128.41462303
66.9155578613	1	710	2715	2.62892	19.1285859509
89.0299401283	1	720	2754	2.4161	14.3771859012
13.0600140095	1	730	2789	2.01223	98.009083227
68.7796399593	1	740	2822	2.02658	18.6101584823
48.1006829739	1	750	2870	2.08922	26.6108487627
48.2724640369	1	760	2956	1.91146	26.5161521281
49.7345240116	1	770	2999	2.14856	25.7366492479
11.984333992	1	780	3027	1.92313	106.806102104
30.1881530285	1	790	3072	1.84412	42.4007390844
15.9414288998	1	800	3146	2.0822	80.2939314944
35.8961730003	1	810	3184	1.88762	35.6583973447
41.1257381439	1	820	3235	2.17121	31.1240614216
20.0088529587	1	830	3275	1.92333	63.9716830667
79.9781708717	1	840	3312	2.41159	16.0043670173
53.8754739761	1	850	3352	1.7334	23.758491676
72.9922521114	1	860	3413	2.22817	17.5361077782
36.2759950161	1	870	3458	2.00432	35.2850417868
48.8122010231	1	880	3494	2.00152	26.222951909
40.8401298523	1	890	3550	1.93853	31.3417220912
27.1673359871	1	900	3584	1.99424	47.1154036085
31.0455050468	1	910	3623	2.46858	41.2298011602
27.8295841217	1	920	3659	1.86822	45.9942194753
22.2110860348	1	930	3725	1.85122	57.6288794702
6.82817578316	1	940	3760	1.53557	187.458560038
23.8255021572	1	950	3807	1.67444	53.7239463644
19.0900349617	1	960	3846	1.8831	67.0506891458
42.0192539692	1	970	3884	2.09962	30.4622257439
35.8862681389	1	980	3932	1.89045	35.6682393122
33.1869528294	1	990	4023	1.71442	38.5693741327
5.07497906685	1	1000	4051	1.7089	252.217789106
16.0709519386	1	1010	4114	1.71389	79.6468065419
31.9580521584	1	1020	4152	1.97042	40.0525036275
23.0335738659	1	1030	4194	1.71244	55.5710549936
27.7740061283	1	1040	4234	1.74887	46.0862575635
26.0260310173	1	1050	4268	1.91566	49.1815290295
27.0448718071	1	1060	4298	1.6931	47.3287508674
72.1144070625	1	1070	4347	1.74351	17.7495739359
27.9557209015	1	1080	4392	1.58527	45.786692624
24.794011116	1	1090	4431	1.50208	51.6253700948
61.117857933	1	1100	4470	1.5829	20.9431423693
109.512928009	1	1110	4507	1.66001	11.6881177708
35.5153491497	1	1120	4547	1.36075	36.040755072
27.9363148212	1	1130	4586	1.61871	45.8184985454
10.9707570076	1	1140	4627	1.79438	116.673808299
21.7220599651	1	1150	4673	1.49327	58.9262713598
6.66271710396	1	1160	4712	1.57225	192.113814834
6.02102088928	1	1170	4729	1.58277	212.58853333
26.690444231	1	1180	4770	1.5767	47.9572385128
13.9901089668	1	1190	4811	1.45646	91.4932115994
5.24075293541	1	1200	4835	1.45768	244.239714365
5.2504799366	1	1210	4865	1.64963	243.787237635
5.81667208672	1	1220	4894	1.4893	220.057101538
26.743888855	1	1230	4943	1.57205	47.8614014192
9.92604017258	1	1240	4965	1.47661	128.953739633
32.0229890347	1	1250	5019	1.49261	39.9712843362
49.3001499176	1	1260	5056	2.19315	25.963409891
37.6943049431	1	1270	5099	1.60653	33.9573843299
6.23293399811	1	1280	5140	1.49455	205.360749911
17.7202341557	1	1290	5175	1.42157	72.2338084676
10.0518128872	1	1300	5223	1.52738	127.340213588
16.9856870174	1	1310	5261	1.55662	75.357564206
42.0012669563	1	1320	5302	1.96376	30.4752711705
45.028660059	1	1330	5337	1.40356	28.4263399871
48.9838819504	1	1340	5375	1.58098	26.1310445198
87.9252660275	1	1350	5418	1.72095	14.5578177677
70.0782549381	1	1360	5465	1.2033	18.2652950067
70.390182972	1	1370	5503	1.43367	18.1843539249
43.5091171265	1	1380	5545	1.51533	29.4191214287
73.2722718716	1	1390	5584	1.62129	17.4690912033
6.08089518547	1	1400	5619	1.26659	210.495323626
20.7531099319	1	1410	5654	1.50645	61.6775029958
14.0179049969	1	1420	5683	1.39838	91.3117901916
33.8671178818	1	1430	5754	1.34996	37.7947720402
13.1295540333	1	1440	5789	1.40558	97.4899830379
57.9069559574	1	1450	5826	1.8883	22.1044256055
63.0731620789	1	1460	5866	1.46158	20.2938929619
57.9872629642	1	1470	5900	1.50617	22.0738130163
25.0392329693	1	1480	5941	1.53373	51.1197767747
46.8379180431	1	1490	5976	1.32677	27.3282855745
9.99820995331	1	1500	6011	1.27176	128.0229167
46.3135621548	1	1510	6042	1.35754	27.6376927286
31.7973508835	1	1520	6091	1.32167	40.2549257858
67.0039041042	1	1530	6129	1.35301	19.1033644548
32.0688669682	1	1540	6171	1.8527	39.9141011521
20.9857990742	1	1550	6211	2.21936	60.9936269511
9.76601600647	1	1560	6237	1.51345	131.06675221
18.2026569843	1	1570	6259	1.37508	70.3194045299
28.1973419189	1	1580	6297	1.521	45.3943497114
34.7315909863	1	1590	6332	1.49725	36.8540560237
11.0735650063	1	1600	6363	1.29867	115.590597904
19.006321907	1	1610	6395	1.3994	67.3460128825
59.1017940044	1	1620	6450	1.43117	21.6575490061
14.8043441772	1	1630	6484	1.19318	86.4611079474
83.0686810017	1	1640	6525	1.90458	15.4089361305
25.0618679523	1	1650	6561	1.42385	51.0736072201
70.9461488724	1	1660	6610	1.32955	18.0418531569
11.6168031693	1	1670	6644	1.27828	110.185218889
6.86520695686	1	1680	6670	1.47013	186.447401811
6.43357896805	1	1690	6703	1.56688	198.956134114
23.1011760235	1	1700	6738	1.10843	55.4084345619
18.9405999184	1	1710	6790	1.65142	67.5796968162
6.45882415771	1	1720	6831	1.33727	198.178487097
19.6805479527	1	1730	6853	1.49906	65.0388395221
15.0267808437	1	1740	6890	1.27476	85.1812516141
5.37250614166	1	1750	6921	1.29265	238.25007664
15.6147940159	1	1760	6955	1.38908	81.9735437238
55.897756815	1	1770	6996	1.24796	22.8989511017
40.8994920254	1	1780	7060	1.26063	31.2962322174
55.4072320461	1	1790	7095	1.40226	23.1016773936
10.947510004	1	1800	7128	1.21301	116.921564769
48.7449810505	1	1810	7174	1.44318	26.259113706
84.0000319481	1	1820	7210	1.64273	15.2380894425
18.318805933	1	1830	7249	1.12278	69.8735498745
95.6782231331	1	1840	7293	1.36873	13.3781748666
23.1671910286	1	1850	7352	1.18828	55.2505480021
8.73540306091	1	1860	7390	1.16407	146.530159064
36.0551049709	1	1870	7443	1.44634	35.5012140731
54.1233868599	1	1880	7482	1.46935	23.6496655931
83.1244499683	1	1890	7536	1.38619	15.3985981319
33.391821146	1	1900	7570	1.2755	38.3327400564
15.5709910393	1	1910	7625	1.30065	82.2041446669
6.75724291801	1	1920	7649	1.24614	189.426370419
29.0468659401	1	1930	7714	1.04298	44.0667162729
13.6095991135	1	1940	7760	1.12595	94.0512640621
53.4629309177	1	1950	7808	1.36067	23.9418224558
22.0056800842	1	1960	7856	1.9074	58.1668003489
6.31532692909	1	1970	7887	1.35211	202.681510296
21.6323831081	1	1980	7919	1.33536	59.1705497079
36.0059258938	1	1990	7946	1.28842	35.5497037842
46.2406411171	1	2000	7994	1.27264	27.681277099
27.7569348812	1	2010	8023	1.31524	46.1146018275
38.8361930847	1	2020	8058	1.27495	32.9589462388
5.29594802856	1	2030	8083	1.13422	241.694214727
35.727203846	1	2040	8121	1.22466	35.8270410838
62.1247689724	1	2050	8168	1.34215	20.6036983505
5.97196912766	1	2060	8206	1.12471	214.334664604
36.0008938313	1	2070	8253	1.81036	35.5546727812
19.6653950214	1	2080	8291	1.2631	65.0889544097
9.13250803947	1	2090	8328	1.22218	140.158650227
20.1785681248	1	2100	8362	1.31041	63.4336387045
39.4916620255	1	2110	8411	0.951102	32.4119050542
18.1545658112	1	2120	8440	1.28805	70.5056795802
43.6480691433	1	2130	8508	1.13273	29.3254667417
15.9085638523	1	2140	8555	1.32192	80.4598084329
12.0250120163	1	2150	8590	1.14387	106.444800077
11.8265631199	1	2160	8624	1.32065	108.230936327
12.886893034	1	2170	8660	1.11868	99.3257254968
34.2945928574	1	2180	8730	1.10017	37.3236680582
19.6986780167	1	2190	8779	1.24831	64.9789797527
26.1424820423	1	2200	8811	1.03143	48.9624511524
14.6024870872	1	2210	8849	1.12668	87.6563007625
32.3886058331	1	2220	8888	1.12918	39.5200709348
83.175535202	1	2230	8927	1.34386	15.3891405314
21.9083848	1	2240	8986	1.20187	58.4251195005
33.8889131546	1	2250	9024	1.09631	37.7704647582
39.0469069481	1	2260	9052	1.11725	32.7810856235
36.7946400642	1	2270	9095	1.7131	34.7876755355
36.8559548855	1	2280	9162	1.25968	34.7298015742
8.31776499748	1	2290	9202	1.62937	153.88749266
12.1673390865	1	2300	9230	1.01665	105.199665342
47.8410680294	1	2310	9273	1.30476	26.7552555309
28.2584609985	1	2320	9311	1.08811	45.2961681128
9.27430891991	1	2330	9332	1.09628	138.015674381
31.4543969631	1	2340	9373	1.07255	40.693833727
76.09227705	1	2350	9409	1.12224	16.8216808541
16.1911489964	1	2360	9465	1.18516	79.0555383246
23.7307069302	1	2370	9501	1.14278	53.9385532748
71.9923760891	1	2380	9534	1.18182	17.7796604243
15.9539289474	1	2390	9568	1.11764	80.2310204725
106.051484108	1	2400	9601	1.15099	12.0696094993
51.9279639721	1	2410	9640	1.14914	24.6495318146
27.1464378834	1	2420	9704	1.04643	47.1516743927
19.0318281651	1	2430	9725	0.965954	67.255756457
5.20738196373	1	2440	9750	1.29027	245.804899451
23.6875720024	1	2450	9782	1.00698	54.0367750595
18.3289358616	1	2460	9819	0.969418	69.8349325714
31.5502121449	1	2470	9868	1.20762	40.5702501816
35.0122709274	1	2480	9905	1.03518	36.5586111981
52.0752608776	1	2490	9945	1.05679	24.579809653
72.0352101326	1	2500	9992	1.18901	17.7690881674
48.9465289116	1	2510	10040	1.66119	26.150986157
17.2177109718	1	2520	10080	1.02299	74.3420540683
33.7796180248	1	2530	10108	1.35752	37.8926724115
68.9665369987	1	2540	10147	1.10638	18.559725567
28.0658380985	1	2550	10197	1.23482	45.6070470978
79.0649659634	1	2560	10233	1.15799	16.1892183776
7.93808794022	1	2570	10264	1.05156	161.247898693
30.995246172	1	2580	10296	1.0744	41.2966553935
13.7817549706	1	2590	10335	1.33519	92.87641543
6.52391505241	1	2600	10371	1.14891	196.201205828
44.6294708252	1	2610	10420	1.13361	28.6805999787
6.26489710808	1	2620	10457	1.21951	204.313012316
12.7647218704	1	2630	10495	1.24365	100.276372098
30.7706091404	1	2640	10536	1.18758	41.5981365257
18.2734940052	1	2650	10571	1.42434	70.0468120457
30.9309399128	1	2660	10614	1.4981	41.382512255
47.0584330559	1	2670	10649	1.43745	27.2002256956
46.1930658817	1	2680	10689	1.20253	27.7097866437
10.9431750774	1	2690	10725	1.18203	116.96788098
25.7826581001	1	2700	10763	1.09261	49.6457733345
34.0591959953	1	2710	10802	1.14675	37.5816270054
11.059885025	1	2720	10842	1.17664	115.733572013
19.1207988262	1	2730	10889	1.04075	66.9428098498
45.2519071102	1	2740	10923	1.27971	28.2861006694
23.7327950001	1	2750	10953	1.15519	53.9338076276
14.4451539516	1	2760	10982	1.06099	88.6110320655
9.01762390137	1	2770	11021	0.951944	141.944265363
49.4237501621	1	2780	11065	1.04718	25.8984798968
94.0484139919	1	2790	11104	0.96088	13.6100115427
21.9341549873	1	2800	11163	1.31471	58.356476497
24.9567430019	1	2810	11217	1.01497	51.2887438838
35.0429029465	1	2820	11269	1.11864	36.5266542545
14.9724149704	1	2830	11300	1.04111	85.4905506246
9.14621901512	1	2840	11335	1.24383	139.948540253
77.8963370323	1	2850	11382	0.967907	16.4320948682
10.3930590153	1	2860	11415	1.09262	123.159119766
10.5943138599	1	2870	11454	0.812973	120.819527996
33.9302370548	1	2880	11492	2.08441	37.7244638147
109.089769125	1	2890	11529	1.13702	11.7334559443
63.0029549599	1	2900	11569	0.960461	20.3165073895
17.7524518967	1	2910	11600	1.05857	72.1027161459
15.2419500351	1	2920	11629	1.11977	83.9787558057
28.1253261566	1	2930	11656	1.1687	45.5105833395
22.0270009041	1	2940	11691	1.2444	58.110498364
90.7425580025	1	2950	11733	1.06747	14.1058399518
20.4999239445	1	2960	11767	0.985536	62.4392560415
20.5740339756	1	2970	11814	1.20668	62.2143426767
16.9615459442	1	2980	11853	1.00724	75.464819316
40.196513176	1	2990	11897	1.07492	31.8435580319
13.8538868427	1	3000	11926	1.00633	92.3928435775
36.8922870159	1	3010	11968	1.47414	34.6955990949
29.4000051022	1	3020	12009	1.0817	43.5374074104
19.8888909817	1	3030	12040	0.967402	64.3575351275
41.8370099068	1	3040	12084	1.1305	30.5949206899
5.1701669693	1	3050	12108	1.10236	247.574209421
67.0380451679	1	3060	12156	1.07662	19.0936355139
44.7626109123	1	3070	12194	1.08437	28.5952935701
7.9339029789	1	3080	12230	1.10931	161.332953454
8.27825117111	1	3090	12273	1.04568	154.622029888
17.8118329048	1	3100	12310	1.02729	71.8623404363
32.0037529469	1	3110	12346	1.37528	39.9953093665
69.9771940708	1	3120	12391	1.06752	18.2916736945
13.9968008995	1	3130	12425	1.16963	91.4494682885
32.7545011044	1	3140	12461	1.09848	39.0785985695
61.2162320614	1	3150	12506	1.06808	20.9094868615
21.2164800167	1	3160	12543	1.07373	60.3304600477
20.8078799248	1	3170	12582	1.2951	61.5151569803
23.0236749649	1	3180	12614	1.1199	55.5949474596
46.0061089993	1	3190	12646	1.11821	27.8223920223
6.39363193512	1	3200	12680	1.07662	200.199200234
19.6649961472	1	3210	12730	1.10329	65.0902746393
15.8780360222	1	3220	12779	1.00724	80.6145040993
65.0497198105	1	3230	12820	1.69848	19.6772561623
107.027868032	1	3240	12878	1.1074	11.9595019833
8.95578813553	1	3250	12909	0.974846	142.92432789
18.129709959	1	3260	12941	0.924797	70.6023429439
35.9022109509	1	3270	12999	1.04231	35.6524003982
45.0205860138	1	3280	13055	1.00184	28.4314380006
20.1410028934	1	3290	13094	1.03862	63.5519495614
30.9203209877	1	3300	13153	1.26651	41.3967241967
25.8883781433	1	3310	13187	0.996607	49.4430355163
8.93179106712	1	3320	13212	1.10556	143.308323088
27.1173229218	1	3330	13251	1.04934	47.2022995667
31.8094079494	1	3340	13283	0.841683	40.2396675233
38.0739359856	1	3350	13316	1.84933	33.6187989727
24.0164089203	1	3360	13349	1.24452	53.2968939798
29.0853540897	1	3370	13390	1.14998	44.008403544
75.0516340733	1	3380	13457	1.21249	17.05492513
15.9142038822	1	3390	13494	1.43472	80.4312932946
46.664978981	1	3400	13548	1.22214	27.4295634103
31.2634530067	1	3410	13583	0.914501	40.9423744627
7.02107214928	1	3420	13616	1.10362	182.308338782
14.3430018425	1	3430	13658	0.915831	89.2421275585
22.740694046	1	3440	13699	0.988582	56.2867605276
18.8362970352	1	3450	13736	1.10957	67.9539082234
12.0862629414	1	3460	13792	0.960552	105.905357695
8.18902516365	1	3470	13829	1.08524	156.306761113
10.2595989704	1	3480	13871	0.956996	124.761211787
31.5821690559	1	3490	13900	1.12946	40.5291985403
15.9682109356	1	3500	13931	1.28566	80.1592617459
23.3090510368	1	3510	13964	1.17235	54.9142905036
8.66281580925	1	3520	13996	1.07312	147.757960943
29.2377719879	1	3530	14028	0.968542	43.7789856398
12.996691227	1	3540	14060	0.863676	98.4866053711
76.8445799351	1	3550	14099	1.14349	16.656997814
115.013788939	1	3560	14139	1.21245	11.129100361
49.118019104	1	3570	14176	1.49184	26.0596828486
5.1124420166	1	3580	14203	0.975583	250.369587732
21.764122963	1	3590	14231	1.19517	58.8123859702
56.988683939	1	3600	14267	0.961801	22.460599395
15.0108571053	1	3610	14307	1.03049	85.2716131414
9.23577189445	1	3620	14341	1.12513	138.591556248
18.4117279053	1	3630	14374	1.06695	69.5209057284
19.3554999828	1	3640	14407	1.04659	66.1310739136
34.0105011463	1	3650	14443	0.873374	37.6354348468
21.9865109921	1	3660	14498	1.0184	58.2175134774
45.1216430664	1	3670	14541	1.0581	28.3677613006
5.90138983727	1	3680	14579	1.07572	216.898058813
46.9843361378	1	3690	14617	0.991378	27.2431219683
49.9922308922	1	3700	14650	0.897934	25.6039784014
6.01655912399	1	3710	14682	0.987369	212.746184924
26.0022258759	1	3720	14714	1.07898	49.2265549154
30.0453519821	1	3730	14755	1.01241	42.6022634304
16.6877059937	1	3740	14783	0.980958	76.7031730117
70.2649950981	1	3750	14828	1.19741	18.2167521426
31.6249608994	1	3760	14872	1.14181	40.4743583422
31.5148489475	1	3770	14922	1.18486	40.6157745554
10.1635811329	1	3780	14964	1.0873	125.939861478
19.7064640522	1	3790	15008	0.907952	64.9533065196
32.024107933	1	3800	15052	1.08778	39.9698877694
16.9936499596	1	3810	15086	0.945782	75.322252903
74.9048531055	1	3820	15163	1.21222	17.0883453732
14.0384898186	1	3830	15225	1.00271	91.1778985163
8.45315599442	1	3840	15258	1.0826	151.422734993
63.5705590248	1	3850	15294	1.1717	20.1351068739
100.065890074	1	3860	15349	1.08851	12.791571624
8.07035303116	1	3870	15388	0.921875	158.60520538
38.044303894	1	3880	15436	1.06358	33.6449841102
55.8363711834	1	3890	15473	0.977388	22.9241258497
53.166615963	1	3900	15516	0.998498	24.0752580697
12.9928400517	1	3910	15559	0.957944	98.5157975401
21.0909049511	1	3920	15591	0.839451	60.6896670848
67.7404508591	1	3930	15646	1.23657	18.8956522103
17.1900820732	1	3940	15688	0.942074	74.4615409367
14.7418010235	1	3950	15720	0.988711	86.827925432
6.59675502777	1	3960	15760	1.00151	194.034793563
19.4413650036	1	3970	15797	1.14836	65.8389984327
37.9744410515	1	3980	15843	0.974202	33.7068819068
30.2338068485	1	3990	15880	1.49768	42.3367128861
39.83375597	1	4000	15926	1.07037	32.1335502724
24.2450079918	1	4010	15969	1.081	52.7943731936
8.00241112709	1	4020	16002	0.875396	159.951791988
5.07901597023	1	4030	16028	0.820068	252.017321367
9.81774306297	1	4040	16078	1.06891	130.376196626
107.709410906	1	4050	16123	0.997772	11.8838269492
14.2571289539	1	4060	16163	0.977496	89.7796466691
74.883466959	1	4070	16199	1.09007	17.0932256742
38.9665470123	1	4080	16249	0.941622	32.8486894052
16.0189330578	1	4090	16284	0.99361	79.9054465976
64.8749580383	1	4100	16337	1.30811	19.7302632434
15.366050005	1	4110	16387	0.790652	83.3005228791
9.04836606979	1	4120	16430	1.09009	141.462004314
16.9359369278	1	4130	16479	0.942755	75.5789304989
13.7764480114	1	4140	16515	0.971553	92.9121932548
11.924448967	1	4150	16564	1.2517	107.342486311
19.1578330994	1	4160	16621	0.876557	66.8134017747
52.9413568974	1	4170	16656	1.14168	24.1776953787
35.9927880764	1	4180	16710	0.905714	35.5626798703
35.141726017	1	4190	16765	0.941907	36.423936587
7.79442381859	1	4200	16796	0.905075	164.219964142
87.0216841698	1	4210	16832	1.13381	14.7089775636
26.0026788712	1	4220	16872	1.25363	49.2256973346
5.14465498924	1	4230	16907	1.28314	248.801912407
21.8855581284	1	4240	16945	0.883677	58.4860569921
5.15350794792	1	4250	16973	0.924161	248.374507798
14.0680239201	1	4260	17017	0.99613	90.9864816319
29.7659549713	1	4270	17047	0.989517	43.0021479651
56.0102610588	1	4280	17095	0.904645	22.8529554371
76.9867391586	1	4290	17136	1.07698	16.6262399731
36.2175409794	1	4300	17174	1.08532	35.3419907975
5.35591888428	1	4310	17202	0.865129	238.987936086
7.57919597626	1	4320	17230	1.06396	168.883349106
11.8300290108	1	4330	17267	1.0676	108.199227477
79.0262391567	1	4340	17304	2.55681	16.1971519037
69.1431868076	1	4350	17347	0.998816	18.5123084298
89.6709971428	1	4360	17403	1.01195	14.2744035506
19.1735479832	1	4370	17431	1.01214	66.7586406607
21.0791020393	1	4380	17476	1.05853	60.7236493097
8.02663993835	1	4390	17511	1.13683	159.46896956
6.93616700172	1	4400	17548	1.24455	184.539962732
16.1281099319	1	4410	17584	1.14003	79.3645383992
15.822343111	1	4420	17624	1.27462	80.8982583058
19.0125858784	1	4430	17664	0.971119	67.3238247647
63.0103640556	1	4440	17699	1.04825	20.3141184658
61.9201979637	1	4450	17743	1.23672	20.6717685359
26.0587539673	1	4460	17820	0.897983	49.1197699478
73.2289659977	1	4470	17857	1.04895	17.4794220096
53.8799030781	1	4480	17897	1.15602	23.7565386513
14.5795760155	1	4490	17935	1.02423	87.7940482386
51.3199849129	1	4500	17985	1.16246	24.9415505903
45.9957461357	1	4510	18024	1.28714	27.8286604205
22.0623528957	1	4520	18047	1.02025	58.0173840047
6.2814180851	1	4530	18069	0.884766	203.775641529
26.8947038651	1	4540	18115	0.745304	47.5930133465
7.03643417358	1	4550	18150	0.809651	181.910321112
14.7483489513	1	4560	18213	1.18284	86.7893758293
27.0043680668	1	4570	18262	1.07803	47.3997390657
35.0630187988	1	4580	18299	0.987312	36.5056987062
89.9251611233	1	4590	18334	0.970722	14.234058455
45.9997289181	1	4600	18367	1.00821	27.826250939
29.9936721325	1	4610	18406	0.881053	42.6756681991
17.9476938248	1	4620	18450	1.14357	71.3183550208
17.618983984	1	4630	18489	1.20236	72.6489110361
5.59602022171	1	4640	18518	0.95067	228.733984026
14.6435728073	1	4650	18557	0.934845	87.4103619959
22.1915130615	1	4660	18580	1.02426	57.6797082944
6.15759801865	1	4670	18604	0.915875	207.873264238
19.9059109688	1	4680	18660	0.972688	64.3025080343
41.8924400806	1	4690	18711	0.976412	30.5544388805
39.1478428841	1	4700	18772	0.98326	32.696565269
41.9018030167	1	4710	18824	1.08004	30.5476115071
14.3912689686	1	4720	18851	0.905942	88.9428168422
42.2462131977	1	4730	18913	1.50019	30.2985736026
15.3602399826	1	4740	18953	1.00477	83.3320313647
50.002204895	1	4750	18987	0.966676	25.5988711435
8.77047300339	1	4760	19033	0.898301	145.944238071
15.2089700699	1	4770	19068	0.900825	84.1608599477
79.008232832	1	4780	19120	0.929357	16.2008433061
43.0121150017	1	4790	19158	1.03051	29.7590574179
109.918587208	1	4800	19202	1.15467	11.6449822775
42.1959209442	1	4810	19241	0.953992	30.3346857079
36.8401298523	1	4820	19276	1.39206	34.7447200955
29.2413620949	1	4830	19322	0.987981	43.7736106768
16.3527989388	1	4840	19354	1.07175	78.274062122
24.2905271053	1	4850	19389	1.19037	52.6954394382
51.0633678436	1	4860	19425	0.93846	25.0668934317
13.0983400345	1	4870	19459	0.957188	97.7223065388
5.29010915756	1	4880	19481	1.03137	241.960980743
35.6867659092	1	4890	19510	0.953905	35.8676379714
33.7985610962	1	4900	19542	0.988805	37.8714347145
16.2189369202	1	4910	19575	0.866839	78.9200923772
51.1841800213	1	4920	19657	0.940469	25.0077269865
5.08663797379	1	4930	19686	1.0092	251.639689437
14.4788770676	1	4940	19721	0.840592	88.404645887
42.255671978	1	4950	19757	1.04763	30.2917913758
21.0923218727	1	4960	19796	0.964537	60.6855901273
43.9052970409	1	4970	19830	0.990794	29.1536576738
84.0588719845	1	4980	19865	1.04789	15.2274229927
49.2844650745	1	4990	19910	0.887751	25.9716727789
9.85425305367	1	5000	19968	1.0024	129.893153041
52.8519878387	1	5010	20002	0.849374	24.2185781906
Training elapsed time: 16488.7250309 s
