Duration	Worker	LocalStep	GlobalStep	Loss	ExamplesPerSec
35.9593110085	0	10	15	4.57646	35.5957876862
8.78124189377	0	20	38	4.39748	145.765259115
8.53420495987	0	30	51	4.31369	149.984680005
13.1460859776	0	40	67	4.33549	97.3673838879
9.76008105278	0	50	87	4.25669	131.146451866
8.5009469986	0	60	104	4.46523	150.571459887
8.81418395042	0	70	123	4.0929	145.220477267
12.4977481365	0	80	143	4.0981	102.418450589
10.1623558998	0	90	160	4.03351	125.955045525
21.0928969383	0	100	188	3.85682	60.6839356274
13.7744240761	0	110	206	3.86435	92.9258452426
17.876650095	0	120	227	3.86469	71.6017818327
18.0543730259	0	130	246	4.08492	70.8969510137
7.83284497261	0	140	263	3.74105	163.414443216
18.2149498463	0	150	285	3.87018	70.2719475378
9.75369310379	0	160	306	3.74394	131.232343111
8.8912229538	0	170	323	3.96321	143.962198075
20.6885769367	0	180	345	3.98877	61.869890999
9.61165618896	0	190	364	3.46708	133.171638148
19.1429829597	0	200	388	3.55075	66.8652321684
16.8385779858	0	210	408	3.33617	76.0159201734
9.09732103348	0	220	421	3.48432	140.700761828
21.5304038525	0	230	444	3.52838	59.4508123847
19.388710022	0	240	468	3.53991	66.0178010063
18.0237851143	0	250	494	3.27133	71.0172692297
9.80792403221	0	260	511	3.26177	130.506720464
14.6531310081	0	270	526	3.51526	87.3533444346
7.94741988182	0	280	542	3.10682	161.058559763
8.17201089859	0	290	561	3.11716	156.632194436
8.67221808434	0	300	581	3.16949	147.597764211
16.6836681366	0	310	604	3.17939	76.7217370617
8.16169500351	0	320	624	3.20603	156.830168176
11.5716078281	0	330	642	3.14054	110.615570369
13.1404139996	0	340	666	3.13854	97.4094119137
8.93137097359	0	350	683	2.96424	143.315063699
16.0281481743	0	360	698	3.04221	79.8595062937
22.0816068649	0	370	729	3.11956	57.9667959777
11.9326720238	0	380	751	2.85213	107.268514332
16.92674613	0	390	775	2.88337	75.619967959
7.80133080482	0	400	795	3.0272	164.074570355
8.17487716675	0	410	811	2.77119	156.577276195
19.2736439705	0	420	833	2.65657	66.4119354887
9.88701701164	0	430	862	2.70625	129.462708367
12.2171359062	0	440	883	3.03315	104.770873454
24.3151929379	0	450	909	2.78061	52.6419840991
11.5646810532	0	460	927	2.66994	110.68182461
8.12593007088	0	470	948	2.44007	157.520430134
32.4742910862	0	480	967	2.45195	39.4157949931
8.10908699036	0	490	983	2.46197	157.847609912
13.4883339405	0	500	1007	2.55346	94.8968201444
14.9244530201	0	510	1028	2.56024	85.7652872287
12.9621479511	0	520	1045	2.46524	98.7490657279
8.87349390984	0	530	1066	2.42052	144.249831352
24.4591140747	0	540	1096	2.59441	52.3322306806
8.56178188324	0	550	1115	2.1588	149.501589442
11.2786860466	0	560	1137	2.30237	113.488397027
12.5096440315	0	570	1152	2.31001	102.321057
16.9742050171	0	580	1170	2.54871	75.4085389396
11.9922540188	0	590	1188	2.32084	106.735564306
8.02765798569	0	600	1207	2.50136	159.448746108
27.2852749825	0	610	1229	2.31122	46.9117500492
11.4041349888	0	620	1264	2.52853	112.239990254
24.0008809566	0	630	1293	2.20406	53.3313757237
9.5675110817	0	640	1313	2.27592	133.786100593
12.0074539185	0	650	1328	2.20317	106.600450744
8.05686712265	0	660	1352	2.36896	158.870685158
16.8780288696	0	670	1375	2.29674	75.8382397546
22.5689241886	0	680	1404	2.01569	56.7151535139
12.6253437996	0	690	1423	2.17784	101.383377777
24.6487212181	0	700	1451	2.18426	51.9296716724
12.70023489	0	710	1467	2.2266	100.785537519
37.7656369209	0	720	1503	2.23821	33.893245404
12.6018199921	0	730	1529	2.00199	101.572630049
17.7052791119	0	740	1559	1.85705	72.2948218954
27.7826619148	0	750	1593	1.89104	46.0718992271
11.9161410332	0	760	1618	1.98898	107.417325495
15.4955360889	0	770	1644	1.96293	82.6044347645
9.79772400856	0	780	1659	1.74774	130.642585858
12.8271689415	0	790	1678	1.79613	99.7881922221
13.6656088829	0	800	1695	1.88091	93.6657862059
14.4388830662	0	810	1724	1.92646	88.6495163188
34.5413789749	0	820	1766	1.836	37.0570034546
14.696721077	0	830	1795	1.89356	87.0942568275
13.048664093	0	840	1816	1.89625	98.0943329429
13.0594208241	0	850	1838	1.71811	98.0135349986
17.1187880039	0	860	1857	1.84912	74.7716485365
17.4391450882	0	870	1883	1.93072	73.3980934
9.56841492653	0	880	1902	1.70952	133.773462985
9.96074414253	0	890	1917	1.65262	128.504455258
11.6225268841	0	900	1935	1.76653	110.130956269
7.9769179821	0	910	1956	2.12951	160.462976161
9.20237612724	0	920	1972	1.8046	139.09451019
11.2539699078	0	930	1995	1.80921	113.73764196
8.6630449295	0	940	2010	1.56267	147.75405304
9.15203714371	0	950	2023	1.74724	139.859572235
33.1932008266	0	960	2053	1.83044	38.5621141717
8.06170511246	0	970	2074	1.60583	158.775343695
15.9981799126	0	980	2099	1.8982	80.0091014725
23.1778559685	0	990	2126	1.55563	55.2251252981
16.7880091667	0	1000	2156	1.59902	76.2448952278
14.7755758762	0	1010	2178	1.52727	86.6294492155
21.7367210388	0	1020	2195	1.70677	58.8865265241
13.7703359127	0	1030	2215	1.63202	92.9534332433
14.5009112358	0	1040	2230	1.67366	88.2703148226
8.73190689087	0	1050	2244	1.56745	146.588828305
27.6343109608	0	1060	2279	1.75685	46.3192298088
11.3819930553	0	1070	2305	1.64358	112.458336056
16.3624939919	0	1080	2336	1.6396	78.2276834227
8.14304208755	0	1090	2355	2.13839	157.189412291
8.05993700027	0	1100	2374	1.62419	158.810174317
9.69811677933	0	1110	2395	1.62355	131.984387188
19.9785070419	0	1120	2429	1.50986	64.0688514569
14.0756759644	0	1130	2447	1.67137	90.9370181042
8.3414311409	0	1140	2463	1.55966	153.45088611
30.1835539341	0	1150	2487	1.33515	42.4071997219
19.8998241425	0	1160	2504	1.61339	64.3221764593
9.51993083954	0	1170	2526	1.39001	134.454758293
10.6167280674	0	1180	2543	1.34572	120.564451861
7.80403399467	0	1190	2559	1.55618	164.017737605
7.86367988586	0	1200	2576	1.25706	162.773665584
24.2197229862	0	1210	2598	1.28327	52.8494896795
9.50415205956	0	1220	2618	1.3609	134.677979895
30.963670969	0	1230	2650	1.46085	41.3387676571
8.62995505333	0	1240	2670	1.55955	148.320587082
20.4627559185	0	1250	2699	1.36684	62.5526691076
8.31155610085	0	1260	2716	1.57941	154.002449658
7.51041507721	0	1270	2733	1.38406	170.42999446
7.50356483459	0	1280	2748	1.53089	170.585585414
8.34317302704	0	1290	2769	1.43098	153.418848662
7.8893840313	0	1300	2784	1.35117	162.243338
15.6292870045	0	1310	2811	1.69231	81.8975299151
35.5210490227	0	1320	2840	1.49918	36.0349718045
19.4631381035	0	1330	2856	1.71392	65.7653454029
20.4357078075	0	1340	2877	1.41511	62.6354620087
29.5140461922	0	1350	2898	1.44911	43.3691806154
10.9310359955	0	1360	2918	1.40333	117.097775593
14.8762569427	0	1370	2943	1.47852	86.0431494916
13.2167050838	0	1380	2957	1.35491	96.8471333725
8.55615592003	0	1390	2977	1.15357	149.599891816
13.5671420097	0	1400	2999	1.24929	94.3455887085
22.6130759716	0	1410	3019	1.3378	56.6044177982
18.392455101	0	1420	3046	1.35174	69.5937542307
13.0987029076	0	1430	3062	1.02472	97.7195993399
21.4885540009	0	1440	3081	1.52686	59.5665953116
12.8695800304	0	1450	3096	1.52125	99.4593449804
33.1789619923	0	1460	3136	1.33378	38.5786631992
8.75438189507	0	1470	3157	1.57279	146.212492823
7.88363409042	0	1480	3176	1.24375	162.361670433
22.0400428772	0	1490	3197	1.40631	58.0761120626
14.0106141567	0	1500	3222	1.19473	91.3593069998
10.9387700558	0	1510	3241	1.32879	117.014983721
8.03222680092	0	1520	3257	1.07198	159.358049981
12.0262331963	0	1530	3275	1.26142	106.433991351
14.4570598602	0	1540	3296	1.28871	88.5380576946
11.0626809597	0	1550	3313	1.15408	115.704322005
13.9810700417	0	1560	3338	1.52165	91.5523630299
26.6703329086	0	1570	3376	1.21107	47.9934016716
12.4422750473	0	1580	3402	1.44742	102.875076715
14.1707999706	0	1590	3420	1.13998	90.3265872536
14.574860096	0	1600	3437	1.37686	87.8224553492
14.5858950615	0	1610	3458	1.32157	87.7560132308
8.08586096764	0	1620	3478	1.88496	158.301015207
8.68594288826	0	1630	3496	1.22221	147.36454251
11.2337679863	0	1640	3513	0.969859	113.942178756
8.60149121284	0	1650	3530	1.36879	148.811405874
14.0557408333	0	1660	3551	1.29831	91.0659932609
13.1552770138	0	1670	3573	1.14409	97.2993574107
9.71253108978	0	1680	3588	1.04626	131.788509933
16.8647809029	0	1690	3618	1.0698	75.8978137559
19.7225601673	0	1700	3640	1.29411	64.9002963683
17.6395487785	0	1710	3659	1.21755	72.5642144292
9.26846408844	0	1720	3676	1.0326	138.102709121
18.5613999367	0	1730	3690	1.19557	68.9603157287
22.721599102	0	1740	3719	1.23937	56.334063208
12.5071930885	0	1750	3744	1.37225	102.341108108
16.3090689182	0	1760	3766	1.12739	78.4839408318
11.6529829502	0	1770	3789	1.29064	109.843119609
7.5309920311	0	1780	3801	1.145	169.964328035
10.0518350601	0	1790	3823	1.10252	127.339932693
14.6666069031	0	1800	3843	1.17283	87.2730828922
9.47900104523	0	1810	3863	1.18828	135.035326391
18.8775179386	0	1820	3891	1.25548	67.8055242306
20.3436219692	0	1830	3910	1.13567	62.9189827621
21.9344611168	0	1840	3934	1.16738	58.3556620418
14.1375370026	0	1850	3960	1.27416	90.5391087406
23.5274329185	0	1860	3996	1.29166	54.4045754771
19.1117050648	0	1870	4020	1.04076	66.9746626825
19.5810320377	0	1880	4048	1.1493	65.3693838779
7.89541196823	0	1890	4061	1.0245	162.119469529
15.1552958488	0	1900	4080	1.24601	84.4589253002
7.89890503883	0	1910	4100	1.29332	162.047776712
31.5161781311	0	1920	4139	1.31585	40.6140615996
26.1115670204	0	1930	4167	1.00098	49.0204206817
9.77930402756	0	1940	4192	1.09992	130.88866001
7.9918718338	0	1950	4206	1.17173	160.16272866
7.94025015831	0	1960	4220	1.08015	161.203989104
7.81603384018	0	1970	4238	1.23151	163.765923507
26.7193009853	0	1980	4256	1.1771	47.9054448581
10.479861021	0	1990	4272	1.04806	122.139024309
20.3903889656	0	2000	4298	1.01035	62.7746730167
7.51116800308	0	2010	4317	1.13899	170.412910412
20.2958610058	0	2020	4337	1.18561	63.0670460167
12.6390161514	0	2030	4357	1.05317	101.273705537
8.59078383446	0	2040	4376	1.09225	148.996881387
16.5224502087	0	2050	4394	1.20373	77.4703499684
8.76115679741	0	2060	4407	1.07408	146.099428374
8.61124110222	0	2070	4423	1.07126	148.642917415
12.9495410919	0	2080	4446	1.1084	98.8452016109
15.7461218834	0	2090	4469	1.19691	81.289857241
7.71347403526	0	2100	4485	1.27987	165.943386099
9.96951293945	0	2110	4505	1.00624	128.391427723
20.8518090248	0	2120	4524	0.998985	61.3855612468
10.8655359745	0	2130	4544	1.14683	117.803668683
7.74998211861	0	2140	4558	0.994385	165.161671396
13.8154008389	0	2150	4580	1.04044	92.6502252762
12.8392369747	0	2160	4605	1.28236	99.6943979242
19.1773891449	0	2170	4622	1.08834	66.7452691463
11.6538109779	0	2180	4641	1.24999	109.835315025
17.2672359943	0	2190	4665	1.24249	74.1288299077
7.84058904648	0	2200	4681	1.14251	163.253040354
9.5165848732	0	2210	4700	1.04874	134.502031669
19.2364931107	0	2220	4719	1.11237	66.5401948597
12.5633709431	0	2230	4739	1.03286	101.883483804
20.2556860447	0	2240	4772	1.13452	63.192132677
8.95349001884	0	2250	4790	1.01531	142.961012667
7.68649291992	0	2260	4810	0.95716	166.525880312
21.9386980534	0	2270	4841	1.0689	58.3443920367
15.3791298866	0	2280	4868	1.06223	83.2296761544
12.0022330284	0	2290	4887	1.03977	106.646821218
15.6816320419	0	2300	4913	1.05007	81.6241572674
8.94526600838	0	2310	4935	1.0594	143.092446754
7.5873799324	0	2320	4954	1.00759	168.701186892
7.64267802238	0	2330	4973	1.05032	167.480560643
8.49725198746	0	2340	4990	1.25753	150.636935552
11.8621630669	0	2350	5013	1.30848	107.906120729
24.7761929035	0	2360	5033	1.03329	51.6624973411
8.17814016342	0	2370	5058	1.02522	156.514803418
8.85279297829	0	2380	5076	1.09718	144.587137996
14.6101739407	0	2390	5095	0.928136	87.6101821374
30.8285269737	0	2400	5111	1.11854	41.5199857292
13.0845420361	0	2410	5137	0.890645	97.8253573165
7.47773098946	0	2420	5154	0.954729	171.174919478
10.7307140827	0	2430	5170	0.92202	119.28376715
10.8228738308	0	2440	5187	0.978384	118.268033058
15.0876941681	0	2450	5205	1.10714	84.8373506077
18.5321409702	0	2460	5222	0.901903	69.0691918465
15.8002228737	0	2470	5241	0.978743	81.0115154851
8.44573807716	0	2480	5263	1.16146	151.555730039
20.0170660019	0	2490	5289	1.19054	63.945435354
9.90717411041	0	2500	5311	1.02578	129.199304033
13.9784059525	0	2510	5330	0.939048	91.5698116333
13.6077718735	0	2520	5347	1.01687	94.0638931856
10.7242991924	0	2530	5362	1.0219	119.355118412
11.6362249851	0	2540	5384	0.993377	110.001310703
15.5896089077	0	2550	5404	1.05855	82.1059724832
22.0063750744	0	2560	5421	1.07977	58.1649633651
9.27251291275	0	2570	5439	1.17074	138.042406847
8.80748105049	0	2580	5459	1.03086	145.330996759
19.9795489311	0	2590	5486	1.01343	64.0655104083
24.2488470078	0	2600	5523	0.886923	52.7860149223
21.4990611076	0	2610	5542	1.17477	59.5374836879
11.3648939133	0	2620	5564	1.17665	112.627536145
24.352353096	0	2630	5589	1.03164	52.5616557445
21.1306829453	0	2640	5619	1.15518	60.57542027
17.1571578979	0	2650	5640	0.971896	74.6044308512
24.7706980705	0	2660	5660	0.934655	51.6739575266
17.5599679947	0	2670	5680	0.971699	72.8930713534
12.4721589088	0	2680	5697	0.98269	102.62858334
11.5321531296	0	2690	5712	1.07528	110.994016956
33.448595047	0	2700	5736	1.10147	38.2676760624
7.76235485077	0	2710	5766	1.10696	164.898413511
12.1848421097	0	2720	5790	0.959376	105.048550361
21.4868190289	0	2730	5810	1.00893	59.5714050684
7.66184687614	0	2740	5828	1.02791	167.061548043
25.7531530857	0	2750	5847	1.3175	49.7026517778
15.1120829582	0	2760	5867	1.08514	84.700434979
13.6965560913	0	2770	5891	1.24883	93.4541494568
13.8935949802	0	2780	5918	0.982206	92.1287832142
15.8925328255	0	2790	5943	1.08188	80.540969401
7.99605917931	0	2800	5958	1.12611	160.078855258
12.1010258198	0	2810	5976	1.08637	105.776156424
13.478924036	0	2820	5997	0.871249	94.9630694986
25.4462039471	0	2830	6025	1.03646	50.3021984207
13.6585400105	0	2840	6057	1.28816	93.714262214
14.6600301266	0	2850	6077	1.33684	87.3122353057
24.4927039146	0	2860	6101	0.955432	52.2604610933
8.51673698425	0	2870	6119	0.976842	150.292301191
20.3842701912	0	2880	6143	1.26297	62.7935161767
13.4201419353	0	2890	6163	1.06911	95.3790210392
13.4786179066	0	2900	6180	1.01229	94.9652263216
8.2605099678	0	2910	6199	0.942064	154.954113607
18.441475153	0	2920	6225	0.953299	69.4087641787
7.2934448719	0	2930	6239	0.972664	175.500058269
11.3763821125	0	2940	6262	1.22102	112.513801606
18.923511982	0	2950	6293	0.952917	67.6407213006
10.0915510654	0	2960	6313	1.25553	126.838777478
7.5238878727	0	2970	6331	1.10902	170.124810691
15.9324491024	0	2980	6358	1.02055	80.3391865101
7.63708281517	0	2990	6377	1.25891	167.603263049
7.74751615524	0	3000	6397	0.883122	165.214240842
20.3365428448	0	3010	6425	1.0991	62.9408847792
14.6242671013	0	3020	6452	1.05066	87.525753676
9.59510707855	0	3030	6469	1.01976	133.40132523
24.7144818306	0	3040	6504	1.0498	51.7914965312
8.4291870594	0	3050	6523	1.05932	151.85331527
13.4418671131	0	3060	6548	1.05374	95.224866399
13.2998318672	0	3070	6564	0.988546	96.2418181507
7.51553916931	0	3080	6581	0.934452	170.313795346
17.9302458763	0	3090	6606	1.09857	71.3877550163
15.7173509598	0	3100	6627	0.918441	81.4386599418
11.0382931232	0	3110	6644	0.976589	115.959957369
8.43746304512	0	3120	6659	1.00674	151.704368144
14.2812159061	0	3130	6680	0.993499	89.6282227236
12.6255478859	0	3140	6702	0.955928	101.38173896
13.1017711163	0	3150	6725	1.05456	97.6967150962
23.5853209496	0	3160	6747	1.01008	54.2710443813
9.00213599205	0	3170	6769	0.879638	142.188476283
7.67852401733	0	3180	6787	0.96274	166.698703698
7.53549003601	0	3190	6805	0.887416	169.862874728
10.1538419724	0	3200	6826	0.900607	126.060657974
8.09531211853	0	3210	6842	1.10646	158.116201236
15.7473039627	0	3220	6870	1.15961	81.2837551768
14.2618248463	0	3230	6894	0.932735	89.7500855464
14.8201880455	0	3240	6908	0.880546	86.3686746801
17.4057569504	0	3250	6933	1.09103	73.5388873721
22.5023670197	0	3260	6960	0.955037	56.8829047576
7.36035609245	0	3270	6979	0.904855	173.904629602
14.6698470116	0	3280	7008	0.961012	87.2538070091
8.52695298195	0	3290	7028	1.1351	150.112238535
22.5066480637	0	3300	7050	1.05464	56.8720849226
12.2044198513	0	3310	7065	1.0901	104.880036544
11.9940071106	0	3320	7080	0.960664	106.719963411
10.9270420074	0	3330	7104	0.810316	117.140576482
12.2107930183	0	3340	7124	0.780513	104.825296611
20.8248949051	0	3350	7157	0.83653	61.4648960215
17.3199679852	0	3360	7190	1.06908	73.9031389144
13.1651120186	0	3370	7210	0.987663	97.2266698675
15.4291250706	0	3380	7231	1.02439	82.9599860099
10.2758479118	0	3390	7251	0.900656	124.563930002
19.7374219894	0	3400	7273	1.00136	64.8514279466
7.49071192741	0	3410	7286	1.0114	170.878283987
18.0396711826	0	3420	7307	0.942713	70.954730108
12.5924658775	0	3430	7326	1.16297	101.648081674
11.996363163	0	3440	7338	0.923523	106.699003907
9.73954296112	0	3450	7361	0.870327	131.423004664
11.7159738541	0	3460	7379	1.00505	109.252548354
7.2419731617	0	3470	7398	0.950188	176.747410053
12.4728469849	0	3480	7416	1.05817	102.62292174
8.15642094612	0	3490	7436	0.995413	156.931576785
14.3703989983	0	3500	7452	0.89334	89.071987504
10.8661830425	0	3510	7471	0.926241	117.796653617
9.89740300179	0	3520	7494	0.860434	129.326854708
15.3691618443	0	3530	7519	0.939476	83.2836567778
11.5054931641	0	3540	7544	1.12417	111.251206858
7.89611887932	0	3550	7559	1.06071	162.104955556
11.3541100025	0	3560	7578	1.07635	112.734507567
14.3758821487	0	3570	7597	1.03038	89.0380142767
13.3893740177	0	3580	7620	0.938784	95.5981958758
7.92729377747	0	3590	7639	0.972004	161.467461145
7.94356417656	0	3600	7656	0.772373	161.136735545
9.72734594345	0	3610	7671	1.16805	131.587794599
17.8426580429	0	3620	7698	1.2208	71.7381904042
19.8928580284	0	3630	7727	0.821644	64.3447009058
15.2156460285	0	3640	7749	0.881712	84.1239338508
10.9539039135	0	3650	7767	0.865577	116.853316417
8.23992109299	0	3660	7788	1.07442	155.341293388
12.1754329205	0	3670	7806	0.873128	105.129732007
14.1130869389	0	3680	7820	1.02877	90.6959622332
7.71531009674	0	3690	7837	0.961435	165.903895495
22.0053868294	0	3700	7869	0.982223	58.1675755089
19.1720790863	0	3710	7887	1.0024	66.7637554716
7.91972994804	0	3720	7906	0.848936	161.621672506
19.8394269943	0	3730	7930	0.935174	64.517992398
16.2925531864	0	3740	7955	1.05746	78.5634998612
13.709581852	0	3750	7976	0.975799	93.3653567134
19.6119790077	0	3760	8014	0.903264	65.2662334329
11.3345389366	0	3770	8037	0.858297	112.929163432
12.0256412029	0	3780	8057	0.745197	106.43923084
11.6288158894	0	3790	8087	0.910046	110.071396106
9.82305288315	0	3800	8108	0.770535	130.305722185
9.53440403938	0	3810	8125	0.99439	134.25065633
14.5173361301	0	3820	8144	1.05008	88.1704459086
7.93079900742	0	3830	8161	0.841507	161.396096258
30.5995149612	0	3840	8201	1.0528	41.8307284158
13.9910168648	0	3850	8216	1.18068	91.4872744684
9.07834005356	0	3860	8235	0.901873	140.994938772
13.6506309509	0	3870	8256	0.891299	93.7685594608
19.3096129894	0	3880	8282	0.795166	66.2882265274
9.08851909637	0	3890	8305	0.960121	140.837025969
8.64512991905	0	3900	8324	0.923939	148.060238769
8.56930398941	0	3910	8345	1.12354	149.37035745
13.7163281441	0	3920	8365	0.805532	93.3194355337
19.9924058914	0	3930	8392	0.916445	64.0243103782
14.1979579926	0	3940	8412	0.926532	90.1538094895
17.6728081703	0	3950	8439	1.00334	72.4276519987
11.8381719589	0	3960	8458	0.815012	108.124802076
7.82765197754	0	3970	8474	0.981905	163.522855088
14.6822800636	0	3980	8497	1.09357	87.179919907
10.3718378544	0	3990	8517	0.890603	123.411107845
11.8582651615	0	4000	8535	0.846482	107.941590323
17.2452888489	0	4010	8554	1.10504	74.2231696562
13.6254379749	0	4020	8576	0.842411	93.9419343698
11.0559201241	0	4030	8599	0.899742	115.775076668
13.0576460361	0	4040	8620	0.92367	98.0268569432
13.3075509071	0	4050	8639	0.867835	96.1859931202
10.2073581219	0	4060	8654	0.898329	125.399734654
13.4663488865	0	4070	8682	1.29451	95.0517479377
16.9957408905	0	4080	8712	0.879646	75.3129862503
17.3598711491	0	4090	8744	0.710265	73.7332661636
13.9099960327	0	4100	8765	1.00505	92.0201556485
9.48107600212	0	4110	8786	0.9332	135.005773576
11.7273080349	0	4120	8804	0.824589	109.14695821
17.5479519367	0	4130	8822	0.929488	72.9429852906
12.6316170692	0	4140	8854	1.09651	101.333027512
16.1366028786	0	4150	8883	1.02451	79.3227676006
14.3629729748	0	4160	8905	0.945213	89.1180399941
11.4620571136	0	4170	8925	0.873474	111.672798984
8.28852081299	0	4180	8947	0.764724	154.430450123
10.0233011246	0	4190	8964	0.918835	127.702438956
18.7573130131	0	4200	8984	0.874694	68.2400511794
8.11796808243	0	4210	9000	1.00983	157.674923947
10.0680959225	0	4220	9021	0.81596	127.134267478
24.6568980217	0	4230	9052	0.852813	51.9124505797
16.5239460468	0	4240	9074	1.14434	77.4633369277
26.6759209633	0	4250	9107	0.966295	47.9833480449
8.1184630394	0	4260	9126	0.807722	157.665311006
13.2545938492	0	4270	9145	0.939253	96.570292124
12.917935133	0	4280	9165	0.898197	99.087043465
12.3102898598	0	4290	9184	0.824003	103.978055316
22.926281929	0	4300	9212	0.822264	55.8311201076
14.2336351871	0	4310	9238	0.842975	89.9278352417
15.9052639008	0	4320	9268	0.903563	80.4765018667
9.10735297203	0	4330	9285	0.83011	140.545777015
19.8542499542	0	4340	9299	1.11787	64.4698239899
18.6071021557	0	4350	9319	0.879713	68.7909374222
27.2031259537	0	4360	9336	0.893531	47.0534159265
12.1992759705	0	4370	9359	1.0433	104.924259694
9.13559913635	0	4380	9377	0.972955	140.111226521
8.01861977577	0	4390	9395	0.996979	159.628469212
13.9836912155	0	4400	9439	0.962186	91.5352019916
12.4407448769	0	4410	9461	0.966505	102.887730009
8.4025850296	0	4420	9477	0.873097	152.334072847
8.15916395187	0	4430	9502	0.820269	156.878818412
16.0102491379	0	4440	9522	0.789326	79.9487871161
10.2484998703	0	4450	9573	0.949112	124.896327872
17.6321310997	0	4460	9622	0.910443	72.594741541
9.73218297958	0	4470	9654	0.85899	131.522393556
9.51535892487	0	4480	9676	0.950265	134.519360763
14.8828289509	0	4490	9716	0.953588	86.0051542771
10.1565041542	0	4500	9742	0.734337	126.027615464
10.0679829121	0	4510	9757	0.802366	127.135694526
13.5028390884	0	4520	9791	0.814737	94.7948791818
12.6756229401	0	4530	9816	0.985166	100.981230355
10.3975129128	0	4540	9834	0.943567	123.106363103
8.00639796257	0	4550	9854	0.971339	159.872143002
15.114921093	0	4560	9896	0.975876	84.6845307445
8.85840606689	0	4570	9920	0.856126	144.495521015
18.1755390167	0	4580	9947	0.919048	70.4243213267
17.436743021	0	4590	9993	0.797177	73.4082046434
9.73593878746	0	4600	10033	0.904399	131.471656503
9.47328805923	0	4610	10054	1.04016	135.116761149
11.7605021	0	4620	10086	1.05036	108.838890476
9.12020492554	0	4630	10115	0.663573	140.347723593
11.5234520435	0	4640	10139	0.794663	111.077825912
10.4145379066	0	4650	10173	0.876288	122.905117008
8.1756939888	0	4660	10213	1.03423	156.56163278
8.22000217438	0	4670	10236	0.893875	155.717720366
22.677107811	0	4680	10293	1.0865	56.4445876727
12.0704751015	0	4690	10323	0.997799	106.043878906
14.2526710033	0	4700	10367	0.897266	89.807727948
13.2286190987	0	4710	10394	0.796827	96.7599104981
12.9819149971	0	4720	10423	0.938577	98.5987044504
12.0028409958	0	4730	10442	0.874759	106.641419348
11.7733149529	0	4740	10479	0.723294	108.720441535
12.166205883	0	4750	10516	1.00004	105.209464011
11.6320521832	0	4760	10563	0.885752	110.040771813
8.16270494461	0	4770	10586	0.83137	156.810764163
20.021625042	0	4780	10626	0.901491	63.9308746077
7.6935198307	0	4790	10643	0.906806	166.373783153
13.5948719978	0	4800	10675	1.003	94.1531483492
12.5973520279	0	4810	10700	0.915717	101.608655308
13.047770977	0	4820	10726	0.967095	98.1010474704
15.2490720749	0	4830	10761	0.918229	83.9395337443
7.65156507492	0	4840	10794	0.920649	167.286037231
7.83781003952	0	4850	10813	0.808875	163.310924039
16.3711359501	0	4860	10863	0.934314	78.18638877
8.85375905037	0	4870	10875	0.85221	144.571361466
8.00673484802	0	4880	10892	0.804679	159.86541634
8.01065301895	0	4890	10906	0.936254	159.787222961
14.671241045	0	4900	10925	0.874256	87.2455163182
14.0561590195	0	4910	10950	0.747224	91.0632839474
17.300994873	0	4920	10981	0.926832	73.9841846895
15.3176679611	0	4930	11010	0.775802	83.5636340498
9.87323713303	0	4940	11038	0.841689	129.643396867
16.8124439716	0	4950	11075	0.831484	76.1340827163
13.0357830524	0	4960	11109	0.913499	98.1912628379
13.3331840038	0	4970	11145	0.965985	96.0010751845
23.3305170536	0	4980	11186	1.01516	54.8637647875
9.10604691505	0	4990	11209	0.881665	140.565935135
15.4351398945	0	5000	11236	0.973415	82.9276578476
2.5147330761	0	5010	11257	0.86774	509.000343682
7.58980202675	0	5020	11287	0.926926	168.647350153
8.95816802979	0	5030	11318	0.860841	142.886357539
5.36359095573	0	5040	11333	0.628554	238.646088146
6.07323098183	0	5050	11348	0.795095	210.760961312
5.15180110931	0	5060	11366	0.770702	248.456796534
2.41850495338	0	5070	11380	0.747945	529.252585656
5.6915230751	0	5080	11404	0.741188	224.895864096
9.53534388542	0	5090	11433	0.774849	134.237423986
2.88207006454	0	5100	11448	0.945722	444.125219489
3.18421387672	0	5110	11469	1.07361	401.98304811
7.13447117805	0	5120	11491	0.757198	179.410634377
2.78980994225	0	5130	11508	0.750969	458.812616808
7.48640990257	0	5140	11524	0.773234	170.976478266
4.60205411911	0	5150	11543	0.836368	278.136668294
2.82218003273	0	5160	11559	0.899497	453.550087222
2.71201586723	0	5170	11579	0.686124	471.97363978
2.73109292984	0	5180	11596	0.62357	468.676838497
7.08779406548	0	5190	11616	0.861617	180.592154368
7.89308309555	0	5200	11645	0.74556	162.167303258
2.86154389381	0	5210	11669	0.881828	447.310978793
3.15671396255	0	5220	11687	0.688737	405.484948964
6.70202302933	0	5230	11718	0.794169	190.987108579
2.75632715225	0	5240	11728	0.714851	464.386093993
3.92292094231	0	5250	11741	0.893522	326.28748293
5.03501391411	0	5260	11767	0.787938	254.219754272
7.0231730938	0	5270	11784	0.686903	182.253802221
5.70624303818	0	5280	11799	0.930786	224.315717265
8.01909089088	0	5290	11820	0.866668	159.619091168
14.9775409698	0	5300	11853	0.860404	85.4612918487
6.63165402412	0	5310	11883	0.804791	193.013687889
19.4379999638	0	5320	11947	0.910888	65.8503962541
4.92726898193	0	5330	11975	0.769024	259.77879525
11.5968821049	0	5340	12002	0.87927	110.374494491
2.76385903358	0	5350	12012	0.673933	463.120580481
3.97304391861	0	5360	12030	0.834188	322.171117718
5.69997596741	0	5370	12042	0.64996	224.562350319
2.97809696198	0	5380	12055	0.857228	429.804676054
2.76319408417	0	5390	12076	0.799859	463.232028229
7.46854901314	0	5400	12102	0.758959	171.385365182
2.62861895561	0	5410	12112	0.800892	486.947717267
5.05348014832	0	5420	12139	0.809658	253.290794152
4.69437980652	0	5430	12167	0.741158	272.666476245
2.89102506638	0	5440	12180	0.87514	442.749533682
4.7056119442	0	5450	12194	0.854924	272.015630523
2.93644809723	0	5460	12215	0.868023	435.900774547
8.57613801956	0	5470	12240	0.777755	149.251329337
2.77000594139	0	5480	12255	0.785797	462.09287167
5.60716509819	0	5490	12281	0.860897	228.279349294
3.73740983009	0	5500	12301	0.761976	342.483179044
2.80718398094	0	5510	12311	0.761416	455.972963899
2.7963950634	0	5520	12326	0.912387	457.732176956
2.95026612282	0	5530	12342	0.806785	433.859166161
2.86600780487	0	5540	12358	0.933424	446.614275727
22.4637010098	0	5550	12379	0.720998	56.9808153805
5.0488409996	0	5560	12439	0.7529	253.52353146
2.90982198715	0	5570	12459	0.640625	439.889452225
3.60999512672	0	5580	12483	0.718128	354.571115768
7.50358009338	0	5590	12502	0.782057	170.585238522
2.79896187782	0	5600	12523	0.728002	457.312409341
4.37750792503	0	5610	12533	0.745541	292.403811009
2.70736718178	0	5620	12554	0.628397	472.784042229
3.73317098618	0	5630	12577	0.637418	342.872052938
5.42441892624	0	5640	12599	0.833616	235.969975292
2.74476003647	0	5650	12620	0.803297	466.343134916
3.94374585152	0	5660	12639	0.761913	324.564525249
2.75071620941	0	5670	12662	0.906513	465.333354135
2.61375999451	0	5680	12679	0.773621	489.71596577
3.89307379723	0	5690	12691	0.796256	328.789040915
2.69696998596	0	5700	12708	0.79137	474.606690717
3.53440213203	0	5710	12731	1.0392	362.154602726
9.81466293335	0	5720	12774	0.797697	130.417112507
6.14562916756	0	5730	12794	0.909312	208.27810548
11.7389879227	0	5740	12818	0.69501	109.038360754
7.58150100708	0	5750	12862	0.834199	168.832002898
2.74483799934	0	5760	12881	0.752919	466.329889161
2.65370106697	0	5770	12892	0.850366	482.345210593
5.01398491859	0	5780	12903	0.82164	255.2859693
13.4108920097	0	5790	12939	0.791639	95.4448070323
5.53186607361	0	5800	12959	0.759979	231.386657408
2.72059583664	0	5810	12971	0.758779	470.485171947
6.01289796829	0	5820	12993	0.888111	212.875722613
6.80916118622	0	5830	13023	0.883373	187.982038462
5.04644489288	0	5840	13041	0.805987	253.64390718
5.82969307899	0	5850	13067	0.851266	219.56558993
8.7174038887	0	5860	13100	0.886125	146.832705739
9.23816108704	0	5870	13132	0.839906	138.555713409
2.83116793633	0	5880	13152	0.850363	452.110234641
2.93208003044	0	5890	13172	0.855523	436.55015781
16.7302360535	0	5900	13226	0.733573	76.5081852945
3.59335589409	0	5910	13237	0.767615	356.212976874
2.79905104637	0	5920	13247	0.85606	457.297840873
5.70349693298	0	5930	13269	0.748036	224.423720226
7.01863098145	0	5940	13288	0.836815	182.371747907
4.67882514	0	5950	13301	0.72165	273.572950837
10.4009208679	0	5960	13340	0.814032	123.066026197
2.67648100853	0	5970	13359	0.896033	478.239896312
4.33570408821	0	5980	13376	0.758077	295.22309963
14.2573189735	0	5990	13429	0.923254	89.7784500982
10.9979379177	0	6000	13461	0.684006	116.385454217
11.8542900085	0	6010	13498	0.853044	107.977786867
2.79700112343	0	6020	13515	0.716994	457.632994595
5.14114999771	0	6030	13536	0.863142	248.971533717
6.0794608593	0	6040	13566	0.894098	210.544985752
7.45267510414	0	6050	13595	0.781009	171.750409365
4.16359210014	0	6060	13610	0.727604	307.426849032
2.76946091652	0	6070	13620	0.798911	462.183810707
5.4644548893	0	6080	13645	0.760571	234.241113877
9.59615302086	0	6090	13674	1.0566	133.386785019
2.74073004723	0	6100	13686	0.827698	467.028849228
3.58537006378	0	6110	13700	0.753796	357.006383506
6.53368496895	0	6120	13724	0.816706	195.90782324
2.81364607811	0	6130	13735	0.684429	454.925731405
3.71048784256	0	6140	13757	0.739336	344.968115868
2.83127307892	0	6150	13768	0.683168	452.093445006
2.74797797203	0	6160	13780	0.851236	465.797038051
2.82730507851	0	6170	13796	0.90504	452.727938605
20.8428099155	0	6180	13851	0.784591	61.4120651288
16.3219680786	0	6190	13906	0.801831	78.4219154109
2.93106794357	0	6200	13922	0.734412	436.700896957
3.2200050354	0	6210	13943	0.843365	397.514906321
2.81779503822	0	6220	13959	0.915673	454.255892511
2.68004488945	0	6230	13975	0.858397	477.603940531
2.63490104675	0	6240	13993	0.852413	485.7867439
6.8809530735	0	6250	14015	0.825588	186.020742523
2.98684000969	0	6260	14034	0.856067	428.546556176
2.7666208744	0	6270	14051	0.780378	462.658260061
4.3929131031	0	6280	14074	0.740776	291.378401976
2.71379685402	0	6290	14088	0.879689	471.663897062
10.4475200176	0	6300	14113	0.681137	122.517113903
8.24538302422	0	6310	14135	0.837979	155.238391745
2.78877902031	0	6320	14155	0.745591	458.982225081
2.81861209869	0	6330	14174	0.871253	454.12421262
5.1369099617	0	6340	14195	0.79379	249.177036301
2.89030694962	0	6350	14213	0.903874	442.859537867
4.95375108719	0	6360	14224	0.836261	258.390051795
2.78075885773	0	6370	14234	0.749665	460.30600476
2.67246699333	0	6380	14248	0.689349	478.958207227
7.83138203621	0	6390	14277	0.885474	163.444969749
2.98808002472	0	6400	14298	0.898837	428.368714831
4.32793807983	0	6410	14319	0.790983	295.752844978
4.57771682739	0	6420	14344	0.933579	279.615373398
7.55982804298	0	6430	14368	0.862407	169.316020513
2.85937714577	0	6440	14380	0.782853	447.649937293
2.82231593132	0	6450	14393	0.774363	453.52824813
5.01979207993	0	6460	14422	0.724168	254.990640971
3.98616194725	0	6470	14445	0.764878	321.110887349
2.73514890671	0	6480	14465	0.737044	467.981833406
2.82258796692	0	6490	14483	0.665949	453.484537949
3.16972994804	0	6500	14499	0.814517	403.819890332
5.00035905838	0	6510	14519	0.824292	255.981617531
5.30604696274	0	6520	14546	0.704322	241.23420109
5.29976916313	0	6530	14575	0.747407	241.519953153
2.68415594101	0	6540	14596	0.74665	476.872442634
2.87623000145	0	6550	14615	0.715319	445.026996921
2.84718894958	0	6560	14625	0.954692	449.56622924
2.76997113228	0	6570	14642	0.829437	462.098678605
4.53211593628	0	6580	14664	0.776613	282.428785582
11.5293109417	0	6590	14693	0.89659	111.021379029
3.54886102676	0	6600	14712	0.938545	360.679099674
2.82986998558	0	6610	14722	0.727073	452.317599933
6.69051194191	0	6620	14739	0.739476	191.315703658
2.87477207184	0	6630	14754	0.721336	445.252690653
2.89251303673	0	6640	14767	0.898817	442.521773886
2.78005599976	0	6650	14787	0.753701	460.422380021
2.87726402283	0	6660	14804	0.846027	444.86706463
5.77715396881	0	6670	14831	0.795048	221.56238295
2.69571304321	0	6680	14851	0.872795	474.827987802
19.1980700493	0	6690	14907	0.866692	66.6733685581
9.788438797	0	6700	14946	0.759447	130.76651206
3.88526797295	0	6710	14967	0.814946	329.449605256
5.921626091	0	6720	14998	0.869126	216.156842788
5.7260529995	0	6730	15023	0.97705	223.539670365
4.93407392502	0	6740	15050	0.71583	259.420515268
3.57591414452	0	6750	15066	0.814801	357.950428414
2.6667098999	0	6760	15086	0.743741	479.992218144
9.01817107201	0	6770	15119	0.769146	141.935653003
7.30804109573	0	6780	15150	0.829659	175.149535044
2.87049889565	0	6790	15167	0.782588	445.915517314
2.71567296982	0	6800	15187	0.993731	471.338049252
5.14666604996	0	6810	15203	0.832155	248.704693014
5.31405591965	0	6820	15231	0.87031	240.870630523
2.65678310394	0	6830	15246	0.736342	481.785659545
4.37427186966	0	6840	15270	0.700817	292.620129279
5.97629904747	0	6850	15292	0.897905	214.17937587
5.80667710304	0	6860	15323	0.710593	220.435883946
2.62431502342	0	6870	15342	0.790141	487.746321831
4.07104086876	0	6880	15367	0.837277	314.415905235
6.13177609444	0	6890	15392	0.733784	208.748652966
14.7891218662	0	6900	15435	0.820725	86.5501015935
2.84922909737	0	6910	15455	1.01831	449.244324082
2.72233986855	0	6920	15466	0.956677	470.183761693
8.162566185	0	6930	15478	0.770671	156.813429869
5.51115894318	0	6940	15496	0.750465	232.256048718
2.71565508842	0	6950	15515	0.856603	471.341152805
2.79137778282	0	6960	15532	0.730629	458.554914307
7.50590014458	0	6970	15555	0.703633	170.532511137
4.22639799118	0	6980	15566	0.83676	302.858368443
5.27113103867	0	6990	15586	0.846988	242.832134244
7.83791303635	0	7000	15618	0.865424	163.308777995
2.72998380661	0	7010	15628	0.736483	468.867250018
4.47296905518	0	7020	15639	0.977102	286.163392639
2.75185108185	0	7030	15649	0.861629	465.14144913
2.67878293991	0	7040	15669	0.776198	477.828935271
3.71129393578	0	7050	15687	0.835681	344.893188777
8.31230401993	0	7060	15703	0.844169	153.988592926
5.07681703568	0	7070	15729	0.882198	252.126478265
2.72237706184	0	7080	15749	0.69087	470.177338011
9.44705986977	0	7090	15792	0.899464	135.49189035
4.37212109566	0	7100	15817	0.862307	292.764077663
5.82980895042	0	7110	15839	0.935395	219.561225914
6.7937669754	0	7120	15850	0.715368	188.40799289
2.73010802269	0	7130	15860	0.859941	468.845917217
2.80759906769	0	7140	15871	0.831151	455.905551021
2.69424986839	0	7150	15881	0.84368	475.085854143
2.81457805634	0	7160	15892	0.827206	454.77509395
2.78337812424	0	7170	15902	0.752043	459.872838999
4.20960497856	0	7180	15922	0.82906	304.066535107
7.43479084969	0	7190	15954	0.779338	172.163551858
6.90009713173	0	7200	15965	0.890811	185.504635017
10.9119670391	0	7210	16005	0.855097	117.302407111
4.4773209095	0	7220	16018	0.672992	285.885248315
2.84949707985	0	7230	16036	0.796017	449.202074658
11.1757040024	0	7240	16065	0.824276	114.534171604
2.84192585945	0	7250	16081	0.755503	450.398801131
4.52597999573	0	7260	16105	0.770189	282.811678622
6.61844611168	0	7270	16133	0.7434	193.398870128
2.69784402847	0	7280	16152	0.757656	474.45292852
4.39488101006	0	7290	16170	0.783028	291.247930734
6.15916085243	0	7300	16193	0.713577	207.820518195
2.64900112152	0	7310	16207	0.782081	483.201003428
3.88566303253	0	7320	16225	0.713033	329.416109756
15.6441669464	0	7330	16250	0.835417	81.8196331185
22.8229589462	0	7340	16325	0.618743	56.0838760222
2.80939006805	0	7350	16345	0.810851	455.614908928
6.44205403328	0	7360	16380	0.750359	198.694390545
2.77959799767	0	7370	16391	0.79748	460.498245097
2.95192503929	0	7380	16402	0.905254	433.615346922
2.73607993126	0	7390	16412	0.829563	467.822590041
2.79452300072	0	7400	16423	0.806854	458.038813662
2.83074903488	0	7410	16434	0.705477	452.177139064
2.9274969101	0	7420	16444	0.798005	437.233595563
4.81894612312	0	7430	16461	0.886608	265.618242515
6.55565500259	0	7440	16491	0.838182	195.251275348
4.67104482651	0	7450	16518	0.833617	274.028626901
5.39563417435	0	7460	16531	0.741533	237.228833283
2.98020482063	0	7470	16546	0.788642	429.500681006
5.06242108345	0	7480	16571	0.728737	252.843447611
2.67623400688	0	7490	16591	0.817446	478.284035218
2.7586209774	0	7500	16603	0.720454	463.999951601
2.89902710915	0	7510	16614	0.829961	441.527433794
9.20205283165	0	7520	16629	0.820558	139.099396995
3.20173501968	0	7530	16642	0.930268	399.783240065
3.21500897408	0	7540	16661	0.967144	398.132636743
6.07549905777	0	7550	16676	0.855164	210.682281049
2.78567194939	0	7560	16692	0.789526	459.494162721
3.18914794922	0	7570	16711	0.928646	401.361122275
8.46606516838	0	7580	16751	0.778809	151.1918435
23.8601930141	0	7590	16800	0.709234	53.6458359428
5.62702798843	0	7600	16814	0.821168	227.473544228
2.59011602402	0	7610	16824	0.787942	494.186356183
4.4372189045	0	7620	16843	0.720801	288.468977427
2.60938501358	0	7630	16853	0.699959	490.5370397
7.89600110054	0	7640	16881	0.610424	162.107373556
2.72752380371	0	7650	16896	0.759384	469.290129845
7.03746914864	0	7660	16920	0.713926	181.883568221
6.44987201691	0	7670	16947	0.91556	198.453550186
6.00426483154	0	7680	16976	0.905959	213.181802587
4.7789041996	0	7690	16998	0.743762	267.843829158
3.61562395096	0	7700	17014	0.822657	354.019117409
2.67616701126	0	7710	17034	0.696881	478.296008662
2.80801701546	0	7720	17053	0.922855	455.83769363
5.57114291191	0	7730	17083	0.669448	229.755369812
11.8287370205	0	7740	17100	0.680377	108.211045506
6.52019810677	0	7750	17114	0.88953	196.313053536
5.33706998825	0	7760	17139	0.88103	239.831968256
7.58192300797	0	7770	17156	0.86203	168.822605908
3.55563783646	0	7780	17173	0.783158	359.991669252
4.2461810112	0	7790	17195	0.794304	301.447346833
8.44043207169	0	7800	17228	0.736883	151.651004253
10.1446900368	0	7810	17254	0.996298	126.174382397
8.01728391647	0	7820	17277	0.766694	159.655066895
5.71322703362	0	7830	17299	0.814256	224.041507972
6.13569498062	0	7840	17324	0.791981	208.615324595
4.07457590103	0	7850	17341	0.750073	314.14312338
12.9579071999	0	7860	17363	0.95728	98.781383464
7.09695386887	0	7870	17386	0.956671	180.359070053
5.28797912598	0	7880	17413	0.733279	242.058444163
4.71072888374	0	7890	17428	0.804279	271.720158725
5.90559506416	0	7900	17439	0.829754	216.743611117
2.75146698952	0	7910	17459	0.93386	465.206380769
2.7854039669	0	7920	17478	0.853934	459.538370451
2.79774999619	0	7930	17490	1.03082	457.510500132
6.64990711212	0	7940	17510	0.834551	192.483891642
7.7148938179	0	7950	17534	0.786106	165.912847307
7.15291118622	0	7960	17551	0.898185	178.9481187
3.35507297516	0	7970	17590	0.948237	381.511820898
22.7516629696	0	7980	17641	0.763865	56.2596238223
9.80150294304	0	7990	17674	0.844788	130.592217075
2.81147789955	0	8000	17691	0.952223	455.276564758
10.1357610226	0	8010	17729	0.966466	126.285534668
11.6492521763	0	8020	17756	0.861633	109.878297819
5.2069709301	0	8030	17774	0.987102	245.82430307
2.95531201363	0	8040	17790	0.891264	433.118396331
4.74843406677	0	8050	17815	0.856804	269.562550938
2.7151889801	0	8060	17825	0.851308	471.422066523
3.9818778038	0	8070	17836	0.643555	321.456373869
5.68557405472	0	8080	17856	0.820923	225.131180718
4.34650111198	0	8090	17867	0.954951	294.489744054
2.7518799305	0	8100	17880	0.745436	465.136572935
4.05766701698	0	8110	17903	0.814597	315.452203111
4.14832210541	0	8120	17918	0.754941	308.558488824
2.68846082687	0	8130	17932	0.702443	476.10885277
2.62099194527	0	8140	17952	0.898483	488.364720964
8.70217013359	0	8150	17987	0.864022	147.089746621
6.90526294708	0	8160	18017	0.681524	185.365859318
2.67514705658	0	8170	18027	0.911036	478.478368825
6.14584088326	0	8180	18039	0.867574	208.270930588
21.8162550926	0	8190	18100	0.806811	58.6718478752
4.72222805023	0	8200	18111	0.668537	271.058488998
10.3051788807	0	8210	18126	0.860294	124.209391687
5.69839000702	0	8220	18137	0.805899	224.6248499
8.46542096138	0	8230	18152	0.849262	151.203348993
10.7105951309	0	8240	18182	0.811157	119.507831671
5.35353899002	0	8250	18196	0.866549	239.094177214
2.64575695992	0	8260	18221	0.807589	483.793492521
2.58727312088	0	8270	18241	0.81424	494.729369571
8.63657784462	0	8280	18260	0.754606	148.206850332
2.66166400909	0	8290	18270	0.945617	480.902170832
6.41125106812	0	8300	18292	0.693793	199.649021135
3.28965306282	0	8310	18320	0.809457	389.098782016
2.72939991951	0	8320	18339	0.855774	468.967552483
2.82251906395	0	8330	18356	0.951761	453.495608355
3.91543388367	0	8340	18380	0.859644	326.911407019
7.4502260685	0	8350	18401	0.951278	171.806867098
22.538326025	0	8360	18490	0.861244	56.7921503389
3.15400195122	0	8370	18502	0.888158	405.833610694
5.46507096291	0	8380	18525	0.81572	234.214708041
3.28096294403	0	8390	18540	0.878101	390.129368065
2.90860509872	0	8400	18561	0.846491	440.073491091
7.47016406059	0	8410	18580	0.947464	171.348311713
3.71913099289	0	8420	18590	0.896817	344.166420179
3.96785402298	0	8430	18606	0.728934	322.592512876
10.2887098789	0	8440	18627	0.800731	124.408212017
2.80611205101	0	8450	18660	0.69665	456.14714478
2.6805639267	0	8460	18676	0.851743	477.511462141
2.7991271019	0	8470	18687	0.759757	457.285415561
3.16287589073	0	8480	18703	0.773642	404.694981473
2.76088619232	0	8490	18723	0.826345	463.619255136
5.92013096809	0	8500	18743	0.798426	216.211432973
2.97522592545	0	8510	18762	0.868911	430.219429406
4.05574607849	0	8520	18786	0.824181	315.601611942
2.83199381828	0	8530	18805	0.754681	451.978387713
7.25486707687	0	8540	18827	1.02871	176.433280781
2.74048495293	0	8550	18837	0.737245	467.070617787
3.01048707962	0	8560	18851	0.77927	425.180366548
12.8908839226	0	8570	18901	0.921274	99.2949752467
5.39800214767	0	8580	18927	0.748548	237.124766716
2.82096481323	0	8590	18942	0.752183	453.745468216
2.99304914474	0	8600	18959	0.818323	427.657528527
2.98000192642	0	8610	18978	0.772355	429.529923673
5.91092991829	0	8620	18992	0.704044	216.547991212
3.49442410469	0	8630	19019	0.78414	366.297839544
5.51835989952	0	8640	19032	0.838723	231.952975758
4.99294114113	0	8650	19060	0.838572	256.361924529
4.41137290001	0	8660	19080	0.718488	290.159102169
8.58817195892	0	8670	19102	0.827193	149.042195024
5.55315208435	0	8680	19123	0.884189	230.499719899
5.52782893181	0	8690	19151	0.68402	231.55564613
10.9963681698	0	8700	19189	0.825403	116.402068414
5.20894384384	0	8710	19212	0.830135	245.731195876
3.82365918159	0	8720	19231	0.857937	334.757869154
2.82884287834	0	8730	19250	0.86802	452.481829161
6.85355710983	0	8740	19271	0.761061	186.764329747
10.2082288265	0	8750	19298	0.893706	125.38903876
6.12805199623	0	8760	19321	0.852705	208.875512281
4.95635819435	0	8770	19339	0.914069	258.254135357
3.19012880325	0	8780	19355	0.87511	401.237717642
12.0993111134	0	8790	19384	0.807969	105.791146951
2.67508006096	0	8800	19398	0.789688	478.490352001
24.0100018978	0	8810	19429	0.86554	53.3111161527
2.78011202812	0	8820	19447	0.750218	460.413101002
3.09679794312	0	8830	19465	0.802718	413.33016345
12.6332669258	0	8840	19496	0.851934	101.319793804
5.58250713348	0	8850	19511	0.746713	229.287660435
2.72673988342	0	8860	19527	0.958951	469.425047758
6.36665701866	0	8870	19542	0.796805	201.047425085
2.99325108528	0	8880	19554	0.637021	427.62867649
2.79771399498	0	8890	19569	0.819091	457.516387414
2.76288604736	0	8900	19580	0.690689	463.283674411
4.07972383499	0	8910	19602	0.811616	313.746726928
5.56690311432	0	8920	19627	0.801266	229.930353325
2.82022190094	0	8930	19645	0.83017	453.864995366
2.83989310265	0	8940	19655	0.903291	450.721190459
3.47876191139	0	8950	19677	0.726583	367.94699741
2.78027319908	0	8960	19697	0.939178	460.386411099
6.16296887398	0	8970	19723	0.808996	207.692108491
6.00417709351	0	8980	19738	0.802339	213.184917777
3.04765081406	0	8990	19754	0.826359	419.995622233
3.31497621536	0	9000	19767	0.757516	386.126450642
3.2030518055	0	9010	19784	0.821292	399.618887776
5.46856617928	0	9020	19814	0.752141	234.065010469
21.0655069351	0	9030	19869	0.685356	60.7628386985
4.70623207092	0	9040	19893	0.983167	271.979787803
5.97152781487	0	9050	19913	0.91519	214.350504542
7.09671807289	0	9060	19928	0.743283	180.365062674
5.86012506485	0	9070	19953	0.792573	218.425372468
5.82649183273	0	9080	19973	0.736811	219.686225733
2.87808609009	0	9090	19985	0.690487	444.739997323
3.35958313942	0	9100	19997	0.742226	380.999649921
Training elapsed time: 9290.42028499 s
