Duration	Worker	LocalStep	GlobalStep	Loss	ExamplesPerSec
30.1532869339	1	10	30	4.43926	42.4497668465
27.034610033	1	20	67	4.38633	47.3467158741
199.638051987	1	30	124	4.07974	6.41160333545
101.342402935	1	40	171	4.3342	12.6304484888
71.0052161217	1	50	221	4.07214	18.0268446449
133.031241894	1	60	257	4.07495	9.62179997554
55.3893771172	1	70	296	4.22074	23.1091242874
25.7428588867	1	80	341	4.1127	49.7225271534
94.6816530228	1	90	393	3.63539	13.518986616
17.0733120441	1	100	433	3.69331	74.9708080477
6.31762695312	1	110	469	3.52771	202.607721142
12.7823340893	1	120	500	3.74687	100.138205672
103.167205811	1	130	560	3.41019	12.4070434005
34.8079471588	1	140	598	3.60396	36.7732114209
22.1322050095	1	150	637	3.60744	57.834273605
5.47113084793	1	160	664	3.34551	233.95528924
79.2176389694	1	170	693	3.62038	16.1580175407
9.4595952034	1	180	734	3.10808	135.312343972
5.20729994774	1	190	763	4.38753	245.808770927
34.5265929699	1	200	792	3.4903	37.0728731073
37.1174139977	1	210	853	3.27395	34.4851610643
79.9947528839	1	220	888	3.16	16.0010494921
20.4833471775	1	230	949	3.08867	62.4897868941
64.0527539253	1	240	991	3.30549	19.9835279759
52.3382589817	1	250	1026	3.15529	24.4562968831
41.3552660942	1	260	1072	3.05248	30.9513181969
40.6486890316	1	270	1105	2.92249	31.4893304186
13.0095229149	1	280	1158	3.20049	98.3894650384
37.1940848827	1	290	1191	2.98947	34.4140742819
28.7777700424	1	300	1231	3.17616	44.4787764345
8.30281305313	1	310	1283	3.00934	154.164617679
52.805136919	1	320	1319	3.06117	24.2400659232
29.740885973	1	330	1355	2.91441	43.038395062
92.003644228	1	340	1401	3.03379	13.9124923881
8.22406983376	1	350	1441	2.90239	155.64070173
5.6835770607	1	360	1471	2.67952	225.2102833
28.9962489605	1	370	1503	2.72488	44.1436408462
11.2992401123	1	380	1542	2.61519	113.281954121
27.0512290001	1	390	1586	2.81028	47.3176283412
16.8447489738	1	400	1621	2.63773	75.9880721278
50.0780959129	1	410	1653	2.65447	25.5600772487
92.9444971085	1	420	1697	2.64206	13.7716598596
112.027369022	1	430	1737	3.38719	11.4257793535
30.394192934	1	440	1795	2.52545	42.1133077222
11.9527380466	1	450	1826	2.85958	107.088434048
11.8239529133	1	460	1883	2.48964	108.254828938
36.9317250252	1	470	1918	2.66405	34.658548961
38.9347848892	1	480	1951	2.47114	32.8754866283
7.8472840786	1	490	1983	2.7198	163.11375849
8.31768798828	1	500	2012	2.49866	153.888917426
6.39458203316	1	510	2038	2.54372	200.169454917
79.428153038	1	520	2069	2.3997	16.1151928006
43.0577750206	1	530	2110	2.91112	29.7274998392
6.07081794739	1	540	2131	2.39362	210.844734778
5.34046697617	1	550	2146	2.39258	239.679414874
61.5407459736	1	560	2211	2.31576	20.7992278896
22.9461970329	1	570	2259	2.50108	55.7826640364
38.6551089287	1	580	2299	2.3218	33.1133460874
31.4669489861	1	590	2350	2.22964	40.6776011417
41.9119000435	1	600	2380	2.59289	30.5402522594
5.46067404747	1	610	2407	2.26997	234.403296896
12.2164030075	1	620	2436	2.2848	104.777158973
21.5011539459	1	630	2478	2.79948	59.5316885419
28.6642389297	1	640	2513	2.33483	44.6549445508
46.7830650806	1	650	2566	2.16484	27.3603278835
21.8400800228	1	660	2605	2.10645	58.6078438661
9.80983495712	1	670	2648	2.14198	130.481298166
16.0372040272	1	680	2680	2.20849	79.8144114043
29.8692929745	1	690	2727	2.32883	42.8533745708
13.0406811237	1	700	2786	2.19094	98.1543822639
20.9926958084	1	710	2843	2.07819	60.9735887035
5.43438005447	1	720	2873	2.1052	235.537446253
35.7032260895	1	730	2892	2.00281	35.8511019926
11.4253230095	1	740	2920	1.83536	112.031843558
11.8118679523	1	750	2947	2.10085	108.365586643
92.425369978	1	760	2989	2.37162	13.8490113732
28.7331910133	1	770	3039	1.89784	44.5477844562
6.49114108086	1	780	3066	2.01044	197.191831768
13.9875979424	1	790	3105	2.06216	91.5096362703
38.7248280048	1	800	3136	1.93571	33.0537297632
5.39210796356	1	810	3186	2.04963	237.383970916
23.7703659534	1	820	3233	2.18133	53.8485609564
74.5008561611	1	830	3270	2.03477	17.1810106079
57.5822808743	1	840	3310	2.01145	22.2290604083
6.21402192116	1	850	3337	1.83619	205.98575548
56.5815632343	1	860	3384	1.94911	22.6222099008
5.52638792992	1	870	3418	2.19487	231.616024107
19.6407060623	1	880	3449	1.98339	65.170773186
16.8050220013	1	890	3481	1.84677	76.1677074807
17.4777917862	1	900	3510	1.94602	73.2357963556
19.8851351738	1	910	3548	1.99603	64.3696906666
25.8159708977	1	920	3584	2.0098	49.5817106811
22.9883379936	1	930	3609	1.80573	55.6804063154
10.8901879787	1	940	3644	1.87854	117.536997754
66.9827580452	1	950	3672	1.76074	19.1093952736
7.9851500988	1	960	3707	2.06367	160.297550348
81.014113903	1	970	3775	1.81148	15.7997161029
59.0095310211	1	980	3822	2.24773	21.6914111644
18.0092480183	1	990	3857	1.78636	71.0745944918
18.9907338619	1	1000	3889	1.89952	67.4012920884
11.0916512012	1	1010	3927	1.82187	115.402114327
19.9014518261	1	1020	3964	2.25287	64.3169157298
55.1148221493	1	1030	4002	1.74979	23.2242425918
63.0308170319	1	1040	4040	2.05477	20.3075267032
7.12326788902	1	1050	4073	1.69722	179.69280672
28.0036411285	1	1060	4106	1.97295	45.7083417876
11.0158789158	1	1070	4137	1.66257	116.195903185
15.7512509823	1	1080	4171	1.56861	81.2633867265
5.53116798401	1	1090	4192	1.5377	231.415860755
74.6784949303	1	1100	4234	1.86014	17.1401419002
33.8037400246	1	1110	4292	1.82386	37.8656325918
42.5432600975	1	1120	4351	2.12709	30.0870219411
8.01028800011	1	1130	4385	1.59299	159.794504265
7.39634990692	1	1140	4412	1.58909	173.058335004
13.2742209435	1	1150	4451	1.64314	96.4275045182
25.6681041718	1	1160	4496	2.05885	49.8673369656
9.04492497444	1	1170	4536	1.61263	141.515822809
30.0071558952	1	1180	4574	1.64425	42.6564918205
23.963914156	1	1190	4617	1.66262	53.4136448524
16.0212578773	1	1200	4664	1.59815	79.8938516438
36.9401431084	1	1210	4702	1.67331	34.6506508176
23.2100980282	1	1220	4734	1.56579	55.1484099053
65.0120317936	1	1230	4769	1.45996	19.6886632318
43.8455140591	1	1240	4836	1.46042	29.1934084357
33.1358780861	1	1250	4883	2.66276	38.6288239193
60.8545880318	1	1260	4917	1.76113	21.0337468612
46.0404059887	1	1270	4960	2.00492	27.8016662215
5.24603796005	1	1280	4990	1.76883	243.993659548
37.7179749012	1	1290	5033	2.03662	33.9360743347
5.18288207054	1	1300	5069	1.67867	246.966838639
39.9019510746	1	1310	5101	1.40008	32.0786318846
29.7513589859	1	1320	5136	1.92823	43.0232447737
6.97844982147	1	1330	5176	1.77403	183.421824724
23.3607940674	1	1340	5210	1.60007	54.7926580025
5.86909413338	1	1350	5239	1.38479	218.091577833
7.88465380669	1	1360	5266	1.44461	162.340672322
74.9176440239	1	1370	5305	1.46138	17.0854278278
99.1727809906	1	1380	5343	1.6057	12.906767232
9.99134397507	1	1390	5374	1.68185	128.110893108
15.0452461243	1	1400	5411	1.37285	85.0767072488
24.967441082	1	1410	5443	1.45029	51.2667676193
64.0190308094	1	1420	5476	1.32252	19.99405464
29.9811441898	1	1430	5509	1.51914	42.6935006848
28.3810558319	1	1440	5541	1.54185	45.1005067458
5.4663271904	1	1450	5573	1.24965	234.160882694
32.1661407948	1	1460	5605	1.4699	39.7933966704
6.32760310173	1	1470	5630	1.90979	202.288288222
48.6103169918	1	1480	5698	1.52635	26.3318587331
7.50123405457	1	1490	5758	1.63929	170.638589689
13.5343239307	1	1500	5789	1.14436	94.5743582428
55.035145998	1	1510	5829	1.27806	23.2578650749
30.0490839481	1	1520	5875	1.30091	42.5969724138
31.0226540565	1	1530	5910	1.26843	41.2601706375
13.9665911198	1	1540	5940	1.34194	91.6472737709
98.8653547764	1	1550	5994	1.36253	12.9469013983
12.043402195	1	1560	6019	1.34899	106.28225972
12.0019168854	1	1570	6065	1.2915	106.649630407
61.9784910679	1	1580	6153	1.25123	20.6523259593
7.19317603111	1	1590	6182	1.36808	177.946430681
14.0179460049	1	1600	6215	1.38897	91.3115230688
58.7574868202	1	1610	6252	1.37204	21.784457935
5.77643203735	1	1620	6287	1.34476	221.590073548
26.539960146	1	1630	6321	1.7328	48.2291605926
49.7492408752	1	1640	6375	1.37913	25.72903581
58.0152220726	1	1650	6418	1.53003	22.0631750474
17.2232699394	1	1660	6461	1.58802	74.3180594917
18.8317050934	1	1670	6520	1.35767	67.9704781725
13.9333498478	1	1680	6550	1.15143	91.8659198242
14.1916131973	1	1690	6587	1.57976	90.1941155105
33.7927458286	1	1700	6626	1.13527	37.8779518685
40.0288319588	1	1710	6660	1.39198	31.9769510466
33.9409561157	1	1720	6702	1.37279	37.7125498656
46.180437088	1	1730	6749	1.25673	27.7173643368
30.0561738014	1	1740	6780	1.46409	42.5869243523
10.1346011162	1	1750	6812	1.58374	126.299988063
21.6748681068	1	1760	6854	1.40359	59.0545692684
33.0144360065	1	1770	6893	1.56279	38.7709182658
30.0025868416	1	1780	6944	1.06905	42.6629879203
15.0293941498	1	1790	6975	1.19058	85.1664403265
26.9392709732	1	1800	7009	1.50356	47.5142776237
39.1107268333	1	1810	7056	1.51033	32.7275942852
23.8880040646	1	1820	7093	1.1554	53.5833800321
53.2242081165	1	1830	7135	1.95109	24.04920703
6.93998098373	1	1840	7157	1.25627	184.438545725
7.22174787521	1	1850	7190	1.3748	177.242410303
17.8390669823	1	1860	7224	1.17043	71.752631529
68.4228670597	1	1870	7262	1.37147	18.7071962197
8.46451306343	1	1880	7309	1.35977	151.219566962
26.9054529667	1	1890	7364	1.30349	47.5739992776
9.378510952	1	1900	7401	1.27612	136.482220531
10.7440669537	1	1910	7424	1.31613	119.13551968
38.8957781792	1	1920	7492	1.43768	32.9084558767
20.9918518066	1	1930	7544	1.14747	60.9760402174
30.0916361809	1	1940	7580	1.3855	42.5367365306
17.2091889381	1	1950	7624	1.58422	74.3788684406
27.6680099964	1	1960	7662	1.31522	46.2628139923
11.0977790356	1	1970	7705	1.19376	115.338393015
40.8870289326	1	1980	7745	1.16266	31.305771865
37.0193510056	1	1990	7786	1.22299	34.5765110741
9.62849497795	1	2000	7824	1.14919	132.93874099
27.3589091301	1	2010	7868	1.18065	46.7854911142
46.0760159492	1	2020	7902	1.40413	27.7801796364
33.9631989002	1	2030	7934	1.18632	37.6878515996
56.0681180954	1	2040	7976	1.20734	22.8293733316
16.298486948	1	2050	8019	1.21006	78.5348973854
29.3283600807	1	2060	8054	1.25526	43.6437631179
14.2682688236	1	2070	8095	1.18177	89.7095517209
15.6273460388	1	2080	8132	1.37791	81.9077018465
23.5420410633	1	2090	8169	1.21711	54.3708167256
27.8579940796	1	2100	8207	1.32182	45.9473139503
50.9822587967	1	2110	8266	1.2903	25.1067730268
75.1777751446	1	2120	8327	1.41666	17.026308607
6.21185398102	1	2130	8368	1.64377	206.057644612
52.573071003	1	2140	8404	1.10482	24.3470654383
13.0396590233	1	2150	8453	1.18966	98.1620759956
52.0448260307	1	2160	8501	1.26765	24.5941834688
48.7352449894	1	2170	8542	1.67889	26.2643596083
35.3334949017	1	2180	8594	1.44479	36.226249443
65.968323946	1	2190	8631	1.27188	19.4032517947
30.0489051342	1	2200	8677	1.00404	42.5972258984
15.1382958889	1	2210	8705	1.05461	84.553770741
7.4163839817	1	2220	8734	0.986678	172.590847933
6.72404098511	1	2230	8757	1.23794	190.361718918
46.5970361233	1	2240	8793	1.14937	27.4695582915
42.1102690697	1	2250	8862	1.43392	30.3963861613
31.998860836	1	2260	8900	1.34256	40.0014240057
33.8718931675	1	2270	8938	0.970292	37.789443704
40.034031868	1	2280	8973	1.27797	31.9727976493
72.2339830399	1	2290	9014	1.2857	17.7201913301
71.92811203	1	2300	9056	0.974094	17.795545634
93.8312530518	1	2310	9094	1.12323	13.6415102471
23.9581718445	1	2320	9133	1.17188	53.4264470724
6.2520711422	1	2330	9165	1.26269	204.732155295
34.7427079678	1	2340	9201	1.28805	36.8422634525
37.0023598671	1	2350	9242	0.992995	34.5923882854
58.0534861088	1	2360	9312	1.23019	22.0486328349
19.2173168659	1	2370	9348	1.30865	66.6065928418
45.7635891438	1	2380	9386	1.31083	27.9698341837
68.0170049667	1	2390	9425	1.68758	18.8188233314
30.9872610569	1	2400	9465	4.46862	41.307297139
80.0203509331	1	2410	9515	1.27282	15.9959308485
10.2550399303	1	2420	9565	1.35293	124.816676356
37.6158571243	1	2430	9609	1.09759	34.0282024086
5.28102207184	1	2440	9645	1.19664	242.377324425
5.433344841	1	2450	9665	1.34133	235.582323128
12.2033629417	1	2460	9702	1.25336	104.88912
15.1804871559	1	2470	9740	1.27259	84.3187696715
5.42239689827	1	2480	9761	1.25482	236.0579692
9.82463908195	1	2490	9814	1.08484	130.284684183
61.9429559708	1	2500	9855	1.16101	20.664173673
6.20557999611	1	2510	9890	1.03218	206.265973656
28.6491808891	1	2520	9966	1.2278	44.6784152382
22.0234620571	1	2530	10010	1.16353	58.1198358678
35.1236059666	1	2540	10068	1.06149	36.4427274699
8.93448805809	1	2550	10106	1.2418	143.265063614
7.44855594635	1	2560	10147	1.09182	171.845389794
20.6029720306	1	2570	10196	1.10957	62.1269590667
43.8590769768	1	2580	10233	1.15777	29.1843807082
40.9885311127	1	2590	10271	1.77311	31.2282476403
45.2026329041	1	2600	10307	1.28251	28.3169346068
7.96623206139	1	2610	10336	1.04943	160.67822154
15.1267399788	1	2620	10377	1.07782	84.6183646836
12.6429300308	1	2630	10411	1.59924	101.242354176
24.0365519524	1	2640	10463	1.17039	53.2522302923
70.0079030991	1	2650	10499	1.23798	18.2836500358
17.2054698467	1	2660	10532	1.03154	74.3949459912
39.8052899837	1	2670	10567	1.41653	32.1565299618
26.9905240536	1	2680	10603	1.19801	47.4240513989
36.0216009617	1	2690	10634	0.994347	35.5342340659
32.231757164	1	2700	10689	1.18787	39.7123865598
9.88628602028	1	2710	10717	1.15654	129.472280832
12.8209559917	1	2720	10766	0.926903	99.8365489145
8.79640603065	1	2730	10801	1.23169	145.513974178
22.1649968624	1	2740	10833	1.29005	57.7487110847
5.34000301361	1	2750	10877	1.18607	239.700239258
30.7284200191	1	2760	10918	1.39561	41.6552494141
45.0040869713	1	2770	10965	1.08166	28.4418613095
48.0378811359	1	2780	11015	1.0863	26.6456381866
23.0546219349	1	2790	11050	1.12417	55.5203205507
31.9106578827	1	2800	11089	2.33677	40.111990317
58.0285401344	1	2810	11127	2.19371	22.0581113541
115.134306908	1	2820	11172	1.93724	11.1174508657
56.9435460567	1	2830	11210	1.18039	22.4784034125
53.6647219658	1	2840	11247	1.70862	23.8517959865
21.7708480358	1	2850	11302	1.12845	58.7942186678
39.4665260315	1	2860	11387	1.36384	32.4325480023
18.8548009396	1	2870	11425	1.25326	67.887218969
12.1454610825	1	2880	11459	1.25384	105.389164834
36.9765968323	1	2890	11495	1.2875	34.6164901493
40.933453083	1	2900	11532	1.06736	31.2702668256
24.1058020592	1	2910	11573	1.33872	53.0992495856
91.3782479763	1	2920	11621	1.03383	14.0077100223
32.5879750252	1	2930	11660	1.10863	39.278292039
13.9561798573	1	2940	11689	1.51949	91.7156423242
9.38832616806	1	2950	11724	1.37191	136.339532424
45.5014150143	1	2960	11764	1.45387	28.1309932801
28.1680548191	1	2970	11800	1.24165	45.4415474629
97.7135691643	1	2980	11839	1.02226	13.0995112649
40.3251039982	1	2990	11876	1.28999	31.7420136116
6.48491287231	1	3000	11905	1.22295	197.38121779
44.482888937	1	3010	11956	1.09439	28.7751094991
38.0805392265	1	3020	11993	0.985668	33.6129694064
14.9538249969	1	3030	12043	1.43319	85.5968289224
11.5909187794	1	3040	12072	0.986911	110.431280243
5.48823904991	1	3050	12104	1.15236	233.225992592
25.8581910133	1	3060	12139	1.38951	49.5007558471
22.9099290371	1	3070	12185	1.31474	55.8709718362
6.06280112267	1	3080	12239	0.99398	211.123534172
30.9922838211	1	3090	12280	1.03828	41.3006026722
13.1577911377	1	3100	12336	1.12079	97.2807659435
7.97196483612	1	3110	12371	1.00499	160.562675114
61.9341189861	1	3120	12406	1.12083	20.6671221122
6.64665198326	1	3130	12439	0.975927	192.578158631
15.3344831467	1	3140	12469	0.922182	83.4720014856
54.0165748596	1	3150	12518	1.61419	23.6964302777
31.0319230556	1	3160	12558	1.41913	41.2478465387
5.15704011917	1	3170	12588	0.980478	248.204390585
8.720058918	1	3180	12630	1.32276	146.78799903
27.8065979481	1	3190	12676	1.029	46.0322403478
33.5397591591	1	3200	12735	1.10435	38.1636610427
19.7278618813	1	3210	12782	0.979914	64.8828549036
38.0152649879	1	3220	12853	1.01468	33.6706846685
16.2597739697	1	3230	12883	1.2477	78.7218815212
35.6680810452	1	3240	12933	1.37062	35.8864273741
62.7932870388	1	3250	12997	1.12253	20.3843445751
5.79020309448	1	3260	13033	0.890936	221.063057567
8.99005889893	1	3270	13075	1.06394	142.379489878
35.5875980854	1	3280	13119	0.991505	35.9675861498
9.07640480995	1	3290	13154	1.18859	141.025001286
23.8853480816	1	3300	13186	1.67326	53.589338352
16.9509761333	1	3310	13221	1.08291	75.5118755363
18.8459949493	1	3320	13266	1.32745	67.9189399891
36.0636649132	1	3330	13298	1.06021	35.4927876321
32.1043031216	1	3340	13333	0.973022	39.8700446838
19.1505408287	1	3350	13362	1.12103	66.8388434274
36.7911391258	1	3360	13403	1.03119	34.7909858301
8.7143239975	1	3370	13440	0.856012	146.884600615
15.093307972	1	3380	13479	1.20883	84.8057962097
15.2294669151	1	3390	13531	1.45353	84.0475905777
67.0403821468	1	3400	13572	0.89891	19.0929699237
6.31185698509	1	3410	13609	1.13264	202.792934476
25.8555819988	1	3420	13642	1.0113	49.5057508301
5.81427884102	1	3430	13678	1.3543	220.147680392
69.0936741829	1	3440	13722	1.23131	18.5255743762
60.8248569965	1	3450	13768	1.04228	21.0440281031
6.65700483322	1	3460	13795	0.840873	192.278664665
45.2732100487	1	3470	13844	0.920238	28.2727908762
5.37640213966	1	3480	13875	1.29818	238.077429245
31.7829477787	1	3490	13902	0.895667	40.2731681439
38.1272001266	1	3500	13970	1.07105	33.5718331204
7.80166292191	1	3510	14001	1.11895	164.067585695
57.9792699814	1	3520	14066	1.07676	22.0768560972
23.0602970123	1	3530	14113	1.17092	55.5066571482
40.7402040958	1	3540	14155	1.27899	31.41859567
39.4390070438	1	3550	14191	0.981886	32.4551781584
11.8787848949	1	3560	14223	0.937903	107.755129108
9.93480396271	1	3570	14257	1.25361	128.839985651
30.2102110386	1	3580	14301	1.31966	42.3697801503
10.7976009846	1	3590	14340	0.953168	118.544851012
57.0886371136	1	3600	14381	1.03612	22.4212744377
80.9308228493	1	3610	14417	1.03328	15.815976595
19.1080331802	1	3620	14442	1.12768	66.9875328312
38.0696699619	1	3630	14486	0.955107	33.6225662392
6.05780887604	1	3640	14518	1.06184	211.297521297
17.9716610909	1	3650	14554	0.919401	71.2232438354
34.783107996	1	3660	14603	1.08333	36.7994717478
84.0471510887	1	3670	14640	1.10671	15.2295465512
32.8650038242	1	3680	14675	1.11051	38.9472037443
5.27325296402	1	3690	14712	1.04732	242.73442005
33.763231039	1	3700	14749	1.18942	37.9110636218
11.0422911644	1	3710	14774	1.06813	115.91797218
16.8239560127	1	3720	14810	1.15646	76.0819868426
34.1651349068	1	3730	14846	1.11156	37.4650942691
37.1896910667	1	3740	14879	0.994543	34.4181401696
33.3362078667	1	3750	14932	1.08795	38.3966888231
11.46529603	1	3760	14985	0.918879	111.641251708
55.931677103	1	3770	15034	1.25056	22.8850638189
12.0884728432	1	3780	15068	1.0234	105.885997066
20.4283061028	1	3790	15099	1.09801	62.65815646
11.7154119015	1	3800	15132	0.942284	109.257788865
6.78724217415	1	3810	15158	0.865572	188.589115749
71.103345871	1	3820	15203	1.07118	18.0019657911
9.95320391655	1	3830	15261	0.991049	128.601806085
68.5992372036	1	3840	15301	0.968393	18.6590996078
41.3187069893	1	3850	15343	1.26151	30.9787041577
5.30648183823	1	3860	15377	1.35329	241.214431524
59.8262121677	1	3870	15421	1.08618	21.3953040585
8.9760389328	1	3880	15471	1.11491	142.601877018
50.0094709396	1	3890	15518	1.252	25.5951517972
45.1612489223	1	3900	15562	1.0648	28.3428831253
16.981826067	1	3910	15592	0.98574	75.3746973354
12.8333909512	1	3920	15628	1.15618	99.7398119384
28.0134401321	1	3930	15678	1.06457	45.6923531691
22.1229350567	1	3940	15709	1.03525	57.8585073237
40.8685159683	1	3950	15746	0.899337	31.3199530169
73.1706058979	1	3960	15794	1.01247	17.4933634113
24.8224980831	1	3970	15849	0.96822	51.5661234302
58.0081830025	1	3980	15888	1.08228	22.0658523289
34.9795558453	1	3990	15925	2.23619	36.5928031123
6.17114114761	1	4000	15965	1.1822	207.417067505
19.0656819344	1	4010	16002	0.947699	67.1363345097
36.9685370922	1	4020	16033	1.18039	34.624037105
5.77692699432	1	4030	16065	0.99309	221.571088099
39.0442168713	1	4040	16101	1.03358	32.7833441818
23.9174849987	1	4050	16142	1.06587	53.5173326154
48.0965261459	1	4060	16195	1.15456	26.6131486527
65.9507148266	1	4070	16232	2.18614	19.4084325449
12.5393650532	1	4080	16265	1.08922	102.078533847
12.2302670479	1	4090	16297	1.14624	104.658385217
15.2608089447	1	4100	16338	1.19498	83.8749770499
52.0057151318	1	4110	16372	1.10019	24.6126795249
29.9653298855	1	4120	16428	1.06545	42.7160323244
63.0415070057	1	4130	16476	1.29997	20.3040831477
100.992483139	1	4140	16521	1.17469	12.6742105968
9.9977388382	1	4150	16551	0.896417	128.028949417
59.9862270355	1	4160	16589	1.61339	21.3382315117
29.0142800808	1	4170	16624	1.15822	44.1162074825
21.2365589142	1	4180	16706	0.882062	60.2734183618
21.7737190723	1	4190	16734	1.0429	58.7864661865
25.0234298706	1	4200	16775	1.47312	51.1520605536
27.9465601444	1	4210	16815	1.09724	45.8017012965
37.9456729889	1	4220	16853	0.842549	33.7324363802
13.1924769878	1	4230	16888	0.961261	97.0249939553
10.8613319397	1	4240	16933	1.10268	117.849266288
7.23683691025	1	4250	16962	1.1114	176.872854242
23.7913720608	1	4260	16999	1.07812	53.8010164664
63.1451990604	1	4270	17037	1.15216	20.2707413872
19.1395099163	1	4280	17106	1.02441	66.8773654915
59.6904351711	1	4290	17151	1.43165	21.4439716569
17.111011982	1	4300	17205	1.02093	74.8056281738
24.9075808525	1	4310	17244	1.39601	51.3899767135
24.1058030128	1	4320	17286	1.19574	53.0992474848
32.828815937	1	4330	17337	1.13168	38.9901360577
32.1301240921	1	4340	17394	0.808008	39.8380036234
17.6842780113	1	4350	17427	0.935489	72.3806761679
36.1028180122	1	4360	17507	0.915289	35.4542961041
28.3303570747	1	4370	17550	1.43831	45.181216623
17.8569018841	1	4380	17583	1.16277	71.6809672982
38.7053439617	1	4390	17628	1.13086	33.0703688169
31.5474309921	1	4400	17662	0.945579	40.5738267664
33.0214800835	1	4410	17697	0.97129	38.76264773
27.9675951004	1	4420	17730	1.13381	45.7672529728
23.8077969551	1	4430	17764	0.904557	53.7638993819
49.9622368813	1	4440	17797	1.27812	25.6193493306
48.8401689529	1	4450	17832	1.13781	26.2079355465
35.1098980904	1	4460	17871	0.927552	36.4569557196
37.4666249752	1	4470	17904	1.0378	34.1637390837
5.28027009964	1	4480	17935	1.00942	242.41184179
19.3199980259	1	4490	17969	0.790207	66.2525947614
14.9238379002	1	4500	18003	0.930952	85.7688222402
21.4988069534	1	4510	18036	0.992559	59.538187527
14.8277981281	1	4520	18099	0.900984	86.3243476165
9.63637185097	1	4530	18148	0.95086	132.830075447
37.0679512024	1	4540	18197	0.951533	34.5311774317
5.21596193314	1	4550	18235	1.1497	245.400563963
23.7526679039	1	4560	18279	1.11014	53.8886833756
43.9377400875	1	4570	18333	1.22197	29.1321309983
17.032378912	1	4580	18364	1.25312	75.1509819395
34.0438489914	1	4590	18392	0.888118	37.5985688435
6.1738319397	1	4600	18429	1.06135	207.326667215
35.8813412189	1	4610	18468	0.911456	35.6731369708
23.7607088089	1	4620	18505	0.983451	53.8704468076
93.0664331913	1	4630	18545	0.967304	13.7536161654
48.1197388172	1	4640	18606	1.2997	26.6003106306
34.9140491486	1	4650	18670	1.0468	36.6614595332
41.0798790455	1	4660	18708	1.13227	31.1588064459
9.93300199509	1	4670	18748	1.27453	128.863358795
6.13790082932	1	4680	18777	1.03683	208.540352084
20.9616761208	1	4690	18812	0.987938	61.0638191634
16.1112828255	1	4700	18854	0.924218	79.4474291008
5.24532604218	1	4710	18883	1.16141	244.026775401
33.5964140892	1	4720	18921	1.10142	38.0993041877
54.6441550255	1	4730	18960	1.20224	23.4242802255
23.3637180328	1	4740	18996	1.02304	54.7858007104
128.017369032	1	4750	19053	1.08489	9.99864322849
54.9965980053	1	4760	19099	0.895307	23.2741668835
17.8051719666	1	4770	19142	1.05695	71.8892242324
48.218806982	1	4780	19181	1.0125	26.5456588438
21.8827600479	1	4790	19237	0.940281	58.4935354223
6.07658791542	1	4800	19269	0.914834	210.644529104
27.0118839741	1	4810	19301	0.876177	47.3865503505
82.9903879166	1	4820	19348	0.975598	15.4234729122
37.9973909855	1	4830	19384	0.948685	33.686523385
17.0407249928	1	4840	19420	1.52919	75.114175045
9.90281200409	1	4850	19459	1.10767	129.256215252
6.79999303818	1	4860	19497	0.930287	188.235486833
8.30987095833	1	4870	19530	1.04882	154.033679514
6.31544303894	1	4880	19558	1.01332	202.677783982
31.6804571152	1	4890	19599	1.55006	40.4034574169
62.9125289917	1	4900	19639	1.26396	20.3457088837
27.1328120232	1	4910	19675	0.884608	47.1753535501
12.8087649345	1	4920	19734	0.821584	99.9315708065
27.4467279911	1	4930	19766	1.03533	46.6357957282
5.7665450573	1	4940	19797	0.937676	221.969998896
35.903703928	1	4950	19836	1.24402	35.650917871
21.4723749161	1	4960	19915	0.937095	59.611477771
4.98981499672	1	4970	19941	1.02687	256.522536575
33.5019061565	1	4980	19968	0.964295	38.2067812506
Training elapsed time: 15626.359082 s
